Microsoft-Windows-Sysmon/Operational,"C:\Windows\system32\cmd.exe /c """"C:\Users\User\AppData\Roaming\Microsoft\Windows\Start Menu\Programs\Startup\batstartup.bat"" """,Microsoft Corporation,WinDev2309Eval,,,C:\Users\User\AppData\Local\Temp\,Windows Command Processor,,1,9491,,10.0.22621.1635 (WinBuild.160101.0800),,"MD5=5A6BE4D2519515241D0C133A26CF62C0,SHA256=423E0E810A69AACEBA0E5670E58AFF898CF0EBFFAB99CCB46EBB3464C3D2FACB,IMPHASH=D73E39DAB3C8B57AA408073D01254964",C:\Windows\System32\cmd.exe,Medium,0x8000000000000000,Information,{fda94052-3502-658d-b367-080000000000},0x867b3,"Process Create:

RuleName: -

UtcTime: 2023-12-28 08:46:21.310

ProcessGuid: {fda94052-35dd-658d-7d02-000000000b00}

ProcessId: 10608

Image: C:\Windows\System32\cmd.exe

FileVersion: 10.0.22621.1635 (WinBuild.160101.0800)

Description: Windows Command Processor

Product: Microsoft® Windows® Operating System

Company: Microsoft Corporation

OriginalFileName: Cmd.Exe

CommandLine: C:\Windows\system32\cmd.exe /c """"C:\Users\User\AppData\Roaming\Microsoft\Windows\Start Menu\Programs\Startup\batstartup.bat"" ""

CurrentDirectory: C:\Users\User\AppData\Local\Temp\

User: WINDEV2309EVAL\User

LogonGuid: {fda94052-3502-658d-b367-080000000000}

LogonId: 0x867B3

TerminalSessionId: 1

IntegrityLevel: Medium

Hashes: MD5=5A6BE4D2519515241D0C133A26CF62C0,SHA256=423E0E810A69AACEBA0E5670E58AFF898CF0EBFFAB99CCB46EBB3464C3D2FACB,IMPHASH=D73E39DAB3C8B57AA408073D01254964

ParentProcessGuid: {fda94052-35d9-658d-7b02-000000000b00}

ParentProcessId: 1264

ParentImage: C:\Windows\System32\WindowsPowerShell\v1.0\powershell.exe

ParentCommandLine: ""powershell.exe"" & {Copy-Item \""""C:\AtomicRedTeam\atomics\T1547.001\src\batstartup.bat\"""" \""""$env:APPDATA\Microsoft\Windows\Start Menu\Programs\Startup\batstartup.bat\""""
Copy-Item \""""C:\AtomicRedTeam\atomics\T1547.001\src\batstartup.bat\"""" \""""C:\ProgramData\Microsoft\Windows\Start Menu\Programs\StartUp\batstartup.bat\""""
Start-Process \""""$env:APPDATA\Microsoft\Windows\Start Menu\Programs\Startup\batstartup.bat\""""
Start-Process \""""C:\ProgramData\Microsoft\Windows\Start Menu\Programs\StartUp\batstartup.bat\""""}

ParentUser: WINDEV2309EVAL\User",Info,Cmd.Exe,"""powershell.exe"" & {Copy-Item \""""C:\AtomicRedTeam\atomics\T1547.001\src\batstartup.bat\"""" \""""$env:APPDATA\Microsoft\Windows\Start Menu\Programs\Startup\batstartup.bat\""""
Copy-Item \""""C:\AtomicRedTeam\atomics\T1547.001\src\batstartup.bat\"""" \""""C:\ProgramData\Microsoft\Windows\Start Menu\Programs\StartUp\batstartup.bat\""""
Start-Process \""""$env:APPDATA\Microsoft\Windows\Start Menu\Programs\Startup\batstartup.bat\""""
Start-Process \""""C:\ProgramData\Microsoft\Windows\Start Menu\Programs\StartUp\batstartup.bat\""""}",C:\Windows\System32\WindowsPowerShell\v1.0\powershell.exe,{fda94052-35d9-658d-7b02-000000000b00},1264,WINDEV2309EVAL\User,{fda94052-35dd-658d-7d02-000000000b00},7044,10608,Microsoft® Windows® Operating System,,,,"
      ",-,2023-12-28T08:46:21.3122688Z,,,Process Create (rule: ProcessCreate),1,6672,WINDEV2309EVAL\User,S-1-5-18,2023-12-28 08:46:21.310,5,"<Event xmlns=""http://schemas.microsoft.com/win/2004/08/events/event"">
    <System>
      <Provider Name=""Microsoft-Windows-Sysmon"" Guid=""{5770385f-c22a-43e0-bf4c-06f5698ffbd9}""/>
      <EventID>1</EventID>
      <Version>5</Version>
      <Level>4</Level>
      <Task>1</Task>
      <Opcode>0</Opcode>
      <Keywords>0x8000000000000000</Keywords>
      <TimeCreated SystemTime=""2023-12-28T08:46:21.3122688Z""/>
      <EventRecordID>9491</EventRecordID>
      <Correlation/>
      <Execution ProcessID=""7044"" ThreadID=""6672""/>
      <Channel>Microsoft-Windows-Sysmon/Operational</Channel>
      <Computer>WinDev2309Eval</Computer>
      <Security UserID=""S-1-5-18""/>
    </System>
    <EventData>
      <Data Name=""RuleName"">-</Data>
      <Data Name=""UtcTime"">2023-12-28 08:46:21.310</Data>
      <Data Name=""ProcessGuid"">{fda94052-35dd-658d-7d02-000000000b00}</Data>
      <Data Name=""ProcessId"">10608</Data>
      <Data Name=""Image"">C:\Windows\System32\cmd.exe</Data>
      <Data Name=""FileVersion"">10.0.22621.1635 (WinBuild.160101.0800)</Data>
      <Data Name=""Description"">Windows Command Processor</Data>
      <Data Name=""Product"">Microsoft&#174; Windows&#174; Operating System</Data>
      <Data Name=""Company"">Microsoft Corporation</Data>
      <Data Name=""OriginalFileName"">Cmd.Exe</Data>
      <Data Name=""CommandLine"">C:\Windows\system32\cmd.exe /c """"C:\Users\User\AppData\Roaming\Microsoft\Windows\Start Menu\Programs\Startup\batstartup.bat"" ""</Data>
      <Data Name=""CurrentDirectory"">C:\Users\User\AppData\Local\Temp\</Data>
      <Data Name=""User"">WINDEV2309EVAL\User</Data>
      <Data Name=""LogonGuid"">{fda94052-3502-658d-b367-080000000000}</Data>
      <Data Name=""LogonId"">0x867b3</Data>
      <Data Name=""TerminalSessionId"">1</Data>
      <Data Name=""IntegrityLevel"">Medium</Data>
      <Data Name=""Hashes"">MD5=5A6BE4D2519515241D0C133A26CF62C0,SHA256=423E0E810A69AACEBA0E5670E58AFF898CF0EBFFAB99CCB46EBB3464C3D2FACB,IMPHASH=D73E39DAB3C8B57AA408073D01254964</Data>
      <Data Name=""ParentProcessGuid"">{fda94052-35d9-658d-7b02-000000000b00}</Data>
      <Data Name=""ParentProcessId"">1264</Data>
      <Data Name=""ParentImage"">C:\Windows\System32\WindowsPowerShell\v1.0\powershell.exe</Data>
      <Data Name=""ParentCommandLine"">""powershell.exe"" &amp; {Copy-Item \""""C:\AtomicRedTeam\atomics\T1547.001\src\batstartup.bat\"""" \""""$env:APPDATA\Microsoft\Windows\Start Menu\Programs\Startup\batstartup.bat\""""
Copy-Item \""""C:\AtomicRedTeam\atomics\T1547.001\src\batstartup.bat\"""" \""""C:\ProgramData\Microsoft\Windows\Start Menu\Programs\StartUp\batstartup.bat\""""
Start-Process \""""$env:APPDATA\Microsoft\Windows\Start Menu\Programs\Startup\batstartup.bat\""""
Start-Process \""""C:\ProgramData\Microsoft\Windows\Start Menu\Programs\StartUp\batstartup.bat\""""}</Data>
      <Data Name=""ParentUser"">WINDEV2309EVAL\User</Data>
    </EventData>
    <RenderingInfo Culture=""en-US"">
      <Message>Process Create:

RuleName: -

UtcTime: 2023-12-28 08:46:21.310

ProcessGuid: {fda94052-35dd-658d-7d02-000000000b00}

ProcessId: 10608

Image: C:\Windows\System32\cmd.exe

FileVersion: 10.0.22621.1635 (WinBuild.160101.0800)

Description: Windows Command Processor

Product: Microsoft&#174; Windows&#174; Operating System

Company: Microsoft Corporation

OriginalFileName: Cmd.Exe

CommandLine: C:\Windows\system32\cmd.exe /c """"C:\Users\User\AppData\Roaming\Microsoft\Windows\Start Menu\Programs\Startup\batstartup.bat"" ""

CurrentDirectory: C:\Users\User\AppData\Local\Temp\

User: WINDEV2309EVAL\User

LogonGuid: {fda94052-3502-658d-b367-080000000000}

LogonId: 0x867B3

TerminalSessionId: 1

IntegrityLevel: Medium

Hashes: MD5=5A6BE4D2519515241D0C133A26CF62C0,SHA256=423E0E810A69AACEBA0E5670E58AFF898CF0EBFFAB99CCB46EBB3464C3D2FACB,IMPHASH=D73E39DAB3C8B57AA408073D01254964

ParentProcessGuid: {fda94052-35d9-658d-7b02-000000000b00}

ParentProcessId: 1264

ParentImage: C:\Windows\System32\WindowsPowerShell\v1.0\powershell.exe

ParentCommandLine: ""powershell.exe"" &amp; {Copy-Item \""""C:\AtomicRedTeam\atomics\T1547.001\src\batstartup.bat\"""" \""""$env:APPDATA\Microsoft\Windows\Start Menu\Programs\Startup\batstartup.bat\""""
Copy-Item \""""C:\AtomicRedTeam\atomics\T1547.001\src\batstartup.bat\"""" \""""C:\ProgramData\Microsoft\Windows\Start Menu\Programs\StartUp\batstartup.bat\""""
Start-Process \""""$env:APPDATA\Microsoft\Windows\Start Menu\Programs\Startup\batstartup.bat\""""
Start-Process \""""C:\ProgramData\Microsoft\Windows\Start Menu\Programs\StartUp\batstartup.bat\""""}

ParentUser: WINDEV2309EVAL\User</Message>
      <Level>Information</Level>
      <Task>Process Create (rule: ProcessCreate)</Task>
      <Opcode>Info</Opcode>
    </RenderingInfo>
  </Event>
  
"
Microsoft-Windows-Sysmon/Operational,,,WinDev2309Eval,,,,,,22,9490,,,,,C:\Windows\system32\svchost.exe,,0x8000000000000000,Information,,,"Dns query:

RuleName: -

UtcTime: 2023-12-27 23:54:22.839

ProcessGuid: {fda94052-34f2-658d-3f00-000000000b00}

ProcessId: 2948

QueryName: wpad

QueryStatus: 1460

QueryResults: -

Image: C:\Windows\system32\svchost.exe

User: NT AUTHORITY\LOCAL SERVICE",Info,,,,,,,{fda94052-34f2-658d-3f00-000000000b00},7044,2948,,wpad,-,1460,"
      ",-,2023-12-28T08:46:19.8920425Z,,,Dns query (rule: DnsQuery),,1124,NT AUTHORITY\LOCAL SERVICE,S-1-5-18,2023-12-27 23:54:22.839,5,"<Event xmlns=""http://schemas.microsoft.com/win/2004/08/events/event"">
    <System>
      <Provider Name=""Microsoft-Windows-Sysmon"" Guid=""{5770385f-c22a-43e0-bf4c-06f5698ffbd9}""/>
      <EventID>22</EventID>
      <Version>5</Version>
      <Level>4</Level>
      <Task>22</Task>
      <Opcode>0</Opcode>
      <Keywords>0x8000000000000000</Keywords>
      <TimeCreated SystemTime=""2023-12-28T08:46:19.8920425Z""/>
      <EventRecordID>9490</EventRecordID>
      <Correlation/>
      <Execution ProcessID=""7044"" ThreadID=""1124""/>
      <Channel>Microsoft-Windows-Sysmon/Operational</Channel>
      <Computer>WinDev2309Eval</Computer>
      <Security UserID=""S-1-5-18""/>
    </System>
    <EventData>
      <Data Name=""RuleName"">-</Data>
      <Data Name=""UtcTime"">2023-12-27 23:54:22.839</Data>
      <Data Name=""ProcessGuid"">{fda94052-34f2-658d-3f00-000000000b00}</Data>
      <Data Name=""ProcessId"">2948</Data>
      <Data Name=""QueryName"">wpad</Data>
      <Data Name=""QueryStatus"">1460</Data>
      <Data Name=""QueryResults"">-</Data>
      <Data Name=""Image"">C:\Windows\system32\svchost.exe</Data>
      <Data Name=""User"">NT AUTHORITY\LOCAL SERVICE</Data>
    </EventData>
    <RenderingInfo Culture=""en-US"">
      <Message>Dns query:

RuleName: -

UtcTime: 2023-12-27 23:54:22.839

ProcessGuid: {fda94052-34f2-658d-3f00-000000000b00}

ProcessId: 2948

QueryName: wpad

QueryStatus: 1460

QueryResults: -

Image: C:\Windows\system32\svchost.exe

User: NT AUTHORITY\LOCAL SERVICE</Message>
      <Level>Information</Level>
      <Task>Dns query (rule: DnsQuery)</Task>
      <Opcode>Info</Opcode>
    </RenderingInfo>
  </Event>
  
"
Microsoft-Windows-Sysmon/Operational,,,WinDev2309Eval,[ZoneTransfer]  ZoneId=3  ReferrerUrl=C:\Users\User\Downloads\atomic-red-team-master.zip  ,2023-12-28 08:46:18.786,,,,15,9489,,,"MD5=6311D6C67641DC1969F318C8686C26F9,SHA256=39BF2BF8873AFF3E842F6F964A5A2E3C7BF2A42C04762229C1515DBE10D892D1,IMPHASH=00000000000000000000000000000000",,C:\Windows\System32\WindowsPowerShell\v1.0\powershell.exe,,0x8000000000000000,Information,,,"File stream created:

RuleName: -

UtcTime: 2023-12-28 08:46:18.786

ProcessGuid: {fda94052-35d9-658d-7b02-000000000b00}

ProcessId: 1264

Image: C:\Windows\System32\WindowsPowerShell\v1.0\powershell.exe

TargetFilename: C:\Users\User\AppData\Roaming\Microsoft\Windows\Start Menu\Programs\Startup\batstartup.bat:Zone.Identifier

CreationUtcTime: 2023-12-28 08:46:18.786

Hash: MD5=6311D6C67641DC1969F318C8686C26F9,SHA256=39BF2BF8873AFF3E842F6F964A5A2E3C7BF2A42C04762229C1515DBE10D892D1,IMPHASH=00000000000000000000000000000000

Contents: [ZoneTransfer]  ZoneId=3  ReferrerUrl=C:\Users\User\Downloads\atomic-red-team-master.zip  

User: WINDEV2309EVAL\User",Info,,,,,,,{fda94052-35d9-658d-7b02-000000000b00},7044,1264,,,,,"
      ",-,2023-12-28T08:46:18.7927782Z,C:\Users\User\AppData\Roaming\Microsoft\Windows\Start Menu\Programs\Startup\batstartup.bat:Zone.Identifier,,File stream created (rule: FileCreateStreamHash),,6672,WINDEV2309EVAL\User,S-1-5-18,2023-12-28 08:46:18.786,2,"<Event xmlns=""http://schemas.microsoft.com/win/2004/08/events/event"">
    <System>
      <Provider Name=""Microsoft-Windows-Sysmon"" Guid=""{5770385f-c22a-43e0-bf4c-06f5698ffbd9}""/>
      <EventID>15</EventID>
      <Version>2</Version>
      <Level>4</Level>
      <Task>15</Task>
      <Opcode>0</Opcode>
      <Keywords>0x8000000000000000</Keywords>
      <TimeCreated SystemTime=""2023-12-28T08:46:18.7927782Z""/>
      <EventRecordID>9489</EventRecordID>
      <Correlation/>
      <Execution ProcessID=""7044"" ThreadID=""6672""/>
      <Channel>Microsoft-Windows-Sysmon/Operational</Channel>
      <Computer>WinDev2309Eval</Computer>
      <Security UserID=""S-1-5-18""/>
    </System>
    <EventData>
      <Data Name=""RuleName"">-</Data>
      <Data Name=""UtcTime"">2023-12-28 08:46:18.786</Data>
      <Data Name=""ProcessGuid"">{fda94052-35d9-658d-7b02-000000000b00}</Data>
      <Data Name=""ProcessId"">1264</Data>
      <Data Name=""Image"">C:\Windows\System32\WindowsPowerShell\v1.0\powershell.exe</Data>
      <Data Name=""TargetFilename"">C:\Users\User\AppData\Roaming\Microsoft\Windows\Start Menu\Programs\Startup\batstartup.bat:Zone.Identifier</Data>
      <Data Name=""CreationUtcTime"">2023-12-28 08:46:18.786</Data>
      <Data Name=""Hash"">MD5=6311D6C67641DC1969F318C8686C26F9,SHA256=39BF2BF8873AFF3E842F6F964A5A2E3C7BF2A42C04762229C1515DBE10D892D1,IMPHASH=00000000000000000000000000000000</Data>
      <Data Name=""Contents"">[ZoneTransfer]  ZoneId=3  ReferrerUrl=C:\Users\User\Downloads\atomic-red-team-master.zip  </Data>
      <Data Name=""User"">WINDEV2309EVAL\User</Data>
    </EventData>
    <RenderingInfo Culture=""en-US"">
      <Message>File stream created:

RuleName: -

UtcTime: 2023-12-28 08:46:18.786

ProcessGuid: {fda94052-35d9-658d-7b02-000000000b00}

ProcessId: 1264

Image: C:\Windows\System32\WindowsPowerShell\v1.0\powershell.exe

TargetFilename: C:\Users\User\AppData\Roaming\Microsoft\Windows\Start Menu\Programs\Startup\batstartup.bat:Zone.Identifier

CreationUtcTime: 2023-12-28 08:46:18.786

Hash: MD5=6311D6C67641DC1969F318C8686C26F9,SHA256=39BF2BF8873AFF3E842F6F964A5A2E3C7BF2A42C04762229C1515DBE10D892D1,IMPHASH=00000000000000000000000000000000

Contents: [ZoneTransfer]  ZoneId=3  ReferrerUrl=C:\Users\User\Downloads\atomic-red-team-master.zip  

User: WINDEV2309EVAL\User</Message>
      <Level>Information</Level>
      <Task>File stream created (rule: FileCreateStreamHash)</Task>
      <Opcode>Info</Opcode>
    </RenderingInfo>
  </Event>
  
"
Microsoft-Windows-Sysmon/Operational,,,WinDev2309Eval,,2023-12-28 08:46:18.786,,,,11,9488,,,,,C:\Windows\System32\WindowsPowerShell\v1.0\powershell.exe,,0x8000000000000000,Information,,,"File created:

RuleName: T1023

UtcTime: 2023-12-28 08:46:18.786

ProcessGuid: {fda94052-35d9-658d-7b02-000000000b00}

ProcessId: 1264

Image: C:\Windows\System32\WindowsPowerShell\v1.0\powershell.exe

TargetFilename: C:\Users\User\AppData\Roaming\Microsoft\Windows\Start Menu\Programs\Startup\batstartup.bat:Zone.Identifier

CreationUtcTime: 2023-12-28 08:46:18.786

User: WINDEV2309EVAL\User",Info,,,,,,,{fda94052-35d9-658d-7b02-000000000b00},7044,1264,,,,,"
      ",T1023,2023-12-28T08:46:18.7921536Z,C:\Users\User\AppData\Roaming\Microsoft\Windows\Start Menu\Programs\Startup\batstartup.bat:Zone.Identifier,,File created (rule: FileCreate),,6672,WINDEV2309EVAL\User,S-1-5-18,2023-12-28 08:46:18.786,2,"<Event xmlns=""http://schemas.microsoft.com/win/2004/08/events/event"">
    <System>
      <Provider Name=""Microsoft-Windows-Sysmon"" Guid=""{5770385f-c22a-43e0-bf4c-06f5698ffbd9}""/>
      <EventID>11</EventID>
      <Version>2</Version>
      <Level>4</Level>
      <Task>11</Task>
      <Opcode>0</Opcode>
      <Keywords>0x8000000000000000</Keywords>
      <TimeCreated SystemTime=""2023-12-28T08:46:18.7921536Z""/>
      <EventRecordID>9488</EventRecordID>
      <Correlation/>
      <Execution ProcessID=""7044"" ThreadID=""6672""/>
      <Channel>Microsoft-Windows-Sysmon/Operational</Channel>
      <Computer>WinDev2309Eval</Computer>
      <Security UserID=""S-1-5-18""/>
    </System>
    <EventData>
      <Data Name=""RuleName"">T1023</Data>
      <Data Name=""UtcTime"">2023-12-28 08:46:18.786</Data>
      <Data Name=""ProcessGuid"">{fda94052-35d9-658d-7b02-000000000b00}</Data>
      <Data Name=""ProcessId"">1264</Data>
      <Data Name=""Image"">C:\Windows\System32\WindowsPowerShell\v1.0\powershell.exe</Data>
      <Data Name=""TargetFilename"">C:\Users\User\AppData\Roaming\Microsoft\Windows\Start Menu\Programs\Startup\batstartup.bat:Zone.Identifier</Data>
      <Data Name=""CreationUtcTime"">2023-12-28 08:46:18.786</Data>
      <Data Name=""User"">WINDEV2309EVAL\User</Data>
    </EventData>
    <RenderingInfo Culture=""en-US"">
      <Message>File created:

RuleName: T1023

UtcTime: 2023-12-28 08:46:18.786

ProcessGuid: {fda94052-35d9-658d-7b02-000000000b00}

ProcessId: 1264

Image: C:\Windows\System32\WindowsPowerShell\v1.0\powershell.exe

TargetFilename: C:\Users\User\AppData\Roaming\Microsoft\Windows\Start Menu\Programs\Startup\batstartup.bat:Zone.Identifier

CreationUtcTime: 2023-12-28 08:46:18.786

User: WINDEV2309EVAL\User</Message>
      <Level>Information</Level>
      <Task>File created (rule: FileCreate)</Task>
      <Opcode>Info</Opcode>
    </RenderingInfo>
  </Event>
  
"
Microsoft-Windows-Sysmon/Operational,,,WinDev2309Eval,"echo "" T1547.001 Hello World Bat"" ",2023-12-28 08:46:18.786,,,,15,9487,,,"MD5=BEA90A411BE634A08E21E4F938ACF38E,SHA256=F7235DE2940ED81A2202170AF9873DDBA606192E5809996360BBF3548855F1CE,IMPHASH=00000000000000000000000000000000",,C:\Windows\System32\WindowsPowerShell\v1.0\powershell.exe,,0x8000000000000000,Information,,,"File stream created:

RuleName: -

UtcTime: 2023-12-28 08:46:18.786

ProcessGuid: {fda94052-35d9-658d-7b02-000000000b00}

ProcessId: 1264

Image: C:\Windows\System32\WindowsPowerShell\v1.0\powershell.exe

TargetFilename: C:\Users\User\AppData\Roaming\Microsoft\Windows\Start Menu\Programs\Startup\batstartup.bat

CreationUtcTime: 2023-12-28 08:46:18.786

Hash: MD5=BEA90A411BE634A08E21E4F938ACF38E,SHA256=F7235DE2940ED81A2202170AF9873DDBA606192E5809996360BBF3548855F1CE,IMPHASH=00000000000000000000000000000000

Contents: echo "" T1547.001 Hello World Bat"" 

User: WINDEV2309EVAL\User",Info,,,,,,,{fda94052-35d9-658d-7b02-000000000b00},7044,1264,,,,,"
      ",-,2023-12-28T08:46:18.7921266Z,C:\Users\User\AppData\Roaming\Microsoft\Windows\Start Menu\Programs\Startup\batstartup.bat,,File stream created (rule: FileCreateStreamHash),,6672,WINDEV2309EVAL\User,S-1-5-18,2023-12-28 08:46:18.786,2,"<Event xmlns=""http://schemas.microsoft.com/win/2004/08/events/event"">
    <System>
      <Provider Name=""Microsoft-Windows-Sysmon"" Guid=""{5770385f-c22a-43e0-bf4c-06f5698ffbd9}""/>
      <EventID>15</EventID>
      <Version>2</Version>
      <Level>4</Level>
      <Task>15</Task>
      <Opcode>0</Opcode>
      <Keywords>0x8000000000000000</Keywords>
      <TimeCreated SystemTime=""2023-12-28T08:46:18.7921266Z""/>
      <EventRecordID>9487</EventRecordID>
      <Correlation/>
      <Execution ProcessID=""7044"" ThreadID=""6672""/>
      <Channel>Microsoft-Windows-Sysmon/Operational</Channel>
      <Computer>WinDev2309Eval</Computer>
      <Security UserID=""S-1-5-18""/>
    </System>
    <EventData>
      <Data Name=""RuleName"">-</Data>
      <Data Name=""UtcTime"">2023-12-28 08:46:18.786</Data>
      <Data Name=""ProcessGuid"">{fda94052-35d9-658d-7b02-000000000b00}</Data>
      <Data Name=""ProcessId"">1264</Data>
      <Data Name=""Image"">C:\Windows\System32\WindowsPowerShell\v1.0\powershell.exe</Data>
      <Data Name=""TargetFilename"">C:\Users\User\AppData\Roaming\Microsoft\Windows\Start Menu\Programs\Startup\batstartup.bat</Data>
      <Data Name=""CreationUtcTime"">2023-12-28 08:46:18.786</Data>
      <Data Name=""Hash"">MD5=BEA90A411BE634A08E21E4F938ACF38E,SHA256=F7235DE2940ED81A2202170AF9873DDBA606192E5809996360BBF3548855F1CE,IMPHASH=00000000000000000000000000000000</Data>
      <Data Name=""Contents"">echo "" T1547.001 Hello World Bat"" </Data>
      <Data Name=""User"">WINDEV2309EVAL\User</Data>
    </EventData>
    <RenderingInfo Culture=""en-US"">
      <Message>File stream created:

RuleName: -

UtcTime: 2023-12-28 08:46:18.786

ProcessGuid: {fda94052-35d9-658d-7b02-000000000b00}

ProcessId: 1264

Image: C:\Windows\System32\WindowsPowerShell\v1.0\powershell.exe

TargetFilename: C:\Users\User\AppData\Roaming\Microsoft\Windows\Start Menu\Programs\Startup\batstartup.bat

CreationUtcTime: 2023-12-28 08:46:18.786

Hash: MD5=BEA90A411BE634A08E21E4F938ACF38E,SHA256=F7235DE2940ED81A2202170AF9873DDBA606192E5809996360BBF3548855F1CE,IMPHASH=00000000000000000000000000000000

Contents: echo "" T1547.001 Hello World Bat"" 

User: WINDEV2309EVAL\User</Message>
      <Level>Information</Level>
      <Task>File stream created (rule: FileCreateStreamHash)</Task>
      <Opcode>Info</Opcode>
    </RenderingInfo>
  </Event>
  
"
Microsoft-Windows-Sysmon/Operational,,,WinDev2309Eval,,2023-12-28 08:46:18.786,,,,11,9486,,,,,C:\Windows\System32\WindowsPowerShell\v1.0\powershell.exe,,0x8000000000000000,Information,,,"File created:

RuleName: T1023

UtcTime: 2023-12-28 08:46:18.786

ProcessGuid: {fda94052-35d9-658d-7b02-000000000b00}

ProcessId: 1264

Image: C:\Windows\System32\WindowsPowerShell\v1.0\powershell.exe

TargetFilename: C:\Users\User\AppData\Roaming\Microsoft\Windows\Start Menu\Programs\Startup\batstartup.bat

CreationUtcTime: 2023-12-28 08:46:18.786

User: WINDEV2309EVAL\User",Info,,,,,,,{fda94052-35d9-658d-7b02-000000000b00},7044,1264,,,,,"
      ",T1023,2023-12-28T08:46:18.7904851Z,C:\Users\User\AppData\Roaming\Microsoft\Windows\Start Menu\Programs\Startup\batstartup.bat,,File created (rule: FileCreate),,6672,WINDEV2309EVAL\User,S-1-5-18,2023-12-28 08:46:18.786,2,"<Event xmlns=""http://schemas.microsoft.com/win/2004/08/events/event"">
    <System>
      <Provider Name=""Microsoft-Windows-Sysmon"" Guid=""{5770385f-c22a-43e0-bf4c-06f5698ffbd9}""/>
      <EventID>11</EventID>
      <Version>2</Version>
      <Level>4</Level>
      <Task>11</Task>
      <Opcode>0</Opcode>
      <Keywords>0x8000000000000000</Keywords>
      <TimeCreated SystemTime=""2023-12-28T08:46:18.7904851Z""/>
      <EventRecordID>9486</EventRecordID>
      <Correlation/>
      <Execution ProcessID=""7044"" ThreadID=""6672""/>
      <Channel>Microsoft-Windows-Sysmon/Operational</Channel>
      <Computer>WinDev2309Eval</Computer>
      <Security UserID=""S-1-5-18""/>
    </System>
    <EventData>
      <Data Name=""RuleName"">T1023</Data>
      <Data Name=""UtcTime"">2023-12-28 08:46:18.786</Data>
      <Data Name=""ProcessGuid"">{fda94052-35d9-658d-7b02-000000000b00}</Data>
      <Data Name=""ProcessId"">1264</Data>
      <Data Name=""Image"">C:\Windows\System32\WindowsPowerShell\v1.0\powershell.exe</Data>
      <Data Name=""TargetFilename"">C:\Users\User\AppData\Roaming\Microsoft\Windows\Start Menu\Programs\Startup\batstartup.bat</Data>
      <Data Name=""CreationUtcTime"">2023-12-28 08:46:18.786</Data>
      <Data Name=""User"">WINDEV2309EVAL\User</Data>
    </EventData>
    <RenderingInfo Culture=""en-US"">
      <Message>File created:

RuleName: T1023

UtcTime: 2023-12-28 08:46:18.786

ProcessGuid: {fda94052-35d9-658d-7b02-000000000b00}

ProcessId: 1264

Image: C:\Windows\System32\WindowsPowerShell\v1.0\powershell.exe

TargetFilename: C:\Users\User\AppData\Roaming\Microsoft\Windows\Start Menu\Programs\Startup\batstartup.bat

CreationUtcTime: 2023-12-28 08:46:18.786

User: WINDEV2309EVAL\User</Message>
      <Level>Information</Level>
      <Task>File created (rule: FileCreate)</Task>
      <Opcode>Info</Opcode>
    </RenderingInfo>
  </Event>
  
"
Microsoft-Windows-Sysmon/Operational,,,WinDev2309Eval,,2023-12-28 08:46:17.458,,,,11,9485,,,,,C:\Windows\System32\WindowsPowerShell\v1.0\powershell.exe,,0x8000000000000000,Information,,,"File created:

RuleName: -

UtcTime: 2023-12-28 08:46:17.458

ProcessGuid: {fda94052-35d9-658d-7b02-000000000b00}

ProcessId: 1264

Image: C:\Windows\System32\WindowsPowerShell\v1.0\powershell.exe

TargetFilename: C:\Users\User\AppData\Local\Temp\__PSScriptPolicyTest_esbqplai.04r.ps1

CreationUtcTime: 2023-12-28 08:46:17.458

User: WINDEV2309EVAL\User",Info,,,,,,,{fda94052-35d9-658d-7b02-000000000b00},7044,1264,,,,,"
      ",-,2023-12-28T08:46:17.4788801Z,C:\Users\User\AppData\Local\Temp\__PSScriptPolicyTest_esbqplai.04r.ps1,,File created (rule: FileCreate),,6672,WINDEV2309EVAL\User,S-1-5-18,2023-12-28 08:46:17.458,2,"<Event xmlns=""http://schemas.microsoft.com/win/2004/08/events/event"">
    <System>
      <Provider Name=""Microsoft-Windows-Sysmon"" Guid=""{5770385f-c22a-43e0-bf4c-06f5698ffbd9}""/>
      <EventID>11</EventID>
      <Version>2</Version>
      <Level>4</Level>
      <Task>11</Task>
      <Opcode>0</Opcode>
      <Keywords>0x8000000000000000</Keywords>
      <TimeCreated SystemTime=""2023-12-28T08:46:17.4788801Z""/>
      <EventRecordID>9485</EventRecordID>
      <Correlation/>
      <Execution ProcessID=""7044"" ThreadID=""6672""/>
      <Channel>Microsoft-Windows-Sysmon/Operational</Channel>
      <Computer>WinDev2309Eval</Computer>
      <Security UserID=""S-1-5-18""/>
    </System>
    <EventData>
      <Data Name=""RuleName"">-</Data>
      <Data Name=""UtcTime"">2023-12-28 08:46:17.458</Data>
      <Data Name=""ProcessGuid"">{fda94052-35d9-658d-7b02-000000000b00}</Data>
      <Data Name=""ProcessId"">1264</Data>
      <Data Name=""Image"">C:\Windows\System32\WindowsPowerShell\v1.0\powershell.exe</Data>
      <Data Name=""TargetFilename"">C:\Users\User\AppData\Local\Temp\__PSScriptPolicyTest_esbqplai.04r.ps1</Data>
      <Data Name=""CreationUtcTime"">2023-12-28 08:46:17.458</Data>
      <Data Name=""User"">WINDEV2309EVAL\User</Data>
    </EventData>
    <RenderingInfo Culture=""en-US"">
      <Message>File created:

RuleName: -

UtcTime: 2023-12-28 08:46:17.458

ProcessGuid: {fda94052-35d9-658d-7b02-000000000b00}

ProcessId: 1264

Image: C:\Windows\System32\WindowsPowerShell\v1.0\powershell.exe

TargetFilename: C:\Users\User\AppData\Local\Temp\__PSScriptPolicyTest_esbqplai.04r.ps1

CreationUtcTime: 2023-12-28 08:46:17.458

User: WINDEV2309EVAL\User</Message>
      <Level>Information</Level>
      <Task>File created (rule: FileCreate)</Task>
      <Opcode>Info</Opcode>
    </RenderingInfo>
  </Event>
  
"
Microsoft-Windows-Sysmon/Operational,"""powershell.exe"" & {Copy-Item \""""C:\AtomicRedTeam\atomics\T1547.001\src\batstartup.bat\"""" \""""$env:APPDATA\Microsoft\Windows\Start Menu\Programs\Startup\batstartup.bat\""""
Copy-Item \""""C:\AtomicRedTeam\atomics\T1547.001\src\batstartup.bat\"""" \""""C:\ProgramData\Microsoft\Windows\Start Menu\Programs\StartUp\batstartup.bat\""""
Start-Process \""""$env:APPDATA\Microsoft\Windows\Start Menu\Programs\Startup\batstartup.bat\""""
Start-Process \""""C:\ProgramData\Microsoft\Windows\Start Menu\Programs\StartUp\batstartup.bat\""""}",Microsoft Corporation,WinDev2309Eval,,,C:\Users\User\AppData\Local\Temp\,Windows PowerShell,,1,9484,,10.0.22621.2215 (WinBuild.160101.0800),,"MD5=824B9F337E68DD8C117595071AC11E23,SHA256=17083405E7DECB3DDEF837C2FA599293A4E8133736969DFD5CE92EF15608A587,IMPHASH=51B0FFFA02CA6C1B85189E2E6C139F36",C:\Windows\System32\WindowsPowerShell\v1.0\powershell.exe,Medium,0x8000000000000000,Information,{fda94052-3502-658d-b367-080000000000},0x867b3,"Process Create:

RuleName: -

UtcTime: 2023-12-28 08:46:17.315

ProcessGuid: {fda94052-35d9-658d-7b02-000000000b00}

ProcessId: 1264

Image: C:\Windows\System32\WindowsPowerShell\v1.0\powershell.exe

FileVersion: 10.0.22621.2215 (WinBuild.160101.0800)

Description: Windows PowerShell

Product: Microsoft® Windows® Operating System

Company: Microsoft Corporation

OriginalFileName: PowerShell.EXE

CommandLine: ""powershell.exe"" & {Copy-Item \""""C:\AtomicRedTeam\atomics\T1547.001\src\batstartup.bat\"""" \""""$env:APPDATA\Microsoft\Windows\Start Menu\Programs\Startup\batstartup.bat\""""
Copy-Item \""""C:\AtomicRedTeam\atomics\T1547.001\src\batstartup.bat\"""" \""""C:\ProgramData\Microsoft\Windows\Start Menu\Programs\StartUp\batstartup.bat\""""
Start-Process \""""$env:APPDATA\Microsoft\Windows\Start Menu\Programs\Startup\batstartup.bat\""""
Start-Process \""""C:\ProgramData\Microsoft\Windows\Start Menu\Programs\StartUp\batstartup.bat\""""}

CurrentDirectory: C:\Users\User\AppData\Local\Temp\

User: WINDEV2309EVAL\User

LogonGuid: {fda94052-3502-658d-b367-080000000000}

LogonId: 0x867B3

TerminalSessionId: 1

IntegrityLevel: Medium

Hashes: MD5=824B9F337E68DD8C117595071AC11E23,SHA256=17083405E7DECB3DDEF837C2FA599293A4E8133736969DFD5CE92EF15608A587,IMPHASH=51B0FFFA02CA6C1B85189E2E6C139F36

ParentProcessGuid: {fda94052-b87a-658c-2702-000000000b00}

ParentProcessId: 5076

ParentImage: C:\Windows\System32\WindowsPowerShell\v1.0\powershell.exe

ParentCommandLine: ""C:\Windows\System32\WindowsPowerShell\v1.0\powershell.exe"" -exec bypass

ParentUser: WINDEV2309EVAL\User",Info,PowerShell.EXE,"""C:\Windows\System32\WindowsPowerShell\v1.0\powershell.exe"" -exec bypass",C:\Windows\System32\WindowsPowerShell\v1.0\powershell.exe,{fda94052-b87a-658c-2702-000000000b00},5076,WINDEV2309EVAL\User,{fda94052-35d9-658d-7b02-000000000b00},7044,1264,Microsoft® Windows® Operating System,,,,"
      ",-,2023-12-28T08:46:17.3161826Z,,,Process Create (rule: ProcessCreate),1,6672,WINDEV2309EVAL\User,S-1-5-18,2023-12-28 08:46:17.315,5,"<Event xmlns=""http://schemas.microsoft.com/win/2004/08/events/event"">
    <System>
      <Provider Name=""Microsoft-Windows-Sysmon"" Guid=""{5770385f-c22a-43e0-bf4c-06f5698ffbd9}""/>
      <EventID>1</EventID>
      <Version>5</Version>
      <Level>4</Level>
      <Task>1</Task>
      <Opcode>0</Opcode>
      <Keywords>0x8000000000000000</Keywords>
      <TimeCreated SystemTime=""2023-12-28T08:46:17.3161826Z""/>
      <EventRecordID>9484</EventRecordID>
      <Correlation/>
      <Execution ProcessID=""7044"" ThreadID=""6672""/>
      <Channel>Microsoft-Windows-Sysmon/Operational</Channel>
      <Computer>WinDev2309Eval</Computer>
      <Security UserID=""S-1-5-18""/>
    </System>
    <EventData>
      <Data Name=""RuleName"">-</Data>
      <Data Name=""UtcTime"">2023-12-28 08:46:17.315</Data>
      <Data Name=""ProcessGuid"">{fda94052-35d9-658d-7b02-000000000b00}</Data>
      <Data Name=""ProcessId"">1264</Data>
      <Data Name=""Image"">C:\Windows\System32\WindowsPowerShell\v1.0\powershell.exe</Data>
      <Data Name=""FileVersion"">10.0.22621.2215 (WinBuild.160101.0800)</Data>
      <Data Name=""Description"">Windows PowerShell</Data>
      <Data Name=""Product"">Microsoft&#174; Windows&#174; Operating System</Data>
      <Data Name=""Company"">Microsoft Corporation</Data>
      <Data Name=""OriginalFileName"">PowerShell.EXE</Data>
      <Data Name=""CommandLine"">""powershell.exe"" &amp; {Copy-Item \""""C:\AtomicRedTeam\atomics\T1547.001\src\batstartup.bat\"""" \""""$env:APPDATA\Microsoft\Windows\Start Menu\Programs\Startup\batstartup.bat\""""
Copy-Item \""""C:\AtomicRedTeam\atomics\T1547.001\src\batstartup.bat\"""" \""""C:\ProgramData\Microsoft\Windows\Start Menu\Programs\StartUp\batstartup.bat\""""
Start-Process \""""$env:APPDATA\Microsoft\Windows\Start Menu\Programs\Startup\batstartup.bat\""""
Start-Process \""""C:\ProgramData\Microsoft\Windows\Start Menu\Programs\StartUp\batstartup.bat\""""}</Data>
      <Data Name=""CurrentDirectory"">C:\Users\User\AppData\Local\Temp\</Data>
      <Data Name=""User"">WINDEV2309EVAL\User</Data>
      <Data Name=""LogonGuid"">{fda94052-3502-658d-b367-080000000000}</Data>
      <Data Name=""LogonId"">0x867b3</Data>
      <Data Name=""TerminalSessionId"">1</Data>
      <Data Name=""IntegrityLevel"">Medium</Data>
      <Data Name=""Hashes"">MD5=824B9F337E68DD8C117595071AC11E23,SHA256=17083405E7DECB3DDEF837C2FA599293A4E8133736969DFD5CE92EF15608A587,IMPHASH=51B0FFFA02CA6C1B85189E2E6C139F36</Data>
      <Data Name=""ParentProcessGuid"">{fda94052-b87a-658c-2702-000000000b00}</Data>
      <Data Name=""ParentProcessId"">5076</Data>
      <Data Name=""ParentImage"">C:\Windows\System32\WindowsPowerShell\v1.0\powershell.exe</Data>
      <Data Name=""ParentCommandLine"">""C:\Windows\System32\WindowsPowerShell\v1.0\powershell.exe"" -exec bypass</Data>
      <Data Name=""ParentUser"">WINDEV2309EVAL\User</Data>
    </EventData>
    <RenderingInfo Culture=""en-US"">
      <Message>Process Create:

RuleName: -

UtcTime: 2023-12-28 08:46:17.315

ProcessGuid: {fda94052-35d9-658d-7b02-000000000b00}

ProcessId: 1264

Image: C:\Windows\System32\WindowsPowerShell\v1.0\powershell.exe

FileVersion: 10.0.22621.2215 (WinBuild.160101.0800)

Description: Windows PowerShell

Product: Microsoft&#174; Windows&#174; Operating System

Company: Microsoft Corporation

OriginalFileName: PowerShell.EXE

CommandLine: ""powershell.exe"" &amp; {Copy-Item \""""C:\AtomicRedTeam\atomics\T1547.001\src\batstartup.bat\"""" \""""$env:APPDATA\Microsoft\Windows\Start Menu\Programs\Startup\batstartup.bat\""""
Copy-Item \""""C:\AtomicRedTeam\atomics\T1547.001\src\batstartup.bat\"""" \""""C:\ProgramData\Microsoft\Windows\Start Menu\Programs\StartUp\batstartup.bat\""""
Start-Process \""""$env:APPDATA\Microsoft\Windows\Start Menu\Programs\Startup\batstartup.bat\""""
Start-Process \""""C:\ProgramData\Microsoft\Windows\Start Menu\Programs\StartUp\batstartup.bat\""""}

CurrentDirectory: C:\Users\User\AppData\Local\Temp\

User: WINDEV2309EVAL\User

LogonGuid: {fda94052-3502-658d-b367-080000000000}

LogonId: 0x867B3

TerminalSessionId: 1

IntegrityLevel: Medium

Hashes: MD5=824B9F337E68DD8C117595071AC11E23,SHA256=17083405E7DECB3DDEF837C2FA599293A4E8133736969DFD5CE92EF15608A587,IMPHASH=51B0FFFA02CA6C1B85189E2E6C139F36

ParentProcessGuid: {fda94052-b87a-658c-2702-000000000b00}

ParentProcessId: 5076

ParentImage: C:\Windows\System32\WindowsPowerShell\v1.0\powershell.exe

ParentCommandLine: ""C:\Windows\System32\WindowsPowerShell\v1.0\powershell.exe"" -exec bypass

ParentUser: WINDEV2309EVAL\User</Message>
      <Level>Information</Level>
      <Task>Process Create (rule: ProcessCreate)</Task>
      <Opcode>Info</Opcode>
    </RenderingInfo>
  </Event>
  
"
Microsoft-Windows-Sysmon/Operational,"""C:\Windows\system32\cscript.exe"" /E:Jscript ""C:\ProgramData\Microsoft\Windows\Start Menu\Programs\StartUp\jsestartup.jse""",Microsoft Corporation,WinDev2309Eval,,,C:\Users\User\AppData\Local\Temp\,Microsoft ® Console Based Script Host,,1,9483,,5.812.10240.16384,,"MD5=E4DC5A2C67286C4D8C1BA01A8E59A321,SHA256=6D607A3F1BAA41B962D011447117215D005DA42332C19C3D0FC613BDE95E3125,IMPHASH=7DC84811DD92FBC4E2491CDB05130DC3",C:\Windows\System32\cscript.exe,Medium,0x8000000000000000,Information,{fda94052-3502-658d-b367-080000000000},0x867b3,"Process Create:

RuleName: -

UtcTime: 2023-12-28 08:46:17.099

ProcessGuid: {fda94052-35d9-658d-7a02-000000000b00}

ProcessId: 208

Image: C:\Windows\System32\cscript.exe

FileVersion: 5.812.10240.16384

Description: Microsoft ® Console Based Script Host

Product: Microsoft ® Windows Script Host

Company: Microsoft Corporation

OriginalFileName: cscript.exe

CommandLine: ""C:\Windows\system32\cscript.exe"" /E:Jscript ""C:\ProgramData\Microsoft\Windows\Start Menu\Programs\StartUp\jsestartup.jse""

CurrentDirectory: C:\Users\User\AppData\Local\Temp\

User: WINDEV2309EVAL\User

LogonGuid: {fda94052-3502-658d-b367-080000000000}

LogonId: 0x867B3

TerminalSessionId: 1

IntegrityLevel: Medium

Hashes: MD5=E4DC5A2C67286C4D8C1BA01A8E59A321,SHA256=6D607A3F1BAA41B962D011447117215D005DA42332C19C3D0FC613BDE95E3125,IMPHASH=7DC84811DD92FBC4E2491CDB05130DC3

ParentProcessGuid: {fda94052-35d7-658d-7602-000000000b00}

ParentProcessId: 8364

ParentImage: C:\Windows\System32\WindowsPowerShell\v1.0\powershell.exe

ParentCommandLine: ""powershell.exe"" & {Copy-Item \""""C:\AtomicRedTeam\atomics\T1547.001\src\jsestartup.jse\"""" \""""$env:APPDATA\Microsoft\Windows\Start Menu\Programs\Startup\jsestartup.jse\""""
Copy-Item \""""C:\AtomicRedTeam\atomics\T1547.001\src\jsestartup.jse\"""" \""""C:\ProgramData\Microsoft\Windows\Start Menu\Programs\StartUp\jsestartup.jse\""""
cscript.exe /E:Jscript \""""$env:APPDATA\Microsoft\Windows\Start Menu\Programs\Startup\jsestartup.jse\""""
cscript.exe /E:Jscript \""""C:\ProgramData\Microsoft\Windows\Start Menu\Programs\StartUp\jsestartup.jse\""""}

ParentUser: WINDEV2309EVAL\User",Info,cscript.exe,"""powershell.exe"" & {Copy-Item \""""C:\AtomicRedTeam\atomics\T1547.001\src\jsestartup.jse\"""" \""""$env:APPDATA\Microsoft\Windows\Start Menu\Programs\Startup\jsestartup.jse\""""
Copy-Item \""""C:\AtomicRedTeam\atomics\T1547.001\src\jsestartup.jse\"""" \""""C:\ProgramData\Microsoft\Windows\Start Menu\Programs\StartUp\jsestartup.jse\""""
cscript.exe /E:Jscript \""""$env:APPDATA\Microsoft\Windows\Start Menu\Programs\Startup\jsestartup.jse\""""
cscript.exe /E:Jscript \""""C:\ProgramData\Microsoft\Windows\Start Menu\Programs\StartUp\jsestartup.jse\""""}",C:\Windows\System32\WindowsPowerShell\v1.0\powershell.exe,{fda94052-35d7-658d-7602-000000000b00},8364,WINDEV2309EVAL\User,{fda94052-35d9-658d-7a02-000000000b00},7044,208,Microsoft ® Windows Script Host,,,,"
      ",-,2023-12-28T08:46:17.1009139Z,,,Process Create (rule: ProcessCreate),1,6672,WINDEV2309EVAL\User,S-1-5-18,2023-12-28 08:46:17.099,5,"<Event xmlns=""http://schemas.microsoft.com/win/2004/08/events/event"">
    <System>
      <Provider Name=""Microsoft-Windows-Sysmon"" Guid=""{5770385f-c22a-43e0-bf4c-06f5698ffbd9}""/>
      <EventID>1</EventID>
      <Version>5</Version>
      <Level>4</Level>
      <Task>1</Task>
      <Opcode>0</Opcode>
      <Keywords>0x8000000000000000</Keywords>
      <TimeCreated SystemTime=""2023-12-28T08:46:17.1009139Z""/>
      <EventRecordID>9483</EventRecordID>
      <Correlation/>
      <Execution ProcessID=""7044"" ThreadID=""6672""/>
      <Channel>Microsoft-Windows-Sysmon/Operational</Channel>
      <Computer>WinDev2309Eval</Computer>
      <Security UserID=""S-1-5-18""/>
    </System>
    <EventData>
      <Data Name=""RuleName"">-</Data>
      <Data Name=""UtcTime"">2023-12-28 08:46:17.099</Data>
      <Data Name=""ProcessGuid"">{fda94052-35d9-658d-7a02-000000000b00}</Data>
      <Data Name=""ProcessId"">208</Data>
      <Data Name=""Image"">C:\Windows\System32\cscript.exe</Data>
      <Data Name=""FileVersion"">5.812.10240.16384</Data>
      <Data Name=""Description"">Microsoft &#174; Console Based Script Host</Data>
      <Data Name=""Product"">Microsoft &#174; Windows Script Host</Data>
      <Data Name=""Company"">Microsoft Corporation</Data>
      <Data Name=""OriginalFileName"">cscript.exe</Data>
      <Data Name=""CommandLine"">""C:\Windows\system32\cscript.exe"" /E:Jscript ""C:\ProgramData\Microsoft\Windows\Start Menu\Programs\StartUp\jsestartup.jse""</Data>
      <Data Name=""CurrentDirectory"">C:\Users\User\AppData\Local\Temp\</Data>
      <Data Name=""User"">WINDEV2309EVAL\User</Data>
      <Data Name=""LogonGuid"">{fda94052-3502-658d-b367-080000000000}</Data>
      <Data Name=""LogonId"">0x867b3</Data>
      <Data Name=""TerminalSessionId"">1</Data>
      <Data Name=""IntegrityLevel"">Medium</Data>
      <Data Name=""Hashes"">MD5=E4DC5A2C67286C4D8C1BA01A8E59A321,SHA256=6D607A3F1BAA41B962D011447117215D005DA42332C19C3D0FC613BDE95E3125,IMPHASH=7DC84811DD92FBC4E2491CDB05130DC3</Data>
      <Data Name=""ParentProcessGuid"">{fda94052-35d7-658d-7602-000000000b00}</Data>
      <Data Name=""ParentProcessId"">8364</Data>
      <Data Name=""ParentImage"">C:\Windows\System32\WindowsPowerShell\v1.0\powershell.exe</Data>
      <Data Name=""ParentCommandLine"">""powershell.exe"" &amp; {Copy-Item \""""C:\AtomicRedTeam\atomics\T1547.001\src\jsestartup.jse\"""" \""""$env:APPDATA\Microsoft\Windows\Start Menu\Programs\Startup\jsestartup.jse\""""
Copy-Item \""""C:\AtomicRedTeam\atomics\T1547.001\src\jsestartup.jse\"""" \""""C:\ProgramData\Microsoft\Windows\Start Menu\Programs\StartUp\jsestartup.jse\""""
cscript.exe /E:Jscript \""""$env:APPDATA\Microsoft\Windows\Start Menu\Programs\Startup\jsestartup.jse\""""
cscript.exe /E:Jscript \""""C:\ProgramData\Microsoft\Windows\Start Menu\Programs\StartUp\jsestartup.jse\""""}</Data>
      <Data Name=""ParentUser"">WINDEV2309EVAL\User</Data>
    </EventData>
    <RenderingInfo Culture=""en-US"">
      <Message>Process Create:

RuleName: -

UtcTime: 2023-12-28 08:46:17.099

ProcessGuid: {fda94052-35d9-658d-7a02-000000000b00}

ProcessId: 208

Image: C:\Windows\System32\cscript.exe

FileVersion: 5.812.10240.16384

Description: Microsoft &#174; Console Based Script Host

Product: Microsoft &#174; Windows Script Host

Company: Microsoft Corporation

OriginalFileName: cscript.exe

CommandLine: ""C:\Windows\system32\cscript.exe"" /E:Jscript ""C:\ProgramData\Microsoft\Windows\Start Menu\Programs\StartUp\jsestartup.jse""

CurrentDirectory: C:\Users\User\AppData\Local\Temp\

User: WINDEV2309EVAL\User

LogonGuid: {fda94052-3502-658d-b367-080000000000}

LogonId: 0x867B3

TerminalSessionId: 1

IntegrityLevel: Medium

Hashes: MD5=E4DC5A2C67286C4D8C1BA01A8E59A321,SHA256=6D607A3F1BAA41B962D011447117215D005DA42332C19C3D0FC613BDE95E3125,IMPHASH=7DC84811DD92FBC4E2491CDB05130DC3

ParentProcessGuid: {fda94052-35d7-658d-7602-000000000b00}

ParentProcessId: 8364

ParentImage: C:\Windows\System32\WindowsPowerShell\v1.0\powershell.exe

ParentCommandLine: ""powershell.exe"" &amp; {Copy-Item \""""C:\AtomicRedTeam\atomics\T1547.001\src\jsestartup.jse\"""" \""""$env:APPDATA\Microsoft\Windows\Start Menu\Programs\Startup\jsestartup.jse\""""
Copy-Item \""""C:\AtomicRedTeam\atomics\T1547.001\src\jsestartup.jse\"""" \""""C:\ProgramData\Microsoft\Windows\Start Menu\Programs\StartUp\jsestartup.jse\""""
cscript.exe /E:Jscript \""""$env:APPDATA\Microsoft\Windows\Start Menu\Programs\Startup\jsestartup.jse\""""
cscript.exe /E:Jscript \""""C:\ProgramData\Microsoft\Windows\Start Menu\Programs\StartUp\jsestartup.jse\""""}

ParentUser: WINDEV2309EVAL\User</Message>
      <Level>Information</Level>
      <Task>Process Create (rule: ProcessCreate)</Task>
      <Opcode>Info</Opcode>
    </RenderingInfo>
  </Event>
  
"
Microsoft-Windows-Sysmon/Operational,"""C:\Windows\system32\cscript.exe"" /E:Jscript ""C:\Users\User\AppData\Roaming\Microsoft\Windows\Start Menu\Programs\Startup\jsestartup.jse""",Microsoft Corporation,WinDev2309Eval,,,C:\Users\User\AppData\Local\Temp\,Microsoft ® Console Based Script Host,,1,9482,,5.812.10240.16384,,"MD5=E4DC5A2C67286C4D8C1BA01A8E59A321,SHA256=6D607A3F1BAA41B962D011447117215D005DA42332C19C3D0FC613BDE95E3125,IMPHASH=7DC84811DD92FBC4E2491CDB05130DC3",C:\Windows\System32\cscript.exe,Medium,0x8000000000000000,Information,{fda94052-3502-658d-b367-080000000000},0x867b3,"Process Create:

RuleName: -

UtcTime: 2023-12-28 08:46:17.056

ProcessGuid: {fda94052-35d9-658d-7902-000000000b00}

ProcessId: 6680

Image: C:\Windows\System32\cscript.exe

FileVersion: 5.812.10240.16384

Description: Microsoft ® Console Based Script Host

Product: Microsoft ® Windows Script Host

Company: Microsoft Corporation

OriginalFileName: cscript.exe

CommandLine: ""C:\Windows\system32\cscript.exe"" /E:Jscript ""C:\Users\User\AppData\Roaming\Microsoft\Windows\Start Menu\Programs\Startup\jsestartup.jse""

CurrentDirectory: C:\Users\User\AppData\Local\Temp\

User: WINDEV2309EVAL\User

LogonGuid: {fda94052-3502-658d-b367-080000000000}

LogonId: 0x867B3

TerminalSessionId: 1

IntegrityLevel: Medium

Hashes: MD5=E4DC5A2C67286C4D8C1BA01A8E59A321,SHA256=6D607A3F1BAA41B962D011447117215D005DA42332C19C3D0FC613BDE95E3125,IMPHASH=7DC84811DD92FBC4E2491CDB05130DC3

ParentProcessGuid: {fda94052-35d7-658d-7602-000000000b00}

ParentProcessId: 8364

ParentImage: C:\Windows\System32\WindowsPowerShell\v1.0\powershell.exe

ParentCommandLine: ""powershell.exe"" & {Copy-Item \""""C:\AtomicRedTeam\atomics\T1547.001\src\jsestartup.jse\"""" \""""$env:APPDATA\Microsoft\Windows\Start Menu\Programs\Startup\jsestartup.jse\""""
Copy-Item \""""C:\AtomicRedTeam\atomics\T1547.001\src\jsestartup.jse\"""" \""""C:\ProgramData\Microsoft\Windows\Start Menu\Programs\StartUp\jsestartup.jse\""""
cscript.exe /E:Jscript \""""$env:APPDATA\Microsoft\Windows\Start Menu\Programs\Startup\jsestartup.jse\""""
cscript.exe /E:Jscript \""""C:\ProgramData\Microsoft\Windows\Start Menu\Programs\StartUp\jsestartup.jse\""""}

ParentUser: WINDEV2309EVAL\User",Info,cscript.exe,"""powershell.exe"" & {Copy-Item \""""C:\AtomicRedTeam\atomics\T1547.001\src\jsestartup.jse\"""" \""""$env:APPDATA\Microsoft\Windows\Start Menu\Programs\Startup\jsestartup.jse\""""
Copy-Item \""""C:\AtomicRedTeam\atomics\T1547.001\src\jsestartup.jse\"""" \""""C:\ProgramData\Microsoft\Windows\Start Menu\Programs\StartUp\jsestartup.jse\""""
cscript.exe /E:Jscript \""""$env:APPDATA\Microsoft\Windows\Start Menu\Programs\Startup\jsestartup.jse\""""
cscript.exe /E:Jscript \""""C:\ProgramData\Microsoft\Windows\Start Menu\Programs\StartUp\jsestartup.jse\""""}",C:\Windows\System32\WindowsPowerShell\v1.0\powershell.exe,{fda94052-35d7-658d-7602-000000000b00},8364,WINDEV2309EVAL\User,{fda94052-35d9-658d-7902-000000000b00},7044,6680,Microsoft ® Windows Script Host,,,,"
      ",-,2023-12-28T08:46:17.0587798Z,,,Process Create (rule: ProcessCreate),1,6672,WINDEV2309EVAL\User,S-1-5-18,2023-12-28 08:46:17.056,5,"<Event xmlns=""http://schemas.microsoft.com/win/2004/08/events/event"">
    <System>
      <Provider Name=""Microsoft-Windows-Sysmon"" Guid=""{5770385f-c22a-43e0-bf4c-06f5698ffbd9}""/>
      <EventID>1</EventID>
      <Version>5</Version>
      <Level>4</Level>
      <Task>1</Task>
      <Opcode>0</Opcode>
      <Keywords>0x8000000000000000</Keywords>
      <TimeCreated SystemTime=""2023-12-28T08:46:17.0587798Z""/>
      <EventRecordID>9482</EventRecordID>
      <Correlation/>
      <Execution ProcessID=""7044"" ThreadID=""6672""/>
      <Channel>Microsoft-Windows-Sysmon/Operational</Channel>
      <Computer>WinDev2309Eval</Computer>
      <Security UserID=""S-1-5-18""/>
    </System>
    <EventData>
      <Data Name=""RuleName"">-</Data>
      <Data Name=""UtcTime"">2023-12-28 08:46:17.056</Data>
      <Data Name=""ProcessGuid"">{fda94052-35d9-658d-7902-000000000b00}</Data>
      <Data Name=""ProcessId"">6680</Data>
      <Data Name=""Image"">C:\Windows\System32\cscript.exe</Data>
      <Data Name=""FileVersion"">5.812.10240.16384</Data>
      <Data Name=""Description"">Microsoft &#174; Console Based Script Host</Data>
      <Data Name=""Product"">Microsoft &#174; Windows Script Host</Data>
      <Data Name=""Company"">Microsoft Corporation</Data>
      <Data Name=""OriginalFileName"">cscript.exe</Data>
      <Data Name=""CommandLine"">""C:\Windows\system32\cscript.exe"" /E:Jscript ""C:\Users\User\AppData\Roaming\Microsoft\Windows\Start Menu\Programs\Startup\jsestartup.jse""</Data>
      <Data Name=""CurrentDirectory"">C:\Users\User\AppData\Local\Temp\</Data>
      <Data Name=""User"">WINDEV2309EVAL\User</Data>
      <Data Name=""LogonGuid"">{fda94052-3502-658d-b367-080000000000}</Data>
      <Data Name=""LogonId"">0x867b3</Data>
      <Data Name=""TerminalSessionId"">1</Data>
      <Data Name=""IntegrityLevel"">Medium</Data>
      <Data Name=""Hashes"">MD5=E4DC5A2C67286C4D8C1BA01A8E59A321,SHA256=6D607A3F1BAA41B962D011447117215D005DA42332C19C3D0FC613BDE95E3125,IMPHASH=7DC84811DD92FBC4E2491CDB05130DC3</Data>
      <Data Name=""ParentProcessGuid"">{fda94052-35d7-658d-7602-000000000b00}</Data>
      <Data Name=""ParentProcessId"">8364</Data>
      <Data Name=""ParentImage"">C:\Windows\System32\WindowsPowerShell\v1.0\powershell.exe</Data>
      <Data Name=""ParentCommandLine"">""powershell.exe"" &amp; {Copy-Item \""""C:\AtomicRedTeam\atomics\T1547.001\src\jsestartup.jse\"""" \""""$env:APPDATA\Microsoft\Windows\Start Menu\Programs\Startup\jsestartup.jse\""""
Copy-Item \""""C:\AtomicRedTeam\atomics\T1547.001\src\jsestartup.jse\"""" \""""C:\ProgramData\Microsoft\Windows\Start Menu\Programs\StartUp\jsestartup.jse\""""
cscript.exe /E:Jscript \""""$env:APPDATA\Microsoft\Windows\Start Menu\Programs\Startup\jsestartup.jse\""""
cscript.exe /E:Jscript \""""C:\ProgramData\Microsoft\Windows\Start Menu\Programs\StartUp\jsestartup.jse\""""}</Data>
      <Data Name=""ParentUser"">WINDEV2309EVAL\User</Data>
    </EventData>
    <RenderingInfo Culture=""en-US"">
      <Message>Process Create:

RuleName: -

UtcTime: 2023-12-28 08:46:17.056

ProcessGuid: {fda94052-35d9-658d-7902-000000000b00}

ProcessId: 6680

Image: C:\Windows\System32\cscript.exe

FileVersion: 5.812.10240.16384

Description: Microsoft &#174; Console Based Script Host

Product: Microsoft &#174; Windows Script Host

Company: Microsoft Corporation

OriginalFileName: cscript.exe

CommandLine: ""C:\Windows\system32\cscript.exe"" /E:Jscript ""C:\Users\User\AppData\Roaming\Microsoft\Windows\Start Menu\Programs\Startup\jsestartup.jse""

CurrentDirectory: C:\Users\User\AppData\Local\Temp\

User: WINDEV2309EVAL\User

LogonGuid: {fda94052-3502-658d-b367-080000000000}

LogonId: 0x867B3

TerminalSessionId: 1

IntegrityLevel: Medium

Hashes: MD5=E4DC5A2C67286C4D8C1BA01A8E59A321,SHA256=6D607A3F1BAA41B962D011447117215D005DA42332C19C3D0FC613BDE95E3125,IMPHASH=7DC84811DD92FBC4E2491CDB05130DC3

ParentProcessGuid: {fda94052-35d7-658d-7602-000000000b00}

ParentProcessId: 8364

ParentImage: C:\Windows\System32\WindowsPowerShell\v1.0\powershell.exe

ParentCommandLine: ""powershell.exe"" &amp; {Copy-Item \""""C:\AtomicRedTeam\atomics\T1547.001\src\jsestartup.jse\"""" \""""$env:APPDATA\Microsoft\Windows\Start Menu\Programs\Startup\jsestartup.jse\""""
Copy-Item \""""C:\AtomicRedTeam\atomics\T1547.001\src\jsestartup.jse\"""" \""""C:\ProgramData\Microsoft\Windows\Start Menu\Programs\StartUp\jsestartup.jse\""""
cscript.exe /E:Jscript \""""$env:APPDATA\Microsoft\Windows\Start Menu\Programs\Startup\jsestartup.jse\""""
cscript.exe /E:Jscript \""""C:\ProgramData\Microsoft\Windows\Start Menu\Programs\StartUp\jsestartup.jse\""""}

ParentUser: WINDEV2309EVAL\User</Message>
      <Level>Information</Level>
      <Task>Process Create (rule: ProcessCreate)</Task>
      <Opcode>Info</Opcode>
    </RenderingInfo>
  </Event>
  
"
