Microsoft-Windows-Sysmon/Operational,,,WinDev2309Eval,2023-12-28 00:55:32.537,,,11,9453,,,C:\Windows\System32\WindowsPowerShell\v1.0\powershell.exe,,0x8000000000000000,Information,,,"File created:

RuleName: -

UtcTime: 2023-12-28 00:55:32.537

ProcessGuid: {fda94052-c784-658c-6402-000000000b00}

ProcessId: 2308

Image: C:\Windows\System32\WindowsPowerShell\v1.0\powershell.exe

TargetFilename: C:\Users\User\AppData\Local\Temp\__PSScriptPolicyTest_t2gc3rkd.b5q.ps1

CreationUtcTime: 2023-12-28 00:55:32.537

User: WINDEV2309EVAL\User",Info,,,,,,,{fda94052-c784-658c-6402-000000000b00},7044,2308,,,,,"
      ",-,2023-12-28T00:55:32.5391357Z,C:\Users\User\AppData\Local\Temp\__PSScriptPolicyTest_t2gc3rkd.b5q.ps1,File created (rule: FileCreate),,6672,WINDEV2309EVAL\User,S-1-5-18,2023-12-28 00:55:32.537,2,"<Event xmlns=""http://schemas.microsoft.com/win/2004/08/events/event"">
    <System>
      <Provider Name=""Microsoft-Windows-Sysmon"" Guid=""{5770385f-c22a-43e0-bf4c-06f5698ffbd9}""/>
      <EventID>11</EventID>
      <Version>2</Version>
      <Level>4</Level>
      <Task>11</Task>
      <Opcode>0</Opcode>
      <Keywords>0x8000000000000000</Keywords>
      <TimeCreated SystemTime=""2023-12-28T00:55:32.5391357Z""/>
      <EventRecordID>9453</EventRecordID>
      <Correlation/>
      <Execution ProcessID=""7044"" ThreadID=""6672""/>
      <Channel>Microsoft-Windows-Sysmon/Operational</Channel>
      <Computer>WinDev2309Eval</Computer>
      <Security UserID=""S-1-5-18""/>
    </System>
    <EventData>
      <Data Name=""RuleName"">-</Data>
      <Data Name=""UtcTime"">2023-12-28 00:55:32.537</Data>
      <Data Name=""ProcessGuid"">{fda94052-c784-658c-6402-000000000b00}</Data>
      <Data Name=""ProcessId"">2308</Data>
      <Data Name=""Image"">C:\Windows\System32\WindowsPowerShell\v1.0\powershell.exe</Data>
      <Data Name=""TargetFilename"">C:\Users\User\AppData\Local\Temp\__PSScriptPolicyTest_t2gc3rkd.b5q.ps1</Data>
      <Data Name=""CreationUtcTime"">2023-12-28 00:55:32.537</Data>
      <Data Name=""User"">WINDEV2309EVAL\User</Data>
    </EventData>
    <RenderingInfo Culture=""en-US"">
      <Message>File created:

RuleName: -

UtcTime: 2023-12-28 00:55:32.537

ProcessGuid: {fda94052-c784-658c-6402-000000000b00}

ProcessId: 2308

Image: C:\Windows\System32\WindowsPowerShell\v1.0\powershell.exe

TargetFilename: C:\Users\User\AppData\Local\Temp\__PSScriptPolicyTest_t2gc3rkd.b5q.ps1

CreationUtcTime: 2023-12-28 00:55:32.537

User: WINDEV2309EVAL\User</Message>
      <Level>Information</Level>
      <Task>File created (rule: FileCreate)</Task>
      <Opcode>Info</Opcode>
    </RenderingInfo>
  </Event>
  
"
Microsoft-Windows-Sysmon/Operational,"""powershell.exe"" & {c:\windows\system32\wbem\mofcomp.exe \""""C:\AtomicRedTeam\atomics\T1546.003\src\T1546.003.mof\""""}",Microsoft Corporation,WinDev2309Eval,,C:\Users\User\AppData\Local\Temp\,Windows PowerShell,1,9452,10.0.22621.2215 (WinBuild.160101.0800),"MD5=824B9F337E68DD8C117595071AC11E23,SHA256=17083405E7DECB3DDEF837C2FA599293A4E8133736969DFD5CE92EF15608A587,IMPHASH=51B0FFFA02CA6C1B85189E2E6C139F36",C:\Windows\System32\WindowsPowerShell\v1.0\powershell.exe,Medium,0x8000000000000000,Information,{fda94052-3502-658d-b367-080000000000},0x867b3,"Process Create:

RuleName: -

UtcTime: 2023-12-28 00:55:32.373

ProcessGuid: {fda94052-c784-658c-6402-000000000b00}

ProcessId: 2308

Image: C:\Windows\System32\WindowsPowerShell\v1.0\powershell.exe

FileVersion: 10.0.22621.2215 (WinBuild.160101.0800)

Description: Windows PowerShell

Product: Microsoft® Windows® Operating System

Company: Microsoft Corporation

OriginalFileName: PowerShell.EXE

CommandLine: ""powershell.exe"" & {c:\windows\system32\wbem\mofcomp.exe \""""C:\AtomicRedTeam\atomics\T1546.003\src\T1546.003.mof\""""}

CurrentDirectory: C:\Users\User\AppData\Local\Temp\

User: WINDEV2309EVAL\User

LogonGuid: {fda94052-3502-658d-b367-080000000000}

LogonId: 0x867B3

TerminalSessionId: 1

IntegrityLevel: Medium

Hashes: MD5=824B9F337E68DD8C117595071AC11E23,SHA256=17083405E7DECB3DDEF837C2FA599293A4E8133736969DFD5CE92EF15608A587,IMPHASH=51B0FFFA02CA6C1B85189E2E6C139F36

ParentProcessGuid: {fda94052-b87a-658c-2702-000000000b00}

ParentProcessId: 5076

ParentImage: C:\Windows\System32\WindowsPowerShell\v1.0\powershell.exe

ParentCommandLine: ""C:\Windows\System32\WindowsPowerShell\v1.0\powershell.exe"" -exec bypass

ParentUser: WINDEV2309EVAL\User",Info,PowerShell.EXE,"""C:\Windows\System32\WindowsPowerShell\v1.0\powershell.exe"" -exec bypass",C:\Windows\System32\WindowsPowerShell\v1.0\powershell.exe,{fda94052-b87a-658c-2702-000000000b00},5076,WINDEV2309EVAL\User,{fda94052-c784-658c-6402-000000000b00},7044,2308,Microsoft® Windows® Operating System,,,,"
      ",-,2023-12-28T00:55:32.3751307Z,,Process Create (rule: ProcessCreate),1,6672,WINDEV2309EVAL\User,S-1-5-18,2023-12-28 00:55:32.373,5,"<Event xmlns=""http://schemas.microsoft.com/win/2004/08/events/event"">
    <System>
      <Provider Name=""Microsoft-Windows-Sysmon"" Guid=""{5770385f-c22a-43e0-bf4c-06f5698ffbd9}""/>
      <EventID>1</EventID>
      <Version>5</Version>
      <Level>4</Level>
      <Task>1</Task>
      <Opcode>0</Opcode>
      <Keywords>0x8000000000000000</Keywords>
      <TimeCreated SystemTime=""2023-12-28T00:55:32.3751307Z""/>
      <EventRecordID>9452</EventRecordID>
      <Correlation/>
      <Execution ProcessID=""7044"" ThreadID=""6672""/>
      <Channel>Microsoft-Windows-Sysmon/Operational</Channel>
      <Computer>WinDev2309Eval</Computer>
      <Security UserID=""S-1-5-18""/>
    </System>
    <EventData>
      <Data Name=""RuleName"">-</Data>
      <Data Name=""UtcTime"">2023-12-28 00:55:32.373</Data>
      <Data Name=""ProcessGuid"">{fda94052-c784-658c-6402-000000000b00}</Data>
      <Data Name=""ProcessId"">2308</Data>
      <Data Name=""Image"">C:\Windows\System32\WindowsPowerShell\v1.0\powershell.exe</Data>
      <Data Name=""FileVersion"">10.0.22621.2215 (WinBuild.160101.0800)</Data>
      <Data Name=""Description"">Windows PowerShell</Data>
      <Data Name=""Product"">Microsoft&#174; Windows&#174; Operating System</Data>
      <Data Name=""Company"">Microsoft Corporation</Data>
      <Data Name=""OriginalFileName"">PowerShell.EXE</Data>
      <Data Name=""CommandLine"">""powershell.exe"" &amp; {c:\windows\system32\wbem\mofcomp.exe \""""C:\AtomicRedTeam\atomics\T1546.003\src\T1546.003.mof\""""}</Data>
      <Data Name=""CurrentDirectory"">C:\Users\User\AppData\Local\Temp\</Data>
      <Data Name=""User"">WINDEV2309EVAL\User</Data>
      <Data Name=""LogonGuid"">{fda94052-3502-658d-b367-080000000000}</Data>
      <Data Name=""LogonId"">0x867b3</Data>
      <Data Name=""TerminalSessionId"">1</Data>
      <Data Name=""IntegrityLevel"">Medium</Data>
      <Data Name=""Hashes"">MD5=824B9F337E68DD8C117595071AC11E23,SHA256=17083405E7DECB3DDEF837C2FA599293A4E8133736969DFD5CE92EF15608A587,IMPHASH=51B0FFFA02CA6C1B85189E2E6C139F36</Data>
      <Data Name=""ParentProcessGuid"">{fda94052-b87a-658c-2702-000000000b00}</Data>
      <Data Name=""ParentProcessId"">5076</Data>
      <Data Name=""ParentImage"">C:\Windows\System32\WindowsPowerShell\v1.0\powershell.exe</Data>
      <Data Name=""ParentCommandLine"">""C:\Windows\System32\WindowsPowerShell\v1.0\powershell.exe"" -exec bypass</Data>
      <Data Name=""ParentUser"">WINDEV2309EVAL\User</Data>
    </EventData>
    <RenderingInfo Culture=""en-US"">
      <Message>Process Create:

RuleName: -

UtcTime: 2023-12-28 00:55:32.373

ProcessGuid: {fda94052-c784-658c-6402-000000000b00}

ProcessId: 2308

Image: C:\Windows\System32\WindowsPowerShell\v1.0\powershell.exe

FileVersion: 10.0.22621.2215 (WinBuild.160101.0800)

Description: Windows PowerShell

Product: Microsoft&#174; Windows&#174; Operating System

Company: Microsoft Corporation

OriginalFileName: PowerShell.EXE

CommandLine: ""powershell.exe"" &amp; {c:\windows\system32\wbem\mofcomp.exe \""""C:\AtomicRedTeam\atomics\T1546.003\src\T1546.003.mof\""""}

CurrentDirectory: C:\Users\User\AppData\Local\Temp\

User: WINDEV2309EVAL\User

LogonGuid: {fda94052-3502-658d-b367-080000000000}

LogonId: 0x867B3

TerminalSessionId: 1

IntegrityLevel: Medium

Hashes: MD5=824B9F337E68DD8C117595071AC11E23,SHA256=17083405E7DECB3DDEF837C2FA599293A4E8133736969DFD5CE92EF15608A587,IMPHASH=51B0FFFA02CA6C1B85189E2E6C139F36

ParentProcessGuid: {fda94052-b87a-658c-2702-000000000b00}

ParentProcessId: 5076

ParentImage: C:\Windows\System32\WindowsPowerShell\v1.0\powershell.exe

ParentCommandLine: ""C:\Windows\System32\WindowsPowerShell\v1.0\powershell.exe"" -exec bypass

ParentUser: WINDEV2309EVAL\User</Message>
      <Level>Information</Level>
      <Task>Process Create (rule: ProcessCreate)</Task>
      <Opcode>Info</Opcode>
    </RenderingInfo>
  </Event>
  
"
Microsoft-Windows-Sysmon/Operational,,,WinDev2309Eval,,,,22,9451,,,C:\Windows\system32\svchost.exe,,0x8000000000000000,Information,,,"Dns query:

RuleName: -

UtcTime: 2023-12-27 23:54:22.865

ProcessGuid: {fda94052-34f2-658d-3f00-000000000b00}

ProcessId: 2948

QueryName: wpad

QueryStatus: 1460

QueryResults: -

Image: C:\Windows\system32\svchost.exe

User: NT AUTHORITY\LOCAL SERVICE",Info,,,,,,,{fda94052-34f2-658d-3f00-000000000b00},7044,2948,,wpad,-,1460,"
      ",-,2023-12-28T00:55:31.5767363Z,,Dns query (rule: DnsQuery),,1124,NT AUTHORITY\LOCAL SERVICE,S-1-5-18,2023-12-27 23:54:22.865,5,"<Event xmlns=""http://schemas.microsoft.com/win/2004/08/events/event"">
    <System>
      <Provider Name=""Microsoft-Windows-Sysmon"" Guid=""{5770385f-c22a-43e0-bf4c-06f5698ffbd9}""/>
      <EventID>22</EventID>
      <Version>5</Version>
      <Level>4</Level>
      <Task>22</Task>
      <Opcode>0</Opcode>
      <Keywords>0x8000000000000000</Keywords>
      <TimeCreated SystemTime=""2023-12-28T00:55:31.5767363Z""/>
      <EventRecordID>9451</EventRecordID>
      <Correlation/>
      <Execution ProcessID=""7044"" ThreadID=""1124""/>
      <Channel>Microsoft-Windows-Sysmon/Operational</Channel>
      <Computer>WinDev2309Eval</Computer>
      <Security UserID=""S-1-5-18""/>
    </System>
    <EventData>
      <Data Name=""RuleName"">-</Data>
      <Data Name=""UtcTime"">2023-12-27 23:54:22.865</Data>
      <Data Name=""ProcessGuid"">{fda94052-34f2-658d-3f00-000000000b00}</Data>
      <Data Name=""ProcessId"">2948</Data>
      <Data Name=""QueryName"">wpad</Data>
      <Data Name=""QueryStatus"">1460</Data>
      <Data Name=""QueryResults"">-</Data>
      <Data Name=""Image"">C:\Windows\system32\svchost.exe</Data>
      <Data Name=""User"">NT AUTHORITY\LOCAL SERVICE</Data>
    </EventData>
    <RenderingInfo Culture=""en-US"">
      <Message>Dns query:

RuleName: -

UtcTime: 2023-12-27 23:54:22.865

ProcessGuid: {fda94052-34f2-658d-3f00-000000000b00}

ProcessId: 2948

QueryName: wpad

QueryStatus: 1460

QueryResults: -

Image: C:\Windows\system32\svchost.exe

User: NT AUTHORITY\LOCAL SERVICE</Message>
      <Level>Information</Level>
      <Task>Dns query (rule: DnsQuery)</Task>
      <Opcode>Info</Opcode>
    </RenderingInfo>
  </Event>
  
"
Microsoft-Windows-Sysmon/Operational,,,WinDev2309Eval,2023-12-28 00:55:29.861,,,11,9450,,,C:\Windows\System32\WindowsPowerShell\v1.0\powershell.exe,,0x8000000000000000,Information,,,"File created:

RuleName: -

UtcTime: 2023-12-28 00:55:29.861

ProcessGuid: {fda94052-c781-658c-6202-000000000b00}

ProcessId: 7660

Image: C:\Windows\System32\WindowsPowerShell\v1.0\powershell.exe

TargetFilename: C:\Users\User\AppData\Local\Temp\__PSScriptPolicyTest_kwzptjp3.1kv.ps1

CreationUtcTime: 2023-12-28 00:55:29.861

User: WINDEV2309EVAL\User",Info,,,,,,,{fda94052-c781-658c-6202-000000000b00},7044,7660,,,,,"
      ",-,2023-12-28T00:55:29.8847250Z,C:\Users\User\AppData\Local\Temp\__PSScriptPolicyTest_kwzptjp3.1kv.ps1,File created (rule: FileCreate),,6672,WINDEV2309EVAL\User,S-1-5-18,2023-12-28 00:55:29.861,2,"<Event xmlns=""http://schemas.microsoft.com/win/2004/08/events/event"">
    <System>
      <Provider Name=""Microsoft-Windows-Sysmon"" Guid=""{5770385f-c22a-43e0-bf4c-06f5698ffbd9}""/>
      <EventID>11</EventID>
      <Version>2</Version>
      <Level>4</Level>
      <Task>11</Task>
      <Opcode>0</Opcode>
      <Keywords>0x8000000000000000</Keywords>
      <TimeCreated SystemTime=""2023-12-28T00:55:29.8847250Z""/>
      <EventRecordID>9450</EventRecordID>
      <Correlation/>
      <Execution ProcessID=""7044"" ThreadID=""6672""/>
      <Channel>Microsoft-Windows-Sysmon/Operational</Channel>
      <Computer>WinDev2309Eval</Computer>
      <Security UserID=""S-1-5-18""/>
    </System>
    <EventData>
      <Data Name=""RuleName"">-</Data>
      <Data Name=""UtcTime"">2023-12-28 00:55:29.861</Data>
      <Data Name=""ProcessGuid"">{fda94052-c781-658c-6202-000000000b00}</Data>
      <Data Name=""ProcessId"">7660</Data>
      <Data Name=""Image"">C:\Windows\System32\WindowsPowerShell\v1.0\powershell.exe</Data>
      <Data Name=""TargetFilename"">C:\Users\User\AppData\Local\Temp\__PSScriptPolicyTest_kwzptjp3.1kv.ps1</Data>
      <Data Name=""CreationUtcTime"">2023-12-28 00:55:29.861</Data>
      <Data Name=""User"">WINDEV2309EVAL\User</Data>
    </EventData>
    <RenderingInfo Culture=""en-US"">
      <Message>File created:

RuleName: -

UtcTime: 2023-12-28 00:55:29.861

ProcessGuid: {fda94052-c781-658c-6202-000000000b00}

ProcessId: 7660

Image: C:\Windows\System32\WindowsPowerShell\v1.0\powershell.exe

TargetFilename: C:\Users\User\AppData\Local\Temp\__PSScriptPolicyTest_kwzptjp3.1kv.ps1

CreationUtcTime: 2023-12-28 00:55:29.861

User: WINDEV2309EVAL\User</Message>
      <Level>Information</Level>
      <Task>File created (rule: FileCreate)</Task>
      <Opcode>Info</Opcode>
    </RenderingInfo>
  </Event>
  
"
Microsoft-Windows-Sysmon/Operational,"""powershell.exe"" & {$FilterArgs = @{name='AtomicRedTeam-WMIPersistence-ActiveScriptEventConsumer-Example';
                EventNameSpace='root\CimV2';
                QueryLanguage=\""""WQL\"""";
                Query=\""""SELECT * FROM __InstanceModificationEvent WITHIN 60 WHERE TargetInstance ISA 'Win32_PerfFormattedData_PerfOS_System' AND TargetInstance.SystemUpTime >= 240 AND TargetInstance.SystemUpTime < 325\""""};
$Filter=Set-WmiInstance -Class __EventFilter -Namespace \""""root\subscription\"""" -Arguments $FilterArgs

$ConsumerArgs = @{name='AtomicRedTeam-WMIPersistence-ActiveScriptEventConsumer-Example';
                ScriptingEngine='VBScript';
                ScriptText='
                Set objws = CreateObject(\""""Wscript.Shell\"""")
                objws.Run \""""notepad.exe\"""", 0, True
                '}
$Consumer=Set-WmiInstance -Namespace \""""root\subscription\"""" -Class ActiveScriptEventConsumer -Arguments $ConsumerArgs

$FilterToConsumerArgs = @{
Filter = $Filter;
Consumer = $Consumer;
}
$FilterToConsumerBinding = Set-WmiInstance -Namespace 'root/subscription' -Class '__FilterToConsumerBinding' -Arguments $FilterToConsumerArgs}",Microsoft Corporation,WinDev2309Eval,,C:\Users\User\AppData\Local\Temp\,Windows PowerShell,1,9449,10.0.22621.2215 (WinBuild.160101.0800),"MD5=824B9F337E68DD8C117595071AC11E23,SHA256=17083405E7DECB3DDEF837C2FA599293A4E8133736969DFD5CE92EF15608A587,IMPHASH=51B0FFFA02CA6C1B85189E2E6C139F36",C:\Windows\System32\WindowsPowerShell\v1.0\powershell.exe,Medium,0x8000000000000000,Information,{fda94052-3502-658d-b367-080000000000},0x867b3,"Process Create:

RuleName: -

UtcTime: 2023-12-28 00:55:29.711

ProcessGuid: {fda94052-c781-658c-6202-000000000b00}

ProcessId: 7660

Image: C:\Windows\System32\WindowsPowerShell\v1.0\powershell.exe

FileVersion: 10.0.22621.2215 (WinBuild.160101.0800)

Description: Windows PowerShell

Product: Microsoft® Windows® Operating System

Company: Microsoft Corporation

OriginalFileName: PowerShell.EXE

CommandLine: ""powershell.exe"" & {$FilterArgs = @{name='AtomicRedTeam-WMIPersistence-ActiveScriptEventConsumer-Example';
                EventNameSpace='root\CimV2';
                QueryLanguage=\""""WQL\"""";
                Query=\""""SELECT * FROM __InstanceModificationEvent WITHIN 60 WHERE TargetInstance ISA 'Win32_PerfFormattedData_PerfOS_System' AND TargetInstance.SystemUpTime >= 240 AND TargetInstance.SystemUpTime < 325\""""};
$Filter=Set-WmiInstance -Class __EventFilter -Namespace \""""root\subscription\"""" -Arguments $FilterArgs

$ConsumerArgs = @{name='AtomicRedTeam-WMIPersistence-ActiveScriptEventConsumer-Example';
                ScriptingEngine='VBScript';
                ScriptText='
                Set objws = CreateObject(\""""Wscript.Shell\"""")
                objws.Run \""""notepad.exe\"""", 0, True
                '}
$Consumer=Set-WmiInstance -Namespace \""""root\subscription\"""" -Class ActiveScriptEventConsumer -Arguments $ConsumerArgs

$FilterToConsumerArgs = @{
Filter = $Filter;
Consumer = $Consumer;
}
$FilterToConsumerBinding = Set-WmiInstance -Namespace 'root/subscription' -Class '__FilterToConsumerBinding' -Arguments $FilterToConsumerArgs}

CurrentDirectory: C:\Users\User\AppData\Local\Temp\

User: WINDEV2309EVAL\User

LogonGuid: {fda94052-3502-658d-b367-080000000000}

LogonId: 0x867B3

TerminalSessionId: 1

IntegrityLevel: Medium

Hashes: MD5=824B9F337E68DD8C117595071AC11E23,SHA256=17083405E7DECB3DDEF837C2FA599293A4E8133736969DFD5CE92EF15608A587,IMPHASH=51B0FFFA02CA6C1B85189E2E6C139F36

ParentProcessGuid: {fda94052-b87a-658c-2702-000000000b00}

ParentProcessId: 5076

ParentImage: C:\Windows\System32\WindowsPowerShell\v1.0\powershell.exe

ParentCommandLine: ""C:\Windows\System32\WindowsPowerShell\v1.0\powershell.exe"" -exec bypass

ParentUser: WINDEV2309EVAL\User",Info,PowerShell.EXE,"""C:\Windows\System32\WindowsPowerShell\v1.0\powershell.exe"" -exec bypass",C:\Windows\System32\WindowsPowerShell\v1.0\powershell.exe,{fda94052-b87a-658c-2702-000000000b00},5076,WINDEV2309EVAL\User,{fda94052-c781-658c-6202-000000000b00},7044,7660,Microsoft® Windows® Operating System,,,,"
      ",-,2023-12-28T00:55:29.7129459Z,,Process Create (rule: ProcessCreate),1,6672,WINDEV2309EVAL\User,S-1-5-18,2023-12-28 00:55:29.711,5,"<Event xmlns=""http://schemas.microsoft.com/win/2004/08/events/event"">
    <System>
      <Provider Name=""Microsoft-Windows-Sysmon"" Guid=""{5770385f-c22a-43e0-bf4c-06f5698ffbd9}""/>
      <EventID>1</EventID>
      <Version>5</Version>
      <Level>4</Level>
      <Task>1</Task>
      <Opcode>0</Opcode>
      <Keywords>0x8000000000000000</Keywords>
      <TimeCreated SystemTime=""2023-12-28T00:55:29.7129459Z""/>
      <EventRecordID>9449</EventRecordID>
      <Correlation/>
      <Execution ProcessID=""7044"" ThreadID=""6672""/>
      <Channel>Microsoft-Windows-Sysmon/Operational</Channel>
      <Computer>WinDev2309Eval</Computer>
      <Security UserID=""S-1-5-18""/>
    </System>
    <EventData>
      <Data Name=""RuleName"">-</Data>
      <Data Name=""UtcTime"">2023-12-28 00:55:29.711</Data>
      <Data Name=""ProcessGuid"">{fda94052-c781-658c-6202-000000000b00}</Data>
      <Data Name=""ProcessId"">7660</Data>
      <Data Name=""Image"">C:\Windows\System32\WindowsPowerShell\v1.0\powershell.exe</Data>
      <Data Name=""FileVersion"">10.0.22621.2215 (WinBuild.160101.0800)</Data>
      <Data Name=""Description"">Windows PowerShell</Data>
      <Data Name=""Product"">Microsoft&#174; Windows&#174; Operating System</Data>
      <Data Name=""Company"">Microsoft Corporation</Data>
      <Data Name=""OriginalFileName"">PowerShell.EXE</Data>
      <Data Name=""CommandLine"">""powershell.exe"" &amp; {$FilterArgs = @{name='AtomicRedTeam-WMIPersistence-ActiveScriptEventConsumer-Example';
                EventNameSpace='root\CimV2';
                QueryLanguage=\""""WQL\"""";
                Query=\""""SELECT * FROM __InstanceModificationEvent WITHIN 60 WHERE TargetInstance ISA 'Win32_PerfFormattedData_PerfOS_System' AND TargetInstance.SystemUpTime &gt;= 240 AND TargetInstance.SystemUpTime &lt; 325\""""};
$Filter=Set-WmiInstance -Class __EventFilter -Namespace \""""root\subscription\"""" -Arguments $FilterArgs

$ConsumerArgs = @{name='AtomicRedTeam-WMIPersistence-ActiveScriptEventConsumer-Example';
                ScriptingEngine='VBScript';
                ScriptText='
                Set objws = CreateObject(\""""Wscript.Shell\"""")
                objws.Run \""""notepad.exe\"""", 0, True
                '}
$Consumer=Set-WmiInstance -Namespace \""""root\subscription\"""" -Class ActiveScriptEventConsumer -Arguments $ConsumerArgs

$FilterToConsumerArgs = @{
Filter = $Filter;
Consumer = $Consumer;
}
$FilterToConsumerBinding = Set-WmiInstance -Namespace 'root/subscription' -Class '__FilterToConsumerBinding' -Arguments $FilterToConsumerArgs}</Data>
      <Data Name=""CurrentDirectory"">C:\Users\User\AppData\Local\Temp\</Data>
      <Data Name=""User"">WINDEV2309EVAL\User</Data>
      <Data Name=""LogonGuid"">{fda94052-3502-658d-b367-080000000000}</Data>
      <Data Name=""LogonId"">0x867b3</Data>
      <Data Name=""TerminalSessionId"">1</Data>
      <Data Name=""IntegrityLevel"">Medium</Data>
      <Data Name=""Hashes"">MD5=824B9F337E68DD8C117595071AC11E23,SHA256=17083405E7DECB3DDEF837C2FA599293A4E8133736969DFD5CE92EF15608A587,IMPHASH=51B0FFFA02CA6C1B85189E2E6C139F36</Data>
      <Data Name=""ParentProcessGuid"">{fda94052-b87a-658c-2702-000000000b00}</Data>
      <Data Name=""ParentProcessId"">5076</Data>
      <Data Name=""ParentImage"">C:\Windows\System32\WindowsPowerShell\v1.0\powershell.exe</Data>
      <Data Name=""ParentCommandLine"">""C:\Windows\System32\WindowsPowerShell\v1.0\powershell.exe"" -exec bypass</Data>
      <Data Name=""ParentUser"">WINDEV2309EVAL\User</Data>
    </EventData>
    <RenderingInfo Culture=""en-US"">
      <Message>Process Create:

RuleName: -

UtcTime: 2023-12-28 00:55:29.711

ProcessGuid: {fda94052-c781-658c-6202-000000000b00}

ProcessId: 7660

Image: C:\Windows\System32\WindowsPowerShell\v1.0\powershell.exe

FileVersion: 10.0.22621.2215 (WinBuild.160101.0800)

Description: Windows PowerShell

Product: Microsoft&#174; Windows&#174; Operating System

Company: Microsoft Corporation

OriginalFileName: PowerShell.EXE

CommandLine: ""powershell.exe"" &amp; {$FilterArgs = @{name='AtomicRedTeam-WMIPersistence-ActiveScriptEventConsumer-Example';
                EventNameSpace='root\CimV2';
                QueryLanguage=\""""WQL\"""";
                Query=\""""SELECT * FROM __InstanceModificationEvent WITHIN 60 WHERE TargetInstance ISA 'Win32_PerfFormattedData_PerfOS_System' AND TargetInstance.SystemUpTime &gt;= 240 AND TargetInstance.SystemUpTime &lt; 325\""""};
$Filter=Set-WmiInstance -Class __EventFilter -Namespace \""""root\subscription\"""" -Arguments $FilterArgs

$ConsumerArgs = @{name='AtomicRedTeam-WMIPersistence-ActiveScriptEventConsumer-Example';
                ScriptingEngine='VBScript';
                ScriptText='
                Set objws = CreateObject(\""""Wscript.Shell\"""")
                objws.Run \""""notepad.exe\"""", 0, True
                '}
$Consumer=Set-WmiInstance -Namespace \""""root\subscription\"""" -Class ActiveScriptEventConsumer -Arguments $ConsumerArgs

$FilterToConsumerArgs = @{
Filter = $Filter;
Consumer = $Consumer;
}
$FilterToConsumerBinding = Set-WmiInstance -Namespace 'root/subscription' -Class '__FilterToConsumerBinding' -Arguments $FilterToConsumerArgs}

CurrentDirectory: C:\Users\User\AppData\Local\Temp\

User: WINDEV2309EVAL\User

LogonGuid: {fda94052-3502-658d-b367-080000000000}

LogonId: 0x867B3

TerminalSessionId: 1

IntegrityLevel: Medium

Hashes: MD5=824B9F337E68DD8C117595071AC11E23,SHA256=17083405E7DECB3DDEF837C2FA599293A4E8133736969DFD5CE92EF15608A587,IMPHASH=51B0FFFA02CA6C1B85189E2E6C139F36

ParentProcessGuid: {fda94052-b87a-658c-2702-000000000b00}

ParentProcessId: 5076

ParentImage: C:\Windows\System32\WindowsPowerShell\v1.0\powershell.exe

ParentCommandLine: ""C:\Windows\System32\WindowsPowerShell\v1.0\powershell.exe"" -exec bypass

ParentUser: WINDEV2309EVAL\User</Message>
      <Level>Information</Level>
      <Task>Process Create (rule: ProcessCreate)</Task>
      <Opcode>Info</Opcode>
    </RenderingInfo>
  </Event>
  
"
Microsoft-Windows-Sysmon/Operational,"""C:\Program Files (x86)\Microsoft\EdgeWebView\Application\120.0.2210.91\msedgewebview2.exe"" --type=utility --utility-sub-type=unzip.mojom.Unzipper --lang=en-US --service-sandbox-type=service --noerrdialogs --user-data-dir=""C:\Users\User\AppData\Local\Packages\MicrosoftWindows.Client.WebExperience_cw5n1h2txyewy\LocalState\EBWebView"" --webview-exe-name=Widgets.exe --webview-exe-version=421.20070.1820.0 --embedded-browser-webview=1 --mojo-platform-channel-handle=4820 --field-trial-handle=1784,i,2295490780030403019,2821906385101450000,262144 --enable-features=MojoIpcz,UseBackgroundNativeThreadPool,UseNativeThreadPool,msWebView2TreatAppSuspendAsDeviceSuspend --variations-seed-version /prefetch:8 /pfhostedapp:017373b2a5c4ead1a08d36a47bf86195c1909a61",Microsoft Corporation,WinDev2309Eval,,C:\Program Files (x86)\Microsoft\EdgeWebView\Application\120.0.2210.91\,Microsoft Edge WebView2,1,9448,120.0.2210.91,"MD5=8094151812FF45079C840986A0489C78,SHA256=6A4E8A5761C51840CE988C9241B514028A5E45FDB386B072DB0447E3961E3A06,IMPHASH=EA4CA1F8E3B3D9373D39C13FD1348A63",C:\Program Files (x86)\Microsoft\EdgeWebView\Application\120.0.2210.91\msedgewebview2.exe,Low,0x8000000000000000,Information,{fda94052-3502-658d-b367-080000000000},0x867b3,"Process Create:

RuleName: -

UtcTime: 2023-12-28 00:55:26.537

ProcessGuid: {fda94052-c77e-658c-6102-000000000b00}

ProcessId: 760

Image: C:\Program Files (x86)\Microsoft\EdgeWebView\Application\120.0.2210.91\msedgewebview2.exe

FileVersion: 120.0.2210.91

Description: Microsoft Edge WebView2

Product: Microsoft Edge WebView2

Company: Microsoft Corporation

OriginalFileName: msedgewebview2.exe

CommandLine: ""C:\Program Files (x86)\Microsoft\EdgeWebView\Application\120.0.2210.91\msedgewebview2.exe"" --type=utility --utility-sub-type=unzip.mojom.Unzipper --lang=en-US --service-sandbox-type=service --noerrdialogs --user-data-dir=""C:\Users\User\AppData\Local\Packages\MicrosoftWindows.Client.WebExperience_cw5n1h2txyewy\LocalState\EBWebView"" --webview-exe-name=Widgets.exe --webview-exe-version=421.20070.1820.0 --embedded-browser-webview=1 --mojo-platform-channel-handle=4820 --field-trial-handle=1784,i,2295490780030403019,2821906385101450000,262144 --enable-features=MojoIpcz,UseBackgroundNativeThreadPool,UseNativeThreadPool,msWebView2TreatAppSuspendAsDeviceSuspend --variations-seed-version /prefetch:8 /pfhostedapp:017373b2a5c4ead1a08d36a47bf86195c1909a61

CurrentDirectory: C:\Program Files (x86)\Microsoft\EdgeWebView\Application\120.0.2210.91\

User: WINDEV2309EVAL\User

LogonGuid: {fda94052-3502-658d-b367-080000000000}

LogonId: 0x867B3

TerminalSessionId: 1

IntegrityLevel: Low

Hashes: MD5=8094151812FF45079C840986A0489C78,SHA256=6A4E8A5761C51840CE988C9241B514028A5E45FDB386B072DB0447E3961E3A06,IMPHASH=EA4CA1F8E3B3D9373D39C13FD1348A63

ParentProcessGuid: {fda94052-b85d-658c-1702-000000000b00}

ParentProcessId: 4184

ParentImage: C:\Program Files (x86)\Microsoft\EdgeWebView\Application\120.0.2210.91\msedgewebview2.exe

ParentCommandLine: ""C:\Program Files (x86)\Microsoft\EdgeWebView\Application\120.0.2210.91\msedgewebview2.exe"" --embedded-browser-webview=1 --webview-exe-name=Widgets.exe --webview-exe-version=421.20070.1820.0 --user-data-dir=""C:\Users\User\AppData\Local\Packages\MicrosoftWindows.Client.WebExperience_cw5n1h2txyewy\LocalState\EBWebView"" --noerrdialogs --disk-cache-size=52428800 --edge-webview-is-background --enable-features=MojoIpcz,msWebView2TreatAppSuspendAsDeviceSuspend,UseNativeThreadPool,UseBackgroundNativeThreadPool --lang=en-US --accept-lang=en-US --mojo-named-platform-channel-pipe=8112.2288.17893317180732402091 /pfhostedapp:017373b2a5c4ead1a08d36a47bf86195c1909a61

ParentUser: WINDEV2309EVAL\User",Info,msedgewebview2.exe,"""C:\Program Files (x86)\Microsoft\EdgeWebView\Application\120.0.2210.91\msedgewebview2.exe"" --embedded-browser-webview=1 --webview-exe-name=Widgets.exe --webview-exe-version=421.20070.1820.0 --user-data-dir=""C:\Users\User\AppData\Local\Packages\MicrosoftWindows.Client.WebExperience_cw5n1h2txyewy\LocalState\EBWebView"" --noerrdialogs --disk-cache-size=52428800 --edge-webview-is-background --enable-features=MojoIpcz,msWebView2TreatAppSuspendAsDeviceSuspend,UseNativeThreadPool,UseBackgroundNativeThreadPool --lang=en-US --accept-lang=en-US --mojo-named-platform-channel-pipe=8112.2288.17893317180732402091 /pfhostedapp:017373b2a5c4ead1a08d36a47bf86195c1909a61",C:\Program Files (x86)\Microsoft\EdgeWebView\Application\120.0.2210.91\msedgewebview2.exe,{fda94052-b85d-658c-1702-000000000b00},4184,WINDEV2309EVAL\User,{fda94052-c77e-658c-6102-000000000b00},7044,760,Microsoft Edge WebView2,,,,"
      ",-,2023-12-28T00:55:26.5400584Z,,Process Create (rule: ProcessCreate),1,6672,WINDEV2309EVAL\User,S-1-5-18,2023-12-28 00:55:26.537,5,"<Event xmlns=""http://schemas.microsoft.com/win/2004/08/events/event"">
    <System>
      <Provider Name=""Microsoft-Windows-Sysmon"" Guid=""{5770385f-c22a-43e0-bf4c-06f5698ffbd9}""/>
      <EventID>1</EventID>
      <Version>5</Version>
      <Level>4</Level>
      <Task>1</Task>
      <Opcode>0</Opcode>
      <Keywords>0x8000000000000000</Keywords>
      <TimeCreated SystemTime=""2023-12-28T00:55:26.5400584Z""/>
      <EventRecordID>9448</EventRecordID>
      <Correlation/>
      <Execution ProcessID=""7044"" ThreadID=""6672""/>
      <Channel>Microsoft-Windows-Sysmon/Operational</Channel>
      <Computer>WinDev2309Eval</Computer>
      <Security UserID=""S-1-5-18""/>
    </System>
    <EventData>
      <Data Name=""RuleName"">-</Data>
      <Data Name=""UtcTime"">2023-12-28 00:55:26.537</Data>
      <Data Name=""ProcessGuid"">{fda94052-c77e-658c-6102-000000000b00}</Data>
      <Data Name=""ProcessId"">760</Data>
      <Data Name=""Image"">C:\Program Files (x86)\Microsoft\EdgeWebView\Application\120.0.2210.91\msedgewebview2.exe</Data>
      <Data Name=""FileVersion"">120.0.2210.91</Data>
      <Data Name=""Description"">Microsoft Edge WebView2</Data>
      <Data Name=""Product"">Microsoft Edge WebView2</Data>
      <Data Name=""Company"">Microsoft Corporation</Data>
      <Data Name=""OriginalFileName"">msedgewebview2.exe</Data>
      <Data Name=""CommandLine"">""C:\Program Files (x86)\Microsoft\EdgeWebView\Application\120.0.2210.91\msedgewebview2.exe"" --type=utility --utility-sub-type=unzip.mojom.Unzipper --lang=en-US --service-sandbox-type=service --noerrdialogs --user-data-dir=""C:\Users\User\AppData\Local\Packages\MicrosoftWindows.Client.WebExperience_cw5n1h2txyewy\LocalState\EBWebView"" --webview-exe-name=Widgets.exe --webview-exe-version=421.20070.1820.0 --embedded-browser-webview=1 --mojo-platform-channel-handle=4820 --field-trial-handle=1784,i,2295490780030403019,2821906385101450000,262144 --enable-features=MojoIpcz,UseBackgroundNativeThreadPool,UseNativeThreadPool,msWebView2TreatAppSuspendAsDeviceSuspend --variations-seed-version /prefetch:8 /pfhostedapp:017373b2a5c4ead1a08d36a47bf86195c1909a61</Data>
      <Data Name=""CurrentDirectory"">C:\Program Files (x86)\Microsoft\EdgeWebView\Application\120.0.2210.91\</Data>
      <Data Name=""User"">WINDEV2309EVAL\User</Data>
      <Data Name=""LogonGuid"">{fda94052-3502-658d-b367-080000000000}</Data>
      <Data Name=""LogonId"">0x867b3</Data>
      <Data Name=""TerminalSessionId"">1</Data>
      <Data Name=""IntegrityLevel"">Low</Data>
      <Data Name=""Hashes"">MD5=8094151812FF45079C840986A0489C78,SHA256=6A4E8A5761C51840CE988C9241B514028A5E45FDB386B072DB0447E3961E3A06,IMPHASH=EA4CA1F8E3B3D9373D39C13FD1348A63</Data>
      <Data Name=""ParentProcessGuid"">{fda94052-b85d-658c-1702-000000000b00}</Data>
      <Data Name=""ParentProcessId"">4184</Data>
      <Data Name=""ParentImage"">C:\Program Files (x86)\Microsoft\EdgeWebView\Application\120.0.2210.91\msedgewebview2.exe</Data>
      <Data Name=""ParentCommandLine"">""C:\Program Files (x86)\Microsoft\EdgeWebView\Application\120.0.2210.91\msedgewebview2.exe"" --embedded-browser-webview=1 --webview-exe-name=Widgets.exe --webview-exe-version=421.20070.1820.0 --user-data-dir=""C:\Users\User\AppData\Local\Packages\MicrosoftWindows.Client.WebExperience_cw5n1h2txyewy\LocalState\EBWebView"" --noerrdialogs --disk-cache-size=52428800 --edge-webview-is-background --enable-features=MojoIpcz,msWebView2TreatAppSuspendAsDeviceSuspend,UseNativeThreadPool,UseBackgroundNativeThreadPool --lang=en-US --accept-lang=en-US --mojo-named-platform-channel-pipe=8112.2288.17893317180732402091 /pfhostedapp:017373b2a5c4ead1a08d36a47bf86195c1909a61</Data>
      <Data Name=""ParentUser"">WINDEV2309EVAL\User</Data>
    </EventData>
    <RenderingInfo Culture=""en-US"">
      <Message>Process Create:

RuleName: -

UtcTime: 2023-12-28 00:55:26.537

ProcessGuid: {fda94052-c77e-658c-6102-000000000b00}

ProcessId: 760

Image: C:\Program Files (x86)\Microsoft\EdgeWebView\Application\120.0.2210.91\msedgewebview2.exe

FileVersion: 120.0.2210.91

Description: Microsoft Edge WebView2

Product: Microsoft Edge WebView2

Company: Microsoft Corporation

OriginalFileName: msedgewebview2.exe

CommandLine: ""C:\Program Files (x86)\Microsoft\EdgeWebView\Application\120.0.2210.91\msedgewebview2.exe"" --type=utility --utility-sub-type=unzip.mojom.Unzipper --lang=en-US --service-sandbox-type=service --noerrdialogs --user-data-dir=""C:\Users\User\AppData\Local\Packages\MicrosoftWindows.Client.WebExperience_cw5n1h2txyewy\LocalState\EBWebView"" --webview-exe-name=Widgets.exe --webview-exe-version=421.20070.1820.0 --embedded-browser-webview=1 --mojo-platform-channel-handle=4820 --field-trial-handle=1784,i,2295490780030403019,2821906385101450000,262144 --enable-features=MojoIpcz,UseBackgroundNativeThreadPool,UseNativeThreadPool,msWebView2TreatAppSuspendAsDeviceSuspend --variations-seed-version /prefetch:8 /pfhostedapp:017373b2a5c4ead1a08d36a47bf86195c1909a61

CurrentDirectory: C:\Program Files (x86)\Microsoft\EdgeWebView\Application\120.0.2210.91\

User: WINDEV2309EVAL\User

LogonGuid: {fda94052-3502-658d-b367-080000000000}

LogonId: 0x867B3

TerminalSessionId: 1

IntegrityLevel: Low

Hashes: MD5=8094151812FF45079C840986A0489C78,SHA256=6A4E8A5761C51840CE988C9241B514028A5E45FDB386B072DB0447E3961E3A06,IMPHASH=EA4CA1F8E3B3D9373D39C13FD1348A63

ParentProcessGuid: {fda94052-b85d-658c-1702-000000000b00}

ParentProcessId: 4184

ParentImage: C:\Program Files (x86)\Microsoft\EdgeWebView\Application\120.0.2210.91\msedgewebview2.exe

ParentCommandLine: ""C:\Program Files (x86)\Microsoft\EdgeWebView\Application\120.0.2210.91\msedgewebview2.exe"" --embedded-browser-webview=1 --webview-exe-name=Widgets.exe --webview-exe-version=421.20070.1820.0 --user-data-dir=""C:\Users\User\AppData\Local\Packages\MicrosoftWindows.Client.WebExperience_cw5n1h2txyewy\LocalState\EBWebView"" --noerrdialogs --disk-cache-size=52428800 --edge-webview-is-background --enable-features=MojoIpcz,msWebView2TreatAppSuspendAsDeviceSuspend,UseNativeThreadPool,UseBackgroundNativeThreadPool --lang=en-US --accept-lang=en-US --mojo-named-platform-channel-pipe=8112.2288.17893317180732402091 /pfhostedapp:017373b2a5c4ead1a08d36a47bf86195c1909a61

ParentUser: WINDEV2309EVAL\User</Message>
      <Level>Information</Level>
      <Task>Process Create (rule: ProcessCreate)</Task>
      <Opcode>Info</Opcode>
    </RenderingInfo>
  </Event>
  
"
Microsoft-Windows-Sysmon/Operational,C:\Windows\system32\vssvc.exe,Microsoft Corporation,WinDev2309Eval,,C:\Windows\system32\,Microsoft® Volume Shadow Copy Service,1,9447,10.0.22621.1 (WinBuild.160101.0800),"MD5=E41824427731D3933591BCD216674818,SHA256=321120DE419B488B6EB0D9F32E733756FE9E97689FC0FE7FD2C9BF50AFB1BCC4,IMPHASH=BC0F5315EEA41E76B544E9F6ACFE1FEE",C:\Windows\System32\VSSVC.exe,System,0x8000000000000000,Information,{fda94052-34eb-658d-e703-000000000000},0x3e7,"Process Create:

RuleName: -

UtcTime: 2023-12-28 00:55:25.776

ProcessGuid: {fda94052-c77d-658c-5f02-000000000b00}

ProcessId: 10432

Image: C:\Windows\System32\VSSVC.exe

FileVersion: 10.0.22621.1 (WinBuild.160101.0800)

Description: Microsoft® Volume Shadow Copy Service

Product: Microsoft® Windows® Operating System

Company: Microsoft Corporation

OriginalFileName: VSSVC.EXE

CommandLine: C:\Windows\system32\vssvc.exe

CurrentDirectory: C:\Windows\system32\

User: NT AUTHORITY\SYSTEM

LogonGuid: {fda94052-34eb-658d-e703-000000000000}

LogonId: 0x3E7

TerminalSessionId: 0

IntegrityLevel: System

Hashes: MD5=E41824427731D3933591BCD216674818,SHA256=321120DE419B488B6EB0D9F32E733756FE9E97689FC0FE7FD2C9BF50AFB1BCC4,IMPHASH=BC0F5315EEA41E76B544E9F6ACFE1FEE

ParentProcessGuid: {00000000-0000-0000-0000-000000000000}

ParentProcessId: 788

ParentImage: -

ParentCommandLine: -

ParentUser: -",Info,VSSVC.EXE,-,-,{00000000-0000-0000-0000-000000000000},788,-,{fda94052-c77d-658c-5f02-000000000b00},7044,10432,Microsoft® Windows® Operating System,,,,"
      ",-,2023-12-28T00:55:25.7920899Z,,Process Create (rule: ProcessCreate),0,6672,NT AUTHORITY\SYSTEM,S-1-5-18,2023-12-28 00:55:25.776,5,"<Event xmlns=""http://schemas.microsoft.com/win/2004/08/events/event"">
    <System>
      <Provider Name=""Microsoft-Windows-Sysmon"" Guid=""{5770385f-c22a-43e0-bf4c-06f5698ffbd9}""/>
      <EventID>1</EventID>
      <Version>5</Version>
      <Level>4</Level>
      <Task>1</Task>
      <Opcode>0</Opcode>
      <Keywords>0x8000000000000000</Keywords>
      <TimeCreated SystemTime=""2023-12-28T00:55:25.7920899Z""/>
      <EventRecordID>9447</EventRecordID>
      <Correlation/>
      <Execution ProcessID=""7044"" ThreadID=""6672""/>
      <Channel>Microsoft-Windows-Sysmon/Operational</Channel>
      <Computer>WinDev2309Eval</Computer>
      <Security UserID=""S-1-5-18""/>
    </System>
    <EventData>
      <Data Name=""RuleName"">-</Data>
      <Data Name=""UtcTime"">2023-12-28 00:55:25.776</Data>
      <Data Name=""ProcessGuid"">{fda94052-c77d-658c-5f02-000000000b00}</Data>
      <Data Name=""ProcessId"">10432</Data>
      <Data Name=""Image"">C:\Windows\System32\VSSVC.exe</Data>
      <Data Name=""FileVersion"">10.0.22621.1 (WinBuild.160101.0800)</Data>
      <Data Name=""Description"">Microsoft&#174; Volume Shadow Copy Service</Data>
      <Data Name=""Product"">Microsoft&#174; Windows&#174; Operating System</Data>
      <Data Name=""Company"">Microsoft Corporation</Data>
      <Data Name=""OriginalFileName"">VSSVC.EXE</Data>
      <Data Name=""CommandLine"">C:\Windows\system32\vssvc.exe</Data>
      <Data Name=""CurrentDirectory"">C:\Windows\system32\</Data>
      <Data Name=""User"">NT AUTHORITY\SYSTEM</Data>
      <Data Name=""LogonGuid"">{fda94052-34eb-658d-e703-000000000000}</Data>
      <Data Name=""LogonId"">0x3e7</Data>
      <Data Name=""TerminalSessionId"">0</Data>
      <Data Name=""IntegrityLevel"">System</Data>
      <Data Name=""Hashes"">MD5=E41824427731D3933591BCD216674818,SHA256=321120DE419B488B6EB0D9F32E733756FE9E97689FC0FE7FD2C9BF50AFB1BCC4,IMPHASH=BC0F5315EEA41E76B544E9F6ACFE1FEE</Data>
      <Data Name=""ParentProcessGuid"">{00000000-0000-0000-0000-000000000000}</Data>
      <Data Name=""ParentProcessId"">788</Data>
      <Data Name=""ParentImage"">-</Data>
      <Data Name=""ParentCommandLine"">-</Data>
      <Data Name=""ParentUser"">-</Data>
    </EventData>
    <RenderingInfo Culture=""en-US"">
      <Message>Process Create:

RuleName: -

UtcTime: 2023-12-28 00:55:25.776

ProcessGuid: {fda94052-c77d-658c-5f02-000000000b00}

ProcessId: 10432

Image: C:\Windows\System32\VSSVC.exe

FileVersion: 10.0.22621.1 (WinBuild.160101.0800)

Description: Microsoft&#174; Volume Shadow Copy Service

Product: Microsoft&#174; Windows&#174; Operating System

Company: Microsoft Corporation

OriginalFileName: VSSVC.EXE

CommandLine: C:\Windows\system32\vssvc.exe

CurrentDirectory: C:\Windows\system32\

User: NT AUTHORITY\SYSTEM

LogonGuid: {fda94052-34eb-658d-e703-000000000000}

LogonId: 0x3E7

TerminalSessionId: 0

IntegrityLevel: System

Hashes: MD5=E41824427731D3933591BCD216674818,SHA256=321120DE419B488B6EB0D9F32E733756FE9E97689FC0FE7FD2C9BF50AFB1BCC4,IMPHASH=BC0F5315EEA41E76B544E9F6ACFE1FEE

ParentProcessGuid: {00000000-0000-0000-0000-000000000000}

ParentProcessId: 788

ParentImage: -

ParentCommandLine: -

ParentUser: -</Message>
      <Level>Information</Level>
      <Task>Process Create (rule: ProcessCreate)</Task>
      <Opcode>Info</Opcode>
    </RenderingInfo>
  </Event>
  
"
Microsoft-Windows-Sysmon/Operational,,,WinDev2309Eval,2023-12-28 00:55:25.513,,,11,9446,,,C:\Windows\System32\WindowsPowerShell\v1.0\powershell.exe,,0x8000000000000000,Information,,,"File created:

RuleName: -

UtcTime: 2023-12-28 00:55:25.528

ProcessGuid: {fda94052-c77d-658c-5d02-000000000b00}

ProcessId: 3156

Image: C:\Windows\System32\WindowsPowerShell\v1.0\powershell.exe

TargetFilename: C:\Users\User\AppData\Local\Temp\__PSScriptPolicyTest_d1ir1oqx.mdr.ps1

CreationUtcTime: 2023-12-28 00:55:25.513

User: WINDEV2309EVAL\User",Info,,,,,,,{fda94052-c77d-658c-5d02-000000000b00},7044,3156,,,,,"
      ",-,2023-12-28T00:55:25.5289897Z,C:\Users\User\AppData\Local\Temp\__PSScriptPolicyTest_d1ir1oqx.mdr.ps1,File created (rule: FileCreate),,6672,WINDEV2309EVAL\User,S-1-5-18,2023-12-28 00:55:25.528,2,"<Event xmlns=""http://schemas.microsoft.com/win/2004/08/events/event"">
    <System>
      <Provider Name=""Microsoft-Windows-Sysmon"" Guid=""{5770385f-c22a-43e0-bf4c-06f5698ffbd9}""/>
      <EventID>11</EventID>
      <Version>2</Version>
      <Level>4</Level>
      <Task>11</Task>
      <Opcode>0</Opcode>
      <Keywords>0x8000000000000000</Keywords>
      <TimeCreated SystemTime=""2023-12-28T00:55:25.5289897Z""/>
      <EventRecordID>9446</EventRecordID>
      <Correlation/>
      <Execution ProcessID=""7044"" ThreadID=""6672""/>
      <Channel>Microsoft-Windows-Sysmon/Operational</Channel>
      <Computer>WinDev2309Eval</Computer>
      <Security UserID=""S-1-5-18""/>
    </System>
    <EventData>
      <Data Name=""RuleName"">-</Data>
      <Data Name=""UtcTime"">2023-12-28 00:55:25.528</Data>
      <Data Name=""ProcessGuid"">{fda94052-c77d-658c-5d02-000000000b00}</Data>
      <Data Name=""ProcessId"">3156</Data>
      <Data Name=""Image"">C:\Windows\System32\WindowsPowerShell\v1.0\powershell.exe</Data>
      <Data Name=""TargetFilename"">C:\Users\User\AppData\Local\Temp\__PSScriptPolicyTest_d1ir1oqx.mdr.ps1</Data>
      <Data Name=""CreationUtcTime"">2023-12-28 00:55:25.513</Data>
      <Data Name=""User"">WINDEV2309EVAL\User</Data>
    </EventData>
    <RenderingInfo Culture=""en-US"">
      <Message>File created:

RuleName: -

UtcTime: 2023-12-28 00:55:25.528

ProcessGuid: {fda94052-c77d-658c-5d02-000000000b00}

ProcessId: 3156

Image: C:\Windows\System32\WindowsPowerShell\v1.0\powershell.exe

TargetFilename: C:\Users\User\AppData\Local\Temp\__PSScriptPolicyTest_d1ir1oqx.mdr.ps1

CreationUtcTime: 2023-12-28 00:55:25.513

User: WINDEV2309EVAL\User</Message>
      <Level>Information</Level>
      <Task>File created (rule: FileCreate)</Task>
      <Opcode>Info</Opcode>
    </RenderingInfo>
  </Event>
  
"
