Microsoft-Windows-Sysmon/Operational,sc  start W64Time,Microsoft Corporation,WinDev2309Eval,,C:\Users\User\AppData\Local\Temp\,Service Control Manager Configuration Tool,1,9453,10.0.22621.1 (WinBuild.160101.0800),"MD5=FF2A4319FA5531F0D7B98DBBA9ABBD4A,SHA256=67CBE3A7B9C9B7A2E9FB10A33C1A9A3FD297B6F1598AEA374BD9B5D2DEE352EC,IMPHASH=42DADBD60BBC453DD1773FDC089E19B7",C:\Windows\System32\sc.exe,Medium,0x8000000000000000,Information,{fda94052-3502-658d-b367-080000000000},0x867b3,"Process Create:

RuleName: -

UtcTime: 2023-12-28 00:48:24.811

ProcessGuid: {fda94052-c5d8-658c-6902-000000000b00}

ProcessId: 3156

Image: C:\Windows\System32\sc.exe

FileVersion: 10.0.22621.1 (WinBuild.160101.0800)

Description: Service Control Manager Configuration Tool

Product: Microsoft® Windows® Operating System

Company: Microsoft Corporation

OriginalFileName: sc.exe

CommandLine: sc  start W64Time

CurrentDirectory: C:\Users\User\AppData\Local\Temp\

User: WINDEV2309EVAL\User

LogonGuid: {fda94052-3502-658d-b367-080000000000}

LogonId: 0x867B3

TerminalSessionId: 1

IntegrityLevel: Medium

Hashes: MD5=FF2A4319FA5531F0D7B98DBBA9ABBD4A,SHA256=67CBE3A7B9C9B7A2E9FB10A33C1A9A3FD297B6F1598AEA374BD9B5D2DEE352EC,IMPHASH=42DADBD60BBC453DD1773FDC089E19B7

ParentProcessGuid: {fda94052-c5d8-658c-6202-000000000b00}

ParentProcessId: 8376

ParentImage: C:\Windows\System32\cmd.exe

ParentCommandLine: ""cmd.exe"" /c copy ""C:\AtomicRedTeam\atomics\T1543.003\bin\w64time.dll"" %systemroot%\system32\ & sc create W64Time binPath= ""c:\Windows\System32\svchost.exe -k TimeService"" type= share start=auto & sc config W64Time DisplayName= ""Windows 64 Time"" & sc description W64Time ""Maintain date and time synch on all clients and services in the network"" & reg add ""HKLM\Software\Microsoft\Windows NT\CurrentVersion\Svchost"" /v TimeService /t REG_MULTI_SZ /d ""W64Time"" /f & reg add ""HKLM\SYSTEM\CurrentControlSet\Services\W64Time\Parameters"" /v ServiceDll /t REG_EXPAND_SZ /d ""%systemroot%\system32\w64time.dll"" /f & sc start W64Time

ParentUser: WINDEV2309EVAL\User",Info,sc.exe,"""cmd.exe"" /c copy ""C:\AtomicRedTeam\atomics\T1543.003\bin\w64time.dll"" %systemroot%\system32\ & sc create W64Time binPath= ""c:\Windows\System32\svchost.exe -k TimeService"" type= share start=auto & sc config W64Time DisplayName= ""Windows 64 Time"" & sc description W64Time ""Maintain date and time synch on all clients and services in the network"" & reg add ""HKLM\Software\Microsoft\Windows NT\CurrentVersion\Svchost"" /v TimeService /t REG_MULTI_SZ /d ""W64Time"" /f & reg add ""HKLM\SYSTEM\CurrentControlSet\Services\W64Time\Parameters"" /v ServiceDll /t REG_EXPAND_SZ /d ""%systemroot%\system32\w64time.dll"" /f & sc start W64Time",C:\Windows\System32\cmd.exe,{fda94052-c5d8-658c-6202-000000000b00},8376,WINDEV2309EVAL\User,{fda94052-c5d8-658c-6902-000000000b00},7044,3156,Microsoft® Windows® Operating System,,,,"
      ",-,2023-12-28T00:48:24.8129356Z,,Process Create (rule: ProcessCreate),1,6672,WINDEV2309EVAL\User,S-1-5-18,2023-12-28 00:48:24.811,5,"<Event xmlns=""http://schemas.microsoft.com/win/2004/08/events/event"">
    <System>
      <Provider Name=""Microsoft-Windows-Sysmon"" Guid=""{5770385f-c22a-43e0-bf4c-06f5698ffbd9}""/>
      <EventID>1</EventID>
      <Version>5</Version>
      <Level>4</Level>
      <Task>1</Task>
      <Opcode>0</Opcode>
      <Keywords>0x8000000000000000</Keywords>
      <TimeCreated SystemTime=""2023-12-28T00:48:24.8129356Z""/>
      <EventRecordID>9453</EventRecordID>
      <Correlation/>
      <Execution ProcessID=""7044"" ThreadID=""6672""/>
      <Channel>Microsoft-Windows-Sysmon/Operational</Channel>
      <Computer>WinDev2309Eval</Computer>
      <Security UserID=""S-1-5-18""/>
    </System>
    <EventData>
      <Data Name=""RuleName"">-</Data>
      <Data Name=""UtcTime"">2023-12-28 00:48:24.811</Data>
      <Data Name=""ProcessGuid"">{fda94052-c5d8-658c-6902-000000000b00}</Data>
      <Data Name=""ProcessId"">3156</Data>
      <Data Name=""Image"">C:\Windows\System32\sc.exe</Data>
      <Data Name=""FileVersion"">10.0.22621.1 (WinBuild.160101.0800)</Data>
      <Data Name=""Description"">Service Control Manager Configuration Tool</Data>
      <Data Name=""Product"">Microsoft&#174; Windows&#174; Operating System</Data>
      <Data Name=""Company"">Microsoft Corporation</Data>
      <Data Name=""OriginalFileName"">sc.exe</Data>
      <Data Name=""CommandLine"">sc  start W64Time</Data>
      <Data Name=""CurrentDirectory"">C:\Users\User\AppData\Local\Temp\</Data>
      <Data Name=""User"">WINDEV2309EVAL\User</Data>
      <Data Name=""LogonGuid"">{fda94052-3502-658d-b367-080000000000}</Data>
      <Data Name=""LogonId"">0x867b3</Data>
      <Data Name=""TerminalSessionId"">1</Data>
      <Data Name=""IntegrityLevel"">Medium</Data>
      <Data Name=""Hashes"">MD5=FF2A4319FA5531F0D7B98DBBA9ABBD4A,SHA256=67CBE3A7B9C9B7A2E9FB10A33C1A9A3FD297B6F1598AEA374BD9B5D2DEE352EC,IMPHASH=42DADBD60BBC453DD1773FDC089E19B7</Data>
      <Data Name=""ParentProcessGuid"">{fda94052-c5d8-658c-6202-000000000b00}</Data>
      <Data Name=""ParentProcessId"">8376</Data>
      <Data Name=""ParentImage"">C:\Windows\System32\cmd.exe</Data>
      <Data Name=""ParentCommandLine"">""cmd.exe"" /c copy ""C:\AtomicRedTeam\atomics\T1543.003\bin\w64time.dll"" %systemroot%\system32\ &amp; sc create W64Time binPath= ""c:\Windows\System32\svchost.exe -k TimeService"" type= share start=auto &amp; sc config W64Time DisplayName= ""Windows 64 Time"" &amp; sc description W64Time ""Maintain date and time synch on all clients and services in the network"" &amp; reg add ""HKLM\Software\Microsoft\Windows NT\CurrentVersion\Svchost"" /v TimeService /t REG_MULTI_SZ /d ""W64Time"" /f &amp; reg add ""HKLM\SYSTEM\CurrentControlSet\Services\W64Time\Parameters"" /v ServiceDll /t REG_EXPAND_SZ /d ""%systemroot%\system32\w64time.dll"" /f &amp; sc start W64Time</Data>
      <Data Name=""ParentUser"">WINDEV2309EVAL\User</Data>
    </EventData>
    <RenderingInfo Culture=""en-US"">
      <Message>Process Create:

RuleName: -

UtcTime: 2023-12-28 00:48:24.811

ProcessGuid: {fda94052-c5d8-658c-6902-000000000b00}

ProcessId: 3156

Image: C:\Windows\System32\sc.exe

FileVersion: 10.0.22621.1 (WinBuild.160101.0800)

Description: Service Control Manager Configuration Tool

Product: Microsoft&#174; Windows&#174; Operating System

Company: Microsoft Corporation

OriginalFileName: sc.exe

CommandLine: sc  start W64Time

CurrentDirectory: C:\Users\User\AppData\Local\Temp\

User: WINDEV2309EVAL\User

LogonGuid: {fda94052-3502-658d-b367-080000000000}

LogonId: 0x867B3

TerminalSessionId: 1

IntegrityLevel: Medium

Hashes: MD5=FF2A4319FA5531F0D7B98DBBA9ABBD4A,SHA256=67CBE3A7B9C9B7A2E9FB10A33C1A9A3FD297B6F1598AEA374BD9B5D2DEE352EC,IMPHASH=42DADBD60BBC453DD1773FDC089E19B7

ParentProcessGuid: {fda94052-c5d8-658c-6202-000000000b00}

ParentProcessId: 8376

ParentImage: C:\Windows\System32\cmd.exe

ParentCommandLine: ""cmd.exe"" /c copy ""C:\AtomicRedTeam\atomics\T1543.003\bin\w64time.dll"" %systemroot%\system32\ &amp; sc create W64Time binPath= ""c:\Windows\System32\svchost.exe -k TimeService"" type= share start=auto &amp; sc config W64Time DisplayName= ""Windows 64 Time"" &amp; sc description W64Time ""Maintain date and time synch on all clients and services in the network"" &amp; reg add ""HKLM\Software\Microsoft\Windows NT\CurrentVersion\Svchost"" /v TimeService /t REG_MULTI_SZ /d ""W64Time"" /f &amp; reg add ""HKLM\SYSTEM\CurrentControlSet\Services\W64Time\Parameters"" /v ServiceDll /t REG_EXPAND_SZ /d ""%systemroot%\system32\w64time.dll"" /f &amp; sc start W64Time

ParentUser: WINDEV2309EVAL\User</Message>
      <Level>Information</Level>
      <Task>Process Create (rule: ProcessCreate)</Task>
      <Opcode>Info</Opcode>
    </RenderingInfo>
  </Event>
  
"
Microsoft-Windows-Sysmon/Operational,"reg  add ""HKLM\SYSTEM\CurrentControlSet\Services\W64Time\Parameters"" /v ServiceDll /t REG_EXPAND_SZ /d ""C:\Windows\system32\w64time.dll"" /f ",Microsoft Corporation,WinDev2309Eval,,C:\Users\User\AppData\Local\Temp\,Registry Console Tool,1,9452,10.0.22621.1 (WinBuild.160101.0800),"MD5=CDB58D0BCABE76AFC60428F364834463,SHA256=411AE446FE37B30C0727888C7FA5E88994A46DAFD41AA5B3B06C9E884549AFDE,IMPHASH=1085BD82B37A225F6D356012D2E69C3D",C:\Windows\System32\reg.exe,Medium,0x8000000000000000,Information,{fda94052-3502-658d-b367-080000000000},0x867b3,"Process Create:

RuleName: -

UtcTime: 2023-12-28 00:48:24.801

ProcessGuid: {fda94052-c5d8-658c-6802-000000000b00}

ProcessId: 7720

Image: C:\Windows\System32\reg.exe

FileVersion: 10.0.22621.1 (WinBuild.160101.0800)

Description: Registry Console Tool

Product: Microsoft® Windows® Operating System

Company: Microsoft Corporation

OriginalFileName: reg.exe

CommandLine: reg  add ""HKLM\SYSTEM\CurrentControlSet\Services\W64Time\Parameters"" /v ServiceDll /t REG_EXPAND_SZ /d ""C:\Windows\system32\w64time.dll"" /f 

CurrentDirectory: C:\Users\User\AppData\Local\Temp\

User: WINDEV2309EVAL\User

LogonGuid: {fda94052-3502-658d-b367-080000000000}

LogonId: 0x867B3

TerminalSessionId: 1

IntegrityLevel: Medium

Hashes: MD5=CDB58D0BCABE76AFC60428F364834463,SHA256=411AE446FE37B30C0727888C7FA5E88994A46DAFD41AA5B3B06C9E884549AFDE,IMPHASH=1085BD82B37A225F6D356012D2E69C3D

ParentProcessGuid: {fda94052-c5d8-658c-6202-000000000b00}

ParentProcessId: 8376

ParentImage: C:\Windows\System32\cmd.exe

ParentCommandLine: ""cmd.exe"" /c copy ""C:\AtomicRedTeam\atomics\T1543.003\bin\w64time.dll"" %systemroot%\system32\ & sc create W64Time binPath= ""c:\Windows\System32\svchost.exe -k TimeService"" type= share start=auto & sc config W64Time DisplayName= ""Windows 64 Time"" & sc description W64Time ""Maintain date and time synch on all clients and services in the network"" & reg add ""HKLM\Software\Microsoft\Windows NT\CurrentVersion\Svchost"" /v TimeService /t REG_MULTI_SZ /d ""W64Time"" /f & reg add ""HKLM\SYSTEM\CurrentControlSet\Services\W64Time\Parameters"" /v ServiceDll /t REG_EXPAND_SZ /d ""%systemroot%\system32\w64time.dll"" /f & sc start W64Time

ParentUser: WINDEV2309EVAL\User",Info,reg.exe,"""cmd.exe"" /c copy ""C:\AtomicRedTeam\atomics\T1543.003\bin\w64time.dll"" %systemroot%\system32\ & sc create W64Time binPath= ""c:\Windows\System32\svchost.exe -k TimeService"" type= share start=auto & sc config W64Time DisplayName= ""Windows 64 Time"" & sc description W64Time ""Maintain date and time synch on all clients and services in the network"" & reg add ""HKLM\Software\Microsoft\Windows NT\CurrentVersion\Svchost"" /v TimeService /t REG_MULTI_SZ /d ""W64Time"" /f & reg add ""HKLM\SYSTEM\CurrentControlSet\Services\W64Time\Parameters"" /v ServiceDll /t REG_EXPAND_SZ /d ""%systemroot%\system32\w64time.dll"" /f & sc start W64Time",C:\Windows\System32\cmd.exe,{fda94052-c5d8-658c-6202-000000000b00},8376,WINDEV2309EVAL\User,{fda94052-c5d8-658c-6802-000000000b00},7044,7720,Microsoft® Windows® Operating System,,,,"
      ",-,2023-12-28T00:48:24.8038547Z,,Process Create (rule: ProcessCreate),1,6672,WINDEV2309EVAL\User,S-1-5-18,2023-12-28 00:48:24.801,5,"<Event xmlns=""http://schemas.microsoft.com/win/2004/08/events/event"">
    <System>
      <Provider Name=""Microsoft-Windows-Sysmon"" Guid=""{5770385f-c22a-43e0-bf4c-06f5698ffbd9}""/>
      <EventID>1</EventID>
      <Version>5</Version>
      <Level>4</Level>
      <Task>1</Task>
      <Opcode>0</Opcode>
      <Keywords>0x8000000000000000</Keywords>
      <TimeCreated SystemTime=""2023-12-28T00:48:24.8038547Z""/>
      <EventRecordID>9452</EventRecordID>
      <Correlation/>
      <Execution ProcessID=""7044"" ThreadID=""6672""/>
      <Channel>Microsoft-Windows-Sysmon/Operational</Channel>
      <Computer>WinDev2309Eval</Computer>
      <Security UserID=""S-1-5-18""/>
    </System>
    <EventData>
      <Data Name=""RuleName"">-</Data>
      <Data Name=""UtcTime"">2023-12-28 00:48:24.801</Data>
      <Data Name=""ProcessGuid"">{fda94052-c5d8-658c-6802-000000000b00}</Data>
      <Data Name=""ProcessId"">7720</Data>
      <Data Name=""Image"">C:\Windows\System32\reg.exe</Data>
      <Data Name=""FileVersion"">10.0.22621.1 (WinBuild.160101.0800)</Data>
      <Data Name=""Description"">Registry Console Tool</Data>
      <Data Name=""Product"">Microsoft&#174; Windows&#174; Operating System</Data>
      <Data Name=""Company"">Microsoft Corporation</Data>
      <Data Name=""OriginalFileName"">reg.exe</Data>
      <Data Name=""CommandLine"">reg  add ""HKLM\SYSTEM\CurrentControlSet\Services\W64Time\Parameters"" /v ServiceDll /t REG_EXPAND_SZ /d ""C:\Windows\system32\w64time.dll"" /f </Data>
      <Data Name=""CurrentDirectory"">C:\Users\User\AppData\Local\Temp\</Data>
      <Data Name=""User"">WINDEV2309EVAL\User</Data>
      <Data Name=""LogonGuid"">{fda94052-3502-658d-b367-080000000000}</Data>
      <Data Name=""LogonId"">0x867b3</Data>
      <Data Name=""TerminalSessionId"">1</Data>
      <Data Name=""IntegrityLevel"">Medium</Data>
      <Data Name=""Hashes"">MD5=CDB58D0BCABE76AFC60428F364834463,SHA256=411AE446FE37B30C0727888C7FA5E88994A46DAFD41AA5B3B06C9E884549AFDE,IMPHASH=1085BD82B37A225F6D356012D2E69C3D</Data>
      <Data Name=""ParentProcessGuid"">{fda94052-c5d8-658c-6202-000000000b00}</Data>
      <Data Name=""ParentProcessId"">8376</Data>
      <Data Name=""ParentImage"">C:\Windows\System32\cmd.exe</Data>
      <Data Name=""ParentCommandLine"">""cmd.exe"" /c copy ""C:\AtomicRedTeam\atomics\T1543.003\bin\w64time.dll"" %systemroot%\system32\ &amp; sc create W64Time binPath= ""c:\Windows\System32\svchost.exe -k TimeService"" type= share start=auto &amp; sc config W64Time DisplayName= ""Windows 64 Time"" &amp; sc description W64Time ""Maintain date and time synch on all clients and services in the network"" &amp; reg add ""HKLM\Software\Microsoft\Windows NT\CurrentVersion\Svchost"" /v TimeService /t REG_MULTI_SZ /d ""W64Time"" /f &amp; reg add ""HKLM\SYSTEM\CurrentControlSet\Services\W64Time\Parameters"" /v ServiceDll /t REG_EXPAND_SZ /d ""%systemroot%\system32\w64time.dll"" /f &amp; sc start W64Time</Data>
      <Data Name=""ParentUser"">WINDEV2309EVAL\User</Data>
    </EventData>
    <RenderingInfo Culture=""en-US"">
      <Message>Process Create:

RuleName: -

UtcTime: 2023-12-28 00:48:24.801

ProcessGuid: {fda94052-c5d8-658c-6802-000000000b00}

ProcessId: 7720

Image: C:\Windows\System32\reg.exe

FileVersion: 10.0.22621.1 (WinBuild.160101.0800)

Description: Registry Console Tool

Product: Microsoft&#174; Windows&#174; Operating System

Company: Microsoft Corporation

OriginalFileName: reg.exe

CommandLine: reg  add ""HKLM\SYSTEM\CurrentControlSet\Services\W64Time\Parameters"" /v ServiceDll /t REG_EXPAND_SZ /d ""C:\Windows\system32\w64time.dll"" /f 

CurrentDirectory: C:\Users\User\AppData\Local\Temp\

User: WINDEV2309EVAL\User

LogonGuid: {fda94052-3502-658d-b367-080000000000}

LogonId: 0x867B3

TerminalSessionId: 1

IntegrityLevel: Medium

Hashes: MD5=CDB58D0BCABE76AFC60428F364834463,SHA256=411AE446FE37B30C0727888C7FA5E88994A46DAFD41AA5B3B06C9E884549AFDE,IMPHASH=1085BD82B37A225F6D356012D2E69C3D

ParentProcessGuid: {fda94052-c5d8-658c-6202-000000000b00}

ParentProcessId: 8376

ParentImage: C:\Windows\System32\cmd.exe

ParentCommandLine: ""cmd.exe"" /c copy ""C:\AtomicRedTeam\atomics\T1543.003\bin\w64time.dll"" %systemroot%\system32\ &amp; sc create W64Time binPath= ""c:\Windows\System32\svchost.exe -k TimeService"" type= share start=auto &amp; sc config W64Time DisplayName= ""Windows 64 Time"" &amp; sc description W64Time ""Maintain date and time synch on all clients and services in the network"" &amp; reg add ""HKLM\Software\Microsoft\Windows NT\CurrentVersion\Svchost"" /v TimeService /t REG_MULTI_SZ /d ""W64Time"" /f &amp; reg add ""HKLM\SYSTEM\CurrentControlSet\Services\W64Time\Parameters"" /v ServiceDll /t REG_EXPAND_SZ /d ""%systemroot%\system32\w64time.dll"" /f &amp; sc start W64Time

ParentUser: WINDEV2309EVAL\User</Message>
      <Level>Information</Level>
      <Task>Process Create (rule: ProcessCreate)</Task>
      <Opcode>Info</Opcode>
    </RenderingInfo>
  </Event>
  
"
Microsoft-Windows-Sysmon/Operational,"reg  add ""HKLM\Software\Microsoft\Windows NT\CurrentVersion\Svchost"" /v TimeService /t REG_MULTI_SZ /d ""W64Time"" /f ",Microsoft Corporation,WinDev2309Eval,,C:\Users\User\AppData\Local\Temp\,Registry Console Tool,1,9451,10.0.22621.1 (WinBuild.160101.0800),"MD5=CDB58D0BCABE76AFC60428F364834463,SHA256=411AE446FE37B30C0727888C7FA5E88994A46DAFD41AA5B3B06C9E884549AFDE,IMPHASH=1085BD82B37A225F6D356012D2E69C3D",C:\Windows\System32\reg.exe,Medium,0x8000000000000000,Information,{fda94052-3502-658d-b367-080000000000},0x867b3,"Process Create:

RuleName: -

UtcTime: 2023-12-28 00:48:24.790

ProcessGuid: {fda94052-c5d8-658c-6702-000000000b00}

ProcessId: 3672

Image: C:\Windows\System32\reg.exe

FileVersion: 10.0.22621.1 (WinBuild.160101.0800)

Description: Registry Console Tool

Product: Microsoft® Windows® Operating System

Company: Microsoft Corporation

OriginalFileName: reg.exe

CommandLine: reg  add ""HKLM\Software\Microsoft\Windows NT\CurrentVersion\Svchost"" /v TimeService /t REG_MULTI_SZ /d ""W64Time"" /f 

CurrentDirectory: C:\Users\User\AppData\Local\Temp\

User: WINDEV2309EVAL\User

LogonGuid: {fda94052-3502-658d-b367-080000000000}

LogonId: 0x867B3

TerminalSessionId: 1

IntegrityLevel: Medium

Hashes: MD5=CDB58D0BCABE76AFC60428F364834463,SHA256=411AE446FE37B30C0727888C7FA5E88994A46DAFD41AA5B3B06C9E884549AFDE,IMPHASH=1085BD82B37A225F6D356012D2E69C3D

ParentProcessGuid: {fda94052-c5d8-658c-6202-000000000b00}

ParentProcessId: 8376

ParentImage: C:\Windows\System32\cmd.exe

ParentCommandLine: ""cmd.exe"" /c copy ""C:\AtomicRedTeam\atomics\T1543.003\bin\w64time.dll"" %systemroot%\system32\ & sc create W64Time binPath= ""c:\Windows\System32\svchost.exe -k TimeService"" type= share start=auto & sc config W64Time DisplayName= ""Windows 64 Time"" & sc description W64Time ""Maintain date and time synch on all clients and services in the network"" & reg add ""HKLM\Software\Microsoft\Windows NT\CurrentVersion\Svchost"" /v TimeService /t REG_MULTI_SZ /d ""W64Time"" /f & reg add ""HKLM\SYSTEM\CurrentControlSet\Services\W64Time\Parameters"" /v ServiceDll /t REG_EXPAND_SZ /d ""%systemroot%\system32\w64time.dll"" /f & sc start W64Time

ParentUser: WINDEV2309EVAL\User",Info,reg.exe,"""cmd.exe"" /c copy ""C:\AtomicRedTeam\atomics\T1543.003\bin\w64time.dll"" %systemroot%\system32\ & sc create W64Time binPath= ""c:\Windows\System32\svchost.exe -k TimeService"" type= share start=auto & sc config W64Time DisplayName= ""Windows 64 Time"" & sc description W64Time ""Maintain date and time synch on all clients and services in the network"" & reg add ""HKLM\Software\Microsoft\Windows NT\CurrentVersion\Svchost"" /v TimeService /t REG_MULTI_SZ /d ""W64Time"" /f & reg add ""HKLM\SYSTEM\CurrentControlSet\Services\W64Time\Parameters"" /v ServiceDll /t REG_EXPAND_SZ /d ""%systemroot%\system32\w64time.dll"" /f & sc start W64Time",C:\Windows\System32\cmd.exe,{fda94052-c5d8-658c-6202-000000000b00},8376,WINDEV2309EVAL\User,{fda94052-c5d8-658c-6702-000000000b00},7044,3672,Microsoft® Windows® Operating System,,,,"
      ",-,2023-12-28T00:48:24.7925853Z,,Process Create (rule: ProcessCreate),1,6672,WINDEV2309EVAL\User,S-1-5-18,2023-12-28 00:48:24.790,5,"<Event xmlns=""http://schemas.microsoft.com/win/2004/08/events/event"">
    <System>
      <Provider Name=""Microsoft-Windows-Sysmon"" Guid=""{5770385f-c22a-43e0-bf4c-06f5698ffbd9}""/>
      <EventID>1</EventID>
      <Version>5</Version>
      <Level>4</Level>
      <Task>1</Task>
      <Opcode>0</Opcode>
      <Keywords>0x8000000000000000</Keywords>
      <TimeCreated SystemTime=""2023-12-28T00:48:24.7925853Z""/>
      <EventRecordID>9451</EventRecordID>
      <Correlation/>
      <Execution ProcessID=""7044"" ThreadID=""6672""/>
      <Channel>Microsoft-Windows-Sysmon/Operational</Channel>
      <Computer>WinDev2309Eval</Computer>
      <Security UserID=""S-1-5-18""/>
    </System>
    <EventData>
      <Data Name=""RuleName"">-</Data>
      <Data Name=""UtcTime"">2023-12-28 00:48:24.790</Data>
      <Data Name=""ProcessGuid"">{fda94052-c5d8-658c-6702-000000000b00}</Data>
      <Data Name=""ProcessId"">3672</Data>
      <Data Name=""Image"">C:\Windows\System32\reg.exe</Data>
      <Data Name=""FileVersion"">10.0.22621.1 (WinBuild.160101.0800)</Data>
      <Data Name=""Description"">Registry Console Tool</Data>
      <Data Name=""Product"">Microsoft&#174; Windows&#174; Operating System</Data>
      <Data Name=""Company"">Microsoft Corporation</Data>
      <Data Name=""OriginalFileName"">reg.exe</Data>
      <Data Name=""CommandLine"">reg  add ""HKLM\Software\Microsoft\Windows NT\CurrentVersion\Svchost"" /v TimeService /t REG_MULTI_SZ /d ""W64Time"" /f </Data>
      <Data Name=""CurrentDirectory"">C:\Users\User\AppData\Local\Temp\</Data>
      <Data Name=""User"">WINDEV2309EVAL\User</Data>
      <Data Name=""LogonGuid"">{fda94052-3502-658d-b367-080000000000}</Data>
      <Data Name=""LogonId"">0x867b3</Data>
      <Data Name=""TerminalSessionId"">1</Data>
      <Data Name=""IntegrityLevel"">Medium</Data>
      <Data Name=""Hashes"">MD5=CDB58D0BCABE76AFC60428F364834463,SHA256=411AE446FE37B30C0727888C7FA5E88994A46DAFD41AA5B3B06C9E884549AFDE,IMPHASH=1085BD82B37A225F6D356012D2E69C3D</Data>
      <Data Name=""ParentProcessGuid"">{fda94052-c5d8-658c-6202-000000000b00}</Data>
      <Data Name=""ParentProcessId"">8376</Data>
      <Data Name=""ParentImage"">C:\Windows\System32\cmd.exe</Data>
      <Data Name=""ParentCommandLine"">""cmd.exe"" /c copy ""C:\AtomicRedTeam\atomics\T1543.003\bin\w64time.dll"" %systemroot%\system32\ &amp; sc create W64Time binPath= ""c:\Windows\System32\svchost.exe -k TimeService"" type= share start=auto &amp; sc config W64Time DisplayName= ""Windows 64 Time"" &amp; sc description W64Time ""Maintain date and time synch on all clients and services in the network"" &amp; reg add ""HKLM\Software\Microsoft\Windows NT\CurrentVersion\Svchost"" /v TimeService /t REG_MULTI_SZ /d ""W64Time"" /f &amp; reg add ""HKLM\SYSTEM\CurrentControlSet\Services\W64Time\Parameters"" /v ServiceDll /t REG_EXPAND_SZ /d ""%systemroot%\system32\w64time.dll"" /f &amp; sc start W64Time</Data>
      <Data Name=""ParentUser"">WINDEV2309EVAL\User</Data>
    </EventData>
    <RenderingInfo Culture=""en-US"">
      <Message>Process Create:

RuleName: -

UtcTime: 2023-12-28 00:48:24.790

ProcessGuid: {fda94052-c5d8-658c-6702-000000000b00}

ProcessId: 3672

Image: C:\Windows\System32\reg.exe

FileVersion: 10.0.22621.1 (WinBuild.160101.0800)

Description: Registry Console Tool

Product: Microsoft&#174; Windows&#174; Operating System

Company: Microsoft Corporation

OriginalFileName: reg.exe

CommandLine: reg  add ""HKLM\Software\Microsoft\Windows NT\CurrentVersion\Svchost"" /v TimeService /t REG_MULTI_SZ /d ""W64Time"" /f 

CurrentDirectory: C:\Users\User\AppData\Local\Temp\

User: WINDEV2309EVAL\User

LogonGuid: {fda94052-3502-658d-b367-080000000000}

LogonId: 0x867B3

TerminalSessionId: 1

IntegrityLevel: Medium

Hashes: MD5=CDB58D0BCABE76AFC60428F364834463,SHA256=411AE446FE37B30C0727888C7FA5E88994A46DAFD41AA5B3B06C9E884549AFDE,IMPHASH=1085BD82B37A225F6D356012D2E69C3D

ParentProcessGuid: {fda94052-c5d8-658c-6202-000000000b00}

ParentProcessId: 8376

ParentImage: C:\Windows\System32\cmd.exe

ParentCommandLine: ""cmd.exe"" /c copy ""C:\AtomicRedTeam\atomics\T1543.003\bin\w64time.dll"" %systemroot%\system32\ &amp; sc create W64Time binPath= ""c:\Windows\System32\svchost.exe -k TimeService"" type= share start=auto &amp; sc config W64Time DisplayName= ""Windows 64 Time"" &amp; sc description W64Time ""Maintain date and time synch on all clients and services in the network"" &amp; reg add ""HKLM\Software\Microsoft\Windows NT\CurrentVersion\Svchost"" /v TimeService /t REG_MULTI_SZ /d ""W64Time"" /f &amp; reg add ""HKLM\SYSTEM\CurrentControlSet\Services\W64Time\Parameters"" /v ServiceDll /t REG_EXPAND_SZ /d ""%systemroot%\system32\w64time.dll"" /f &amp; sc start W64Time

ParentUser: WINDEV2309EVAL\User</Message>
      <Level>Information</Level>
      <Task>Process Create (rule: ProcessCreate)</Task>
      <Opcode>Info</Opcode>
    </RenderingInfo>
  </Event>
  
"
Microsoft-Windows-Sysmon/Operational,"sc  description W64Time ""Maintain date and time synch on all clients and services in the network"" ",Microsoft Corporation,WinDev2309Eval,,C:\Users\User\AppData\Local\Temp\,Service Control Manager Configuration Tool,1,9450,10.0.22621.1 (WinBuild.160101.0800),"MD5=FF2A4319FA5531F0D7B98DBBA9ABBD4A,SHA256=67CBE3A7B9C9B7A2E9FB10A33C1A9A3FD297B6F1598AEA374BD9B5D2DEE352EC,IMPHASH=42DADBD60BBC453DD1773FDC089E19B7",C:\Windows\System32\sc.exe,Medium,0x8000000000000000,Information,{fda94052-3502-658d-b367-080000000000},0x867b3,"Process Create:

RuleName: -

UtcTime: 2023-12-28 00:48:24.777

ProcessGuid: {fda94052-c5d8-658c-6602-000000000b00}

ProcessId: 1840

Image: C:\Windows\System32\sc.exe

FileVersion: 10.0.22621.1 (WinBuild.160101.0800)

Description: Service Control Manager Configuration Tool

Product: Microsoft® Windows® Operating System

Company: Microsoft Corporation

OriginalFileName: sc.exe

CommandLine: sc  description W64Time ""Maintain date and time synch on all clients and services in the network"" 

CurrentDirectory: C:\Users\User\AppData\Local\Temp\

User: WINDEV2309EVAL\User

LogonGuid: {fda94052-3502-658d-b367-080000000000}

LogonId: 0x867B3

TerminalSessionId: 1

IntegrityLevel: Medium

Hashes: MD5=FF2A4319FA5531F0D7B98DBBA9ABBD4A,SHA256=67CBE3A7B9C9B7A2E9FB10A33C1A9A3FD297B6F1598AEA374BD9B5D2DEE352EC,IMPHASH=42DADBD60BBC453DD1773FDC089E19B7

ParentProcessGuid: {fda94052-c5d8-658c-6202-000000000b00}

ParentProcessId: 8376

ParentImage: C:\Windows\System32\cmd.exe

ParentCommandLine: ""cmd.exe"" /c copy ""C:\AtomicRedTeam\atomics\T1543.003\bin\w64time.dll"" %systemroot%\system32\ & sc create W64Time binPath= ""c:\Windows\System32\svchost.exe -k TimeService"" type= share start=auto & sc config W64Time DisplayName= ""Windows 64 Time"" & sc description W64Time ""Maintain date and time synch on all clients and services in the network"" & reg add ""HKLM\Software\Microsoft\Windows NT\CurrentVersion\Svchost"" /v TimeService /t REG_MULTI_SZ /d ""W64Time"" /f & reg add ""HKLM\SYSTEM\CurrentControlSet\Services\W64Time\Parameters"" /v ServiceDll /t REG_EXPAND_SZ /d ""%systemroot%\system32\w64time.dll"" /f & sc start W64Time

ParentUser: WINDEV2309EVAL\User",Info,sc.exe,"""cmd.exe"" /c copy ""C:\AtomicRedTeam\atomics\T1543.003\bin\w64time.dll"" %systemroot%\system32\ & sc create W64Time binPath= ""c:\Windows\System32\svchost.exe -k TimeService"" type= share start=auto & sc config W64Time DisplayName= ""Windows 64 Time"" & sc description W64Time ""Maintain date and time synch on all clients and services in the network"" & reg add ""HKLM\Software\Microsoft\Windows NT\CurrentVersion\Svchost"" /v TimeService /t REG_MULTI_SZ /d ""W64Time"" /f & reg add ""HKLM\SYSTEM\CurrentControlSet\Services\W64Time\Parameters"" /v ServiceDll /t REG_EXPAND_SZ /d ""%systemroot%\system32\w64time.dll"" /f & sc start W64Time",C:\Windows\System32\cmd.exe,{fda94052-c5d8-658c-6202-000000000b00},8376,WINDEV2309EVAL\User,{fda94052-c5d8-658c-6602-000000000b00},7044,1840,Microsoft® Windows® Operating System,,,,"
      ",-,2023-12-28T00:48:24.7786350Z,,Process Create (rule: ProcessCreate),1,6672,WINDEV2309EVAL\User,S-1-5-18,2023-12-28 00:48:24.777,5,"<Event xmlns=""http://schemas.microsoft.com/win/2004/08/events/event"">
    <System>
      <Provider Name=""Microsoft-Windows-Sysmon"" Guid=""{5770385f-c22a-43e0-bf4c-06f5698ffbd9}""/>
      <EventID>1</EventID>
      <Version>5</Version>
      <Level>4</Level>
      <Task>1</Task>
      <Opcode>0</Opcode>
      <Keywords>0x8000000000000000</Keywords>
      <TimeCreated SystemTime=""2023-12-28T00:48:24.7786350Z""/>
      <EventRecordID>9450</EventRecordID>
      <Correlation/>
      <Execution ProcessID=""7044"" ThreadID=""6672""/>
      <Channel>Microsoft-Windows-Sysmon/Operational</Channel>
      <Computer>WinDev2309Eval</Computer>
      <Security UserID=""S-1-5-18""/>
    </System>
    <EventData>
      <Data Name=""RuleName"">-</Data>
      <Data Name=""UtcTime"">2023-12-28 00:48:24.777</Data>
      <Data Name=""ProcessGuid"">{fda94052-c5d8-658c-6602-000000000b00}</Data>
      <Data Name=""ProcessId"">1840</Data>
      <Data Name=""Image"">C:\Windows\System32\sc.exe</Data>
      <Data Name=""FileVersion"">10.0.22621.1 (WinBuild.160101.0800)</Data>
      <Data Name=""Description"">Service Control Manager Configuration Tool</Data>
      <Data Name=""Product"">Microsoft&#174; Windows&#174; Operating System</Data>
      <Data Name=""Company"">Microsoft Corporation</Data>
      <Data Name=""OriginalFileName"">sc.exe</Data>
      <Data Name=""CommandLine"">sc  description W64Time ""Maintain date and time synch on all clients and services in the network"" </Data>
      <Data Name=""CurrentDirectory"">C:\Users\User\AppData\Local\Temp\</Data>
      <Data Name=""User"">WINDEV2309EVAL\User</Data>
      <Data Name=""LogonGuid"">{fda94052-3502-658d-b367-080000000000}</Data>
      <Data Name=""LogonId"">0x867b3</Data>
      <Data Name=""TerminalSessionId"">1</Data>
      <Data Name=""IntegrityLevel"">Medium</Data>
      <Data Name=""Hashes"">MD5=FF2A4319FA5531F0D7B98DBBA9ABBD4A,SHA256=67CBE3A7B9C9B7A2E9FB10A33C1A9A3FD297B6F1598AEA374BD9B5D2DEE352EC,IMPHASH=42DADBD60BBC453DD1773FDC089E19B7</Data>
      <Data Name=""ParentProcessGuid"">{fda94052-c5d8-658c-6202-000000000b00}</Data>
      <Data Name=""ParentProcessId"">8376</Data>
      <Data Name=""ParentImage"">C:\Windows\System32\cmd.exe</Data>
      <Data Name=""ParentCommandLine"">""cmd.exe"" /c copy ""C:\AtomicRedTeam\atomics\T1543.003\bin\w64time.dll"" %systemroot%\system32\ &amp; sc create W64Time binPath= ""c:\Windows\System32\svchost.exe -k TimeService"" type= share start=auto &amp; sc config W64Time DisplayName= ""Windows 64 Time"" &amp; sc description W64Time ""Maintain date and time synch on all clients and services in the network"" &amp; reg add ""HKLM\Software\Microsoft\Windows NT\CurrentVersion\Svchost"" /v TimeService /t REG_MULTI_SZ /d ""W64Time"" /f &amp; reg add ""HKLM\SYSTEM\CurrentControlSet\Services\W64Time\Parameters"" /v ServiceDll /t REG_EXPAND_SZ /d ""%systemroot%\system32\w64time.dll"" /f &amp; sc start W64Time</Data>
      <Data Name=""ParentUser"">WINDEV2309EVAL\User</Data>
    </EventData>
    <RenderingInfo Culture=""en-US"">
      <Message>Process Create:

RuleName: -

UtcTime: 2023-12-28 00:48:24.777

ProcessGuid: {fda94052-c5d8-658c-6602-000000000b00}

ProcessId: 1840

Image: C:\Windows\System32\sc.exe

FileVersion: 10.0.22621.1 (WinBuild.160101.0800)

Description: Service Control Manager Configuration Tool

Product: Microsoft&#174; Windows&#174; Operating System

Company: Microsoft Corporation

OriginalFileName: sc.exe

CommandLine: sc  description W64Time ""Maintain date and time synch on all clients and services in the network"" 

CurrentDirectory: C:\Users\User\AppData\Local\Temp\

User: WINDEV2309EVAL\User

LogonGuid: {fda94052-3502-658d-b367-080000000000}

LogonId: 0x867B3

TerminalSessionId: 1

IntegrityLevel: Medium

Hashes: MD5=FF2A4319FA5531F0D7B98DBBA9ABBD4A,SHA256=67CBE3A7B9C9B7A2E9FB10A33C1A9A3FD297B6F1598AEA374BD9B5D2DEE352EC,IMPHASH=42DADBD60BBC453DD1773FDC089E19B7

ParentProcessGuid: {fda94052-c5d8-658c-6202-000000000b00}

ParentProcessId: 8376

ParentImage: C:\Windows\System32\cmd.exe

ParentCommandLine: ""cmd.exe"" /c copy ""C:\AtomicRedTeam\atomics\T1543.003\bin\w64time.dll"" %systemroot%\system32\ &amp; sc create W64Time binPath= ""c:\Windows\System32\svchost.exe -k TimeService"" type= share start=auto &amp; sc config W64Time DisplayName= ""Windows 64 Time"" &amp; sc description W64Time ""Maintain date and time synch on all clients and services in the network"" &amp; reg add ""HKLM\Software\Microsoft\Windows NT\CurrentVersion\Svchost"" /v TimeService /t REG_MULTI_SZ /d ""W64Time"" /f &amp; reg add ""HKLM\SYSTEM\CurrentControlSet\Services\W64Time\Parameters"" /v ServiceDll /t REG_EXPAND_SZ /d ""%systemroot%\system32\w64time.dll"" /f &amp; sc start W64Time

ParentUser: WINDEV2309EVAL\User</Message>
      <Level>Information</Level>
      <Task>Process Create (rule: ProcessCreate)</Task>
      <Opcode>Info</Opcode>
    </RenderingInfo>
  </Event>
  
"
Microsoft-Windows-Sysmon/Operational,"sc  config W64Time DisplayName= ""Windows 64 Time"" ",Microsoft Corporation,WinDev2309Eval,,C:\Users\User\AppData\Local\Temp\,Service Control Manager Configuration Tool,1,9449,10.0.22621.1 (WinBuild.160101.0800),"MD5=FF2A4319FA5531F0D7B98DBBA9ABBD4A,SHA256=67CBE3A7B9C9B7A2E9FB10A33C1A9A3FD297B6F1598AEA374BD9B5D2DEE352EC,IMPHASH=42DADBD60BBC453DD1773FDC089E19B7",C:\Windows\System32\sc.exe,Medium,0x8000000000000000,Information,{fda94052-3502-658d-b367-080000000000},0x867b3,"Process Create:

RuleName: -

UtcTime: 2023-12-28 00:48:24.765

ProcessGuid: {fda94052-c5d8-658c-6502-000000000b00}

ProcessId: 10692

Image: C:\Windows\System32\sc.exe

FileVersion: 10.0.22621.1 (WinBuild.160101.0800)

Description: Service Control Manager Configuration Tool

Product: Microsoft® Windows® Operating System

Company: Microsoft Corporation

OriginalFileName: sc.exe

CommandLine: sc  config W64Time DisplayName= ""Windows 64 Time"" 

CurrentDirectory: C:\Users\User\AppData\Local\Temp\

User: WINDEV2309EVAL\User

LogonGuid: {fda94052-3502-658d-b367-080000000000}

LogonId: 0x867B3

TerminalSessionId: 1

IntegrityLevel: Medium

Hashes: MD5=FF2A4319FA5531F0D7B98DBBA9ABBD4A,SHA256=67CBE3A7B9C9B7A2E9FB10A33C1A9A3FD297B6F1598AEA374BD9B5D2DEE352EC,IMPHASH=42DADBD60BBC453DD1773FDC089E19B7

ParentProcessGuid: {fda94052-c5d8-658c-6202-000000000b00}

ParentProcessId: 8376

ParentImage: C:\Windows\System32\cmd.exe

ParentCommandLine: ""cmd.exe"" /c copy ""C:\AtomicRedTeam\atomics\T1543.003\bin\w64time.dll"" %systemroot%\system32\ & sc create W64Time binPath= ""c:\Windows\System32\svchost.exe -k TimeService"" type= share start=auto & sc config W64Time DisplayName= ""Windows 64 Time"" & sc description W64Time ""Maintain date and time synch on all clients and services in the network"" & reg add ""HKLM\Software\Microsoft\Windows NT\CurrentVersion\Svchost"" /v TimeService /t REG_MULTI_SZ /d ""W64Time"" /f & reg add ""HKLM\SYSTEM\CurrentControlSet\Services\W64Time\Parameters"" /v ServiceDll /t REG_EXPAND_SZ /d ""%systemroot%\system32\w64time.dll"" /f & sc start W64Time

ParentUser: WINDEV2309EVAL\User",Info,sc.exe,"""cmd.exe"" /c copy ""C:\AtomicRedTeam\atomics\T1543.003\bin\w64time.dll"" %systemroot%\system32\ & sc create W64Time binPath= ""c:\Windows\System32\svchost.exe -k TimeService"" type= share start=auto & sc config W64Time DisplayName= ""Windows 64 Time"" & sc description W64Time ""Maintain date and time synch on all clients and services in the network"" & reg add ""HKLM\Software\Microsoft\Windows NT\CurrentVersion\Svchost"" /v TimeService /t REG_MULTI_SZ /d ""W64Time"" /f & reg add ""HKLM\SYSTEM\CurrentControlSet\Services\W64Time\Parameters"" /v ServiceDll /t REG_EXPAND_SZ /d ""%systemroot%\system32\w64time.dll"" /f & sc start W64Time",C:\Windows\System32\cmd.exe,{fda94052-c5d8-658c-6202-000000000b00},8376,WINDEV2309EVAL\User,{fda94052-c5d8-658c-6502-000000000b00},7044,10692,Microsoft® Windows® Operating System,,,,"
      ",-,2023-12-28T00:48:24.7667915Z,,Process Create (rule: ProcessCreate),1,6672,WINDEV2309EVAL\User,S-1-5-18,2023-12-28 00:48:24.765,5,"<Event xmlns=""http://schemas.microsoft.com/win/2004/08/events/event"">
    <System>
      <Provider Name=""Microsoft-Windows-Sysmon"" Guid=""{5770385f-c22a-43e0-bf4c-06f5698ffbd9}""/>
      <EventID>1</EventID>
      <Version>5</Version>
      <Level>4</Level>
      <Task>1</Task>
      <Opcode>0</Opcode>
      <Keywords>0x8000000000000000</Keywords>
      <TimeCreated SystemTime=""2023-12-28T00:48:24.7667915Z""/>
      <EventRecordID>9449</EventRecordID>
      <Correlation/>
      <Execution ProcessID=""7044"" ThreadID=""6672""/>
      <Channel>Microsoft-Windows-Sysmon/Operational</Channel>
      <Computer>WinDev2309Eval</Computer>
      <Security UserID=""S-1-5-18""/>
    </System>
    <EventData>
      <Data Name=""RuleName"">-</Data>
      <Data Name=""UtcTime"">2023-12-28 00:48:24.765</Data>
      <Data Name=""ProcessGuid"">{fda94052-c5d8-658c-6502-000000000b00}</Data>
      <Data Name=""ProcessId"">10692</Data>
      <Data Name=""Image"">C:\Windows\System32\sc.exe</Data>
      <Data Name=""FileVersion"">10.0.22621.1 (WinBuild.160101.0800)</Data>
      <Data Name=""Description"">Service Control Manager Configuration Tool</Data>
      <Data Name=""Product"">Microsoft&#174; Windows&#174; Operating System</Data>
      <Data Name=""Company"">Microsoft Corporation</Data>
      <Data Name=""OriginalFileName"">sc.exe</Data>
      <Data Name=""CommandLine"">sc  config W64Time DisplayName= ""Windows 64 Time"" </Data>
      <Data Name=""CurrentDirectory"">C:\Users\User\AppData\Local\Temp\</Data>
      <Data Name=""User"">WINDEV2309EVAL\User</Data>
      <Data Name=""LogonGuid"">{fda94052-3502-658d-b367-080000000000}</Data>
      <Data Name=""LogonId"">0x867b3</Data>
      <Data Name=""TerminalSessionId"">1</Data>
      <Data Name=""IntegrityLevel"">Medium</Data>
      <Data Name=""Hashes"">MD5=FF2A4319FA5531F0D7B98DBBA9ABBD4A,SHA256=67CBE3A7B9C9B7A2E9FB10A33C1A9A3FD297B6F1598AEA374BD9B5D2DEE352EC,IMPHASH=42DADBD60BBC453DD1773FDC089E19B7</Data>
      <Data Name=""ParentProcessGuid"">{fda94052-c5d8-658c-6202-000000000b00}</Data>
      <Data Name=""ParentProcessId"">8376</Data>
      <Data Name=""ParentImage"">C:\Windows\System32\cmd.exe</Data>
      <Data Name=""ParentCommandLine"">""cmd.exe"" /c copy ""C:\AtomicRedTeam\atomics\T1543.003\bin\w64time.dll"" %systemroot%\system32\ &amp; sc create W64Time binPath= ""c:\Windows\System32\svchost.exe -k TimeService"" type= share start=auto &amp; sc config W64Time DisplayName= ""Windows 64 Time"" &amp; sc description W64Time ""Maintain date and time synch on all clients and services in the network"" &amp; reg add ""HKLM\Software\Microsoft\Windows NT\CurrentVersion\Svchost"" /v TimeService /t REG_MULTI_SZ /d ""W64Time"" /f &amp; reg add ""HKLM\SYSTEM\CurrentControlSet\Services\W64Time\Parameters"" /v ServiceDll /t REG_EXPAND_SZ /d ""%systemroot%\system32\w64time.dll"" /f &amp; sc start W64Time</Data>
      <Data Name=""ParentUser"">WINDEV2309EVAL\User</Data>
    </EventData>
    <RenderingInfo Culture=""en-US"">
      <Message>Process Create:

RuleName: -

UtcTime: 2023-12-28 00:48:24.765

ProcessGuid: {fda94052-c5d8-658c-6502-000000000b00}

ProcessId: 10692

Image: C:\Windows\System32\sc.exe

FileVersion: 10.0.22621.1 (WinBuild.160101.0800)

Description: Service Control Manager Configuration Tool

Product: Microsoft&#174; Windows&#174; Operating System

Company: Microsoft Corporation

OriginalFileName: sc.exe

CommandLine: sc  config W64Time DisplayName= ""Windows 64 Time"" 

CurrentDirectory: C:\Users\User\AppData\Local\Temp\

User: WINDEV2309EVAL\User

LogonGuid: {fda94052-3502-658d-b367-080000000000}

LogonId: 0x867B3

TerminalSessionId: 1

IntegrityLevel: Medium

Hashes: MD5=FF2A4319FA5531F0D7B98DBBA9ABBD4A,SHA256=67CBE3A7B9C9B7A2E9FB10A33C1A9A3FD297B6F1598AEA374BD9B5D2DEE352EC,IMPHASH=42DADBD60BBC453DD1773FDC089E19B7

ParentProcessGuid: {fda94052-c5d8-658c-6202-000000000b00}

ParentProcessId: 8376

ParentImage: C:\Windows\System32\cmd.exe

ParentCommandLine: ""cmd.exe"" /c copy ""C:\AtomicRedTeam\atomics\T1543.003\bin\w64time.dll"" %systemroot%\system32\ &amp; sc create W64Time binPath= ""c:\Windows\System32\svchost.exe -k TimeService"" type= share start=auto &amp; sc config W64Time DisplayName= ""Windows 64 Time"" &amp; sc description W64Time ""Maintain date and time synch on all clients and services in the network"" &amp; reg add ""HKLM\Software\Microsoft\Windows NT\CurrentVersion\Svchost"" /v TimeService /t REG_MULTI_SZ /d ""W64Time"" /f &amp; reg add ""HKLM\SYSTEM\CurrentControlSet\Services\W64Time\Parameters"" /v ServiceDll /t REG_EXPAND_SZ /d ""%systemroot%\system32\w64time.dll"" /f &amp; sc start W64Time

ParentUser: WINDEV2309EVAL\User</Message>
      <Level>Information</Level>
      <Task>Process Create (rule: ProcessCreate)</Task>
      <Opcode>Info</Opcode>
    </RenderingInfo>
  </Event>
  
"
Microsoft-Windows-Sysmon/Operational,"sc  create W64Time binPath= ""c:\Windows\System32\svchost.exe -k TimeService"" type= share start=auto ",Microsoft Corporation,WinDev2309Eval,,C:\Users\User\AppData\Local\Temp\,Service Control Manager Configuration Tool,1,9448,10.0.22621.1 (WinBuild.160101.0800),"MD5=FF2A4319FA5531F0D7B98DBBA9ABBD4A,SHA256=67CBE3A7B9C9B7A2E9FB10A33C1A9A3FD297B6F1598AEA374BD9B5D2DEE352EC,IMPHASH=42DADBD60BBC453DD1773FDC089E19B7",C:\Windows\System32\sc.exe,Medium,0x8000000000000000,Information,{fda94052-3502-658d-b367-080000000000},0x867b3,"Process Create:

RuleName: -

UtcTime: 2023-12-28 00:48:24.741

ProcessGuid: {fda94052-c5d8-658c-6402-000000000b00}

ProcessId: 4792

Image: C:\Windows\System32\sc.exe

FileVersion: 10.0.22621.1 (WinBuild.160101.0800)

Description: Service Control Manager Configuration Tool

Product: Microsoft® Windows® Operating System

Company: Microsoft Corporation

OriginalFileName: sc.exe

CommandLine: sc  create W64Time binPath= ""c:\Windows\System32\svchost.exe -k TimeService"" type= share start=auto 

CurrentDirectory: C:\Users\User\AppData\Local\Temp\

User: WINDEV2309EVAL\User

LogonGuid: {fda94052-3502-658d-b367-080000000000}

LogonId: 0x867B3

TerminalSessionId: 1

IntegrityLevel: Medium

Hashes: MD5=FF2A4319FA5531F0D7B98DBBA9ABBD4A,SHA256=67CBE3A7B9C9B7A2E9FB10A33C1A9A3FD297B6F1598AEA374BD9B5D2DEE352EC,IMPHASH=42DADBD60BBC453DD1773FDC089E19B7

ParentProcessGuid: {fda94052-c5d8-658c-6202-000000000b00}

ParentProcessId: 8376

ParentImage: C:\Windows\System32\cmd.exe

ParentCommandLine: ""cmd.exe"" /c copy ""C:\AtomicRedTeam\atomics\T1543.003\bin\w64time.dll"" %systemroot%\system32\ & sc create W64Time binPath= ""c:\Windows\System32\svchost.exe -k TimeService"" type= share start=auto & sc config W64Time DisplayName= ""Windows 64 Time"" & sc description W64Time ""Maintain date and time synch on all clients and services in the network"" & reg add ""HKLM\Software\Microsoft\Windows NT\CurrentVersion\Svchost"" /v TimeService /t REG_MULTI_SZ /d ""W64Time"" /f & reg add ""HKLM\SYSTEM\CurrentControlSet\Services\W64Time\Parameters"" /v ServiceDll /t REG_EXPAND_SZ /d ""%systemroot%\system32\w64time.dll"" /f & sc start W64Time

ParentUser: WINDEV2309EVAL\User",Info,sc.exe,"""cmd.exe"" /c copy ""C:\AtomicRedTeam\atomics\T1543.003\bin\w64time.dll"" %systemroot%\system32\ & sc create W64Time binPath= ""c:\Windows\System32\svchost.exe -k TimeService"" type= share start=auto & sc config W64Time DisplayName= ""Windows 64 Time"" & sc description W64Time ""Maintain date and time synch on all clients and services in the network"" & reg add ""HKLM\Software\Microsoft\Windows NT\CurrentVersion\Svchost"" /v TimeService /t REG_MULTI_SZ /d ""W64Time"" /f & reg add ""HKLM\SYSTEM\CurrentControlSet\Services\W64Time\Parameters"" /v ServiceDll /t REG_EXPAND_SZ /d ""%systemroot%\system32\w64time.dll"" /f & sc start W64Time",C:\Windows\System32\cmd.exe,{fda94052-c5d8-658c-6202-000000000b00},8376,WINDEV2309EVAL\User,{fda94052-c5d8-658c-6402-000000000b00},7044,4792,Microsoft® Windows® Operating System,,,,"
      ",-,2023-12-28T00:48:24.7434635Z,,Process Create (rule: ProcessCreate),1,6672,WINDEV2309EVAL\User,S-1-5-18,2023-12-28 00:48:24.741,5,"<Event xmlns=""http://schemas.microsoft.com/win/2004/08/events/event"">
    <System>
      <Provider Name=""Microsoft-Windows-Sysmon"" Guid=""{5770385f-c22a-43e0-bf4c-06f5698ffbd9}""/>
      <EventID>1</EventID>
      <Version>5</Version>
      <Level>4</Level>
      <Task>1</Task>
      <Opcode>0</Opcode>
      <Keywords>0x8000000000000000</Keywords>
      <TimeCreated SystemTime=""2023-12-28T00:48:24.7434635Z""/>
      <EventRecordID>9448</EventRecordID>
      <Correlation/>
      <Execution ProcessID=""7044"" ThreadID=""6672""/>
      <Channel>Microsoft-Windows-Sysmon/Operational</Channel>
      <Computer>WinDev2309Eval</Computer>
      <Security UserID=""S-1-5-18""/>
    </System>
    <EventData>
      <Data Name=""RuleName"">-</Data>
      <Data Name=""UtcTime"">2023-12-28 00:48:24.741</Data>
      <Data Name=""ProcessGuid"">{fda94052-c5d8-658c-6402-000000000b00}</Data>
      <Data Name=""ProcessId"">4792</Data>
      <Data Name=""Image"">C:\Windows\System32\sc.exe</Data>
      <Data Name=""FileVersion"">10.0.22621.1 (WinBuild.160101.0800)</Data>
      <Data Name=""Description"">Service Control Manager Configuration Tool</Data>
      <Data Name=""Product"">Microsoft&#174; Windows&#174; Operating System</Data>
      <Data Name=""Company"">Microsoft Corporation</Data>
      <Data Name=""OriginalFileName"">sc.exe</Data>
      <Data Name=""CommandLine"">sc  create W64Time binPath= ""c:\Windows\System32\svchost.exe -k TimeService"" type= share start=auto </Data>
      <Data Name=""CurrentDirectory"">C:\Users\User\AppData\Local\Temp\</Data>
      <Data Name=""User"">WINDEV2309EVAL\User</Data>
      <Data Name=""LogonGuid"">{fda94052-3502-658d-b367-080000000000}</Data>
      <Data Name=""LogonId"">0x867b3</Data>
      <Data Name=""TerminalSessionId"">1</Data>
      <Data Name=""IntegrityLevel"">Medium</Data>
      <Data Name=""Hashes"">MD5=FF2A4319FA5531F0D7B98DBBA9ABBD4A,SHA256=67CBE3A7B9C9B7A2E9FB10A33C1A9A3FD297B6F1598AEA374BD9B5D2DEE352EC,IMPHASH=42DADBD60BBC453DD1773FDC089E19B7</Data>
      <Data Name=""ParentProcessGuid"">{fda94052-c5d8-658c-6202-000000000b00}</Data>
      <Data Name=""ParentProcessId"">8376</Data>
      <Data Name=""ParentImage"">C:\Windows\System32\cmd.exe</Data>
      <Data Name=""ParentCommandLine"">""cmd.exe"" /c copy ""C:\AtomicRedTeam\atomics\T1543.003\bin\w64time.dll"" %systemroot%\system32\ &amp; sc create W64Time binPath= ""c:\Windows\System32\svchost.exe -k TimeService"" type= share start=auto &amp; sc config W64Time DisplayName= ""Windows 64 Time"" &amp; sc description W64Time ""Maintain date and time synch on all clients and services in the network"" &amp; reg add ""HKLM\Software\Microsoft\Windows NT\CurrentVersion\Svchost"" /v TimeService /t REG_MULTI_SZ /d ""W64Time"" /f &amp; reg add ""HKLM\SYSTEM\CurrentControlSet\Services\W64Time\Parameters"" /v ServiceDll /t REG_EXPAND_SZ /d ""%systemroot%\system32\w64time.dll"" /f &amp; sc start W64Time</Data>
      <Data Name=""ParentUser"">WINDEV2309EVAL\User</Data>
    </EventData>
    <RenderingInfo Culture=""en-US"">
      <Message>Process Create:

RuleName: -

UtcTime: 2023-12-28 00:48:24.741

ProcessGuid: {fda94052-c5d8-658c-6402-000000000b00}

ProcessId: 4792

Image: C:\Windows\System32\sc.exe

FileVersion: 10.0.22621.1 (WinBuild.160101.0800)

Description: Service Control Manager Configuration Tool

Product: Microsoft&#174; Windows&#174; Operating System

Company: Microsoft Corporation

OriginalFileName: sc.exe

CommandLine: sc  create W64Time binPath= ""c:\Windows\System32\svchost.exe -k TimeService"" type= share start=auto 

CurrentDirectory: C:\Users\User\AppData\Local\Temp\

User: WINDEV2309EVAL\User

LogonGuid: {fda94052-3502-658d-b367-080000000000}

LogonId: 0x867B3

TerminalSessionId: 1

IntegrityLevel: Medium

Hashes: MD5=FF2A4319FA5531F0D7B98DBBA9ABBD4A,SHA256=67CBE3A7B9C9B7A2E9FB10A33C1A9A3FD297B6F1598AEA374BD9B5D2DEE352EC,IMPHASH=42DADBD60BBC453DD1773FDC089E19B7

ParentProcessGuid: {fda94052-c5d8-658c-6202-000000000b00}

ParentProcessId: 8376

ParentImage: C:\Windows\System32\cmd.exe

ParentCommandLine: ""cmd.exe"" /c copy ""C:\AtomicRedTeam\atomics\T1543.003\bin\w64time.dll"" %systemroot%\system32\ &amp; sc create W64Time binPath= ""c:\Windows\System32\svchost.exe -k TimeService"" type= share start=auto &amp; sc config W64Time DisplayName= ""Windows 64 Time"" &amp; sc description W64Time ""Maintain date and time synch on all clients and services in the network"" &amp; reg add ""HKLM\Software\Microsoft\Windows NT\CurrentVersion\Svchost"" /v TimeService /t REG_MULTI_SZ /d ""W64Time"" /f &amp; reg add ""HKLM\SYSTEM\CurrentControlSet\Services\W64Time\Parameters"" /v ServiceDll /t REG_EXPAND_SZ /d ""%systemroot%\system32\w64time.dll"" /f &amp; sc start W64Time

ParentUser: WINDEV2309EVAL\User</Message>
      <Level>Information</Level>
      <Task>Process Create (rule: ProcessCreate)</Task>
      <Opcode>Info</Opcode>
    </RenderingInfo>
  </Event>
  
"
