Microsoft-Windows-Sysmon/Operational,"""C:\Program Files (x86)\Microsoft\Edge\Application\msedge.exe"" --type=utility --utility-sub-type=data_decoder.mojom.DataDecoderService --lang=en-US --service-sandbox-type=service --mojo-platform-channel-handle=8092 --field-trial-handle=2012,i,14121881332492415831,1209340753367914572,262144 --variations-seed-version /prefetch:8",Microsoft Corporation,WinDev2309Eval,,C:\Program Files (x86)\Microsoft\Edge\Application\120.0.2210.91\,Microsoft Edge,,,,,,,1,9453,,120.0.2210.91,"MD5=F6E7A024CC79AC12294D0DA6072C5073,SHA256=628792B5B5A4D71B8D66B1A1C6B775B84E3A5E64C0C05B8D7138164FBAD5C21A,IMPHASH=EA4CA1F8E3B3D9373D39C13FD1348A63",C:\Program Files (x86)\Microsoft\Edge\Application\msedge.exe,,Low,0x8000000000000000,Information,{fda94052-3502-658d-b367-080000000000},0x867b3,"Process Create:

RuleName: -

UtcTime: 2023-12-28 09:06:34.531

ProcessGuid: {fda94052-3a9a-658d-6402-000000000b00}

ProcessId: 3524

Image: C:\Program Files (x86)\Microsoft\Edge\Application\msedge.exe

FileVersion: 120.0.2210.91

Description: Microsoft Edge

Product: Microsoft Edge

Company: Microsoft Corporation

OriginalFileName: msedge.exe

CommandLine: ""C:\Program Files (x86)\Microsoft\Edge\Application\msedge.exe"" --type=utility --utility-sub-type=data_decoder.mojom.DataDecoderService --lang=en-US --service-sandbox-type=service --mojo-platform-channel-handle=8092 --field-trial-handle=2012,i,14121881332492415831,1209340753367914572,262144 --variations-seed-version /prefetch:8

CurrentDirectory: C:\Program Files (x86)\Microsoft\Edge\Application\120.0.2210.91\

User: WINDEV2309EVAL\User

LogonGuid: {fda94052-3502-658d-b367-080000000000}

LogonId: 0x867B3

TerminalSessionId: 1

IntegrityLevel: Low

Hashes: MD5=F6E7A024CC79AC12294D0DA6072C5073,SHA256=628792B5B5A4D71B8D66B1A1C6B775B84E3A5E64C0C05B8D7138164FBAD5C21A,IMPHASH=EA4CA1F8E3B3D9373D39C13FD1348A63

ParentProcessGuid: {fda94052-b84e-658c-0402-000000000b00}

ParentProcessId: 8488

ParentImage: C:\Program Files (x86)\Microsoft\Edge\Application\msedge.exe

ParentCommandLine: ""C:\Program Files (x86)\Microsoft\Edge\Application\msedge.exe"" --no-startup-window /prefetch:5

ParentUser: WINDEV2309EVAL\User",Info,msedge.exe,"""C:\Program Files (x86)\Microsoft\Edge\Application\msedge.exe"" --no-startup-window /prefetch:5",C:\Program Files (x86)\Microsoft\Edge\Application\msedge.exe,{fda94052-b84e-658c-0402-000000000b00},8488,WINDEV2309EVAL\User,{fda94052-3a9a-658d-6402-000000000b00},7044,3524,Microsoft Edge,,,,,"
      ",-,,,,,,2023-12-28T09:06:34.5330235Z,,,Process Create (rule: ProcessCreate),1,6672,WINDEV2309EVAL\User,S-1-5-18,2023-12-28 09:06:34.531,5,"<Event xmlns=""http://schemas.microsoft.com/win/2004/08/events/event"">
    <System>
      <Provider Name=""Microsoft-Windows-Sysmon"" Guid=""{5770385f-c22a-43e0-bf4c-06f5698ffbd9}""/>
      <EventID>1</EventID>
      <Version>5</Version>
      <Level>4</Level>
      <Task>1</Task>
      <Opcode>0</Opcode>
      <Keywords>0x8000000000000000</Keywords>
      <TimeCreated SystemTime=""2023-12-28T09:06:34.5330235Z""/>
      <EventRecordID>9453</EventRecordID>
      <Correlation/>
      <Execution ProcessID=""7044"" ThreadID=""6672""/>
      <Channel>Microsoft-Windows-Sysmon/Operational</Channel>
      <Computer>WinDev2309Eval</Computer>
      <Security UserID=""S-1-5-18""/>
    </System>
    <EventData>
      <Data Name=""RuleName"">-</Data>
      <Data Name=""UtcTime"">2023-12-28 09:06:34.531</Data>
      <Data Name=""ProcessGuid"">{fda94052-3a9a-658d-6402-000000000b00}</Data>
      <Data Name=""ProcessId"">3524</Data>
      <Data Name=""Image"">C:\Program Files (x86)\Microsoft\Edge\Application\msedge.exe</Data>
      <Data Name=""FileVersion"">120.0.2210.91</Data>
      <Data Name=""Description"">Microsoft Edge</Data>
      <Data Name=""Product"">Microsoft Edge</Data>
      <Data Name=""Company"">Microsoft Corporation</Data>
      <Data Name=""OriginalFileName"">msedge.exe</Data>
      <Data Name=""CommandLine"">""C:\Program Files (x86)\Microsoft\Edge\Application\msedge.exe"" --type=utility --utility-sub-type=data_decoder.mojom.DataDecoderService --lang=en-US --service-sandbox-type=service --mojo-platform-channel-handle=8092 --field-trial-handle=2012,i,14121881332492415831,1209340753367914572,262144 --variations-seed-version /prefetch:8</Data>
      <Data Name=""CurrentDirectory"">C:\Program Files (x86)\Microsoft\Edge\Application\120.0.2210.91\</Data>
      <Data Name=""User"">WINDEV2309EVAL\User</Data>
      <Data Name=""LogonGuid"">{fda94052-3502-658d-b367-080000000000}</Data>
      <Data Name=""LogonId"">0x867b3</Data>
      <Data Name=""TerminalSessionId"">1</Data>
      <Data Name=""IntegrityLevel"">Low</Data>
      <Data Name=""Hashes"">MD5=F6E7A024CC79AC12294D0DA6072C5073,SHA256=628792B5B5A4D71B8D66B1A1C6B775B84E3A5E64C0C05B8D7138164FBAD5C21A,IMPHASH=EA4CA1F8E3B3D9373D39C13FD1348A63</Data>
      <Data Name=""ParentProcessGuid"">{fda94052-b84e-658c-0402-000000000b00}</Data>
      <Data Name=""ParentProcessId"">8488</Data>
      <Data Name=""ParentImage"">C:\Program Files (x86)\Microsoft\Edge\Application\msedge.exe</Data>
      <Data Name=""ParentCommandLine"">""C:\Program Files (x86)\Microsoft\Edge\Application\msedge.exe"" --no-startup-window /prefetch:5</Data>
      <Data Name=""ParentUser"">WINDEV2309EVAL\User</Data>
    </EventData>
    <RenderingInfo Culture=""en-US"">
      <Message>Process Create:

RuleName: -

UtcTime: 2023-12-28 09:06:34.531

ProcessGuid: {fda94052-3a9a-658d-6402-000000000b00}

ProcessId: 3524

Image: C:\Program Files (x86)\Microsoft\Edge\Application\msedge.exe

FileVersion: 120.0.2210.91

Description: Microsoft Edge

Product: Microsoft Edge

Company: Microsoft Corporation

OriginalFileName: msedge.exe

CommandLine: ""C:\Program Files (x86)\Microsoft\Edge\Application\msedge.exe"" --type=utility --utility-sub-type=data_decoder.mojom.DataDecoderService --lang=en-US --service-sandbox-type=service --mojo-platform-channel-handle=8092 --field-trial-handle=2012,i,14121881332492415831,1209340753367914572,262144 --variations-seed-version /prefetch:8

CurrentDirectory: C:\Program Files (x86)\Microsoft\Edge\Application\120.0.2210.91\

User: WINDEV2309EVAL\User

LogonGuid: {fda94052-3502-658d-b367-080000000000}

LogonId: 0x867B3

TerminalSessionId: 1

IntegrityLevel: Low

Hashes: MD5=F6E7A024CC79AC12294D0DA6072C5073,SHA256=628792B5B5A4D71B8D66B1A1C6B775B84E3A5E64C0C05B8D7138164FBAD5C21A,IMPHASH=EA4CA1F8E3B3D9373D39C13FD1348A63

ParentProcessGuid: {fda94052-b84e-658c-0402-000000000b00}

ParentProcessId: 8488

ParentImage: C:\Program Files (x86)\Microsoft\Edge\Application\msedge.exe

ParentCommandLine: ""C:\Program Files (x86)\Microsoft\Edge\Application\msedge.exe"" --no-startup-window /prefetch:5

ParentUser: WINDEV2309EVAL\User</Message>
      <Level>Information</Level>
      <Task>Process Create (rule: ProcessCreate)</Task>
      <Opcode>Info</Opcode>
    </RenderingInfo>
  </Event>
  
"
Microsoft-Windows-Sysmon/Operational,"""C:\Program Files (x86)\Microsoft\Edge\Application\msedge.exe"" --type=utility --utility-sub-type=data_decoder.mojom.DataDecoderService --lang=en-US --service-sandbox-type=service --mojo-platform-channel-handle=7828 --field-trial-handle=2012,i,14121881332492415831,1209340753367914572,262144 --variations-seed-version /prefetch:8",Microsoft Corporation,WinDev2309Eval,,C:\Program Files (x86)\Microsoft\Edge\Application\120.0.2210.91\,Microsoft Edge,,,,,,,1,9452,,120.0.2210.91,"MD5=F6E7A024CC79AC12294D0DA6072C5073,SHA256=628792B5B5A4D71B8D66B1A1C6B775B84E3A5E64C0C05B8D7138164FBAD5C21A,IMPHASH=EA4CA1F8E3B3D9373D39C13FD1348A63",C:\Program Files (x86)\Microsoft\Edge\Application\msedge.exe,,Low,0x8000000000000000,Information,{fda94052-3502-658d-b367-080000000000},0x867b3,"Process Create:

RuleName: -

UtcTime: 2023-12-28 09:06:34.522

ProcessGuid: {fda94052-3a9a-658d-6302-000000000b00}

ProcessId: 6992

Image: C:\Program Files (x86)\Microsoft\Edge\Application\msedge.exe

FileVersion: 120.0.2210.91

Description: Microsoft Edge

Product: Microsoft Edge

Company: Microsoft Corporation

OriginalFileName: msedge.exe

CommandLine: ""C:\Program Files (x86)\Microsoft\Edge\Application\msedge.exe"" --type=utility --utility-sub-type=data_decoder.mojom.DataDecoderService --lang=en-US --service-sandbox-type=service --mojo-platform-channel-handle=7828 --field-trial-handle=2012,i,14121881332492415831,1209340753367914572,262144 --variations-seed-version /prefetch:8

CurrentDirectory: C:\Program Files (x86)\Microsoft\Edge\Application\120.0.2210.91\

User: WINDEV2309EVAL\User

LogonGuid: {fda94052-3502-658d-b367-080000000000}

LogonId: 0x867B3

TerminalSessionId: 1

IntegrityLevel: Low

Hashes: MD5=F6E7A024CC79AC12294D0DA6072C5073,SHA256=628792B5B5A4D71B8D66B1A1C6B775B84E3A5E64C0C05B8D7138164FBAD5C21A,IMPHASH=EA4CA1F8E3B3D9373D39C13FD1348A63

ParentProcessGuid: {fda94052-b84e-658c-0402-000000000b00}

ParentProcessId: 8488

ParentImage: C:\Program Files (x86)\Microsoft\Edge\Application\msedge.exe

ParentCommandLine: ""C:\Program Files (x86)\Microsoft\Edge\Application\msedge.exe"" --no-startup-window /prefetch:5

ParentUser: WINDEV2309EVAL\User",Info,msedge.exe,"""C:\Program Files (x86)\Microsoft\Edge\Application\msedge.exe"" --no-startup-window /prefetch:5",C:\Program Files (x86)\Microsoft\Edge\Application\msedge.exe,{fda94052-b84e-658c-0402-000000000b00},8488,WINDEV2309EVAL\User,{fda94052-3a9a-658d-6302-000000000b00},7044,6992,Microsoft Edge,,,,,"
      ",-,,,,,,2023-12-28T09:06:34.5324883Z,,,Process Create (rule: ProcessCreate),1,6672,WINDEV2309EVAL\User,S-1-5-18,2023-12-28 09:06:34.522,5,"<Event xmlns=""http://schemas.microsoft.com/win/2004/08/events/event"">
    <System>
      <Provider Name=""Microsoft-Windows-Sysmon"" Guid=""{5770385f-c22a-43e0-bf4c-06f5698ffbd9}""/>
      <EventID>1</EventID>
      <Version>5</Version>
      <Level>4</Level>
      <Task>1</Task>
      <Opcode>0</Opcode>
      <Keywords>0x8000000000000000</Keywords>
      <TimeCreated SystemTime=""2023-12-28T09:06:34.5324883Z""/>
      <EventRecordID>9452</EventRecordID>
      <Correlation/>
      <Execution ProcessID=""7044"" ThreadID=""6672""/>
      <Channel>Microsoft-Windows-Sysmon/Operational</Channel>
      <Computer>WinDev2309Eval</Computer>
      <Security UserID=""S-1-5-18""/>
    </System>
    <EventData>
      <Data Name=""RuleName"">-</Data>
      <Data Name=""UtcTime"">2023-12-28 09:06:34.522</Data>
      <Data Name=""ProcessGuid"">{fda94052-3a9a-658d-6302-000000000b00}</Data>
      <Data Name=""ProcessId"">6992</Data>
      <Data Name=""Image"">C:\Program Files (x86)\Microsoft\Edge\Application\msedge.exe</Data>
      <Data Name=""FileVersion"">120.0.2210.91</Data>
      <Data Name=""Description"">Microsoft Edge</Data>
      <Data Name=""Product"">Microsoft Edge</Data>
      <Data Name=""Company"">Microsoft Corporation</Data>
      <Data Name=""OriginalFileName"">msedge.exe</Data>
      <Data Name=""CommandLine"">""C:\Program Files (x86)\Microsoft\Edge\Application\msedge.exe"" --type=utility --utility-sub-type=data_decoder.mojom.DataDecoderService --lang=en-US --service-sandbox-type=service --mojo-platform-channel-handle=7828 --field-trial-handle=2012,i,14121881332492415831,1209340753367914572,262144 --variations-seed-version /prefetch:8</Data>
      <Data Name=""CurrentDirectory"">C:\Program Files (x86)\Microsoft\Edge\Application\120.0.2210.91\</Data>
      <Data Name=""User"">WINDEV2309EVAL\User</Data>
      <Data Name=""LogonGuid"">{fda94052-3502-658d-b367-080000000000}</Data>
      <Data Name=""LogonId"">0x867b3</Data>
      <Data Name=""TerminalSessionId"">1</Data>
      <Data Name=""IntegrityLevel"">Low</Data>
      <Data Name=""Hashes"">MD5=F6E7A024CC79AC12294D0DA6072C5073,SHA256=628792B5B5A4D71B8D66B1A1C6B775B84E3A5E64C0C05B8D7138164FBAD5C21A,IMPHASH=EA4CA1F8E3B3D9373D39C13FD1348A63</Data>
      <Data Name=""ParentProcessGuid"">{fda94052-b84e-658c-0402-000000000b00}</Data>
      <Data Name=""ParentProcessId"">8488</Data>
      <Data Name=""ParentImage"">C:\Program Files (x86)\Microsoft\Edge\Application\msedge.exe</Data>
      <Data Name=""ParentCommandLine"">""C:\Program Files (x86)\Microsoft\Edge\Application\msedge.exe"" --no-startup-window /prefetch:5</Data>
      <Data Name=""ParentUser"">WINDEV2309EVAL\User</Data>
    </EventData>
    <RenderingInfo Culture=""en-US"">
      <Message>Process Create:

RuleName: -

UtcTime: 2023-12-28 09:06:34.522

ProcessGuid: {fda94052-3a9a-658d-6302-000000000b00}

ProcessId: 6992

Image: C:\Program Files (x86)\Microsoft\Edge\Application\msedge.exe

FileVersion: 120.0.2210.91

Description: Microsoft Edge

Product: Microsoft Edge

Company: Microsoft Corporation

OriginalFileName: msedge.exe

CommandLine: ""C:\Program Files (x86)\Microsoft\Edge\Application\msedge.exe"" --type=utility --utility-sub-type=data_decoder.mojom.DataDecoderService --lang=en-US --service-sandbox-type=service --mojo-platform-channel-handle=7828 --field-trial-handle=2012,i,14121881332492415831,1209340753367914572,262144 --variations-seed-version /prefetch:8

CurrentDirectory: C:\Program Files (x86)\Microsoft\Edge\Application\120.0.2210.91\

User: WINDEV2309EVAL\User

LogonGuid: {fda94052-3502-658d-b367-080000000000}

LogonId: 0x867B3

TerminalSessionId: 1

IntegrityLevel: Low

Hashes: MD5=F6E7A024CC79AC12294D0DA6072C5073,SHA256=628792B5B5A4D71B8D66B1A1C6B775B84E3A5E64C0C05B8D7138164FBAD5C21A,IMPHASH=EA4CA1F8E3B3D9373D39C13FD1348A63

ParentProcessGuid: {fda94052-b84e-658c-0402-000000000b00}

ParentProcessId: 8488

ParentImage: C:\Program Files (x86)\Microsoft\Edge\Application\msedge.exe

ParentCommandLine: ""C:\Program Files (x86)\Microsoft\Edge\Application\msedge.exe"" --no-startup-window /prefetch:5

ParentUser: WINDEV2309EVAL\User</Message>
      <Level>Information</Level>
      <Task>Process Create (rule: ProcessCreate)</Task>
      <Opcode>Info</Opcode>
    </RenderingInfo>
  </Event>
  
"
Microsoft-Windows-Sysmon/Operational,"""C:\Program Files (x86)\Microsoft\Edge\Application\msedge.exe"" --type=utility --utility-sub-type=data_decoder.mojom.DataDecoderService --lang=en-US --service-sandbox-type=service --mojo-platform-channel-handle=6272 --field-trial-handle=2012,i,14121881332492415831,1209340753367914572,262144 --variations-seed-version /prefetch:8",Microsoft Corporation,WinDev2309Eval,,C:\Program Files (x86)\Microsoft\Edge\Application\120.0.2210.91\,Microsoft Edge,,,,,,,1,9451,,120.0.2210.91,"MD5=F6E7A024CC79AC12294D0DA6072C5073,SHA256=628792B5B5A4D71B8D66B1A1C6B775B84E3A5E64C0C05B8D7138164FBAD5C21A,IMPHASH=EA4CA1F8E3B3D9373D39C13FD1348A63",C:\Program Files (x86)\Microsoft\Edge\Application\msedge.exe,,Low,0x8000000000000000,Information,{fda94052-3502-658d-b367-080000000000},0x867b3,"Process Create:

RuleName: -

UtcTime: 2023-12-28 09:06:34.432

ProcessGuid: {fda94052-3a9a-658d-6202-000000000b00}

ProcessId: 6612

Image: C:\Program Files (x86)\Microsoft\Edge\Application\msedge.exe

FileVersion: 120.0.2210.91

Description: Microsoft Edge

Product: Microsoft Edge

Company: Microsoft Corporation

OriginalFileName: msedge.exe

CommandLine: ""C:\Program Files (x86)\Microsoft\Edge\Application\msedge.exe"" --type=utility --utility-sub-type=data_decoder.mojom.DataDecoderService --lang=en-US --service-sandbox-type=service --mojo-platform-channel-handle=6272 --field-trial-handle=2012,i,14121881332492415831,1209340753367914572,262144 --variations-seed-version /prefetch:8

CurrentDirectory: C:\Program Files (x86)\Microsoft\Edge\Application\120.0.2210.91\

User: WINDEV2309EVAL\User

LogonGuid: {fda94052-3502-658d-b367-080000000000}

LogonId: 0x867B3

TerminalSessionId: 1

IntegrityLevel: Low

Hashes: MD5=F6E7A024CC79AC12294D0DA6072C5073,SHA256=628792B5B5A4D71B8D66B1A1C6B775B84E3A5E64C0C05B8D7138164FBAD5C21A,IMPHASH=EA4CA1F8E3B3D9373D39C13FD1348A63

ParentProcessGuid: {fda94052-b84e-658c-0402-000000000b00}

ParentProcessId: 8488

ParentImage: C:\Program Files (x86)\Microsoft\Edge\Application\msedge.exe

ParentCommandLine: ""C:\Program Files (x86)\Microsoft\Edge\Application\msedge.exe"" --no-startup-window /prefetch:5

ParentUser: WINDEV2309EVAL\User",Info,msedge.exe,"""C:\Program Files (x86)\Microsoft\Edge\Application\msedge.exe"" --no-startup-window /prefetch:5",C:\Program Files (x86)\Microsoft\Edge\Application\msedge.exe,{fda94052-b84e-658c-0402-000000000b00},8488,WINDEV2309EVAL\User,{fda94052-3a9a-658d-6202-000000000b00},7044,6612,Microsoft Edge,,,,,"
      ",-,,,,,,2023-12-28T09:06:34.4401874Z,,,Process Create (rule: ProcessCreate),1,6672,WINDEV2309EVAL\User,S-1-5-18,2023-12-28 09:06:34.432,5,"<Event xmlns=""http://schemas.microsoft.com/win/2004/08/events/event"">
    <System>
      <Provider Name=""Microsoft-Windows-Sysmon"" Guid=""{5770385f-c22a-43e0-bf4c-06f5698ffbd9}""/>
      <EventID>1</EventID>
      <Version>5</Version>
      <Level>4</Level>
      <Task>1</Task>
      <Opcode>0</Opcode>
      <Keywords>0x8000000000000000</Keywords>
      <TimeCreated SystemTime=""2023-12-28T09:06:34.4401874Z""/>
      <EventRecordID>9451</EventRecordID>
      <Correlation/>
      <Execution ProcessID=""7044"" ThreadID=""6672""/>
      <Channel>Microsoft-Windows-Sysmon/Operational</Channel>
      <Computer>WinDev2309Eval</Computer>
      <Security UserID=""S-1-5-18""/>
    </System>
    <EventData>
      <Data Name=""RuleName"">-</Data>
      <Data Name=""UtcTime"">2023-12-28 09:06:34.432</Data>
      <Data Name=""ProcessGuid"">{fda94052-3a9a-658d-6202-000000000b00}</Data>
      <Data Name=""ProcessId"">6612</Data>
      <Data Name=""Image"">C:\Program Files (x86)\Microsoft\Edge\Application\msedge.exe</Data>
      <Data Name=""FileVersion"">120.0.2210.91</Data>
      <Data Name=""Description"">Microsoft Edge</Data>
      <Data Name=""Product"">Microsoft Edge</Data>
      <Data Name=""Company"">Microsoft Corporation</Data>
      <Data Name=""OriginalFileName"">msedge.exe</Data>
      <Data Name=""CommandLine"">""C:\Program Files (x86)\Microsoft\Edge\Application\msedge.exe"" --type=utility --utility-sub-type=data_decoder.mojom.DataDecoderService --lang=en-US --service-sandbox-type=service --mojo-platform-channel-handle=6272 --field-trial-handle=2012,i,14121881332492415831,1209340753367914572,262144 --variations-seed-version /prefetch:8</Data>
      <Data Name=""CurrentDirectory"">C:\Program Files (x86)\Microsoft\Edge\Application\120.0.2210.91\</Data>
      <Data Name=""User"">WINDEV2309EVAL\User</Data>
      <Data Name=""LogonGuid"">{fda94052-3502-658d-b367-080000000000}</Data>
      <Data Name=""LogonId"">0x867b3</Data>
      <Data Name=""TerminalSessionId"">1</Data>
      <Data Name=""IntegrityLevel"">Low</Data>
      <Data Name=""Hashes"">MD5=F6E7A024CC79AC12294D0DA6072C5073,SHA256=628792B5B5A4D71B8D66B1A1C6B775B84E3A5E64C0C05B8D7138164FBAD5C21A,IMPHASH=EA4CA1F8E3B3D9373D39C13FD1348A63</Data>
      <Data Name=""ParentProcessGuid"">{fda94052-b84e-658c-0402-000000000b00}</Data>
      <Data Name=""ParentProcessId"">8488</Data>
      <Data Name=""ParentImage"">C:\Program Files (x86)\Microsoft\Edge\Application\msedge.exe</Data>
      <Data Name=""ParentCommandLine"">""C:\Program Files (x86)\Microsoft\Edge\Application\msedge.exe"" --no-startup-window /prefetch:5</Data>
      <Data Name=""ParentUser"">WINDEV2309EVAL\User</Data>
    </EventData>
    <RenderingInfo Culture=""en-US"">
      <Message>Process Create:

RuleName: -

UtcTime: 2023-12-28 09:06:34.432

ProcessGuid: {fda94052-3a9a-658d-6202-000000000b00}

ProcessId: 6612

Image: C:\Program Files (x86)\Microsoft\Edge\Application\msedge.exe

FileVersion: 120.0.2210.91

Description: Microsoft Edge

Product: Microsoft Edge

Company: Microsoft Corporation

OriginalFileName: msedge.exe

CommandLine: ""C:\Program Files (x86)\Microsoft\Edge\Application\msedge.exe"" --type=utility --utility-sub-type=data_decoder.mojom.DataDecoderService --lang=en-US --service-sandbox-type=service --mojo-platform-channel-handle=6272 --field-trial-handle=2012,i,14121881332492415831,1209340753367914572,262144 --variations-seed-version /prefetch:8

CurrentDirectory: C:\Program Files (x86)\Microsoft\Edge\Application\120.0.2210.91\

User: WINDEV2309EVAL\User

LogonGuid: {fda94052-3502-658d-b367-080000000000}

LogonId: 0x867B3

TerminalSessionId: 1

IntegrityLevel: Low

Hashes: MD5=F6E7A024CC79AC12294D0DA6072C5073,SHA256=628792B5B5A4D71B8D66B1A1C6B775B84E3A5E64C0C05B8D7138164FBAD5C21A,IMPHASH=EA4CA1F8E3B3D9373D39C13FD1348A63

ParentProcessGuid: {fda94052-b84e-658c-0402-000000000b00}

ParentProcessId: 8488

ParentImage: C:\Program Files (x86)\Microsoft\Edge\Application\msedge.exe

ParentCommandLine: ""C:\Program Files (x86)\Microsoft\Edge\Application\msedge.exe"" --no-startup-window /prefetch:5

ParentUser: WINDEV2309EVAL\User</Message>
      <Level>Information</Level>
      <Task>Process Create (rule: ProcessCreate)</Task>
      <Opcode>Info</Opcode>
    </RenderingInfo>
  </Event>
  
"
Microsoft-Windows-Sysmon/Operational,,,WinDev2309Eval,,,,,,,,,,22,9450,,,,C:\Program Files (x86)\Microsoft\EdgeWebView\Application\120.0.2210.91\msedgewebview2.exe,,,0x8000000000000000,Information,,,"Dns query:

RuleName: -

UtcTime: 2023-12-27 23:54:06.444

ProcessGuid: {fda94052-b85d-658c-1a02-000000000b00}

ProcessId: 9268

QueryName: deff.nelreports.net

QueryStatus: 0

QueryResults: type: 5 deff.nelreports.net.akamaized.net;type: 5 a1858.dscd.akamai.net;::ffff:104.91.71.141;::ffff:104.91.71.138;

Image: C:\Program Files (x86)\Microsoft\EdgeWebView\Application\120.0.2210.91\msedgewebview2.exe

User: WINDEV2309EVAL\User",Info,,,,,,,{fda94052-b85d-658c-1a02-000000000b00},7044,9268,,,deff.nelreports.net,type: 5 deff.nelreports.net.akamaized.net;type: 5 a1858.dscd.akamai.net;::ffff:104.91.71.141;::ffff:104.91.71.138;,0,"
      ",-,,,,,,2023-12-28T09:06:33.1646037Z,,,Dns query (rule: DnsQuery),,1124,WINDEV2309EVAL\User,S-1-5-18,2023-12-27 23:54:06.444,5,"<Event xmlns=""http://schemas.microsoft.com/win/2004/08/events/event"">
    <System>
      <Provider Name=""Microsoft-Windows-Sysmon"" Guid=""{5770385f-c22a-43e0-bf4c-06f5698ffbd9}""/>
      <EventID>22</EventID>
      <Version>5</Version>
      <Level>4</Level>
      <Task>22</Task>
      <Opcode>0</Opcode>
      <Keywords>0x8000000000000000</Keywords>
      <TimeCreated SystemTime=""2023-12-28T09:06:33.1646037Z""/>
      <EventRecordID>9450</EventRecordID>
      <Correlation/>
      <Execution ProcessID=""7044"" ThreadID=""1124""/>
      <Channel>Microsoft-Windows-Sysmon/Operational</Channel>
      <Computer>WinDev2309Eval</Computer>
      <Security UserID=""S-1-5-18""/>
    </System>
    <EventData>
      <Data Name=""RuleName"">-</Data>
      <Data Name=""UtcTime"">2023-12-27 23:54:06.444</Data>
      <Data Name=""ProcessGuid"">{fda94052-b85d-658c-1a02-000000000b00}</Data>
      <Data Name=""ProcessId"">9268</Data>
      <Data Name=""QueryName"">deff.nelreports.net</Data>
      <Data Name=""QueryStatus"">0</Data>
      <Data Name=""QueryResults"">type: 5 deff.nelreports.net.akamaized.net;type: 5 a1858.dscd.akamai.net;::ffff:104.91.71.141;::ffff:104.91.71.138;</Data>
      <Data Name=""Image"">C:\Program Files (x86)\Microsoft\EdgeWebView\Application\120.0.2210.91\msedgewebview2.exe</Data>
      <Data Name=""User"">WINDEV2309EVAL\User</Data>
    </EventData>
    <RenderingInfo Culture=""en-US"">
      <Message>Dns query:

RuleName: -

UtcTime: 2023-12-27 23:54:06.444

ProcessGuid: {fda94052-b85d-658c-1a02-000000000b00}

ProcessId: 9268

QueryName: deff.nelreports.net

QueryStatus: 0

QueryResults: type: 5 deff.nelreports.net.akamaized.net;type: 5 a1858.dscd.akamai.net;::ffff:104.91.71.141;::ffff:104.91.71.138;

Image: C:\Program Files (x86)\Microsoft\EdgeWebView\Application\120.0.2210.91\msedgewebview2.exe

User: WINDEV2309EVAL\User</Message>
      <Level>Information</Level>
      <Task>Dns query (rule: DnsQuery)</Task>
      <Opcode>Info</Opcode>
    </RenderingInfo>
  </Event>
  
"
Microsoft-Windows-Sysmon/Operational,"""C:\Program Files (x86)\Microsoft\Edge\Application\msedge.exe"" --type=utility --utility-sub-type=unzip.mojom.Unzipper --lang=en-US --service-sandbox-type=service --mojo-platform-channel-handle=3992 --field-trial-handle=2012,i,14121881332492415831,1209340753367914572,262144 --variations-seed-version /prefetch:8",Microsoft Corporation,WinDev2309Eval,,C:\Program Files (x86)\Microsoft\Edge\Application\120.0.2210.91\,Microsoft Edge,,,,,,,1,9449,,120.0.2210.91,"MD5=F6E7A024CC79AC12294D0DA6072C5073,SHA256=628792B5B5A4D71B8D66B1A1C6B775B84E3A5E64C0C05B8D7138164FBAD5C21A,IMPHASH=EA4CA1F8E3B3D9373D39C13FD1348A63",C:\Program Files (x86)\Microsoft\Edge\Application\msedge.exe,,Low,0x8000000000000000,Information,{fda94052-3502-658d-b367-080000000000},0x867b3,"Process Create:

RuleName: -

UtcTime: 2023-12-28 09:06:33.092

ProcessGuid: {fda94052-3a99-658d-6102-000000000b00}

ProcessId: 5104

Image: C:\Program Files (x86)\Microsoft\Edge\Application\msedge.exe

FileVersion: 120.0.2210.91

Description: Microsoft Edge

Product: Microsoft Edge

Company: Microsoft Corporation

OriginalFileName: msedge.exe

CommandLine: ""C:\Program Files (x86)\Microsoft\Edge\Application\msedge.exe"" --type=utility --utility-sub-type=unzip.mojom.Unzipper --lang=en-US --service-sandbox-type=service --mojo-platform-channel-handle=3992 --field-trial-handle=2012,i,14121881332492415831,1209340753367914572,262144 --variations-seed-version /prefetch:8

CurrentDirectory: C:\Program Files (x86)\Microsoft\Edge\Application\120.0.2210.91\

User: WINDEV2309EVAL\User

LogonGuid: {fda94052-3502-658d-b367-080000000000}

LogonId: 0x867B3

TerminalSessionId: 1

IntegrityLevel: Low

Hashes: MD5=F6E7A024CC79AC12294D0DA6072C5073,SHA256=628792B5B5A4D71B8D66B1A1C6B775B84E3A5E64C0C05B8D7138164FBAD5C21A,IMPHASH=EA4CA1F8E3B3D9373D39C13FD1348A63

ParentProcessGuid: {fda94052-b84e-658c-0402-000000000b00}

ParentProcessId: 8488

ParentImage: C:\Program Files (x86)\Microsoft\Edge\Application\msedge.exe

ParentCommandLine: ""C:\Program Files (x86)\Microsoft\Edge\Application\msedge.exe"" --no-startup-window /prefetch:5

ParentUser: WINDEV2309EVAL\User",Info,msedge.exe,"""C:\Program Files (x86)\Microsoft\Edge\Application\msedge.exe"" --no-startup-window /prefetch:5",C:\Program Files (x86)\Microsoft\Edge\Application\msedge.exe,{fda94052-b84e-658c-0402-000000000b00},8488,WINDEV2309EVAL\User,{fda94052-3a99-658d-6102-000000000b00},7044,5104,Microsoft Edge,,,,,"
      ",-,,,,,,2023-12-28T09:06:33.0946712Z,,,Process Create (rule: ProcessCreate),1,6672,WINDEV2309EVAL\User,S-1-5-18,2023-12-28 09:06:33.092,5,"<Event xmlns=""http://schemas.microsoft.com/win/2004/08/events/event"">
    <System>
      <Provider Name=""Microsoft-Windows-Sysmon"" Guid=""{5770385f-c22a-43e0-bf4c-06f5698ffbd9}""/>
      <EventID>1</EventID>
      <Version>5</Version>
      <Level>4</Level>
      <Task>1</Task>
      <Opcode>0</Opcode>
      <Keywords>0x8000000000000000</Keywords>
      <TimeCreated SystemTime=""2023-12-28T09:06:33.0946712Z""/>
      <EventRecordID>9449</EventRecordID>
      <Correlation/>
      <Execution ProcessID=""7044"" ThreadID=""6672""/>
      <Channel>Microsoft-Windows-Sysmon/Operational</Channel>
      <Computer>WinDev2309Eval</Computer>
      <Security UserID=""S-1-5-18""/>
    </System>
    <EventData>
      <Data Name=""RuleName"">-</Data>
      <Data Name=""UtcTime"">2023-12-28 09:06:33.092</Data>
      <Data Name=""ProcessGuid"">{fda94052-3a99-658d-6102-000000000b00}</Data>
      <Data Name=""ProcessId"">5104</Data>
      <Data Name=""Image"">C:\Program Files (x86)\Microsoft\Edge\Application\msedge.exe</Data>
      <Data Name=""FileVersion"">120.0.2210.91</Data>
      <Data Name=""Description"">Microsoft Edge</Data>
      <Data Name=""Product"">Microsoft Edge</Data>
      <Data Name=""Company"">Microsoft Corporation</Data>
      <Data Name=""OriginalFileName"">msedge.exe</Data>
      <Data Name=""CommandLine"">""C:\Program Files (x86)\Microsoft\Edge\Application\msedge.exe"" --type=utility --utility-sub-type=unzip.mojom.Unzipper --lang=en-US --service-sandbox-type=service --mojo-platform-channel-handle=3992 --field-trial-handle=2012,i,14121881332492415831,1209340753367914572,262144 --variations-seed-version /prefetch:8</Data>
      <Data Name=""CurrentDirectory"">C:\Program Files (x86)\Microsoft\Edge\Application\120.0.2210.91\</Data>
      <Data Name=""User"">WINDEV2309EVAL\User</Data>
      <Data Name=""LogonGuid"">{fda94052-3502-658d-b367-080000000000}</Data>
      <Data Name=""LogonId"">0x867b3</Data>
      <Data Name=""TerminalSessionId"">1</Data>
      <Data Name=""IntegrityLevel"">Low</Data>
      <Data Name=""Hashes"">MD5=F6E7A024CC79AC12294D0DA6072C5073,SHA256=628792B5B5A4D71B8D66B1A1C6B775B84E3A5E64C0C05B8D7138164FBAD5C21A,IMPHASH=EA4CA1F8E3B3D9373D39C13FD1348A63</Data>
      <Data Name=""ParentProcessGuid"">{fda94052-b84e-658c-0402-000000000b00}</Data>
      <Data Name=""ParentProcessId"">8488</Data>
      <Data Name=""ParentImage"">C:\Program Files (x86)\Microsoft\Edge\Application\msedge.exe</Data>
      <Data Name=""ParentCommandLine"">""C:\Program Files (x86)\Microsoft\Edge\Application\msedge.exe"" --no-startup-window /prefetch:5</Data>
      <Data Name=""ParentUser"">WINDEV2309EVAL\User</Data>
    </EventData>
    <RenderingInfo Culture=""en-US"">
      <Message>Process Create:

RuleName: -

UtcTime: 2023-12-28 09:06:33.092

ProcessGuid: {fda94052-3a99-658d-6102-000000000b00}

ProcessId: 5104

Image: C:\Program Files (x86)\Microsoft\Edge\Application\msedge.exe

FileVersion: 120.0.2210.91

Description: Microsoft Edge

Product: Microsoft Edge

Company: Microsoft Corporation

OriginalFileName: msedge.exe

CommandLine: ""C:\Program Files (x86)\Microsoft\Edge\Application\msedge.exe"" --type=utility --utility-sub-type=unzip.mojom.Unzipper --lang=en-US --service-sandbox-type=service --mojo-platform-channel-handle=3992 --field-trial-handle=2012,i,14121881332492415831,1209340753367914572,262144 --variations-seed-version /prefetch:8

CurrentDirectory: C:\Program Files (x86)\Microsoft\Edge\Application\120.0.2210.91\

User: WINDEV2309EVAL\User

LogonGuid: {fda94052-3502-658d-b367-080000000000}

LogonId: 0x867B3

TerminalSessionId: 1

IntegrityLevel: Low

Hashes: MD5=F6E7A024CC79AC12294D0DA6072C5073,SHA256=628792B5B5A4D71B8D66B1A1C6B775B84E3A5E64C0C05B8D7138164FBAD5C21A,IMPHASH=EA4CA1F8E3B3D9373D39C13FD1348A63

ParentProcessGuid: {fda94052-b84e-658c-0402-000000000b00}

ParentProcessId: 8488

ParentImage: C:\Program Files (x86)\Microsoft\Edge\Application\msedge.exe

ParentCommandLine: ""C:\Program Files (x86)\Microsoft\Edge\Application\msedge.exe"" --no-startup-window /prefetch:5

ParentUser: WINDEV2309EVAL\User</Message>
      <Level>Information</Level>
      <Task>Process Create (rule: ProcessCreate)</Task>
      <Opcode>Info</Opcode>
    </RenderingInfo>
  </Event>

"
