Channel,CommandLine,Company,Computer,CreationUtcTime,CurrentDirectory,Description,DestinationHostname,DestinationIp,DestinationIsIpv6,DestinationPort,DestinationPortName,Details,EventID,EventRecordID,EventType,FileVersion,Hashes,Image,Initiated,IntegrityLevel,Keywords,Level,LogonGuid,LogonId,Message,Opcode,OriginalFileName,ParentCommandLine,ParentImage,ParentProcessGuid,ParentProcessId,ParentUser,ProcessGuid,ProcessID,ProcessId,Product,Protocol,QueryName,QueryResults,QueryStatus,RenderingInfo,RuleName,SourceHostname,SourceIp,SourceIsIpv6,SourcePort,SourcePortName,SystemTime,TargetFilename,TargetObject,Task,TerminalSessionId,ThreadID,User,UserID,UtcTime,Version,raw
Microsoft-Windows-Sysmon/Operational,,,WinDev2309Eval,,,,,,,,,,22,9482,,,,C:\Windows\system32\svchost.exe,,,0x8000000000000000,Information,,,"Dns query:

RuleName: -

UtcTime: 2023-12-27 23:54:30.299

ProcessGuid: {fda94052-34f2-658d-3f00-000000000b00}

ProcessId: 2948

QueryName: wpad

QueryStatus: 1460

QueryResults: -

Image: C:\Windows\system32\svchost.exe

User: NT AUTHORITY\LOCAL SERVICE",Info,,,,,,,{fda94052-34f2-658d-3f00-000000000b00},7044,2948,,,wpad,-,1460,"
      ",-,,,,,,2023-12-28T08:59:36.0567525Z,,,Dns query (rule: DnsQuery),,1124,NT AUTHORITY\LOCAL SERVICE,S-1-5-18,2023-12-27 23:54:30.299,5,"<Event xmlns=""http://schemas.microsoft.com/win/2004/08/events/event"">
    <System>
      <Provider Name=""Microsoft-Windows-Sysmon"" Guid=""{5770385f-c22a-43e0-bf4c-06f5698ffbd9}""/>
      <EventID>22</EventID>
      <Version>5</Version>
      <Level>4</Level>
      <Task>22</Task>
      <Opcode>0</Opcode>
      <Keywords>0x8000000000000000</Keywords>
      <TimeCreated SystemTime=""2023-12-28T08:59:36.0567525Z""/>
      <EventRecordID>9482</EventRecordID>
      <Correlation/>
      <Execution ProcessID=""7044"" ThreadID=""1124""/>
      <Channel>Microsoft-Windows-Sysmon/Operational</Channel>
      <Computer>WinDev2309Eval</Computer>
      <Security UserID=""S-1-5-18""/>
    </System>
    <EventData>
      <Data Name=""RuleName"">-</Data>
      <Data Name=""UtcTime"">2023-12-27 23:54:30.299</Data>
      <Data Name=""ProcessGuid"">{fda94052-34f2-658d-3f00-000000000b00}</Data>
      <Data Name=""ProcessId"">2948</Data>
      <Data Name=""QueryName"">wpad</Data>
      <Data Name=""QueryStatus"">1460</Data>
      <Data Name=""QueryResults"">-</Data>
      <Data Name=""Image"">C:\Windows\system32\svchost.exe</Data>
      <Data Name=""User"">NT AUTHORITY\LOCAL SERVICE</Data>
    </EventData>
    <RenderingInfo Culture=""en-US"">
      <Message>Dns query:

RuleName: -

UtcTime: 2023-12-27 23:54:30.299

ProcessGuid: {fda94052-34f2-658d-3f00-000000000b00}

ProcessId: 2948

QueryName: wpad

QueryStatus: 1460

QueryResults: -

Image: C:\Windows\system32\svchost.exe

User: NT AUTHORITY\LOCAL SERVICE</Message>
      <Level>Information</Level>
      <Task>Dns query (rule: DnsQuery)</Task>
      <Opcode>Info</Opcode>
    </RenderingInfo>
  </Event>
  
"
Microsoft-Windows-Sysmon/Operational,,,WinDev2309Eval,,,,,,,,,,22,9481,,,,C:\Windows\system32\svchost.exe,,,0x8000000000000000,Information,,,"Dns query:

RuleName: -

UtcTime: 2023-12-27 23:54:30.299

ProcessGuid: {fda94052-34f2-658d-3f00-000000000b00}

ProcessId: 2948

QueryName: wpad

QueryStatus: 1460

QueryResults: -

Image: C:\Windows\system32\svchost.exe

User: NT AUTHORITY\LOCAL SERVICE",Info,,,,,,,{fda94052-34f2-658d-3f00-000000000b00},7044,2948,,,wpad,-,1460,"
      ",-,,,,,,2023-12-28T08:59:36.0564050Z,,,Dns query (rule: DnsQuery),,1124,NT AUTHORITY\LOCAL SERVICE,S-1-5-18,2023-12-27 23:54:30.299,5,"<Event xmlns=""http://schemas.microsoft.com/win/2004/08/events/event"">
    <System>
      <Provider Name=""Microsoft-Windows-Sysmon"" Guid=""{5770385f-c22a-43e0-bf4c-06f5698ffbd9}""/>
      <EventID>22</EventID>
      <Version>5</Version>
      <Level>4</Level>
      <Task>22</Task>
      <Opcode>0</Opcode>
      <Keywords>0x8000000000000000</Keywords>
      <TimeCreated SystemTime=""2023-12-28T08:59:36.0564050Z""/>
      <EventRecordID>9481</EventRecordID>
      <Correlation/>
      <Execution ProcessID=""7044"" ThreadID=""1124""/>
      <Channel>Microsoft-Windows-Sysmon/Operational</Channel>
      <Computer>WinDev2309Eval</Computer>
      <Security UserID=""S-1-5-18""/>
    </System>
    <EventData>
      <Data Name=""RuleName"">-</Data>
      <Data Name=""UtcTime"">2023-12-27 23:54:30.299</Data>
      <Data Name=""ProcessGuid"">{fda94052-34f2-658d-3f00-000000000b00}</Data>
      <Data Name=""ProcessId"">2948</Data>
      <Data Name=""QueryName"">wpad</Data>
      <Data Name=""QueryStatus"">1460</Data>
      <Data Name=""QueryResults"">-</Data>
      <Data Name=""Image"">C:\Windows\system32\svchost.exe</Data>
      <Data Name=""User"">NT AUTHORITY\LOCAL SERVICE</Data>
    </EventData>
    <RenderingInfo Culture=""en-US"">
      <Message>Dns query:

RuleName: -

UtcTime: 2023-12-27 23:54:30.299

ProcessGuid: {fda94052-34f2-658d-3f00-000000000b00}

ProcessId: 2948

QueryName: wpad

QueryStatus: 1460

QueryResults: -

Image: C:\Windows\system32\svchost.exe

User: NT AUTHORITY\LOCAL SERVICE</Message>
      <Level>Information</Level>
      <Task>Dns query (rule: DnsQuery)</Task>
      <Opcode>Info</Opcode>
    </RenderingInfo>
  </Event>
  
"
Microsoft-Windows-Sysmon/Operational,,,WinDev2309Eval,,,,,,,,,,22,9480,,,,C:\Windows\system32\svchost.exe,,,0x8000000000000000,Information,,,"Dns query:

RuleName: -

UtcTime: 2023-12-27 23:54:30.299

ProcessGuid: {fda94052-34f2-658d-3f00-000000000b00}

ProcessId: 2948

QueryName: wpad

QueryStatus: 1460

QueryResults: -

Image: C:\Windows\system32\svchost.exe

User: NT AUTHORITY\LOCAL SERVICE",Info,,,,,,,{fda94052-34f2-658d-3f00-000000000b00},7044,2948,,,wpad,-,1460,"
      ",-,,,,,,2023-12-28T08:59:36.0560215Z,,,Dns query (rule: DnsQuery),,1124,NT AUTHORITY\LOCAL SERVICE,S-1-5-18,2023-12-27 23:54:30.299,5,"<Event xmlns=""http://schemas.microsoft.com/win/2004/08/events/event"">
    <System>
      <Provider Name=""Microsoft-Windows-Sysmon"" Guid=""{5770385f-c22a-43e0-bf4c-06f5698ffbd9}""/>
      <EventID>22</EventID>
      <Version>5</Version>
      <Level>4</Level>
      <Task>22</Task>
      <Opcode>0</Opcode>
      <Keywords>0x8000000000000000</Keywords>
      <TimeCreated SystemTime=""2023-12-28T08:59:36.0560215Z""/>
      <EventRecordID>9480</EventRecordID>
      <Correlation/>
      <Execution ProcessID=""7044"" ThreadID=""1124""/>
      <Channel>Microsoft-Windows-Sysmon/Operational</Channel>
      <Computer>WinDev2309Eval</Computer>
      <Security UserID=""S-1-5-18""/>
    </System>
    <EventData>
      <Data Name=""RuleName"">-</Data>
      <Data Name=""UtcTime"">2023-12-27 23:54:30.299</Data>
      <Data Name=""ProcessGuid"">{fda94052-34f2-658d-3f00-000000000b00}</Data>
      <Data Name=""ProcessId"">2948</Data>
      <Data Name=""QueryName"">wpad</Data>
      <Data Name=""QueryStatus"">1460</Data>
      <Data Name=""QueryResults"">-</Data>
      <Data Name=""Image"">C:\Windows\system32\svchost.exe</Data>
      <Data Name=""User"">NT AUTHORITY\LOCAL SERVICE</Data>
    </EventData>
    <RenderingInfo Culture=""en-US"">
      <Message>Dns query:

RuleName: -

UtcTime: 2023-12-27 23:54:30.299

ProcessGuid: {fda94052-34f2-658d-3f00-000000000b00}

ProcessId: 2948

QueryName: wpad

QueryStatus: 1460

QueryResults: -

Image: C:\Windows\system32\svchost.exe

User: NT AUTHORITY\LOCAL SERVICE</Message>
      <Level>Information</Level>
      <Task>Dns query (rule: DnsQuery)</Task>
      <Opcode>Info</Opcode>
    </RenderingInfo>
  </Event>
  
"
Microsoft-Windows-Sysmon/Operational,"""C:\Program Files (x86)\Microsoft\EdgeWebView\Application\120.0.2210.91\msedgewebview2.exe"" --type=utility --utility-sub-type=unzip.mojom.Unzipper --lang=en-US --service-sandbox-type=service --noerrdialogs --user-data-dir=""C:\Users\User\AppData\Local\Packages\MicrosoftWindows.Client.WebExperience_cw5n1h2txyewy\LocalState\EBWebView"" --webview-exe-name=Widgets.exe --webview-exe-version=421.20070.1820.0 --embedded-browser-webview=1 --mojo-platform-channel-handle=5136 --field-trial-handle=1784,i,2295490780030403019,2821906385101450000,262144 --enable-features=MojoIpcz,UseBackgroundNativeThreadPool,UseNativeThreadPool,msWebView2TreatAppSuspendAsDeviceSuspend --variations-seed-version /prefetch:8 /pfhostedapp:017373b2a5c4ead1a08d36a47bf86195c1909a61",Microsoft Corporation,WinDev2309Eval,,C:\Program Files (x86)\Microsoft\EdgeWebView\Application\120.0.2210.91\,Microsoft Edge WebView2,,,,,,,1,9479,,120.0.2210.91,"MD5=8094151812FF45079C840986A0489C78,SHA256=6A4E8A5761C51840CE988C9241B514028A5E45FDB386B072DB0447E3961E3A06,IMPHASH=EA4CA1F8E3B3D9373D39C13FD1348A63",C:\Program Files (x86)\Microsoft\EdgeWebView\Application\120.0.2210.91\msedgewebview2.exe,,Low,0x8000000000000000,Information,{fda94052-3502-658d-b367-080000000000},0x867b3,"Process Create:

RuleName: -

UtcTime: 2023-12-28 08:59:36.042

ProcessGuid: {fda94052-38f8-658d-7402-000000000b00}

ProcessId: 5900

Image: C:\Program Files (x86)\Microsoft\EdgeWebView\Application\120.0.2210.91\msedgewebview2.exe

FileVersion: 120.0.2210.91

Description: Microsoft Edge WebView2

Product: Microsoft Edge WebView2

Company: Microsoft Corporation

OriginalFileName: msedgewebview2.exe

CommandLine: ""C:\Program Files (x86)\Microsoft\EdgeWebView\Application\120.0.2210.91\msedgewebview2.exe"" --type=utility --utility-sub-type=unzip.mojom.Unzipper --lang=en-US --service-sandbox-type=service --noerrdialogs --user-data-dir=""C:\Users\User\AppData\Local\Packages\MicrosoftWindows.Client.WebExperience_cw5n1h2txyewy\LocalState\EBWebView"" --webview-exe-name=Widgets.exe --webview-exe-version=421.20070.1820.0 --embedded-browser-webview=1 --mojo-platform-channel-handle=5136 --field-trial-handle=1784,i,2295490780030403019,2821906385101450000,262144 --enable-features=MojoIpcz,UseBackgroundNativeThreadPool,UseNativeThreadPool,msWebView2TreatAppSuspendAsDeviceSuspend --variations-seed-version /prefetch:8 /pfhostedapp:017373b2a5c4ead1a08d36a47bf86195c1909a61

CurrentDirectory: C:\Program Files (x86)\Microsoft\EdgeWebView\Application\120.0.2210.91\

User: WINDEV2309EVAL\User

LogonGuid: {fda94052-3502-658d-b367-080000000000}

LogonId: 0x867B3

TerminalSessionId: 1

IntegrityLevel: Low

Hashes: MD5=8094151812FF45079C840986A0489C78,SHA256=6A4E8A5761C51840CE988C9241B514028A5E45FDB386B072DB0447E3961E3A06,IMPHASH=EA4CA1F8E3B3D9373D39C13FD1348A63

ParentProcessGuid: {fda94052-b85d-658c-1702-000000000b00}

ParentProcessId: 4184

ParentImage: C:\Program Files (x86)\Microsoft\EdgeWebView\Application\120.0.2210.91\msedgewebview2.exe

ParentCommandLine: ""C:\Program Files (x86)\Microsoft\EdgeWebView\Application\120.0.2210.91\msedgewebview2.exe"" --embedded-browser-webview=1 --webview-exe-name=Widgets.exe --webview-exe-version=421.20070.1820.0 --user-data-dir=""C:\Users\User\AppData\Local\Packages\MicrosoftWindows.Client.WebExperience_cw5n1h2txyewy\LocalState\EBWebView"" --noerrdialogs --disk-cache-size=52428800 --edge-webview-is-background --enable-features=MojoIpcz,msWebView2TreatAppSuspendAsDeviceSuspend,UseNativeThreadPool,UseBackgroundNativeThreadPool --lang=en-US --accept-lang=en-US --mojo-named-platform-channel-pipe=8112.2288.17893317180732402091 /pfhostedapp:017373b2a5c4ead1a08d36a47bf86195c1909a61

ParentUser: WINDEV2309EVAL\User",Info,msedgewebview2.exe,"""C:\Program Files (x86)\Microsoft\EdgeWebView\Application\120.0.2210.91\msedgewebview2.exe"" --embedded-browser-webview=1 --webview-exe-name=Widgets.exe --webview-exe-version=421.20070.1820.0 --user-data-dir=""C:\Users\User\AppData\Local\Packages\MicrosoftWindows.Client.WebExperience_cw5n1h2txyewy\LocalState\EBWebView"" --noerrdialogs --disk-cache-size=52428800 --edge-webview-is-background --enable-features=MojoIpcz,msWebView2TreatAppSuspendAsDeviceSuspend,UseNativeThreadPool,UseBackgroundNativeThreadPool --lang=en-US --accept-lang=en-US --mojo-named-platform-channel-pipe=8112.2288.17893317180732402091 /pfhostedapp:017373b2a5c4ead1a08d36a47bf86195c1909a61",C:\Program Files (x86)\Microsoft\EdgeWebView\Application\120.0.2210.91\msedgewebview2.exe,{fda94052-b85d-658c-1702-000000000b00},4184,WINDEV2309EVAL\User,{fda94052-38f8-658d-7402-000000000b00},7044,5900,Microsoft Edge WebView2,,,,,"
      ",-,,,,,,2023-12-28T08:59:36.0440141Z,,,Process Create (rule: ProcessCreate),1,6672,WINDEV2309EVAL\User,S-1-5-18,2023-12-28 08:59:36.042,5,"<Event xmlns=""http://schemas.microsoft.com/win/2004/08/events/event"">
    <System>
      <Provider Name=""Microsoft-Windows-Sysmon"" Guid=""{5770385f-c22a-43e0-bf4c-06f5698ffbd9}""/>
      <EventID>1</EventID>
      <Version>5</Version>
      <Level>4</Level>
      <Task>1</Task>
      <Opcode>0</Opcode>
      <Keywords>0x8000000000000000</Keywords>
      <TimeCreated SystemTime=""2023-12-28T08:59:36.0440141Z""/>
      <EventRecordID>9479</EventRecordID>
      <Correlation/>
      <Execution ProcessID=""7044"" ThreadID=""6672""/>
      <Channel>Microsoft-Windows-Sysmon/Operational</Channel>
      <Computer>WinDev2309Eval</Computer>
      <Security UserID=""S-1-5-18""/>
    </System>
    <EventData>
      <Data Name=""RuleName"">-</Data>
      <Data Name=""UtcTime"">2023-12-28 08:59:36.042</Data>
      <Data Name=""ProcessGuid"">{fda94052-38f8-658d-7402-000000000b00}</Data>
      <Data Name=""ProcessId"">5900</Data>
      <Data Name=""Image"">C:\Program Files (x86)\Microsoft\EdgeWebView\Application\120.0.2210.91\msedgewebview2.exe</Data>
      <Data Name=""FileVersion"">120.0.2210.91</Data>
      <Data Name=""Description"">Microsoft Edge WebView2</Data>
      <Data Name=""Product"">Microsoft Edge WebView2</Data>
      <Data Name=""Company"">Microsoft Corporation</Data>
      <Data Name=""OriginalFileName"">msedgewebview2.exe</Data>
      <Data Name=""CommandLine"">""C:\Program Files (x86)\Microsoft\EdgeWebView\Application\120.0.2210.91\msedgewebview2.exe"" --type=utility --utility-sub-type=unzip.mojom.Unzipper --lang=en-US --service-sandbox-type=service --noerrdialogs --user-data-dir=""C:\Users\User\AppData\Local\Packages\MicrosoftWindows.Client.WebExperience_cw5n1h2txyewy\LocalState\EBWebView"" --webview-exe-name=Widgets.exe --webview-exe-version=421.20070.1820.0 --embedded-browser-webview=1 --mojo-platform-channel-handle=5136 --field-trial-handle=1784,i,2295490780030403019,2821906385101450000,262144 --enable-features=MojoIpcz,UseBackgroundNativeThreadPool,UseNativeThreadPool,msWebView2TreatAppSuspendAsDeviceSuspend --variations-seed-version /prefetch:8 /pfhostedapp:017373b2a5c4ead1a08d36a47bf86195c1909a61</Data>
      <Data Name=""CurrentDirectory"">C:\Program Files (x86)\Microsoft\EdgeWebView\Application\120.0.2210.91\</Data>
      <Data Name=""User"">WINDEV2309EVAL\User</Data>
      <Data Name=""LogonGuid"">{fda94052-3502-658d-b367-080000000000}</Data>
      <Data Name=""LogonId"">0x867b3</Data>
      <Data Name=""TerminalSessionId"">1</Data>
      <Data Name=""IntegrityLevel"">Low</Data>
      <Data Name=""Hashes"">MD5=8094151812FF45079C840986A0489C78,SHA256=6A4E8A5761C51840CE988C9241B514028A5E45FDB386B072DB0447E3961E3A06,IMPHASH=EA4CA1F8E3B3D9373D39C13FD1348A63</Data>
      <Data Name=""ParentProcessGuid"">{fda94052-b85d-658c-1702-000000000b00}</Data>
      <Data Name=""ParentProcessId"">4184</Data>
      <Data Name=""ParentImage"">C:\Program Files (x86)\Microsoft\EdgeWebView\Application\120.0.2210.91\msedgewebview2.exe</Data>
      <Data Name=""ParentCommandLine"">""C:\Program Files (x86)\Microsoft\EdgeWebView\Application\120.0.2210.91\msedgewebview2.exe"" --embedded-browser-webview=1 --webview-exe-name=Widgets.exe --webview-exe-version=421.20070.1820.0 --user-data-dir=""C:\Users\User\AppData\Local\Packages\MicrosoftWindows.Client.WebExperience_cw5n1h2txyewy\LocalState\EBWebView"" --noerrdialogs --disk-cache-size=52428800 --edge-webview-is-background --enable-features=MojoIpcz,msWebView2TreatAppSuspendAsDeviceSuspend,UseNativeThreadPool,UseBackgroundNativeThreadPool --lang=en-US --accept-lang=en-US --mojo-named-platform-channel-pipe=8112.2288.17893317180732402091 /pfhostedapp:017373b2a5c4ead1a08d36a47bf86195c1909a61</Data>
      <Data Name=""ParentUser"">WINDEV2309EVAL\User</Data>
    </EventData>
    <RenderingInfo Culture=""en-US"">
      <Message>Process Create:

RuleName: -

UtcTime: 2023-12-28 08:59:36.042

ProcessGuid: {fda94052-38f8-658d-7402-000000000b00}

ProcessId: 5900

Image: C:\Program Files (x86)\Microsoft\EdgeWebView\Application\120.0.2210.91\msedgewebview2.exe

FileVersion: 120.0.2210.91

Description: Microsoft Edge WebView2

Product: Microsoft Edge WebView2

Company: Microsoft Corporation

OriginalFileName: msedgewebview2.exe

CommandLine: ""C:\Program Files (x86)\Microsoft\EdgeWebView\Application\120.0.2210.91\msedgewebview2.exe"" --type=utility --utility-sub-type=unzip.mojom.Unzipper --lang=en-US --service-sandbox-type=service --noerrdialogs --user-data-dir=""C:\Users\User\AppData\Local\Packages\MicrosoftWindows.Client.WebExperience_cw5n1h2txyewy\LocalState\EBWebView"" --webview-exe-name=Widgets.exe --webview-exe-version=421.20070.1820.0 --embedded-browser-webview=1 --mojo-platform-channel-handle=5136 --field-trial-handle=1784,i,2295490780030403019,2821906385101450000,262144 --enable-features=MojoIpcz,UseBackgroundNativeThreadPool,UseNativeThreadPool,msWebView2TreatAppSuspendAsDeviceSuspend --variations-seed-version /prefetch:8 /pfhostedapp:017373b2a5c4ead1a08d36a47bf86195c1909a61

CurrentDirectory: C:\Program Files (x86)\Microsoft\EdgeWebView\Application\120.0.2210.91\

User: WINDEV2309EVAL\User

LogonGuid: {fda94052-3502-658d-b367-080000000000}

LogonId: 0x867B3

TerminalSessionId: 1

IntegrityLevel: Low

Hashes: MD5=8094151812FF45079C840986A0489C78,SHA256=6A4E8A5761C51840CE988C9241B514028A5E45FDB386B072DB0447E3961E3A06,IMPHASH=EA4CA1F8E3B3D9373D39C13FD1348A63

ParentProcessGuid: {fda94052-b85d-658c-1702-000000000b00}

ParentProcessId: 4184

ParentImage: C:\Program Files (x86)\Microsoft\EdgeWebView\Application\120.0.2210.91\msedgewebview2.exe

ParentCommandLine: ""C:\Program Files (x86)\Microsoft\EdgeWebView\Application\120.0.2210.91\msedgewebview2.exe"" --embedded-browser-webview=1 --webview-exe-name=Widgets.exe --webview-exe-version=421.20070.1820.0 --user-data-dir=""C:\Users\User\AppData\Local\Packages\MicrosoftWindows.Client.WebExperience_cw5n1h2txyewy\LocalState\EBWebView"" --noerrdialogs --disk-cache-size=52428800 --edge-webview-is-background --enable-features=MojoIpcz,msWebView2TreatAppSuspendAsDeviceSuspend,UseNativeThreadPool,UseBackgroundNativeThreadPool --lang=en-US --accept-lang=en-US --mojo-named-platform-channel-pipe=8112.2288.17893317180732402091 /pfhostedapp:017373b2a5c4ead1a08d36a47bf86195c1909a61

ParentUser: WINDEV2309EVAL\User</Message>
      <Level>Information</Level>
      <Task>Process Create (rule: ProcessCreate)</Task>
      <Opcode>Info</Opcode>
    </RenderingInfo>
  </Event>
  
"
Microsoft-Windows-Sysmon/Operational,"""C:\Program Files (x86)\Microsoft\EdgeWebView\Application\120.0.2210.91\msedgewebview2.exe"" --type=utility --utility-sub-type=unzip.mojom.Unzipper --lang=en-US --service-sandbox-type=service --noerrdialogs --user-data-dir=""C:\Users\User\AppData\Local\Packages\MicrosoftWindows.Client.WebExperience_cw5n1h2txyewy\LocalState\EBWebView"" --webview-exe-name=Widgets.exe --webview-exe-version=421.20070.1820.0 --embedded-browser-webview=1 --mojo-platform-channel-handle=5200 --field-trial-handle=1784,i,2295490780030403019,2821906385101450000,262144 --enable-features=MojoIpcz,UseBackgroundNativeThreadPool,UseNativeThreadPool,msWebView2TreatAppSuspendAsDeviceSuspend --variations-seed-version /prefetch:8 /pfhostedapp:017373b2a5c4ead1a08d36a47bf86195c1909a61",Microsoft Corporation,WinDev2309Eval,,C:\Program Files (x86)\Microsoft\EdgeWebView\Application\120.0.2210.91\,Microsoft Edge WebView2,,,,,,,1,9478,,120.0.2210.91,"MD5=8094151812FF45079C840986A0489C78,SHA256=6A4E8A5761C51840CE988C9241B514028A5E45FDB386B072DB0447E3961E3A06,IMPHASH=EA4CA1F8E3B3D9373D39C13FD1348A63",C:\Program Files (x86)\Microsoft\EdgeWebView\Application\120.0.2210.91\msedgewebview2.exe,,Low,0x8000000000000000,Information,{fda94052-3502-658d-b367-080000000000},0x867b3,"Process Create:

RuleName: -

UtcTime: 2023-12-28 08:59:23.518

ProcessGuid: {fda94052-38eb-658d-7302-000000000b00}

ProcessId: 4976

Image: C:\Program Files (x86)\Microsoft\EdgeWebView\Application\120.0.2210.91\msedgewebview2.exe

FileVersion: 120.0.2210.91

Description: Microsoft Edge WebView2

Product: Microsoft Edge WebView2

Company: Microsoft Corporation

OriginalFileName: msedgewebview2.exe

CommandLine: ""C:\Program Files (x86)\Microsoft\EdgeWebView\Application\120.0.2210.91\msedgewebview2.exe"" --type=utility --utility-sub-type=unzip.mojom.Unzipper --lang=en-US --service-sandbox-type=service --noerrdialogs --user-data-dir=""C:\Users\User\AppData\Local\Packages\MicrosoftWindows.Client.WebExperience_cw5n1h2txyewy\LocalState\EBWebView"" --webview-exe-name=Widgets.exe --webview-exe-version=421.20070.1820.0 --embedded-browser-webview=1 --mojo-platform-channel-handle=5200 --field-trial-handle=1784,i,2295490780030403019,2821906385101450000,262144 --enable-features=MojoIpcz,UseBackgroundNativeThreadPool,UseNativeThreadPool,msWebView2TreatAppSuspendAsDeviceSuspend --variations-seed-version /prefetch:8 /pfhostedapp:017373b2a5c4ead1a08d36a47bf86195c1909a61

CurrentDirectory: C:\Program Files (x86)\Microsoft\EdgeWebView\Application\120.0.2210.91\

User: WINDEV2309EVAL\User

LogonGuid: {fda94052-3502-658d-b367-080000000000}

LogonId: 0x867B3

TerminalSessionId: 1

IntegrityLevel: Low

Hashes: MD5=8094151812FF45079C840986A0489C78,SHA256=6A4E8A5761C51840CE988C9241B514028A5E45FDB386B072DB0447E3961E3A06,IMPHASH=EA4CA1F8E3B3D9373D39C13FD1348A63

ParentProcessGuid: {fda94052-b85d-658c-1702-000000000b00}

ParentProcessId: 4184

ParentImage: C:\Program Files (x86)\Microsoft\EdgeWebView\Application\120.0.2210.91\msedgewebview2.exe

ParentCommandLine: ""C:\Program Files (x86)\Microsoft\EdgeWebView\Application\120.0.2210.91\msedgewebview2.exe"" --embedded-browser-webview=1 --webview-exe-name=Widgets.exe --webview-exe-version=421.20070.1820.0 --user-data-dir=""C:\Users\User\AppData\Local\Packages\MicrosoftWindows.Client.WebExperience_cw5n1h2txyewy\LocalState\EBWebView"" --noerrdialogs --disk-cache-size=52428800 --edge-webview-is-background --enable-features=MojoIpcz,msWebView2TreatAppSuspendAsDeviceSuspend,UseNativeThreadPool,UseBackgroundNativeThreadPool --lang=en-US --accept-lang=en-US --mojo-named-platform-channel-pipe=8112.2288.17893317180732402091 /pfhostedapp:017373b2a5c4ead1a08d36a47bf86195c1909a61

ParentUser: WINDEV2309EVAL\User",Info,msedgewebview2.exe,"""C:\Program Files (x86)\Microsoft\EdgeWebView\Application\120.0.2210.91\msedgewebview2.exe"" --embedded-browser-webview=1 --webview-exe-name=Widgets.exe --webview-exe-version=421.20070.1820.0 --user-data-dir=""C:\Users\User\AppData\Local\Packages\MicrosoftWindows.Client.WebExperience_cw5n1h2txyewy\LocalState\EBWebView"" --noerrdialogs --disk-cache-size=52428800 --edge-webview-is-background --enable-features=MojoIpcz,msWebView2TreatAppSuspendAsDeviceSuspend,UseNativeThreadPool,UseBackgroundNativeThreadPool --lang=en-US --accept-lang=en-US --mojo-named-platform-channel-pipe=8112.2288.17893317180732402091 /pfhostedapp:017373b2a5c4ead1a08d36a47bf86195c1909a61",C:\Program Files (x86)\Microsoft\EdgeWebView\Application\120.0.2210.91\msedgewebview2.exe,{fda94052-b85d-658c-1702-000000000b00},4184,WINDEV2309EVAL\User,{fda94052-38eb-658d-7302-000000000b00},7044,4976,Microsoft Edge WebView2,,,,,"
      ",-,,,,,,2023-12-28T08:59:23.5206820Z,,,Process Create (rule: ProcessCreate),1,6672,WINDEV2309EVAL\User,S-1-5-18,2023-12-28 08:59:23.518,5,"<Event xmlns=""http://schemas.microsoft.com/win/2004/08/events/event"">
    <System>
      <Provider Name=""Microsoft-Windows-Sysmon"" Guid=""{5770385f-c22a-43e0-bf4c-06f5698ffbd9}""/>
      <EventID>1</EventID>
      <Version>5</Version>
      <Level>4</Level>
      <Task>1</Task>
      <Opcode>0</Opcode>
      <Keywords>0x8000000000000000</Keywords>
      <TimeCreated SystemTime=""2023-12-28T08:59:23.5206820Z""/>
      <EventRecordID>9478</EventRecordID>
      <Correlation/>
      <Execution ProcessID=""7044"" ThreadID=""6672""/>
      <Channel>Microsoft-Windows-Sysmon/Operational</Channel>
      <Computer>WinDev2309Eval</Computer>
      <Security UserID=""S-1-5-18""/>
    </System>
    <EventData>
      <Data Name=""RuleName"">-</Data>
      <Data Name=""UtcTime"">2023-12-28 08:59:23.518</Data>
      <Data Name=""ProcessGuid"">{fda94052-38eb-658d-7302-000000000b00}</Data>
      <Data Name=""ProcessId"">4976</Data>
      <Data Name=""Image"">C:\Program Files (x86)\Microsoft\EdgeWebView\Application\120.0.2210.91\msedgewebview2.exe</Data>
      <Data Name=""FileVersion"">120.0.2210.91</Data>
      <Data Name=""Description"">Microsoft Edge WebView2</Data>
      <Data Name=""Product"">Microsoft Edge WebView2</Data>
      <Data Name=""Company"">Microsoft Corporation</Data>
      <Data Name=""OriginalFileName"">msedgewebview2.exe</Data>
      <Data Name=""CommandLine"">""C:\Program Files (x86)\Microsoft\EdgeWebView\Application\120.0.2210.91\msedgewebview2.exe"" --type=utility --utility-sub-type=unzip.mojom.Unzipper --lang=en-US --service-sandbox-type=service --noerrdialogs --user-data-dir=""C:\Users\User\AppData\Local\Packages\MicrosoftWindows.Client.WebExperience_cw5n1h2txyewy\LocalState\EBWebView"" --webview-exe-name=Widgets.exe --webview-exe-version=421.20070.1820.0 --embedded-browser-webview=1 --mojo-platform-channel-handle=5200 --field-trial-handle=1784,i,2295490780030403019,2821906385101450000,262144 --enable-features=MojoIpcz,UseBackgroundNativeThreadPool,UseNativeThreadPool,msWebView2TreatAppSuspendAsDeviceSuspend --variations-seed-version /prefetch:8 /pfhostedapp:017373b2a5c4ead1a08d36a47bf86195c1909a61</Data>
      <Data Name=""CurrentDirectory"">C:\Program Files (x86)\Microsoft\EdgeWebView\Application\120.0.2210.91\</Data>
      <Data Name=""User"">WINDEV2309EVAL\User</Data>
      <Data Name=""LogonGuid"">{fda94052-3502-658d-b367-080000000000}</Data>
      <Data Name=""LogonId"">0x867b3</Data>
      <Data Name=""TerminalSessionId"">1</Data>
      <Data Name=""IntegrityLevel"">Low</Data>
      <Data Name=""Hashes"">MD5=8094151812FF45079C840986A0489C78,SHA256=6A4E8A5761C51840CE988C9241B514028A5E45FDB386B072DB0447E3961E3A06,IMPHASH=EA4CA1F8E3B3D9373D39C13FD1348A63</Data>
      <Data Name=""ParentProcessGuid"">{fda94052-b85d-658c-1702-000000000b00}</Data>
      <Data Name=""ParentProcessId"">4184</Data>
      <Data Name=""ParentImage"">C:\Program Files (x86)\Microsoft\EdgeWebView\Application\120.0.2210.91\msedgewebview2.exe</Data>
      <Data Name=""ParentCommandLine"">""C:\Program Files (x86)\Microsoft\EdgeWebView\Application\120.0.2210.91\msedgewebview2.exe"" --embedded-browser-webview=1 --webview-exe-name=Widgets.exe --webview-exe-version=421.20070.1820.0 --user-data-dir=""C:\Users\User\AppData\Local\Packages\MicrosoftWindows.Client.WebExperience_cw5n1h2txyewy\LocalState\EBWebView"" --noerrdialogs --disk-cache-size=52428800 --edge-webview-is-background --enable-features=MojoIpcz,msWebView2TreatAppSuspendAsDeviceSuspend,UseNativeThreadPool,UseBackgroundNativeThreadPool --lang=en-US --accept-lang=en-US --mojo-named-platform-channel-pipe=8112.2288.17893317180732402091 /pfhostedapp:017373b2a5c4ead1a08d36a47bf86195c1909a61</Data>
      <Data Name=""ParentUser"">WINDEV2309EVAL\User</Data>
    </EventData>
    <RenderingInfo Culture=""en-US"">
      <Message>Process Create:

RuleName: -

UtcTime: 2023-12-28 08:59:23.518

ProcessGuid: {fda94052-38eb-658d-7302-000000000b00}

ProcessId: 4976

Image: C:\Program Files (x86)\Microsoft\EdgeWebView\Application\120.0.2210.91\msedgewebview2.exe

FileVersion: 120.0.2210.91

Description: Microsoft Edge WebView2

Product: Microsoft Edge WebView2

Company: Microsoft Corporation

OriginalFileName: msedgewebview2.exe

CommandLine: ""C:\Program Files (x86)\Microsoft\EdgeWebView\Application\120.0.2210.91\msedgewebview2.exe"" --type=utility --utility-sub-type=unzip.mojom.Unzipper --lang=en-US --service-sandbox-type=service --noerrdialogs --user-data-dir=""C:\Users\User\AppData\Local\Packages\MicrosoftWindows.Client.WebExperience_cw5n1h2txyewy\LocalState\EBWebView"" --webview-exe-name=Widgets.exe --webview-exe-version=421.20070.1820.0 --embedded-browser-webview=1 --mojo-platform-channel-handle=5200 --field-trial-handle=1784,i,2295490780030403019,2821906385101450000,262144 --enable-features=MojoIpcz,UseBackgroundNativeThreadPool,UseNativeThreadPool,msWebView2TreatAppSuspendAsDeviceSuspend --variations-seed-version /prefetch:8 /pfhostedapp:017373b2a5c4ead1a08d36a47bf86195c1909a61

CurrentDirectory: C:\Program Files (x86)\Microsoft\EdgeWebView\Application\120.0.2210.91\

User: WINDEV2309EVAL\User

LogonGuid: {fda94052-3502-658d-b367-080000000000}

LogonId: 0x867B3

TerminalSessionId: 1

IntegrityLevel: Low

Hashes: MD5=8094151812FF45079C840986A0489C78,SHA256=6A4E8A5761C51840CE988C9241B514028A5E45FDB386B072DB0447E3961E3A06,IMPHASH=EA4CA1F8E3B3D9373D39C13FD1348A63

ParentProcessGuid: {fda94052-b85d-658c-1702-000000000b00}

ParentProcessId: 4184

ParentImage: C:\Program Files (x86)\Microsoft\EdgeWebView\Application\120.0.2210.91\msedgewebview2.exe

ParentCommandLine: ""C:\Program Files (x86)\Microsoft\EdgeWebView\Application\120.0.2210.91\msedgewebview2.exe"" --embedded-browser-webview=1 --webview-exe-name=Widgets.exe --webview-exe-version=421.20070.1820.0 --user-data-dir=""C:\Users\User\AppData\Local\Packages\MicrosoftWindows.Client.WebExperience_cw5n1h2txyewy\LocalState\EBWebView"" --noerrdialogs --disk-cache-size=52428800 --edge-webview-is-background --enable-features=MojoIpcz,msWebView2TreatAppSuspendAsDeviceSuspend,UseNativeThreadPool,UseBackgroundNativeThreadPool --lang=en-US --accept-lang=en-US --mojo-named-platform-channel-pipe=8112.2288.17893317180732402091 /pfhostedapp:017373b2a5c4ead1a08d36a47bf86195c1909a61

ParentUser: WINDEV2309EVAL\User</Message>
      <Level>Information</Level>
      <Task>Process Create (rule: ProcessCreate)</Task>
      <Opcode>Info</Opcode>
    </RenderingInfo>
  </Event>
  
"
Microsoft-Windows-Sysmon/Operational,C:\Windows\system32\vssvc.exe,Microsoft Corporation,WinDev2309Eval,,C:\Windows\system32\,Microsoft® Volume Shadow Copy Service,,,,,,,1,9477,,10.0.22621.1 (WinBuild.160101.0800),"MD5=E41824427731D3933591BCD216674818,SHA256=321120DE419B488B6EB0D9F32E733756FE9E97689FC0FE7FD2C9BF50AFB1BCC4,IMPHASH=BC0F5315EEA41E76B544E9F6ACFE1FEE",C:\Windows\System32\VSSVC.exe,,System,0x8000000000000000,Information,{fda94052-34eb-658d-e703-000000000000},0x3e7,"Process Create:

RuleName: -

UtcTime: 2023-12-28 08:59:23.086

ProcessGuid: {fda94052-38eb-658d-7102-000000000b00}

ProcessId: 10232

Image: C:\Windows\System32\VSSVC.exe

FileVersion: 10.0.22621.1 (WinBuild.160101.0800)

Description: Microsoft® Volume Shadow Copy Service

Product: Microsoft® Windows® Operating System

Company: Microsoft Corporation

OriginalFileName: VSSVC.EXE

CommandLine: C:\Windows\system32\vssvc.exe

CurrentDirectory: C:\Windows\system32\

User: NT AUTHORITY\SYSTEM

LogonGuid: {fda94052-34eb-658d-e703-000000000000}

LogonId: 0x3E7

TerminalSessionId: 0

IntegrityLevel: System

Hashes: MD5=E41824427731D3933591BCD216674818,SHA256=321120DE419B488B6EB0D9F32E733756FE9E97689FC0FE7FD2C9BF50AFB1BCC4,IMPHASH=BC0F5315EEA41E76B544E9F6ACFE1FEE

ParentProcessGuid: {fda94052-34eb-658d-0b00-000000000b00}

ParentProcessId: 788

ParentImage: C:\Windows\System32\services.exe

ParentCommandLine: C:\Windows\system32\services.exe

ParentUser: NT AUTHORITY\SYSTEM",Info,VSSVC.EXE,C:\Windows\system32\services.exe,C:\Windows\System32\services.exe,{fda94052-34eb-658d-0b00-000000000b00},788,NT AUTHORITY\SYSTEM,{fda94052-38eb-658d-7102-000000000b00},7044,10232,Microsoft® Windows® Operating System,,,,,"
      ",-,,,,,,2023-12-28T08:59:23.1013656Z,,,Process Create (rule: ProcessCreate),0,6672,NT AUTHORITY\SYSTEM,S-1-5-18,2023-12-28 08:59:23.086,5,"<Event xmlns=""http://schemas.microsoft.com/win/2004/08/events/event"">
    <System>
      <Provider Name=""Microsoft-Windows-Sysmon"" Guid=""{5770385f-c22a-43e0-bf4c-06f5698ffbd9}""/>
      <EventID>1</EventID>
      <Version>5</Version>
      <Level>4</Level>
      <Task>1</Task>
      <Opcode>0</Opcode>
      <Keywords>0x8000000000000000</Keywords>
      <TimeCreated SystemTime=""2023-12-28T08:59:23.1013656Z""/>
      <EventRecordID>9477</EventRecordID>
      <Correlation/>
      <Execution ProcessID=""7044"" ThreadID=""6672""/>
      <Channel>Microsoft-Windows-Sysmon/Operational</Channel>
      <Computer>WinDev2309Eval</Computer>
      <Security UserID=""S-1-5-18""/>
    </System>
    <EventData>
      <Data Name=""RuleName"">-</Data>
      <Data Name=""UtcTime"">2023-12-28 08:59:23.086</Data>
      <Data Name=""ProcessGuid"">{fda94052-38eb-658d-7102-000000000b00}</Data>
      <Data Name=""ProcessId"">10232</Data>
      <Data Name=""Image"">C:\Windows\System32\VSSVC.exe</Data>
      <Data Name=""FileVersion"">10.0.22621.1 (WinBuild.160101.0800)</Data>
      <Data Name=""Description"">Microsoft&#174; Volume Shadow Copy Service</Data>
      <Data Name=""Product"">Microsoft&#174; Windows&#174; Operating System</Data>
      <Data Name=""Company"">Microsoft Corporation</Data>
      <Data Name=""OriginalFileName"">VSSVC.EXE</Data>
      <Data Name=""CommandLine"">C:\Windows\system32\vssvc.exe</Data>
      <Data Name=""CurrentDirectory"">C:\Windows\system32\</Data>
      <Data Name=""User"">NT AUTHORITY\SYSTEM</Data>
      <Data Name=""LogonGuid"">{fda94052-34eb-658d-e703-000000000000}</Data>
      <Data Name=""LogonId"">0x3e7</Data>
      <Data Name=""TerminalSessionId"">0</Data>
      <Data Name=""IntegrityLevel"">System</Data>
      <Data Name=""Hashes"">MD5=E41824427731D3933591BCD216674818,SHA256=321120DE419B488B6EB0D9F32E733756FE9E97689FC0FE7FD2C9BF50AFB1BCC4,IMPHASH=BC0F5315EEA41E76B544E9F6ACFE1FEE</Data>
      <Data Name=""ParentProcessGuid"">{fda94052-34eb-658d-0b00-000000000b00}</Data>
      <Data Name=""ParentProcessId"">788</Data>
      <Data Name=""ParentImage"">C:\Windows\System32\services.exe</Data>
      <Data Name=""ParentCommandLine"">C:\Windows\system32\services.exe</Data>
      <Data Name=""ParentUser"">NT AUTHORITY\SYSTEM</Data>
    </EventData>
    <RenderingInfo Culture=""en-US"">
      <Message>Process Create:

RuleName: -

UtcTime: 2023-12-28 08:59:23.086

ProcessGuid: {fda94052-38eb-658d-7102-000000000b00}

ProcessId: 10232

Image: C:\Windows\System32\VSSVC.exe

FileVersion: 10.0.22621.1 (WinBuild.160101.0800)

Description: Microsoft&#174; Volume Shadow Copy Service

Product: Microsoft&#174; Windows&#174; Operating System

Company: Microsoft Corporation

OriginalFileName: VSSVC.EXE

CommandLine: C:\Windows\system32\vssvc.exe

CurrentDirectory: C:\Windows\system32\

User: NT AUTHORITY\SYSTEM

LogonGuid: {fda94052-34eb-658d-e703-000000000000}

LogonId: 0x3E7

TerminalSessionId: 0

IntegrityLevel: System

Hashes: MD5=E41824427731D3933591BCD216674818,SHA256=321120DE419B488B6EB0D9F32E733756FE9E97689FC0FE7FD2C9BF50AFB1BCC4,IMPHASH=BC0F5315EEA41E76B544E9F6ACFE1FEE

ParentProcessGuid: {fda94052-34eb-658d-0b00-000000000b00}

ParentProcessId: 788

ParentImage: C:\Windows\System32\services.exe

ParentCommandLine: C:\Windows\system32\services.exe

ParentUser: NT AUTHORITY\SYSTEM</Message>
      <Level>Information</Level>
      <Task>Process Create (rule: ProcessCreate)</Task>
      <Opcode>Info</Opcode>
    </RenderingInfo>
  </Event>
  
"
Microsoft-Windows-Sysmon/Operational,C:\Windows\System32\calc.exe,Microsoft Corporation,WinDev2309Eval,,C:\Users\User\AppData\Local\Temp\,Windows Calculator,,,,,,,1,9476,,10.0.22621.1 (WinBuild.160101.0800),"MD5=2F82623F9523C0D167862CAD0EFF6806,SHA256=9C2C8A8588FE6DB09C09337E78437CB056CD557DB1BCF5240112CBFB7B600EFB,IMPHASH=8EEAA9499666119D13B3F44ECD77A729",C:\Windows\System32\calc.exe,,Medium,0x8000000000000000,Information,{fda94052-3502-658d-b367-080000000000},0x867b3,"Process Create:

RuleName: -

UtcTime: 2023-12-28 08:59:20.823

ProcessGuid: {fda94052-38e8-658d-6e02-000000000b00}

ProcessId: 7192

Image: C:\Windows\System32\calc.exe

FileVersion: 10.0.22621.1 (WinBuild.160101.0800)

Description: Windows Calculator

Product: Microsoft® Windows® Operating System

Company: Microsoft Corporation

OriginalFileName: CALC.EXE

CommandLine: C:\Windows\System32\calc.exe

CurrentDirectory: C:\Users\User\AppData\Local\Temp\

User: WINDEV2309EVAL\User

LogonGuid: {fda94052-3502-658d-b367-080000000000}

LogonId: 0x867B3

TerminalSessionId: 1

IntegrityLevel: Medium

Hashes: MD5=2F82623F9523C0D167862CAD0EFF6806,SHA256=9C2C8A8588FE6DB09C09337E78437CB056CD557DB1BCF5240112CBFB7B600EFB,IMPHASH=8EEAA9499666119D13B3F44ECD77A729

ParentProcessGuid: {fda94052-38e8-658d-6c02-000000000b00}

ParentProcessId: 10928

ParentImage: C:\Program Files\WindowsApps\Microsoft.WindowsTerminal_1.17.11461.0_x64__8wekyb3d8bbwe\WindowsTerminal.exe

ParentCommandLine: wt.exe 

ParentUser: WINDEV2309EVAL\User",Info,CALC.EXE,wt.exe ,C:\Program Files\WindowsApps\Microsoft.WindowsTerminal_1.17.11461.0_x64__8wekyb3d8bbwe\WindowsTerminal.exe,{fda94052-38e8-658d-6c02-000000000b00},10928,WINDEV2309EVAL\User,{fda94052-38e8-658d-6e02-000000000b00},7044,7192,Microsoft® Windows® Operating System,,,,,"
      ",-,,,,,,2023-12-28T08:59:20.8251021Z,,,Process Create (rule: ProcessCreate),1,6672,WINDEV2309EVAL\User,S-1-5-18,2023-12-28 08:59:20.823,5,"<Event xmlns=""http://schemas.microsoft.com/win/2004/08/events/event"">
    <System>
      <Provider Name=""Microsoft-Windows-Sysmon"" Guid=""{5770385f-c22a-43e0-bf4c-06f5698ffbd9}""/>
      <EventID>1</EventID>
      <Version>5</Version>
      <Level>4</Level>
      <Task>1</Task>
      <Opcode>0</Opcode>
      <Keywords>0x8000000000000000</Keywords>
      <TimeCreated SystemTime=""2023-12-28T08:59:20.8251021Z""/>
      <EventRecordID>9476</EventRecordID>
      <Correlation/>
      <Execution ProcessID=""7044"" ThreadID=""6672""/>
      <Channel>Microsoft-Windows-Sysmon/Operational</Channel>
      <Computer>WinDev2309Eval</Computer>
      <Security UserID=""S-1-5-18""/>
    </System>
    <EventData>
      <Data Name=""RuleName"">-</Data>
      <Data Name=""UtcTime"">2023-12-28 08:59:20.823</Data>
      <Data Name=""ProcessGuid"">{fda94052-38e8-658d-6e02-000000000b00}</Data>
      <Data Name=""ProcessId"">7192</Data>
      <Data Name=""Image"">C:\Windows\System32\calc.exe</Data>
      <Data Name=""FileVersion"">10.0.22621.1 (WinBuild.160101.0800)</Data>
      <Data Name=""Description"">Windows Calculator</Data>
      <Data Name=""Product"">Microsoft&#174; Windows&#174; Operating System</Data>
      <Data Name=""Company"">Microsoft Corporation</Data>
      <Data Name=""OriginalFileName"">CALC.EXE</Data>
      <Data Name=""CommandLine"">C:\Windows\System32\calc.exe</Data>
      <Data Name=""CurrentDirectory"">C:\Users\User\AppData\Local\Temp\</Data>
      <Data Name=""User"">WINDEV2309EVAL\User</Data>
      <Data Name=""LogonGuid"">{fda94052-3502-658d-b367-080000000000}</Data>
      <Data Name=""LogonId"">0x867b3</Data>
      <Data Name=""TerminalSessionId"">1</Data>
      <Data Name=""IntegrityLevel"">Medium</Data>
      <Data Name=""Hashes"">MD5=2F82623F9523C0D167862CAD0EFF6806,SHA256=9C2C8A8588FE6DB09C09337E78437CB056CD557DB1BCF5240112CBFB7B600EFB,IMPHASH=8EEAA9499666119D13B3F44ECD77A729</Data>
      <Data Name=""ParentProcessGuid"">{fda94052-38e8-658d-6c02-000000000b00}</Data>
      <Data Name=""ParentProcessId"">10928</Data>
      <Data Name=""ParentImage"">C:\Program Files\WindowsApps\Microsoft.WindowsTerminal_1.17.11461.0_x64__8wekyb3d8bbwe\WindowsTerminal.exe</Data>
      <Data Name=""ParentCommandLine"">wt.exe </Data>
      <Data Name=""ParentUser"">WINDEV2309EVAL\User</Data>
    </EventData>
    <RenderingInfo Culture=""en-US"">
      <Message>Process Create:

RuleName: -

UtcTime: 2023-12-28 08:59:20.823

ProcessGuid: {fda94052-38e8-658d-6e02-000000000b00}

ProcessId: 7192

Image: C:\Windows\System32\calc.exe

FileVersion: 10.0.22621.1 (WinBuild.160101.0800)

Description: Windows Calculator

Product: Microsoft&#174; Windows&#174; Operating System

Company: Microsoft Corporation

OriginalFileName: CALC.EXE

CommandLine: C:\Windows\System32\calc.exe

CurrentDirectory: C:\Users\User\AppData\Local\Temp\

User: WINDEV2309EVAL\User

LogonGuid: {fda94052-3502-658d-b367-080000000000}

LogonId: 0x867B3

TerminalSessionId: 1

IntegrityLevel: Medium

Hashes: MD5=2F82623F9523C0D167862CAD0EFF6806,SHA256=9C2C8A8588FE6DB09C09337E78437CB056CD557DB1BCF5240112CBFB7B600EFB,IMPHASH=8EEAA9499666119D13B3F44ECD77A729

ParentProcessGuid: {fda94052-38e8-658d-6c02-000000000b00}

ParentProcessId: 10928

ParentImage: C:\Program Files\WindowsApps\Microsoft.WindowsTerminal_1.17.11461.0_x64__8wekyb3d8bbwe\WindowsTerminal.exe

ParentCommandLine: wt.exe 

ParentUser: WINDEV2309EVAL\User</Message>
      <Level>Information</Level>
      <Task>Process Create (rule: ProcessCreate)</Task>
      <Opcode>Info</Opcode>
    </RenderingInfo>
  </Event>
  
"
Microsoft-Windows-Sysmon/Operational,"""C:\Program Files\WindowsApps\Microsoft.WindowsTerminal_1.17.11461.0_x64__8wekyb3d8bbwe\OpenConsole.exe"" --headless --win32input --resizeQuirk --width 120 --height 27 --signal 0x9cc --server 0x9c4",-,WinDev2309Eval,,C:\Users\User\AppData\Local\Temp\,-,,,,,,,1,9475,,-,"MD5=8C608622D60DD9E76274883252698EC2,SHA256=A1686717DA0D79F2DB071A6866677BFD492B44EAA47EB375A992145A6F4BD874,IMPHASH=3815098BF50AB7C56CCBDE82FF05FFDB",C:\Program Files\WindowsApps\Microsoft.WindowsTerminal_1.17.11461.0_x64__8wekyb3d8bbwe\OpenConsole.exe,,Medium,0x8000000000000000,Information,{fda94052-3502-658d-b367-080000000000},0x867b3,"Process Create:

RuleName: -

UtcTime: 2023-12-28 08:59:20.810

ProcessGuid: {fda94052-38e8-658d-6d02-000000000b00}

ProcessId: 6684

Image: C:\Program Files\WindowsApps\Microsoft.WindowsTerminal_1.17.11461.0_x64__8wekyb3d8bbwe\OpenConsole.exe

FileVersion: -

Description: -

Product: -

Company: -

OriginalFileName: -

CommandLine: ""C:\Program Files\WindowsApps\Microsoft.WindowsTerminal_1.17.11461.0_x64__8wekyb3d8bbwe\OpenConsole.exe"" --headless --win32input --resizeQuirk --width 120 --height 27 --signal 0x9cc --server 0x9c4

CurrentDirectory: C:\Users\User\AppData\Local\Temp\

User: WINDEV2309EVAL\User

LogonGuid: {fda94052-3502-658d-b367-080000000000}

LogonId: 0x867B3

TerminalSessionId: 1

IntegrityLevel: Medium

Hashes: MD5=8C608622D60DD9E76274883252698EC2,SHA256=A1686717DA0D79F2DB071A6866677BFD492B44EAA47EB375A992145A6F4BD874,IMPHASH=3815098BF50AB7C56CCBDE82FF05FFDB

ParentProcessGuid: {fda94052-38e8-658d-6c02-000000000b00}

ParentProcessId: 10928

ParentImage: C:\Program Files\WindowsApps\Microsoft.WindowsTerminal_1.17.11461.0_x64__8wekyb3d8bbwe\WindowsTerminal.exe

ParentCommandLine: wt.exe 

ParentUser: WINDEV2309EVAL\User",Info,-,wt.exe ,C:\Program Files\WindowsApps\Microsoft.WindowsTerminal_1.17.11461.0_x64__8wekyb3d8bbwe\WindowsTerminal.exe,{fda94052-38e8-658d-6c02-000000000b00},10928,WINDEV2309EVAL\User,{fda94052-38e8-658d-6d02-000000000b00},7044,6684,-,,,,,"
      ",-,,,,,,2023-12-28T08:59:20.8122603Z,,,Process Create (rule: ProcessCreate),1,6672,WINDEV2309EVAL\User,S-1-5-18,2023-12-28 08:59:20.810,5,"<Event xmlns=""http://schemas.microsoft.com/win/2004/08/events/event"">
    <System>
      <Provider Name=""Microsoft-Windows-Sysmon"" Guid=""{5770385f-c22a-43e0-bf4c-06f5698ffbd9}""/>
      <EventID>1</EventID>
      <Version>5</Version>
      <Level>4</Level>
      <Task>1</Task>
      <Opcode>0</Opcode>
      <Keywords>0x8000000000000000</Keywords>
      <TimeCreated SystemTime=""2023-12-28T08:59:20.8122603Z""/>
      <EventRecordID>9475</EventRecordID>
      <Correlation/>
      <Execution ProcessID=""7044"" ThreadID=""6672""/>
      <Channel>Microsoft-Windows-Sysmon/Operational</Channel>
      <Computer>WinDev2309Eval</Computer>
      <Security UserID=""S-1-5-18""/>
    </System>
    <EventData>
      <Data Name=""RuleName"">-</Data>
      <Data Name=""UtcTime"">2023-12-28 08:59:20.810</Data>
      <Data Name=""ProcessGuid"">{fda94052-38e8-658d-6d02-000000000b00}</Data>
      <Data Name=""ProcessId"">6684</Data>
      <Data Name=""Image"">C:\Program Files\WindowsApps\Microsoft.WindowsTerminal_1.17.11461.0_x64__8wekyb3d8bbwe\OpenConsole.exe</Data>
      <Data Name=""FileVersion"">-</Data>
      <Data Name=""Description"">-</Data>
      <Data Name=""Product"">-</Data>
      <Data Name=""Company"">-</Data>
      <Data Name=""OriginalFileName"">-</Data>
      <Data Name=""CommandLine"">""C:\Program Files\WindowsApps\Microsoft.WindowsTerminal_1.17.11461.0_x64__8wekyb3d8bbwe\OpenConsole.exe"" --headless --win32input --resizeQuirk --width 120 --height 27 --signal 0x9cc --server 0x9c4</Data>
      <Data Name=""CurrentDirectory"">C:\Users\User\AppData\Local\Temp\</Data>
      <Data Name=""User"">WINDEV2309EVAL\User</Data>
      <Data Name=""LogonGuid"">{fda94052-3502-658d-b367-080000000000}</Data>
      <Data Name=""LogonId"">0x867b3</Data>
      <Data Name=""TerminalSessionId"">1</Data>
      <Data Name=""IntegrityLevel"">Medium</Data>
      <Data Name=""Hashes"">MD5=8C608622D60DD9E76274883252698EC2,SHA256=A1686717DA0D79F2DB071A6866677BFD492B44EAA47EB375A992145A6F4BD874,IMPHASH=3815098BF50AB7C56CCBDE82FF05FFDB</Data>
      <Data Name=""ParentProcessGuid"">{fda94052-38e8-658d-6c02-000000000b00}</Data>
      <Data Name=""ParentProcessId"">10928</Data>
      <Data Name=""ParentImage"">C:\Program Files\WindowsApps\Microsoft.WindowsTerminal_1.17.11461.0_x64__8wekyb3d8bbwe\WindowsTerminal.exe</Data>
      <Data Name=""ParentCommandLine"">wt.exe </Data>
      <Data Name=""ParentUser"">WINDEV2309EVAL\User</Data>
    </EventData>
    <RenderingInfo Culture=""en-US"">
      <Message>Process Create:

RuleName: -

UtcTime: 2023-12-28 08:59:20.810

ProcessGuid: {fda94052-38e8-658d-6d02-000000000b00}

ProcessId: 6684

Image: C:\Program Files\WindowsApps\Microsoft.WindowsTerminal_1.17.11461.0_x64__8wekyb3d8bbwe\OpenConsole.exe

FileVersion: -

Description: -

Product: -

Company: -

OriginalFileName: -

CommandLine: ""C:\Program Files\WindowsApps\Microsoft.WindowsTerminal_1.17.11461.0_x64__8wekyb3d8bbwe\OpenConsole.exe"" --headless --win32input --resizeQuirk --width 120 --height 27 --signal 0x9cc --server 0x9c4

CurrentDirectory: C:\Users\User\AppData\Local\Temp\

User: WINDEV2309EVAL\User

LogonGuid: {fda94052-3502-658d-b367-080000000000}

LogonId: 0x867B3

TerminalSessionId: 1

IntegrityLevel: Medium

Hashes: MD5=8C608622D60DD9E76274883252698EC2,SHA256=A1686717DA0D79F2DB071A6866677BFD492B44EAA47EB375A992145A6F4BD874,IMPHASH=3815098BF50AB7C56CCBDE82FF05FFDB

ParentProcessGuid: {fda94052-38e8-658d-6c02-000000000b00}

ParentProcessId: 10928

ParentImage: C:\Program Files\WindowsApps\Microsoft.WindowsTerminal_1.17.11461.0_x64__8wekyb3d8bbwe\WindowsTerminal.exe

ParentCommandLine: wt.exe 

ParentUser: WINDEV2309EVAL\User</Message>
      <Level>Information</Level>
      <Task>Process Create (rule: ProcessCreate)</Task>
      <Opcode>Info</Opcode>
    </RenderingInfo>
  </Event>
  
"
Microsoft-Windows-Sysmon/Operational,,,WinDev2309Eval,,,,,,,,,,22,9474,,,,<unknown process>,,,0x8000000000000000,Information,,,"Dns query:

RuleName: -

UtcTime: 2023-12-27 23:54:14.473

ProcessGuid: {00000000-0000-0000-0000-000000000000}

ProcessId: 7412

QueryName: raw.githubusercontent.com

QueryStatus: 0

QueryResults: ::ffff:185.199.110.133;::ffff:185.199.111.133;::ffff:185.199.109.133;::ffff:185.199.108.133;

Image: <unknown process>

User: WINDEV2309EVAL\User",Info,,,,,,,{00000000-0000-0000-0000-000000000000},7044,7412,,,raw.githubusercontent.com,::ffff:185.199.110.133;::ffff:185.199.111.133;::ffff:185.199.109.133;::ffff:185.199.108.133;,0,"
      ",-,,,,,,2023-12-28T08:59:20.2918615Z,,,Dns query (rule: DnsQuery),,1124,WINDEV2309EVAL\User,S-1-5-18,2023-12-27 23:54:14.473,5,"<Event xmlns=""http://schemas.microsoft.com/win/2004/08/events/event"">
    <System>
      <Provider Name=""Microsoft-Windows-Sysmon"" Guid=""{5770385f-c22a-43e0-bf4c-06f5698ffbd9}""/>
      <EventID>22</EventID>
      <Version>5</Version>
      <Level>4</Level>
      <Task>22</Task>
      <Opcode>0</Opcode>
      <Keywords>0x8000000000000000</Keywords>
      <TimeCreated SystemTime=""2023-12-28T08:59:20.2918615Z""/>
      <EventRecordID>9474</EventRecordID>
      <Correlation/>
      <Execution ProcessID=""7044"" ThreadID=""1124""/>
      <Channel>Microsoft-Windows-Sysmon/Operational</Channel>
      <Computer>WinDev2309Eval</Computer>
      <Security UserID=""S-1-5-18""/>
    </System>
    <EventData>
      <Data Name=""RuleName"">-</Data>
      <Data Name=""UtcTime"">2023-12-27 23:54:14.473</Data>
      <Data Name=""ProcessGuid"">{00000000-0000-0000-0000-000000000000}</Data>
      <Data Name=""ProcessId"">7412</Data>
      <Data Name=""QueryName"">raw.githubusercontent.com</Data>
      <Data Name=""QueryStatus"">0</Data>
      <Data Name=""QueryResults"">::ffff:185.199.110.133;::ffff:185.199.111.133;::ffff:185.199.109.133;::ffff:185.199.108.133;</Data>
      <Data Name=""Image"">&lt;unknown process&gt;</Data>
      <Data Name=""User"">WINDEV2309EVAL\User</Data>
    </EventData>
    <RenderingInfo Culture=""en-US"">
      <Message>Dns query:

RuleName: -

UtcTime: 2023-12-27 23:54:14.473

ProcessGuid: {00000000-0000-0000-0000-000000000000}

ProcessId: 7412

QueryName: raw.githubusercontent.com

QueryStatus: 0

QueryResults: ::ffff:185.199.110.133;::ffff:185.199.111.133;::ffff:185.199.109.133;::ffff:185.199.108.133;

Image: &lt;unknown process&gt;

User: WINDEV2309EVAL\User</Message>
      <Level>Information</Level>
      <Task>Dns query (rule: DnsQuery)</Task>
      <Opcode>Info</Opcode>
    </RenderingInfo>
  </Event>
  
"
