Microsoft-Windows-Sysmon/Operational,secedit  /configure /db mytemplate.db,Microsoft Corporation,WinDev2309Eval,,,C:\Users\User\AppData\Local\Temp\,Windows Security Configuration Editor Command Tool,,1,9521,,10.0.22621.1 (WinBuild.160101.0800),,"MD5=8B8C541263F22CA9358AD47D1968664D,SHA256=577C2D61EBB4DC1B1CB49DF3C0EC878E4B75EF685E1DE36BE0D6ACE5DA3A64BA,IMPHASH=58A66C69176097C9B8C5C9AE4273BD6F",C:\Windows\System32\SecEdit.exe,Medium,0x8000000000000000,Information,{fda94052-3502-658d-b367-080000000000},0x867b3,"Process Create:

RuleName: -

UtcTime: 2023-12-28 08:46:35.796

ProcessGuid: {fda94052-35eb-658d-9802-000000000b00}

ProcessId: 9572

Image: C:\Windows\System32\SecEdit.exe

FileVersion: 10.0.22621.1 (WinBuild.160101.0800)

Description: Windows Security Configuration Editor Command Tool

Product: Microsoft® Windows® Operating System

Company: Microsoft Corporation

OriginalFileName: SeCEdit

CommandLine: secedit  /configure /db mytemplate.db

CurrentDirectory: C:\Users\User\AppData\Local\Temp\

User: WINDEV2309EVAL\User

LogonGuid: {fda94052-3502-658d-b367-080000000000}

LogonId: 0x867B3

TerminalSessionId: 1

IntegrityLevel: Medium

Hashes: MD5=8B8C541263F22CA9358AD47D1968664D,SHA256=577C2D61EBB4DC1B1CB49DF3C0EC878E4B75EF685E1DE36BE0D6ACE5DA3A64BA,IMPHASH=58A66C69176097C9B8C5C9AE4273BD6F

ParentProcessGuid: {fda94052-35eb-658d-9502-000000000b00}

ParentProcessId: 1680

ParentImage: C:\Windows\System32\cmd.exe

ParentCommandLine: ""cmd.exe"" /c secedit /import /db mytemplate.db /cfg ""C:\AtomicRedTeam\atomics\T1547.001\src\regtemplate.ini"" & secedit /configure /db mytemplate.db

ParentUser: WINDEV2309EVAL\User",Info,SeCEdit,"""cmd.exe"" /c secedit /import /db mytemplate.db /cfg ""C:\AtomicRedTeam\atomics\T1547.001\src\regtemplate.ini"" & secedit /configure /db mytemplate.db",C:\Windows\System32\cmd.exe,{fda94052-35eb-658d-9502-000000000b00},1680,WINDEV2309EVAL\User,{fda94052-35eb-658d-9802-000000000b00},7044,9572,Microsoft® Windows® Operating System,,,,"
      ",-,2023-12-28T08:46:35.7977363Z,,,Process Create (rule: ProcessCreate),1,6672,WINDEV2309EVAL\User,S-1-5-18,2023-12-28 08:46:35.796,5,"<Event xmlns=""http://schemas.microsoft.com/win/2004/08/events/event"">
    <System>
      <Provider Name=""Microsoft-Windows-Sysmon"" Guid=""{5770385f-c22a-43e0-bf4c-06f5698ffbd9}""/>
      <EventID>1</EventID>
      <Version>5</Version>
      <Level>4</Level>
      <Task>1</Task>
      <Opcode>0</Opcode>
      <Keywords>0x8000000000000000</Keywords>
      <TimeCreated SystemTime=""2023-12-28T08:46:35.7977363Z""/>
      <EventRecordID>9521</EventRecordID>
      <Correlation/>
      <Execution ProcessID=""7044"" ThreadID=""6672""/>
      <Channel>Microsoft-Windows-Sysmon/Operational</Channel>
      <Computer>WinDev2309Eval</Computer>
      <Security UserID=""S-1-5-18""/>
    </System>
    <EventData>
      <Data Name=""RuleName"">-</Data>
      <Data Name=""UtcTime"">2023-12-28 08:46:35.796</Data>
      <Data Name=""ProcessGuid"">{fda94052-35eb-658d-9802-000000000b00}</Data>
      <Data Name=""ProcessId"">9572</Data>
      <Data Name=""Image"">C:\Windows\System32\SecEdit.exe</Data>
      <Data Name=""FileVersion"">10.0.22621.1 (WinBuild.160101.0800)</Data>
      <Data Name=""Description"">Windows Security Configuration Editor Command Tool</Data>
      <Data Name=""Product"">Microsoft&#174; Windows&#174; Operating System</Data>
      <Data Name=""Company"">Microsoft Corporation</Data>
      <Data Name=""OriginalFileName"">SeCEdit</Data>
      <Data Name=""CommandLine"">secedit  /configure /db mytemplate.db</Data>
      <Data Name=""CurrentDirectory"">C:\Users\User\AppData\Local\Temp\</Data>
      <Data Name=""User"">WINDEV2309EVAL\User</Data>
      <Data Name=""LogonGuid"">{fda94052-3502-658d-b367-080000000000}</Data>
      <Data Name=""LogonId"">0x867b3</Data>
      <Data Name=""TerminalSessionId"">1</Data>
      <Data Name=""IntegrityLevel"">Medium</Data>
      <Data Name=""Hashes"">MD5=8B8C541263F22CA9358AD47D1968664D,SHA256=577C2D61EBB4DC1B1CB49DF3C0EC878E4B75EF685E1DE36BE0D6ACE5DA3A64BA,IMPHASH=58A66C69176097C9B8C5C9AE4273BD6F</Data>
      <Data Name=""ParentProcessGuid"">{fda94052-35eb-658d-9502-000000000b00}</Data>
      <Data Name=""ParentProcessId"">1680</Data>
      <Data Name=""ParentImage"">C:\Windows\System32\cmd.exe</Data>
      <Data Name=""ParentCommandLine"">""cmd.exe"" /c secedit /import /db mytemplate.db /cfg ""C:\AtomicRedTeam\atomics\T1547.001\src\regtemplate.ini"" &amp; secedit /configure /db mytemplate.db</Data>
      <Data Name=""ParentUser"">WINDEV2309EVAL\User</Data>
    </EventData>
    <RenderingInfo Culture=""en-US"">
      <Message>Process Create:

RuleName: -

UtcTime: 2023-12-28 08:46:35.796

ProcessGuid: {fda94052-35eb-658d-9802-000000000b00}

ProcessId: 9572

Image: C:\Windows\System32\SecEdit.exe

FileVersion: 10.0.22621.1 (WinBuild.160101.0800)

Description: Windows Security Configuration Editor Command Tool

Product: Microsoft&#174; Windows&#174; Operating System

Company: Microsoft Corporation

OriginalFileName: SeCEdit

CommandLine: secedit  /configure /db mytemplate.db

CurrentDirectory: C:\Users\User\AppData\Local\Temp\

User: WINDEV2309EVAL\User

LogonGuid: {fda94052-3502-658d-b367-080000000000}

LogonId: 0x867B3

TerminalSessionId: 1

IntegrityLevel: Medium

Hashes: MD5=8B8C541263F22CA9358AD47D1968664D,SHA256=577C2D61EBB4DC1B1CB49DF3C0EC878E4B75EF685E1DE36BE0D6ACE5DA3A64BA,IMPHASH=58A66C69176097C9B8C5C9AE4273BD6F

ParentProcessGuid: {fda94052-35eb-658d-9502-000000000b00}

ParentProcessId: 1680

ParentImage: C:\Windows\System32\cmd.exe

ParentCommandLine: ""cmd.exe"" /c secedit /import /db mytemplate.db /cfg ""C:\AtomicRedTeam\atomics\T1547.001\src\regtemplate.ini"" &amp; secedit /configure /db mytemplate.db

ParentUser: WINDEV2309EVAL\User</Message>
      <Level>Information</Level>
      <Task>Process Create (rule: ProcessCreate)</Task>
      <Opcode>Info</Opcode>
    </RenderingInfo>
  </Event>
  
"
Microsoft-Windows-Sysmon/Operational,"secedit  /import /db mytemplate.db /cfg ""C:\AtomicRedTeam\atomics\T1547.001\src\regtemplate.ini"" ",Microsoft Corporation,WinDev2309Eval,,,C:\Users\User\AppData\Local\Temp\,Windows Security Configuration Editor Command Tool,,1,9520,,10.0.22621.1 (WinBuild.160101.0800),,"MD5=8B8C541263F22CA9358AD47D1968664D,SHA256=577C2D61EBB4DC1B1CB49DF3C0EC878E4B75EF685E1DE36BE0D6ACE5DA3A64BA,IMPHASH=58A66C69176097C9B8C5C9AE4273BD6F",C:\Windows\System32\SecEdit.exe,Medium,0x8000000000000000,Information,{fda94052-3502-658d-b367-080000000000},0x867b3,"Process Create:

RuleName: -

UtcTime: 2023-12-28 08:46:35.775

ProcessGuid: {fda94052-35eb-658d-9702-000000000b00}

ProcessId: 10456

Image: C:\Windows\System32\SecEdit.exe

FileVersion: 10.0.22621.1 (WinBuild.160101.0800)

Description: Windows Security Configuration Editor Command Tool

Product: Microsoft® Windows® Operating System

Company: Microsoft Corporation

OriginalFileName: SeCEdit

CommandLine: secedit  /import /db mytemplate.db /cfg ""C:\AtomicRedTeam\atomics\T1547.001\src\regtemplate.ini"" 

CurrentDirectory: C:\Users\User\AppData\Local\Temp\

User: WINDEV2309EVAL\User

LogonGuid: {fda94052-3502-658d-b367-080000000000}

LogonId: 0x867B3

TerminalSessionId: 1

IntegrityLevel: Medium

Hashes: MD5=8B8C541263F22CA9358AD47D1968664D,SHA256=577C2D61EBB4DC1B1CB49DF3C0EC878E4B75EF685E1DE36BE0D6ACE5DA3A64BA,IMPHASH=58A66C69176097C9B8C5C9AE4273BD6F

ParentProcessGuid: {fda94052-35eb-658d-9502-000000000b00}

ParentProcessId: 1680

ParentImage: C:\Windows\System32\cmd.exe

ParentCommandLine: ""cmd.exe"" /c secedit /import /db mytemplate.db /cfg ""C:\AtomicRedTeam\atomics\T1547.001\src\regtemplate.ini"" & secedit /configure /db mytemplate.db

ParentUser: WINDEV2309EVAL\User",Info,SeCEdit,"""cmd.exe"" /c secedit /import /db mytemplate.db /cfg ""C:\AtomicRedTeam\atomics\T1547.001\src\regtemplate.ini"" & secedit /configure /db mytemplate.db",C:\Windows\System32\cmd.exe,{fda94052-35eb-658d-9502-000000000b00},1680,WINDEV2309EVAL\User,{fda94052-35eb-658d-9702-000000000b00},7044,10456,Microsoft® Windows® Operating System,,,,"
      ",-,2023-12-28T08:46:35.7775875Z,,,Process Create (rule: ProcessCreate),1,6672,WINDEV2309EVAL\User,S-1-5-18,2023-12-28 08:46:35.775,5,"<Event xmlns=""http://schemas.microsoft.com/win/2004/08/events/event"">
    <System>
      <Provider Name=""Microsoft-Windows-Sysmon"" Guid=""{5770385f-c22a-43e0-bf4c-06f5698ffbd9}""/>
      <EventID>1</EventID>
      <Version>5</Version>
      <Level>4</Level>
      <Task>1</Task>
      <Opcode>0</Opcode>
      <Keywords>0x8000000000000000</Keywords>
      <TimeCreated SystemTime=""2023-12-28T08:46:35.7775875Z""/>
      <EventRecordID>9520</EventRecordID>
      <Correlation/>
      <Execution ProcessID=""7044"" ThreadID=""6672""/>
      <Channel>Microsoft-Windows-Sysmon/Operational</Channel>
      <Computer>WinDev2309Eval</Computer>
      <Security UserID=""S-1-5-18""/>
    </System>
    <EventData>
      <Data Name=""RuleName"">-</Data>
      <Data Name=""UtcTime"">2023-12-28 08:46:35.775</Data>
      <Data Name=""ProcessGuid"">{fda94052-35eb-658d-9702-000000000b00}</Data>
      <Data Name=""ProcessId"">10456</Data>
      <Data Name=""Image"">C:\Windows\System32\SecEdit.exe</Data>
      <Data Name=""FileVersion"">10.0.22621.1 (WinBuild.160101.0800)</Data>
      <Data Name=""Description"">Windows Security Configuration Editor Command Tool</Data>
      <Data Name=""Product"">Microsoft&#174; Windows&#174; Operating System</Data>
      <Data Name=""Company"">Microsoft Corporation</Data>
      <Data Name=""OriginalFileName"">SeCEdit</Data>
      <Data Name=""CommandLine"">secedit  /import /db mytemplate.db /cfg ""C:\AtomicRedTeam\atomics\T1547.001\src\regtemplate.ini"" </Data>
      <Data Name=""CurrentDirectory"">C:\Users\User\AppData\Local\Temp\</Data>
      <Data Name=""User"">WINDEV2309EVAL\User</Data>
      <Data Name=""LogonGuid"">{fda94052-3502-658d-b367-080000000000}</Data>
      <Data Name=""LogonId"">0x867b3</Data>
      <Data Name=""TerminalSessionId"">1</Data>
      <Data Name=""IntegrityLevel"">Medium</Data>
      <Data Name=""Hashes"">MD5=8B8C541263F22CA9358AD47D1968664D,SHA256=577C2D61EBB4DC1B1CB49DF3C0EC878E4B75EF685E1DE36BE0D6ACE5DA3A64BA,IMPHASH=58A66C69176097C9B8C5C9AE4273BD6F</Data>
      <Data Name=""ParentProcessGuid"">{fda94052-35eb-658d-9502-000000000b00}</Data>
      <Data Name=""ParentProcessId"">1680</Data>
      <Data Name=""ParentImage"">C:\Windows\System32\cmd.exe</Data>
      <Data Name=""ParentCommandLine"">""cmd.exe"" /c secedit /import /db mytemplate.db /cfg ""C:\AtomicRedTeam\atomics\T1547.001\src\regtemplate.ini"" &amp; secedit /configure /db mytemplate.db</Data>
      <Data Name=""ParentUser"">WINDEV2309EVAL\User</Data>
    </EventData>
    <RenderingInfo Culture=""en-US"">
      <Message>Process Create:

RuleName: -

UtcTime: 2023-12-28 08:46:35.775

ProcessGuid: {fda94052-35eb-658d-9702-000000000b00}

ProcessId: 10456

Image: C:\Windows\System32\SecEdit.exe

FileVersion: 10.0.22621.1 (WinBuild.160101.0800)

Description: Windows Security Configuration Editor Command Tool

Product: Microsoft&#174; Windows&#174; Operating System

Company: Microsoft Corporation

OriginalFileName: SeCEdit

CommandLine: secedit  /import /db mytemplate.db /cfg ""C:\AtomicRedTeam\atomics\T1547.001\src\regtemplate.ini"" 

CurrentDirectory: C:\Users\User\AppData\Local\Temp\

User: WINDEV2309EVAL\User

LogonGuid: {fda94052-3502-658d-b367-080000000000}

LogonId: 0x867B3

TerminalSessionId: 1

IntegrityLevel: Medium

Hashes: MD5=8B8C541263F22CA9358AD47D1968664D,SHA256=577C2D61EBB4DC1B1CB49DF3C0EC878E4B75EF685E1DE36BE0D6ACE5DA3A64BA,IMPHASH=58A66C69176097C9B8C5C9AE4273BD6F

ParentProcessGuid: {fda94052-35eb-658d-9502-000000000b00}

ParentProcessId: 1680

ParentImage: C:\Windows\System32\cmd.exe

ParentCommandLine: ""cmd.exe"" /c secedit /import /db mytemplate.db /cfg ""C:\AtomicRedTeam\atomics\T1547.001\src\regtemplate.ini"" &amp; secedit /configure /db mytemplate.db

ParentUser: WINDEV2309EVAL\User</Message>
      <Level>Information</Level>
      <Task>Process Create (rule: ProcessCreate)</Task>
      <Opcode>Info</Opcode>
    </RenderingInfo>
  </Event>
  
"
Microsoft-Windows-Sysmon/Operational,"""cmd.exe"" /c secedit /import /db mytemplate.db /cfg ""C:\AtomicRedTeam\atomics\T1547.001\src\regtemplate.ini"" & secedit /configure /db mytemplate.db",Microsoft Corporation,WinDev2309Eval,,,C:\Users\User\AppData\Local\Temp\,Windows Command Processor,,1,9519,,10.0.22621.1635 (WinBuild.160101.0800),,"MD5=5A6BE4D2519515241D0C133A26CF62C0,SHA256=423E0E810A69AACEBA0E5670E58AFF898CF0EBFFAB99CCB46EBB3464C3D2FACB,IMPHASH=D73E39DAB3C8B57AA408073D01254964",C:\Windows\System32\cmd.exe,Medium,0x8000000000000000,Information,{fda94052-3502-658d-b367-080000000000},0x867b3,"Process Create:

RuleName: -

UtcTime: 2023-12-28 08:46:35.738

ProcessGuid: {fda94052-35eb-658d-9502-000000000b00}

ProcessId: 1680

Image: C:\Windows\System32\cmd.exe

FileVersion: 10.0.22621.1635 (WinBuild.160101.0800)

Description: Windows Command Processor

Product: Microsoft® Windows® Operating System

Company: Microsoft Corporation

OriginalFileName: Cmd.Exe

CommandLine: ""cmd.exe"" /c secedit /import /db mytemplate.db /cfg ""C:\AtomicRedTeam\atomics\T1547.001\src\regtemplate.ini"" & secedit /configure /db mytemplate.db

CurrentDirectory: C:\Users\User\AppData\Local\Temp\

User: WINDEV2309EVAL\User

LogonGuid: {fda94052-3502-658d-b367-080000000000}

LogonId: 0x867B3

TerminalSessionId: 1

IntegrityLevel: Medium

Hashes: MD5=5A6BE4D2519515241D0C133A26CF62C0,SHA256=423E0E810A69AACEBA0E5670E58AFF898CF0EBFFAB99CCB46EBB3464C3D2FACB,IMPHASH=D73E39DAB3C8B57AA408073D01254964

ParentProcessGuid: {fda94052-b87a-658c-2702-000000000b00}

ParentProcessId: 5076

ParentImage: C:\Windows\System32\WindowsPowerShell\v1.0\powershell.exe

ParentCommandLine: ""C:\Windows\System32\WindowsPowerShell\v1.0\powershell.exe"" -exec bypass

ParentUser: WINDEV2309EVAL\User",Info,Cmd.Exe,"""C:\Windows\System32\WindowsPowerShell\v1.0\powershell.exe"" -exec bypass",C:\Windows\System32\WindowsPowerShell\v1.0\powershell.exe,{fda94052-b87a-658c-2702-000000000b00},5076,WINDEV2309EVAL\User,{fda94052-35eb-658d-9502-000000000b00},7044,1680,Microsoft® Windows® Operating System,,,,"
      ",-,2023-12-28T08:46:35.7402724Z,,,Process Create (rule: ProcessCreate),1,6672,WINDEV2309EVAL\User,S-1-5-18,2023-12-28 08:46:35.738,5,"<Event xmlns=""http://schemas.microsoft.com/win/2004/08/events/event"">
    <System>
      <Provider Name=""Microsoft-Windows-Sysmon"" Guid=""{5770385f-c22a-43e0-bf4c-06f5698ffbd9}""/>
      <EventID>1</EventID>
      <Version>5</Version>
      <Level>4</Level>
      <Task>1</Task>
      <Opcode>0</Opcode>
      <Keywords>0x8000000000000000</Keywords>
      <TimeCreated SystemTime=""2023-12-28T08:46:35.7402724Z""/>
      <EventRecordID>9519</EventRecordID>
      <Correlation/>
      <Execution ProcessID=""7044"" ThreadID=""6672""/>
      <Channel>Microsoft-Windows-Sysmon/Operational</Channel>
      <Computer>WinDev2309Eval</Computer>
      <Security UserID=""S-1-5-18""/>
    </System>
    <EventData>
      <Data Name=""RuleName"">-</Data>
      <Data Name=""UtcTime"">2023-12-28 08:46:35.738</Data>
      <Data Name=""ProcessGuid"">{fda94052-35eb-658d-9502-000000000b00}</Data>
      <Data Name=""ProcessId"">1680</Data>
      <Data Name=""Image"">C:\Windows\System32\cmd.exe</Data>
      <Data Name=""FileVersion"">10.0.22621.1635 (WinBuild.160101.0800)</Data>
      <Data Name=""Description"">Windows Command Processor</Data>
      <Data Name=""Product"">Microsoft&#174; Windows&#174; Operating System</Data>
      <Data Name=""Company"">Microsoft Corporation</Data>
      <Data Name=""OriginalFileName"">Cmd.Exe</Data>
      <Data Name=""CommandLine"">""cmd.exe"" /c secedit /import /db mytemplate.db /cfg ""C:\AtomicRedTeam\atomics\T1547.001\src\regtemplate.ini"" &amp; secedit /configure /db mytemplate.db</Data>
      <Data Name=""CurrentDirectory"">C:\Users\User\AppData\Local\Temp\</Data>
      <Data Name=""User"">WINDEV2309EVAL\User</Data>
      <Data Name=""LogonGuid"">{fda94052-3502-658d-b367-080000000000}</Data>
      <Data Name=""LogonId"">0x867b3</Data>
      <Data Name=""TerminalSessionId"">1</Data>
      <Data Name=""IntegrityLevel"">Medium</Data>
      <Data Name=""Hashes"">MD5=5A6BE4D2519515241D0C133A26CF62C0,SHA256=423E0E810A69AACEBA0E5670E58AFF898CF0EBFFAB99CCB46EBB3464C3D2FACB,IMPHASH=D73E39DAB3C8B57AA408073D01254964</Data>
      <Data Name=""ParentProcessGuid"">{fda94052-b87a-658c-2702-000000000b00}</Data>
      <Data Name=""ParentProcessId"">5076</Data>
      <Data Name=""ParentImage"">C:\Windows\System32\WindowsPowerShell\v1.0\powershell.exe</Data>
      <Data Name=""ParentCommandLine"">""C:\Windows\System32\WindowsPowerShell\v1.0\powershell.exe"" -exec bypass</Data>
      <Data Name=""ParentUser"">WINDEV2309EVAL\User</Data>
    </EventData>
    <RenderingInfo Culture=""en-US"">
      <Message>Process Create:

RuleName: -

UtcTime: 2023-12-28 08:46:35.738

ProcessGuid: {fda94052-35eb-658d-9502-000000000b00}

ProcessId: 1680

Image: C:\Windows\System32\cmd.exe

FileVersion: 10.0.22621.1635 (WinBuild.160101.0800)

Description: Windows Command Processor

Product: Microsoft&#174; Windows&#174; Operating System

Company: Microsoft Corporation

OriginalFileName: Cmd.Exe

CommandLine: ""cmd.exe"" /c secedit /import /db mytemplate.db /cfg ""C:\AtomicRedTeam\atomics\T1547.001\src\regtemplate.ini"" &amp; secedit /configure /db mytemplate.db

CurrentDirectory: C:\Users\User\AppData\Local\Temp\

User: WINDEV2309EVAL\User

LogonGuid: {fda94052-3502-658d-b367-080000000000}

LogonId: 0x867B3

TerminalSessionId: 1

IntegrityLevel: Medium

Hashes: MD5=5A6BE4D2519515241D0C133A26CF62C0,SHA256=423E0E810A69AACEBA0E5670E58AFF898CF0EBFFAB99CCB46EBB3464C3D2FACB,IMPHASH=D73E39DAB3C8B57AA408073D01254964

ParentProcessGuid: {fda94052-b87a-658c-2702-000000000b00}

ParentProcessId: 5076

ParentImage: C:\Windows\System32\WindowsPowerShell\v1.0\powershell.exe

ParentCommandLine: ""C:\Windows\System32\WindowsPowerShell\v1.0\powershell.exe"" -exec bypass

ParentUser: WINDEV2309EVAL\User</Message>
      <Level>Information</Level>
      <Task>Process Create (rule: ProcessCreate)</Task>
      <Opcode>Info</Opcode>
    </RenderingInfo>
  </Event>
  
"
Microsoft-Windows-Sysmon/Operational,,,WinDev2309Eval,,2023-12-28 08:46:34.203,,,,11,9518,,,,,C:\Windows\System32\WindowsPowerShell\v1.0\powershell.exe,,0x8000000000000000,Information,,,"File created:

RuleName: -

UtcTime: 2023-12-28 08:46:34.203

ProcessGuid: {fda94052-35ea-658d-9302-000000000b00}

ProcessId: 2576

Image: C:\Windows\System32\WindowsPowerShell\v1.0\powershell.exe

TargetFilename: C:\Users\User\AppData\Local\Temp\__PSScriptPolicyTest_giictrhu.0vc.ps1

CreationUtcTime: 2023-12-28 08:46:34.203

User: WINDEV2309EVAL\User",Info,,,,,,,{fda94052-35ea-658d-9302-000000000b00},7044,2576,,,,,"
      ",-,2023-12-28T08:46:34.2097790Z,C:\Users\User\AppData\Local\Temp\__PSScriptPolicyTest_giictrhu.0vc.ps1,,File created (rule: FileCreate),,6672,WINDEV2309EVAL\User,S-1-5-18,2023-12-28 08:46:34.203,2,"<Event xmlns=""http://schemas.microsoft.com/win/2004/08/events/event"">
    <System>
      <Provider Name=""Microsoft-Windows-Sysmon"" Guid=""{5770385f-c22a-43e0-bf4c-06f5698ffbd9}""/>
      <EventID>11</EventID>
      <Version>2</Version>
      <Level>4</Level>
      <Task>11</Task>
      <Opcode>0</Opcode>
      <Keywords>0x8000000000000000</Keywords>
      <TimeCreated SystemTime=""2023-12-28T08:46:34.2097790Z""/>
      <EventRecordID>9518</EventRecordID>
      <Correlation/>
      <Execution ProcessID=""7044"" ThreadID=""6672""/>
      <Channel>Microsoft-Windows-Sysmon/Operational</Channel>
      <Computer>WinDev2309Eval</Computer>
      <Security UserID=""S-1-5-18""/>
    </System>
    <EventData>
      <Data Name=""RuleName"">-</Data>
      <Data Name=""UtcTime"">2023-12-28 08:46:34.203</Data>
      <Data Name=""ProcessGuid"">{fda94052-35ea-658d-9302-000000000b00}</Data>
      <Data Name=""ProcessId"">2576</Data>
      <Data Name=""Image"">C:\Windows\System32\WindowsPowerShell\v1.0\powershell.exe</Data>
      <Data Name=""TargetFilename"">C:\Users\User\AppData\Local\Temp\__PSScriptPolicyTest_giictrhu.0vc.ps1</Data>
      <Data Name=""CreationUtcTime"">2023-12-28 08:46:34.203</Data>
      <Data Name=""User"">WINDEV2309EVAL\User</Data>
    </EventData>
    <RenderingInfo Culture=""en-US"">
      <Message>File created:

RuleName: -

UtcTime: 2023-12-28 08:46:34.203

ProcessGuid: {fda94052-35ea-658d-9302-000000000b00}

ProcessId: 2576

Image: C:\Windows\System32\WindowsPowerShell\v1.0\powershell.exe

TargetFilename: C:\Users\User\AppData\Local\Temp\__PSScriptPolicyTest_giictrhu.0vc.ps1

CreationUtcTime: 2023-12-28 08:46:34.203

User: WINDEV2309EVAL\User</Message>
      <Level>Information</Level>
      <Task>File created (rule: FileCreate)</Task>
      <Opcode>Info</Opcode>
    </RenderingInfo>
  </Event>
  
"
Microsoft-Windows-Sysmon/Operational,"""powershell.exe"" & {$oldvalue = $(Get-ItemPropertyValue -Path  \""""HKLM:\Software\Microsoft\Windows NT\CurrentVersion\Winlogon\"""" -Name \""""Shell\"""");
Set-ItemProperty -Path \""""HKLM:\Software\Microsoft\Windows NT\CurrentVersion\Winlogon\"""" -Name \""""Shell-backup\"""" -Value \""""$oldvalue\"""";
$newvalue = $oldvalue + \"""", C:\Windows\explorer.exe\"""";
Set-ItemProperty -Path  \""""HKLM:\Software\Microsoft\Windows NT\CurrentVersion\Winlogon\"""" -Name \""""Shell\"""" -Value \""""$newvalue\""""}",Microsoft Corporation,WinDev2309Eval,,,C:\Users\User\AppData\Local\Temp\,Windows PowerShell,,1,9517,,10.0.22621.2215 (WinBuild.160101.0800),,"MD5=824B9F337E68DD8C117595071AC11E23,SHA256=17083405E7DECB3DDEF837C2FA599293A4E8133736969DFD5CE92EF15608A587,IMPHASH=51B0FFFA02CA6C1B85189E2E6C139F36",C:\Windows\System32\WindowsPowerShell\v1.0\powershell.exe,Medium,0x8000000000000000,Information,{fda94052-3502-658d-b367-080000000000},0x867b3,"Process Create:

RuleName: -

UtcTime: 2023-12-28 08:46:34.078

ProcessGuid: {fda94052-35ea-658d-9302-000000000b00}

ProcessId: 2576

Image: C:\Windows\System32\WindowsPowerShell\v1.0\powershell.exe

FileVersion: 10.0.22621.2215 (WinBuild.160101.0800)

Description: Windows PowerShell

Product: Microsoft® Windows® Operating System

Company: Microsoft Corporation

OriginalFileName: PowerShell.EXE

CommandLine: ""powershell.exe"" & {$oldvalue = $(Get-ItemPropertyValue -Path  \""""HKLM:\Software\Microsoft\Windows NT\CurrentVersion\Winlogon\"""" -Name \""""Shell\"""");
Set-ItemProperty -Path \""""HKLM:\Software\Microsoft\Windows NT\CurrentVersion\Winlogon\"""" -Name \""""Shell-backup\"""" -Value \""""$oldvalue\"""";
$newvalue = $oldvalue + \"""", C:\Windows\explorer.exe\"""";
Set-ItemProperty -Path  \""""HKLM:\Software\Microsoft\Windows NT\CurrentVersion\Winlogon\"""" -Name \""""Shell\"""" -Value \""""$newvalue\""""}

CurrentDirectory: C:\Users\User\AppData\Local\Temp\

User: WINDEV2309EVAL\User

LogonGuid: {fda94052-3502-658d-b367-080000000000}

LogonId: 0x867B3

TerminalSessionId: 1

IntegrityLevel: Medium

Hashes: MD5=824B9F337E68DD8C117595071AC11E23,SHA256=17083405E7DECB3DDEF837C2FA599293A4E8133736969DFD5CE92EF15608A587,IMPHASH=51B0FFFA02CA6C1B85189E2E6C139F36

ParentProcessGuid: {fda94052-b87a-658c-2702-000000000b00}

ParentProcessId: 5076

ParentImage: C:\Windows\System32\WindowsPowerShell\v1.0\powershell.exe

ParentCommandLine: ""C:\Windows\System32\WindowsPowerShell\v1.0\powershell.exe"" -exec bypass

ParentUser: WINDEV2309EVAL\User",Info,PowerShell.EXE,"""C:\Windows\System32\WindowsPowerShell\v1.0\powershell.exe"" -exec bypass",C:\Windows\System32\WindowsPowerShell\v1.0\powershell.exe,{fda94052-b87a-658c-2702-000000000b00},5076,WINDEV2309EVAL\User,{fda94052-35ea-658d-9302-000000000b00},7044,2576,Microsoft® Windows® Operating System,,,,"
      ",-,2023-12-28T08:46:34.0804155Z,,,Process Create (rule: ProcessCreate),1,6672,WINDEV2309EVAL\User,S-1-5-18,2023-12-28 08:46:34.078,5,"<Event xmlns=""http://schemas.microsoft.com/win/2004/08/events/event"">
    <System>
      <Provider Name=""Microsoft-Windows-Sysmon"" Guid=""{5770385f-c22a-43e0-bf4c-06f5698ffbd9}""/>
      <EventID>1</EventID>
      <Version>5</Version>
      <Level>4</Level>
      <Task>1</Task>
      <Opcode>0</Opcode>
      <Keywords>0x8000000000000000</Keywords>
      <TimeCreated SystemTime=""2023-12-28T08:46:34.0804155Z""/>
      <EventRecordID>9517</EventRecordID>
      <Correlation/>
      <Execution ProcessID=""7044"" ThreadID=""6672""/>
      <Channel>Microsoft-Windows-Sysmon/Operational</Channel>
      <Computer>WinDev2309Eval</Computer>
      <Security UserID=""S-1-5-18""/>
    </System>
    <EventData>
      <Data Name=""RuleName"">-</Data>
      <Data Name=""UtcTime"">2023-12-28 08:46:34.078</Data>
      <Data Name=""ProcessGuid"">{fda94052-35ea-658d-9302-000000000b00}</Data>
      <Data Name=""ProcessId"">2576</Data>
      <Data Name=""Image"">C:\Windows\System32\WindowsPowerShell\v1.0\powershell.exe</Data>
      <Data Name=""FileVersion"">10.0.22621.2215 (WinBuild.160101.0800)</Data>
      <Data Name=""Description"">Windows PowerShell</Data>
      <Data Name=""Product"">Microsoft&#174; Windows&#174; Operating System</Data>
      <Data Name=""Company"">Microsoft Corporation</Data>
      <Data Name=""OriginalFileName"">PowerShell.EXE</Data>
      <Data Name=""CommandLine"">""powershell.exe"" &amp; {$oldvalue = $(Get-ItemPropertyValue -Path  \""""HKLM:\Software\Microsoft\Windows NT\CurrentVersion\Winlogon\"""" -Name \""""Shell\"""");
Set-ItemProperty -Path \""""HKLM:\Software\Microsoft\Windows NT\CurrentVersion\Winlogon\"""" -Name \""""Shell-backup\"""" -Value \""""$oldvalue\"""";
$newvalue = $oldvalue + \"""", C:\Windows\explorer.exe\"""";
Set-ItemProperty -Path  \""""HKLM:\Software\Microsoft\Windows NT\CurrentVersion\Winlogon\"""" -Name \""""Shell\"""" -Value \""""$newvalue\""""}</Data>
      <Data Name=""CurrentDirectory"">C:\Users\User\AppData\Local\Temp\</Data>
      <Data Name=""User"">WINDEV2309EVAL\User</Data>
      <Data Name=""LogonGuid"">{fda94052-3502-658d-b367-080000000000}</Data>
      <Data Name=""LogonId"">0x867b3</Data>
      <Data Name=""TerminalSessionId"">1</Data>
      <Data Name=""IntegrityLevel"">Medium</Data>
      <Data Name=""Hashes"">MD5=824B9F337E68DD8C117595071AC11E23,SHA256=17083405E7DECB3DDEF837C2FA599293A4E8133736969DFD5CE92EF15608A587,IMPHASH=51B0FFFA02CA6C1B85189E2E6C139F36</Data>
      <Data Name=""ParentProcessGuid"">{fda94052-b87a-658c-2702-000000000b00}</Data>
      <Data Name=""ParentProcessId"">5076</Data>
      <Data Name=""ParentImage"">C:\Windows\System32\WindowsPowerShell\v1.0\powershell.exe</Data>
      <Data Name=""ParentCommandLine"">""C:\Windows\System32\WindowsPowerShell\v1.0\powershell.exe"" -exec bypass</Data>
      <Data Name=""ParentUser"">WINDEV2309EVAL\User</Data>
    </EventData>
    <RenderingInfo Culture=""en-US"">
      <Message>Process Create:

RuleName: -

UtcTime: 2023-12-28 08:46:34.078

ProcessGuid: {fda94052-35ea-658d-9302-000000000b00}

ProcessId: 2576

Image: C:\Windows\System32\WindowsPowerShell\v1.0\powershell.exe

FileVersion: 10.0.22621.2215 (WinBuild.160101.0800)

Description: Windows PowerShell

Product: Microsoft&#174; Windows&#174; Operating System

Company: Microsoft Corporation

OriginalFileName: PowerShell.EXE

CommandLine: ""powershell.exe"" &amp; {$oldvalue = $(Get-ItemPropertyValue -Path  \""""HKLM:\Software\Microsoft\Windows NT\CurrentVersion\Winlogon\"""" -Name \""""Shell\"""");
Set-ItemProperty -Path \""""HKLM:\Software\Microsoft\Windows NT\CurrentVersion\Winlogon\"""" -Name \""""Shell-backup\"""" -Value \""""$oldvalue\"""";
$newvalue = $oldvalue + \"""", C:\Windows\explorer.exe\"""";
Set-ItemProperty -Path  \""""HKLM:\Software\Microsoft\Windows NT\CurrentVersion\Winlogon\"""" -Name \""""Shell\"""" -Value \""""$newvalue\""""}

CurrentDirectory: C:\Users\User\AppData\Local\Temp\

User: WINDEV2309EVAL\User

LogonGuid: {fda94052-3502-658d-b367-080000000000}

LogonId: 0x867B3

TerminalSessionId: 1

IntegrityLevel: Medium

Hashes: MD5=824B9F337E68DD8C117595071AC11E23,SHA256=17083405E7DECB3DDEF837C2FA599293A4E8133736969DFD5CE92EF15608A587,IMPHASH=51B0FFFA02CA6C1B85189E2E6C139F36

ParentProcessGuid: {fda94052-b87a-658c-2702-000000000b00}

ParentProcessId: 5076

ParentImage: C:\Windows\System32\WindowsPowerShell\v1.0\powershell.exe

ParentCommandLine: ""C:\Windows\System32\WindowsPowerShell\v1.0\powershell.exe"" -exec bypass

ParentUser: WINDEV2309EVAL\User</Message>
      <Level>Information</Level>
      <Task>Process Create (rule: ProcessCreate)</Task>
      <Opcode>Info</Opcode>
    </RenderingInfo>
  </Event>
  
"
Microsoft-Windows-Sysmon/Operational,,,WinDev2309Eval,,2023-12-28 08:46:32.482,,,,11,9516,,,,,C:\Windows\System32\WindowsPowerShell\v1.0\powershell.exe,,0x8000000000000000,Information,,,"File created:

RuleName: -

UtcTime: 2023-12-28 08:46:32.482

ProcessGuid: {fda94052-35e8-658d-9102-000000000b00}

ProcessId: 6192

Image: C:\Windows\System32\WindowsPowerShell\v1.0\powershell.exe

TargetFilename: C:\Users\User\AppData\Local\Temp\__PSScriptPolicyTest_l2lt54x3.1ml.ps1

CreationUtcTime: 2023-12-28 08:46:32.482

User: WINDEV2309EVAL\User",Info,,,,,,,{fda94052-35e8-658d-9102-000000000b00},7044,6192,,,,,"
      ",-,2023-12-28T08:46:32.4867923Z,C:\Users\User\AppData\Local\Temp\__PSScriptPolicyTest_l2lt54x3.1ml.ps1,,File created (rule: FileCreate),,6672,WINDEV2309EVAL\User,S-1-5-18,2023-12-28 08:46:32.482,2,"<Event xmlns=""http://schemas.microsoft.com/win/2004/08/events/event"">
    <System>
      <Provider Name=""Microsoft-Windows-Sysmon"" Guid=""{5770385f-c22a-43e0-bf4c-06f5698ffbd9}""/>
      <EventID>11</EventID>
      <Version>2</Version>
      <Level>4</Level>
      <Task>11</Task>
      <Opcode>0</Opcode>
      <Keywords>0x8000000000000000</Keywords>
      <TimeCreated SystemTime=""2023-12-28T08:46:32.4867923Z""/>
      <EventRecordID>9516</EventRecordID>
      <Correlation/>
      <Execution ProcessID=""7044"" ThreadID=""6672""/>
      <Channel>Microsoft-Windows-Sysmon/Operational</Channel>
      <Computer>WinDev2309Eval</Computer>
      <Security UserID=""S-1-5-18""/>
    </System>
    <EventData>
      <Data Name=""RuleName"">-</Data>
      <Data Name=""UtcTime"">2023-12-28 08:46:32.482</Data>
      <Data Name=""ProcessGuid"">{fda94052-35e8-658d-9102-000000000b00}</Data>
      <Data Name=""ProcessId"">6192</Data>
      <Data Name=""Image"">C:\Windows\System32\WindowsPowerShell\v1.0\powershell.exe</Data>
      <Data Name=""TargetFilename"">C:\Users\User\AppData\Local\Temp\__PSScriptPolicyTest_l2lt54x3.1ml.ps1</Data>
      <Data Name=""CreationUtcTime"">2023-12-28 08:46:32.482</Data>
      <Data Name=""User"">WINDEV2309EVAL\User</Data>
    </EventData>
    <RenderingInfo Culture=""en-US"">
      <Message>File created:

RuleName: -

UtcTime: 2023-12-28 08:46:32.482

ProcessGuid: {fda94052-35e8-658d-9102-000000000b00}

ProcessId: 6192

Image: C:\Windows\System32\WindowsPowerShell\v1.0\powershell.exe

TargetFilename: C:\Users\User\AppData\Local\Temp\__PSScriptPolicyTest_l2lt54x3.1ml.ps1

CreationUtcTime: 2023-12-28 08:46:32.482

User: WINDEV2309EVAL\User</Message>
      <Level>Information</Level>
      <Task>File created (rule: FileCreate)</Task>
      <Opcode>Info</Opcode>
    </RenderingInfo>
  </Event>
  
"
Microsoft-Windows-Sysmon/Operational,"""powershell.exe"" & {$oldvalue = $(Get-ItemPropertyValue -Path  \""""HKLM:\Software\Microsoft\Windows NT\CurrentVersion\Winlogon\"""" -Name \""""Userinit\"""");
Set-ItemProperty -Path \""""HKLM:\Software\Microsoft\Windows NT\CurrentVersion\Winlogon\"""" -Name \""""Userinit-backup\"""" -Value \""""$oldvalue\"""";
$newvalue = $oldvalue + \"""" C:\Windows\System32\calc.exe\"""";
Set-ItemProperty -Path  \""""HKLM:\Software\Microsoft\Windows NT\CurrentVersion\Winlogon\"""" -Name \""""Userinit\"""" -Value \""""$newvalue\""""}",Microsoft Corporation,WinDev2309Eval,,,C:\Users\User\AppData\Local\Temp\,Windows PowerShell,,1,9515,,10.0.22621.2215 (WinBuild.160101.0800),,"MD5=824B9F337E68DD8C117595071AC11E23,SHA256=17083405E7DECB3DDEF837C2FA599293A4E8133736969DFD5CE92EF15608A587,IMPHASH=51B0FFFA02CA6C1B85189E2E6C139F36",C:\Windows\System32\WindowsPowerShell\v1.0\powershell.exe,Medium,0x8000000000000000,Information,{fda94052-3502-658d-b367-080000000000},0x867b3,"Process Create:

RuleName: -

UtcTime: 2023-12-28 08:46:32.354

ProcessGuid: {fda94052-35e8-658d-9102-000000000b00}

ProcessId: 6192

Image: C:\Windows\System32\WindowsPowerShell\v1.0\powershell.exe

FileVersion: 10.0.22621.2215 (WinBuild.160101.0800)

Description: Windows PowerShell

Product: Microsoft® Windows® Operating System

Company: Microsoft Corporation

OriginalFileName: PowerShell.EXE

CommandLine: ""powershell.exe"" & {$oldvalue = $(Get-ItemPropertyValue -Path  \""""HKLM:\Software\Microsoft\Windows NT\CurrentVersion\Winlogon\"""" -Name \""""Userinit\"""");
Set-ItemProperty -Path \""""HKLM:\Software\Microsoft\Windows NT\CurrentVersion\Winlogon\"""" -Name \""""Userinit-backup\"""" -Value \""""$oldvalue\"""";
$newvalue = $oldvalue + \"""" C:\Windows\System32\calc.exe\"""";
Set-ItemProperty -Path  \""""HKLM:\Software\Microsoft\Windows NT\CurrentVersion\Winlogon\"""" -Name \""""Userinit\"""" -Value \""""$newvalue\""""}

CurrentDirectory: C:\Users\User\AppData\Local\Temp\

User: WINDEV2309EVAL\User

LogonGuid: {fda94052-3502-658d-b367-080000000000}

LogonId: 0x867B3

TerminalSessionId: 1

IntegrityLevel: Medium

Hashes: MD5=824B9F337E68DD8C117595071AC11E23,SHA256=17083405E7DECB3DDEF837C2FA599293A4E8133736969DFD5CE92EF15608A587,IMPHASH=51B0FFFA02CA6C1B85189E2E6C139F36

ParentProcessGuid: {fda94052-b87a-658c-2702-000000000b00}

ParentProcessId: 5076

ParentImage: C:\Windows\System32\WindowsPowerShell\v1.0\powershell.exe

ParentCommandLine: ""C:\Windows\System32\WindowsPowerShell\v1.0\powershell.exe"" -exec bypass

ParentUser: WINDEV2309EVAL\User",Info,PowerShell.EXE,"""C:\Windows\System32\WindowsPowerShell\v1.0\powershell.exe"" -exec bypass",C:\Windows\System32\WindowsPowerShell\v1.0\powershell.exe,{fda94052-b87a-658c-2702-000000000b00},5076,WINDEV2309EVAL\User,{fda94052-35e8-658d-9102-000000000b00},7044,6192,Microsoft® Windows® Operating System,,,,"
      ",-,2023-12-28T08:46:32.3554426Z,,,Process Create (rule: ProcessCreate),1,6672,WINDEV2309EVAL\User,S-1-5-18,2023-12-28 08:46:32.354,5,"<Event xmlns=""http://schemas.microsoft.com/win/2004/08/events/event"">
    <System>
      <Provider Name=""Microsoft-Windows-Sysmon"" Guid=""{5770385f-c22a-43e0-bf4c-06f5698ffbd9}""/>
      <EventID>1</EventID>
      <Version>5</Version>
      <Level>4</Level>
      <Task>1</Task>
      <Opcode>0</Opcode>
      <Keywords>0x8000000000000000</Keywords>
      <TimeCreated SystemTime=""2023-12-28T08:46:32.3554426Z""/>
      <EventRecordID>9515</EventRecordID>
      <Correlation/>
      <Execution ProcessID=""7044"" ThreadID=""6672""/>
      <Channel>Microsoft-Windows-Sysmon/Operational</Channel>
      <Computer>WinDev2309Eval</Computer>
      <Security UserID=""S-1-5-18""/>
    </System>
    <EventData>
      <Data Name=""RuleName"">-</Data>
      <Data Name=""UtcTime"">2023-12-28 08:46:32.354</Data>
      <Data Name=""ProcessGuid"">{fda94052-35e8-658d-9102-000000000b00}</Data>
      <Data Name=""ProcessId"">6192</Data>
      <Data Name=""Image"">C:\Windows\System32\WindowsPowerShell\v1.0\powershell.exe</Data>
      <Data Name=""FileVersion"">10.0.22621.2215 (WinBuild.160101.0800)</Data>
      <Data Name=""Description"">Windows PowerShell</Data>
      <Data Name=""Product"">Microsoft&#174; Windows&#174; Operating System</Data>
      <Data Name=""Company"">Microsoft Corporation</Data>
      <Data Name=""OriginalFileName"">PowerShell.EXE</Data>
      <Data Name=""CommandLine"">""powershell.exe"" &amp; {$oldvalue = $(Get-ItemPropertyValue -Path  \""""HKLM:\Software\Microsoft\Windows NT\CurrentVersion\Winlogon\"""" -Name \""""Userinit\"""");
Set-ItemProperty -Path \""""HKLM:\Software\Microsoft\Windows NT\CurrentVersion\Winlogon\"""" -Name \""""Userinit-backup\"""" -Value \""""$oldvalue\"""";
$newvalue = $oldvalue + \"""" C:\Windows\System32\calc.exe\"""";
Set-ItemProperty -Path  \""""HKLM:\Software\Microsoft\Windows NT\CurrentVersion\Winlogon\"""" -Name \""""Userinit\"""" -Value \""""$newvalue\""""}</Data>
      <Data Name=""CurrentDirectory"">C:\Users\User\AppData\Local\Temp\</Data>
      <Data Name=""User"">WINDEV2309EVAL\User</Data>
      <Data Name=""LogonGuid"">{fda94052-3502-658d-b367-080000000000}</Data>
      <Data Name=""LogonId"">0x867b3</Data>
      <Data Name=""TerminalSessionId"">1</Data>
      <Data Name=""IntegrityLevel"">Medium</Data>
      <Data Name=""Hashes"">MD5=824B9F337E68DD8C117595071AC11E23,SHA256=17083405E7DECB3DDEF837C2FA599293A4E8133736969DFD5CE92EF15608A587,IMPHASH=51B0FFFA02CA6C1B85189E2E6C139F36</Data>
      <Data Name=""ParentProcessGuid"">{fda94052-b87a-658c-2702-000000000b00}</Data>
      <Data Name=""ParentProcessId"">5076</Data>
      <Data Name=""ParentImage"">C:\Windows\System32\WindowsPowerShell\v1.0\powershell.exe</Data>
      <Data Name=""ParentCommandLine"">""C:\Windows\System32\WindowsPowerShell\v1.0\powershell.exe"" -exec bypass</Data>
      <Data Name=""ParentUser"">WINDEV2309EVAL\User</Data>
    </EventData>
    <RenderingInfo Culture=""en-US"">
      <Message>Process Create:

RuleName: -

UtcTime: 2023-12-28 08:46:32.354

ProcessGuid: {fda94052-35e8-658d-9102-000000000b00}

ProcessId: 6192

Image: C:\Windows\System32\WindowsPowerShell\v1.0\powershell.exe

FileVersion: 10.0.22621.2215 (WinBuild.160101.0800)

Description: Windows PowerShell

Product: Microsoft&#174; Windows&#174; Operating System

Company: Microsoft Corporation

OriginalFileName: PowerShell.EXE

CommandLine: ""powershell.exe"" &amp; {$oldvalue = $(Get-ItemPropertyValue -Path  \""""HKLM:\Software\Microsoft\Windows NT\CurrentVersion\Winlogon\"""" -Name \""""Userinit\"""");
Set-ItemProperty -Path \""""HKLM:\Software\Microsoft\Windows NT\CurrentVersion\Winlogon\"""" -Name \""""Userinit-backup\"""" -Value \""""$oldvalue\"""";
$newvalue = $oldvalue + \"""" C:\Windows\System32\calc.exe\"""";
Set-ItemProperty -Path  \""""HKLM:\Software\Microsoft\Windows NT\CurrentVersion\Winlogon\"""" -Name \""""Userinit\"""" -Value \""""$newvalue\""""}

CurrentDirectory: C:\Users\User\AppData\Local\Temp\

User: WINDEV2309EVAL\User

LogonGuid: {fda94052-3502-658d-b367-080000000000}

LogonId: 0x867B3

TerminalSessionId: 1

IntegrityLevel: Medium

Hashes: MD5=824B9F337E68DD8C117595071AC11E23,SHA256=17083405E7DECB3DDEF837C2FA599293A4E8133736969DFD5CE92EF15608A587,IMPHASH=51B0FFFA02CA6C1B85189E2E6C139F36

ParentProcessGuid: {fda94052-b87a-658c-2702-000000000b00}

ParentProcessId: 5076

ParentImage: C:\Windows\System32\WindowsPowerShell\v1.0\powershell.exe

ParentCommandLine: ""C:\Windows\System32\WindowsPowerShell\v1.0\powershell.exe"" -exec bypass

ParentUser: WINDEV2309EVAL\User</Message>
      <Level>Information</Level>
      <Task>Process Create (rule: ProcessCreate)</Task>
      <Opcode>Info</Opcode>
    </RenderingInfo>
  </Event>
  
"
Microsoft-Windows-Sysmon/Operational,,,WinDev2309Eval,,2023-12-28 08:46:30.825,,,,11,9514,,,,,C:\Windows\System32\WindowsPowerShell\v1.0\powershell.exe,,0x8000000000000000,Information,,,"File created:

RuleName: -

UtcTime: 2023-12-28 08:46:30.825

ProcessGuid: {fda94052-35e6-658d-8f02-000000000b00}

ProcessId: 5828

Image: C:\Windows\System32\WindowsPowerShell\v1.0\powershell.exe

TargetFilename: C:\Users\User\AppData\Local\Temp\__PSScriptPolicyTest_vchleoqs.xni.ps1

CreationUtcTime: 2023-12-28 08:46:30.825

User: WINDEV2309EVAL\User",Info,,,,,,,{fda94052-35e6-658d-8f02-000000000b00},7044,5828,,,,,"
      ",-,2023-12-28T08:46:30.8296562Z,C:\Users\User\AppData\Local\Temp\__PSScriptPolicyTest_vchleoqs.xni.ps1,,File created (rule: FileCreate),,6672,WINDEV2309EVAL\User,S-1-5-18,2023-12-28 08:46:30.825,2,"<Event xmlns=""http://schemas.microsoft.com/win/2004/08/events/event"">
    <System>
      <Provider Name=""Microsoft-Windows-Sysmon"" Guid=""{5770385f-c22a-43e0-bf4c-06f5698ffbd9}""/>
      <EventID>11</EventID>
      <Version>2</Version>
      <Level>4</Level>
      <Task>11</Task>
      <Opcode>0</Opcode>
      <Keywords>0x8000000000000000</Keywords>
      <TimeCreated SystemTime=""2023-12-28T08:46:30.8296562Z""/>
      <EventRecordID>9514</EventRecordID>
      <Correlation/>
      <Execution ProcessID=""7044"" ThreadID=""6672""/>
      <Channel>Microsoft-Windows-Sysmon/Operational</Channel>
      <Computer>WinDev2309Eval</Computer>
      <Security UserID=""S-1-5-18""/>
    </System>
    <EventData>
      <Data Name=""RuleName"">-</Data>
      <Data Name=""UtcTime"">2023-12-28 08:46:30.825</Data>
      <Data Name=""ProcessGuid"">{fda94052-35e6-658d-8f02-000000000b00}</Data>
      <Data Name=""ProcessId"">5828</Data>
      <Data Name=""Image"">C:\Windows\System32\WindowsPowerShell\v1.0\powershell.exe</Data>
      <Data Name=""TargetFilename"">C:\Users\User\AppData\Local\Temp\__PSScriptPolicyTest_vchleoqs.xni.ps1</Data>
      <Data Name=""CreationUtcTime"">2023-12-28 08:46:30.825</Data>
      <Data Name=""User"">WINDEV2309EVAL\User</Data>
    </EventData>
    <RenderingInfo Culture=""en-US"">
      <Message>File created:

RuleName: -

UtcTime: 2023-12-28 08:46:30.825

ProcessGuid: {fda94052-35e6-658d-8f02-000000000b00}

ProcessId: 5828

Image: C:\Windows\System32\WindowsPowerShell\v1.0\powershell.exe

TargetFilename: C:\Users\User\AppData\Local\Temp\__PSScriptPolicyTest_vchleoqs.xni.ps1

CreationUtcTime: 2023-12-28 08:46:30.825

User: WINDEV2309EVAL\User</Message>
      <Level>Information</Level>
      <Task>File created (rule: FileCreate)</Task>
      <Opcode>Info</Opcode>
    </RenderingInfo>
  </Event>
  
"
Microsoft-Windows-Sysmon/Operational,"""powershell.exe"" & {if (!(Test-Path -Path \""""HKLM:\Software\Microsoft\Windows\CurrentVersion\Policies\Explorer\Run\"""")){
  New-Item -ItemType Key -Path  \""""HKLM:\Software\Microsoft\Windows\CurrentVersion\Policies\Explorer\Run\""""
}
Set-ItemProperty -Path  \""""HKLM:\Software\Microsoft\Windows\CurrentVersion\Policies\Explorer\Run\"""" -Name \""""atomictest\"""" -Value \""""C:\Windows\System32\calc.exe\""""}",Microsoft Corporation,WinDev2309Eval,,,C:\Users\User\AppData\Local\Temp\,Windows PowerShell,,1,9513,,10.0.22621.2215 (WinBuild.160101.0800),,"MD5=824B9F337E68DD8C117595071AC11E23,SHA256=17083405E7DECB3DDEF837C2FA599293A4E8133736969DFD5CE92EF15608A587,IMPHASH=51B0FFFA02CA6C1B85189E2E6C139F36",C:\Windows\System32\WindowsPowerShell\v1.0\powershell.exe,Medium,0x8000000000000000,Information,{fda94052-3502-658d-b367-080000000000},0x867b3,"Process Create:

RuleName: -

UtcTime: 2023-12-28 08:46:30.690

ProcessGuid: {fda94052-35e6-658d-8f02-000000000b00}

ProcessId: 5828

Image: C:\Windows\System32\WindowsPowerShell\v1.0\powershell.exe

FileVersion: 10.0.22621.2215 (WinBuild.160101.0800)

Description: Windows PowerShell

Product: Microsoft® Windows® Operating System

Company: Microsoft Corporation

OriginalFileName: PowerShell.EXE

CommandLine: ""powershell.exe"" & {if (!(Test-Path -Path \""""HKLM:\Software\Microsoft\Windows\CurrentVersion\Policies\Explorer\Run\"""")){
  New-Item -ItemType Key -Path  \""""HKLM:\Software\Microsoft\Windows\CurrentVersion\Policies\Explorer\Run\""""
}
Set-ItemProperty -Path  \""""HKLM:\Software\Microsoft\Windows\CurrentVersion\Policies\Explorer\Run\"""" -Name \""""atomictest\"""" -Value \""""C:\Windows\System32\calc.exe\""""}

CurrentDirectory: C:\Users\User\AppData\Local\Temp\

User: WINDEV2309EVAL\User

LogonGuid: {fda94052-3502-658d-b367-080000000000}

LogonId: 0x867B3

TerminalSessionId: 1

IntegrityLevel: Medium

Hashes: MD5=824B9F337E68DD8C117595071AC11E23,SHA256=17083405E7DECB3DDEF837C2FA599293A4E8133736969DFD5CE92EF15608A587,IMPHASH=51B0FFFA02CA6C1B85189E2E6C139F36

ParentProcessGuid: {fda94052-b87a-658c-2702-000000000b00}

ParentProcessId: 5076

ParentImage: C:\Windows\System32\WindowsPowerShell\v1.0\powershell.exe

ParentCommandLine: ""C:\Windows\System32\WindowsPowerShell\v1.0\powershell.exe"" -exec bypass

ParentUser: WINDEV2309EVAL\User",Info,PowerShell.EXE,"""C:\Windows\System32\WindowsPowerShell\v1.0\powershell.exe"" -exec bypass",C:\Windows\System32\WindowsPowerShell\v1.0\powershell.exe,{fda94052-b87a-658c-2702-000000000b00},5076,WINDEV2309EVAL\User,{fda94052-35e6-658d-8f02-000000000b00},7044,5828,Microsoft® Windows® Operating System,,,,"
      ",-,2023-12-28T08:46:30.6913274Z,,,Process Create (rule: ProcessCreate),1,6672,WINDEV2309EVAL\User,S-1-5-18,2023-12-28 08:46:30.690,5,"<Event xmlns=""http://schemas.microsoft.com/win/2004/08/events/event"">
    <System>
      <Provider Name=""Microsoft-Windows-Sysmon"" Guid=""{5770385f-c22a-43e0-bf4c-06f5698ffbd9}""/>
      <EventID>1</EventID>
      <Version>5</Version>
      <Level>4</Level>
      <Task>1</Task>
      <Opcode>0</Opcode>
      <Keywords>0x8000000000000000</Keywords>
      <TimeCreated SystemTime=""2023-12-28T08:46:30.6913274Z""/>
      <EventRecordID>9513</EventRecordID>
      <Correlation/>
      <Execution ProcessID=""7044"" ThreadID=""6672""/>
      <Channel>Microsoft-Windows-Sysmon/Operational</Channel>
      <Computer>WinDev2309Eval</Computer>
      <Security UserID=""S-1-5-18""/>
    </System>
    <EventData>
      <Data Name=""RuleName"">-</Data>
      <Data Name=""UtcTime"">2023-12-28 08:46:30.690</Data>
      <Data Name=""ProcessGuid"">{fda94052-35e6-658d-8f02-000000000b00}</Data>
      <Data Name=""ProcessId"">5828</Data>
      <Data Name=""Image"">C:\Windows\System32\WindowsPowerShell\v1.0\powershell.exe</Data>
      <Data Name=""FileVersion"">10.0.22621.2215 (WinBuild.160101.0800)</Data>
      <Data Name=""Description"">Windows PowerShell</Data>
      <Data Name=""Product"">Microsoft&#174; Windows&#174; Operating System</Data>
      <Data Name=""Company"">Microsoft Corporation</Data>
      <Data Name=""OriginalFileName"">PowerShell.EXE</Data>
      <Data Name=""CommandLine"">""powershell.exe"" &amp; {if (!(Test-Path -Path \""""HKLM:\Software\Microsoft\Windows\CurrentVersion\Policies\Explorer\Run\"""")){
  New-Item -ItemType Key -Path  \""""HKLM:\Software\Microsoft\Windows\CurrentVersion\Policies\Explorer\Run\""""
}
Set-ItemProperty -Path  \""""HKLM:\Software\Microsoft\Windows\CurrentVersion\Policies\Explorer\Run\"""" -Name \""""atomictest\"""" -Value \""""C:\Windows\System32\calc.exe\""""}</Data>
      <Data Name=""CurrentDirectory"">C:\Users\User\AppData\Local\Temp\</Data>
      <Data Name=""User"">WINDEV2309EVAL\User</Data>
      <Data Name=""LogonGuid"">{fda94052-3502-658d-b367-080000000000}</Data>
      <Data Name=""LogonId"">0x867b3</Data>
      <Data Name=""TerminalSessionId"">1</Data>
      <Data Name=""IntegrityLevel"">Medium</Data>
      <Data Name=""Hashes"">MD5=824B9F337E68DD8C117595071AC11E23,SHA256=17083405E7DECB3DDEF837C2FA599293A4E8133736969DFD5CE92EF15608A587,IMPHASH=51B0FFFA02CA6C1B85189E2E6C139F36</Data>
      <Data Name=""ParentProcessGuid"">{fda94052-b87a-658c-2702-000000000b00}</Data>
      <Data Name=""ParentProcessId"">5076</Data>
      <Data Name=""ParentImage"">C:\Windows\System32\WindowsPowerShell\v1.0\powershell.exe</Data>
      <Data Name=""ParentCommandLine"">""C:\Windows\System32\WindowsPowerShell\v1.0\powershell.exe"" -exec bypass</Data>
      <Data Name=""ParentUser"">WINDEV2309EVAL\User</Data>
    </EventData>
    <RenderingInfo Culture=""en-US"">
      <Message>Process Create:

RuleName: -

UtcTime: 2023-12-28 08:46:30.690

ProcessGuid: {fda94052-35e6-658d-8f02-000000000b00}

ProcessId: 5828

Image: C:\Windows\System32\WindowsPowerShell\v1.0\powershell.exe

FileVersion: 10.0.22621.2215 (WinBuild.160101.0800)

Description: Windows PowerShell

Product: Microsoft&#174; Windows&#174; Operating System

Company: Microsoft Corporation

OriginalFileName: PowerShell.EXE

CommandLine: ""powershell.exe"" &amp; {if (!(Test-Path -Path \""""HKLM:\Software\Microsoft\Windows\CurrentVersion\Policies\Explorer\Run\"""")){
  New-Item -ItemType Key -Path  \""""HKLM:\Software\Microsoft\Windows\CurrentVersion\Policies\Explorer\Run\""""
}
Set-ItemProperty -Path  \""""HKLM:\Software\Microsoft\Windows\CurrentVersion\Policies\Explorer\Run\"""" -Name \""""atomictest\"""" -Value \""""C:\Windows\System32\calc.exe\""""}

CurrentDirectory: C:\Users\User\AppData\Local\Temp\

User: WINDEV2309EVAL\User

LogonGuid: {fda94052-3502-658d-b367-080000000000}

LogonId: 0x867B3

TerminalSessionId: 1

IntegrityLevel: Medium

Hashes: MD5=824B9F337E68DD8C117595071AC11E23,SHA256=17083405E7DECB3DDEF837C2FA599293A4E8133736969DFD5CE92EF15608A587,IMPHASH=51B0FFFA02CA6C1B85189E2E6C139F36

ParentProcessGuid: {fda94052-b87a-658c-2702-000000000b00}

ParentProcessId: 5076

ParentImage: C:\Windows\System32\WindowsPowerShell\v1.0\powershell.exe

ParentCommandLine: ""C:\Windows\System32\WindowsPowerShell\v1.0\powershell.exe"" -exec bypass

ParentUser: WINDEV2309EVAL\User</Message>
      <Level>Information</Level>
      <Task>Process Create (rule: ProcessCreate)</Task>
      <Opcode>Info</Opcode>
    </RenderingInfo>
  </Event>
  
"
