Channel,CommandLine,Company,Computer,CreationUtcTime,CurrentDirectory,Description,DestinationHostname,DestinationIp,DestinationIsIpv6,DestinationPort,DestinationPortName,Details,EventID,EventRecordID,EventType,FileVersion,Hashes,Image,Initiated,IntegrityLevel,Keywords,Level,LogonGuid,LogonId,Message,Opcode,OriginalFileName,ParentCommandLine,ParentImage,ParentProcessGuid,ParentProcessId,ParentUser,ProcessGuid,ProcessID,ProcessId,Product,Protocol,QueryName,QueryResults,QueryStatus,RenderingInfo,RuleName,SourceHostname,SourceIp,SourceIsIpv6,SourcePort,SourcePortName,SystemTime,TargetFilename,TargetObject,Task,TerminalSessionId,ThreadID,User,UserID,UtcTime,Version,raw
Microsoft-Windows-Sysmon/Operational,taskkill /IM cmstp.exe /F,Microsoft Corporation,WinDev2309Eval,,C:\Windows\system32\,Terminates Processes,,,,,,,1,9610,,10.0.22621.1 (WinBuild.160101.0800),"MD5=050ED22BB515A81ED6FC73D042CE5DB4,SHA256=75F4AED9BF21D8F9B2B1A2DDBC1F2C7E4E0AEF8B3B94BD5EDA02D9D84C34F33F,IMPHASH=86AA9A65A9C8E606B1E09C96AE58BACC",C:\Windows\System32\taskkill.exe,,High,0x8000000000000000,Information,{fda94052-3502-658d-7367-080000000000},0x86773,"Process Create:

RuleName: -

UtcTime: 2023-12-28 09:09:34.278

ProcessGuid: {fda94052-3b4e-658d-e902-000000000b00}

ProcessId: 556

Image: C:\Windows\System32\taskkill.exe

FileVersion: 10.0.22621.1 (WinBuild.160101.0800)

Description: Terminates Processes

Product: Microsoft® Windows® Operating System

Company: Microsoft Corporation

OriginalFileName: taskkill.exe

CommandLine: taskkill /IM cmstp.exe /F

CurrentDirectory: C:\Windows\system32\

User: WINDEV2309EVAL\User

LogonGuid: {fda94052-3502-658d-7367-080000000000}

LogonId: 0x86773

TerminalSessionId: 1

IntegrityLevel: High

Hashes: MD5=050ED22BB515A81ED6FC73D042CE5DB4,SHA256=75F4AED9BF21D8F9B2B1A2DDBC1F2C7E4E0AEF8B3B94BD5EDA02D9D84C34F33F,IMPHASH=86AA9A65A9C8E606B1E09C96AE58BACC

ParentProcessGuid: {fda94052-3b37-658d-d102-000000000b00}

ParentProcessId: 4524

ParentImage: C:\Windows\System32\dllhost.exe

ParentCommandLine: C:\Windows\system32\DllHost.exe /Processid:{3E5FC7F9-9A51-4367-9063-A120244FBEC7}

ParentUser: WINDEV2309EVAL\User",Info,taskkill.exe,C:\Windows\system32\DllHost.exe /Processid:{3E5FC7F9-9A51-4367-9063-A120244FBEC7},C:\Windows\System32\dllhost.exe,{fda94052-3b37-658d-d102-000000000b00},4524,WINDEV2309EVAL\User,{fda94052-3b4e-658d-e902-000000000b00},7044,556,Microsoft® Windows® Operating System,,,,,"
      ",-,,,,,,2023-12-28T09:09:34.2815678Z,,,Process Create (rule: ProcessCreate),1,6672,WINDEV2309EVAL\User,S-1-5-18,2023-12-28 09:09:34.278,5,"<Event xmlns=""http://schemas.microsoft.com/win/2004/08/events/event"">
    <System>
      <Provider Name=""Microsoft-Windows-Sysmon"" Guid=""{5770385f-c22a-43e0-bf4c-06f5698ffbd9}""/>
      <EventID>1</EventID>
      <Version>5</Version>
      <Level>4</Level>
      <Task>1</Task>
      <Opcode>0</Opcode>
      <Keywords>0x8000000000000000</Keywords>
      <TimeCreated SystemTime=""2023-12-28T09:09:34.2815678Z""/>
      <EventRecordID>9610</EventRecordID>
      <Correlation/>
      <Execution ProcessID=""7044"" ThreadID=""6672""/>
      <Channel>Microsoft-Windows-Sysmon/Operational</Channel>
      <Computer>WinDev2309Eval</Computer>
      <Security UserID=""S-1-5-18""/>
    </System>
    <EventData>
      <Data Name=""RuleName"">-</Data>
      <Data Name=""UtcTime"">2023-12-28 09:09:34.278</Data>
      <Data Name=""ProcessGuid"">{fda94052-3b4e-658d-e902-000000000b00}</Data>
      <Data Name=""ProcessId"">556</Data>
      <Data Name=""Image"">C:\Windows\System32\taskkill.exe</Data>
      <Data Name=""FileVersion"">10.0.22621.1 (WinBuild.160101.0800)</Data>
      <Data Name=""Description"">Terminates Processes</Data>
      <Data Name=""Product"">Microsoft&#174; Windows&#174; Operating System</Data>
      <Data Name=""Company"">Microsoft Corporation</Data>
      <Data Name=""OriginalFileName"">taskkill.exe</Data>
      <Data Name=""CommandLine"">taskkill /IM cmstp.exe /F</Data>
      <Data Name=""CurrentDirectory"">C:\Windows\system32\</Data>
      <Data Name=""User"">WINDEV2309EVAL\User</Data>
      <Data Name=""LogonGuid"">{fda94052-3502-658d-7367-080000000000}</Data>
      <Data Name=""LogonId"">0x86773</Data>
      <Data Name=""TerminalSessionId"">1</Data>
      <Data Name=""IntegrityLevel"">High</Data>
      <Data Name=""Hashes"">MD5=050ED22BB515A81ED6FC73D042CE5DB4,SHA256=75F4AED9BF21D8F9B2B1A2DDBC1F2C7E4E0AEF8B3B94BD5EDA02D9D84C34F33F,IMPHASH=86AA9A65A9C8E606B1E09C96AE58BACC</Data>
      <Data Name=""ParentProcessGuid"">{fda94052-3b37-658d-d102-000000000b00}</Data>
      <Data Name=""ParentProcessId"">4524</Data>
      <Data Name=""ParentImage"">C:\Windows\System32\dllhost.exe</Data>
      <Data Name=""ParentCommandLine"">C:\Windows\system32\DllHost.exe /Processid:{3E5FC7F9-9A51-4367-9063-A120244FBEC7}</Data>
      <Data Name=""ParentUser"">WINDEV2309EVAL\User</Data>
    </EventData>
    <RenderingInfo Culture=""en-US"">
      <Message>Process Create:

RuleName: -

UtcTime: 2023-12-28 09:09:34.278

ProcessGuid: {fda94052-3b4e-658d-e902-000000000b00}

ProcessId: 556

Image: C:\Windows\System32\taskkill.exe

FileVersion: 10.0.22621.1 (WinBuild.160101.0800)

Description: Terminates Processes

Product: Microsoft&#174; Windows&#174; Operating System

Company: Microsoft Corporation

OriginalFileName: taskkill.exe

CommandLine: taskkill /IM cmstp.exe /F

CurrentDirectory: C:\Windows\system32\

User: WINDEV2309EVAL\User

LogonGuid: {fda94052-3502-658d-7367-080000000000}

LogonId: 0x86773

TerminalSessionId: 1

IntegrityLevel: High

Hashes: MD5=050ED22BB515A81ED6FC73D042CE5DB4,SHA256=75F4AED9BF21D8F9B2B1A2DDBC1F2C7E4E0AEF8B3B94BD5EDA02D9D84C34F33F,IMPHASH=86AA9A65A9C8E606B1E09C96AE58BACC

ParentProcessGuid: {fda94052-3b37-658d-d102-000000000b00}

ParentProcessId: 4524

ParentImage: C:\Windows\System32\dllhost.exe

ParentCommandLine: C:\Windows\system32\DllHost.exe /Processid:{3E5FC7F9-9A51-4367-9063-A120244FBEC7}

ParentUser: WINDEV2309EVAL\User</Message>
      <Level>Information</Level>
      <Task>Process Create (rule: ProcessCreate)</Task>
      <Opcode>Info</Opcode>
    </RenderingInfo>
  </Event>
  
"
Microsoft-Windows-Sysmon/Operational,C:\windows\system32\calc.exe,Microsoft Corporation,WinDev2309Eval,,C:\Windows\system32\,Windows Calculator,,,,,,,1,9609,,10.0.22621.1 (WinBuild.160101.0800),"MD5=2F82623F9523C0D167862CAD0EFF6806,SHA256=9C2C8A8588FE6DB09C09337E78437CB056CD557DB1BCF5240112CBFB7B600EFB,IMPHASH=8EEAA9499666119D13B3F44ECD77A729",C:\Windows\System32\calc.exe,,High,0x8000000000000000,Information,{fda94052-3502-658d-7367-080000000000},0x86773,"Process Create:

RuleName: -

UtcTime: 2023-12-28 09:09:33.057

ProcessGuid: {fda94052-3b4d-658d-e602-000000000b00}

ProcessId: 8736

Image: C:\Windows\System32\calc.exe

FileVersion: 10.0.22621.1 (WinBuild.160101.0800)

Description: Windows Calculator

Product: Microsoft® Windows® Operating System

Company: Microsoft Corporation

OriginalFileName: CALC.EXE

CommandLine: C:\windows\system32\calc.exe

CurrentDirectory: C:\Windows\system32\

User: WINDEV2309EVAL\User

LogonGuid: {fda94052-3502-658d-7367-080000000000}

LogonId: 0x86773

TerminalSessionId: 1

IntegrityLevel: High

Hashes: MD5=2F82623F9523C0D167862CAD0EFF6806,SHA256=9C2C8A8588FE6DB09C09337E78437CB056CD557DB1BCF5240112CBFB7B600EFB,IMPHASH=8EEAA9499666119D13B3F44ECD77A729

ParentProcessGuid: {fda94052-3b37-658d-d102-000000000b00}

ParentProcessId: 4524

ParentImage: C:\Windows\System32\dllhost.exe

ParentCommandLine: C:\Windows\system32\DllHost.exe /Processid:{3E5FC7F9-9A51-4367-9063-A120244FBEC7}

ParentUser: WINDEV2309EVAL\User",Info,CALC.EXE,C:\Windows\system32\DllHost.exe /Processid:{3E5FC7F9-9A51-4367-9063-A120244FBEC7},C:\Windows\System32\dllhost.exe,{fda94052-3b37-658d-d102-000000000b00},4524,WINDEV2309EVAL\User,{fda94052-3b4d-658d-e602-000000000b00},7044,8736,Microsoft® Windows® Operating System,,,,,"
      ",-,,,,,,2023-12-28T09:09:33.0589769Z,,,Process Create (rule: ProcessCreate),1,6672,WINDEV2309EVAL\User,S-1-5-18,2023-12-28 09:09:33.057,5,"<Event xmlns=""http://schemas.microsoft.com/win/2004/08/events/event"">
    <System>
      <Provider Name=""Microsoft-Windows-Sysmon"" Guid=""{5770385f-c22a-43e0-bf4c-06f5698ffbd9}""/>
      <EventID>1</EventID>
      <Version>5</Version>
      <Level>4</Level>
      <Task>1</Task>
      <Opcode>0</Opcode>
      <Keywords>0x8000000000000000</Keywords>
      <TimeCreated SystemTime=""2023-12-28T09:09:33.0589769Z""/>
      <EventRecordID>9609</EventRecordID>
      <Correlation/>
      <Execution ProcessID=""7044"" ThreadID=""6672""/>
      <Channel>Microsoft-Windows-Sysmon/Operational</Channel>
      <Computer>WinDev2309Eval</Computer>
      <Security UserID=""S-1-5-18""/>
    </System>
    <EventData>
      <Data Name=""RuleName"">-</Data>
      <Data Name=""UtcTime"">2023-12-28 09:09:33.057</Data>
      <Data Name=""ProcessGuid"">{fda94052-3b4d-658d-e602-000000000b00}</Data>
      <Data Name=""ProcessId"">8736</Data>
      <Data Name=""Image"">C:\Windows\System32\calc.exe</Data>
      <Data Name=""FileVersion"">10.0.22621.1 (WinBuild.160101.0800)</Data>
      <Data Name=""Description"">Windows Calculator</Data>
      <Data Name=""Product"">Microsoft&#174; Windows&#174; Operating System</Data>
      <Data Name=""Company"">Microsoft Corporation</Data>
      <Data Name=""OriginalFileName"">CALC.EXE</Data>
      <Data Name=""CommandLine"">C:\windows\system32\calc.exe</Data>
      <Data Name=""CurrentDirectory"">C:\Windows\system32\</Data>
      <Data Name=""User"">WINDEV2309EVAL\User</Data>
      <Data Name=""LogonGuid"">{fda94052-3502-658d-7367-080000000000}</Data>
      <Data Name=""LogonId"">0x86773</Data>
      <Data Name=""TerminalSessionId"">1</Data>
      <Data Name=""IntegrityLevel"">High</Data>
      <Data Name=""Hashes"">MD5=2F82623F9523C0D167862CAD0EFF6806,SHA256=9C2C8A8588FE6DB09C09337E78437CB056CD557DB1BCF5240112CBFB7B600EFB,IMPHASH=8EEAA9499666119D13B3F44ECD77A729</Data>
      <Data Name=""ParentProcessGuid"">{fda94052-3b37-658d-d102-000000000b00}</Data>
      <Data Name=""ParentProcessId"">4524</Data>
      <Data Name=""ParentImage"">C:\Windows\System32\dllhost.exe</Data>
      <Data Name=""ParentCommandLine"">C:\Windows\system32\DllHost.exe /Processid:{3E5FC7F9-9A51-4367-9063-A120244FBEC7}</Data>
      <Data Name=""ParentUser"">WINDEV2309EVAL\User</Data>
    </EventData>
    <RenderingInfo Culture=""en-US"">
      <Message>Process Create:

RuleName: -

UtcTime: 2023-12-28 09:09:33.057

ProcessGuid: {fda94052-3b4d-658d-e602-000000000b00}

ProcessId: 8736

Image: C:\Windows\System32\calc.exe

FileVersion: 10.0.22621.1 (WinBuild.160101.0800)

Description: Windows Calculator

Product: Microsoft&#174; Windows&#174; Operating System

Company: Microsoft Corporation

OriginalFileName: CALC.EXE

CommandLine: C:\windows\system32\calc.exe

CurrentDirectory: C:\Windows\system32\

User: WINDEV2309EVAL\User

LogonGuid: {fda94052-3502-658d-7367-080000000000}

LogonId: 0x86773

TerminalSessionId: 1

IntegrityLevel: High

Hashes: MD5=2F82623F9523C0D167862CAD0EFF6806,SHA256=9C2C8A8588FE6DB09C09337E78437CB056CD557DB1BCF5240112CBFB7B600EFB,IMPHASH=8EEAA9499666119D13B3F44ECD77A729

ParentProcessGuid: {fda94052-3b37-658d-d102-000000000b00}

ParentProcessId: 4524

ParentImage: C:\Windows\System32\dllhost.exe

ParentCommandLine: C:\Windows\system32\DllHost.exe /Processid:{3E5FC7F9-9A51-4367-9063-A120244FBEC7}

ParentUser: WINDEV2309EVAL\User</Message>
      <Level>Information</Level>
      <Task>Process Create (rule: ProcessCreate)</Task>
      <Opcode>Info</Opcode>
    </RenderingInfo>
  </Event>
  
"
Microsoft-Windows-Sysmon/Operational,,,WinDev2309Eval,,,,,,,,,C:\ProgramData\Microsoft\Network\Connections\Cm,13,9608,SetValue,,,C:\Windows\system32\DllHost.exe,,,0x8000000000000000,Information,,,"Registry value set:

RuleName: -

EventType: SetValue

UtcTime: 2023-12-28 09:09:32.983

ProcessGuid: {fda94052-3b37-658d-d102-000000000b00}

ProcessId: 4524

Image: C:\Windows\system32\DllHost.exe

TargetObject: HKLM\SOFTWARE\Microsoft\Windows\CurrentVersion\App Paths\cmmgr32.exe\ProfileInstallPath

Details: C:\ProgramData\Microsoft\Network\Connections\Cm

User: WINDEV2309EVAL\User",Info,,,,,,,{fda94052-3b37-658d-d102-000000000b00},7044,4524,,,,,,"
      ",-,,,,,,2023-12-28T09:09:32.9915809Z,,HKLM\SOFTWARE\Microsoft\Windows\CurrentVersion\App Paths\cmmgr32.exe\ProfileInstallPath,Registry value set (rule: RegistryEvent),,6672,WINDEV2309EVAL\User,S-1-5-18,2023-12-28 09:09:32.983,2,"<Event xmlns=""http://schemas.microsoft.com/win/2004/08/events/event"">
    <System>
      <Provider Name=""Microsoft-Windows-Sysmon"" Guid=""{5770385f-c22a-43e0-bf4c-06f5698ffbd9}""/>
      <EventID>13</EventID>
      <Version>2</Version>
      <Level>4</Level>
      <Task>13</Task>
      <Opcode>0</Opcode>
      <Keywords>0x8000000000000000</Keywords>
      <TimeCreated SystemTime=""2023-12-28T09:09:32.9915809Z""/>
      <EventRecordID>9608</EventRecordID>
      <Correlation/>
      <Execution ProcessID=""7044"" ThreadID=""6672""/>
      <Channel>Microsoft-Windows-Sysmon/Operational</Channel>
      <Computer>WinDev2309Eval</Computer>
      <Security UserID=""S-1-5-18""/>
    </System>
    <EventData>
      <Data Name=""RuleName"">-</Data>
      <Data Name=""EventType"">SetValue</Data>
      <Data Name=""UtcTime"">2023-12-28 09:09:32.983</Data>
      <Data Name=""ProcessGuid"">{fda94052-3b37-658d-d102-000000000b00}</Data>
      <Data Name=""ProcessId"">4524</Data>
      <Data Name=""Image"">C:\Windows\system32\DllHost.exe</Data>
      <Data Name=""TargetObject"">HKLM\SOFTWARE\Microsoft\Windows\CurrentVersion\App Paths\cmmgr32.exe\ProfileInstallPath</Data>
      <Data Name=""Details"">C:\ProgramData\Microsoft\Network\Connections\Cm</Data>
      <Data Name=""User"">WINDEV2309EVAL\User</Data>
    </EventData>
    <RenderingInfo Culture=""en-US"">
      <Message>Registry value set:

RuleName: -

EventType: SetValue

UtcTime: 2023-12-28 09:09:32.983

ProcessGuid: {fda94052-3b37-658d-d102-000000000b00}

ProcessId: 4524

Image: C:\Windows\system32\DllHost.exe

TargetObject: HKLM\SOFTWARE\Microsoft\Windows\CurrentVersion\App Paths\cmmgr32.exe\ProfileInstallPath

Details: C:\ProgramData\Microsoft\Network\Connections\Cm

User: WINDEV2309EVAL\User</Message>
      <Level>Information</Level>
      <Task>Registry value set (rule: RegistryEvent)</Task>
      <Opcode>Info</Opcode>
    </RenderingInfo>
  </Event>
  
"
Microsoft-Windows-Sysmon/Operational,,,WinDev2309Eval,,,,,,,,,,5,9607,,,,C:\Users\User\AppData\Local\Microsoft\OneDrive\23.246.1127.0002\Microsoft.SharePoint.exe,,,0x8000000000000000,Information,,,"Process terminated:

RuleName: -

UtcTime: 2023-12-28 09:09:32.874

ProcessGuid: {fda94052-b776-658c-9f01-000000000b00}

ProcessId: 2380

Image: C:\Users\User\AppData\Local\Microsoft\OneDrive\23.246.1127.0002\Microsoft.SharePoint.exe

User: WINDEV2309EVAL\User",Info,,,,,,,{fda94052-b776-658c-9f01-000000000b00},7044,2380,,,,,,"
      ",-,,,,,,2023-12-28T09:09:32.8776692Z,,,Process terminated (rule: ProcessTerminate),,6672,WINDEV2309EVAL\User,S-1-5-18,2023-12-28 09:09:32.874,3,"<Event xmlns=""http://schemas.microsoft.com/win/2004/08/events/event"">
    <System>
      <Provider Name=""Microsoft-Windows-Sysmon"" Guid=""{5770385f-c22a-43e0-bf4c-06f5698ffbd9}""/>
      <EventID>5</EventID>
      <Version>3</Version>
      <Level>4</Level>
      <Task>5</Task>
      <Opcode>0</Opcode>
      <Keywords>0x8000000000000000</Keywords>
      <TimeCreated SystemTime=""2023-12-28T09:09:32.8776692Z""/>
      <EventRecordID>9607</EventRecordID>
      <Correlation/>
      <Execution ProcessID=""7044"" ThreadID=""6672""/>
      <Channel>Microsoft-Windows-Sysmon/Operational</Channel>
      <Computer>WinDev2309Eval</Computer>
      <Security UserID=""S-1-5-18""/>
    </System>
    <EventData>
      <Data Name=""RuleName"">-</Data>
      <Data Name=""UtcTime"">2023-12-28 09:09:32.874</Data>
      <Data Name=""ProcessGuid"">{fda94052-b776-658c-9f01-000000000b00}</Data>
      <Data Name=""ProcessId"">2380</Data>
      <Data Name=""Image"">C:\Users\User\AppData\Local\Microsoft\OneDrive\23.246.1127.0002\Microsoft.SharePoint.exe</Data>
      <Data Name=""User"">WINDEV2309EVAL\User</Data>
    </EventData>
    <RenderingInfo Culture=""en-US"">
      <Message>Process terminated:

RuleName: -

UtcTime: 2023-12-28 09:09:32.874

ProcessGuid: {fda94052-b776-658c-9f01-000000000b00}

ProcessId: 2380

Image: C:\Users\User\AppData\Local\Microsoft\OneDrive\23.246.1127.0002\Microsoft.SharePoint.exe

User: WINDEV2309EVAL\User</Message>
      <Level>Information</Level>
      <Task>Process terminated (rule: ProcessTerminate)</Task>
      <Opcode>Info</Opcode>
    </RenderingInfo>
  </Event>
  
"
Microsoft-Windows-Sysmon/Operational,,,WinDev2309Eval,,,,,,,,,10.0.22621.1194,13,9606,SetValue,,,C:\Windows\System32\svchost.exe,,,0x8000000000000000,Information,,,"Registry value set:

RuleName: InvDB-Ver

EventType: SetValue

UtcTime: 2023-12-28 09:09:23.425

ProcessGuid: {fda94052-34f3-658d-4e00-000000000b00}

ProcessId: 3628

Image: C:\Windows\System32\svchost.exe

TargetObject: \REGISTRY\A\{08d89634-9c6b-0ec0-e030-44e7987a6dbb}\Root\InventoryApplicationFile\wsreset.exe|879a0b0c5038b36b\BinProductVersion

Details: 10.0.22621.1194

User: NT AUTHORITY\SYSTEM",Info,,,,,,,{fda94052-34f3-658d-4e00-000000000b00},7044,3628,,,,,,"
      ",InvDB-Ver,,,,,,2023-12-28T09:09:23.4349343Z,,\REGISTRY\A\{08d89634-9c6b-0ec0-e030-44e7987a6dbb}\Root\InventoryApplicationFile\wsreset.exe|879a0b0c5038b36b\BinProductVersion,Registry value set (rule: RegistryEvent),,6672,NT AUTHORITY\SYSTEM,S-1-5-18,2023-12-28 09:09:23.425,2,"<Event xmlns=""http://schemas.microsoft.com/win/2004/08/events/event"">
    <System>
      <Provider Name=""Microsoft-Windows-Sysmon"" Guid=""{5770385f-c22a-43e0-bf4c-06f5698ffbd9}""/>
      <EventID>13</EventID>
      <Version>2</Version>
      <Level>4</Level>
      <Task>13</Task>
      <Opcode>0</Opcode>
      <Keywords>0x8000000000000000</Keywords>
      <TimeCreated SystemTime=""2023-12-28T09:09:23.4349343Z""/>
      <EventRecordID>9606</EventRecordID>
      <Correlation/>
      <Execution ProcessID=""7044"" ThreadID=""6672""/>
      <Channel>Microsoft-Windows-Sysmon/Operational</Channel>
      <Computer>WinDev2309Eval</Computer>
      <Security UserID=""S-1-5-18""/>
    </System>
    <EventData>
      <Data Name=""RuleName"">InvDB-Ver</Data>
      <Data Name=""EventType"">SetValue</Data>
      <Data Name=""UtcTime"">2023-12-28 09:09:23.425</Data>
      <Data Name=""ProcessGuid"">{fda94052-34f3-658d-4e00-000000000b00}</Data>
      <Data Name=""ProcessId"">3628</Data>
      <Data Name=""Image"">C:\Windows\System32\svchost.exe</Data>
      <Data Name=""TargetObject"">\REGISTRY\A\{08d89634-9c6b-0ec0-e030-44e7987a6dbb}\Root\InventoryApplicationFile\wsreset.exe|879a0b0c5038b36b\BinProductVersion</Data>
      <Data Name=""Details"">10.0.22621.1194</Data>
      <Data Name=""User"">NT AUTHORITY\SYSTEM</Data>
    </EventData>
    <RenderingInfo Culture=""en-US"">
      <Message>Registry value set:

RuleName: InvDB-Ver

EventType: SetValue

UtcTime: 2023-12-28 09:09:23.425

ProcessGuid: {fda94052-34f3-658d-4e00-000000000b00}

ProcessId: 3628

Image: C:\Windows\System32\svchost.exe

TargetObject: \REGISTRY\A\{08d89634-9c6b-0ec0-e030-44e7987a6dbb}\Root\InventoryApplicationFile\wsreset.exe|879a0b0c5038b36b\BinProductVersion

Details: 10.0.22621.1194

User: NT AUTHORITY\SYSTEM</Message>
      <Level>Information</Level>
      <Task>Registry value set (rule: RegistryEvent)</Task>
      <Opcode>Info</Opcode>
    </RenderingInfo>
  </Event>
  
"
Microsoft-Windows-Sysmon/Operational,,,WinDev2309Eval,,,,,,,,,08/26/2105 11:59:42,13,9605,SetValue,,,C:\Windows\System32\svchost.exe,,,0x8000000000000000,Information,,,"Registry value set:

RuleName: InvDB-CompileTimeClaim

EventType: SetValue

UtcTime: 2023-12-28 09:09:23.425

ProcessGuid: {fda94052-34f3-658d-4e00-000000000b00}

ProcessId: 3628

Image: C:\Windows\System32\svchost.exe

TargetObject: \REGISTRY\A\{08d89634-9c6b-0ec0-e030-44e7987a6dbb}\Root\InventoryApplicationFile\wsreset.exe|879a0b0c5038b36b\LinkDate

Details: 08/26/2105 11:59:42

User: NT AUTHORITY\SYSTEM",Info,,,,,,,{fda94052-34f3-658d-4e00-000000000b00},7044,3628,,,,,,"
      ",InvDB-CompileTimeClaim,,,,,,2023-12-28T09:09:23.4348720Z,,\REGISTRY\A\{08d89634-9c6b-0ec0-e030-44e7987a6dbb}\Root\InventoryApplicationFile\wsreset.exe|879a0b0c5038b36b\LinkDate,Registry value set (rule: RegistryEvent),,6672,NT AUTHORITY\SYSTEM,S-1-5-18,2023-12-28 09:09:23.425,2,"<Event xmlns=""http://schemas.microsoft.com/win/2004/08/events/event"">
    <System>
      <Provider Name=""Microsoft-Windows-Sysmon"" Guid=""{5770385f-c22a-43e0-bf4c-06f5698ffbd9}""/>
      <EventID>13</EventID>
      <Version>2</Version>
      <Level>4</Level>
      <Task>13</Task>
      <Opcode>0</Opcode>
      <Keywords>0x8000000000000000</Keywords>
      <TimeCreated SystemTime=""2023-12-28T09:09:23.4348720Z""/>
      <EventRecordID>9605</EventRecordID>
      <Correlation/>
      <Execution ProcessID=""7044"" ThreadID=""6672""/>
      <Channel>Microsoft-Windows-Sysmon/Operational</Channel>
      <Computer>WinDev2309Eval</Computer>
      <Security UserID=""S-1-5-18""/>
    </System>
    <EventData>
      <Data Name=""RuleName"">InvDB-CompileTimeClaim</Data>
      <Data Name=""EventType"">SetValue</Data>
      <Data Name=""UtcTime"">2023-12-28 09:09:23.425</Data>
      <Data Name=""ProcessGuid"">{fda94052-34f3-658d-4e00-000000000b00}</Data>
      <Data Name=""ProcessId"">3628</Data>
      <Data Name=""Image"">C:\Windows\System32\svchost.exe</Data>
      <Data Name=""TargetObject"">\REGISTRY\A\{08d89634-9c6b-0ec0-e030-44e7987a6dbb}\Root\InventoryApplicationFile\wsreset.exe|879a0b0c5038b36b\LinkDate</Data>
      <Data Name=""Details"">08/26/2105 11:59:42</Data>
      <Data Name=""User"">NT AUTHORITY\SYSTEM</Data>
    </EventData>
    <RenderingInfo Culture=""en-US"">
      <Message>Registry value set:

RuleName: InvDB-CompileTimeClaim

EventType: SetValue

UtcTime: 2023-12-28 09:09:23.425

ProcessGuid: {fda94052-34f3-658d-4e00-000000000b00}

ProcessId: 3628

Image: C:\Windows\System32\svchost.exe

TargetObject: \REGISTRY\A\{08d89634-9c6b-0ec0-e030-44e7987a6dbb}\Root\InventoryApplicationFile\wsreset.exe|879a0b0c5038b36b\LinkDate

Details: 08/26/2105 11:59:42

User: NT AUTHORITY\SYSTEM</Message>
      <Level>Information</Level>
      <Task>Registry value set (rule: RegistryEvent)</Task>
      <Opcode>Info</Opcode>
    </RenderingInfo>
  </Event>
  
"
Microsoft-Windows-Sysmon/Operational,,,WinDev2309Eval,,,,,,,,,microsoft corporation,13,9604,SetValue,,,C:\Windows\System32\svchost.exe,,,0x8000000000000000,Information,,,"Registry value set:

RuleName: InvDB-Pub

EventType: SetValue

UtcTime: 2023-12-28 09:09:23.425

ProcessGuid: {fda94052-34f3-658d-4e00-000000000b00}

ProcessId: 3628

Image: C:\Windows\System32\svchost.exe

TargetObject: \REGISTRY\A\{08d89634-9c6b-0ec0-e030-44e7987a6dbb}\Root\InventoryApplicationFile\wsreset.exe|879a0b0c5038b36b\Publisher

Details: microsoft corporation

User: NT AUTHORITY\SYSTEM",Info,,,,,,,{fda94052-34f3-658d-4e00-000000000b00},7044,3628,,,,,,"
      ",InvDB-Pub,,,,,,2023-12-28T09:09:23.4343231Z,,\REGISTRY\A\{08d89634-9c6b-0ec0-e030-44e7987a6dbb}\Root\InventoryApplicationFile\wsreset.exe|879a0b0c5038b36b\Publisher,Registry value set (rule: RegistryEvent),,6672,NT AUTHORITY\SYSTEM,S-1-5-18,2023-12-28 09:09:23.425,2,"<Event xmlns=""http://schemas.microsoft.com/win/2004/08/events/event"">
    <System>
      <Provider Name=""Microsoft-Windows-Sysmon"" Guid=""{5770385f-c22a-43e0-bf4c-06f5698ffbd9}""/>
      <EventID>13</EventID>
      <Version>2</Version>
      <Level>4</Level>
      <Task>13</Task>
      <Opcode>0</Opcode>
      <Keywords>0x8000000000000000</Keywords>
      <TimeCreated SystemTime=""2023-12-28T09:09:23.4343231Z""/>
      <EventRecordID>9604</EventRecordID>
      <Correlation/>
      <Execution ProcessID=""7044"" ThreadID=""6672""/>
      <Channel>Microsoft-Windows-Sysmon/Operational</Channel>
      <Computer>WinDev2309Eval</Computer>
      <Security UserID=""S-1-5-18""/>
    </System>
    <EventData>
      <Data Name=""RuleName"">InvDB-Pub</Data>
      <Data Name=""EventType"">SetValue</Data>
      <Data Name=""UtcTime"">2023-12-28 09:09:23.425</Data>
      <Data Name=""ProcessGuid"">{fda94052-34f3-658d-4e00-000000000b00}</Data>
      <Data Name=""ProcessId"">3628</Data>
      <Data Name=""Image"">C:\Windows\System32\svchost.exe</Data>
      <Data Name=""TargetObject"">\REGISTRY\A\{08d89634-9c6b-0ec0-e030-44e7987a6dbb}\Root\InventoryApplicationFile\wsreset.exe|879a0b0c5038b36b\Publisher</Data>
      <Data Name=""Details"">microsoft corporation</Data>
      <Data Name=""User"">NT AUTHORITY\SYSTEM</Data>
    </EventData>
    <RenderingInfo Culture=""en-US"">
      <Message>Registry value set:

RuleName: InvDB-Pub

EventType: SetValue

UtcTime: 2023-12-28 09:09:23.425

ProcessGuid: {fda94052-34f3-658d-4e00-000000000b00}

ProcessId: 3628

Image: C:\Windows\System32\svchost.exe

TargetObject: \REGISTRY\A\{08d89634-9c6b-0ec0-e030-44e7987a6dbb}\Root\InventoryApplicationFile\wsreset.exe|879a0b0c5038b36b\Publisher

Details: microsoft corporation

User: NT AUTHORITY\SYSTEM</Message>
      <Level>Information</Level>
      <Task>Registry value set (rule: RegistryEvent)</Task>
      <Opcode>Info</Opcode>
    </RenderingInfo>
  </Event>
  
"
Microsoft-Windows-Sysmon/Operational,,,WinDev2309Eval,,,,,,,,,c:\windows\system32\wsreset.exe,13,9603,SetValue,,,C:\Windows\System32\svchost.exe,,,0x8000000000000000,Information,,,"Registry value set:

RuleName: InvDB-Path

EventType: SetValue

UtcTime: 2023-12-28 09:09:23.425

ProcessGuid: {fda94052-34f3-658d-4e00-000000000b00}

ProcessId: 3628

Image: C:\Windows\System32\svchost.exe

TargetObject: \REGISTRY\A\{08d89634-9c6b-0ec0-e030-44e7987a6dbb}\Root\InventoryApplicationFile\wsreset.exe|879a0b0c5038b36b\LowerCaseLongPath

Details: c:\windows\system32\wsreset.exe

User: NT AUTHORITY\SYSTEM",Info,,,,,,,{fda94052-34f3-658d-4e00-000000000b00},7044,3628,,,,,,"
      ",InvDB-Path,,,,,,2023-12-28T09:09:23.4338827Z,,\REGISTRY\A\{08d89634-9c6b-0ec0-e030-44e7987a6dbb}\Root\InventoryApplicationFile\wsreset.exe|879a0b0c5038b36b\LowerCaseLongPath,Registry value set (rule: RegistryEvent),,6672,NT AUTHORITY\SYSTEM,S-1-5-18,2023-12-28 09:09:23.425,2,"<Event xmlns=""http://schemas.microsoft.com/win/2004/08/events/event"">
    <System>
      <Provider Name=""Microsoft-Windows-Sysmon"" Guid=""{5770385f-c22a-43e0-bf4c-06f5698ffbd9}""/>
      <EventID>13</EventID>
      <Version>2</Version>
      <Level>4</Level>
      <Task>13</Task>
      <Opcode>0</Opcode>
      <Keywords>0x8000000000000000</Keywords>
      <TimeCreated SystemTime=""2023-12-28T09:09:23.4338827Z""/>
      <EventRecordID>9603</EventRecordID>
      <Correlation/>
      <Execution ProcessID=""7044"" ThreadID=""6672""/>
      <Channel>Microsoft-Windows-Sysmon/Operational</Channel>
      <Computer>WinDev2309Eval</Computer>
      <Security UserID=""S-1-5-18""/>
    </System>
    <EventData>
      <Data Name=""RuleName"">InvDB-Path</Data>
      <Data Name=""EventType"">SetValue</Data>
      <Data Name=""UtcTime"">2023-12-28 09:09:23.425</Data>
      <Data Name=""ProcessGuid"">{fda94052-34f3-658d-4e00-000000000b00}</Data>
      <Data Name=""ProcessId"">3628</Data>
      <Data Name=""Image"">C:\Windows\System32\svchost.exe</Data>
      <Data Name=""TargetObject"">\REGISTRY\A\{08d89634-9c6b-0ec0-e030-44e7987a6dbb}\Root\InventoryApplicationFile\wsreset.exe|879a0b0c5038b36b\LowerCaseLongPath</Data>
      <Data Name=""Details"">c:\windows\system32\wsreset.exe</Data>
      <Data Name=""User"">NT AUTHORITY\SYSTEM</Data>
    </EventData>
    <RenderingInfo Culture=""en-US"">
      <Message>Registry value set:

RuleName: InvDB-Path

EventType: SetValue

UtcTime: 2023-12-28 09:09:23.425

ProcessGuid: {fda94052-34f3-658d-4e00-000000000b00}

ProcessId: 3628

Image: C:\Windows\System32\svchost.exe

TargetObject: \REGISTRY\A\{08d89634-9c6b-0ec0-e030-44e7987a6dbb}\Root\InventoryApplicationFile\wsreset.exe|879a0b0c5038b36b\LowerCaseLongPath

Details: c:\windows\system32\wsreset.exe

User: NT AUTHORITY\SYSTEM</Message>
      <Level>Information</Level>
      <Task>Registry value set (rule: RegistryEvent)</Task>
      <Opcode>Info</Opcode>
    </RenderingInfo>
  </Event>
  
"
Microsoft-Windows-Sysmon/Operational,,,WinDev2309Eval,2023-12-28 09:09:23.316,,,,,,,,,11,9602,,,,C:\Windows\System32\WindowsPowerShell\v1.0\powershell.exe,,,0x8000000000000000,Information,,,"File created:

RuleName: -

UtcTime: 2023-12-28 09:09:23.316

ProcessGuid: {fda94052-3b43-658d-e302-000000000b00}

ProcessId: 10708

Image: C:\Windows\System32\WindowsPowerShell\v1.0\powershell.exe

TargetFilename: C:\Users\User\AppData\Local\Temp\__PSScriptPolicyTest_ahch0iul.kc4.ps1

CreationUtcTime: 2023-12-28 09:09:23.316

User: WINDEV2309EVAL\User",Info,,,,,,,{fda94052-3b43-658d-e302-000000000b00},7044,10708,,,,,,"
      ",-,,,,,,2023-12-28T09:09:23.3303559Z,C:\Users\User\AppData\Local\Temp\__PSScriptPolicyTest_ahch0iul.kc4.ps1,,File created (rule: FileCreate),,6672,WINDEV2309EVAL\User,S-1-5-18,2023-12-28 09:09:23.316,2,"<Event xmlns=""http://schemas.microsoft.com/win/2004/08/events/event"">
    <System>
      <Provider Name=""Microsoft-Windows-Sysmon"" Guid=""{5770385f-c22a-43e0-bf4c-06f5698ffbd9}""/>
      <EventID>11</EventID>
      <Version>2</Version>
      <Level>4</Level>
      <Task>11</Task>
      <Opcode>0</Opcode>
      <Keywords>0x8000000000000000</Keywords>
      <TimeCreated SystemTime=""2023-12-28T09:09:23.3303559Z""/>
      <EventRecordID>9602</EventRecordID>
      <Correlation/>
      <Execution ProcessID=""7044"" ThreadID=""6672""/>
      <Channel>Microsoft-Windows-Sysmon/Operational</Channel>
      <Computer>WinDev2309Eval</Computer>
      <Security UserID=""S-1-5-18""/>
    </System>
    <EventData>
      <Data Name=""RuleName"">-</Data>
      <Data Name=""UtcTime"">2023-12-28 09:09:23.316</Data>
      <Data Name=""ProcessGuid"">{fda94052-3b43-658d-e302-000000000b00}</Data>
      <Data Name=""ProcessId"">10708</Data>
      <Data Name=""Image"">C:\Windows\System32\WindowsPowerShell\v1.0\powershell.exe</Data>
      <Data Name=""TargetFilename"">C:\Users\User\AppData\Local\Temp\__PSScriptPolicyTest_ahch0iul.kc4.ps1</Data>
      <Data Name=""CreationUtcTime"">2023-12-28 09:09:23.316</Data>
      <Data Name=""User"">WINDEV2309EVAL\User</Data>
    </EventData>
    <RenderingInfo Culture=""en-US"">
      <Message>File created:

RuleName: -

UtcTime: 2023-12-28 09:09:23.316

ProcessGuid: {fda94052-3b43-658d-e302-000000000b00}

ProcessId: 10708

Image: C:\Windows\System32\WindowsPowerShell\v1.0\powershell.exe

TargetFilename: C:\Users\User\AppData\Local\Temp\__PSScriptPolicyTest_ahch0iul.kc4.ps1

CreationUtcTime: 2023-12-28 09:09:23.316

User: WINDEV2309EVAL\User</Message>
      <Level>Information</Level>
      <Task>File created (rule: FileCreate)</Task>
      <Opcode>Info</Opcode>
    </RenderingInfo>
  </Event>
  
"
Microsoft-Windows-Sysmon/Operational,"""powershell.exe"" & {Set-ItemProperty HKLM:\SOFTWARE\Microsoft\Windows\CurrentVersion\Policies\System -Name PromptOnSecureDesktop -Value 0 -Type Dword -Force}",Microsoft Corporation,WinDev2309Eval,,C:\Users\User\AppData\Local\Temp\,Windows PowerShell,,,,,,,1,9601,,10.0.22621.2215 (WinBuild.160101.0800),"MD5=824B9F337E68DD8C117595071AC11E23,SHA256=17083405E7DECB3DDEF837C2FA599293A4E8133736969DFD5CE92EF15608A587,IMPHASH=51B0FFFA02CA6C1B85189E2E6C139F36",C:\Windows\System32\WindowsPowerShell\v1.0\powershell.exe,,Medium,0x8000000000000000,Information,{fda94052-3502-658d-b367-080000000000},0x867b3,"Process Create:

RuleName: -

UtcTime: 2023-12-28 09:09:23.126

ProcessGuid: {fda94052-3b43-658d-e302-000000000b00}

ProcessId: 10708

Image: C:\Windows\System32\WindowsPowerShell\v1.0\powershell.exe

FileVersion: 10.0.22621.2215 (WinBuild.160101.0800)

Description: Windows PowerShell

Product: Microsoft® Windows® Operating System

Company: Microsoft Corporation

OriginalFileName: PowerShell.EXE

CommandLine: ""powershell.exe"" & {Set-ItemProperty HKLM:\SOFTWARE\Microsoft\Windows\CurrentVersion\Policies\System -Name PromptOnSecureDesktop -Value 0 -Type Dword -Force}

CurrentDirectory: C:\Users\User\AppData\Local\Temp\

User: WINDEV2309EVAL\User

LogonGuid: {fda94052-3502-658d-b367-080000000000}

LogonId: 0x867B3

TerminalSessionId: 1

IntegrityLevel: Medium

Hashes: MD5=824B9F337E68DD8C117595071AC11E23,SHA256=17083405E7DECB3DDEF837C2FA599293A4E8133736969DFD5CE92EF15608A587,IMPHASH=51B0FFFA02CA6C1B85189E2E6C139F36

ParentProcessGuid: {fda94052-b87a-658c-2702-000000000b00}

ParentProcessId: 5076

ParentImage: C:\Windows\System32\WindowsPowerShell\v1.0\powershell.exe

ParentCommandLine: ""C:\Windows\System32\WindowsPowerShell\v1.0\powershell.exe"" -exec bypass

ParentUser: WINDEV2309EVAL\User",Info,PowerShell.EXE,"""C:\Windows\System32\WindowsPowerShell\v1.0\powershell.exe"" -exec bypass",C:\Windows\System32\WindowsPowerShell\v1.0\powershell.exe,{fda94052-b87a-658c-2702-000000000b00},5076,WINDEV2309EVAL\User,{fda94052-3b43-658d-e302-000000000b00},7044,10708,Microsoft® Windows® Operating System,,,,,"
      ",-,,,,,,2023-12-28T09:09:23.1284915Z,,,Process Create (rule: ProcessCreate),1,6672,WINDEV2309EVAL\User,S-1-5-18,2023-12-28 09:09:23.126,5,"<Event xmlns=""http://schemas.microsoft.com/win/2004/08/events/event"">
    <System>
      <Provider Name=""Microsoft-Windows-Sysmon"" Guid=""{5770385f-c22a-43e0-bf4c-06f5698ffbd9}""/>
      <EventID>1</EventID>
      <Version>5</Version>
      <Level>4</Level>
      <Task>1</Task>
      <Opcode>0</Opcode>
      <Keywords>0x8000000000000000</Keywords>
      <TimeCreated SystemTime=""2023-12-28T09:09:23.1284915Z""/>
      <EventRecordID>9601</EventRecordID>
      <Correlation/>
      <Execution ProcessID=""7044"" ThreadID=""6672""/>
      <Channel>Microsoft-Windows-Sysmon/Operational</Channel>
      <Computer>WinDev2309Eval</Computer>
      <Security UserID=""S-1-5-18""/>
    </System>
    <EventData>
      <Data Name=""RuleName"">-</Data>
      <Data Name=""UtcTime"">2023-12-28 09:09:23.126</Data>
      <Data Name=""ProcessGuid"">{fda94052-3b43-658d-e302-000000000b00}</Data>
      <Data Name=""ProcessId"">10708</Data>
      <Data Name=""Image"">C:\Windows\System32\WindowsPowerShell\v1.0\powershell.exe</Data>
      <Data Name=""FileVersion"">10.0.22621.2215 (WinBuild.160101.0800)</Data>
      <Data Name=""Description"">Windows PowerShell</Data>
      <Data Name=""Product"">Microsoft&#174; Windows&#174; Operating System</Data>
      <Data Name=""Company"">Microsoft Corporation</Data>
      <Data Name=""OriginalFileName"">PowerShell.EXE</Data>
      <Data Name=""CommandLine"">""powershell.exe"" &amp; {Set-ItemProperty HKLM:\SOFTWARE\Microsoft\Windows\CurrentVersion\Policies\System -Name PromptOnSecureDesktop -Value 0 -Type Dword -Force}</Data>
      <Data Name=""CurrentDirectory"">C:\Users\User\AppData\Local\Temp\</Data>
      <Data Name=""User"">WINDEV2309EVAL\User</Data>
      <Data Name=""LogonGuid"">{fda94052-3502-658d-b367-080000000000}</Data>
      <Data Name=""LogonId"">0x867b3</Data>
      <Data Name=""TerminalSessionId"">1</Data>
      <Data Name=""IntegrityLevel"">Medium</Data>
      <Data Name=""Hashes"">MD5=824B9F337E68DD8C117595071AC11E23,SHA256=17083405E7DECB3DDEF837C2FA599293A4E8133736969DFD5CE92EF15608A587,IMPHASH=51B0FFFA02CA6C1B85189E2E6C139F36</Data>
      <Data Name=""ParentProcessGuid"">{fda94052-b87a-658c-2702-000000000b00}</Data>
      <Data Name=""ParentProcessId"">5076</Data>
      <Data Name=""ParentImage"">C:\Windows\System32\WindowsPowerShell\v1.0\powershell.exe</Data>
      <Data Name=""ParentCommandLine"">""C:\Windows\System32\WindowsPowerShell\v1.0\powershell.exe"" -exec bypass</Data>
      <Data Name=""ParentUser"">WINDEV2309EVAL\User</Data>
    </EventData>
    <RenderingInfo Culture=""en-US"">
      <Message>Process Create:

RuleName: -

UtcTime: 2023-12-28 09:09:23.126

ProcessGuid: {fda94052-3b43-658d-e302-000000000b00}

ProcessId: 10708

Image: C:\Windows\System32\WindowsPowerShell\v1.0\powershell.exe

FileVersion: 10.0.22621.2215 (WinBuild.160101.0800)

Description: Windows PowerShell

Product: Microsoft&#174; Windows&#174; Operating System

Company: Microsoft Corporation

OriginalFileName: PowerShell.EXE

CommandLine: ""powershell.exe"" &amp; {Set-ItemProperty HKLM:\SOFTWARE\Microsoft\Windows\CurrentVersion\Policies\System -Name PromptOnSecureDesktop -Value 0 -Type Dword -Force}

CurrentDirectory: C:\Users\User\AppData\Local\Temp\

User: WINDEV2309EVAL\User

LogonGuid: {fda94052-3502-658d-b367-080000000000}

LogonId: 0x867B3

TerminalSessionId: 1

IntegrityLevel: Medium

Hashes: MD5=824B9F337E68DD8C117595071AC11E23,SHA256=17083405E7DECB3DDEF837C2FA599293A4E8133736969DFD5CE92EF15608A587,IMPHASH=51B0FFFA02CA6C1B85189E2E6C139F36

ParentProcessGuid: {fda94052-b87a-658c-2702-000000000b00}

ParentProcessId: 5076

ParentImage: C:\Windows\System32\WindowsPowerShell\v1.0\powershell.exe

ParentCommandLine: ""C:\Windows\System32\WindowsPowerShell\v1.0\powershell.exe"" -exec bypass

ParentUser: WINDEV2309EVAL\User</Message>
      <Level>Information</Level>
      <Task>Process Create (rule: ProcessCreate)</Task>
      <Opcode>Info</Opcode>
    </RenderingInfo>
  </Event>
  
"
Microsoft-Windows-Sysmon/Operational,"""C:\Windows\System32\WSReset.exe"" ",Microsoft Corporation,WinDev2309Eval,,C:\Windows\system32\,This tool resets the Windows Store without changing account settings or deleting installed apps,,,,,,,1,9600,,10.0.22621.1194 (WinBuild.160101.0800),"MD5=CD70752D9475795D77ED5331BC3DA565,SHA256=B588172F23853DEF318509437F330B1E9CBFEFB1C547C8F85FFF8F55DCF0F5D9,IMPHASH=1FC4CB53A2206655892168907D8C326B",C:\Windows\System32\WSReset.exe,,High,0x8000000000000000,Information,{fda94052-3502-658d-7367-080000000000},0x86773,"Process Create:

RuleName: -

UtcTime: 2023-12-28 09:09:22.883

ProcessGuid: {fda94052-3b42-658d-e002-000000000b00}

ProcessId: 912

Image: C:\Windows\System32\WSReset.exe

FileVersion: 10.0.22621.1194 (WinBuild.160101.0800)

Description: This tool resets the Windows Store without changing account settings or deleting installed apps

Product: Microsoft® Windows® Operating System

Company: Microsoft Corporation

OriginalFileName: WSReset.exe

CommandLine: ""C:\Windows\System32\WSReset.exe"" 

CurrentDirectory: C:\Windows\system32\

User: WINDEV2309EVAL\User

LogonGuid: {fda94052-3502-658d-7367-080000000000}

LogonId: 0x86773

TerminalSessionId: 1

IntegrityLevel: High

Hashes: MD5=CD70752D9475795D77ED5331BC3DA565,SHA256=B588172F23853DEF318509437F330B1E9CBFEFB1C547C8F85FFF8F55DCF0F5D9,IMPHASH=1FC4CB53A2206655892168907D8C326B

ParentProcessGuid: {fda94052-3b41-658d-dc02-000000000b00}

ParentProcessId: 11124

ParentImage: C:\Windows\System32\WindowsPowerShell\v1.0\powershell.exe

ParentCommandLine: ""powershell.exe"" & {New-Item HKCU:\Software\Classes\AppX82a6gwre4fdg3bt635tn5ctqjf8msdd2\Shell\open\command -Force | Out-Null
New-ItemProperty -Path HKCU:\Software\Classes\AppX82a6gwre4fdg3bt635tn5ctqjf8msdd2\Shell\open\command -Name \""""DelegateExecute\"""" -Value \""""\"""" -Force | Out-Null
Set-ItemProperty -Path HKCU:\Software\Classes\AppX82a6gwre4fdg3bt635tn5ctqjf8msdd2\Shell\open\command -Name \""""(default)\"""" -Value \""""C:\Windows\System32\cmd.exe /c start cmd.exe\"""" -Force -ErrorAction SilentlyContinue | Out-Null
$Process = Start-Process -FilePath \""""C:\Windows\System32\WSReset.exe\"""" -WindowStyle Hidden}

ParentUser: WINDEV2309EVAL\User",Info,WSReset.exe,"""powershell.exe"" & {New-Item HKCU:\Software\Classes\AppX82a6gwre4fdg3bt635tn5ctqjf8msdd2\Shell\open\command -Force | Out-Null
New-ItemProperty -Path HKCU:\Software\Classes\AppX82a6gwre4fdg3bt635tn5ctqjf8msdd2\Shell\open\command -Name \""""DelegateExecute\"""" -Value \""""\"""" -Force | Out-Null
Set-ItemProperty -Path HKCU:\Software\Classes\AppX82a6gwre4fdg3bt635tn5ctqjf8msdd2\Shell\open\command -Name \""""(default)\"""" -Value \""""C:\Windows\System32\cmd.exe /c start cmd.exe\"""" -Force -ErrorAction SilentlyContinue | Out-Null
$Process = Start-Process -FilePath \""""C:\Windows\System32\WSReset.exe\"""" -WindowStyle Hidden}",C:\Windows\System32\WindowsPowerShell\v1.0\powershell.exe,{fda94052-3b41-658d-dc02-000000000b00},11124,WINDEV2309EVAL\User,{fda94052-3b42-658d-e002-000000000b00},7044,912,Microsoft® Windows® Operating System,,,,,"
      ",-,,,,,,2023-12-28T09:09:22.8840266Z,,,Process Create (rule: ProcessCreate),1,6672,WINDEV2309EVAL\User,S-1-5-18,2023-12-28 09:09:22.883,5,"<Event xmlns=""http://schemas.microsoft.com/win/2004/08/events/event"">
    <System>
      <Provider Name=""Microsoft-Windows-Sysmon"" Guid=""{5770385f-c22a-43e0-bf4c-06f5698ffbd9}""/>
      <EventID>1</EventID>
      <Version>5</Version>
      <Level>4</Level>
      <Task>1</Task>
      <Opcode>0</Opcode>
      <Keywords>0x8000000000000000</Keywords>
      <TimeCreated SystemTime=""2023-12-28T09:09:22.8840266Z""/>
      <EventRecordID>9600</EventRecordID>
      <Correlation/>
      <Execution ProcessID=""7044"" ThreadID=""6672""/>
      <Channel>Microsoft-Windows-Sysmon/Operational</Channel>
      <Computer>WinDev2309Eval</Computer>
      <Security UserID=""S-1-5-18""/>
    </System>
    <EventData>
      <Data Name=""RuleName"">-</Data>
      <Data Name=""UtcTime"">2023-12-28 09:09:22.883</Data>
      <Data Name=""ProcessGuid"">{fda94052-3b42-658d-e002-000000000b00}</Data>
      <Data Name=""ProcessId"">912</Data>
      <Data Name=""Image"">C:\Windows\System32\WSReset.exe</Data>
      <Data Name=""FileVersion"">10.0.22621.1194 (WinBuild.160101.0800)</Data>
      <Data Name=""Description"">This tool resets the Windows Store without changing account settings or deleting installed apps</Data>
      <Data Name=""Product"">Microsoft&#174; Windows&#174; Operating System</Data>
      <Data Name=""Company"">Microsoft Corporation</Data>
      <Data Name=""OriginalFileName"">WSReset.exe</Data>
      <Data Name=""CommandLine"">""C:\Windows\System32\WSReset.exe"" </Data>
      <Data Name=""CurrentDirectory"">C:\Windows\system32\</Data>
      <Data Name=""User"">WINDEV2309EVAL\User</Data>
      <Data Name=""LogonGuid"">{fda94052-3502-658d-7367-080000000000}</Data>
      <Data Name=""LogonId"">0x86773</Data>
      <Data Name=""TerminalSessionId"">1</Data>
      <Data Name=""IntegrityLevel"">High</Data>
      <Data Name=""Hashes"">MD5=CD70752D9475795D77ED5331BC3DA565,SHA256=B588172F23853DEF318509437F330B1E9CBFEFB1C547C8F85FFF8F55DCF0F5D9,IMPHASH=1FC4CB53A2206655892168907D8C326B</Data>
      <Data Name=""ParentProcessGuid"">{fda94052-3b41-658d-dc02-000000000b00}</Data>
      <Data Name=""ParentProcessId"">11124</Data>
      <Data Name=""ParentImage"">C:\Windows\System32\WindowsPowerShell\v1.0\powershell.exe</Data>
      <Data Name=""ParentCommandLine"">""powershell.exe"" &amp; {New-Item HKCU:\Software\Classes\AppX82a6gwre4fdg3bt635tn5ctqjf8msdd2\Shell\open\command -Force | Out-Null
New-ItemProperty -Path HKCU:\Software\Classes\AppX82a6gwre4fdg3bt635tn5ctqjf8msdd2\Shell\open\command -Name \""""DelegateExecute\"""" -Value \""""\"""" -Force | Out-Null
Set-ItemProperty -Path HKCU:\Software\Classes\AppX82a6gwre4fdg3bt635tn5ctqjf8msdd2\Shell\open\command -Name \""""(default)\"""" -Value \""""C:\Windows\System32\cmd.exe /c start cmd.exe\"""" -Force -ErrorAction SilentlyContinue | Out-Null
$Process = Start-Process -FilePath \""""C:\Windows\System32\WSReset.exe\"""" -WindowStyle Hidden}</Data>
      <Data Name=""ParentUser"">WINDEV2309EVAL\User</Data>
    </EventData>
    <RenderingInfo Culture=""en-US"">
      <Message>Process Create:

RuleName: -

UtcTime: 2023-12-28 09:09:22.883

ProcessGuid: {fda94052-3b42-658d-e002-000000000b00}

ProcessId: 912

Image: C:\Windows\System32\WSReset.exe

FileVersion: 10.0.22621.1194 (WinBuild.160101.0800)

Description: This tool resets the Windows Store without changing account settings or deleting installed apps

Product: Microsoft&#174; Windows&#174; Operating System

Company: Microsoft Corporation

OriginalFileName: WSReset.exe

CommandLine: ""C:\Windows\System32\WSReset.exe"" 

CurrentDirectory: C:\Windows\system32\

User: WINDEV2309EVAL\User

LogonGuid: {fda94052-3502-658d-7367-080000000000}

LogonId: 0x86773

TerminalSessionId: 1

IntegrityLevel: High

Hashes: MD5=CD70752D9475795D77ED5331BC3DA565,SHA256=B588172F23853DEF318509437F330B1E9CBFEFB1C547C8F85FFF8F55DCF0F5D9,IMPHASH=1FC4CB53A2206655892168907D8C326B

ParentProcessGuid: {fda94052-3b41-658d-dc02-000000000b00}

ParentProcessId: 11124

ParentImage: C:\Windows\System32\WindowsPowerShell\v1.0\powershell.exe

ParentCommandLine: ""powershell.exe"" &amp; {New-Item HKCU:\Software\Classes\AppX82a6gwre4fdg3bt635tn5ctqjf8msdd2\Shell\open\command -Force | Out-Null
New-ItemProperty -Path HKCU:\Software\Classes\AppX82a6gwre4fdg3bt635tn5ctqjf8msdd2\Shell\open\command -Name \""""DelegateExecute\"""" -Value \""""\"""" -Force | Out-Null
Set-ItemProperty -Path HKCU:\Software\Classes\AppX82a6gwre4fdg3bt635tn5ctqjf8msdd2\Shell\open\command -Name \""""(default)\"""" -Value \""""C:\Windows\System32\cmd.exe /c start cmd.exe\"""" -Force -ErrorAction SilentlyContinue | Out-Null
$Process = Start-Process -FilePath \""""C:\Windows\System32\WSReset.exe\"""" -WindowStyle Hidden}

ParentUser: WINDEV2309EVAL\User</Message>
      <Level>Information</Level>
      <Task>Process Create (rule: ProcessCreate)</Task>
      <Opcode>Info</Opcode>
    </RenderingInfo>
  </Event>
  
"
