Microsoft-Windows-Sysmon/Operational,"""C:\Windows\system32\reg.exe"" add HKEY_LOCAL_MACHINE\SYSTEM\CurrentControlSet\Services\W32Time\TimeProviders\NtpServer /t REG_DWORD /v InputProvider /d 1 /f",Microsoft Corporation,WinDev2309Eval,,C:\Users\User\AppData\Local\Temp\,Registry Console Tool,,,,,,,1,9486,,10.0.22621.1 (WinBuild.160101.0800),"MD5=CDB58D0BCABE76AFC60428F364834463,SHA256=411AE446FE37B30C0727888C7FA5E88994A46DAFD41AA5B3B06C9E884549AFDE,IMPHASH=1085BD82B37A225F6D356012D2E69C3D",C:\Windows\System32\reg.exe,,Medium,0x8000000000000000,Information,{fda94052-3502-658d-b367-080000000000},0x867b3,"Process Create:

RuleName: -

UtcTime: 2023-12-28 08:49:07.790

ProcessGuid: {fda94052-3683-658d-7902-000000000b00}

ProcessId: 9616

Image: C:\Windows\System32\reg.exe

FileVersion: 10.0.22621.1 (WinBuild.160101.0800)

Description: Registry Console Tool

Product: Microsoft® Windows® Operating System

Company: Microsoft Corporation

OriginalFileName: reg.exe

CommandLine: ""C:\Windows\system32\reg.exe"" add HKEY_LOCAL_MACHINE\SYSTEM\CurrentControlSet\Services\W32Time\TimeProviders\NtpServer /t REG_DWORD /v InputProvider /d 1 /f

CurrentDirectory: C:\Users\User\AppData\Local\Temp\

User: WINDEV2309EVAL\User

LogonGuid: {fda94052-3502-658d-b367-080000000000}

LogonId: 0x867B3

TerminalSessionId: 1

IntegrityLevel: Medium

Hashes: MD5=CDB58D0BCABE76AFC60428F364834463,SHA256=411AE446FE37B30C0727888C7FA5E88994A46DAFD41AA5B3B06C9E884549AFDE,IMPHASH=1085BD82B37A225F6D356012D2E69C3D

ParentProcessGuid: {fda94052-3682-658d-7302-000000000b00}

ParentProcessId: 11060

ParentImage: C:\Windows\System32\WindowsPowerShell\v1.0\powershell.exe

ParentCommandLine: ""powershell.exe"" & {net stop w32time
Copy-Item \""""C:\AtomicRedTeam\atomics\T1547.003\bin\AtomicTest.dll\"""" C:\Users\Public\AtomicTest.dll
reg add \""""HKEY_LOCAL_MACHINE\SYSTEM\CurrentControlSet\Services\W32Time\TimeProviders\NtpServer\"""" /t REG_SZ /v \""""DllName\"""" /d \""""C:\Users\Public\AtomicTest.dll\"""" /f
reg add \""""HKEY_LOCAL_MACHINE\SYSTEM\CurrentControlSet\Services\W32Time\TimeProviders\NtpServer\"""" /t REG_DWORD /v \""""Enabled\"""" /d \""""1\"""" /f
reg add \""""HKEY_LOCAL_MACHINE\SYSTEM\CurrentControlSet\Services\W32Time\TimeProviders\NtpServer\"""" /t REG_DWORD /v \""""InputProvider\"""" /d \""""1\"""" /f
net start w32time}

ParentUser: WINDEV2309EVAL\User",Info,reg.exe,"""powershell.exe"" & {net stop w32time
Copy-Item \""""C:\AtomicRedTeam\atomics\T1547.003\bin\AtomicTest.dll\"""" C:\Users\Public\AtomicTest.dll
reg add \""""HKEY_LOCAL_MACHINE\SYSTEM\CurrentControlSet\Services\W32Time\TimeProviders\NtpServer\"""" /t REG_SZ /v \""""DllName\"""" /d \""""C:\Users\Public\AtomicTest.dll\"""" /f
reg add \""""HKEY_LOCAL_MACHINE\SYSTEM\CurrentControlSet\Services\W32Time\TimeProviders\NtpServer\"""" /t REG_DWORD /v \""""Enabled\"""" /d \""""1\"""" /f
reg add \""""HKEY_LOCAL_MACHINE\SYSTEM\CurrentControlSet\Services\W32Time\TimeProviders\NtpServer\"""" /t REG_DWORD /v \""""InputProvider\"""" /d \""""1\"""" /f
net start w32time}",C:\Windows\System32\WindowsPowerShell\v1.0\powershell.exe,{fda94052-3682-658d-7302-000000000b00},11060,WINDEV2309EVAL\User,{fda94052-3683-658d-7902-000000000b00},7044,9616,Microsoft® Windows® Operating System,,,,,"
      ",-,,,,,,2023-12-28T08:49:07.7919769Z,,,Process Create (rule: ProcessCreate),1,6672,WINDEV2309EVAL\User,S-1-5-18,2023-12-28 08:49:07.790,5,"<Event xmlns=""http://schemas.microsoft.com/win/2004/08/events/event"">
    <System>
      <Provider Name=""Microsoft-Windows-Sysmon"" Guid=""{5770385f-c22a-43e0-bf4c-06f5698ffbd9}""/>
      <EventID>1</EventID>
      <Version>5</Version>
      <Level>4</Level>
      <Task>1</Task>
      <Opcode>0</Opcode>
      <Keywords>0x8000000000000000</Keywords>
      <TimeCreated SystemTime=""2023-12-28T08:49:07.7919769Z""/>
      <EventRecordID>9486</EventRecordID>
      <Correlation/>
      <Execution ProcessID=""7044"" ThreadID=""6672""/>
      <Channel>Microsoft-Windows-Sysmon/Operational</Channel>
      <Computer>WinDev2309Eval</Computer>
      <Security UserID=""S-1-5-18""/>
    </System>
    <EventData>
      <Data Name=""RuleName"">-</Data>
      <Data Name=""UtcTime"">2023-12-28 08:49:07.790</Data>
      <Data Name=""ProcessGuid"">{fda94052-3683-658d-7902-000000000b00}</Data>
      <Data Name=""ProcessId"">9616</Data>
      <Data Name=""Image"">C:\Windows\System32\reg.exe</Data>
      <Data Name=""FileVersion"">10.0.22621.1 (WinBuild.160101.0800)</Data>
      <Data Name=""Description"">Registry Console Tool</Data>
      <Data Name=""Product"">Microsoft&#174; Windows&#174; Operating System</Data>
      <Data Name=""Company"">Microsoft Corporation</Data>
      <Data Name=""OriginalFileName"">reg.exe</Data>
      <Data Name=""CommandLine"">""C:\Windows\system32\reg.exe"" add HKEY_LOCAL_MACHINE\SYSTEM\CurrentControlSet\Services\W32Time\TimeProviders\NtpServer /t REG_DWORD /v InputProvider /d 1 /f</Data>
      <Data Name=""CurrentDirectory"">C:\Users\User\AppData\Local\Temp\</Data>
      <Data Name=""User"">WINDEV2309EVAL\User</Data>
      <Data Name=""LogonGuid"">{fda94052-3502-658d-b367-080000000000}</Data>
      <Data Name=""LogonId"">0x867b3</Data>
      <Data Name=""TerminalSessionId"">1</Data>
      <Data Name=""IntegrityLevel"">Medium</Data>
      <Data Name=""Hashes"">MD5=CDB58D0BCABE76AFC60428F364834463,SHA256=411AE446FE37B30C0727888C7FA5E88994A46DAFD41AA5B3B06C9E884549AFDE,IMPHASH=1085BD82B37A225F6D356012D2E69C3D</Data>
      <Data Name=""ParentProcessGuid"">{fda94052-3682-658d-7302-000000000b00}</Data>
      <Data Name=""ParentProcessId"">11060</Data>
      <Data Name=""ParentImage"">C:\Windows\System32\WindowsPowerShell\v1.0\powershell.exe</Data>
      <Data Name=""ParentCommandLine"">""powershell.exe"" &amp; {net stop w32time
Copy-Item \""""C:\AtomicRedTeam\atomics\T1547.003\bin\AtomicTest.dll\"""" C:\Users\Public\AtomicTest.dll
reg add \""""HKEY_LOCAL_MACHINE\SYSTEM\CurrentControlSet\Services\W32Time\TimeProviders\NtpServer\"""" /t REG_SZ /v \""""DllName\"""" /d \""""C:\Users\Public\AtomicTest.dll\"""" /f
reg add \""""HKEY_LOCAL_MACHINE\SYSTEM\CurrentControlSet\Services\W32Time\TimeProviders\NtpServer\"""" /t REG_DWORD /v \""""Enabled\"""" /d \""""1\"""" /f
reg add \""""HKEY_LOCAL_MACHINE\SYSTEM\CurrentControlSet\Services\W32Time\TimeProviders\NtpServer\"""" /t REG_DWORD /v \""""InputProvider\"""" /d \""""1\"""" /f
net start w32time}</Data>
      <Data Name=""ParentUser"">WINDEV2309EVAL\User</Data>
    </EventData>
    <RenderingInfo Culture=""en-US"">
      <Message>Process Create:

RuleName: -

UtcTime: 2023-12-28 08:49:07.790

ProcessGuid: {fda94052-3683-658d-7902-000000000b00}

ProcessId: 9616

Image: C:\Windows\System32\reg.exe

FileVersion: 10.0.22621.1 (WinBuild.160101.0800)

Description: Registry Console Tool

Product: Microsoft&#174; Windows&#174; Operating System

Company: Microsoft Corporation

OriginalFileName: reg.exe

CommandLine: ""C:\Windows\system32\reg.exe"" add HKEY_LOCAL_MACHINE\SYSTEM\CurrentControlSet\Services\W32Time\TimeProviders\NtpServer /t REG_DWORD /v InputProvider /d 1 /f

CurrentDirectory: C:\Users\User\AppData\Local\Temp\

User: WINDEV2309EVAL\User

LogonGuid: {fda94052-3502-658d-b367-080000000000}

LogonId: 0x867B3

TerminalSessionId: 1

IntegrityLevel: Medium

Hashes: MD5=CDB58D0BCABE76AFC60428F364834463,SHA256=411AE446FE37B30C0727888C7FA5E88994A46DAFD41AA5B3B06C9E884549AFDE,IMPHASH=1085BD82B37A225F6D356012D2E69C3D

ParentProcessGuid: {fda94052-3682-658d-7302-000000000b00}

ParentProcessId: 11060

ParentImage: C:\Windows\System32\WindowsPowerShell\v1.0\powershell.exe

ParentCommandLine: ""powershell.exe"" &amp; {net stop w32time
Copy-Item \""""C:\AtomicRedTeam\atomics\T1547.003\bin\AtomicTest.dll\"""" C:\Users\Public\AtomicTest.dll
reg add \""""HKEY_LOCAL_MACHINE\SYSTEM\CurrentControlSet\Services\W32Time\TimeProviders\NtpServer\"""" /t REG_SZ /v \""""DllName\"""" /d \""""C:\Users\Public\AtomicTest.dll\"""" /f
reg add \""""HKEY_LOCAL_MACHINE\SYSTEM\CurrentControlSet\Services\W32Time\TimeProviders\NtpServer\"""" /t REG_DWORD /v \""""Enabled\"""" /d \""""1\"""" /f
reg add \""""HKEY_LOCAL_MACHINE\SYSTEM\CurrentControlSet\Services\W32Time\TimeProviders\NtpServer\"""" /t REG_DWORD /v \""""InputProvider\"""" /d \""""1\"""" /f
net start w32time}

ParentUser: WINDEV2309EVAL\User</Message>
      <Level>Information</Level>
      <Task>Process Create (rule: ProcessCreate)</Task>
      <Opcode>Info</Opcode>
    </RenderingInfo>
  </Event>
  
"
Microsoft-Windows-Sysmon/Operational,"""C:\Windows\system32\reg.exe"" add HKEY_LOCAL_MACHINE\SYSTEM\CurrentControlSet\Services\W32Time\TimeProviders\NtpServer /t REG_DWORD /v Enabled /d 1 /f",Microsoft Corporation,WinDev2309Eval,,C:\Users\User\AppData\Local\Temp\,Registry Console Tool,,,,,,,1,9485,,10.0.22621.1 (WinBuild.160101.0800),"MD5=CDB58D0BCABE76AFC60428F364834463,SHA256=411AE446FE37B30C0727888C7FA5E88994A46DAFD41AA5B3B06C9E884549AFDE,IMPHASH=1085BD82B37A225F6D356012D2E69C3D",C:\Windows\System32\reg.exe,,Medium,0x8000000000000000,Information,{fda94052-3502-658d-b367-080000000000},0x867b3,"Process Create:

RuleName: -

UtcTime: 2023-12-28 08:49:07.772

ProcessGuid: {fda94052-3683-658d-7802-000000000b00}

ProcessId: 8572

Image: C:\Windows\System32\reg.exe

FileVersion: 10.0.22621.1 (WinBuild.160101.0800)

Description: Registry Console Tool

Product: Microsoft® Windows® Operating System

Company: Microsoft Corporation

OriginalFileName: reg.exe

CommandLine: ""C:\Windows\system32\reg.exe"" add HKEY_LOCAL_MACHINE\SYSTEM\CurrentControlSet\Services\W32Time\TimeProviders\NtpServer /t REG_DWORD /v Enabled /d 1 /f

CurrentDirectory: C:\Users\User\AppData\Local\Temp\

User: WINDEV2309EVAL\User

LogonGuid: {fda94052-3502-658d-b367-080000000000}

LogonId: 0x867B3

TerminalSessionId: 1

IntegrityLevel: Medium

Hashes: MD5=CDB58D0BCABE76AFC60428F364834463,SHA256=411AE446FE37B30C0727888C7FA5E88994A46DAFD41AA5B3B06C9E884549AFDE,IMPHASH=1085BD82B37A225F6D356012D2E69C3D

ParentProcessGuid: {fda94052-3682-658d-7302-000000000b00}

ParentProcessId: 11060

ParentImage: C:\Windows\System32\WindowsPowerShell\v1.0\powershell.exe

ParentCommandLine: ""powershell.exe"" & {net stop w32time
Copy-Item \""""C:\AtomicRedTeam\atomics\T1547.003\bin\AtomicTest.dll\"""" C:\Users\Public\AtomicTest.dll
reg add \""""HKEY_LOCAL_MACHINE\SYSTEM\CurrentControlSet\Services\W32Time\TimeProviders\NtpServer\"""" /t REG_SZ /v \""""DllName\"""" /d \""""C:\Users\Public\AtomicTest.dll\"""" /f
reg add \""""HKEY_LOCAL_MACHINE\SYSTEM\CurrentControlSet\Services\W32Time\TimeProviders\NtpServer\"""" /t REG_DWORD /v \""""Enabled\"""" /d \""""1\"""" /f
reg add \""""HKEY_LOCAL_MACHINE\SYSTEM\CurrentControlSet\Services\W32Time\TimeProviders\NtpServer\"""" /t REG_DWORD /v \""""InputProvider\"""" /d \""""1\"""" /f
net start w32time}

ParentUser: WINDEV2309EVAL\User",Info,reg.exe,"""powershell.exe"" & {net stop w32time
Copy-Item \""""C:\AtomicRedTeam\atomics\T1547.003\bin\AtomicTest.dll\"""" C:\Users\Public\AtomicTest.dll
reg add \""""HKEY_LOCAL_MACHINE\SYSTEM\CurrentControlSet\Services\W32Time\TimeProviders\NtpServer\"""" /t REG_SZ /v \""""DllName\"""" /d \""""C:\Users\Public\AtomicTest.dll\"""" /f
reg add \""""HKEY_LOCAL_MACHINE\SYSTEM\CurrentControlSet\Services\W32Time\TimeProviders\NtpServer\"""" /t REG_DWORD /v \""""Enabled\"""" /d \""""1\"""" /f
reg add \""""HKEY_LOCAL_MACHINE\SYSTEM\CurrentControlSet\Services\W32Time\TimeProviders\NtpServer\"""" /t REG_DWORD /v \""""InputProvider\"""" /d \""""1\"""" /f
net start w32time}",C:\Windows\System32\WindowsPowerShell\v1.0\powershell.exe,{fda94052-3682-658d-7302-000000000b00},11060,WINDEV2309EVAL\User,{fda94052-3683-658d-7802-000000000b00},7044,8572,Microsoft® Windows® Operating System,,,,,"
      ",-,,,,,,2023-12-28T08:49:07.7739600Z,,,Process Create (rule: ProcessCreate),1,6672,WINDEV2309EVAL\User,S-1-5-18,2023-12-28 08:49:07.772,5,"<Event xmlns=""http://schemas.microsoft.com/win/2004/08/events/event"">
    <System>
      <Provider Name=""Microsoft-Windows-Sysmon"" Guid=""{5770385f-c22a-43e0-bf4c-06f5698ffbd9}""/>
      <EventID>1</EventID>
      <Version>5</Version>
      <Level>4</Level>
      <Task>1</Task>
      <Opcode>0</Opcode>
      <Keywords>0x8000000000000000</Keywords>
      <TimeCreated SystemTime=""2023-12-28T08:49:07.7739600Z""/>
      <EventRecordID>9485</EventRecordID>
      <Correlation/>
      <Execution ProcessID=""7044"" ThreadID=""6672""/>
      <Channel>Microsoft-Windows-Sysmon/Operational</Channel>
      <Computer>WinDev2309Eval</Computer>
      <Security UserID=""S-1-5-18""/>
    </System>
    <EventData>
      <Data Name=""RuleName"">-</Data>
      <Data Name=""UtcTime"">2023-12-28 08:49:07.772</Data>
      <Data Name=""ProcessGuid"">{fda94052-3683-658d-7802-000000000b00}</Data>
      <Data Name=""ProcessId"">8572</Data>
      <Data Name=""Image"">C:\Windows\System32\reg.exe</Data>
      <Data Name=""FileVersion"">10.0.22621.1 (WinBuild.160101.0800)</Data>
      <Data Name=""Description"">Registry Console Tool</Data>
      <Data Name=""Product"">Microsoft&#174; Windows&#174; Operating System</Data>
      <Data Name=""Company"">Microsoft Corporation</Data>
      <Data Name=""OriginalFileName"">reg.exe</Data>
      <Data Name=""CommandLine"">""C:\Windows\system32\reg.exe"" add HKEY_LOCAL_MACHINE\SYSTEM\CurrentControlSet\Services\W32Time\TimeProviders\NtpServer /t REG_DWORD /v Enabled /d 1 /f</Data>
      <Data Name=""CurrentDirectory"">C:\Users\User\AppData\Local\Temp\</Data>
      <Data Name=""User"">WINDEV2309EVAL\User</Data>
      <Data Name=""LogonGuid"">{fda94052-3502-658d-b367-080000000000}</Data>
      <Data Name=""LogonId"">0x867b3</Data>
      <Data Name=""TerminalSessionId"">1</Data>
      <Data Name=""IntegrityLevel"">Medium</Data>
      <Data Name=""Hashes"">MD5=CDB58D0BCABE76AFC60428F364834463,SHA256=411AE446FE37B30C0727888C7FA5E88994A46DAFD41AA5B3B06C9E884549AFDE,IMPHASH=1085BD82B37A225F6D356012D2E69C3D</Data>
      <Data Name=""ParentProcessGuid"">{fda94052-3682-658d-7302-000000000b00}</Data>
      <Data Name=""ParentProcessId"">11060</Data>
      <Data Name=""ParentImage"">C:\Windows\System32\WindowsPowerShell\v1.0\powershell.exe</Data>
      <Data Name=""ParentCommandLine"">""powershell.exe"" &amp; {net stop w32time
Copy-Item \""""C:\AtomicRedTeam\atomics\T1547.003\bin\AtomicTest.dll\"""" C:\Users\Public\AtomicTest.dll
reg add \""""HKEY_LOCAL_MACHINE\SYSTEM\CurrentControlSet\Services\W32Time\TimeProviders\NtpServer\"""" /t REG_SZ /v \""""DllName\"""" /d \""""C:\Users\Public\AtomicTest.dll\"""" /f
reg add \""""HKEY_LOCAL_MACHINE\SYSTEM\CurrentControlSet\Services\W32Time\TimeProviders\NtpServer\"""" /t REG_DWORD /v \""""Enabled\"""" /d \""""1\"""" /f
reg add \""""HKEY_LOCAL_MACHINE\SYSTEM\CurrentControlSet\Services\W32Time\TimeProviders\NtpServer\"""" /t REG_DWORD /v \""""InputProvider\"""" /d \""""1\"""" /f
net start w32time}</Data>
      <Data Name=""ParentUser"">WINDEV2309EVAL\User</Data>
    </EventData>
    <RenderingInfo Culture=""en-US"">
      <Message>Process Create:

RuleName: -

UtcTime: 2023-12-28 08:49:07.772

ProcessGuid: {fda94052-3683-658d-7802-000000000b00}

ProcessId: 8572

Image: C:\Windows\System32\reg.exe

FileVersion: 10.0.22621.1 (WinBuild.160101.0800)

Description: Registry Console Tool

Product: Microsoft&#174; Windows&#174; Operating System

Company: Microsoft Corporation

OriginalFileName: reg.exe

CommandLine: ""C:\Windows\system32\reg.exe"" add HKEY_LOCAL_MACHINE\SYSTEM\CurrentControlSet\Services\W32Time\TimeProviders\NtpServer /t REG_DWORD /v Enabled /d 1 /f

CurrentDirectory: C:\Users\User\AppData\Local\Temp\

User: WINDEV2309EVAL\User

LogonGuid: {fda94052-3502-658d-b367-080000000000}

LogonId: 0x867B3

TerminalSessionId: 1

IntegrityLevel: Medium

Hashes: MD5=CDB58D0BCABE76AFC60428F364834463,SHA256=411AE446FE37B30C0727888C7FA5E88994A46DAFD41AA5B3B06C9E884549AFDE,IMPHASH=1085BD82B37A225F6D356012D2E69C3D

ParentProcessGuid: {fda94052-3682-658d-7302-000000000b00}

ParentProcessId: 11060

ParentImage: C:\Windows\System32\WindowsPowerShell\v1.0\powershell.exe

ParentCommandLine: ""powershell.exe"" &amp; {net stop w32time
Copy-Item \""""C:\AtomicRedTeam\atomics\T1547.003\bin\AtomicTest.dll\"""" C:\Users\Public\AtomicTest.dll
reg add \""""HKEY_LOCAL_MACHINE\SYSTEM\CurrentControlSet\Services\W32Time\TimeProviders\NtpServer\"""" /t REG_SZ /v \""""DllName\"""" /d \""""C:\Users\Public\AtomicTest.dll\"""" /f
reg add \""""HKEY_LOCAL_MACHINE\SYSTEM\CurrentControlSet\Services\W32Time\TimeProviders\NtpServer\"""" /t REG_DWORD /v \""""Enabled\"""" /d \""""1\"""" /f
reg add \""""HKEY_LOCAL_MACHINE\SYSTEM\CurrentControlSet\Services\W32Time\TimeProviders\NtpServer\"""" /t REG_DWORD /v \""""InputProvider\"""" /d \""""1\"""" /f
net start w32time}

ParentUser: WINDEV2309EVAL\User</Message>
      <Level>Information</Level>
      <Task>Process Create (rule: ProcessCreate)</Task>
      <Opcode>Info</Opcode>
    </RenderingInfo>
  </Event>
  
"
Microsoft-Windows-Sysmon/Operational,"""C:\Windows\system32\reg.exe"" add HKEY_LOCAL_MACHINE\SYSTEM\CurrentControlSet\Services\W32Time\TimeProviders\NtpServer /t REG_SZ /v DllName /d C:\Users\Public\AtomicTest.dll /f",Microsoft Corporation,WinDev2309Eval,,C:\Users\User\AppData\Local\Temp\,Registry Console Tool,,,,,,,1,9484,,10.0.22621.1 (WinBuild.160101.0800),"MD5=CDB58D0BCABE76AFC60428F364834463,SHA256=411AE446FE37B30C0727888C7FA5E88994A46DAFD41AA5B3B06C9E884549AFDE,IMPHASH=1085BD82B37A225F6D356012D2E69C3D",C:\Windows\System32\reg.exe,,Medium,0x8000000000000000,Information,{fda94052-3502-658d-b367-080000000000},0x867b3,"Process Create:

RuleName: -

UtcTime: 2023-12-28 08:49:07.761

ProcessGuid: {fda94052-3683-658d-7702-000000000b00}

ProcessId: 9900

Image: C:\Windows\System32\reg.exe

FileVersion: 10.0.22621.1 (WinBuild.160101.0800)

Description: Registry Console Tool

Product: Microsoft® Windows® Operating System

Company: Microsoft Corporation

OriginalFileName: reg.exe

CommandLine: ""C:\Windows\system32\reg.exe"" add HKEY_LOCAL_MACHINE\SYSTEM\CurrentControlSet\Services\W32Time\TimeProviders\NtpServer /t REG_SZ /v DllName /d C:\Users\Public\AtomicTest.dll /f

CurrentDirectory: C:\Users\User\AppData\Local\Temp\

User: WINDEV2309EVAL\User

LogonGuid: {fda94052-3502-658d-b367-080000000000}

LogonId: 0x867B3

TerminalSessionId: 1

IntegrityLevel: Medium

Hashes: MD5=CDB58D0BCABE76AFC60428F364834463,SHA256=411AE446FE37B30C0727888C7FA5E88994A46DAFD41AA5B3B06C9E884549AFDE,IMPHASH=1085BD82B37A225F6D356012D2E69C3D

ParentProcessGuid: {fda94052-3682-658d-7302-000000000b00}

ParentProcessId: 11060

ParentImage: C:\Windows\System32\WindowsPowerShell\v1.0\powershell.exe

ParentCommandLine: ""powershell.exe"" & {net stop w32time
Copy-Item \""""C:\AtomicRedTeam\atomics\T1547.003\bin\AtomicTest.dll\"""" C:\Users\Public\AtomicTest.dll
reg add \""""HKEY_LOCAL_MACHINE\SYSTEM\CurrentControlSet\Services\W32Time\TimeProviders\NtpServer\"""" /t REG_SZ /v \""""DllName\"""" /d \""""C:\Users\Public\AtomicTest.dll\"""" /f
reg add \""""HKEY_LOCAL_MACHINE\SYSTEM\CurrentControlSet\Services\W32Time\TimeProviders\NtpServer\"""" /t REG_DWORD /v \""""Enabled\"""" /d \""""1\"""" /f
reg add \""""HKEY_LOCAL_MACHINE\SYSTEM\CurrentControlSet\Services\W32Time\TimeProviders\NtpServer\"""" /t REG_DWORD /v \""""InputProvider\"""" /d \""""1\"""" /f
net start w32time}

ParentUser: WINDEV2309EVAL\User",Info,reg.exe,"""powershell.exe"" & {net stop w32time
Copy-Item \""""C:\AtomicRedTeam\atomics\T1547.003\bin\AtomicTest.dll\"""" C:\Users\Public\AtomicTest.dll
reg add \""""HKEY_LOCAL_MACHINE\SYSTEM\CurrentControlSet\Services\W32Time\TimeProviders\NtpServer\"""" /t REG_SZ /v \""""DllName\"""" /d \""""C:\Users\Public\AtomicTest.dll\"""" /f
reg add \""""HKEY_LOCAL_MACHINE\SYSTEM\CurrentControlSet\Services\W32Time\TimeProviders\NtpServer\"""" /t REG_DWORD /v \""""Enabled\"""" /d \""""1\"""" /f
reg add \""""HKEY_LOCAL_MACHINE\SYSTEM\CurrentControlSet\Services\W32Time\TimeProviders\NtpServer\"""" /t REG_DWORD /v \""""InputProvider\"""" /d \""""1\"""" /f
net start w32time}",C:\Windows\System32\WindowsPowerShell\v1.0\powershell.exe,{fda94052-3682-658d-7302-000000000b00},11060,WINDEV2309EVAL\User,{fda94052-3683-658d-7702-000000000b00},7044,9900,Microsoft® Windows® Operating System,,,,,"
      ",-,,,,,,2023-12-28T08:49:07.7621161Z,,,Process Create (rule: ProcessCreate),1,6672,WINDEV2309EVAL\User,S-1-5-18,2023-12-28 08:49:07.761,5,"<Event xmlns=""http://schemas.microsoft.com/win/2004/08/events/event"">
    <System>
      <Provider Name=""Microsoft-Windows-Sysmon"" Guid=""{5770385f-c22a-43e0-bf4c-06f5698ffbd9}""/>
      <EventID>1</EventID>
      <Version>5</Version>
      <Level>4</Level>
      <Task>1</Task>
      <Opcode>0</Opcode>
      <Keywords>0x8000000000000000</Keywords>
      <TimeCreated SystemTime=""2023-12-28T08:49:07.7621161Z""/>
      <EventRecordID>9484</EventRecordID>
      <Correlation/>
      <Execution ProcessID=""7044"" ThreadID=""6672""/>
      <Channel>Microsoft-Windows-Sysmon/Operational</Channel>
      <Computer>WinDev2309Eval</Computer>
      <Security UserID=""S-1-5-18""/>
    </System>
    <EventData>
      <Data Name=""RuleName"">-</Data>
      <Data Name=""UtcTime"">2023-12-28 08:49:07.761</Data>
      <Data Name=""ProcessGuid"">{fda94052-3683-658d-7702-000000000b00}</Data>
      <Data Name=""ProcessId"">9900</Data>
      <Data Name=""Image"">C:\Windows\System32\reg.exe</Data>
      <Data Name=""FileVersion"">10.0.22621.1 (WinBuild.160101.0800)</Data>
      <Data Name=""Description"">Registry Console Tool</Data>
      <Data Name=""Product"">Microsoft&#174; Windows&#174; Operating System</Data>
      <Data Name=""Company"">Microsoft Corporation</Data>
      <Data Name=""OriginalFileName"">reg.exe</Data>
      <Data Name=""CommandLine"">""C:\Windows\system32\reg.exe"" add HKEY_LOCAL_MACHINE\SYSTEM\CurrentControlSet\Services\W32Time\TimeProviders\NtpServer /t REG_SZ /v DllName /d C:\Users\Public\AtomicTest.dll /f</Data>
      <Data Name=""CurrentDirectory"">C:\Users\User\AppData\Local\Temp\</Data>
      <Data Name=""User"">WINDEV2309EVAL\User</Data>
      <Data Name=""LogonGuid"">{fda94052-3502-658d-b367-080000000000}</Data>
      <Data Name=""LogonId"">0x867b3</Data>
      <Data Name=""TerminalSessionId"">1</Data>
      <Data Name=""IntegrityLevel"">Medium</Data>
      <Data Name=""Hashes"">MD5=CDB58D0BCABE76AFC60428F364834463,SHA256=411AE446FE37B30C0727888C7FA5E88994A46DAFD41AA5B3B06C9E884549AFDE,IMPHASH=1085BD82B37A225F6D356012D2E69C3D</Data>
      <Data Name=""ParentProcessGuid"">{fda94052-3682-658d-7302-000000000b00}</Data>
      <Data Name=""ParentProcessId"">11060</Data>
      <Data Name=""ParentImage"">C:\Windows\System32\WindowsPowerShell\v1.0\powershell.exe</Data>
      <Data Name=""ParentCommandLine"">""powershell.exe"" &amp; {net stop w32time
Copy-Item \""""C:\AtomicRedTeam\atomics\T1547.003\bin\AtomicTest.dll\"""" C:\Users\Public\AtomicTest.dll
reg add \""""HKEY_LOCAL_MACHINE\SYSTEM\CurrentControlSet\Services\W32Time\TimeProviders\NtpServer\"""" /t REG_SZ /v \""""DllName\"""" /d \""""C:\Users\Public\AtomicTest.dll\"""" /f
reg add \""""HKEY_LOCAL_MACHINE\SYSTEM\CurrentControlSet\Services\W32Time\TimeProviders\NtpServer\"""" /t REG_DWORD /v \""""Enabled\"""" /d \""""1\"""" /f
reg add \""""HKEY_LOCAL_MACHINE\SYSTEM\CurrentControlSet\Services\W32Time\TimeProviders\NtpServer\"""" /t REG_DWORD /v \""""InputProvider\"""" /d \""""1\"""" /f
net start w32time}</Data>
      <Data Name=""ParentUser"">WINDEV2309EVAL\User</Data>
    </EventData>
    <RenderingInfo Culture=""en-US"">
      <Message>Process Create:

RuleName: -

UtcTime: 2023-12-28 08:49:07.761

ProcessGuid: {fda94052-3683-658d-7702-000000000b00}

ProcessId: 9900

Image: C:\Windows\System32\reg.exe

FileVersion: 10.0.22621.1 (WinBuild.160101.0800)

Description: Registry Console Tool

Product: Microsoft&#174; Windows&#174; Operating System

Company: Microsoft Corporation

OriginalFileName: reg.exe

CommandLine: ""C:\Windows\system32\reg.exe"" add HKEY_LOCAL_MACHINE\SYSTEM\CurrentControlSet\Services\W32Time\TimeProviders\NtpServer /t REG_SZ /v DllName /d C:\Users\Public\AtomicTest.dll /f

CurrentDirectory: C:\Users\User\AppData\Local\Temp\

User: WINDEV2309EVAL\User

LogonGuid: {fda94052-3502-658d-b367-080000000000}

LogonId: 0x867B3

TerminalSessionId: 1

IntegrityLevel: Medium

Hashes: MD5=CDB58D0BCABE76AFC60428F364834463,SHA256=411AE446FE37B30C0727888C7FA5E88994A46DAFD41AA5B3B06C9E884549AFDE,IMPHASH=1085BD82B37A225F6D356012D2E69C3D

ParentProcessGuid: {fda94052-3682-658d-7302-000000000b00}

ParentProcessId: 11060

ParentImage: C:\Windows\System32\WindowsPowerShell\v1.0\powershell.exe

ParentCommandLine: ""powershell.exe"" &amp; {net stop w32time
Copy-Item \""""C:\AtomicRedTeam\atomics\T1547.003\bin\AtomicTest.dll\"""" C:\Users\Public\AtomicTest.dll
reg add \""""HKEY_LOCAL_MACHINE\SYSTEM\CurrentControlSet\Services\W32Time\TimeProviders\NtpServer\"""" /t REG_SZ /v \""""DllName\"""" /d \""""C:\Users\Public\AtomicTest.dll\"""" /f
reg add \""""HKEY_LOCAL_MACHINE\SYSTEM\CurrentControlSet\Services\W32Time\TimeProviders\NtpServer\"""" /t REG_DWORD /v \""""Enabled\"""" /d \""""1\"""" /f
reg add \""""HKEY_LOCAL_MACHINE\SYSTEM\CurrentControlSet\Services\W32Time\TimeProviders\NtpServer\"""" /t REG_DWORD /v \""""InputProvider\"""" /d \""""1\"""" /f
net start w32time}

ParentUser: WINDEV2309EVAL\User</Message>
      <Level>Information</Level>
      <Task>Process Create (rule: ProcessCreate)</Task>
      <Opcode>Info</Opcode>
    </RenderingInfo>
  </Event>
  
"
Microsoft-Windows-Sysmon/Operational,,,WinDev2309Eval,2023-12-28 08:49:04.831,,,,,,,,,11,9483,,,,C:\Windows\System32\WindowsPowerShell\v1.0\powershell.exe,,,0x8000000000000000,Information,,,"File created:

RuleName: DLL

UtcTime: 2023-12-28 08:49:07.748

ProcessGuid: {fda94052-3682-658d-7302-000000000b00}

ProcessId: 11060

Image: C:\Windows\System32\WindowsPowerShell\v1.0\powershell.exe

TargetFilename: C:\Users\Public\AtomicTest.dll

CreationUtcTime: 2023-12-28 08:49:04.831

User: WINDEV2309EVAL\User",Info,,,,,,,{fda94052-3682-658d-7302-000000000b00},7044,11060,,,,,,"
      ",DLL,,,,,,2023-12-28T08:49:07.7562585Z,C:\Users\Public\AtomicTest.dll,,File created (rule: FileCreate),,6672,WINDEV2309EVAL\User,S-1-5-18,2023-12-28 08:49:07.748,2,"<Event xmlns=""http://schemas.microsoft.com/win/2004/08/events/event"">
    <System>
      <Provider Name=""Microsoft-Windows-Sysmon"" Guid=""{5770385f-c22a-43e0-bf4c-06f5698ffbd9}""/>
      <EventID>11</EventID>
      <Version>2</Version>
      <Level>4</Level>
      <Task>11</Task>
      <Opcode>0</Opcode>
      <Keywords>0x8000000000000000</Keywords>
      <TimeCreated SystemTime=""2023-12-28T08:49:07.7562585Z""/>
      <EventRecordID>9483</EventRecordID>
      <Correlation/>
      <Execution ProcessID=""7044"" ThreadID=""6672""/>
      <Channel>Microsoft-Windows-Sysmon/Operational</Channel>
      <Computer>WinDev2309Eval</Computer>
      <Security UserID=""S-1-5-18""/>
    </System>
    <EventData>
      <Data Name=""RuleName"">DLL</Data>
      <Data Name=""UtcTime"">2023-12-28 08:49:07.748</Data>
      <Data Name=""ProcessGuid"">{fda94052-3682-658d-7302-000000000b00}</Data>
      <Data Name=""ProcessId"">11060</Data>
      <Data Name=""Image"">C:\Windows\System32\WindowsPowerShell\v1.0\powershell.exe</Data>
      <Data Name=""TargetFilename"">C:\Users\Public\AtomicTest.dll</Data>
      <Data Name=""CreationUtcTime"">2023-12-28 08:49:04.831</Data>
      <Data Name=""User"">WINDEV2309EVAL\User</Data>
    </EventData>
    <RenderingInfo Culture=""en-US"">
      <Message>File created:

RuleName: DLL

UtcTime: 2023-12-28 08:49:07.748

ProcessGuid: {fda94052-3682-658d-7302-000000000b00}

ProcessId: 11060

Image: C:\Windows\System32\WindowsPowerShell\v1.0\powershell.exe

TargetFilename: C:\Users\Public\AtomicTest.dll

CreationUtcTime: 2023-12-28 08:49:04.831

User: WINDEV2309EVAL\User</Message>
      <Level>Information</Level>
      <Task>File created (rule: FileCreate)</Task>
      <Opcode>Info</Opcode>
    </RenderingInfo>
  </Event>
  
"
Microsoft-Windows-Sysmon/Operational,C:\Windows\system32\net1 stop w32time,Microsoft Corporation,WinDev2309Eval,,C:\Users\User\AppData\Local\Temp\,Net Command,,,,,,,1,9482,,10.0.22621.674 (WinBuild.160101.0800),"MD5=CBF31BACECC4B17A1FE2D65BDC53F111,SHA256=1879DB2ABFF726A5438DD1AE48F20EBED736619C27A32526D09F70AF7EADD0E5,IMPHASH=76EE66A0F294EAB08DCAEF5E64FBF02F",C:\Windows\System32\net1.exe,,Medium,0x8000000000000000,Information,{fda94052-3502-658d-b367-080000000000},0x867b3,"Process Create:

RuleName: -

UtcTime: 2023-12-28 08:49:07.374

ProcessGuid: {fda94052-3683-658d-7602-000000000b00}

ProcessId: 9756

Image: C:\Windows\System32\net1.exe

FileVersion: 10.0.22621.674 (WinBuild.160101.0800)

Description: Net Command

Product: Microsoft® Windows® Operating System

Company: Microsoft Corporation

OriginalFileName: net1.exe

CommandLine: C:\Windows\system32\net1 stop w32time

CurrentDirectory: C:\Users\User\AppData\Local\Temp\

User: WINDEV2309EVAL\User

LogonGuid: {fda94052-3502-658d-b367-080000000000}

LogonId: 0x867B3

TerminalSessionId: 1

IntegrityLevel: Medium

Hashes: MD5=CBF31BACECC4B17A1FE2D65BDC53F111,SHA256=1879DB2ABFF726A5438DD1AE48F20EBED736619C27A32526D09F70AF7EADD0E5,IMPHASH=76EE66A0F294EAB08DCAEF5E64FBF02F

ParentProcessGuid: {fda94052-3683-658d-7502-000000000b00}

ParentProcessId: 6788

ParentImage: C:\Windows\System32\net.exe

ParentCommandLine: ""C:\Windows\system32\net.exe"" stop w32time

ParentUser: WINDEV2309EVAL\User",Info,net1.exe,"""C:\Windows\system32\net.exe"" stop w32time",C:\Windows\System32\net.exe,{fda94052-3683-658d-7502-000000000b00},6788,WINDEV2309EVAL\User,{fda94052-3683-658d-7602-000000000b00},7044,9756,Microsoft® Windows® Operating System,,,,,"
      ",-,,,,,,2023-12-28T08:49:07.3754777Z,,,Process Create (rule: ProcessCreate),1,6672,WINDEV2309EVAL\User,S-1-5-18,2023-12-28 08:49:07.374,5,"<Event xmlns=""http://schemas.microsoft.com/win/2004/08/events/event"">
    <System>
      <Provider Name=""Microsoft-Windows-Sysmon"" Guid=""{5770385f-c22a-43e0-bf4c-06f5698ffbd9}""/>
      <EventID>1</EventID>
      <Version>5</Version>
      <Level>4</Level>
      <Task>1</Task>
      <Opcode>0</Opcode>
      <Keywords>0x8000000000000000</Keywords>
      <TimeCreated SystemTime=""2023-12-28T08:49:07.3754777Z""/>
      <EventRecordID>9482</EventRecordID>
      <Correlation/>
      <Execution ProcessID=""7044"" ThreadID=""6672""/>
      <Channel>Microsoft-Windows-Sysmon/Operational</Channel>
      <Computer>WinDev2309Eval</Computer>
      <Security UserID=""S-1-5-18""/>
    </System>
    <EventData>
      <Data Name=""RuleName"">-</Data>
      <Data Name=""UtcTime"">2023-12-28 08:49:07.374</Data>
      <Data Name=""ProcessGuid"">{fda94052-3683-658d-7602-000000000b00}</Data>
      <Data Name=""ProcessId"">9756</Data>
      <Data Name=""Image"">C:\Windows\System32\net1.exe</Data>
      <Data Name=""FileVersion"">10.0.22621.674 (WinBuild.160101.0800)</Data>
      <Data Name=""Description"">Net Command</Data>
      <Data Name=""Product"">Microsoft&#174; Windows&#174; Operating System</Data>
      <Data Name=""Company"">Microsoft Corporation</Data>
      <Data Name=""OriginalFileName"">net1.exe</Data>
      <Data Name=""CommandLine"">C:\Windows\system32\net1 stop w32time</Data>
      <Data Name=""CurrentDirectory"">C:\Users\User\AppData\Local\Temp\</Data>
      <Data Name=""User"">WINDEV2309EVAL\User</Data>
      <Data Name=""LogonGuid"">{fda94052-3502-658d-b367-080000000000}</Data>
      <Data Name=""LogonId"">0x867b3</Data>
      <Data Name=""TerminalSessionId"">1</Data>
      <Data Name=""IntegrityLevel"">Medium</Data>
      <Data Name=""Hashes"">MD5=CBF31BACECC4B17A1FE2D65BDC53F111,SHA256=1879DB2ABFF726A5438DD1AE48F20EBED736619C27A32526D09F70AF7EADD0E5,IMPHASH=76EE66A0F294EAB08DCAEF5E64FBF02F</Data>
      <Data Name=""ParentProcessGuid"">{fda94052-3683-658d-7502-000000000b00}</Data>
      <Data Name=""ParentProcessId"">6788</Data>
      <Data Name=""ParentImage"">C:\Windows\System32\net.exe</Data>
      <Data Name=""ParentCommandLine"">""C:\Windows\system32\net.exe"" stop w32time</Data>
      <Data Name=""ParentUser"">WINDEV2309EVAL\User</Data>
    </EventData>
    <RenderingInfo Culture=""en-US"">
      <Message>Process Create:

RuleName: -

UtcTime: 2023-12-28 08:49:07.374

ProcessGuid: {fda94052-3683-658d-7602-000000000b00}

ProcessId: 9756

Image: C:\Windows\System32\net1.exe

FileVersion: 10.0.22621.674 (WinBuild.160101.0800)

Description: Net Command

Product: Microsoft&#174; Windows&#174; Operating System

Company: Microsoft Corporation

OriginalFileName: net1.exe

CommandLine: C:\Windows\system32\net1 stop w32time

CurrentDirectory: C:\Users\User\AppData\Local\Temp\

User: WINDEV2309EVAL\User

LogonGuid: {fda94052-3502-658d-b367-080000000000}

LogonId: 0x867B3

TerminalSessionId: 1

IntegrityLevel: Medium

Hashes: MD5=CBF31BACECC4B17A1FE2D65BDC53F111,SHA256=1879DB2ABFF726A5438DD1AE48F20EBED736619C27A32526D09F70AF7EADD0E5,IMPHASH=76EE66A0F294EAB08DCAEF5E64FBF02F

ParentProcessGuid: {fda94052-3683-658d-7502-000000000b00}

ParentProcessId: 6788

ParentImage: C:\Windows\System32\net.exe

ParentCommandLine: ""C:\Windows\system32\net.exe"" stop w32time

ParentUser: WINDEV2309EVAL\User</Message>
      <Level>Information</Level>
      <Task>Process Create (rule: ProcessCreate)</Task>
      <Opcode>Info</Opcode>
    </RenderingInfo>
  </Event>
  
"
Microsoft-Windows-Sysmon/Operational,"""C:\Windows\system32\net.exe"" stop w32time",Microsoft Corporation,WinDev2309Eval,,C:\Users\User\AppData\Local\Temp\,Net Command,,,,,,,1,9481,,10.0.22621.1 (WinBuild.160101.0800),"MD5=BB1AE49B6B7C53499E94613761A6AC56,SHA256=AFBE51517092256504F797F6A5ABC02515A09D603E8C046AE31D7D7855568E91,IMPHASH=D45C37A5C97135204AD6E116C34946C3",C:\Windows\System32\net.exe,,Medium,0x8000000000000000,Information,{fda94052-3502-658d-b367-080000000000},0x867b3,"Process Create:

RuleName: -

UtcTime: 2023-12-28 08:49:07.365

ProcessGuid: {fda94052-3683-658d-7502-000000000b00}

ProcessId: 6788

Image: C:\Windows\System32\net.exe

FileVersion: 10.0.22621.1 (WinBuild.160101.0800)

Description: Net Command

Product: Microsoft® Windows® Operating System

Company: Microsoft Corporation

OriginalFileName: net.exe

CommandLine: ""C:\Windows\system32\net.exe"" stop w32time

CurrentDirectory: C:\Users\User\AppData\Local\Temp\

User: WINDEV2309EVAL\User

LogonGuid: {fda94052-3502-658d-b367-080000000000}

LogonId: 0x867B3

TerminalSessionId: 1

IntegrityLevel: Medium

Hashes: MD5=BB1AE49B6B7C53499E94613761A6AC56,SHA256=AFBE51517092256504F797F6A5ABC02515A09D603E8C046AE31D7D7855568E91,IMPHASH=D45C37A5C97135204AD6E116C34946C3

ParentProcessGuid: {fda94052-3682-658d-7302-000000000b00}

ParentProcessId: 11060

ParentImage: C:\Windows\System32\WindowsPowerShell\v1.0\powershell.exe

ParentCommandLine: ""powershell.exe"" & {net stop w32time
Copy-Item \""""C:\AtomicRedTeam\atomics\T1547.003\bin\AtomicTest.dll\"""" C:\Users\Public\AtomicTest.dll
reg add \""""HKEY_LOCAL_MACHINE\SYSTEM\CurrentControlSet\Services\W32Time\TimeProviders\NtpServer\"""" /t REG_SZ /v \""""DllName\"""" /d \""""C:\Users\Public\AtomicTest.dll\"""" /f
reg add \""""HKEY_LOCAL_MACHINE\SYSTEM\CurrentControlSet\Services\W32Time\TimeProviders\NtpServer\"""" /t REG_DWORD /v \""""Enabled\"""" /d \""""1\"""" /f
reg add \""""HKEY_LOCAL_MACHINE\SYSTEM\CurrentControlSet\Services\W32Time\TimeProviders\NtpServer\"""" /t REG_DWORD /v \""""InputProvider\"""" /d \""""1\"""" /f
net start w32time}

ParentUser: WINDEV2309EVAL\User",Info,net.exe,"""powershell.exe"" & {net stop w32time
Copy-Item \""""C:\AtomicRedTeam\atomics\T1547.003\bin\AtomicTest.dll\"""" C:\Users\Public\AtomicTest.dll
reg add \""""HKEY_LOCAL_MACHINE\SYSTEM\CurrentControlSet\Services\W32Time\TimeProviders\NtpServer\"""" /t REG_SZ /v \""""DllName\"""" /d \""""C:\Users\Public\AtomicTest.dll\"""" /f
reg add \""""HKEY_LOCAL_MACHINE\SYSTEM\CurrentControlSet\Services\W32Time\TimeProviders\NtpServer\"""" /t REG_DWORD /v \""""Enabled\"""" /d \""""1\"""" /f
reg add \""""HKEY_LOCAL_MACHINE\SYSTEM\CurrentControlSet\Services\W32Time\TimeProviders\NtpServer\"""" /t REG_DWORD /v \""""InputProvider\"""" /d \""""1\"""" /f
net start w32time}",C:\Windows\System32\WindowsPowerShell\v1.0\powershell.exe,{fda94052-3682-658d-7302-000000000b00},11060,WINDEV2309EVAL\User,{fda94052-3683-658d-7502-000000000b00},7044,6788,Microsoft® Windows® Operating System,,,,,"
      ",-,,,,,,2023-12-28T08:49:07.3667421Z,,,Process Create (rule: ProcessCreate),1,6672,WINDEV2309EVAL\User,S-1-5-18,2023-12-28 08:49:07.365,5,"<Event xmlns=""http://schemas.microsoft.com/win/2004/08/events/event"">
    <System>
      <Provider Name=""Microsoft-Windows-Sysmon"" Guid=""{5770385f-c22a-43e0-bf4c-06f5698ffbd9}""/>
      <EventID>1</EventID>
      <Version>5</Version>
      <Level>4</Level>
      <Task>1</Task>
      <Opcode>0</Opcode>
      <Keywords>0x8000000000000000</Keywords>
      <TimeCreated SystemTime=""2023-12-28T08:49:07.3667421Z""/>
      <EventRecordID>9481</EventRecordID>
      <Correlation/>
      <Execution ProcessID=""7044"" ThreadID=""6672""/>
      <Channel>Microsoft-Windows-Sysmon/Operational</Channel>
      <Computer>WinDev2309Eval</Computer>
      <Security UserID=""S-1-5-18""/>
    </System>
    <EventData>
      <Data Name=""RuleName"">-</Data>
      <Data Name=""UtcTime"">2023-12-28 08:49:07.365</Data>
      <Data Name=""ProcessGuid"">{fda94052-3683-658d-7502-000000000b00}</Data>
      <Data Name=""ProcessId"">6788</Data>
      <Data Name=""Image"">C:\Windows\System32\net.exe</Data>
      <Data Name=""FileVersion"">10.0.22621.1 (WinBuild.160101.0800)</Data>
      <Data Name=""Description"">Net Command</Data>
      <Data Name=""Product"">Microsoft&#174; Windows&#174; Operating System</Data>
      <Data Name=""Company"">Microsoft Corporation</Data>
      <Data Name=""OriginalFileName"">net.exe</Data>
      <Data Name=""CommandLine"">""C:\Windows\system32\net.exe"" stop w32time</Data>
      <Data Name=""CurrentDirectory"">C:\Users\User\AppData\Local\Temp\</Data>
      <Data Name=""User"">WINDEV2309EVAL\User</Data>
      <Data Name=""LogonGuid"">{fda94052-3502-658d-b367-080000000000}</Data>
      <Data Name=""LogonId"">0x867b3</Data>
      <Data Name=""TerminalSessionId"">1</Data>
      <Data Name=""IntegrityLevel"">Medium</Data>
      <Data Name=""Hashes"">MD5=BB1AE49B6B7C53499E94613761A6AC56,SHA256=AFBE51517092256504F797F6A5ABC02515A09D603E8C046AE31D7D7855568E91,IMPHASH=D45C37A5C97135204AD6E116C34946C3</Data>
      <Data Name=""ParentProcessGuid"">{fda94052-3682-658d-7302-000000000b00}</Data>
      <Data Name=""ParentProcessId"">11060</Data>
      <Data Name=""ParentImage"">C:\Windows\System32\WindowsPowerShell\v1.0\powershell.exe</Data>
      <Data Name=""ParentCommandLine"">""powershell.exe"" &amp; {net stop w32time
Copy-Item \""""C:\AtomicRedTeam\atomics\T1547.003\bin\AtomicTest.dll\"""" C:\Users\Public\AtomicTest.dll
reg add \""""HKEY_LOCAL_MACHINE\SYSTEM\CurrentControlSet\Services\W32Time\TimeProviders\NtpServer\"""" /t REG_SZ /v \""""DllName\"""" /d \""""C:\Users\Public\AtomicTest.dll\"""" /f
reg add \""""HKEY_LOCAL_MACHINE\SYSTEM\CurrentControlSet\Services\W32Time\TimeProviders\NtpServer\"""" /t REG_DWORD /v \""""Enabled\"""" /d \""""1\"""" /f
reg add \""""HKEY_LOCAL_MACHINE\SYSTEM\CurrentControlSet\Services\W32Time\TimeProviders\NtpServer\"""" /t REG_DWORD /v \""""InputProvider\"""" /d \""""1\"""" /f
net start w32time}</Data>
      <Data Name=""ParentUser"">WINDEV2309EVAL\User</Data>
    </EventData>
    <RenderingInfo Culture=""en-US"">
      <Message>Process Create:

RuleName: -

UtcTime: 2023-12-28 08:49:07.365

ProcessGuid: {fda94052-3683-658d-7502-000000000b00}

ProcessId: 6788

Image: C:\Windows\System32\net.exe

FileVersion: 10.0.22621.1 (WinBuild.160101.0800)

Description: Net Command

Product: Microsoft&#174; Windows&#174; Operating System

Company: Microsoft Corporation

OriginalFileName: net.exe

CommandLine: ""C:\Windows\system32\net.exe"" stop w32time

CurrentDirectory: C:\Users\User\AppData\Local\Temp\

User: WINDEV2309EVAL\User

LogonGuid: {fda94052-3502-658d-b367-080000000000}

LogonId: 0x867B3

TerminalSessionId: 1

IntegrityLevel: Medium

Hashes: MD5=BB1AE49B6B7C53499E94613761A6AC56,SHA256=AFBE51517092256504F797F6A5ABC02515A09D603E8C046AE31D7D7855568E91,IMPHASH=D45C37A5C97135204AD6E116C34946C3

ParentProcessGuid: {fda94052-3682-658d-7302-000000000b00}

ParentProcessId: 11060

ParentImage: C:\Windows\System32\WindowsPowerShell\v1.0\powershell.exe

ParentCommandLine: ""powershell.exe"" &amp; {net stop w32time
Copy-Item \""""C:\AtomicRedTeam\atomics\T1547.003\bin\AtomicTest.dll\"""" C:\Users\Public\AtomicTest.dll
reg add \""""HKEY_LOCAL_MACHINE\SYSTEM\CurrentControlSet\Services\W32Time\TimeProviders\NtpServer\"""" /t REG_SZ /v \""""DllName\"""" /d \""""C:\Users\Public\AtomicTest.dll\"""" /f
reg add \""""HKEY_LOCAL_MACHINE\SYSTEM\CurrentControlSet\Services\W32Time\TimeProviders\NtpServer\"""" /t REG_DWORD /v \""""Enabled\"""" /d \""""1\"""" /f
reg add \""""HKEY_LOCAL_MACHINE\SYSTEM\CurrentControlSet\Services\W32Time\TimeProviders\NtpServer\"""" /t REG_DWORD /v \""""InputProvider\"""" /d \""""1\"""" /f
net start w32time}

ParentUser: WINDEV2309EVAL\User</Message>
      <Level>Information</Level>
      <Task>Process Create (rule: ProcessCreate)</Task>
      <Opcode>Info</Opcode>
    </RenderingInfo>
  </Event>
  
"
Microsoft-Windows-Sysmon/Operational,,,WinDev2309Eval,2023-12-28 08:49:06.590,,,,,,,,,11,9480,,,,C:\Windows\System32\WindowsPowerShell\v1.0\powershell.exe,,,0x8000000000000000,Information,,,"File created:

RuleName: -

UtcTime: 2023-12-28 08:49:06.590

ProcessGuid: {fda94052-3682-658d-7302-000000000b00}

ProcessId: 11060

Image: C:\Windows\System32\WindowsPowerShell\v1.0\powershell.exe

TargetFilename: C:\Users\User\AppData\Local\Temp\__PSScriptPolicyTest_brpyvior.4yg.ps1

CreationUtcTime: 2023-12-28 08:49:06.590

User: WINDEV2309EVAL\User",Info,,,,,,,{fda94052-3682-658d-7302-000000000b00},7044,11060,,,,,,"
      ",-,,,,,,2023-12-28T08:49:06.6058158Z,C:\Users\User\AppData\Local\Temp\__PSScriptPolicyTest_brpyvior.4yg.ps1,,File created (rule: FileCreate),,6672,WINDEV2309EVAL\User,S-1-5-18,2023-12-28 08:49:06.590,2,"<Event xmlns=""http://schemas.microsoft.com/win/2004/08/events/event"">
    <System>
      <Provider Name=""Microsoft-Windows-Sysmon"" Guid=""{5770385f-c22a-43e0-bf4c-06f5698ffbd9}""/>
      <EventID>11</EventID>
      <Version>2</Version>
      <Level>4</Level>
      <Task>11</Task>
      <Opcode>0</Opcode>
      <Keywords>0x8000000000000000</Keywords>
      <TimeCreated SystemTime=""2023-12-28T08:49:06.6058158Z""/>
      <EventRecordID>9480</EventRecordID>
      <Correlation/>
      <Execution ProcessID=""7044"" ThreadID=""6672""/>
      <Channel>Microsoft-Windows-Sysmon/Operational</Channel>
      <Computer>WinDev2309Eval</Computer>
      <Security UserID=""S-1-5-18""/>
    </System>
    <EventData>
      <Data Name=""RuleName"">-</Data>
      <Data Name=""UtcTime"">2023-12-28 08:49:06.590</Data>
      <Data Name=""ProcessGuid"">{fda94052-3682-658d-7302-000000000b00}</Data>
      <Data Name=""ProcessId"">11060</Data>
      <Data Name=""Image"">C:\Windows\System32\WindowsPowerShell\v1.0\powershell.exe</Data>
      <Data Name=""TargetFilename"">C:\Users\User\AppData\Local\Temp\__PSScriptPolicyTest_brpyvior.4yg.ps1</Data>
      <Data Name=""CreationUtcTime"">2023-12-28 08:49:06.590</Data>
      <Data Name=""User"">WINDEV2309EVAL\User</Data>
    </EventData>
    <RenderingInfo Culture=""en-US"">
      <Message>File created:

RuleName: -

UtcTime: 2023-12-28 08:49:06.590

ProcessGuid: {fda94052-3682-658d-7302-000000000b00}

ProcessId: 11060

Image: C:\Windows\System32\WindowsPowerShell\v1.0\powershell.exe

TargetFilename: C:\Users\User\AppData\Local\Temp\__PSScriptPolicyTest_brpyvior.4yg.ps1

CreationUtcTime: 2023-12-28 08:49:06.590

User: WINDEV2309EVAL\User</Message>
      <Level>Information</Level>
      <Task>File created (rule: FileCreate)</Task>
      <Opcode>Info</Opcode>
    </RenderingInfo>
  </Event>
  
"
