Microsoft-Windows-Sysmon/Operational,,,WinDev2309Eval,[ZoneTransfer]  ZoneId=3  ReferrerUrl=C:\Users\User\Downloads\atomic-red-team-master.zip  ,2023-12-28 08:46:16.817,,,,15,9481,,,"MD5=6311D6C67641DC1969F318C8686C26F9,SHA256=39BF2BF8873AFF3E842F6F964A5A2E3C7BF2A42C04762229C1515DBE10D892D1,IMPHASH=00000000000000000000000000000000",,C:\Windows\System32\WindowsPowerShell\v1.0\powershell.exe,,0x8000000000000000,Information,,,"File stream created:

RuleName: -

UtcTime: 2023-12-28 08:46:16.817

ProcessGuid: {fda94052-35d7-658d-7602-000000000b00}

ProcessId: 8364

Image: C:\Windows\System32\WindowsPowerShell\v1.0\powershell.exe

TargetFilename: C:\Users\User\AppData\Roaming\Microsoft\Windows\Start Menu\Programs\Startup\jsestartup.jse:Zone.Identifier

CreationUtcTime: 2023-12-28 08:46:16.817

Hash: MD5=6311D6C67641DC1969F318C8686C26F9,SHA256=39BF2BF8873AFF3E842F6F964A5A2E3C7BF2A42C04762229C1515DBE10D892D1,IMPHASH=00000000000000000000000000000000

Contents: [ZoneTransfer]  ZoneId=3  ReferrerUrl=C:\Users\User\Downloads\atomic-red-team-master.zip  

User: WINDEV2309EVAL\User",Info,,,,,,,{fda94052-35d7-658d-7602-000000000b00},7044,8364,,,,,"
      ",-,2023-12-28T08:46:16.8271863Z,C:\Users\User\AppData\Roaming\Microsoft\Windows\Start Menu\Programs\Startup\jsestartup.jse:Zone.Identifier,,File stream created (rule: FileCreateStreamHash),,6672,WINDEV2309EVAL\User,S-1-5-18,2023-12-28 08:46:16.817,2,"<Event xmlns=""http://schemas.microsoft.com/win/2004/08/events/event"">
    <System>
      <Provider Name=""Microsoft-Windows-Sysmon"" Guid=""{5770385f-c22a-43e0-bf4c-06f5698ffbd9}""/>
      <EventID>15</EventID>
      <Version>2</Version>
      <Level>4</Level>
      <Task>15</Task>
      <Opcode>0</Opcode>
      <Keywords>0x8000000000000000</Keywords>
      <TimeCreated SystemTime=""2023-12-28T08:46:16.8271863Z""/>
      <EventRecordID>9481</EventRecordID>
      <Correlation/>
      <Execution ProcessID=""7044"" ThreadID=""6672""/>
      <Channel>Microsoft-Windows-Sysmon/Operational</Channel>
      <Computer>WinDev2309Eval</Computer>
      <Security UserID=""S-1-5-18""/>
    </System>
    <EventData>
      <Data Name=""RuleName"">-</Data>
      <Data Name=""UtcTime"">2023-12-28 08:46:16.817</Data>
      <Data Name=""ProcessGuid"">{fda94052-35d7-658d-7602-000000000b00}</Data>
      <Data Name=""ProcessId"">8364</Data>
      <Data Name=""Image"">C:\Windows\System32\WindowsPowerShell\v1.0\powershell.exe</Data>
      <Data Name=""TargetFilename"">C:\Users\User\AppData\Roaming\Microsoft\Windows\Start Menu\Programs\Startup\jsestartup.jse:Zone.Identifier</Data>
      <Data Name=""CreationUtcTime"">2023-12-28 08:46:16.817</Data>
      <Data Name=""Hash"">MD5=6311D6C67641DC1969F318C8686C26F9,SHA256=39BF2BF8873AFF3E842F6F964A5A2E3C7BF2A42C04762229C1515DBE10D892D1,IMPHASH=00000000000000000000000000000000</Data>
      <Data Name=""Contents"">[ZoneTransfer]  ZoneId=3  ReferrerUrl=C:\Users\User\Downloads\atomic-red-team-master.zip  </Data>
      <Data Name=""User"">WINDEV2309EVAL\User</Data>
    </EventData>
    <RenderingInfo Culture=""en-US"">
      <Message>File stream created:

RuleName: -

UtcTime: 2023-12-28 08:46:16.817

ProcessGuid: {fda94052-35d7-658d-7602-000000000b00}

ProcessId: 8364

Image: C:\Windows\System32\WindowsPowerShell\v1.0\powershell.exe

TargetFilename: C:\Users\User\AppData\Roaming\Microsoft\Windows\Start Menu\Programs\Startup\jsestartup.jse:Zone.Identifier

CreationUtcTime: 2023-12-28 08:46:16.817

Hash: MD5=6311D6C67641DC1969F318C8686C26F9,SHA256=39BF2BF8873AFF3E842F6F964A5A2E3C7BF2A42C04762229C1515DBE10D892D1,IMPHASH=00000000000000000000000000000000

Contents: [ZoneTransfer]  ZoneId=3  ReferrerUrl=C:\Users\User\Downloads\atomic-red-team-master.zip  

User: WINDEV2309EVAL\User</Message>
      <Level>Information</Level>
      <Task>File stream created (rule: FileCreateStreamHash)</Task>
      <Opcode>Info</Opcode>
    </RenderingInfo>
  </Event>
  
"
Microsoft-Windows-Sysmon/Operational,,,WinDev2309Eval,,2023-12-28 08:46:16.817,,,,11,9480,,,,,C:\Windows\System32\WindowsPowerShell\v1.0\powershell.exe,,0x8000000000000000,Information,,,"File created:

RuleName: T1023

UtcTime: 2023-12-28 08:46:16.817

ProcessGuid: {fda94052-35d7-658d-7602-000000000b00}

ProcessId: 8364

Image: C:\Windows\System32\WindowsPowerShell\v1.0\powershell.exe

TargetFilename: C:\Users\User\AppData\Roaming\Microsoft\Windows\Start Menu\Programs\Startup\jsestartup.jse:Zone.Identifier

CreationUtcTime: 2023-12-28 08:46:16.817

User: WINDEV2309EVAL\User",Info,,,,,,,{fda94052-35d7-658d-7602-000000000b00},7044,8364,,,,,"
      ",T1023,2023-12-28T08:46:16.8262441Z,C:\Users\User\AppData\Roaming\Microsoft\Windows\Start Menu\Programs\Startup\jsestartup.jse:Zone.Identifier,,File created (rule: FileCreate),,6672,WINDEV2309EVAL\User,S-1-5-18,2023-12-28 08:46:16.817,2,"<Event xmlns=""http://schemas.microsoft.com/win/2004/08/events/event"">
    <System>
      <Provider Name=""Microsoft-Windows-Sysmon"" Guid=""{5770385f-c22a-43e0-bf4c-06f5698ffbd9}""/>
      <EventID>11</EventID>
      <Version>2</Version>
      <Level>4</Level>
      <Task>11</Task>
      <Opcode>0</Opcode>
      <Keywords>0x8000000000000000</Keywords>
      <TimeCreated SystemTime=""2023-12-28T08:46:16.8262441Z""/>
      <EventRecordID>9480</EventRecordID>
      <Correlation/>
      <Execution ProcessID=""7044"" ThreadID=""6672""/>
      <Channel>Microsoft-Windows-Sysmon/Operational</Channel>
      <Computer>WinDev2309Eval</Computer>
      <Security UserID=""S-1-5-18""/>
    </System>
    <EventData>
      <Data Name=""RuleName"">T1023</Data>
      <Data Name=""UtcTime"">2023-12-28 08:46:16.817</Data>
      <Data Name=""ProcessGuid"">{fda94052-35d7-658d-7602-000000000b00}</Data>
      <Data Name=""ProcessId"">8364</Data>
      <Data Name=""Image"">C:\Windows\System32\WindowsPowerShell\v1.0\powershell.exe</Data>
      <Data Name=""TargetFilename"">C:\Users\User\AppData\Roaming\Microsoft\Windows\Start Menu\Programs\Startup\jsestartup.jse:Zone.Identifier</Data>
      <Data Name=""CreationUtcTime"">2023-12-28 08:46:16.817</Data>
      <Data Name=""User"">WINDEV2309EVAL\User</Data>
    </EventData>
    <RenderingInfo Culture=""en-US"">
      <Message>File created:

RuleName: T1023

UtcTime: 2023-12-28 08:46:16.817

ProcessGuid: {fda94052-35d7-658d-7602-000000000b00}

ProcessId: 8364

Image: C:\Windows\System32\WindowsPowerShell\v1.0\powershell.exe

TargetFilename: C:\Users\User\AppData\Roaming\Microsoft\Windows\Start Menu\Programs\Startup\jsestartup.jse:Zone.Identifier

CreationUtcTime: 2023-12-28 08:46:16.817

User: WINDEV2309EVAL\User</Message>
      <Level>Information</Level>
      <Task>File created (rule: FileCreate)</Task>
      <Opcode>Info</Opcode>
    </RenderingInfo>
  </Event>
  
"
Microsoft-Windows-Sysmon/Operational,,,WinDev2309Eval,"WScript.Echo(""T1547.001 Hello, World JSE!"") ",2023-12-28 08:46:16.817,,,,15,9479,,,"MD5=D2A9012AA801CBF9027BAE6A39ABB07E,SHA256=E555D0A923B2090E9A4937D658F92CEEF18E1F63ED7C00726E7A965176657C3F,IMPHASH=00000000000000000000000000000000",,C:\Windows\System32\WindowsPowerShell\v1.0\powershell.exe,,0x8000000000000000,Information,,,"File stream created:

RuleName: -

UtcTime: 2023-12-28 08:46:16.817

ProcessGuid: {fda94052-35d7-658d-7602-000000000b00}

ProcessId: 8364

Image: C:\Windows\System32\WindowsPowerShell\v1.0\powershell.exe

TargetFilename: C:\Users\User\AppData\Roaming\Microsoft\Windows\Start Menu\Programs\Startup\jsestartup.jse

CreationUtcTime: 2023-12-28 08:46:16.817

Hash: MD5=D2A9012AA801CBF9027BAE6A39ABB07E,SHA256=E555D0A923B2090E9A4937D658F92CEEF18E1F63ED7C00726E7A965176657C3F,IMPHASH=00000000000000000000000000000000

Contents: WScript.Echo(""T1547.001 Hello, World JSE!"") 

User: WINDEV2309EVAL\User",Info,,,,,,,{fda94052-35d7-658d-7602-000000000b00},7044,8364,,,,,"
      ",-,2023-12-28T08:46:16.8262115Z,C:\Users\User\AppData\Roaming\Microsoft\Windows\Start Menu\Programs\Startup\jsestartup.jse,,File stream created (rule: FileCreateStreamHash),,6672,WINDEV2309EVAL\User,S-1-5-18,2023-12-28 08:46:16.817,2,"<Event xmlns=""http://schemas.microsoft.com/win/2004/08/events/event"">
    <System>
      <Provider Name=""Microsoft-Windows-Sysmon"" Guid=""{5770385f-c22a-43e0-bf4c-06f5698ffbd9}""/>
      <EventID>15</EventID>
      <Version>2</Version>
      <Level>4</Level>
      <Task>15</Task>
      <Opcode>0</Opcode>
      <Keywords>0x8000000000000000</Keywords>
      <TimeCreated SystemTime=""2023-12-28T08:46:16.8262115Z""/>
      <EventRecordID>9479</EventRecordID>
      <Correlation/>
      <Execution ProcessID=""7044"" ThreadID=""6672""/>
      <Channel>Microsoft-Windows-Sysmon/Operational</Channel>
      <Computer>WinDev2309Eval</Computer>
      <Security UserID=""S-1-5-18""/>
    </System>
    <EventData>
      <Data Name=""RuleName"">-</Data>
      <Data Name=""UtcTime"">2023-12-28 08:46:16.817</Data>
      <Data Name=""ProcessGuid"">{fda94052-35d7-658d-7602-000000000b00}</Data>
      <Data Name=""ProcessId"">8364</Data>
      <Data Name=""Image"">C:\Windows\System32\WindowsPowerShell\v1.0\powershell.exe</Data>
      <Data Name=""TargetFilename"">C:\Users\User\AppData\Roaming\Microsoft\Windows\Start Menu\Programs\Startup\jsestartup.jse</Data>
      <Data Name=""CreationUtcTime"">2023-12-28 08:46:16.817</Data>
      <Data Name=""Hash"">MD5=D2A9012AA801CBF9027BAE6A39ABB07E,SHA256=E555D0A923B2090E9A4937D658F92CEEF18E1F63ED7C00726E7A965176657C3F,IMPHASH=00000000000000000000000000000000</Data>
      <Data Name=""Contents"">WScript.Echo(""T1547.001 Hello, World JSE!"") </Data>
      <Data Name=""User"">WINDEV2309EVAL\User</Data>
    </EventData>
    <RenderingInfo Culture=""en-US"">
      <Message>File stream created:

RuleName: -

UtcTime: 2023-12-28 08:46:16.817

ProcessGuid: {fda94052-35d7-658d-7602-000000000b00}

ProcessId: 8364

Image: C:\Windows\System32\WindowsPowerShell\v1.0\powershell.exe

TargetFilename: C:\Users\User\AppData\Roaming\Microsoft\Windows\Start Menu\Programs\Startup\jsestartup.jse

CreationUtcTime: 2023-12-28 08:46:16.817

Hash: MD5=D2A9012AA801CBF9027BAE6A39ABB07E,SHA256=E555D0A923B2090E9A4937D658F92CEEF18E1F63ED7C00726E7A965176657C3F,IMPHASH=00000000000000000000000000000000

Contents: WScript.Echo(""T1547.001 Hello, World JSE!"") 

User: WINDEV2309EVAL\User</Message>
      <Level>Information</Level>
      <Task>File stream created (rule: FileCreateStreamHash)</Task>
      <Opcode>Info</Opcode>
    </RenderingInfo>
  </Event>
  
"
Microsoft-Windows-Sysmon/Operational,,,WinDev2309Eval,,2023-12-28 08:46:16.817,,,,11,9478,,,,,C:\Windows\System32\WindowsPowerShell\v1.0\powershell.exe,,0x8000000000000000,Information,,,"File created:

RuleName: T1023

UtcTime: 2023-12-28 08:46:16.817

ProcessGuid: {fda94052-35d7-658d-7602-000000000b00}

ProcessId: 8364

Image: C:\Windows\System32\WindowsPowerShell\v1.0\powershell.exe

TargetFilename: C:\Users\User\AppData\Roaming\Microsoft\Windows\Start Menu\Programs\Startup\jsestartup.jse

CreationUtcTime: 2023-12-28 08:46:16.817

User: WINDEV2309EVAL\User",Info,,,,,,,{fda94052-35d7-658d-7602-000000000b00},7044,8364,,,,,"
      ",T1023,2023-12-28T08:46:16.8248400Z,C:\Users\User\AppData\Roaming\Microsoft\Windows\Start Menu\Programs\Startup\jsestartup.jse,,File created (rule: FileCreate),,6672,WINDEV2309EVAL\User,S-1-5-18,2023-12-28 08:46:16.817,2,"<Event xmlns=""http://schemas.microsoft.com/win/2004/08/events/event"">
    <System>
      <Provider Name=""Microsoft-Windows-Sysmon"" Guid=""{5770385f-c22a-43e0-bf4c-06f5698ffbd9}""/>
      <EventID>11</EventID>
      <Version>2</Version>
      <Level>4</Level>
      <Task>11</Task>
      <Opcode>0</Opcode>
      <Keywords>0x8000000000000000</Keywords>
      <TimeCreated SystemTime=""2023-12-28T08:46:16.8248400Z""/>
      <EventRecordID>9478</EventRecordID>
      <Correlation/>
      <Execution ProcessID=""7044"" ThreadID=""6672""/>
      <Channel>Microsoft-Windows-Sysmon/Operational</Channel>
      <Computer>WinDev2309Eval</Computer>
      <Security UserID=""S-1-5-18""/>
    </System>
    <EventData>
      <Data Name=""RuleName"">T1023</Data>
      <Data Name=""UtcTime"">2023-12-28 08:46:16.817</Data>
      <Data Name=""ProcessGuid"">{fda94052-35d7-658d-7602-000000000b00}</Data>
      <Data Name=""ProcessId"">8364</Data>
      <Data Name=""Image"">C:\Windows\System32\WindowsPowerShell\v1.0\powershell.exe</Data>
      <Data Name=""TargetFilename"">C:\Users\User\AppData\Roaming\Microsoft\Windows\Start Menu\Programs\Startup\jsestartup.jse</Data>
      <Data Name=""CreationUtcTime"">2023-12-28 08:46:16.817</Data>
      <Data Name=""User"">WINDEV2309EVAL\User</Data>
    </EventData>
    <RenderingInfo Culture=""en-US"">
      <Message>File created:

RuleName: T1023

UtcTime: 2023-12-28 08:46:16.817

ProcessGuid: {fda94052-35d7-658d-7602-000000000b00}

ProcessId: 8364

Image: C:\Windows\System32\WindowsPowerShell\v1.0\powershell.exe

TargetFilename: C:\Users\User\AppData\Roaming\Microsoft\Windows\Start Menu\Programs\Startup\jsestartup.jse

CreationUtcTime: 2023-12-28 08:46:16.817

User: WINDEV2309EVAL\User</Message>
      <Level>Information</Level>
      <Task>File created (rule: FileCreate)</Task>
      <Opcode>Info</Opcode>
    </RenderingInfo>
  </Event>
  
"
Microsoft-Windows-Sysmon/Operational,"""C:\Program Files (x86)\Microsoft\EdgeWebView\Application\120.0.2210.91\msedgewebview2.exe"" --type=utility --utility-sub-type=unzip.mojom.Unzipper --lang=en-US --service-sandbox-type=service --noerrdialogs --user-data-dir=""C:\Users\User\AppData\Local\Packages\MicrosoftWindows.Client.WebExperience_cw5n1h2txyewy\LocalState\EBWebView"" --webview-exe-name=Widgets.exe --webview-exe-version=421.20070.1820.0 --embedded-browser-webview=1 --mojo-platform-channel-handle=5228 --field-trial-handle=1784,i,2295490780030403019,2821906385101450000,262144 --enable-features=MojoIpcz,UseBackgroundNativeThreadPool,UseNativeThreadPool,msWebView2TreatAppSuspendAsDeviceSuspend --variations-seed-version /prefetch:8 /pfhostedapp:017373b2a5c4ead1a08d36a47bf86195c1909a61",Microsoft Corporation,WinDev2309Eval,,,C:\Program Files (x86)\Microsoft\EdgeWebView\Application\120.0.2210.91\,Microsoft Edge WebView2,,1,9477,,120.0.2210.91,,"MD5=8094151812FF45079C840986A0489C78,SHA256=6A4E8A5761C51840CE988C9241B514028A5E45FDB386B072DB0447E3961E3A06,IMPHASH=EA4CA1F8E3B3D9373D39C13FD1348A63",C:\Program Files (x86)\Microsoft\EdgeWebView\Application\120.0.2210.91\msedgewebview2.exe,Low,0x8000000000000000,Information,{fda94052-3502-658d-b367-080000000000},0x867b3,"Process Create:

RuleName: -

UtcTime: 2023-12-28 08:46:15.606

ProcessGuid: {fda94052-35d7-658d-7802-000000000b00}

ProcessId: 6028

Image: C:\Program Files (x86)\Microsoft\EdgeWebView\Application\120.0.2210.91\msedgewebview2.exe

FileVersion: 120.0.2210.91

Description: Microsoft Edge WebView2

Product: Microsoft Edge WebView2

Company: Microsoft Corporation

OriginalFileName: msedgewebview2.exe

CommandLine: ""C:\Program Files (x86)\Microsoft\EdgeWebView\Application\120.0.2210.91\msedgewebview2.exe"" --type=utility --utility-sub-type=unzip.mojom.Unzipper --lang=en-US --service-sandbox-type=service --noerrdialogs --user-data-dir=""C:\Users\User\AppData\Local\Packages\MicrosoftWindows.Client.WebExperience_cw5n1h2txyewy\LocalState\EBWebView"" --webview-exe-name=Widgets.exe --webview-exe-version=421.20070.1820.0 --embedded-browser-webview=1 --mojo-platform-channel-handle=5228 --field-trial-handle=1784,i,2295490780030403019,2821906385101450000,262144 --enable-features=MojoIpcz,UseBackgroundNativeThreadPool,UseNativeThreadPool,msWebView2TreatAppSuspendAsDeviceSuspend --variations-seed-version /prefetch:8 /pfhostedapp:017373b2a5c4ead1a08d36a47bf86195c1909a61

CurrentDirectory: C:\Program Files (x86)\Microsoft\EdgeWebView\Application\120.0.2210.91\

User: WINDEV2309EVAL\User

LogonGuid: {fda94052-3502-658d-b367-080000000000}

LogonId: 0x867B3

TerminalSessionId: 1

IntegrityLevel: Low

Hashes: MD5=8094151812FF45079C840986A0489C78,SHA256=6A4E8A5761C51840CE988C9241B514028A5E45FDB386B072DB0447E3961E3A06,IMPHASH=EA4CA1F8E3B3D9373D39C13FD1348A63

ParentProcessGuid: {fda94052-b85d-658c-1702-000000000b00}

ParentProcessId: 4184

ParentImage: C:\Program Files (x86)\Microsoft\EdgeWebView\Application\120.0.2210.91\msedgewebview2.exe

ParentCommandLine: ""C:\Program Files (x86)\Microsoft\EdgeWebView\Application\120.0.2210.91\msedgewebview2.exe"" --embedded-browser-webview=1 --webview-exe-name=Widgets.exe --webview-exe-version=421.20070.1820.0 --user-data-dir=""C:\Users\User\AppData\Local\Packages\MicrosoftWindows.Client.WebExperience_cw5n1h2txyewy\LocalState\EBWebView"" --noerrdialogs --disk-cache-size=52428800 --edge-webview-is-background --enable-features=MojoIpcz,msWebView2TreatAppSuspendAsDeviceSuspend,UseNativeThreadPool,UseBackgroundNativeThreadPool --lang=en-US --accept-lang=en-US --mojo-named-platform-channel-pipe=8112.2288.17893317180732402091 /pfhostedapp:017373b2a5c4ead1a08d36a47bf86195c1909a61

ParentUser: WINDEV2309EVAL\User",Info,msedgewebview2.exe,"""C:\Program Files (x86)\Microsoft\EdgeWebView\Application\120.0.2210.91\msedgewebview2.exe"" --embedded-browser-webview=1 --webview-exe-name=Widgets.exe --webview-exe-version=421.20070.1820.0 --user-data-dir=""C:\Users\User\AppData\Local\Packages\MicrosoftWindows.Client.WebExperience_cw5n1h2txyewy\LocalState\EBWebView"" --noerrdialogs --disk-cache-size=52428800 --edge-webview-is-background --enable-features=MojoIpcz,msWebView2TreatAppSuspendAsDeviceSuspend,UseNativeThreadPool,UseBackgroundNativeThreadPool --lang=en-US --accept-lang=en-US --mojo-named-platform-channel-pipe=8112.2288.17893317180732402091 /pfhostedapp:017373b2a5c4ead1a08d36a47bf86195c1909a61",C:\Program Files (x86)\Microsoft\EdgeWebView\Application\120.0.2210.91\msedgewebview2.exe,{fda94052-b85d-658c-1702-000000000b00},4184,WINDEV2309EVAL\User,{fda94052-35d7-658d-7802-000000000b00},7044,6028,Microsoft Edge WebView2,,,,"
      ",-,2023-12-28T08:46:15.6079567Z,,,Process Create (rule: ProcessCreate),1,6672,WINDEV2309EVAL\User,S-1-5-18,2023-12-28 08:46:15.606,5,"<Event xmlns=""http://schemas.microsoft.com/win/2004/08/events/event"">
    <System>
      <Provider Name=""Microsoft-Windows-Sysmon"" Guid=""{5770385f-c22a-43e0-bf4c-06f5698ffbd9}""/>
      <EventID>1</EventID>
      <Version>5</Version>
      <Level>4</Level>
      <Task>1</Task>
      <Opcode>0</Opcode>
      <Keywords>0x8000000000000000</Keywords>
      <TimeCreated SystemTime=""2023-12-28T08:46:15.6079567Z""/>
      <EventRecordID>9477</EventRecordID>
      <Correlation/>
      <Execution ProcessID=""7044"" ThreadID=""6672""/>
      <Channel>Microsoft-Windows-Sysmon/Operational</Channel>
      <Computer>WinDev2309Eval</Computer>
      <Security UserID=""S-1-5-18""/>
    </System>
    <EventData>
      <Data Name=""RuleName"">-</Data>
      <Data Name=""UtcTime"">2023-12-28 08:46:15.606</Data>
      <Data Name=""ProcessGuid"">{fda94052-35d7-658d-7802-000000000b00}</Data>
      <Data Name=""ProcessId"">6028</Data>
      <Data Name=""Image"">C:\Program Files (x86)\Microsoft\EdgeWebView\Application\120.0.2210.91\msedgewebview2.exe</Data>
      <Data Name=""FileVersion"">120.0.2210.91</Data>
      <Data Name=""Description"">Microsoft Edge WebView2</Data>
      <Data Name=""Product"">Microsoft Edge WebView2</Data>
      <Data Name=""Company"">Microsoft Corporation</Data>
      <Data Name=""OriginalFileName"">msedgewebview2.exe</Data>
      <Data Name=""CommandLine"">""C:\Program Files (x86)\Microsoft\EdgeWebView\Application\120.0.2210.91\msedgewebview2.exe"" --type=utility --utility-sub-type=unzip.mojom.Unzipper --lang=en-US --service-sandbox-type=service --noerrdialogs --user-data-dir=""C:\Users\User\AppData\Local\Packages\MicrosoftWindows.Client.WebExperience_cw5n1h2txyewy\LocalState\EBWebView"" --webview-exe-name=Widgets.exe --webview-exe-version=421.20070.1820.0 --embedded-browser-webview=1 --mojo-platform-channel-handle=5228 --field-trial-handle=1784,i,2295490780030403019,2821906385101450000,262144 --enable-features=MojoIpcz,UseBackgroundNativeThreadPool,UseNativeThreadPool,msWebView2TreatAppSuspendAsDeviceSuspend --variations-seed-version /prefetch:8 /pfhostedapp:017373b2a5c4ead1a08d36a47bf86195c1909a61</Data>
      <Data Name=""CurrentDirectory"">C:\Program Files (x86)\Microsoft\EdgeWebView\Application\120.0.2210.91\</Data>
      <Data Name=""User"">WINDEV2309EVAL\User</Data>
      <Data Name=""LogonGuid"">{fda94052-3502-658d-b367-080000000000}</Data>
      <Data Name=""LogonId"">0x867b3</Data>
      <Data Name=""TerminalSessionId"">1</Data>
      <Data Name=""IntegrityLevel"">Low</Data>
      <Data Name=""Hashes"">MD5=8094151812FF45079C840986A0489C78,SHA256=6A4E8A5761C51840CE988C9241B514028A5E45FDB386B072DB0447E3961E3A06,IMPHASH=EA4CA1F8E3B3D9373D39C13FD1348A63</Data>
      <Data Name=""ParentProcessGuid"">{fda94052-b85d-658c-1702-000000000b00}</Data>
      <Data Name=""ParentProcessId"">4184</Data>
      <Data Name=""ParentImage"">C:\Program Files (x86)\Microsoft\EdgeWebView\Application\120.0.2210.91\msedgewebview2.exe</Data>
      <Data Name=""ParentCommandLine"">""C:\Program Files (x86)\Microsoft\EdgeWebView\Application\120.0.2210.91\msedgewebview2.exe"" --embedded-browser-webview=1 --webview-exe-name=Widgets.exe --webview-exe-version=421.20070.1820.0 --user-data-dir=""C:\Users\User\AppData\Local\Packages\MicrosoftWindows.Client.WebExperience_cw5n1h2txyewy\LocalState\EBWebView"" --noerrdialogs --disk-cache-size=52428800 --edge-webview-is-background --enable-features=MojoIpcz,msWebView2TreatAppSuspendAsDeviceSuspend,UseNativeThreadPool,UseBackgroundNativeThreadPool --lang=en-US --accept-lang=en-US --mojo-named-platform-channel-pipe=8112.2288.17893317180732402091 /pfhostedapp:017373b2a5c4ead1a08d36a47bf86195c1909a61</Data>
      <Data Name=""ParentUser"">WINDEV2309EVAL\User</Data>
    </EventData>
    <RenderingInfo Culture=""en-US"">
      <Message>Process Create:

RuleName: -

UtcTime: 2023-12-28 08:46:15.606

ProcessGuid: {fda94052-35d7-658d-7802-000000000b00}

ProcessId: 6028

Image: C:\Program Files (x86)\Microsoft\EdgeWebView\Application\120.0.2210.91\msedgewebview2.exe

FileVersion: 120.0.2210.91

Description: Microsoft Edge WebView2

Product: Microsoft Edge WebView2

Company: Microsoft Corporation

OriginalFileName: msedgewebview2.exe

CommandLine: ""C:\Program Files (x86)\Microsoft\EdgeWebView\Application\120.0.2210.91\msedgewebview2.exe"" --type=utility --utility-sub-type=unzip.mojom.Unzipper --lang=en-US --service-sandbox-type=service --noerrdialogs --user-data-dir=""C:\Users\User\AppData\Local\Packages\MicrosoftWindows.Client.WebExperience_cw5n1h2txyewy\LocalState\EBWebView"" --webview-exe-name=Widgets.exe --webview-exe-version=421.20070.1820.0 --embedded-browser-webview=1 --mojo-platform-channel-handle=5228 --field-trial-handle=1784,i,2295490780030403019,2821906385101450000,262144 --enable-features=MojoIpcz,UseBackgroundNativeThreadPool,UseNativeThreadPool,msWebView2TreatAppSuspendAsDeviceSuspend --variations-seed-version /prefetch:8 /pfhostedapp:017373b2a5c4ead1a08d36a47bf86195c1909a61

CurrentDirectory: C:\Program Files (x86)\Microsoft\EdgeWebView\Application\120.0.2210.91\

User: WINDEV2309EVAL\User

LogonGuid: {fda94052-3502-658d-b367-080000000000}

LogonId: 0x867B3

TerminalSessionId: 1

IntegrityLevel: Low

Hashes: MD5=8094151812FF45079C840986A0489C78,SHA256=6A4E8A5761C51840CE988C9241B514028A5E45FDB386B072DB0447E3961E3A06,IMPHASH=EA4CA1F8E3B3D9373D39C13FD1348A63

ParentProcessGuid: {fda94052-b85d-658c-1702-000000000b00}

ParentProcessId: 4184

ParentImage: C:\Program Files (x86)\Microsoft\EdgeWebView\Application\120.0.2210.91\msedgewebview2.exe

ParentCommandLine: ""C:\Program Files (x86)\Microsoft\EdgeWebView\Application\120.0.2210.91\msedgewebview2.exe"" --embedded-browser-webview=1 --webview-exe-name=Widgets.exe --webview-exe-version=421.20070.1820.0 --user-data-dir=""C:\Users\User\AppData\Local\Packages\MicrosoftWindows.Client.WebExperience_cw5n1h2txyewy\LocalState\EBWebView"" --noerrdialogs --disk-cache-size=52428800 --edge-webview-is-background --enable-features=MojoIpcz,msWebView2TreatAppSuspendAsDeviceSuspend,UseNativeThreadPool,UseBackgroundNativeThreadPool --lang=en-US --accept-lang=en-US --mojo-named-platform-channel-pipe=8112.2288.17893317180732402091 /pfhostedapp:017373b2a5c4ead1a08d36a47bf86195c1909a61

ParentUser: WINDEV2309EVAL\User</Message>
      <Level>Information</Level>
      <Task>Process Create (rule: ProcessCreate)</Task>
      <Opcode>Info</Opcode>
    </RenderingInfo>
  </Event>
  
"
Microsoft-Windows-Sysmon/Operational,,,WinDev2309Eval,,2023-12-28 08:46:15.564,,,,11,9476,,,,,C:\Windows\System32\WindowsPowerShell\v1.0\powershell.exe,,0x8000000000000000,Information,,,"File created:

RuleName: -

UtcTime: 2023-12-28 08:46:15.564

ProcessGuid: {fda94052-35d7-658d-7602-000000000b00}

ProcessId: 8364

Image: C:\Windows\System32\WindowsPowerShell\v1.0\powershell.exe

TargetFilename: C:\Users\User\AppData\Local\Temp\__PSScriptPolicyTest_oddhsvqd.fnu.ps1

CreationUtcTime: 2023-12-28 08:46:15.564

User: WINDEV2309EVAL\User",Info,,,,,,,{fda94052-35d7-658d-7602-000000000b00},7044,8364,,,,,"
      ",-,2023-12-28T08:46:15.5775687Z,C:\Users\User\AppData\Local\Temp\__PSScriptPolicyTest_oddhsvqd.fnu.ps1,,File created (rule: FileCreate),,6672,WINDEV2309EVAL\User,S-1-5-18,2023-12-28 08:46:15.564,2,"<Event xmlns=""http://schemas.microsoft.com/win/2004/08/events/event"">
    <System>
      <Provider Name=""Microsoft-Windows-Sysmon"" Guid=""{5770385f-c22a-43e0-bf4c-06f5698ffbd9}""/>
      <EventID>11</EventID>
      <Version>2</Version>
      <Level>4</Level>
      <Task>11</Task>
      <Opcode>0</Opcode>
      <Keywords>0x8000000000000000</Keywords>
      <TimeCreated SystemTime=""2023-12-28T08:46:15.5775687Z""/>
      <EventRecordID>9476</EventRecordID>
      <Correlation/>
      <Execution ProcessID=""7044"" ThreadID=""6672""/>
      <Channel>Microsoft-Windows-Sysmon/Operational</Channel>
      <Computer>WinDev2309Eval</Computer>
      <Security UserID=""S-1-5-18""/>
    </System>
    <EventData>
      <Data Name=""RuleName"">-</Data>
      <Data Name=""UtcTime"">2023-12-28 08:46:15.564</Data>
      <Data Name=""ProcessGuid"">{fda94052-35d7-658d-7602-000000000b00}</Data>
      <Data Name=""ProcessId"">8364</Data>
      <Data Name=""Image"">C:\Windows\System32\WindowsPowerShell\v1.0\powershell.exe</Data>
      <Data Name=""TargetFilename"">C:\Users\User\AppData\Local\Temp\__PSScriptPolicyTest_oddhsvqd.fnu.ps1</Data>
      <Data Name=""CreationUtcTime"">2023-12-28 08:46:15.564</Data>
      <Data Name=""User"">WINDEV2309EVAL\User</Data>
    </EventData>
    <RenderingInfo Culture=""en-US"">
      <Message>File created:

RuleName: -

UtcTime: 2023-12-28 08:46:15.564

ProcessGuid: {fda94052-35d7-658d-7602-000000000b00}

ProcessId: 8364

Image: C:\Windows\System32\WindowsPowerShell\v1.0\powershell.exe

TargetFilename: C:\Users\User\AppData\Local\Temp\__PSScriptPolicyTest_oddhsvqd.fnu.ps1

CreationUtcTime: 2023-12-28 08:46:15.564

User: WINDEV2309EVAL\User</Message>
      <Level>Information</Level>
      <Task>File created (rule: FileCreate)</Task>
      <Opcode>Info</Opcode>
    </RenderingInfo>
  </Event>
  
"
Microsoft-Windows-Sysmon/Operational,"""powershell.exe"" & {Copy-Item \""""C:\AtomicRedTeam\atomics\T1547.001\src\jsestartup.jse\"""" \""""$env:APPDATA\Microsoft\Windows\Start Menu\Programs\Startup\jsestartup.jse\""""
Copy-Item \""""C:\AtomicRedTeam\atomics\T1547.001\src\jsestartup.jse\"""" \""""C:\ProgramData\Microsoft\Windows\Start Menu\Programs\StartUp\jsestartup.jse\""""
cscript.exe /E:Jscript \""""$env:APPDATA\Microsoft\Windows\Start Menu\Programs\Startup\jsestartup.jse\""""
cscript.exe /E:Jscript \""""C:\ProgramData\Microsoft\Windows\Start Menu\Programs\StartUp\jsestartup.jse\""""}",Microsoft Corporation,WinDev2309Eval,,,C:\Users\User\AppData\Local\Temp\,Windows PowerShell,,1,9475,,10.0.22621.2215 (WinBuild.160101.0800),,"MD5=824B9F337E68DD8C117595071AC11E23,SHA256=17083405E7DECB3DDEF837C2FA599293A4E8133736969DFD5CE92EF15608A587,IMPHASH=51B0FFFA02CA6C1B85189E2E6C139F36",C:\Windows\System32\WindowsPowerShell\v1.0\powershell.exe,Medium,0x8000000000000000,Information,{fda94052-3502-658d-b367-080000000000},0x867b3,"Process Create:

RuleName: -

UtcTime: 2023-12-28 08:46:15.420

ProcessGuid: {fda94052-35d7-658d-7602-000000000b00}

ProcessId: 8364

Image: C:\Windows\System32\WindowsPowerShell\v1.0\powershell.exe

FileVersion: 10.0.22621.2215 (WinBuild.160101.0800)

Description: Windows PowerShell

Product: Microsoft® Windows® Operating System

Company: Microsoft Corporation

OriginalFileName: PowerShell.EXE

CommandLine: ""powershell.exe"" & {Copy-Item \""""C:\AtomicRedTeam\atomics\T1547.001\src\jsestartup.jse\"""" \""""$env:APPDATA\Microsoft\Windows\Start Menu\Programs\Startup\jsestartup.jse\""""
Copy-Item \""""C:\AtomicRedTeam\atomics\T1547.001\src\jsestartup.jse\"""" \""""C:\ProgramData\Microsoft\Windows\Start Menu\Programs\StartUp\jsestartup.jse\""""
cscript.exe /E:Jscript \""""$env:APPDATA\Microsoft\Windows\Start Menu\Programs\Startup\jsestartup.jse\""""
cscript.exe /E:Jscript \""""C:\ProgramData\Microsoft\Windows\Start Menu\Programs\StartUp\jsestartup.jse\""""}

CurrentDirectory: C:\Users\User\AppData\Local\Temp\

User: WINDEV2309EVAL\User

LogonGuid: {fda94052-3502-658d-b367-080000000000}

LogonId: 0x867B3

TerminalSessionId: 1

IntegrityLevel: Medium

Hashes: MD5=824B9F337E68DD8C117595071AC11E23,SHA256=17083405E7DECB3DDEF837C2FA599293A4E8133736969DFD5CE92EF15608A587,IMPHASH=51B0FFFA02CA6C1B85189E2E6C139F36

ParentProcessGuid: {fda94052-b87a-658c-2702-000000000b00}

ParentProcessId: 5076

ParentImage: C:\Windows\System32\WindowsPowerShell\v1.0\powershell.exe

ParentCommandLine: ""C:\Windows\System32\WindowsPowerShell\v1.0\powershell.exe"" -exec bypass

ParentUser: WINDEV2309EVAL\User",Info,PowerShell.EXE,"""C:\Windows\System32\WindowsPowerShell\v1.0\powershell.exe"" -exec bypass",C:\Windows\System32\WindowsPowerShell\v1.0\powershell.exe,{fda94052-b87a-658c-2702-000000000b00},5076,WINDEV2309EVAL\User,{fda94052-35d7-658d-7602-000000000b00},7044,8364,Microsoft® Windows® Operating System,,,,"
      ",-,2023-12-28T08:46:15.4213725Z,,,Process Create (rule: ProcessCreate),1,6672,WINDEV2309EVAL\User,S-1-5-18,2023-12-28 08:46:15.420,5,"<Event xmlns=""http://schemas.microsoft.com/win/2004/08/events/event"">
    <System>
      <Provider Name=""Microsoft-Windows-Sysmon"" Guid=""{5770385f-c22a-43e0-bf4c-06f5698ffbd9}""/>
      <EventID>1</EventID>
      <Version>5</Version>
      <Level>4</Level>
      <Task>1</Task>
      <Opcode>0</Opcode>
      <Keywords>0x8000000000000000</Keywords>
      <TimeCreated SystemTime=""2023-12-28T08:46:15.4213725Z""/>
      <EventRecordID>9475</EventRecordID>
      <Correlation/>
      <Execution ProcessID=""7044"" ThreadID=""6672""/>
      <Channel>Microsoft-Windows-Sysmon/Operational</Channel>
      <Computer>WinDev2309Eval</Computer>
      <Security UserID=""S-1-5-18""/>
    </System>
    <EventData>
      <Data Name=""RuleName"">-</Data>
      <Data Name=""UtcTime"">2023-12-28 08:46:15.420</Data>
      <Data Name=""ProcessGuid"">{fda94052-35d7-658d-7602-000000000b00}</Data>
      <Data Name=""ProcessId"">8364</Data>
      <Data Name=""Image"">C:\Windows\System32\WindowsPowerShell\v1.0\powershell.exe</Data>
      <Data Name=""FileVersion"">10.0.22621.2215 (WinBuild.160101.0800)</Data>
      <Data Name=""Description"">Windows PowerShell</Data>
      <Data Name=""Product"">Microsoft&#174; Windows&#174; Operating System</Data>
      <Data Name=""Company"">Microsoft Corporation</Data>
      <Data Name=""OriginalFileName"">PowerShell.EXE</Data>
      <Data Name=""CommandLine"">""powershell.exe"" &amp; {Copy-Item \""""C:\AtomicRedTeam\atomics\T1547.001\src\jsestartup.jse\"""" \""""$env:APPDATA\Microsoft\Windows\Start Menu\Programs\Startup\jsestartup.jse\""""
Copy-Item \""""C:\AtomicRedTeam\atomics\T1547.001\src\jsestartup.jse\"""" \""""C:\ProgramData\Microsoft\Windows\Start Menu\Programs\StartUp\jsestartup.jse\""""
cscript.exe /E:Jscript \""""$env:APPDATA\Microsoft\Windows\Start Menu\Programs\Startup\jsestartup.jse\""""
cscript.exe /E:Jscript \""""C:\ProgramData\Microsoft\Windows\Start Menu\Programs\StartUp\jsestartup.jse\""""}</Data>
      <Data Name=""CurrentDirectory"">C:\Users\User\AppData\Local\Temp\</Data>
      <Data Name=""User"">WINDEV2309EVAL\User</Data>
      <Data Name=""LogonGuid"">{fda94052-3502-658d-b367-080000000000}</Data>
      <Data Name=""LogonId"">0x867b3</Data>
      <Data Name=""TerminalSessionId"">1</Data>
      <Data Name=""IntegrityLevel"">Medium</Data>
      <Data Name=""Hashes"">MD5=824B9F337E68DD8C117595071AC11E23,SHA256=17083405E7DECB3DDEF837C2FA599293A4E8133736969DFD5CE92EF15608A587,IMPHASH=51B0FFFA02CA6C1B85189E2E6C139F36</Data>
      <Data Name=""ParentProcessGuid"">{fda94052-b87a-658c-2702-000000000b00}</Data>
      <Data Name=""ParentProcessId"">5076</Data>
      <Data Name=""ParentImage"">C:\Windows\System32\WindowsPowerShell\v1.0\powershell.exe</Data>
      <Data Name=""ParentCommandLine"">""C:\Windows\System32\WindowsPowerShell\v1.0\powershell.exe"" -exec bypass</Data>
      <Data Name=""ParentUser"">WINDEV2309EVAL\User</Data>
    </EventData>
    <RenderingInfo Culture=""en-US"">
      <Message>Process Create:

RuleName: -

UtcTime: 2023-12-28 08:46:15.420

ProcessGuid: {fda94052-35d7-658d-7602-000000000b00}

ProcessId: 8364

Image: C:\Windows\System32\WindowsPowerShell\v1.0\powershell.exe

FileVersion: 10.0.22621.2215 (WinBuild.160101.0800)

Description: Windows PowerShell

Product: Microsoft&#174; Windows&#174; Operating System

Company: Microsoft Corporation

OriginalFileName: PowerShell.EXE

CommandLine: ""powershell.exe"" &amp; {Copy-Item \""""C:\AtomicRedTeam\atomics\T1547.001\src\jsestartup.jse\"""" \""""$env:APPDATA\Microsoft\Windows\Start Menu\Programs\Startup\jsestartup.jse\""""
Copy-Item \""""C:\AtomicRedTeam\atomics\T1547.001\src\jsestartup.jse\"""" \""""C:\ProgramData\Microsoft\Windows\Start Menu\Programs\StartUp\jsestartup.jse\""""
cscript.exe /E:Jscript \""""$env:APPDATA\Microsoft\Windows\Start Menu\Programs\Startup\jsestartup.jse\""""
cscript.exe /E:Jscript \""""C:\ProgramData\Microsoft\Windows\Start Menu\Programs\StartUp\jsestartup.jse\""""}

CurrentDirectory: C:\Users\User\AppData\Local\Temp\

User: WINDEV2309EVAL\User

LogonGuid: {fda94052-3502-658d-b367-080000000000}

LogonId: 0x867B3

TerminalSessionId: 1

IntegrityLevel: Medium

Hashes: MD5=824B9F337E68DD8C117595071AC11E23,SHA256=17083405E7DECB3DDEF837C2FA599293A4E8133736969DFD5CE92EF15608A587,IMPHASH=51B0FFFA02CA6C1B85189E2E6C139F36

ParentProcessGuid: {fda94052-b87a-658c-2702-000000000b00}

ParentProcessId: 5076

ParentImage: C:\Windows\System32\WindowsPowerShell\v1.0\powershell.exe

ParentCommandLine: ""C:\Windows\System32\WindowsPowerShell\v1.0\powershell.exe"" -exec bypass

ParentUser: WINDEV2309EVAL\User</Message>
      <Level>Information</Level>
      <Task>Process Create (rule: ProcessCreate)</Task>
      <Opcode>Info</Opcode>
    </RenderingInfo>
  </Event>
  
"
Microsoft-Windows-Sysmon/Operational,"""C:\Windows\system32\cscript.exe"" ""C:\ProgramData\Microsoft\Windows\Start Menu\Programs\StartUp\vbsstartup.vbs""",Microsoft Corporation,WinDev2309Eval,,,C:\Users\User\AppData\Local\Temp\,Microsoft ® Console Based Script Host,,1,9474,,5.812.10240.16384,,"MD5=E4DC5A2C67286C4D8C1BA01A8E59A321,SHA256=6D607A3F1BAA41B962D011447117215D005DA42332C19C3D0FC613BDE95E3125,IMPHASH=7DC84811DD92FBC4E2491CDB05130DC3",C:\Windows\System32\cscript.exe,Medium,0x8000000000000000,Information,{fda94052-3502-658d-b367-080000000000},0x867b3,"Process Create:

RuleName: -

UtcTime: 2023-12-28 08:46:15.154

ProcessGuid: {fda94052-35d7-658d-7502-000000000b00}

ProcessId: 7500

Image: C:\Windows\System32\cscript.exe

FileVersion: 5.812.10240.16384

Description: Microsoft ® Console Based Script Host

Product: Microsoft ® Windows Script Host

Company: Microsoft Corporation

OriginalFileName: cscript.exe

CommandLine: ""C:\Windows\system32\cscript.exe"" ""C:\ProgramData\Microsoft\Windows\Start Menu\Programs\StartUp\vbsstartup.vbs""

CurrentDirectory: C:\Users\User\AppData\Local\Temp\

User: WINDEV2309EVAL\User

LogonGuid: {fda94052-3502-658d-b367-080000000000}

LogonId: 0x867B3

TerminalSessionId: 1

IntegrityLevel: Medium

Hashes: MD5=E4DC5A2C67286C4D8C1BA01A8E59A321,SHA256=6D607A3F1BAA41B962D011447117215D005DA42332C19C3D0FC613BDE95E3125,IMPHASH=7DC84811DD92FBC4E2491CDB05130DC3

ParentProcessGuid: {fda94052-35d5-658d-7002-000000000b00}

ParentProcessId: 4788

ParentImage: C:\Windows\System32\WindowsPowerShell\v1.0\powershell.exe

ParentCommandLine: ""powershell.exe"" & {Copy-Item \""""C:\AtomicRedTeam\atomics\T1547.001\src\vbsstartup.vbs\"""" \""""$env:APPDATA\Microsoft\Windows\Start Menu\Programs\Startup\vbsstartup.vbs\""""
Copy-Item \""""C:\AtomicRedTeam\atomics\T1547.001\src\vbsstartup.vbs\"""" \""""C:\ProgramData\Microsoft\Windows\Start Menu\Programs\StartUp\vbsstartup.vbs\""""
cscript.exe \""""$env:APPDATA\Microsoft\Windows\Start Menu\Programs\Startup\vbsstartup.vbs\""""
cscript.exe \""""C:\ProgramData\Microsoft\Windows\Start Menu\Programs\StartUp\vbsstartup.vbs\""""}

ParentUser: WINDEV2309EVAL\User",Info,cscript.exe,"""powershell.exe"" & {Copy-Item \""""C:\AtomicRedTeam\atomics\T1547.001\src\vbsstartup.vbs\"""" \""""$env:APPDATA\Microsoft\Windows\Start Menu\Programs\Startup\vbsstartup.vbs\""""
Copy-Item \""""C:\AtomicRedTeam\atomics\T1547.001\src\vbsstartup.vbs\"""" \""""C:\ProgramData\Microsoft\Windows\Start Menu\Programs\StartUp\vbsstartup.vbs\""""
cscript.exe \""""$env:APPDATA\Microsoft\Windows\Start Menu\Programs\Startup\vbsstartup.vbs\""""
cscript.exe \""""C:\ProgramData\Microsoft\Windows\Start Menu\Programs\StartUp\vbsstartup.vbs\""""}",C:\Windows\System32\WindowsPowerShell\v1.0\powershell.exe,{fda94052-35d5-658d-7002-000000000b00},4788,WINDEV2309EVAL\User,{fda94052-35d7-658d-7502-000000000b00},7044,7500,Microsoft ® Windows Script Host,,,,"
      ",-,2023-12-28T08:46:15.1559008Z,,,Process Create (rule: ProcessCreate),1,6672,WINDEV2309EVAL\User,S-1-5-18,2023-12-28 08:46:15.154,5,"<Event xmlns=""http://schemas.microsoft.com/win/2004/08/events/event"">
    <System>
      <Provider Name=""Microsoft-Windows-Sysmon"" Guid=""{5770385f-c22a-43e0-bf4c-06f5698ffbd9}""/>
      <EventID>1</EventID>
      <Version>5</Version>
      <Level>4</Level>
      <Task>1</Task>
      <Opcode>0</Opcode>
      <Keywords>0x8000000000000000</Keywords>
      <TimeCreated SystemTime=""2023-12-28T08:46:15.1559008Z""/>
      <EventRecordID>9474</EventRecordID>
      <Correlation/>
      <Execution ProcessID=""7044"" ThreadID=""6672""/>
      <Channel>Microsoft-Windows-Sysmon/Operational</Channel>
      <Computer>WinDev2309Eval</Computer>
      <Security UserID=""S-1-5-18""/>
    </System>
    <EventData>
      <Data Name=""RuleName"">-</Data>
      <Data Name=""UtcTime"">2023-12-28 08:46:15.154</Data>
      <Data Name=""ProcessGuid"">{fda94052-35d7-658d-7502-000000000b00}</Data>
      <Data Name=""ProcessId"">7500</Data>
      <Data Name=""Image"">C:\Windows\System32\cscript.exe</Data>
      <Data Name=""FileVersion"">5.812.10240.16384</Data>
      <Data Name=""Description"">Microsoft &#174; Console Based Script Host</Data>
      <Data Name=""Product"">Microsoft &#174; Windows Script Host</Data>
      <Data Name=""Company"">Microsoft Corporation</Data>
      <Data Name=""OriginalFileName"">cscript.exe</Data>
      <Data Name=""CommandLine"">""C:\Windows\system32\cscript.exe"" ""C:\ProgramData\Microsoft\Windows\Start Menu\Programs\StartUp\vbsstartup.vbs""</Data>
      <Data Name=""CurrentDirectory"">C:\Users\User\AppData\Local\Temp\</Data>
      <Data Name=""User"">WINDEV2309EVAL\User</Data>
      <Data Name=""LogonGuid"">{fda94052-3502-658d-b367-080000000000}</Data>
      <Data Name=""LogonId"">0x867b3</Data>
      <Data Name=""TerminalSessionId"">1</Data>
      <Data Name=""IntegrityLevel"">Medium</Data>
      <Data Name=""Hashes"">MD5=E4DC5A2C67286C4D8C1BA01A8E59A321,SHA256=6D607A3F1BAA41B962D011447117215D005DA42332C19C3D0FC613BDE95E3125,IMPHASH=7DC84811DD92FBC4E2491CDB05130DC3</Data>
      <Data Name=""ParentProcessGuid"">{fda94052-35d5-658d-7002-000000000b00}</Data>
      <Data Name=""ParentProcessId"">4788</Data>
      <Data Name=""ParentImage"">C:\Windows\System32\WindowsPowerShell\v1.0\powershell.exe</Data>
      <Data Name=""ParentCommandLine"">""powershell.exe"" &amp; {Copy-Item \""""C:\AtomicRedTeam\atomics\T1547.001\src\vbsstartup.vbs\"""" \""""$env:APPDATA\Microsoft\Windows\Start Menu\Programs\Startup\vbsstartup.vbs\""""
Copy-Item \""""C:\AtomicRedTeam\atomics\T1547.001\src\vbsstartup.vbs\"""" \""""C:\ProgramData\Microsoft\Windows\Start Menu\Programs\StartUp\vbsstartup.vbs\""""
cscript.exe \""""$env:APPDATA\Microsoft\Windows\Start Menu\Programs\Startup\vbsstartup.vbs\""""
cscript.exe \""""C:\ProgramData\Microsoft\Windows\Start Menu\Programs\StartUp\vbsstartup.vbs\""""}</Data>
      <Data Name=""ParentUser"">WINDEV2309EVAL\User</Data>
    </EventData>
    <RenderingInfo Culture=""en-US"">
      <Message>Process Create:

RuleName: -

UtcTime: 2023-12-28 08:46:15.154

ProcessGuid: {fda94052-35d7-658d-7502-000000000b00}

ProcessId: 7500

Image: C:\Windows\System32\cscript.exe

FileVersion: 5.812.10240.16384

Description: Microsoft &#174; Console Based Script Host

Product: Microsoft &#174; Windows Script Host

Company: Microsoft Corporation

OriginalFileName: cscript.exe

CommandLine: ""C:\Windows\system32\cscript.exe"" ""C:\ProgramData\Microsoft\Windows\Start Menu\Programs\StartUp\vbsstartup.vbs""

CurrentDirectory: C:\Users\User\AppData\Local\Temp\

User: WINDEV2309EVAL\User

LogonGuid: {fda94052-3502-658d-b367-080000000000}

LogonId: 0x867B3

TerminalSessionId: 1

IntegrityLevel: Medium

Hashes: MD5=E4DC5A2C67286C4D8C1BA01A8E59A321,SHA256=6D607A3F1BAA41B962D011447117215D005DA42332C19C3D0FC613BDE95E3125,IMPHASH=7DC84811DD92FBC4E2491CDB05130DC3

ParentProcessGuid: {fda94052-35d5-658d-7002-000000000b00}

ParentProcessId: 4788

ParentImage: C:\Windows\System32\WindowsPowerShell\v1.0\powershell.exe

ParentCommandLine: ""powershell.exe"" &amp; {Copy-Item \""""C:\AtomicRedTeam\atomics\T1547.001\src\vbsstartup.vbs\"""" \""""$env:APPDATA\Microsoft\Windows\Start Menu\Programs\Startup\vbsstartup.vbs\""""
Copy-Item \""""C:\AtomicRedTeam\atomics\T1547.001\src\vbsstartup.vbs\"""" \""""C:\ProgramData\Microsoft\Windows\Start Menu\Programs\StartUp\vbsstartup.vbs\""""
cscript.exe \""""$env:APPDATA\Microsoft\Windows\Start Menu\Programs\Startup\vbsstartup.vbs\""""
cscript.exe \""""C:\ProgramData\Microsoft\Windows\Start Menu\Programs\StartUp\vbsstartup.vbs\""""}

ParentUser: WINDEV2309EVAL\User</Message>
      <Level>Information</Level>
      <Task>Process Create (rule: ProcessCreate)</Task>
      <Opcode>Info</Opcode>
    </RenderingInfo>
  </Event>
  
"
