Microsoft-Windows-Sysmon/Operational,,,WinDev2309Eval,,,,,,,,,,22,9495,,,,C:\Program Files (x86)\Microsoft\EdgeWebView\Application\120.0.2210.91\msedgewebview2.exe,,,0x8000000000000000,Information,,,"Dns query:

RuleName: -

UtcTime: 2023-12-27 23:54:29.675

ProcessGuid: {fda94052-b85d-658c-1a02-000000000b00}

ProcessId: 9268

QueryName: img-s-msn-com.akamaized.net

QueryStatus: 0

QueryResults: type: 5 a1834.dscg2.akamai.net;::ffff:96.17.178.193;::ffff:96.17.178.183;

Image: C:\Program Files (x86)\Microsoft\EdgeWebView\Application\120.0.2210.91\msedgewebview2.exe

User: WINDEV2309EVAL\User",Info,,,,,,,{fda94052-b85d-658c-1a02-000000000b00},7044,9268,,,img-s-msn-com.akamaized.net,type: 5 a1834.dscg2.akamai.net;::ffff:96.17.178.193;::ffff:96.17.178.183;,0,"
      ",-,,,,,,2023-12-28T08:42:48.5253331Z,,,Dns query (rule: DnsQuery),,1124,WINDEV2309EVAL\User,S-1-5-18,2023-12-27 23:54:29.675,5,"<Event xmlns=""http://schemas.microsoft.com/win/2004/08/events/event"">
    <System>
      <Provider Name=""Microsoft-Windows-Sysmon"" Guid=""{5770385f-c22a-43e0-bf4c-06f5698ffbd9}""/>
      <EventID>22</EventID>
      <Version>5</Version>
      <Level>4</Level>
      <Task>22</Task>
      <Opcode>0</Opcode>
      <Keywords>0x8000000000000000</Keywords>
      <TimeCreated SystemTime=""2023-12-28T08:42:48.5253331Z""/>
      <EventRecordID>9495</EventRecordID>
      <Correlation/>
      <Execution ProcessID=""7044"" ThreadID=""1124""/>
      <Channel>Microsoft-Windows-Sysmon/Operational</Channel>
      <Computer>WinDev2309Eval</Computer>
      <Security UserID=""S-1-5-18""/>
    </System>
    <EventData>
      <Data Name=""RuleName"">-</Data>
      <Data Name=""UtcTime"">2023-12-27 23:54:29.675</Data>
      <Data Name=""ProcessGuid"">{fda94052-b85d-658c-1a02-000000000b00}</Data>
      <Data Name=""ProcessId"">9268</Data>
      <Data Name=""QueryName"">img-s-msn-com.akamaized.net</Data>
      <Data Name=""QueryStatus"">0</Data>
      <Data Name=""QueryResults"">type: 5 a1834.dscg2.akamai.net;::ffff:96.17.178.193;::ffff:96.17.178.183;</Data>
      <Data Name=""Image"">C:\Program Files (x86)\Microsoft\EdgeWebView\Application\120.0.2210.91\msedgewebview2.exe</Data>
      <Data Name=""User"">WINDEV2309EVAL\User</Data>
    </EventData>
    <RenderingInfo Culture=""en-US"">
      <Message>Dns query:

RuleName: -

UtcTime: 2023-12-27 23:54:29.675

ProcessGuid: {fda94052-b85d-658c-1a02-000000000b00}

ProcessId: 9268

QueryName: img-s-msn-com.akamaized.net

QueryStatus: 0

QueryResults: type: 5 a1834.dscg2.akamai.net;::ffff:96.17.178.193;::ffff:96.17.178.183;

Image: C:\Program Files (x86)\Microsoft\EdgeWebView\Application\120.0.2210.91\msedgewebview2.exe

User: WINDEV2309EVAL\User</Message>
      <Level>Information</Level>
      <Task>Dns query (rule: DnsQuery)</Task>
      <Opcode>Info</Opcode>
    </RenderingInfo>
  </Event>
  
"
Microsoft-Windows-Sysmon/Operational,,,WinDev2309Eval,,,,,,,,,,22,9494,,,,C:\Windows\system32\svchost.exe,,,0x8000000000000000,Information,,,"Dns query:

RuleName: -

UtcTime: 2023-12-27 23:54:26.590

ProcessGuid: {fda94052-34f2-658d-3f00-000000000b00}

ProcessId: 2948

QueryName: wpad

QueryStatus: 123

QueryResults: -

Image: C:\Windows\system32\svchost.exe

User: NT AUTHORITY\LOCAL SERVICE",Info,,,,,,,{fda94052-34f2-658d-3f00-000000000b00},7044,2948,,,wpad,-,123,"
      ",-,,,,,,2023-12-28T08:42:45.5140819Z,,,Dns query (rule: DnsQuery),,1124,NT AUTHORITY\LOCAL SERVICE,S-1-5-18,2023-12-27 23:54:26.590,5,"<Event xmlns=""http://schemas.microsoft.com/win/2004/08/events/event"">
    <System>
      <Provider Name=""Microsoft-Windows-Sysmon"" Guid=""{5770385f-c22a-43e0-bf4c-06f5698ffbd9}""/>
      <EventID>22</EventID>
      <Version>5</Version>
      <Level>4</Level>
      <Task>22</Task>
      <Opcode>0</Opcode>
      <Keywords>0x8000000000000000</Keywords>
      <TimeCreated SystemTime=""2023-12-28T08:42:45.5140819Z""/>
      <EventRecordID>9494</EventRecordID>
      <Correlation/>
      <Execution ProcessID=""7044"" ThreadID=""1124""/>
      <Channel>Microsoft-Windows-Sysmon/Operational</Channel>
      <Computer>WinDev2309Eval</Computer>
      <Security UserID=""S-1-5-18""/>
    </System>
    <EventData>
      <Data Name=""RuleName"">-</Data>
      <Data Name=""UtcTime"">2023-12-27 23:54:26.590</Data>
      <Data Name=""ProcessGuid"">{fda94052-34f2-658d-3f00-000000000b00}</Data>
      <Data Name=""ProcessId"">2948</Data>
      <Data Name=""QueryName"">wpad</Data>
      <Data Name=""QueryStatus"">123</Data>
      <Data Name=""QueryResults"">-</Data>
      <Data Name=""Image"">C:\Windows\system32\svchost.exe</Data>
      <Data Name=""User"">NT AUTHORITY\LOCAL SERVICE</Data>
    </EventData>
    <RenderingInfo Culture=""en-US"">
      <Message>Dns query:

RuleName: -

UtcTime: 2023-12-27 23:54:26.590

ProcessGuid: {fda94052-34f2-658d-3f00-000000000b00}

ProcessId: 2948

QueryName: wpad

QueryStatus: 123

QueryResults: -

Image: C:\Windows\system32\svchost.exe

User: NT AUTHORITY\LOCAL SERVICE</Message>
      <Level>Information</Level>
      <Task>Dns query (rule: DnsQuery)</Task>
      <Opcode>Info</Opcode>
    </RenderingInfo>
  </Event>
  
"
Microsoft-Windows-Sysmon/Operational,,,WinDev2309Eval,,,,,,,,,,22,9493,,,,C:\Windows\System32\svchost.exe,,,0x8000000000000000,Information,,,"Dns query:

RuleName: -

UtcTime: 2023-12-27 23:54:26.060

ProcessGuid: {fda94052-34f2-658d-2300-000000000b00}

ProcessId: 1712

QueryName: _ldap._tcp.dc._msdcs.localdomain

QueryStatus: 123

QueryResults: -

Image: C:\Windows\System32\svchost.exe

User: NT AUTHORITY\NETWORK SERVICE",Info,,,,,,,{fda94052-34f2-658d-2300-000000000b00},7044,1712,,,_ldap._tcp.dc._msdcs.localdomain,-,123,"
      ",-,,,,,,2023-12-28T08:42:44.5123084Z,,,Dns query (rule: DnsQuery),,1124,NT AUTHORITY\NETWORK SERVICE,S-1-5-18,2023-12-27 23:54:26.060,5,"<Event xmlns=""http://schemas.microsoft.com/win/2004/08/events/event"">
    <System>
      <Provider Name=""Microsoft-Windows-Sysmon"" Guid=""{5770385f-c22a-43e0-bf4c-06f5698ffbd9}""/>
      <EventID>22</EventID>
      <Version>5</Version>
      <Level>4</Level>
      <Task>22</Task>
      <Opcode>0</Opcode>
      <Keywords>0x8000000000000000</Keywords>
      <TimeCreated SystemTime=""2023-12-28T08:42:44.5123084Z""/>
      <EventRecordID>9493</EventRecordID>
      <Correlation/>
      <Execution ProcessID=""7044"" ThreadID=""1124""/>
      <Channel>Microsoft-Windows-Sysmon/Operational</Channel>
      <Computer>WinDev2309Eval</Computer>
      <Security UserID=""S-1-5-18""/>
    </System>
    <EventData>
      <Data Name=""RuleName"">-</Data>
      <Data Name=""UtcTime"">2023-12-27 23:54:26.060</Data>
      <Data Name=""ProcessGuid"">{fda94052-34f2-658d-2300-000000000b00}</Data>
      <Data Name=""ProcessId"">1712</Data>
      <Data Name=""QueryName"">_ldap._tcp.dc._msdcs.localdomain</Data>
      <Data Name=""QueryStatus"">123</Data>
      <Data Name=""QueryResults"">-</Data>
      <Data Name=""Image"">C:\Windows\System32\svchost.exe</Data>
      <Data Name=""User"">NT AUTHORITY\NETWORK SERVICE</Data>
    </EventData>
    <RenderingInfo Culture=""en-US"">
      <Message>Dns query:

RuleName: -

UtcTime: 2023-12-27 23:54:26.060

ProcessGuid: {fda94052-34f2-658d-2300-000000000b00}

ProcessId: 1712

QueryName: _ldap._tcp.dc._msdcs.localdomain

QueryStatus: 123

QueryResults: -

Image: C:\Windows\System32\svchost.exe

User: NT AUTHORITY\NETWORK SERVICE</Message>
      <Level>Information</Level>
      <Task>Dns query (rule: DnsQuery)</Task>
      <Opcode>Info</Opcode>
    </RenderingInfo>
  </Event>
  
"
Microsoft-Windows-Sysmon/Operational,,,WinDev2309Eval,,,,,,,,,,22,9492,,,,C:\Windows\System32\svchost.exe,,,0x8000000000000000,Information,,,"Dns query:

RuleName: -

UtcTime: 2023-12-27 23:54:25.775

ProcessGuid: {fda94052-34f2-658d-2300-000000000b00}

ProcessId: 1712

QueryName: www.msftconnecttest.com

QueryStatus: 0

QueryResults: type: 5 ncsi-geo.trafficmanager.net;type: 5 www.msftncsi.com.edgesuite.net;type: 5 a1961.g2.akamai.net;::ffff:96.17.178.196;::ffff:96.17.178.184;

Image: C:\Windows\System32\svchost.exe

User: NT AUTHORITY\NETWORK SERVICE",Info,,,,,,,{fda94052-34f2-658d-2300-000000000b00},7044,1712,,,www.msftconnecttest.com,type: 5 ncsi-geo.trafficmanager.net;type: 5 www.msftncsi.com.edgesuite.net;type: 5 a1961.g2.akamai.net;::ffff:96.17.178.196;::ffff:96.17.178.184;,0,"
      ",-,,,,,,2023-12-28T08:42:44.5111184Z,,,Dns query (rule: DnsQuery),,1124,NT AUTHORITY\NETWORK SERVICE,S-1-5-18,2023-12-27 23:54:25.775,5,"<Event xmlns=""http://schemas.microsoft.com/win/2004/08/events/event"">
    <System>
      <Provider Name=""Microsoft-Windows-Sysmon"" Guid=""{5770385f-c22a-43e0-bf4c-06f5698ffbd9}""/>
      <EventID>22</EventID>
      <Version>5</Version>
      <Level>4</Level>
      <Task>22</Task>
      <Opcode>0</Opcode>
      <Keywords>0x8000000000000000</Keywords>
      <TimeCreated SystemTime=""2023-12-28T08:42:44.5111184Z""/>
      <EventRecordID>9492</EventRecordID>
      <Correlation/>
      <Execution ProcessID=""7044"" ThreadID=""1124""/>
      <Channel>Microsoft-Windows-Sysmon/Operational</Channel>
      <Computer>WinDev2309Eval</Computer>
      <Security UserID=""S-1-5-18""/>
    </System>
    <EventData>
      <Data Name=""RuleName"">-</Data>
      <Data Name=""UtcTime"">2023-12-27 23:54:25.775</Data>
      <Data Name=""ProcessGuid"">{fda94052-34f2-658d-2300-000000000b00}</Data>
      <Data Name=""ProcessId"">1712</Data>
      <Data Name=""QueryName"">www.msftconnecttest.com</Data>
      <Data Name=""QueryStatus"">0</Data>
      <Data Name=""QueryResults"">type: 5 ncsi-geo.trafficmanager.net;type: 5 www.msftncsi.com.edgesuite.net;type: 5 a1961.g2.akamai.net;::ffff:96.17.178.196;::ffff:96.17.178.184;</Data>
      <Data Name=""Image"">C:\Windows\System32\svchost.exe</Data>
      <Data Name=""User"">NT AUTHORITY\NETWORK SERVICE</Data>
    </EventData>
    <RenderingInfo Culture=""en-US"">
      <Message>Dns query:

RuleName: -

UtcTime: 2023-12-27 23:54:25.775

ProcessGuid: {fda94052-34f2-658d-2300-000000000b00}

ProcessId: 1712

QueryName: www.msftconnecttest.com

QueryStatus: 0

QueryResults: type: 5 ncsi-geo.trafficmanager.net;type: 5 www.msftncsi.com.edgesuite.net;type: 5 a1961.g2.akamai.net;::ffff:96.17.178.196;::ffff:96.17.178.184;

Image: C:\Windows\System32\svchost.exe

User: NT AUTHORITY\NETWORK SERVICE</Message>
      <Level>Information</Level>
      <Task>Dns query (rule: DnsQuery)</Task>
      <Opcode>Info</Opcode>
    </RenderingInfo>
  </Event>
  
"
Microsoft-Windows-Sysmon/Operational,,,WinDev2309Eval,,,,,,,,,,22,9491,,,,C:\Windows\system32\svchost.exe,,,0x8000000000000000,Information,,,"Dns query:

RuleName: -

UtcTime: 2023-12-27 23:54:25.728

ProcessGuid: {fda94052-34f2-658d-3f00-000000000b00}

ProcessId: 2948

QueryName: wpad

QueryStatus: 123

QueryResults: -

Image: C:\Windows\system32\svchost.exe

User: NT AUTHORITY\LOCAL SERVICE",Info,,,,,,,{fda94052-34f2-658d-3f00-000000000b00},7044,2948,,,wpad,-,123,"
      ",-,,,,,,2023-12-28T08:42:44.5098360Z,,,Dns query (rule: DnsQuery),,1124,NT AUTHORITY\LOCAL SERVICE,S-1-5-18,2023-12-27 23:54:25.728,5,"<Event xmlns=""http://schemas.microsoft.com/win/2004/08/events/event"">
    <System>
      <Provider Name=""Microsoft-Windows-Sysmon"" Guid=""{5770385f-c22a-43e0-bf4c-06f5698ffbd9}""/>
      <EventID>22</EventID>
      <Version>5</Version>
      <Level>4</Level>
      <Task>22</Task>
      <Opcode>0</Opcode>
      <Keywords>0x8000000000000000</Keywords>
      <TimeCreated SystemTime=""2023-12-28T08:42:44.5098360Z""/>
      <EventRecordID>9491</EventRecordID>
      <Correlation/>
      <Execution ProcessID=""7044"" ThreadID=""1124""/>
      <Channel>Microsoft-Windows-Sysmon/Operational</Channel>
      <Computer>WinDev2309Eval</Computer>
      <Security UserID=""S-1-5-18""/>
    </System>
    <EventData>
      <Data Name=""RuleName"">-</Data>
      <Data Name=""UtcTime"">2023-12-27 23:54:25.728</Data>
      <Data Name=""ProcessGuid"">{fda94052-34f2-658d-3f00-000000000b00}</Data>
      <Data Name=""ProcessId"">2948</Data>
      <Data Name=""QueryName"">wpad</Data>
      <Data Name=""QueryStatus"">123</Data>
      <Data Name=""QueryResults"">-</Data>
      <Data Name=""Image"">C:\Windows\system32\svchost.exe</Data>
      <Data Name=""User"">NT AUTHORITY\LOCAL SERVICE</Data>
    </EventData>
    <RenderingInfo Culture=""en-US"">
      <Message>Dns query:

RuleName: -

UtcTime: 2023-12-27 23:54:25.728

ProcessGuid: {fda94052-34f2-658d-3f00-000000000b00}

ProcessId: 2948

QueryName: wpad

QueryStatus: 123

QueryResults: -

Image: C:\Windows\system32\svchost.exe

User: NT AUTHORITY\LOCAL SERVICE</Message>
      <Level>Information</Level>
      <Task>Dns query (rule: DnsQuery)</Task>
      <Opcode>Info</Opcode>
    </RenderingInfo>
  </Event>
  
"
Microsoft-Windows-Sysmon/Operational,,,WinDev2309Eval,,,,,,,,,,22,9490,,,,C:\Windows\System32\svchost.exe,,,0x8000000000000000,Information,,,"Dns query:

RuleName: -

UtcTime: 2023-12-27 23:54:25.041

ProcessGuid: {fda94052-34f2-658d-2300-000000000b00}

ProcessId: 1712

QueryName: _ldap._tcp.dc._msdcs.localdomain

QueryStatus: 123

QueryResults: -

Image: C:\Windows\System32\svchost.exe

User: NT AUTHORITY\NETWORK SERVICE",Info,,,,,,,{fda94052-34f2-658d-2300-000000000b00},7044,1712,,,_ldap._tcp.dc._msdcs.localdomain,-,123,"
      ",-,,,,,,2023-12-28T08:42:44.5090988Z,,,Dns query (rule: DnsQuery),,1124,NT AUTHORITY\NETWORK SERVICE,S-1-5-18,2023-12-27 23:54:25.041,5,"<Event xmlns=""http://schemas.microsoft.com/win/2004/08/events/event"">
    <System>
      <Provider Name=""Microsoft-Windows-Sysmon"" Guid=""{5770385f-c22a-43e0-bf4c-06f5698ffbd9}""/>
      <EventID>22</EventID>
      <Version>5</Version>
      <Level>4</Level>
      <Task>22</Task>
      <Opcode>0</Opcode>
      <Keywords>0x8000000000000000</Keywords>
      <TimeCreated SystemTime=""2023-12-28T08:42:44.5090988Z""/>
      <EventRecordID>9490</EventRecordID>
      <Correlation/>
      <Execution ProcessID=""7044"" ThreadID=""1124""/>
      <Channel>Microsoft-Windows-Sysmon/Operational</Channel>
      <Computer>WinDev2309Eval</Computer>
      <Security UserID=""S-1-5-18""/>
    </System>
    <EventData>
      <Data Name=""RuleName"">-</Data>
      <Data Name=""UtcTime"">2023-12-27 23:54:25.041</Data>
      <Data Name=""ProcessGuid"">{fda94052-34f2-658d-2300-000000000b00}</Data>
      <Data Name=""ProcessId"">1712</Data>
      <Data Name=""QueryName"">_ldap._tcp.dc._msdcs.localdomain</Data>
      <Data Name=""QueryStatus"">123</Data>
      <Data Name=""QueryResults"">-</Data>
      <Data Name=""Image"">C:\Windows\System32\svchost.exe</Data>
      <Data Name=""User"">NT AUTHORITY\NETWORK SERVICE</Data>
    </EventData>
    <RenderingInfo Culture=""en-US"">
      <Message>Dns query:

RuleName: -

UtcTime: 2023-12-27 23:54:25.041

ProcessGuid: {fda94052-34f2-658d-2300-000000000b00}

ProcessId: 1712

QueryName: _ldap._tcp.dc._msdcs.localdomain

QueryStatus: 123

QueryResults: -

Image: C:\Windows\System32\svchost.exe

User: NT AUTHORITY\NETWORK SERVICE</Message>
      <Level>Information</Level>
      <Task>Dns query (rule: DnsQuery)</Task>
      <Opcode>Info</Opcode>
    </RenderingInfo>
  </Event>
  
"
Microsoft-Windows-Sysmon/Operational,,,WinDev2309Eval,,,,,,,,,,22,9489,,,,C:\Windows\System32\svchost.exe,,,0x8000000000000000,Information,,,"Dns query:

RuleName: -

UtcTime: 2023-12-27 23:54:24.526

ProcessGuid: {fda94052-34f2-658d-2300-000000000b00}

ProcessId: 1712

QueryName: _ldap._tcp.dc._msdcs.localdomain

QueryStatus: 123

QueryResults: -

Image: C:\Windows\System32\svchost.exe

User: NT AUTHORITY\NETWORK SERVICE",Info,,,,,,,{fda94052-34f2-658d-2300-000000000b00},7044,1712,,,_ldap._tcp.dc._msdcs.localdomain,-,123,"
      ",-,,,,,,2023-12-28T08:42:44.5076708Z,,,Dns query (rule: DnsQuery),,1124,NT AUTHORITY\NETWORK SERVICE,S-1-5-18,2023-12-27 23:54:24.526,5,"<Event xmlns=""http://schemas.microsoft.com/win/2004/08/events/event"">
    <System>
      <Provider Name=""Microsoft-Windows-Sysmon"" Guid=""{5770385f-c22a-43e0-bf4c-06f5698ffbd9}""/>
      <EventID>22</EventID>
      <Version>5</Version>
      <Level>4</Level>
      <Task>22</Task>
      <Opcode>0</Opcode>
      <Keywords>0x8000000000000000</Keywords>
      <TimeCreated SystemTime=""2023-12-28T08:42:44.5076708Z""/>
      <EventRecordID>9489</EventRecordID>
      <Correlation/>
      <Execution ProcessID=""7044"" ThreadID=""1124""/>
      <Channel>Microsoft-Windows-Sysmon/Operational</Channel>
      <Computer>WinDev2309Eval</Computer>
      <Security UserID=""S-1-5-18""/>
    </System>
    <EventData>
      <Data Name=""RuleName"">-</Data>
      <Data Name=""UtcTime"">2023-12-27 23:54:24.526</Data>
      <Data Name=""ProcessGuid"">{fda94052-34f2-658d-2300-000000000b00}</Data>
      <Data Name=""ProcessId"">1712</Data>
      <Data Name=""QueryName"">_ldap._tcp.dc._msdcs.localdomain</Data>
      <Data Name=""QueryStatus"">123</Data>
      <Data Name=""QueryResults"">-</Data>
      <Data Name=""Image"">C:\Windows\System32\svchost.exe</Data>
      <Data Name=""User"">NT AUTHORITY\NETWORK SERVICE</Data>
    </EventData>
    <RenderingInfo Culture=""en-US"">
      <Message>Dns query:

RuleName: -

UtcTime: 2023-12-27 23:54:24.526

ProcessGuid: {fda94052-34f2-658d-2300-000000000b00}

ProcessId: 1712

QueryName: _ldap._tcp.dc._msdcs.localdomain

QueryStatus: 123

QueryResults: -

Image: C:\Windows\System32\svchost.exe

User: NT AUTHORITY\NETWORK SERVICE</Message>
      <Level>Information</Level>
      <Task>Dns query (rule: DnsQuery)</Task>
      <Opcode>Info</Opcode>
    </RenderingInfo>
  </Event>
  
"
Microsoft-Windows-Sysmon/Operational,,,WinDev2309Eval,,,,,,,,,Binary Data,13,9488,SetValue,,,C:\Windows\System32\svchost.exe,,,0x8000000000000000,Information,,,"Registry value set:

RuleName: -

EventType: SetValue

UtcTime: 2023-12-28 08:42:43.865

ProcessGuid: {fda94052-34f2-658d-2300-000000000b00}

ProcessId: 1712

Image: C:\Windows\System32\svchost.exe

TargetObject: HKLM\SOFTWARE\Microsoft\Windows NT\CurrentVersion\NetworkList\Profiles\{F78CBA21-1080-4D52-B21A-137E013ED497}\DateLastConnected

Details: Binary Data

User: NT AUTHORITY\NETWORK SERVICE",Info,,,,,,,{fda94052-34f2-658d-2300-000000000b00},7044,1712,,,,,,"
      ",-,,,,,,2023-12-28T08:42:43.8839028Z,,HKLM\SOFTWARE\Microsoft\Windows NT\CurrentVersion\NetworkList\Profiles\{F78CBA21-1080-4D52-B21A-137E013ED497}\DateLastConnected,Registry value set (rule: RegistryEvent),,6672,NT AUTHORITY\NETWORK SERVICE,S-1-5-18,2023-12-28 08:42:43.865,2,"<Event xmlns=""http://schemas.microsoft.com/win/2004/08/events/event"">
    <System>
      <Provider Name=""Microsoft-Windows-Sysmon"" Guid=""{5770385f-c22a-43e0-bf4c-06f5698ffbd9}""/>
      <EventID>13</EventID>
      <Version>2</Version>
      <Level>4</Level>
      <Task>13</Task>
      <Opcode>0</Opcode>
      <Keywords>0x8000000000000000</Keywords>
      <TimeCreated SystemTime=""2023-12-28T08:42:43.8839028Z""/>
      <EventRecordID>9488</EventRecordID>
      <Correlation/>
      <Execution ProcessID=""7044"" ThreadID=""6672""/>
      <Channel>Microsoft-Windows-Sysmon/Operational</Channel>
      <Computer>WinDev2309Eval</Computer>
      <Security UserID=""S-1-5-18""/>
    </System>
    <EventData>
      <Data Name=""RuleName"">-</Data>
      <Data Name=""EventType"">SetValue</Data>
      <Data Name=""UtcTime"">2023-12-28 08:42:43.865</Data>
      <Data Name=""ProcessGuid"">{fda94052-34f2-658d-2300-000000000b00}</Data>
      <Data Name=""ProcessId"">1712</Data>
      <Data Name=""Image"">C:\Windows\System32\svchost.exe</Data>
      <Data Name=""TargetObject"">HKLM\SOFTWARE\Microsoft\Windows NT\CurrentVersion\NetworkList\Profiles\{F78CBA21-1080-4D52-B21A-137E013ED497}\DateLastConnected</Data>
      <Data Name=""Details"">Binary Data</Data>
      <Data Name=""User"">NT AUTHORITY\NETWORK SERVICE</Data>
    </EventData>
    <RenderingInfo Culture=""en-US"">
      <Message>Registry value set:

RuleName: -

EventType: SetValue

UtcTime: 2023-12-28 08:42:43.865

ProcessGuid: {fda94052-34f2-658d-2300-000000000b00}

ProcessId: 1712

Image: C:\Windows\System32\svchost.exe

TargetObject: HKLM\SOFTWARE\Microsoft\Windows NT\CurrentVersion\NetworkList\Profiles\{F78CBA21-1080-4D52-B21A-137E013ED497}\DateLastConnected

Details: Binary Data

User: NT AUTHORITY\NETWORK SERVICE</Message>
      <Level>Information</Level>
      <Task>Registry value set (rule: RegistryEvent)</Task>
      <Opcode>Info</Opcode>
    </RenderingInfo>
  </Event>
  
"
Microsoft-Windows-Sysmon/Operational,,,WinDev2309Eval,,,,,,,,,,22,9487,,,,C:\Windows\System32\spoolsv.exe,,,0x8000000000000000,Information,,,"Dns query:

RuleName: -

UtcTime: 2023-12-27 23:54:24.519

ProcessGuid: {fda94052-34f3-658d-4600-000000000b00}

ProcessId: 3272

QueryName: WINDEV2309EVAL

QueryStatus: 0

QueryResults: fe80::999c:955f:96ba:d8a1;fe80::e140:ce54:c800:647e;

Image: C:\Windows\System32\spoolsv.exe

User: NT AUTHORITY\SYSTEM",Info,,,,,,,{fda94052-34f3-658d-4600-000000000b00},7044,3272,,,WINDEV2309EVAL,fe80::999c:955f:96ba:d8a1;fe80::e140:ce54:c800:647e;,0,"
      ",-,,,,,,2023-12-28T08:42:43.5070063Z,,,Dns query (rule: DnsQuery),,1124,NT AUTHORITY\SYSTEM,S-1-5-18,2023-12-27 23:54:24.519,5,"<Event xmlns=""http://schemas.microsoft.com/win/2004/08/events/event"">
    <System>
      <Provider Name=""Microsoft-Windows-Sysmon"" Guid=""{5770385f-c22a-43e0-bf4c-06f5698ffbd9}""/>
      <EventID>22</EventID>
      <Version>5</Version>
      <Level>4</Level>
      <Task>22</Task>
      <Opcode>0</Opcode>
      <Keywords>0x8000000000000000</Keywords>
      <TimeCreated SystemTime=""2023-12-28T08:42:43.5070063Z""/>
      <EventRecordID>9487</EventRecordID>
      <Correlation/>
      <Execution ProcessID=""7044"" ThreadID=""1124""/>
      <Channel>Microsoft-Windows-Sysmon/Operational</Channel>
      <Computer>WinDev2309Eval</Computer>
      <Security UserID=""S-1-5-18""/>
    </System>
    <EventData>
      <Data Name=""RuleName"">-</Data>
      <Data Name=""UtcTime"">2023-12-27 23:54:24.519</Data>
      <Data Name=""ProcessGuid"">{fda94052-34f3-658d-4600-000000000b00}</Data>
      <Data Name=""ProcessId"">3272</Data>
      <Data Name=""QueryName"">WINDEV2309EVAL</Data>
      <Data Name=""QueryStatus"">0</Data>
      <Data Name=""QueryResults"">fe80::999c:955f:96ba:d8a1;fe80::e140:ce54:c800:647e;</Data>
      <Data Name=""Image"">C:\Windows\System32\spoolsv.exe</Data>
      <Data Name=""User"">NT AUTHORITY\SYSTEM</Data>
    </EventData>
    <RenderingInfo Culture=""en-US"">
      <Message>Dns query:

RuleName: -

UtcTime: 2023-12-27 23:54:24.519

ProcessGuid: {fda94052-34f3-658d-4600-000000000b00}

ProcessId: 3272

QueryName: WINDEV2309EVAL

QueryStatus: 0

QueryResults: fe80::999c:955f:96ba:d8a1;fe80::e140:ce54:c800:647e;

Image: C:\Windows\System32\spoolsv.exe

User: NT AUTHORITY\SYSTEM</Message>
      <Level>Information</Level>
      <Task>Dns query (rule: DnsQuery)</Task>
      <Opcode>Info</Opcode>
    </RenderingInfo>
  </Event>
  
"
Microsoft-Windows-Sysmon/Operational,,,WinDev2309Eval,,,,,,,,,,22,9486,,,,C:\Windows\System32\spoolsv.exe,,,0x8000000000000000,Information,,,"Dns query:

RuleName: -

UtcTime: 2023-12-27 23:54:24.519

ProcessGuid: {fda94052-34f3-658d-4600-000000000b00}

ProcessId: 3272

QueryName: WINDEV2309EVAL

QueryStatus: 0

QueryResults: 192.168.126.164;

Image: C:\Windows\System32\spoolsv.exe

User: NT AUTHORITY\SYSTEM",Info,,,,,,,{fda94052-34f3-658d-4600-000000000b00},7044,3272,,,WINDEV2309EVAL,192.168.126.164;,0,"
      ",-,,,,,,2023-12-28T08:42:43.5057986Z,,,Dns query (rule: DnsQuery),,1124,NT AUTHORITY\SYSTEM,S-1-5-18,2023-12-27 23:54:24.519,5,"<Event xmlns=""http://schemas.microsoft.com/win/2004/08/events/event"">
    <System>
      <Provider Name=""Microsoft-Windows-Sysmon"" Guid=""{5770385f-c22a-43e0-bf4c-06f5698ffbd9}""/>
      <EventID>22</EventID>
      <Version>5</Version>
      <Level>4</Level>
      <Task>22</Task>
      <Opcode>0</Opcode>
      <Keywords>0x8000000000000000</Keywords>
      <TimeCreated SystemTime=""2023-12-28T08:42:43.5057986Z""/>
      <EventRecordID>9486</EventRecordID>
      <Correlation/>
      <Execution ProcessID=""7044"" ThreadID=""1124""/>
      <Channel>Microsoft-Windows-Sysmon/Operational</Channel>
      <Computer>WinDev2309Eval</Computer>
      <Security UserID=""S-1-5-18""/>
    </System>
    <EventData>
      <Data Name=""RuleName"">-</Data>
      <Data Name=""UtcTime"">2023-12-27 23:54:24.519</Data>
      <Data Name=""ProcessGuid"">{fda94052-34f3-658d-4600-000000000b00}</Data>
      <Data Name=""ProcessId"">3272</Data>
      <Data Name=""QueryName"">WINDEV2309EVAL</Data>
      <Data Name=""QueryStatus"">0</Data>
      <Data Name=""QueryResults"">192.168.126.164;</Data>
      <Data Name=""Image"">C:\Windows\System32\spoolsv.exe</Data>
      <Data Name=""User"">NT AUTHORITY\SYSTEM</Data>
    </EventData>
    <RenderingInfo Culture=""en-US"">
      <Message>Dns query:

RuleName: -

UtcTime: 2023-12-27 23:54:24.519

ProcessGuid: {fda94052-34f3-658d-4600-000000000b00}

ProcessId: 3272

QueryName: WINDEV2309EVAL

QueryStatus: 0

QueryResults: 192.168.126.164;

Image: C:\Windows\System32\spoolsv.exe

User: NT AUTHORITY\SYSTEM</Message>
      <Level>Information</Level>
      <Task>Dns query (rule: DnsQuery)</Task>
      <Opcode>Info</Opcode>
    </RenderingInfo>
  </Event>
  
"
Microsoft-Windows-Sysmon/Operational,,,WinDev2309Eval,,,,,,,,,,22,9485,,,,C:\Windows\System32\svchost.exe,,,0x8000000000000000,Information,,,"Dns query:

RuleName: -

UtcTime: 2023-12-27 23:54:24.071

ProcessGuid: {fda94052-34f2-658d-2300-000000000b00}

ProcessId: 1712

QueryName: _ldap._tcp.dc._msdcs.localdomain

QueryStatus: 123

QueryResults: -

Image: C:\Windows\System32\svchost.exe

User: NT AUTHORITY\NETWORK SERVICE",Info,,,,,,,{fda94052-34f2-658d-2300-000000000b00},7044,1712,,,_ldap._tcp.dc._msdcs.localdomain,-,123,"
      ",-,,,,,,2023-12-28T08:42:42.4942038Z,,,Dns query (rule: DnsQuery),,1124,NT AUTHORITY\NETWORK SERVICE,S-1-5-18,2023-12-27 23:54:24.071,5,"<Event xmlns=""http://schemas.microsoft.com/win/2004/08/events/event"">
    <System>
      <Provider Name=""Microsoft-Windows-Sysmon"" Guid=""{5770385f-c22a-43e0-bf4c-06f5698ffbd9}""/>
      <EventID>22</EventID>
      <Version>5</Version>
      <Level>4</Level>
      <Task>22</Task>
      <Opcode>0</Opcode>
      <Keywords>0x8000000000000000</Keywords>
      <TimeCreated SystemTime=""2023-12-28T08:42:42.4942038Z""/>
      <EventRecordID>9485</EventRecordID>
      <Correlation/>
      <Execution ProcessID=""7044"" ThreadID=""1124""/>
      <Channel>Microsoft-Windows-Sysmon/Operational</Channel>
      <Computer>WinDev2309Eval</Computer>
      <Security UserID=""S-1-5-18""/>
    </System>
    <EventData>
      <Data Name=""RuleName"">-</Data>
      <Data Name=""UtcTime"">2023-12-27 23:54:24.071</Data>
      <Data Name=""ProcessGuid"">{fda94052-34f2-658d-2300-000000000b00}</Data>
      <Data Name=""ProcessId"">1712</Data>
      <Data Name=""QueryName"">_ldap._tcp.dc._msdcs.localdomain</Data>
      <Data Name=""QueryStatus"">123</Data>
      <Data Name=""QueryResults"">-</Data>
      <Data Name=""Image"">C:\Windows\System32\svchost.exe</Data>
      <Data Name=""User"">NT AUTHORITY\NETWORK SERVICE</Data>
    </EventData>
    <RenderingInfo Culture=""en-US"">
      <Message>Dns query:

RuleName: -

UtcTime: 2023-12-27 23:54:24.071

ProcessGuid: {fda94052-34f2-658d-2300-000000000b00}

ProcessId: 1712

QueryName: _ldap._tcp.dc._msdcs.localdomain

QueryStatus: 123

QueryResults: -

Image: C:\Windows\System32\svchost.exe

User: NT AUTHORITY\NETWORK SERVICE</Message>
      <Level>Information</Level>
      <Task>Dns query (rule: DnsQuery)</Task>
      <Opcode>Info</Opcode>
    </RenderingInfo>
  </Event>
  
"
Microsoft-Windows-Sysmon/Operational,,,WinDev2309Eval,,,,,,,,,,22,9484,,,,C:\Windows\System32\spoolsv.exe,,,0x8000000000000000,Information,,,"Dns query:

RuleName: -

UtcTime: 2023-12-27 23:54:24.049

ProcessGuid: {fda94052-34f3-658d-4600-000000000b00}

ProcessId: 3272

QueryName: WINDEV2309EVAL

QueryStatus: 0

QueryResults: fe80::999c:955f:96ba:d8a1;fe80::e140:ce54:c800:647e;

Image: C:\Windows\System32\spoolsv.exe

User: NT AUTHORITY\SYSTEM",Info,,,,,,,{fda94052-34f3-658d-4600-000000000b00},7044,3272,,,WINDEV2309EVAL,fe80::999c:955f:96ba:d8a1;fe80::e140:ce54:c800:647e;,0,"
      ",-,,,,,,2023-12-28T08:42:42.4935209Z,,,Dns query (rule: DnsQuery),,1124,NT AUTHORITY\SYSTEM,S-1-5-18,2023-12-27 23:54:24.049,5,"<Event xmlns=""http://schemas.microsoft.com/win/2004/08/events/event"">
    <System>
      <Provider Name=""Microsoft-Windows-Sysmon"" Guid=""{5770385f-c22a-43e0-bf4c-06f5698ffbd9}""/>
      <EventID>22</EventID>
      <Version>5</Version>
      <Level>4</Level>
      <Task>22</Task>
      <Opcode>0</Opcode>
      <Keywords>0x8000000000000000</Keywords>
      <TimeCreated SystemTime=""2023-12-28T08:42:42.4935209Z""/>
      <EventRecordID>9484</EventRecordID>
      <Correlation/>
      <Execution ProcessID=""7044"" ThreadID=""1124""/>
      <Channel>Microsoft-Windows-Sysmon/Operational</Channel>
      <Computer>WinDev2309Eval</Computer>
      <Security UserID=""S-1-5-18""/>
    </System>
    <EventData>
      <Data Name=""RuleName"">-</Data>
      <Data Name=""UtcTime"">2023-12-27 23:54:24.049</Data>
      <Data Name=""ProcessGuid"">{fda94052-34f3-658d-4600-000000000b00}</Data>
      <Data Name=""ProcessId"">3272</Data>
      <Data Name=""QueryName"">WINDEV2309EVAL</Data>
      <Data Name=""QueryStatus"">0</Data>
      <Data Name=""QueryResults"">fe80::999c:955f:96ba:d8a1;fe80::e140:ce54:c800:647e;</Data>
      <Data Name=""Image"">C:\Windows\System32\spoolsv.exe</Data>
      <Data Name=""User"">NT AUTHORITY\SYSTEM</Data>
    </EventData>
    <RenderingInfo Culture=""en-US"">
      <Message>Dns query:

RuleName: -

UtcTime: 2023-12-27 23:54:24.049

ProcessGuid: {fda94052-34f3-658d-4600-000000000b00}

ProcessId: 3272

QueryName: WINDEV2309EVAL

QueryStatus: 0

QueryResults: fe80::999c:955f:96ba:d8a1;fe80::e140:ce54:c800:647e;

Image: C:\Windows\System32\spoolsv.exe

User: NT AUTHORITY\SYSTEM</Message>
      <Level>Information</Level>
      <Task>Dns query (rule: DnsQuery)</Task>
      <Opcode>Info</Opcode>
    </RenderingInfo>
  </Event>
  
"
Microsoft-Windows-Sysmon/Operational,,,WinDev2309Eval,,,,,,,,,,22,9483,,,,C:\Windows\System32\spoolsv.exe,,,0x8000000000000000,Information,,,"Dns query:

RuleName: -

UtcTime: 2023-12-27 23:54:24.049

ProcessGuid: {fda94052-34f3-658d-4600-000000000b00}

ProcessId: 3272

QueryName: WINDEV2309EVAL

QueryStatus: 0

QueryResults: 192.168.126.164;

Image: C:\Windows\System32\spoolsv.exe

User: NT AUTHORITY\SYSTEM",Info,,,,,,,{fda94052-34f3-658d-4600-000000000b00},7044,3272,,,WINDEV2309EVAL,192.168.126.164;,0,"
      ",-,,,,,,2023-12-28T08:42:42.4927684Z,,,Dns query (rule: DnsQuery),,1124,NT AUTHORITY\SYSTEM,S-1-5-18,2023-12-27 23:54:24.049,5,"<Event xmlns=""http://schemas.microsoft.com/win/2004/08/events/event"">
    <System>
      <Provider Name=""Microsoft-Windows-Sysmon"" Guid=""{5770385f-c22a-43e0-bf4c-06f5698ffbd9}""/>
      <EventID>22</EventID>
      <Version>5</Version>
      <Level>4</Level>
      <Task>22</Task>
      <Opcode>0</Opcode>
      <Keywords>0x8000000000000000</Keywords>
      <TimeCreated SystemTime=""2023-12-28T08:42:42.4927684Z""/>
      <EventRecordID>9483</EventRecordID>
      <Correlation/>
      <Execution ProcessID=""7044"" ThreadID=""1124""/>
      <Channel>Microsoft-Windows-Sysmon/Operational</Channel>
      <Computer>WinDev2309Eval</Computer>
      <Security UserID=""S-1-5-18""/>
    </System>
    <EventData>
      <Data Name=""RuleName"">-</Data>
      <Data Name=""UtcTime"">2023-12-27 23:54:24.049</Data>
      <Data Name=""ProcessGuid"">{fda94052-34f3-658d-4600-000000000b00}</Data>
      <Data Name=""ProcessId"">3272</Data>
      <Data Name=""QueryName"">WINDEV2309EVAL</Data>
      <Data Name=""QueryStatus"">0</Data>
      <Data Name=""QueryResults"">192.168.126.164;</Data>
      <Data Name=""Image"">C:\Windows\System32\spoolsv.exe</Data>
      <Data Name=""User"">NT AUTHORITY\SYSTEM</Data>
    </EventData>
    <RenderingInfo Culture=""en-US"">
      <Message>Dns query:

RuleName: -

UtcTime: 2023-12-27 23:54:24.049

ProcessGuid: {fda94052-34f3-658d-4600-000000000b00}

ProcessId: 3272

QueryName: WINDEV2309EVAL

QueryStatus: 0

QueryResults: 192.168.126.164;

Image: C:\Windows\System32\spoolsv.exe

User: NT AUTHORITY\SYSTEM</Message>
      <Level>Information</Level>
      <Task>Dns query (rule: DnsQuery)</Task>
      <Opcode>Info</Opcode>
    </RenderingInfo>
  </Event>
  
"
Microsoft-Windows-Sysmon/Operational,,,WinDev2309Eval,,,,,,,,,,22,9482,,,,C:\Windows\System32\svchost.exe,,,0x8000000000000000,Information,,,"Dns query:

RuleName: -

UtcTime: 2023-12-27 23:54:23.315

ProcessGuid: {fda94052-34f2-658d-2300-000000000b00}

ProcessId: 1712

QueryName: _ldap._tcp.dc._msdcs.localdomain

QueryStatus: 123

QueryResults: -

Image: C:\Windows\System32\svchost.exe

User: NT AUTHORITY\NETWORK SERVICE",Info,,,,,,,{fda94052-34f2-658d-2300-000000000b00},7044,1712,,,_ldap._tcp.dc._msdcs.localdomain,-,123,"
      ",-,,,,,,2023-12-28T08:42:42.4919986Z,,,Dns query (rule: DnsQuery),,1124,NT AUTHORITY\NETWORK SERVICE,S-1-5-18,2023-12-27 23:54:23.315,5,"<Event xmlns=""http://schemas.microsoft.com/win/2004/08/events/event"">
    <System>
      <Provider Name=""Microsoft-Windows-Sysmon"" Guid=""{5770385f-c22a-43e0-bf4c-06f5698ffbd9}""/>
      <EventID>22</EventID>
      <Version>5</Version>
      <Level>4</Level>
      <Task>22</Task>
      <Opcode>0</Opcode>
      <Keywords>0x8000000000000000</Keywords>
      <TimeCreated SystemTime=""2023-12-28T08:42:42.4919986Z""/>
      <EventRecordID>9482</EventRecordID>
      <Correlation/>
      <Execution ProcessID=""7044"" ThreadID=""1124""/>
      <Channel>Microsoft-Windows-Sysmon/Operational</Channel>
      <Computer>WinDev2309Eval</Computer>
      <Security UserID=""S-1-5-18""/>
    </System>
    <EventData>
      <Data Name=""RuleName"">-</Data>
      <Data Name=""UtcTime"">2023-12-27 23:54:23.315</Data>
      <Data Name=""ProcessGuid"">{fda94052-34f2-658d-2300-000000000b00}</Data>
      <Data Name=""ProcessId"">1712</Data>
      <Data Name=""QueryName"">_ldap._tcp.dc._msdcs.localdomain</Data>
      <Data Name=""QueryStatus"">123</Data>
      <Data Name=""QueryResults"">-</Data>
      <Data Name=""Image"">C:\Windows\System32\svchost.exe</Data>
      <Data Name=""User"">NT AUTHORITY\NETWORK SERVICE</Data>
    </EventData>
    <RenderingInfo Culture=""en-US"">
      <Message>Dns query:

RuleName: -

UtcTime: 2023-12-27 23:54:23.315

ProcessGuid: {fda94052-34f2-658d-2300-000000000b00}

ProcessId: 1712

QueryName: _ldap._tcp.dc._msdcs.localdomain

QueryStatus: 123

QueryResults: -

Image: C:\Windows\System32\svchost.exe

User: NT AUTHORITY\NETWORK SERVICE</Message>
      <Level>Information</Level>
      <Task>Dns query (rule: DnsQuery)</Task>
      <Opcode>Info</Opcode>
    </RenderingInfo>
  </Event>
  
"
Microsoft-Windows-Sysmon/Operational,,,WinDev2309Eval,,,,,,,,,,22,9481,,,,C:\Windows\system32\svchost.exe,,,0x8000000000000000,Information,,,"Dns query:

RuleName: -

UtcTime: 2023-12-27 23:54:22.781

ProcessGuid: {fda94052-34f2-658d-3f00-000000000b00}

ProcessId: 2948

QueryName: wpad

QueryStatus: 123

QueryResults: -

Image: C:\Windows\system32\svchost.exe

User: NT AUTHORITY\LOCAL SERVICE",Info,,,,,,,{fda94052-34f2-658d-3f00-000000000b00},7044,2948,,,wpad,-,123,"
      ",-,,,,,,2023-12-28T08:42:42.4910892Z,,,Dns query (rule: DnsQuery),,1124,NT AUTHORITY\LOCAL SERVICE,S-1-5-18,2023-12-27 23:54:22.781,5,"<Event xmlns=""http://schemas.microsoft.com/win/2004/08/events/event"">
    <System>
      <Provider Name=""Microsoft-Windows-Sysmon"" Guid=""{5770385f-c22a-43e0-bf4c-06f5698ffbd9}""/>
      <EventID>22</EventID>
      <Version>5</Version>
      <Level>4</Level>
      <Task>22</Task>
      <Opcode>0</Opcode>
      <Keywords>0x8000000000000000</Keywords>
      <TimeCreated SystemTime=""2023-12-28T08:42:42.4910892Z""/>
      <EventRecordID>9481</EventRecordID>
      <Correlation/>
      <Execution ProcessID=""7044"" ThreadID=""1124""/>
      <Channel>Microsoft-Windows-Sysmon/Operational</Channel>
      <Computer>WinDev2309Eval</Computer>
      <Security UserID=""S-1-5-18""/>
    </System>
    <EventData>
      <Data Name=""RuleName"">-</Data>
      <Data Name=""UtcTime"">2023-12-27 23:54:22.781</Data>
      <Data Name=""ProcessGuid"">{fda94052-34f2-658d-3f00-000000000b00}</Data>
      <Data Name=""ProcessId"">2948</Data>
      <Data Name=""QueryName"">wpad</Data>
      <Data Name=""QueryStatus"">123</Data>
      <Data Name=""QueryResults"">-</Data>
      <Data Name=""Image"">C:\Windows\system32\svchost.exe</Data>
      <Data Name=""User"">NT AUTHORITY\LOCAL SERVICE</Data>
    </EventData>
    <RenderingInfo Culture=""en-US"">
      <Message>Dns query:

RuleName: -

UtcTime: 2023-12-27 23:54:22.781

ProcessGuid: {fda94052-34f2-658d-3f00-000000000b00}

ProcessId: 2948

QueryName: wpad

QueryStatus: 123

QueryResults: -

Image: C:\Windows\system32\svchost.exe

User: NT AUTHORITY\LOCAL SERVICE</Message>
      <Level>Information</Level>
      <Task>Dns query (rule: DnsQuery)</Task>
      <Opcode>Info</Opcode>
    </RenderingInfo>
  </Event>
  
"
Microsoft-Windows-Sysmon/Operational,,,WinDev2309Eval,,,,,,,,,,22,9480,,,,C:\Windows\System32\svchost.exe,,,0x8000000000000000,Information,,,"Dns query:

RuleName: -

UtcTime: 2023-12-27 23:54:22.779

ProcessGuid: {fda94052-34f2-658d-2300-000000000b00}

ProcessId: 1712

QueryName: _ldap._tcp.dc._msdcs.localdomain

QueryStatus: 123

QueryResults: -

Image: C:\Windows\System32\svchost.exe

User: NT AUTHORITY\NETWORK SERVICE",Info,,,,,,,{fda94052-34f2-658d-2300-000000000b00},7044,1712,,,_ldap._tcp.dc._msdcs.localdomain,-,123,"
      ",-,,,,,,2023-12-28T08:42:42.4905571Z,,,Dns query (rule: DnsQuery),,1124,NT AUTHORITY\NETWORK SERVICE,S-1-5-18,2023-12-27 23:54:22.779,5,"<Event xmlns=""http://schemas.microsoft.com/win/2004/08/events/event"">
    <System>
      <Provider Name=""Microsoft-Windows-Sysmon"" Guid=""{5770385f-c22a-43e0-bf4c-06f5698ffbd9}""/>
      <EventID>22</EventID>
      <Version>5</Version>
      <Level>4</Level>
      <Task>22</Task>
      <Opcode>0</Opcode>
      <Keywords>0x8000000000000000</Keywords>
      <TimeCreated SystemTime=""2023-12-28T08:42:42.4905571Z""/>
      <EventRecordID>9480</EventRecordID>
      <Correlation/>
      <Execution ProcessID=""7044"" ThreadID=""1124""/>
      <Channel>Microsoft-Windows-Sysmon/Operational</Channel>
      <Computer>WinDev2309Eval</Computer>
      <Security UserID=""S-1-5-18""/>
    </System>
    <EventData>
      <Data Name=""RuleName"">-</Data>
      <Data Name=""UtcTime"">2023-12-27 23:54:22.779</Data>
      <Data Name=""ProcessGuid"">{fda94052-34f2-658d-2300-000000000b00}</Data>
      <Data Name=""ProcessId"">1712</Data>
      <Data Name=""QueryName"">_ldap._tcp.dc._msdcs.localdomain</Data>
      <Data Name=""QueryStatus"">123</Data>
      <Data Name=""QueryResults"">-</Data>
      <Data Name=""Image"">C:\Windows\System32\svchost.exe</Data>
      <Data Name=""User"">NT AUTHORITY\NETWORK SERVICE</Data>
    </EventData>
    <RenderingInfo Culture=""en-US"">
      <Message>Dns query:

RuleName: -

UtcTime: 2023-12-27 23:54:22.779

ProcessGuid: {fda94052-34f2-658d-2300-000000000b00}

ProcessId: 1712

QueryName: _ldap._tcp.dc._msdcs.localdomain

QueryStatus: 123

QueryResults: -

Image: C:\Windows\System32\svchost.exe

User: NT AUTHORITY\NETWORK SERVICE</Message>
      <Level>Information</Level>
      <Task>Dns query (rule: DnsQuery)</Task>
      <Opcode>Info</Opcode>
    </RenderingInfo>
  </Event>
  
"
Microsoft-Windows-Sysmon/Operational,,,WinDev2309Eval,,,,,,,,,,22,9479,,,,C:\Windows\system32\svchost.exe,,,0x8000000000000000,Information,,,"Dns query:

RuleName: -

UtcTime: 2023-12-27 23:54:22.774

ProcessGuid: {fda94052-34f2-658d-2a00-000000000b00}

ProcessId: 1928

QueryName: WinDev2309Eval

QueryStatus: 0

QueryResults: fe80::e140:ce54:c800:647e;192.168.126.164;

Image: C:\Windows\system32\svchost.exe

User: NT AUTHORITY\NETWORK SERVICE",Info,,,,,,,{fda94052-34f2-658d-2a00-000000000b00},7044,1928,,,WinDev2309Eval,fe80::e140:ce54:c800:647e;192.168.126.164;,0,"
      ",-,,,,,,2023-12-28T08:42:42.4897785Z,,,Dns query (rule: DnsQuery),,1124,NT AUTHORITY\NETWORK SERVICE,S-1-5-18,2023-12-27 23:54:22.774,5,"<Event xmlns=""http://schemas.microsoft.com/win/2004/08/events/event"">
    <System>
      <Provider Name=""Microsoft-Windows-Sysmon"" Guid=""{5770385f-c22a-43e0-bf4c-06f5698ffbd9}""/>
      <EventID>22</EventID>
      <Version>5</Version>
      <Level>4</Level>
      <Task>22</Task>
      <Opcode>0</Opcode>
      <Keywords>0x8000000000000000</Keywords>
      <TimeCreated SystemTime=""2023-12-28T08:42:42.4897785Z""/>
      <EventRecordID>9479</EventRecordID>
      <Correlation/>
      <Execution ProcessID=""7044"" ThreadID=""1124""/>
      <Channel>Microsoft-Windows-Sysmon/Operational</Channel>
      <Computer>WinDev2309Eval</Computer>
      <Security UserID=""S-1-5-18""/>
    </System>
    <EventData>
      <Data Name=""RuleName"">-</Data>
      <Data Name=""UtcTime"">2023-12-27 23:54:22.774</Data>
      <Data Name=""ProcessGuid"">{fda94052-34f2-658d-2a00-000000000b00}</Data>
      <Data Name=""ProcessId"">1928</Data>
      <Data Name=""QueryName"">WinDev2309Eval</Data>
      <Data Name=""QueryStatus"">0</Data>
      <Data Name=""QueryResults"">fe80::e140:ce54:c800:647e;192.168.126.164;</Data>
      <Data Name=""Image"">C:\Windows\system32\svchost.exe</Data>
      <Data Name=""User"">NT AUTHORITY\NETWORK SERVICE</Data>
    </EventData>
    <RenderingInfo Culture=""en-US"">
      <Message>Dns query:

RuleName: -

UtcTime: 2023-12-27 23:54:22.774

ProcessGuid: {fda94052-34f2-658d-2a00-000000000b00}

ProcessId: 1928

QueryName: WinDev2309Eval

QueryStatus: 0

QueryResults: fe80::e140:ce54:c800:647e;192.168.126.164;

Image: C:\Windows\system32\svchost.exe

User: NT AUTHORITY\NETWORK SERVICE</Message>
      <Level>Information</Level>
      <Task>Dns query (rule: DnsQuery)</Task>
      <Opcode>Info</Opcode>
    </RenderingInfo>
  </Event>
  
"
Microsoft-Windows-Sysmon/Operational,,,WinDev2309Eval,,,,,,,,,,22,9478,,,,C:\Windows\System32\spoolsv.exe,,,0x8000000000000000,Information,,,"Dns query:

RuleName: -

UtcTime: 2023-12-27 23:54:22.726

ProcessGuid: {fda94052-34f3-658d-4600-000000000b00}

ProcessId: 3272

QueryName: WINDEV2309EVAL

QueryStatus: 0

QueryResults: fe80::999c:955f:96ba:d8a1;fe80::e140:ce54:c800:647e;

Image: C:\Windows\System32\spoolsv.exe

User: NT AUTHORITY\SYSTEM",Info,,,,,,,{fda94052-34f3-658d-4600-000000000b00},7044,3272,,,WINDEV2309EVAL,fe80::999c:955f:96ba:d8a1;fe80::e140:ce54:c800:647e;,0,"
      ",-,,,,,,2023-12-28T08:42:42.4893276Z,,,Dns query (rule: DnsQuery),,1124,NT AUTHORITY\SYSTEM,S-1-5-18,2023-12-27 23:54:22.726,5,"<Event xmlns=""http://schemas.microsoft.com/win/2004/08/events/event"">
    <System>
      <Provider Name=""Microsoft-Windows-Sysmon"" Guid=""{5770385f-c22a-43e0-bf4c-06f5698ffbd9}""/>
      <EventID>22</EventID>
      <Version>5</Version>
      <Level>4</Level>
      <Task>22</Task>
      <Opcode>0</Opcode>
      <Keywords>0x8000000000000000</Keywords>
      <TimeCreated SystemTime=""2023-12-28T08:42:42.4893276Z""/>
      <EventRecordID>9478</EventRecordID>
      <Correlation/>
      <Execution ProcessID=""7044"" ThreadID=""1124""/>
      <Channel>Microsoft-Windows-Sysmon/Operational</Channel>
      <Computer>WinDev2309Eval</Computer>
      <Security UserID=""S-1-5-18""/>
    </System>
    <EventData>
      <Data Name=""RuleName"">-</Data>
      <Data Name=""UtcTime"">2023-12-27 23:54:22.726</Data>
      <Data Name=""ProcessGuid"">{fda94052-34f3-658d-4600-000000000b00}</Data>
      <Data Name=""ProcessId"">3272</Data>
      <Data Name=""QueryName"">WINDEV2309EVAL</Data>
      <Data Name=""QueryStatus"">0</Data>
      <Data Name=""QueryResults"">fe80::999c:955f:96ba:d8a1;fe80::e140:ce54:c800:647e;</Data>
      <Data Name=""Image"">C:\Windows\System32\spoolsv.exe</Data>
      <Data Name=""User"">NT AUTHORITY\SYSTEM</Data>
    </EventData>
    <RenderingInfo Culture=""en-US"">
      <Message>Dns query:

RuleName: -

UtcTime: 2023-12-27 23:54:22.726

ProcessGuid: {fda94052-34f3-658d-4600-000000000b00}

ProcessId: 3272

QueryName: WINDEV2309EVAL

QueryStatus: 0

QueryResults: fe80::999c:955f:96ba:d8a1;fe80::e140:ce54:c800:647e;

Image: C:\Windows\System32\spoolsv.exe

User: NT AUTHORITY\SYSTEM</Message>
      <Level>Information</Level>
      <Task>Dns query (rule: DnsQuery)</Task>
      <Opcode>Info</Opcode>
    </RenderingInfo>
  </Event>
  
"
Microsoft-Windows-Sysmon/Operational,,,WinDev2309Eval,,,,,,,,,,22,9477,,,,C:\Windows\System32\spoolsv.exe,,,0x8000000000000000,Information,,,"Dns query:

RuleName: -

UtcTime: 2023-12-27 23:54:22.726

ProcessGuid: {fda94052-34f3-658d-4600-000000000b00}

ProcessId: 3272

QueryName: WINDEV2309EVAL

QueryStatus: 0

QueryResults: 192.168.126.164;

Image: C:\Windows\System32\spoolsv.exe

User: NT AUTHORITY\SYSTEM",Info,,,,,,,{fda94052-34f3-658d-4600-000000000b00},7044,3272,,,WINDEV2309EVAL,192.168.126.164;,0,"
      ",-,,,,,,2023-12-28T08:42:42.4886779Z,,,Dns query (rule: DnsQuery),,1124,NT AUTHORITY\SYSTEM,S-1-5-18,2023-12-27 23:54:22.726,5,"<Event xmlns=""http://schemas.microsoft.com/win/2004/08/events/event"">
    <System>
      <Provider Name=""Microsoft-Windows-Sysmon"" Guid=""{5770385f-c22a-43e0-bf4c-06f5698ffbd9}""/>
      <EventID>22</EventID>
      <Version>5</Version>
      <Level>4</Level>
      <Task>22</Task>
      <Opcode>0</Opcode>
      <Keywords>0x8000000000000000</Keywords>
      <TimeCreated SystemTime=""2023-12-28T08:42:42.4886779Z""/>
      <EventRecordID>9477</EventRecordID>
      <Correlation/>
      <Execution ProcessID=""7044"" ThreadID=""1124""/>
      <Channel>Microsoft-Windows-Sysmon/Operational</Channel>
      <Computer>WinDev2309Eval</Computer>
      <Security UserID=""S-1-5-18""/>
    </System>
    <EventData>
      <Data Name=""RuleName"">-</Data>
      <Data Name=""UtcTime"">2023-12-27 23:54:22.726</Data>
      <Data Name=""ProcessGuid"">{fda94052-34f3-658d-4600-000000000b00}</Data>
      <Data Name=""ProcessId"">3272</Data>
      <Data Name=""QueryName"">WINDEV2309EVAL</Data>
      <Data Name=""QueryStatus"">0</Data>
      <Data Name=""QueryResults"">192.168.126.164;</Data>
      <Data Name=""Image"">C:\Windows\System32\spoolsv.exe</Data>
      <Data Name=""User"">NT AUTHORITY\SYSTEM</Data>
    </EventData>
    <RenderingInfo Culture=""en-US"">
      <Message>Dns query:

RuleName: -

UtcTime: 2023-12-27 23:54:22.726

ProcessGuid: {fda94052-34f3-658d-4600-000000000b00}

ProcessId: 3272

QueryName: WINDEV2309EVAL

QueryStatus: 0

QueryResults: 192.168.126.164;

Image: C:\Windows\System32\spoolsv.exe

User: NT AUTHORITY\SYSTEM</Message>
      <Level>Information</Level>
      <Task>Dns query (rule: DnsQuery)</Task>
      <Opcode>Info</Opcode>
    </RenderingInfo>
  </Event>

"
