Microsoft-Windows-Sysmon/Operational,"""C:\Program Files (x86)\Microsoft\EdgeWebView\Application\120.0.2210.91\msedgewebview2.exe"" --type=utility --utility-sub-type=unzip.mojom.Unzipper --lang=en-US --service-sandbox-type=service --noerrdialogs --user-data-dir=""C:\Users\User\AppData\Local\Packages\MicrosoftWindows.Client.WebExperience_cw5n1h2txyewy\LocalState\EBWebView"" --webview-exe-name=Widgets.exe --webview-exe-version=421.20070.1820.0 --embedded-browser-webview=1 --mojo-platform-channel-handle=5296 --field-trial-handle=1784,i,2295490780030403019,2821906385101450000,262144 --enable-features=MojoIpcz,UseBackgroundNativeThreadPool,UseNativeThreadPool,msWebView2TreatAppSuspendAsDeviceSuspend --variations-seed-version /prefetch:8 /pfhostedapp:017373b2a5c4ead1a08d36a47bf86195c1909a61",Microsoft Corporation,WinDev2309Eval,,C:\Program Files (x86)\Microsoft\EdgeWebView\Application\120.0.2210.91\,Microsoft Edge WebView2,1,9467,120.0.2210.91,"MD5=8094151812FF45079C840986A0489C78,SHA256=6A4E8A5761C51840CE988C9241B514028A5E45FDB386B072DB0447E3961E3A06,IMPHASH=EA4CA1F8E3B3D9373D39C13FD1348A63",C:\Program Files (x86)\Microsoft\EdgeWebView\Application\120.0.2210.91\msedgewebview2.exe,Low,0x8000000000000000,Information,{fda94052-3502-658d-b367-080000000000},0x867b3,"Process Create:

RuleName: -

UtcTime: 2023-12-28 00:55:39.428

ProcessGuid: {fda94052-c78b-658c-6702-000000000b00}

ProcessId: 9792

Image: C:\Program Files (x86)\Microsoft\EdgeWebView\Application\120.0.2210.91\msedgewebview2.exe

FileVersion: 120.0.2210.91

Description: Microsoft Edge WebView2

Product: Microsoft Edge WebView2

Company: Microsoft Corporation

OriginalFileName: msedgewebview2.exe

CommandLine: ""C:\Program Files (x86)\Microsoft\EdgeWebView\Application\120.0.2210.91\msedgewebview2.exe"" --type=utility --utility-sub-type=unzip.mojom.Unzipper --lang=en-US --service-sandbox-type=service --noerrdialogs --user-data-dir=""C:\Users\User\AppData\Local\Packages\MicrosoftWindows.Client.WebExperience_cw5n1h2txyewy\LocalState\EBWebView"" --webview-exe-name=Widgets.exe --webview-exe-version=421.20070.1820.0 --embedded-browser-webview=1 --mojo-platform-channel-handle=5296 --field-trial-handle=1784,i,2295490780030403019,2821906385101450000,262144 --enable-features=MojoIpcz,UseBackgroundNativeThreadPool,UseNativeThreadPool,msWebView2TreatAppSuspendAsDeviceSuspend --variations-seed-version /prefetch:8 /pfhostedapp:017373b2a5c4ead1a08d36a47bf86195c1909a61

CurrentDirectory: C:\Program Files (x86)\Microsoft\EdgeWebView\Application\120.0.2210.91\

User: WINDEV2309EVAL\User

LogonGuid: {fda94052-3502-658d-b367-080000000000}

LogonId: 0x867B3

TerminalSessionId: 1

IntegrityLevel: Low

Hashes: MD5=8094151812FF45079C840986A0489C78,SHA256=6A4E8A5761C51840CE988C9241B514028A5E45FDB386B072DB0447E3961E3A06,IMPHASH=EA4CA1F8E3B3D9373D39C13FD1348A63

ParentProcessGuid: {fda94052-b85d-658c-1702-000000000b00}

ParentProcessId: 4184

ParentImage: C:\Program Files (x86)\Microsoft\EdgeWebView\Application\120.0.2210.91\msedgewebview2.exe

ParentCommandLine: ""C:\Program Files (x86)\Microsoft\EdgeWebView\Application\120.0.2210.91\msedgewebview2.exe"" --embedded-browser-webview=1 --webview-exe-name=Widgets.exe --webview-exe-version=421.20070.1820.0 --user-data-dir=""C:\Users\User\AppData\Local\Packages\MicrosoftWindows.Client.WebExperience_cw5n1h2txyewy\LocalState\EBWebView"" --noerrdialogs --disk-cache-size=52428800 --edge-webview-is-background --enable-features=MojoIpcz,msWebView2TreatAppSuspendAsDeviceSuspend,UseNativeThreadPool,UseBackgroundNativeThreadPool --lang=en-US --accept-lang=en-US --mojo-named-platform-channel-pipe=8112.2288.17893317180732402091 /pfhostedapp:017373b2a5c4ead1a08d36a47bf86195c1909a61

ParentUser: WINDEV2309EVAL\User",Info,msedgewebview2.exe,"""C:\Program Files (x86)\Microsoft\EdgeWebView\Application\120.0.2210.91\msedgewebview2.exe"" --embedded-browser-webview=1 --webview-exe-name=Widgets.exe --webview-exe-version=421.20070.1820.0 --user-data-dir=""C:\Users\User\AppData\Local\Packages\MicrosoftWindows.Client.WebExperience_cw5n1h2txyewy\LocalState\EBWebView"" --noerrdialogs --disk-cache-size=52428800 --edge-webview-is-background --enable-features=MojoIpcz,msWebView2TreatAppSuspendAsDeviceSuspend,UseNativeThreadPool,UseBackgroundNativeThreadPool --lang=en-US --accept-lang=en-US --mojo-named-platform-channel-pipe=8112.2288.17893317180732402091 /pfhostedapp:017373b2a5c4ead1a08d36a47bf86195c1909a61",C:\Program Files (x86)\Microsoft\EdgeWebView\Application\120.0.2210.91\msedgewebview2.exe,{fda94052-b85d-658c-1702-000000000b00},4184,WINDEV2309EVAL\User,{fda94052-c78b-658c-6702-000000000b00},7044,9792,Microsoft Edge WebView2,,,,"
      ",-,2023-12-28T00:55:39.4299781Z,,Process Create (rule: ProcessCreate),1,6672,WINDEV2309EVAL\User,S-1-5-18,2023-12-28 00:55:39.428,5,"<Event xmlns=""http://schemas.microsoft.com/win/2004/08/events/event"">
    <System>
      <Provider Name=""Microsoft-Windows-Sysmon"" Guid=""{5770385f-c22a-43e0-bf4c-06f5698ffbd9}""/>
      <EventID>1</EventID>
      <Version>5</Version>
      <Level>4</Level>
      <Task>1</Task>
      <Opcode>0</Opcode>
      <Keywords>0x8000000000000000</Keywords>
      <TimeCreated SystemTime=""2023-12-28T00:55:39.4299781Z""/>
      <EventRecordID>9467</EventRecordID>
      <Correlation/>
      <Execution ProcessID=""7044"" ThreadID=""6672""/>
      <Channel>Microsoft-Windows-Sysmon/Operational</Channel>
      <Computer>WinDev2309Eval</Computer>
      <Security UserID=""S-1-5-18""/>
    </System>
    <EventData>
      <Data Name=""RuleName"">-</Data>
      <Data Name=""UtcTime"">2023-12-28 00:55:39.428</Data>
      <Data Name=""ProcessGuid"">{fda94052-c78b-658c-6702-000000000b00}</Data>
      <Data Name=""ProcessId"">9792</Data>
      <Data Name=""Image"">C:\Program Files (x86)\Microsoft\EdgeWebView\Application\120.0.2210.91\msedgewebview2.exe</Data>
      <Data Name=""FileVersion"">120.0.2210.91</Data>
      <Data Name=""Description"">Microsoft Edge WebView2</Data>
      <Data Name=""Product"">Microsoft Edge WebView2</Data>
      <Data Name=""Company"">Microsoft Corporation</Data>
      <Data Name=""OriginalFileName"">msedgewebview2.exe</Data>
      <Data Name=""CommandLine"">""C:\Program Files (x86)\Microsoft\EdgeWebView\Application\120.0.2210.91\msedgewebview2.exe"" --type=utility --utility-sub-type=unzip.mojom.Unzipper --lang=en-US --service-sandbox-type=service --noerrdialogs --user-data-dir=""C:\Users\User\AppData\Local\Packages\MicrosoftWindows.Client.WebExperience_cw5n1h2txyewy\LocalState\EBWebView"" --webview-exe-name=Widgets.exe --webview-exe-version=421.20070.1820.0 --embedded-browser-webview=1 --mojo-platform-channel-handle=5296 --field-trial-handle=1784,i,2295490780030403019,2821906385101450000,262144 --enable-features=MojoIpcz,UseBackgroundNativeThreadPool,UseNativeThreadPool,msWebView2TreatAppSuspendAsDeviceSuspend --variations-seed-version /prefetch:8 /pfhostedapp:017373b2a5c4ead1a08d36a47bf86195c1909a61</Data>
      <Data Name=""CurrentDirectory"">C:\Program Files (x86)\Microsoft\EdgeWebView\Application\120.0.2210.91\</Data>
      <Data Name=""User"">WINDEV2309EVAL\User</Data>
      <Data Name=""LogonGuid"">{fda94052-3502-658d-b367-080000000000}</Data>
      <Data Name=""LogonId"">0x867b3</Data>
      <Data Name=""TerminalSessionId"">1</Data>
      <Data Name=""IntegrityLevel"">Low</Data>
      <Data Name=""Hashes"">MD5=8094151812FF45079C840986A0489C78,SHA256=6A4E8A5761C51840CE988C9241B514028A5E45FDB386B072DB0447E3961E3A06,IMPHASH=EA4CA1F8E3B3D9373D39C13FD1348A63</Data>
      <Data Name=""ParentProcessGuid"">{fda94052-b85d-658c-1702-000000000b00}</Data>
      <Data Name=""ParentProcessId"">4184</Data>
      <Data Name=""ParentImage"">C:\Program Files (x86)\Microsoft\EdgeWebView\Application\120.0.2210.91\msedgewebview2.exe</Data>
      <Data Name=""ParentCommandLine"">""C:\Program Files (x86)\Microsoft\EdgeWebView\Application\120.0.2210.91\msedgewebview2.exe"" --embedded-browser-webview=1 --webview-exe-name=Widgets.exe --webview-exe-version=421.20070.1820.0 --user-data-dir=""C:\Users\User\AppData\Local\Packages\MicrosoftWindows.Client.WebExperience_cw5n1h2txyewy\LocalState\EBWebView"" --noerrdialogs --disk-cache-size=52428800 --edge-webview-is-background --enable-features=MojoIpcz,msWebView2TreatAppSuspendAsDeviceSuspend,UseNativeThreadPool,UseBackgroundNativeThreadPool --lang=en-US --accept-lang=en-US --mojo-named-platform-channel-pipe=8112.2288.17893317180732402091 /pfhostedapp:017373b2a5c4ead1a08d36a47bf86195c1909a61</Data>
      <Data Name=""ParentUser"">WINDEV2309EVAL\User</Data>
    </EventData>
    <RenderingInfo Culture=""en-US"">
      <Message>Process Create:

RuleName: -

UtcTime: 2023-12-28 00:55:39.428

ProcessGuid: {fda94052-c78b-658c-6702-000000000b00}

ProcessId: 9792

Image: C:\Program Files (x86)\Microsoft\EdgeWebView\Application\120.0.2210.91\msedgewebview2.exe

FileVersion: 120.0.2210.91

Description: Microsoft Edge WebView2

Product: Microsoft Edge WebView2

Company: Microsoft Corporation

OriginalFileName: msedgewebview2.exe

CommandLine: ""C:\Program Files (x86)\Microsoft\EdgeWebView\Application\120.0.2210.91\msedgewebview2.exe"" --type=utility --utility-sub-type=unzip.mojom.Unzipper --lang=en-US --service-sandbox-type=service --noerrdialogs --user-data-dir=""C:\Users\User\AppData\Local\Packages\MicrosoftWindows.Client.WebExperience_cw5n1h2txyewy\LocalState\EBWebView"" --webview-exe-name=Widgets.exe --webview-exe-version=421.20070.1820.0 --embedded-browser-webview=1 --mojo-platform-channel-handle=5296 --field-trial-handle=1784,i,2295490780030403019,2821906385101450000,262144 --enable-features=MojoIpcz,UseBackgroundNativeThreadPool,UseNativeThreadPool,msWebView2TreatAppSuspendAsDeviceSuspend --variations-seed-version /prefetch:8 /pfhostedapp:017373b2a5c4ead1a08d36a47bf86195c1909a61

CurrentDirectory: C:\Program Files (x86)\Microsoft\EdgeWebView\Application\120.0.2210.91\

User: WINDEV2309EVAL\User

LogonGuid: {fda94052-3502-658d-b367-080000000000}

LogonId: 0x867B3

TerminalSessionId: 1

IntegrityLevel: Low

Hashes: MD5=8094151812FF45079C840986A0489C78,SHA256=6A4E8A5761C51840CE988C9241B514028A5E45FDB386B072DB0447E3961E3A06,IMPHASH=EA4CA1F8E3B3D9373D39C13FD1348A63

ParentProcessGuid: {fda94052-b85d-658c-1702-000000000b00}

ParentProcessId: 4184

ParentImage: C:\Program Files (x86)\Microsoft\EdgeWebView\Application\120.0.2210.91\msedgewebview2.exe

ParentCommandLine: ""C:\Program Files (x86)\Microsoft\EdgeWebView\Application\120.0.2210.91\msedgewebview2.exe"" --embedded-browser-webview=1 --webview-exe-name=Widgets.exe --webview-exe-version=421.20070.1820.0 --user-data-dir=""C:\Users\User\AppData\Local\Packages\MicrosoftWindows.Client.WebExperience_cw5n1h2txyewy\LocalState\EBWebView"" --noerrdialogs --disk-cache-size=52428800 --edge-webview-is-background --enable-features=MojoIpcz,msWebView2TreatAppSuspendAsDeviceSuspend,UseNativeThreadPool,UseBackgroundNativeThreadPool --lang=en-US --accept-lang=en-US --mojo-named-platform-channel-pipe=8112.2288.17893317180732402091 /pfhostedapp:017373b2a5c4ead1a08d36a47bf86195c1909a61

ParentUser: WINDEV2309EVAL\User</Message>
      <Level>Information</Level>
      <Task>Process Create (rule: ProcessCreate)</Task>
      <Opcode>Info</Opcode>
    </RenderingInfo>
  </Event>
  
"
Microsoft-Windows-Sysmon/Operational,,,WinDev2309Eval,,,,22,9466,,,C:\Windows\system32\svchost.exe,,0x8000000000000000,Information,,,"Dns query:

RuleName: -

UtcTime: 2023-12-27 23:54:25.271

ProcessGuid: {fda94052-34f2-658d-3f00-000000000b00}

ProcessId: 2948

QueryName: wpad

QueryStatus: 1460

QueryResults: -

Image: C:\Windows\system32\svchost.exe

User: NT AUTHORITY\LOCAL SERVICE",Info,,,,,,,{fda94052-34f2-658d-3f00-000000000b00},7044,2948,,wpad,-,1460,"
      ",-,2023-12-28T00:55:34.5954428Z,,Dns query (rule: DnsQuery),,1124,NT AUTHORITY\LOCAL SERVICE,S-1-5-18,2023-12-27 23:54:25.271,5,"<Event xmlns=""http://schemas.microsoft.com/win/2004/08/events/event"">
    <System>
      <Provider Name=""Microsoft-Windows-Sysmon"" Guid=""{5770385f-c22a-43e0-bf4c-06f5698ffbd9}""/>
      <EventID>22</EventID>
      <Version>5</Version>
      <Level>4</Level>
      <Task>22</Task>
      <Opcode>0</Opcode>
      <Keywords>0x8000000000000000</Keywords>
      <TimeCreated SystemTime=""2023-12-28T00:55:34.5954428Z""/>
      <EventRecordID>9466</EventRecordID>
      <Correlation/>
      <Execution ProcessID=""7044"" ThreadID=""1124""/>
      <Channel>Microsoft-Windows-Sysmon/Operational</Channel>
      <Computer>WinDev2309Eval</Computer>
      <Security UserID=""S-1-5-18""/>
    </System>
    <EventData>
      <Data Name=""RuleName"">-</Data>
      <Data Name=""UtcTime"">2023-12-27 23:54:25.271</Data>
      <Data Name=""ProcessGuid"">{fda94052-34f2-658d-3f00-000000000b00}</Data>
      <Data Name=""ProcessId"">2948</Data>
      <Data Name=""QueryName"">wpad</Data>
      <Data Name=""QueryStatus"">1460</Data>
      <Data Name=""QueryResults"">-</Data>
      <Data Name=""Image"">C:\Windows\system32\svchost.exe</Data>
      <Data Name=""User"">NT AUTHORITY\LOCAL SERVICE</Data>
    </EventData>
    <RenderingInfo Culture=""en-US"">
      <Message>Dns query:

RuleName: -

UtcTime: 2023-12-27 23:54:25.271

ProcessGuid: {fda94052-34f2-658d-3f00-000000000b00}

ProcessId: 2948

QueryName: wpad

QueryStatus: 1460

QueryResults: -

Image: C:\Windows\system32\svchost.exe

User: NT AUTHORITY\LOCAL SERVICE</Message>
      <Level>Information</Level>
      <Task>Dns query (rule: DnsQuery)</Task>
      <Opcode>Info</Opcode>
    </RenderingInfo>
  </Event>
  
"
Microsoft-Windows-Sysmon/Operational,,,WinDev2309Eval,2023-12-02 04:35:48.000,,,11,9465,,,C:\Windows\system32\svchost.exe,,0x8000000000000000,Information,,,"File created:

RuleName: DLL

UtcTime: 2023-12-28 00:55:34.419

ProcessGuid: {fda94052-34fa-658d-8a00-000000000b00}

ProcessId: 5868

Image: C:\Windows\system32\svchost.exe

TargetFilename: C:\Windows\SoftwareDistribution\Download\7bd97cc524ebd8114e77ca1991fbf2f3\Metadata\AppxDeviceInventory.dll

CreationUtcTime: 2023-12-02 04:35:48.000

User: NT AUTHORITY\SYSTEM",Info,,,,,,,{fda94052-34fa-658d-8a00-000000000b00},7044,5868,,,,,"
      ",DLL,2023-12-28T00:55:34.4347686Z,C:\Windows\SoftwareDistribution\Download\7bd97cc524ebd8114e77ca1991fbf2f3\Metadata\AppxDeviceInventory.dll,File created (rule: FileCreate),,6672,NT AUTHORITY\SYSTEM,S-1-5-18,2023-12-28 00:55:34.419,2,"<Event xmlns=""http://schemas.microsoft.com/win/2004/08/events/event"">
    <System>
      <Provider Name=""Microsoft-Windows-Sysmon"" Guid=""{5770385f-c22a-43e0-bf4c-06f5698ffbd9}""/>
      <EventID>11</EventID>
      <Version>2</Version>
      <Level>4</Level>
      <Task>11</Task>
      <Opcode>0</Opcode>
      <Keywords>0x8000000000000000</Keywords>
      <TimeCreated SystemTime=""2023-12-28T00:55:34.4347686Z""/>
      <EventRecordID>9465</EventRecordID>
      <Correlation/>
      <Execution ProcessID=""7044"" ThreadID=""6672""/>
      <Channel>Microsoft-Windows-Sysmon/Operational</Channel>
      <Computer>WinDev2309Eval</Computer>
      <Security UserID=""S-1-5-18""/>
    </System>
    <EventData>
      <Data Name=""RuleName"">DLL</Data>
      <Data Name=""UtcTime"">2023-12-28 00:55:34.419</Data>
      <Data Name=""ProcessGuid"">{fda94052-34fa-658d-8a00-000000000b00}</Data>
      <Data Name=""ProcessId"">5868</Data>
      <Data Name=""Image"">C:\Windows\system32\svchost.exe</Data>
      <Data Name=""TargetFilename"">C:\Windows\SoftwareDistribution\Download\7bd97cc524ebd8114e77ca1991fbf2f3\Metadata\AppxDeviceInventory.dll</Data>
      <Data Name=""CreationUtcTime"">2023-12-02 04:35:48.000</Data>
      <Data Name=""User"">NT AUTHORITY\SYSTEM</Data>
    </EventData>
    <RenderingInfo Culture=""en-US"">
      <Message>File created:

RuleName: DLL

UtcTime: 2023-12-28 00:55:34.419

ProcessGuid: {fda94052-34fa-658d-8a00-000000000b00}

ProcessId: 5868

Image: C:\Windows\system32\svchost.exe

TargetFilename: C:\Windows\SoftwareDistribution\Download\7bd97cc524ebd8114e77ca1991fbf2f3\Metadata\AppxDeviceInventory.dll

CreationUtcTime: 2023-12-02 04:35:48.000

User: NT AUTHORITY\SYSTEM</Message>
      <Level>Information</Level>
      <Task>File created (rule: FileCreate)</Task>
      <Opcode>Info</Opcode>
    </RenderingInfo>
  </Event>
  
"
Microsoft-Windows-Sysmon/Operational,,,WinDev2309Eval,2023-12-02 04:13:16.000,,,11,9464,,,C:\Windows\system32\svchost.exe,,0x8000000000000000,Information,,,"File created:

RuleName: DLL

UtcTime: 2023-12-28 00:55:34.419

ProcessGuid: {fda94052-34fa-658d-8a00-000000000b00}

ProcessId: 5868

Image: C:\Windows\system32\svchost.exe

TargetFilename: C:\Windows\SoftwareDistribution\Download\7bd97cc524ebd8114e77ca1991fbf2f3\Metadata\UpdateDeploy.dll

CreationUtcTime: 2023-12-02 04:13:16.000

User: NT AUTHORITY\SYSTEM",Info,,,,,,,{fda94052-34fa-658d-8a00-000000000b00},7044,5868,,,,,"
      ",DLL,2023-12-28T00:55:34.4281056Z,C:\Windows\SoftwareDistribution\Download\7bd97cc524ebd8114e77ca1991fbf2f3\Metadata\UpdateDeploy.dll,File created (rule: FileCreate),,6672,NT AUTHORITY\SYSTEM,S-1-5-18,2023-12-28 00:55:34.419,2,"<Event xmlns=""http://schemas.microsoft.com/win/2004/08/events/event"">
    <System>
      <Provider Name=""Microsoft-Windows-Sysmon"" Guid=""{5770385f-c22a-43e0-bf4c-06f5698ffbd9}""/>
      <EventID>11</EventID>
      <Version>2</Version>
      <Level>4</Level>
      <Task>11</Task>
      <Opcode>0</Opcode>
      <Keywords>0x8000000000000000</Keywords>
      <TimeCreated SystemTime=""2023-12-28T00:55:34.4281056Z""/>
      <EventRecordID>9464</EventRecordID>
      <Correlation/>
      <Execution ProcessID=""7044"" ThreadID=""6672""/>
      <Channel>Microsoft-Windows-Sysmon/Operational</Channel>
      <Computer>WinDev2309Eval</Computer>
      <Security UserID=""S-1-5-18""/>
    </System>
    <EventData>
      <Data Name=""RuleName"">DLL</Data>
      <Data Name=""UtcTime"">2023-12-28 00:55:34.419</Data>
      <Data Name=""ProcessGuid"">{fda94052-34fa-658d-8a00-000000000b00}</Data>
      <Data Name=""ProcessId"">5868</Data>
      <Data Name=""Image"">C:\Windows\system32\svchost.exe</Data>
      <Data Name=""TargetFilename"">C:\Windows\SoftwareDistribution\Download\7bd97cc524ebd8114e77ca1991fbf2f3\Metadata\UpdateDeploy.dll</Data>
      <Data Name=""CreationUtcTime"">2023-12-02 04:13:16.000</Data>
      <Data Name=""User"">NT AUTHORITY\SYSTEM</Data>
    </EventData>
    <RenderingInfo Culture=""en-US"">
      <Message>File created:

RuleName: DLL

UtcTime: 2023-12-28 00:55:34.419

ProcessGuid: {fda94052-34fa-658d-8a00-000000000b00}

ProcessId: 5868

Image: C:\Windows\system32\svchost.exe

TargetFilename: C:\Windows\SoftwareDistribution\Download\7bd97cc524ebd8114e77ca1991fbf2f3\Metadata\UpdateDeploy.dll

CreationUtcTime: 2023-12-02 04:13:16.000

User: NT AUTHORITY\SYSTEM</Message>
      <Level>Information</Level>
      <Task>File created (rule: FileCreate)</Task>
      <Opcode>Info</Opcode>
    </RenderingInfo>
  </Event>
  
"
Microsoft-Windows-Sysmon/Operational,,,WinDev2309Eval,2023-12-02 09:56:52.000,,,11,9463,,,C:\Windows\system32\svchost.exe,,0x8000000000000000,Information,,,"File created:

RuleName: DLL

UtcTime: 2023-12-28 00:55:34.419

ProcessGuid: {fda94052-34fa-658d-8a00-000000000b00}

ProcessId: 5868

Image: C:\Windows\system32\svchost.exe

TargetFilename: C:\Windows\SoftwareDistribution\Download\7bd97cc524ebd8114e77ca1991fbf2f3\Metadata\WinREAgent.dll

CreationUtcTime: 2023-12-02 09:56:52.000

User: NT AUTHORITY\SYSTEM",Info,,,,,,,{fda94052-34fa-658d-8a00-000000000b00},7044,5868,,,,,"
      ",DLL,2023-12-28T00:55:34.4212613Z,C:\Windows\SoftwareDistribution\Download\7bd97cc524ebd8114e77ca1991fbf2f3\Metadata\WinREAgent.dll,File created (rule: FileCreate),,6672,NT AUTHORITY\SYSTEM,S-1-5-18,2023-12-28 00:55:34.419,2,"<Event xmlns=""http://schemas.microsoft.com/win/2004/08/events/event"">
    <System>
      <Provider Name=""Microsoft-Windows-Sysmon"" Guid=""{5770385f-c22a-43e0-bf4c-06f5698ffbd9}""/>
      <EventID>11</EventID>
      <Version>2</Version>
      <Level>4</Level>
      <Task>11</Task>
      <Opcode>0</Opcode>
      <Keywords>0x8000000000000000</Keywords>
      <TimeCreated SystemTime=""2023-12-28T00:55:34.4212613Z""/>
      <EventRecordID>9463</EventRecordID>
      <Correlation/>
      <Execution ProcessID=""7044"" ThreadID=""6672""/>
      <Channel>Microsoft-Windows-Sysmon/Operational</Channel>
      <Computer>WinDev2309Eval</Computer>
      <Security UserID=""S-1-5-18""/>
    </System>
    <EventData>
      <Data Name=""RuleName"">DLL</Data>
      <Data Name=""UtcTime"">2023-12-28 00:55:34.419</Data>
      <Data Name=""ProcessGuid"">{fda94052-34fa-658d-8a00-000000000b00}</Data>
      <Data Name=""ProcessId"">5868</Data>
      <Data Name=""Image"">C:\Windows\system32\svchost.exe</Data>
      <Data Name=""TargetFilename"">C:\Windows\SoftwareDistribution\Download\7bd97cc524ebd8114e77ca1991fbf2f3\Metadata\WinREAgent.dll</Data>
      <Data Name=""CreationUtcTime"">2023-12-02 09:56:52.000</Data>
      <Data Name=""User"">NT AUTHORITY\SYSTEM</Data>
    </EventData>
    <RenderingInfo Culture=""en-US"">
      <Message>File created:

RuleName: DLL

UtcTime: 2023-12-28 00:55:34.419

ProcessGuid: {fda94052-34fa-658d-8a00-000000000b00}

ProcessId: 5868

Image: C:\Windows\system32\svchost.exe

TargetFilename: C:\Windows\SoftwareDistribution\Download\7bd97cc524ebd8114e77ca1991fbf2f3\Metadata\WinREAgent.dll

CreationUtcTime: 2023-12-02 09:56:52.000

User: NT AUTHORITY\SYSTEM</Message>
      <Level>Information</Level>
      <Task>File created (rule: FileCreate)</Task>
      <Opcode>Info</Opcode>
    </RenderingInfo>
  </Event>
  
"
Microsoft-Windows-Sysmon/Operational,,,WinDev2309Eval,2023-12-02 04:14:20.000,,,11,9462,,,C:\Windows\system32\svchost.exe,,0x8000000000000000,Information,,,"File created:

RuleName: DLL

UtcTime: 2023-12-28 00:55:34.403

ProcessGuid: {fda94052-34fa-658d-8a00-000000000b00}

ProcessId: 5868

Image: C:\Windows\system32\svchost.exe

TargetFilename: C:\Windows\SoftwareDistribution\Download\7bd97cc524ebd8114e77ca1991fbf2f3\Metadata\ReserveManager.dll

CreationUtcTime: 2023-12-02 04:14:20.000

User: NT AUTHORITY\SYSTEM",Info,,,,,,,{fda94052-34fa-658d-8a00-000000000b00},7044,5868,,,,,"
      ",DLL,2023-12-28T00:55:34.4171178Z,C:\Windows\SoftwareDistribution\Download\7bd97cc524ebd8114e77ca1991fbf2f3\Metadata\ReserveManager.dll,File created (rule: FileCreate),,6672,NT AUTHORITY\SYSTEM,S-1-5-18,2023-12-28 00:55:34.403,2,"<Event xmlns=""http://schemas.microsoft.com/win/2004/08/events/event"">
    <System>
      <Provider Name=""Microsoft-Windows-Sysmon"" Guid=""{5770385f-c22a-43e0-bf4c-06f5698ffbd9}""/>
      <EventID>11</EventID>
      <Version>2</Version>
      <Level>4</Level>
      <Task>11</Task>
      <Opcode>0</Opcode>
      <Keywords>0x8000000000000000</Keywords>
      <TimeCreated SystemTime=""2023-12-28T00:55:34.4171178Z""/>
      <EventRecordID>9462</EventRecordID>
      <Correlation/>
      <Execution ProcessID=""7044"" ThreadID=""6672""/>
      <Channel>Microsoft-Windows-Sysmon/Operational</Channel>
      <Computer>WinDev2309Eval</Computer>
      <Security UserID=""S-1-5-18""/>
    </System>
    <EventData>
      <Data Name=""RuleName"">DLL</Data>
      <Data Name=""UtcTime"">2023-12-28 00:55:34.403</Data>
      <Data Name=""ProcessGuid"">{fda94052-34fa-658d-8a00-000000000b00}</Data>
      <Data Name=""ProcessId"">5868</Data>
      <Data Name=""Image"">C:\Windows\system32\svchost.exe</Data>
      <Data Name=""TargetFilename"">C:\Windows\SoftwareDistribution\Download\7bd97cc524ebd8114e77ca1991fbf2f3\Metadata\ReserveManager.dll</Data>
      <Data Name=""CreationUtcTime"">2023-12-02 04:14:20.000</Data>
      <Data Name=""User"">NT AUTHORITY\SYSTEM</Data>
    </EventData>
    <RenderingInfo Culture=""en-US"">
      <Message>File created:

RuleName: DLL

UtcTime: 2023-12-28 00:55:34.403

ProcessGuid: {fda94052-34fa-658d-8a00-000000000b00}

ProcessId: 5868

Image: C:\Windows\system32\svchost.exe

TargetFilename: C:\Windows\SoftwareDistribution\Download\7bd97cc524ebd8114e77ca1991fbf2f3\Metadata\ReserveManager.dll

CreationUtcTime: 2023-12-02 04:14:20.000

User: NT AUTHORITY\SYSTEM</Message>
      <Level>Information</Level>
      <Task>File created (rule: FileCreate)</Task>
      <Opcode>Info</Opcode>
    </RenderingInfo>
  </Event>
  
"
Microsoft-Windows-Sysmon/Operational,,,WinDev2309Eval,2023-12-02 04:14:10.000,,,11,9461,,,C:\Windows\system32\svchost.exe,,0x8000000000000000,Information,,,"File created:

RuleName: DLL

UtcTime: 2023-12-28 00:55:34.388

ProcessGuid: {fda94052-34fa-658d-8a00-000000000b00}

ProcessId: 5868

Image: C:\Windows\system32\svchost.exe

TargetFilename: C:\Windows\SoftwareDistribution\Download\7bd97cc524ebd8114e77ca1991fbf2f3\Metadata\TurboStack.dll

CreationUtcTime: 2023-12-02 04:14:10.000

User: NT AUTHORITY\SYSTEM",Info,,,,,,,{fda94052-34fa-658d-8a00-000000000b00},7044,5868,,,,,"
      ",DLL,2023-12-28T00:55:34.4013932Z,C:\Windows\SoftwareDistribution\Download\7bd97cc524ebd8114e77ca1991fbf2f3\Metadata\TurboStack.dll,File created (rule: FileCreate),,6672,NT AUTHORITY\SYSTEM,S-1-5-18,2023-12-28 00:55:34.388,2,"<Event xmlns=""http://schemas.microsoft.com/win/2004/08/events/event"">
    <System>
      <Provider Name=""Microsoft-Windows-Sysmon"" Guid=""{5770385f-c22a-43e0-bf4c-06f5698ffbd9}""/>
      <EventID>11</EventID>
      <Version>2</Version>
      <Level>4</Level>
      <Task>11</Task>
      <Opcode>0</Opcode>
      <Keywords>0x8000000000000000</Keywords>
      <TimeCreated SystemTime=""2023-12-28T00:55:34.4013932Z""/>
      <EventRecordID>9461</EventRecordID>
      <Correlation/>
      <Execution ProcessID=""7044"" ThreadID=""6672""/>
      <Channel>Microsoft-Windows-Sysmon/Operational</Channel>
      <Computer>WinDev2309Eval</Computer>
      <Security UserID=""S-1-5-18""/>
    </System>
    <EventData>
      <Data Name=""RuleName"">DLL</Data>
      <Data Name=""UtcTime"">2023-12-28 00:55:34.388</Data>
      <Data Name=""ProcessGuid"">{fda94052-34fa-658d-8a00-000000000b00}</Data>
      <Data Name=""ProcessId"">5868</Data>
      <Data Name=""Image"">C:\Windows\system32\svchost.exe</Data>
      <Data Name=""TargetFilename"">C:\Windows\SoftwareDistribution\Download\7bd97cc524ebd8114e77ca1991fbf2f3\Metadata\TurboStack.dll</Data>
      <Data Name=""CreationUtcTime"">2023-12-02 04:14:10.000</Data>
      <Data Name=""User"">NT AUTHORITY\SYSTEM</Data>
    </EventData>
    <RenderingInfo Culture=""en-US"">
      <Message>File created:

RuleName: DLL

UtcTime: 2023-12-28 00:55:34.388

ProcessGuid: {fda94052-34fa-658d-8a00-000000000b00}

ProcessId: 5868

Image: C:\Windows\system32\svchost.exe

TargetFilename: C:\Windows\SoftwareDistribution\Download\7bd97cc524ebd8114e77ca1991fbf2f3\Metadata\TurboStack.dll

CreationUtcTime: 2023-12-02 04:14:10.000

User: NT AUTHORITY\SYSTEM</Message>
      <Level>Information</Level>
      <Task>File created (rule: FileCreate)</Task>
      <Opcode>Info</Opcode>
    </RenderingInfo>
  </Event>
  
"
Microsoft-Windows-Sysmon/Operational,,,WinDev2309Eval,2023-12-02 04:14:28.000,,,11,9460,,,C:\Windows\system32\svchost.exe,,0x8000000000000000,Information,,,"File created:

RuleName: DLL

UtcTime: 2023-12-28 00:55:34.356

ProcessGuid: {fda94052-34fa-658d-8a00-000000000b00}

ProcessId: 5868

Image: C:\Windows\system32\svchost.exe

TargetFilename: C:\Windows\SoftwareDistribution\Download\7bd97cc524ebd8114e77ca1991fbf2f3\Metadata\wcp.dll

CreationUtcTime: 2023-12-02 04:14:28.000

User: NT AUTHORITY\SYSTEM",Info,,,,,,,{fda94052-34fa-658d-8a00-000000000b00},7044,5868,,,,,"
      ",DLL,2023-12-28T00:55:34.3615957Z,C:\Windows\SoftwareDistribution\Download\7bd97cc524ebd8114e77ca1991fbf2f3\Metadata\wcp.dll,File created (rule: FileCreate),,6672,NT AUTHORITY\SYSTEM,S-1-5-18,2023-12-28 00:55:34.356,2,"<Event xmlns=""http://schemas.microsoft.com/win/2004/08/events/event"">
    <System>
      <Provider Name=""Microsoft-Windows-Sysmon"" Guid=""{5770385f-c22a-43e0-bf4c-06f5698ffbd9}""/>
      <EventID>11</EventID>
      <Version>2</Version>
      <Level>4</Level>
      <Task>11</Task>
      <Opcode>0</Opcode>
      <Keywords>0x8000000000000000</Keywords>
      <TimeCreated SystemTime=""2023-12-28T00:55:34.3615957Z""/>
      <EventRecordID>9460</EventRecordID>
      <Correlation/>
      <Execution ProcessID=""7044"" ThreadID=""6672""/>
      <Channel>Microsoft-Windows-Sysmon/Operational</Channel>
      <Computer>WinDev2309Eval</Computer>
      <Security UserID=""S-1-5-18""/>
    </System>
    <EventData>
      <Data Name=""RuleName"">DLL</Data>
      <Data Name=""UtcTime"">2023-12-28 00:55:34.356</Data>
      <Data Name=""ProcessGuid"">{fda94052-34fa-658d-8a00-000000000b00}</Data>
      <Data Name=""ProcessId"">5868</Data>
      <Data Name=""Image"">C:\Windows\system32\svchost.exe</Data>
      <Data Name=""TargetFilename"">C:\Windows\SoftwareDistribution\Download\7bd97cc524ebd8114e77ca1991fbf2f3\Metadata\wcp.dll</Data>
      <Data Name=""CreationUtcTime"">2023-12-02 04:14:28.000</Data>
      <Data Name=""User"">NT AUTHORITY\SYSTEM</Data>
    </EventData>
    <RenderingInfo Culture=""en-US"">
      <Message>File created:

RuleName: DLL

UtcTime: 2023-12-28 00:55:34.356

ProcessGuid: {fda94052-34fa-658d-8a00-000000000b00}

ProcessId: 5868

Image: C:\Windows\system32\svchost.exe

TargetFilename: C:\Windows\SoftwareDistribution\Download\7bd97cc524ebd8114e77ca1991fbf2f3\Metadata\wcp.dll

CreationUtcTime: 2023-12-02 04:14:28.000

User: NT AUTHORITY\SYSTEM</Message>
      <Level>Information</Level>
      <Task>File created (rule: FileCreate)</Task>
      <Opcode>Info</Opcode>
    </RenderingInfo>
  </Event>
  
"
Microsoft-Windows-Sysmon/Operational,,,WinDev2309Eval,2023-12-02 04:21:42.000,,,11,9459,,,C:\Windows\system32\svchost.exe,,0x8000000000000000,Information,,,"File created:

RuleName: DLL

UtcTime: 2023-12-28 00:55:34.356

ProcessGuid: {fda94052-34fa-658d-8a00-000000000b00}

ProcessId: 5868

Image: C:\Windows\system32\svchost.exe

TargetFilename: C:\Windows\SoftwareDistribution\Download\7bd97cc524ebd8114e77ca1991fbf2f3\Metadata\UAOneSettings.dll

CreationUtcTime: 2023-12-02 04:21:42.000

User: NT AUTHORITY\SYSTEM",Info,,,,,,,{fda94052-34fa-658d-8a00-000000000b00},7044,5868,,,,,"
      ",DLL,2023-12-28T00:55:34.3590373Z,C:\Windows\SoftwareDistribution\Download\7bd97cc524ebd8114e77ca1991fbf2f3\Metadata\UAOneSettings.dll,File created (rule: FileCreate),,6672,NT AUTHORITY\SYSTEM,S-1-5-18,2023-12-28 00:55:34.356,2,"<Event xmlns=""http://schemas.microsoft.com/win/2004/08/events/event"">
    <System>
      <Provider Name=""Microsoft-Windows-Sysmon"" Guid=""{5770385f-c22a-43e0-bf4c-06f5698ffbd9}""/>
      <EventID>11</EventID>
      <Version>2</Version>
      <Level>4</Level>
      <Task>11</Task>
      <Opcode>0</Opcode>
      <Keywords>0x8000000000000000</Keywords>
      <TimeCreated SystemTime=""2023-12-28T00:55:34.3590373Z""/>
      <EventRecordID>9459</EventRecordID>
      <Correlation/>
      <Execution ProcessID=""7044"" ThreadID=""6672""/>
      <Channel>Microsoft-Windows-Sysmon/Operational</Channel>
      <Computer>WinDev2309Eval</Computer>
      <Security UserID=""S-1-5-18""/>
    </System>
    <EventData>
      <Data Name=""RuleName"">DLL</Data>
      <Data Name=""UtcTime"">2023-12-28 00:55:34.356</Data>
      <Data Name=""ProcessGuid"">{fda94052-34fa-658d-8a00-000000000b00}</Data>
      <Data Name=""ProcessId"">5868</Data>
      <Data Name=""Image"">C:\Windows\system32\svchost.exe</Data>
      <Data Name=""TargetFilename"">C:\Windows\SoftwareDistribution\Download\7bd97cc524ebd8114e77ca1991fbf2f3\Metadata\UAOneSettings.dll</Data>
      <Data Name=""CreationUtcTime"">2023-12-02 04:21:42.000</Data>
      <Data Name=""User"">NT AUTHORITY\SYSTEM</Data>
    </EventData>
    <RenderingInfo Culture=""en-US"">
      <Message>File created:

RuleName: DLL

UtcTime: 2023-12-28 00:55:34.356

ProcessGuid: {fda94052-34fa-658d-8a00-000000000b00}

ProcessId: 5868

Image: C:\Windows\system32\svchost.exe

TargetFilename: C:\Windows\SoftwareDistribution\Download\7bd97cc524ebd8114e77ca1991fbf2f3\Metadata\UAOneSettings.dll

CreationUtcTime: 2023-12-02 04:21:42.000

User: NT AUTHORITY\SYSTEM</Message>
      <Level>Information</Level>
      <Task>File created (rule: FileCreate)</Task>
      <Opcode>Info</Opcode>
    </RenderingInfo>
  </Event>
  
"
Microsoft-Windows-Sysmon/Operational,,,WinDev2309Eval,2023-12-02 10:04:50.000,,,11,9458,,,C:\Windows\system32\svchost.exe,,0x8000000000000000,Information,,,"File created:

RuleName: DLL

UtcTime: 2023-12-28 00:55:34.341

ProcessGuid: {fda94052-34fa-658d-8a00-000000000b00}

ProcessId: 5868

Image: C:\Windows\system32\svchost.exe

TargetFilename: C:\Windows\SoftwareDistribution\Download\7bd97cc524ebd8114e77ca1991fbf2f3\Metadata\Mitigation.dll

CreationUtcTime: 2023-12-02 10:04:50.000

User: NT AUTHORITY\SYSTEM",Info,,,,,,,{fda94052-34fa-658d-8a00-000000000b00},7044,5868,,,,,"
      ",DLL,2023-12-28T00:55:34.3544237Z,C:\Windows\SoftwareDistribution\Download\7bd97cc524ebd8114e77ca1991fbf2f3\Metadata\Mitigation.dll,File created (rule: FileCreate),,6672,NT AUTHORITY\SYSTEM,S-1-5-18,2023-12-28 00:55:34.341,2,"<Event xmlns=""http://schemas.microsoft.com/win/2004/08/events/event"">
    <System>
      <Provider Name=""Microsoft-Windows-Sysmon"" Guid=""{5770385f-c22a-43e0-bf4c-06f5698ffbd9}""/>
      <EventID>11</EventID>
      <Version>2</Version>
      <Level>4</Level>
      <Task>11</Task>
      <Opcode>0</Opcode>
      <Keywords>0x8000000000000000</Keywords>
      <TimeCreated SystemTime=""2023-12-28T00:55:34.3544237Z""/>
      <EventRecordID>9458</EventRecordID>
      <Correlation/>
      <Execution ProcessID=""7044"" ThreadID=""6672""/>
      <Channel>Microsoft-Windows-Sysmon/Operational</Channel>
      <Computer>WinDev2309Eval</Computer>
      <Security UserID=""S-1-5-18""/>
    </System>
    <EventData>
      <Data Name=""RuleName"">DLL</Data>
      <Data Name=""UtcTime"">2023-12-28 00:55:34.341</Data>
      <Data Name=""ProcessGuid"">{fda94052-34fa-658d-8a00-000000000b00}</Data>
      <Data Name=""ProcessId"">5868</Data>
      <Data Name=""Image"">C:\Windows\system32\svchost.exe</Data>
      <Data Name=""TargetFilename"">C:\Windows\SoftwareDistribution\Download\7bd97cc524ebd8114e77ca1991fbf2f3\Metadata\Mitigation.dll</Data>
      <Data Name=""CreationUtcTime"">2023-12-02 10:04:50.000</Data>
      <Data Name=""User"">NT AUTHORITY\SYSTEM</Data>
    </EventData>
    <RenderingInfo Culture=""en-US"">
      <Message>File created:

RuleName: DLL

UtcTime: 2023-12-28 00:55:34.341

ProcessGuid: {fda94052-34fa-658d-8a00-000000000b00}

ProcessId: 5868

Image: C:\Windows\system32\svchost.exe

TargetFilename: C:\Windows\SoftwareDistribution\Download\7bd97cc524ebd8114e77ca1991fbf2f3\Metadata\Mitigation.dll

CreationUtcTime: 2023-12-02 10:04:50.000

User: NT AUTHORITY\SYSTEM</Message>
      <Level>Information</Level>
      <Task>File created (rule: FileCreate)</Task>
      <Opcode>Info</Opcode>
    </RenderingInfo>
  </Event>
  
"
Microsoft-Windows-Sysmon/Operational,,,WinDev2309Eval,2023-12-02 04:13:54.000,,,11,9457,,,C:\Windows\system32\svchost.exe,,0x8000000000000000,Information,,,"File created:

RuleName: DLL

UtcTime: 2023-12-28 00:55:34.341

ProcessGuid: {fda94052-34fa-658d-8a00-000000000b00}

ProcessId: 5868

Image: C:\Windows\system32\svchost.exe

TargetFilename: C:\Windows\SoftwareDistribution\Download\7bd97cc524ebd8114e77ca1991fbf2f3\Metadata\dpx.dll

CreationUtcTime: 2023-12-02 04:13:54.000

User: NT AUTHORITY\SYSTEM",Info,,,,,,,{fda94052-34fa-658d-8a00-000000000b00},7044,5868,,,,,"
      ",DLL,2023-12-28T00:55:34.3457622Z,C:\Windows\SoftwareDistribution\Download\7bd97cc524ebd8114e77ca1991fbf2f3\Metadata\dpx.dll,File created (rule: FileCreate),,6672,NT AUTHORITY\SYSTEM,S-1-5-18,2023-12-28 00:55:34.341,2,"<Event xmlns=""http://schemas.microsoft.com/win/2004/08/events/event"">
    <System>
      <Provider Name=""Microsoft-Windows-Sysmon"" Guid=""{5770385f-c22a-43e0-bf4c-06f5698ffbd9}""/>
      <EventID>11</EventID>
      <Version>2</Version>
      <Level>4</Level>
      <Task>11</Task>
      <Opcode>0</Opcode>
      <Keywords>0x8000000000000000</Keywords>
      <TimeCreated SystemTime=""2023-12-28T00:55:34.3457622Z""/>
      <EventRecordID>9457</EventRecordID>
      <Correlation/>
      <Execution ProcessID=""7044"" ThreadID=""6672""/>
      <Channel>Microsoft-Windows-Sysmon/Operational</Channel>
      <Computer>WinDev2309Eval</Computer>
      <Security UserID=""S-1-5-18""/>
    </System>
    <EventData>
      <Data Name=""RuleName"">DLL</Data>
      <Data Name=""UtcTime"">2023-12-28 00:55:34.341</Data>
      <Data Name=""ProcessGuid"">{fda94052-34fa-658d-8a00-000000000b00}</Data>
      <Data Name=""ProcessId"">5868</Data>
      <Data Name=""Image"">C:\Windows\system32\svchost.exe</Data>
      <Data Name=""TargetFilename"">C:\Windows\SoftwareDistribution\Download\7bd97cc524ebd8114e77ca1991fbf2f3\Metadata\dpx.dll</Data>
      <Data Name=""CreationUtcTime"">2023-12-02 04:13:54.000</Data>
      <Data Name=""User"">NT AUTHORITY\SYSTEM</Data>
    </EventData>
    <RenderingInfo Culture=""en-US"">
      <Message>File created:

RuleName: DLL

UtcTime: 2023-12-28 00:55:34.341

ProcessGuid: {fda94052-34fa-658d-8a00-000000000b00}

ProcessId: 5868

Image: C:\Windows\system32\svchost.exe

TargetFilename: C:\Windows\SoftwareDistribution\Download\7bd97cc524ebd8114e77ca1991fbf2f3\Metadata\dpx.dll

CreationUtcTime: 2023-12-02 04:13:54.000

User: NT AUTHORITY\SYSTEM</Message>
      <Level>Information</Level>
      <Task>File created (rule: FileCreate)</Task>
      <Opcode>Info</Opcode>
    </RenderingInfo>
  </Event>
  
"
Microsoft-Windows-Sysmon/Operational,,,WinDev2309Eval,2023-12-02 04:13:52.000,,,11,9456,,,C:\Windows\system32\svchost.exe,,0x8000000000000000,Information,,,"File created:

RuleName: DLL

UtcTime: 2023-12-28 00:55:34.309

ProcessGuid: {fda94052-34fa-658d-8a00-000000000b00}

ProcessId: 5868

Image: C:\Windows\system32\svchost.exe

TargetFilename: C:\Windows\SoftwareDistribution\Download\7bd97cc524ebd8114e77ca1991fbf2f3\Metadata\UpdateAgent.dll

CreationUtcTime: 2023-12-02 04:13:52.000

User: NT AUTHORITY\SYSTEM",Info,,,,,,,{fda94052-34fa-658d-8a00-000000000b00},7044,5868,,,,,"
      ",DLL,2023-12-28T00:55:34.3114728Z,C:\Windows\SoftwareDistribution\Download\7bd97cc524ebd8114e77ca1991fbf2f3\Metadata\UpdateAgent.dll,File created (rule: FileCreate),,6672,NT AUTHORITY\SYSTEM,S-1-5-18,2023-12-28 00:55:34.309,2,"<Event xmlns=""http://schemas.microsoft.com/win/2004/08/events/event"">
    <System>
      <Provider Name=""Microsoft-Windows-Sysmon"" Guid=""{5770385f-c22a-43e0-bf4c-06f5698ffbd9}""/>
      <EventID>11</EventID>
      <Version>2</Version>
      <Level>4</Level>
      <Task>11</Task>
      <Opcode>0</Opcode>
      <Keywords>0x8000000000000000</Keywords>
      <TimeCreated SystemTime=""2023-12-28T00:55:34.3114728Z""/>
      <EventRecordID>9456</EventRecordID>
      <Correlation/>
      <Execution ProcessID=""7044"" ThreadID=""6672""/>
      <Channel>Microsoft-Windows-Sysmon/Operational</Channel>
      <Computer>WinDev2309Eval</Computer>
      <Security UserID=""S-1-5-18""/>
    </System>
    <EventData>
      <Data Name=""RuleName"">DLL</Data>
      <Data Name=""UtcTime"">2023-12-28 00:55:34.309</Data>
      <Data Name=""ProcessGuid"">{fda94052-34fa-658d-8a00-000000000b00}</Data>
      <Data Name=""ProcessId"">5868</Data>
      <Data Name=""Image"">C:\Windows\system32\svchost.exe</Data>
      <Data Name=""TargetFilename"">C:\Windows\SoftwareDistribution\Download\7bd97cc524ebd8114e77ca1991fbf2f3\Metadata\UpdateAgent.dll</Data>
      <Data Name=""CreationUtcTime"">2023-12-02 04:13:52.000</Data>
      <Data Name=""User"">NT AUTHORITY\SYSTEM</Data>
    </EventData>
    <RenderingInfo Culture=""en-US"">
      <Message>File created:

RuleName: DLL

UtcTime: 2023-12-28 00:55:34.309

ProcessGuid: {fda94052-34fa-658d-8a00-000000000b00}

ProcessId: 5868

Image: C:\Windows\system32\svchost.exe

TargetFilename: C:\Windows\SoftwareDistribution\Download\7bd97cc524ebd8114e77ca1991fbf2f3\Metadata\UpdateAgent.dll

CreationUtcTime: 2023-12-02 04:13:52.000

User: NT AUTHORITY\SYSTEM</Message>
      <Level>Information</Level>
      <Task>File created (rule: FileCreate)</Task>
      <Opcode>Info</Opcode>
    </RenderingInfo>
  </Event>
  
"
Microsoft-Windows-Sysmon/Operational,,,WinDev2309Eval,2023-12-28 00:55:34.010,,,11,9455,,,C:\Windows\system32\svchost.exe,,0x8000000000000000,Information,,,"File created:

RuleName: DLL

UtcTime: 2023-12-28 00:55:34.010

ProcessGuid: {fda94052-34fa-658d-8a00-000000000b00}

ProcessId: 5868

Image: C:\Windows\system32\svchost.exe

TargetFilename: C:\Windows\SystemTemp\{9B10ED48-1502-4584-A618-480B70D1B689}\ssshim.dll

CreationUtcTime: 2023-12-28 00:55:34.010

User: NT AUTHORITY\SYSTEM",Info,,,,,,,{fda94052-34fa-658d-8a00-000000000b00},7044,5868,,,,,"
      ",DLL,2023-12-28T00:55:34.0199332Z,C:\Windows\SystemTemp\{9B10ED48-1502-4584-A618-480B70D1B689}\ssshim.dll,File created (rule: FileCreate),,6672,NT AUTHORITY\SYSTEM,S-1-5-18,2023-12-28 00:55:34.010,2,"<Event xmlns=""http://schemas.microsoft.com/win/2004/08/events/event"">
    <System>
      <Provider Name=""Microsoft-Windows-Sysmon"" Guid=""{5770385f-c22a-43e0-bf4c-06f5698ffbd9}""/>
      <EventID>11</EventID>
      <Version>2</Version>
      <Level>4</Level>
      <Task>11</Task>
      <Opcode>0</Opcode>
      <Keywords>0x8000000000000000</Keywords>
      <TimeCreated SystemTime=""2023-12-28T00:55:34.0199332Z""/>
      <EventRecordID>9455</EventRecordID>
      <Correlation/>
      <Execution ProcessID=""7044"" ThreadID=""6672""/>
      <Channel>Microsoft-Windows-Sysmon/Operational</Channel>
      <Computer>WinDev2309Eval</Computer>
      <Security UserID=""S-1-5-18""/>
    </System>
    <EventData>
      <Data Name=""RuleName"">DLL</Data>
      <Data Name=""UtcTime"">2023-12-28 00:55:34.010</Data>
      <Data Name=""ProcessGuid"">{fda94052-34fa-658d-8a00-000000000b00}</Data>
      <Data Name=""ProcessId"">5868</Data>
      <Data Name=""Image"">C:\Windows\system32\svchost.exe</Data>
      <Data Name=""TargetFilename"">C:\Windows\SystemTemp\{9B10ED48-1502-4584-A618-480B70D1B689}\ssshim.dll</Data>
      <Data Name=""CreationUtcTime"">2023-12-28 00:55:34.010</Data>
      <Data Name=""User"">NT AUTHORITY\SYSTEM</Data>
    </EventData>
    <RenderingInfo Culture=""en-US"">
      <Message>File created:

RuleName: DLL

UtcTime: 2023-12-28 00:55:34.010

ProcessGuid: {fda94052-34fa-658d-8a00-000000000b00}

ProcessId: 5868

Image: C:\Windows\system32\svchost.exe

TargetFilename: C:\Windows\SystemTemp\{9B10ED48-1502-4584-A618-480B70D1B689}\ssshim.dll

CreationUtcTime: 2023-12-28 00:55:34.010

User: NT AUTHORITY\SYSTEM</Message>
      <Level>Information</Level>
      <Task>File created (rule: FileCreate)</Task>
      <Opcode>Info</Opcode>
    </RenderingInfo>
  </Event>
  
"
Microsoft-Windows-Sysmon/Operational,"""C:\windows\system32\wbem\mofcomp.exe"" C:\AtomicRedTeam\atomics\T1546.003\src\T1546.003.mof",Microsoft Corporation,WinDev2309Eval,,C:\Users\User\AppData\Local\Temp\,The Managed Object Format (MOF) Compiler ,1,9454,10.0.22621.2070 (WinBuild.160101.0800),"MD5=95C59F226E1EF93F96CB53240C672CE1,SHA256=1A590222D4A519987D45EC2AC9E717DEAFD543087E08B2E62A27D896C6B9FB7F,IMPHASH=33E29380499B6B413B576B5B4927D346",C:\Windows\System32\wbem\mofcomp.exe,Medium,0x8000000000000000,Information,{fda94052-3502-658d-b367-080000000000},0x867b3,"Process Create:

RuleName: -

UtcTime: 2023-12-28 00:55:33.487

ProcessGuid: {fda94052-c785-658c-6602-000000000b00}

ProcessId: 7056

Image: C:\Windows\System32\wbem\mofcomp.exe

FileVersion: 10.0.22621.2070 (WinBuild.160101.0800)

Description: The Managed Object Format (MOF) Compiler 

Product: Microsoft® Windows® Operating System

Company: Microsoft Corporation

OriginalFileName: mofcomp.exe

CommandLine: ""C:\windows\system32\wbem\mofcomp.exe"" C:\AtomicRedTeam\atomics\T1546.003\src\T1546.003.mof

CurrentDirectory: C:\Users\User\AppData\Local\Temp\

User: WINDEV2309EVAL\User

LogonGuid: {fda94052-3502-658d-b367-080000000000}

LogonId: 0x867B3

TerminalSessionId: 1

IntegrityLevel: Medium

Hashes: MD5=95C59F226E1EF93F96CB53240C672CE1,SHA256=1A590222D4A519987D45EC2AC9E717DEAFD543087E08B2E62A27D896C6B9FB7F,IMPHASH=33E29380499B6B413B576B5B4927D346

ParentProcessGuid: {fda94052-c784-658c-6402-000000000b00}

ParentProcessId: 2308

ParentImage: C:\Windows\System32\WindowsPowerShell\v1.0\powershell.exe

ParentCommandLine: ""powershell.exe"" & {c:\windows\system32\wbem\mofcomp.exe \""""C:\AtomicRedTeam\atomics\T1546.003\src\T1546.003.mof\""""}

ParentUser: WINDEV2309EVAL\User",Info,mofcomp.exe,"""powershell.exe"" & {c:\windows\system32\wbem\mofcomp.exe \""""C:\AtomicRedTeam\atomics\T1546.003\src\T1546.003.mof\""""}",C:\Windows\System32\WindowsPowerShell\v1.0\powershell.exe,{fda94052-c784-658c-6402-000000000b00},2308,WINDEV2309EVAL\User,{fda94052-c785-658c-6602-000000000b00},7044,7056,Microsoft® Windows® Operating System,,,,"
      ",-,2023-12-28T00:55:33.4896965Z,,Process Create (rule: ProcessCreate),1,6672,WINDEV2309EVAL\User,S-1-5-18,2023-12-28 00:55:33.487,5,"<Event xmlns=""http://schemas.microsoft.com/win/2004/08/events/event"">
    <System>
      <Provider Name=""Microsoft-Windows-Sysmon"" Guid=""{5770385f-c22a-43e0-bf4c-06f5698ffbd9}""/>
      <EventID>1</EventID>
      <Version>5</Version>
      <Level>4</Level>
      <Task>1</Task>
      <Opcode>0</Opcode>
      <Keywords>0x8000000000000000</Keywords>
      <TimeCreated SystemTime=""2023-12-28T00:55:33.4896965Z""/>
      <EventRecordID>9454</EventRecordID>
      <Correlation/>
      <Execution ProcessID=""7044"" ThreadID=""6672""/>
      <Channel>Microsoft-Windows-Sysmon/Operational</Channel>
      <Computer>WinDev2309Eval</Computer>
      <Security UserID=""S-1-5-18""/>
    </System>
    <EventData>
      <Data Name=""RuleName"">-</Data>
      <Data Name=""UtcTime"">2023-12-28 00:55:33.487</Data>
      <Data Name=""ProcessGuid"">{fda94052-c785-658c-6602-000000000b00}</Data>
      <Data Name=""ProcessId"">7056</Data>
      <Data Name=""Image"">C:\Windows\System32\wbem\mofcomp.exe</Data>
      <Data Name=""FileVersion"">10.0.22621.2070 (WinBuild.160101.0800)</Data>
      <Data Name=""Description"">The Managed Object Format (MOF) Compiler </Data>
      <Data Name=""Product"">Microsoft&#174; Windows&#174; Operating System</Data>
      <Data Name=""Company"">Microsoft Corporation</Data>
      <Data Name=""OriginalFileName"">mofcomp.exe</Data>
      <Data Name=""CommandLine"">""C:\windows\system32\wbem\mofcomp.exe"" C:\AtomicRedTeam\atomics\T1546.003\src\T1546.003.mof</Data>
      <Data Name=""CurrentDirectory"">C:\Users\User\AppData\Local\Temp\</Data>
      <Data Name=""User"">WINDEV2309EVAL\User</Data>
      <Data Name=""LogonGuid"">{fda94052-3502-658d-b367-080000000000}</Data>
      <Data Name=""LogonId"">0x867b3</Data>
      <Data Name=""TerminalSessionId"">1</Data>
      <Data Name=""IntegrityLevel"">Medium</Data>
      <Data Name=""Hashes"">MD5=95C59F226E1EF93F96CB53240C672CE1,SHA256=1A590222D4A519987D45EC2AC9E717DEAFD543087E08B2E62A27D896C6B9FB7F,IMPHASH=33E29380499B6B413B576B5B4927D346</Data>
      <Data Name=""ParentProcessGuid"">{fda94052-c784-658c-6402-000000000b00}</Data>
      <Data Name=""ParentProcessId"">2308</Data>
      <Data Name=""ParentImage"">C:\Windows\System32\WindowsPowerShell\v1.0\powershell.exe</Data>
      <Data Name=""ParentCommandLine"">""powershell.exe"" &amp; {c:\windows\system32\wbem\mofcomp.exe \""""C:\AtomicRedTeam\atomics\T1546.003\src\T1546.003.mof\""""}</Data>
      <Data Name=""ParentUser"">WINDEV2309EVAL\User</Data>
    </EventData>
    <RenderingInfo Culture=""en-US"">
      <Message>Process Create:

RuleName: -

UtcTime: 2023-12-28 00:55:33.487

ProcessGuid: {fda94052-c785-658c-6602-000000000b00}

ProcessId: 7056

Image: C:\Windows\System32\wbem\mofcomp.exe

FileVersion: 10.0.22621.2070 (WinBuild.160101.0800)

Description: The Managed Object Format (MOF) Compiler 

Product: Microsoft&#174; Windows&#174; Operating System

Company: Microsoft Corporation

OriginalFileName: mofcomp.exe

CommandLine: ""C:\windows\system32\wbem\mofcomp.exe"" C:\AtomicRedTeam\atomics\T1546.003\src\T1546.003.mof

CurrentDirectory: C:\Users\User\AppData\Local\Temp\

User: WINDEV2309EVAL\User

LogonGuid: {fda94052-3502-658d-b367-080000000000}

LogonId: 0x867B3

TerminalSessionId: 1

IntegrityLevel: Medium

Hashes: MD5=95C59F226E1EF93F96CB53240C672CE1,SHA256=1A590222D4A519987D45EC2AC9E717DEAFD543087E08B2E62A27D896C6B9FB7F,IMPHASH=33E29380499B6B413B576B5B4927D346

ParentProcessGuid: {fda94052-c784-658c-6402-000000000b00}

ParentProcessId: 2308

ParentImage: C:\Windows\System32\WindowsPowerShell\v1.0\powershell.exe

ParentCommandLine: ""powershell.exe"" &amp; {c:\windows\system32\wbem\mofcomp.exe \""""C:\AtomicRedTeam\atomics\T1546.003\src\T1546.003.mof\""""}

ParentUser: WINDEV2309EVAL\User</Message>
      <Level>Information</Level>
      <Task>Process Create (rule: ProcessCreate)</Task>
      <Opcode>Info</Opcode>
    </RenderingInfo>
  </Event>
  
"
