Microsoft-Windows-Sysmon/Operational,,,WinDev2309Eval,,,,,,,,,DWORD (0x00010000),13,9459,SetValue,,,C:\Windows\system32\sdbinst.exe,,,0x8000000000000000,Information,,,"Registry value set:

RuleName: T1138,AppCompatShim

EventType: SetValue

UtcTime: 2023-12-28 01:04:32.440

ProcessGuid: {fda94052-c9a0-658c-6502-000000000b00}

ProcessId: 6548

Image: C:\Windows\system32\sdbinst.exe

TargetObject: HKLM\SOFTWARE\Microsoft\Windows NT\CurrentVersion\AppCompatFlags\InstalledSDB\{084c9f6c-a911-44f5-aecf-6a9a55b93c43}\DatabaseType

Details: DWORD (0x00010000)

User: WINDEV2309EVAL\User",Info,,,,,,,{fda94052-c9a0-658c-6502-000000000b00},7044,6548,,,,,,"
      ","T1138,AppCompatShim",,,,,,2023-12-28T01:04:32.4544645Z,,HKLM\SOFTWARE\Microsoft\Windows NT\CurrentVersion\AppCompatFlags\InstalledSDB\{084c9f6c-a911-44f5-aecf-6a9a55b93c43}\DatabaseType,Registry value set (rule: RegistryEvent),,6672,WINDEV2309EVAL\User,S-1-5-18,2023-12-28 01:04:32.440,2,"<Event xmlns=""http://schemas.microsoft.com/win/2004/08/events/event"">
    <System>
      <Provider Name=""Microsoft-Windows-Sysmon"" Guid=""{5770385f-c22a-43e0-bf4c-06f5698ffbd9}""/>
      <EventID>13</EventID>
      <Version>2</Version>
      <Level>4</Level>
      <Task>13</Task>
      <Opcode>0</Opcode>
      <Keywords>0x8000000000000000</Keywords>
      <TimeCreated SystemTime=""2023-12-28T01:04:32.4544645Z""/>
      <EventRecordID>9459</EventRecordID>
      <Correlation/>
      <Execution ProcessID=""7044"" ThreadID=""6672""/>
      <Channel>Microsoft-Windows-Sysmon/Operational</Channel>
      <Computer>WinDev2309Eval</Computer>
      <Security UserID=""S-1-5-18""/>
    </System>
    <EventData>
      <Data Name=""RuleName"">T1138,AppCompatShim</Data>
      <Data Name=""EventType"">SetValue</Data>
      <Data Name=""UtcTime"">2023-12-28 01:04:32.440</Data>
      <Data Name=""ProcessGuid"">{fda94052-c9a0-658c-6502-000000000b00}</Data>
      <Data Name=""ProcessId"">6548</Data>
      <Data Name=""Image"">C:\Windows\system32\sdbinst.exe</Data>
      <Data Name=""TargetObject"">HKLM\SOFTWARE\Microsoft\Windows NT\CurrentVersion\AppCompatFlags\InstalledSDB\{084c9f6c-a911-44f5-aecf-6a9a55b93c43}\DatabaseType</Data>
      <Data Name=""Details"">DWORD (0x00010000)</Data>
      <Data Name=""User"">WINDEV2309EVAL\User</Data>
    </EventData>
    <RenderingInfo Culture=""en-US"">
      <Message>Registry value set:

RuleName: T1138,AppCompatShim

EventType: SetValue

UtcTime: 2023-12-28 01:04:32.440

ProcessGuid: {fda94052-c9a0-658c-6502-000000000b00}

ProcessId: 6548

Image: C:\Windows\system32\sdbinst.exe

TargetObject: HKLM\SOFTWARE\Microsoft\Windows NT\CurrentVersion\AppCompatFlags\InstalledSDB\{084c9f6c-a911-44f5-aecf-6a9a55b93c43}\DatabaseType

Details: DWORD (0x00010000)

User: WINDEV2309EVAL\User</Message>
      <Level>Information</Level>
      <Task>Registry value set (rule: RegistryEvent)</Task>
      <Opcode>Info</Opcode>
    </RenderingInfo>
  </Event>
  
"
Microsoft-Windows-Sysmon/Operational,,,WinDev2309Eval,,,,,,,,,C:\Windows\AppPatch\CustomSDB\{084c9f6c-a911-44f5-aecf-6a9a55b93c43}.sdb,13,9458,SetValue,,,C:\Windows\system32\sdbinst.exe,,,0x8000000000000000,Information,,,"Registry value set:

RuleName: T1138,AppCompatShim

EventType: SetValue

UtcTime: 2023-12-28 01:04:32.440

ProcessGuid: {fda94052-c9a0-658c-6502-000000000b00}

ProcessId: 6548

Image: C:\Windows\system32\sdbinst.exe

TargetObject: HKLM\SOFTWARE\Microsoft\Windows NT\CurrentVersion\AppCompatFlags\InstalledSDB\{084c9f6c-a911-44f5-aecf-6a9a55b93c43}\DatabasePath

Details: C:\Windows\AppPatch\CustomSDB\{084c9f6c-a911-44f5-aecf-6a9a55b93c43}.sdb

User: WINDEV2309EVAL\User",Info,,,,,,,{fda94052-c9a0-658c-6502-000000000b00},7044,6548,,,,,,"
      ","T1138,AppCompatShim",,,,,,2023-12-28T01:04:32.4544018Z,,HKLM\SOFTWARE\Microsoft\Windows NT\CurrentVersion\AppCompatFlags\InstalledSDB\{084c9f6c-a911-44f5-aecf-6a9a55b93c43}\DatabasePath,Registry value set (rule: RegistryEvent),,6672,WINDEV2309EVAL\User,S-1-5-18,2023-12-28 01:04:32.440,2,"<Event xmlns=""http://schemas.microsoft.com/win/2004/08/events/event"">
    <System>
      <Provider Name=""Microsoft-Windows-Sysmon"" Guid=""{5770385f-c22a-43e0-bf4c-06f5698ffbd9}""/>
      <EventID>13</EventID>
      <Version>2</Version>
      <Level>4</Level>
      <Task>13</Task>
      <Opcode>0</Opcode>
      <Keywords>0x8000000000000000</Keywords>
      <TimeCreated SystemTime=""2023-12-28T01:04:32.4544018Z""/>
      <EventRecordID>9458</EventRecordID>
      <Correlation/>
      <Execution ProcessID=""7044"" ThreadID=""6672""/>
      <Channel>Microsoft-Windows-Sysmon/Operational</Channel>
      <Computer>WinDev2309Eval</Computer>
      <Security UserID=""S-1-5-18""/>
    </System>
    <EventData>
      <Data Name=""RuleName"">T1138,AppCompatShim</Data>
      <Data Name=""EventType"">SetValue</Data>
      <Data Name=""UtcTime"">2023-12-28 01:04:32.440</Data>
      <Data Name=""ProcessGuid"">{fda94052-c9a0-658c-6502-000000000b00}</Data>
      <Data Name=""ProcessId"">6548</Data>
      <Data Name=""Image"">C:\Windows\system32\sdbinst.exe</Data>
      <Data Name=""TargetObject"">HKLM\SOFTWARE\Microsoft\Windows NT\CurrentVersion\AppCompatFlags\InstalledSDB\{084c9f6c-a911-44f5-aecf-6a9a55b93c43}\DatabasePath</Data>
      <Data Name=""Details"">C:\Windows\AppPatch\CustomSDB\{084c9f6c-a911-44f5-aecf-6a9a55b93c43}.sdb</Data>
      <Data Name=""User"">WINDEV2309EVAL\User</Data>
    </EventData>
    <RenderingInfo Culture=""en-US"">
      <Message>Registry value set:

RuleName: T1138,AppCompatShim

EventType: SetValue

UtcTime: 2023-12-28 01:04:32.440

ProcessGuid: {fda94052-c9a0-658c-6502-000000000b00}

ProcessId: 6548

Image: C:\Windows\system32\sdbinst.exe

TargetObject: HKLM\SOFTWARE\Microsoft\Windows NT\CurrentVersion\AppCompatFlags\InstalledSDB\{084c9f6c-a911-44f5-aecf-6a9a55b93c43}\DatabasePath

Details: C:\Windows\AppPatch\CustomSDB\{084c9f6c-a911-44f5-aecf-6a9a55b93c43}.sdb

User: WINDEV2309EVAL\User</Message>
      <Level>Information</Level>
      <Task>Registry value set (rule: RegistryEvent)</Task>
      <Opcode>Info</Opcode>
    </RenderingInfo>
  </Event>
  
"
Microsoft-Windows-Sysmon/Operational,,,WinDev2309Eval,2023-12-28 01:04:32.440,,,,,,,,,11,9457,,,,C:\Windows\system32\sdbinst.exe,,,0x8000000000000000,Information,,,"File created:

RuleName: -

UtcTime: 2023-12-28 01:04:32.440

ProcessGuid: {fda94052-c9a0-658c-6502-000000000b00}

ProcessId: 6548

Image: C:\Windows\system32\sdbinst.exe

TargetFilename: C:\Windows\apppatch\CustomSDB\{084c9f6c-a911-44f5-aecf-6a9a55b93c43}.sdb:Zone.Identifier

CreationUtcTime: 2023-12-28 01:04:32.440

User: WINDEV2309EVAL\User",Info,,,,,,,{fda94052-c9a0-658c-6502-000000000b00},7044,6548,,,,,,"
      ",-,,,,,,2023-12-28T01:04:32.4514738Z,C:\Windows\apppatch\CustomSDB\{084c9f6c-a911-44f5-aecf-6a9a55b93c43}.sdb:Zone.Identifier,,File created (rule: FileCreate),,6672,WINDEV2309EVAL\User,S-1-5-18,2023-12-28 01:04:32.440,2,"<Event xmlns=""http://schemas.microsoft.com/win/2004/08/events/event"">
    <System>
      <Provider Name=""Microsoft-Windows-Sysmon"" Guid=""{5770385f-c22a-43e0-bf4c-06f5698ffbd9}""/>
      <EventID>11</EventID>
      <Version>2</Version>
      <Level>4</Level>
      <Task>11</Task>
      <Opcode>0</Opcode>
      <Keywords>0x8000000000000000</Keywords>
      <TimeCreated SystemTime=""2023-12-28T01:04:32.4514738Z""/>
      <EventRecordID>9457</EventRecordID>
      <Correlation/>
      <Execution ProcessID=""7044"" ThreadID=""6672""/>
      <Channel>Microsoft-Windows-Sysmon/Operational</Channel>
      <Computer>WinDev2309Eval</Computer>
      <Security UserID=""S-1-5-18""/>
    </System>
    <EventData>
      <Data Name=""RuleName"">-</Data>
      <Data Name=""UtcTime"">2023-12-28 01:04:32.440</Data>
      <Data Name=""ProcessGuid"">{fda94052-c9a0-658c-6502-000000000b00}</Data>
      <Data Name=""ProcessId"">6548</Data>
      <Data Name=""Image"">C:\Windows\system32\sdbinst.exe</Data>
      <Data Name=""TargetFilename"">C:\Windows\apppatch\CustomSDB\{084c9f6c-a911-44f5-aecf-6a9a55b93c43}.sdb:Zone.Identifier</Data>
      <Data Name=""CreationUtcTime"">2023-12-28 01:04:32.440</Data>
      <Data Name=""User"">WINDEV2309EVAL\User</Data>
    </EventData>
    <RenderingInfo Culture=""en-US"">
      <Message>File created:

RuleName: -

UtcTime: 2023-12-28 01:04:32.440

ProcessGuid: {fda94052-c9a0-658c-6502-000000000b00}

ProcessId: 6548

Image: C:\Windows\system32\sdbinst.exe

TargetFilename: C:\Windows\apppatch\CustomSDB\{084c9f6c-a911-44f5-aecf-6a9a55b93c43}.sdb:Zone.Identifier

CreationUtcTime: 2023-12-28 01:04:32.440

User: WINDEV2309EVAL\User</Message>
      <Level>Information</Level>
      <Task>File created (rule: FileCreate)</Task>
      <Opcode>Info</Opcode>
    </RenderingInfo>
  </Event>
  
"
Microsoft-Windows-Sysmon/Operational,,,WinDev2309Eval,2023-12-28 01:04:32.440,,,,,,,,,11,9456,,,,C:\Windows\system32\sdbinst.exe,,,0x8000000000000000,Information,,,"File created:

RuleName: -

UtcTime: 2023-12-28 01:04:32.440

ProcessGuid: {fda94052-c9a0-658c-6502-000000000b00}

ProcessId: 6548

Image: C:\Windows\system32\sdbinst.exe

TargetFilename: C:\Windows\apppatch\CustomSDB\{084c9f6c-a911-44f5-aecf-6a9a55b93c43}.sdb

CreationUtcTime: 2023-12-28 01:04:32.440

User: WINDEV2309EVAL\User",Info,,,,,,,{fda94052-c9a0-658c-6502-000000000b00},7044,6548,,,,,,"
      ",-,,,,,,2023-12-28T01:04:32.4509706Z,C:\Windows\apppatch\CustomSDB\{084c9f6c-a911-44f5-aecf-6a9a55b93c43}.sdb,,File created (rule: FileCreate),,6672,WINDEV2309EVAL\User,S-1-5-18,2023-12-28 01:04:32.440,2,"<Event xmlns=""http://schemas.microsoft.com/win/2004/08/events/event"">
    <System>
      <Provider Name=""Microsoft-Windows-Sysmon"" Guid=""{5770385f-c22a-43e0-bf4c-06f5698ffbd9}""/>
      <EventID>11</EventID>
      <Version>2</Version>
      <Level>4</Level>
      <Task>11</Task>
      <Opcode>0</Opcode>
      <Keywords>0x8000000000000000</Keywords>
      <TimeCreated SystemTime=""2023-12-28T01:04:32.4509706Z""/>
      <EventRecordID>9456</EventRecordID>
      <Correlation/>
      <Execution ProcessID=""7044"" ThreadID=""6672""/>
      <Channel>Microsoft-Windows-Sysmon/Operational</Channel>
      <Computer>WinDev2309Eval</Computer>
      <Security UserID=""S-1-5-18""/>
    </System>
    <EventData>
      <Data Name=""RuleName"">-</Data>
      <Data Name=""UtcTime"">2023-12-28 01:04:32.440</Data>
      <Data Name=""ProcessGuid"">{fda94052-c9a0-658c-6502-000000000b00}</Data>
      <Data Name=""ProcessId"">6548</Data>
      <Data Name=""Image"">C:\Windows\system32\sdbinst.exe</Data>
      <Data Name=""TargetFilename"">C:\Windows\apppatch\CustomSDB\{084c9f6c-a911-44f5-aecf-6a9a55b93c43}.sdb</Data>
      <Data Name=""CreationUtcTime"">2023-12-28 01:04:32.440</Data>
      <Data Name=""User"">WINDEV2309EVAL\User</Data>
    </EventData>
    <RenderingInfo Culture=""en-US"">
      <Message>File created:

RuleName: -

UtcTime: 2023-12-28 01:04:32.440

ProcessGuid: {fda94052-c9a0-658c-6502-000000000b00}

ProcessId: 6548

Image: C:\Windows\system32\sdbinst.exe

TargetFilename: C:\Windows\apppatch\CustomSDB\{084c9f6c-a911-44f5-aecf-6a9a55b93c43}.sdb

CreationUtcTime: 2023-12-28 01:04:32.440

User: WINDEV2309EVAL\User</Message>
      <Level>Information</Level>
      <Task>File created (rule: FileCreate)</Task>
      <Opcode>Info</Opcode>
    </RenderingInfo>
  </Event>
  
"
Microsoft-Windows-Sysmon/Operational,,,WinDev2309Eval,,,,,,,,,QWORD (0x01da3929-0xd107e2b6),13,9455,SetValue,,,C:\Windows\system32\sdbinst.exe,,,0x8000000000000000,Information,,,"Registry value set:

RuleName: T1138,AppCompatShim

EventType: SetValue

UtcTime: 2023-12-28 01:04:32.440

ProcessGuid: {fda94052-c9a0-658c-6502-000000000b00}

ProcessId: 6548

Image: C:\Windows\system32\sdbinst.exe

TargetObject: HKLM\SOFTWARE\Microsoft\Windows NT\CurrentVersion\AppCompatFlags\Custom\AtomicTest.exe\{084c9f6c-a911-44f5-aecf-6a9a55b93c43}.sdb

Details: QWORD (0x01da3929-0xd107e2b6)

User: WINDEV2309EVAL\User",Info,,,,,,,{fda94052-c9a0-658c-6502-000000000b00},7044,6548,,,,,,"
      ","T1138,AppCompatShim",,,,,,2023-12-28T01:04:32.4509399Z,,HKLM\SOFTWARE\Microsoft\Windows NT\CurrentVersion\AppCompatFlags\Custom\AtomicTest.exe\{084c9f6c-a911-44f5-aecf-6a9a55b93c43}.sdb,Registry value set (rule: RegistryEvent),,6672,WINDEV2309EVAL\User,S-1-5-18,2023-12-28 01:04:32.440,2,"<Event xmlns=""http://schemas.microsoft.com/win/2004/08/events/event"">
    <System>
      <Provider Name=""Microsoft-Windows-Sysmon"" Guid=""{5770385f-c22a-43e0-bf4c-06f5698ffbd9}""/>
      <EventID>13</EventID>
      <Version>2</Version>
      <Level>4</Level>
      <Task>13</Task>
      <Opcode>0</Opcode>
      <Keywords>0x8000000000000000</Keywords>
      <TimeCreated SystemTime=""2023-12-28T01:04:32.4509399Z""/>
      <EventRecordID>9455</EventRecordID>
      <Correlation/>
      <Execution ProcessID=""7044"" ThreadID=""6672""/>
      <Channel>Microsoft-Windows-Sysmon/Operational</Channel>
      <Computer>WinDev2309Eval</Computer>
      <Security UserID=""S-1-5-18""/>
    </System>
    <EventData>
      <Data Name=""RuleName"">T1138,AppCompatShim</Data>
      <Data Name=""EventType"">SetValue</Data>
      <Data Name=""UtcTime"">2023-12-28 01:04:32.440</Data>
      <Data Name=""ProcessGuid"">{fda94052-c9a0-658c-6502-000000000b00}</Data>
      <Data Name=""ProcessId"">6548</Data>
      <Data Name=""Image"">C:\Windows\system32\sdbinst.exe</Data>
      <Data Name=""TargetObject"">HKLM\SOFTWARE\Microsoft\Windows NT\CurrentVersion\AppCompatFlags\Custom\AtomicTest.exe\{084c9f6c-a911-44f5-aecf-6a9a55b93c43}.sdb</Data>
      <Data Name=""Details"">QWORD (0x01da3929-0xd107e2b6)</Data>
      <Data Name=""User"">WINDEV2309EVAL\User</Data>
    </EventData>
    <RenderingInfo Culture=""en-US"">
      <Message>Registry value set:

RuleName: T1138,AppCompatShim

EventType: SetValue

UtcTime: 2023-12-28 01:04:32.440

ProcessGuid: {fda94052-c9a0-658c-6502-000000000b00}

ProcessId: 6548

Image: C:\Windows\system32\sdbinst.exe

TargetObject: HKLM\SOFTWARE\Microsoft\Windows NT\CurrentVersion\AppCompatFlags\Custom\AtomicTest.exe\{084c9f6c-a911-44f5-aecf-6a9a55b93c43}.sdb

Details: QWORD (0x01da3929-0xd107e2b6)

User: WINDEV2309EVAL\User</Message>
      <Level>Information</Level>
      <Task>Registry value set (rule: RegistryEvent)</Task>
      <Opcode>Info</Opcode>
    </RenderingInfo>
  </Event>
  
"
Microsoft-Windows-Sysmon/Operational,"""C:\Windows\system32\sdbinst.exe""  ""C:\AtomicRedTeam\atomics\T1546.011\bin\AtomicShimx86.sdb""",Microsoft Corporation,WinDev2309Eval,,C:\Windows\system32\,Application Compatibility Database Installer,,,,,,,1,9454,,10.0.22621.2215 (WinBuild.160101.0800),"MD5=E5D523619A19C23844AEDFED8BC60E5F,SHA256=078893C42058905373489A8BD2F3D72935D6B0098949335A5EF16876D48A461F,IMPHASH=999B9DCD61DAB941B1E8D50FE6EF72CD",C:\Windows\System32\sdbinst.exe,,High,0x8000000000000000,Information,{fda94052-3502-658d-7367-080000000000},0x86773,"Process Create:

RuleName: -

UtcTime: 2023-12-28 01:04:32.308

ProcessGuid: {fda94052-c9a0-658c-6502-000000000b00}

ProcessId: 6548

Image: C:\Windows\System32\sdbinst.exe

FileVersion: 10.0.22621.2215 (WinBuild.160101.0800)

Description: Application Compatibility Database Installer

Product: Microsoft® Windows® Operating System

Company: Microsoft Corporation

OriginalFileName: sdbinst.exe

CommandLine: ""C:\Windows\system32\sdbinst.exe""  ""C:\AtomicRedTeam\atomics\T1546.011\bin\AtomicShimx86.sdb""

CurrentDirectory: C:\Windows\system32\

User: WINDEV2309EVAL\User

LogonGuid: {fda94052-3502-658d-7367-080000000000}

LogonId: 0x86773

TerminalSessionId: 1

IntegrityLevel: High

Hashes: MD5=E5D523619A19C23844AEDFED8BC60E5F,SHA256=078893C42058905373489A8BD2F3D72935D6B0098949335A5EF16876D48A461F,IMPHASH=999B9DCD61DAB941B1E8D50FE6EF72CD

ParentProcessGuid: {fda94052-c99d-658c-5d02-000000000b00}

ParentProcessId: 10944

ParentImage: C:\Windows\System32\cmd.exe

ParentCommandLine: ""cmd.exe"" /c sdbinst.exe ""C:\AtomicRedTeam\atomics\T1546.011\bin\AtomicShimx86.sdb""

ParentUser: WINDEV2309EVAL\User",Info,sdbinst.exe,"""cmd.exe"" /c sdbinst.exe ""C:\AtomicRedTeam\atomics\T1546.011\bin\AtomicShimx86.sdb""",C:\Windows\System32\cmd.exe,{fda94052-c99d-658c-5d02-000000000b00},10944,WINDEV2309EVAL\User,{fda94052-c9a0-658c-6502-000000000b00},7044,6548,Microsoft® Windows® Operating System,,,,,"
      ",-,,,,,,2023-12-28T01:04:32.3100767Z,,,Process Create (rule: ProcessCreate),1,6672,WINDEV2309EVAL\User,S-1-5-18,2023-12-28 01:04:32.308,5,"<Event xmlns=""http://schemas.microsoft.com/win/2004/08/events/event"">
    <System>
      <Provider Name=""Microsoft-Windows-Sysmon"" Guid=""{5770385f-c22a-43e0-bf4c-06f5698ffbd9}""/>
      <EventID>1</EventID>
      <Version>5</Version>
      <Level>4</Level>
      <Task>1</Task>
      <Opcode>0</Opcode>
      <Keywords>0x8000000000000000</Keywords>
      <TimeCreated SystemTime=""2023-12-28T01:04:32.3100767Z""/>
      <EventRecordID>9454</EventRecordID>
      <Correlation/>
      <Execution ProcessID=""7044"" ThreadID=""6672""/>
      <Channel>Microsoft-Windows-Sysmon/Operational</Channel>
      <Computer>WinDev2309Eval</Computer>
      <Security UserID=""S-1-5-18""/>
    </System>
    <EventData>
      <Data Name=""RuleName"">-</Data>
      <Data Name=""UtcTime"">2023-12-28 01:04:32.308</Data>
      <Data Name=""ProcessGuid"">{fda94052-c9a0-658c-6502-000000000b00}</Data>
      <Data Name=""ProcessId"">6548</Data>
      <Data Name=""Image"">C:\Windows\System32\sdbinst.exe</Data>
      <Data Name=""FileVersion"">10.0.22621.2215 (WinBuild.160101.0800)</Data>
      <Data Name=""Description"">Application Compatibility Database Installer</Data>
      <Data Name=""Product"">Microsoft&#174; Windows&#174; Operating System</Data>
      <Data Name=""Company"">Microsoft Corporation</Data>
      <Data Name=""OriginalFileName"">sdbinst.exe</Data>
      <Data Name=""CommandLine"">""C:\Windows\system32\sdbinst.exe""  ""C:\AtomicRedTeam\atomics\T1546.011\bin\AtomicShimx86.sdb""</Data>
      <Data Name=""CurrentDirectory"">C:\Windows\system32\</Data>
      <Data Name=""User"">WINDEV2309EVAL\User</Data>
      <Data Name=""LogonGuid"">{fda94052-3502-658d-7367-080000000000}</Data>
      <Data Name=""LogonId"">0x86773</Data>
      <Data Name=""TerminalSessionId"">1</Data>
      <Data Name=""IntegrityLevel"">High</Data>
      <Data Name=""Hashes"">MD5=E5D523619A19C23844AEDFED8BC60E5F,SHA256=078893C42058905373489A8BD2F3D72935D6B0098949335A5EF16876D48A461F,IMPHASH=999B9DCD61DAB941B1E8D50FE6EF72CD</Data>
      <Data Name=""ParentProcessGuid"">{fda94052-c99d-658c-5d02-000000000b00}</Data>
      <Data Name=""ParentProcessId"">10944</Data>
      <Data Name=""ParentImage"">C:\Windows\System32\cmd.exe</Data>
      <Data Name=""ParentCommandLine"">""cmd.exe"" /c sdbinst.exe ""C:\AtomicRedTeam\atomics\T1546.011\bin\AtomicShimx86.sdb""</Data>
      <Data Name=""ParentUser"">WINDEV2309EVAL\User</Data>
    </EventData>
    <RenderingInfo Culture=""en-US"">
      <Message>Process Create:

RuleName: -

UtcTime: 2023-12-28 01:04:32.308

ProcessGuid: {fda94052-c9a0-658c-6502-000000000b00}

ProcessId: 6548

Image: C:\Windows\System32\sdbinst.exe

FileVersion: 10.0.22621.2215 (WinBuild.160101.0800)

Description: Application Compatibility Database Installer

Product: Microsoft&#174; Windows&#174; Operating System

Company: Microsoft Corporation

OriginalFileName: sdbinst.exe

CommandLine: ""C:\Windows\system32\sdbinst.exe""  ""C:\AtomicRedTeam\atomics\T1546.011\bin\AtomicShimx86.sdb""

CurrentDirectory: C:\Windows\system32\

User: WINDEV2309EVAL\User

LogonGuid: {fda94052-3502-658d-7367-080000000000}

LogonId: 0x86773

TerminalSessionId: 1

IntegrityLevel: High

Hashes: MD5=E5D523619A19C23844AEDFED8BC60E5F,SHA256=078893C42058905373489A8BD2F3D72935D6B0098949335A5EF16876D48A461F,IMPHASH=999B9DCD61DAB941B1E8D50FE6EF72CD

ParentProcessGuid: {fda94052-c99d-658c-5d02-000000000b00}

ParentProcessId: 10944

ParentImage: C:\Windows\System32\cmd.exe

ParentCommandLine: ""cmd.exe"" /c sdbinst.exe ""C:\AtomicRedTeam\atomics\T1546.011\bin\AtomicShimx86.sdb""

ParentUser: WINDEV2309EVAL\User</Message>
      <Level>Information</Level>
      <Task>Process Create (rule: ProcessCreate)</Task>
      <Opcode>Info</Opcode>
    </RenderingInfo>
  </Event>
  
"
Microsoft-Windows-Sysmon/Operational,"""ctfmon.exe""",Microsoft Corporation,WinDev2309Eval,,C:\Windows\system32\,CTF Loader,,,,,,,1,9453,,10.0.22621.1 (WinBuild.160101.0800),"MD5=4D6ADD8B85F8E33937B8483BF5D040C1,SHA256=7E067B7DA5DA60458B5F7D5A99BC7C7C1F41999CD2559985F09267B1EC2E56EC,IMPHASH=6FD43544FB51C12382CAD7C88F550240",C:\Windows\System32\ctfmon.exe,,System,0x8000000000000000,Information,{fda94052-34eb-658d-e703-000000000000},0x3e7,"Process Create:

RuleName: -

UtcTime: 2023-12-28 01:04:30.019

ProcessGuid: {fda94052-c99e-658c-6402-000000000b00}

ProcessId: 2316

Image: C:\Windows\System32\ctfmon.exe

FileVersion: 10.0.22621.1 (WinBuild.160101.0800)

Description: CTF Loader

Product: Microsoft® Windows® Operating System

Company: Microsoft Corporation

OriginalFileName: CTFMON.EXE

CommandLine: ""ctfmon.exe""

CurrentDirectory: C:\Windows\system32\

User: NT AUTHORITY\SYSTEM

LogonGuid: {fda94052-34eb-658d-e703-000000000000}

LogonId: 0x3E7

TerminalSessionId: 1

IntegrityLevel: System

Hashes: MD5=4D6ADD8B85F8E33937B8483BF5D040C1,SHA256=7E067B7DA5DA60458B5F7D5A99BC7C7C1F41999CD2559985F09267B1EC2E56EC,IMPHASH=6FD43544FB51C12382CAD7C88F550240

ParentProcessGuid: {00000000-0000-0000-0000-000000000000}

ParentProcessId: 2980

ParentImage: -

ParentCommandLine: -

ParentUser: -",Info,CTFMON.EXE,-,-,{00000000-0000-0000-0000-000000000000},2980,-,{fda94052-c99e-658c-6402-000000000b00},7044,2316,Microsoft® Windows® Operating System,,,,,"
      ",-,,,,,,2023-12-28T01:04:30.0362300Z,,,Process Create (rule: ProcessCreate),1,6672,NT AUTHORITY\SYSTEM,S-1-5-18,2023-12-28 01:04:30.019,5,"<Event xmlns=""http://schemas.microsoft.com/win/2004/08/events/event"">
    <System>
      <Provider Name=""Microsoft-Windows-Sysmon"" Guid=""{5770385f-c22a-43e0-bf4c-06f5698ffbd9}""/>
      <EventID>1</EventID>
      <Version>5</Version>
      <Level>4</Level>
      <Task>1</Task>
      <Opcode>0</Opcode>
      <Keywords>0x8000000000000000</Keywords>
      <TimeCreated SystemTime=""2023-12-28T01:04:30.0362300Z""/>
      <EventRecordID>9453</EventRecordID>
      <Correlation/>
      <Execution ProcessID=""7044"" ThreadID=""6672""/>
      <Channel>Microsoft-Windows-Sysmon/Operational</Channel>
      <Computer>WinDev2309Eval</Computer>
      <Security UserID=""S-1-5-18""/>
    </System>
    <EventData>
      <Data Name=""RuleName"">-</Data>
      <Data Name=""UtcTime"">2023-12-28 01:04:30.019</Data>
      <Data Name=""ProcessGuid"">{fda94052-c99e-658c-6402-000000000b00}</Data>
      <Data Name=""ProcessId"">2316</Data>
      <Data Name=""Image"">C:\Windows\System32\ctfmon.exe</Data>
      <Data Name=""FileVersion"">10.0.22621.1 (WinBuild.160101.0800)</Data>
      <Data Name=""Description"">CTF Loader</Data>
      <Data Name=""Product"">Microsoft&#174; Windows&#174; Operating System</Data>
      <Data Name=""Company"">Microsoft Corporation</Data>
      <Data Name=""OriginalFileName"">CTFMON.EXE</Data>
      <Data Name=""CommandLine"">""ctfmon.exe""</Data>
      <Data Name=""CurrentDirectory"">C:\Windows\system32\</Data>
      <Data Name=""User"">NT AUTHORITY\SYSTEM</Data>
      <Data Name=""LogonGuid"">{fda94052-34eb-658d-e703-000000000000}</Data>
      <Data Name=""LogonId"">0x3e7</Data>
      <Data Name=""TerminalSessionId"">1</Data>
      <Data Name=""IntegrityLevel"">System</Data>
      <Data Name=""Hashes"">MD5=4D6ADD8B85F8E33937B8483BF5D040C1,SHA256=7E067B7DA5DA60458B5F7D5A99BC7C7C1F41999CD2559985F09267B1EC2E56EC,IMPHASH=6FD43544FB51C12382CAD7C88F550240</Data>
      <Data Name=""ParentProcessGuid"">{00000000-0000-0000-0000-000000000000}</Data>
      <Data Name=""ParentProcessId"">2980</Data>
      <Data Name=""ParentImage"">-</Data>
      <Data Name=""ParentCommandLine"">-</Data>
      <Data Name=""ParentUser"">-</Data>
    </EventData>
    <RenderingInfo Culture=""en-US"">
      <Message>Process Create:

RuleName: -

UtcTime: 2023-12-28 01:04:30.019

ProcessGuid: {fda94052-c99e-658c-6402-000000000b00}

ProcessId: 2316

Image: C:\Windows\System32\ctfmon.exe

FileVersion: 10.0.22621.1 (WinBuild.160101.0800)

Description: CTF Loader

Product: Microsoft&#174; Windows&#174; Operating System

Company: Microsoft Corporation

OriginalFileName: CTFMON.EXE

CommandLine: ""ctfmon.exe""

CurrentDirectory: C:\Windows\system32\

User: NT AUTHORITY\SYSTEM

LogonGuid: {fda94052-34eb-658d-e703-000000000000}

LogonId: 0x3E7

TerminalSessionId: 1

IntegrityLevel: System

Hashes: MD5=4D6ADD8B85F8E33937B8483BF5D040C1,SHA256=7E067B7DA5DA60458B5F7D5A99BC7C7C1F41999CD2559985F09267B1EC2E56EC,IMPHASH=6FD43544FB51C12382CAD7C88F550240

ParentProcessGuid: {00000000-0000-0000-0000-000000000000}

ParentProcessId: 2980

ParentImage: -

ParentCommandLine: -

ParentUser: -</Message>
      <Level>Information</Level>
      <Task>Process Create (rule: ProcessCreate)</Task>
      <Opcode>Info</Opcode>
    </RenderingInfo>
  </Event>
  
"
Microsoft-Windows-Sysmon/Operational,C:\Windows\system32\vssvc.exe,Microsoft Corporation,WinDev2309Eval,,C:\Windows\system32\,Microsoft® Volume Shadow Copy Service,,,,,,,1,9452,,10.0.22621.1 (WinBuild.160101.0800),"MD5=E41824427731D3933591BCD216674818,SHA256=321120DE419B488B6EB0D9F32E733756FE9E97689FC0FE7FD2C9BF50AFB1BCC4,IMPHASH=BC0F5315EEA41E76B544E9F6ACFE1FEE",C:\Windows\System32\VSSVC.exe,,System,0x8000000000000000,Information,{fda94052-34eb-658d-e703-000000000000},0x3e7,"Process Create:

RuleName: -

UtcTime: 2023-12-28 01:04:29.851

ProcessGuid: {fda94052-c99d-658c-6202-000000000b00}

ProcessId: 4524

Image: C:\Windows\System32\VSSVC.exe

FileVersion: 10.0.22621.1 (WinBuild.160101.0800)

Description: Microsoft® Volume Shadow Copy Service

Product: Microsoft® Windows® Operating System

Company: Microsoft Corporation

OriginalFileName: VSSVC.EXE

CommandLine: C:\Windows\system32\vssvc.exe

CurrentDirectory: C:\Windows\system32\

User: NT AUTHORITY\SYSTEM

LogonGuid: {fda94052-34eb-658d-e703-000000000000}

LogonId: 0x3E7

TerminalSessionId: 0

IntegrityLevel: System

Hashes: MD5=E41824427731D3933591BCD216674818,SHA256=321120DE419B488B6EB0D9F32E733756FE9E97689FC0FE7FD2C9BF50AFB1BCC4,IMPHASH=BC0F5315EEA41E76B544E9F6ACFE1FEE

ParentProcessGuid: {00000000-0000-0000-0000-000000000000}

ParentProcessId: 788

ParentImage: -

ParentCommandLine: -

ParentUser: -",Info,VSSVC.EXE,-,-,{00000000-0000-0000-0000-000000000000},788,-,{fda94052-c99d-658c-6202-000000000b00},7044,4524,Microsoft® Windows® Operating System,,,,,"
      ",-,,,,,,2023-12-28T01:04:29.8672477Z,,,Process Create (rule: ProcessCreate),0,6672,NT AUTHORITY\SYSTEM,S-1-5-18,2023-12-28 01:04:29.851,5,"<Event xmlns=""http://schemas.microsoft.com/win/2004/08/events/event"">
    <System>
      <Provider Name=""Microsoft-Windows-Sysmon"" Guid=""{5770385f-c22a-43e0-bf4c-06f5698ffbd9}""/>
      <EventID>1</EventID>
      <Version>5</Version>
      <Level>4</Level>
      <Task>1</Task>
      <Opcode>0</Opcode>
      <Keywords>0x8000000000000000</Keywords>
      <TimeCreated SystemTime=""2023-12-28T01:04:29.8672477Z""/>
      <EventRecordID>9452</EventRecordID>
      <Correlation/>
      <Execution ProcessID=""7044"" ThreadID=""6672""/>
      <Channel>Microsoft-Windows-Sysmon/Operational</Channel>
      <Computer>WinDev2309Eval</Computer>
      <Security UserID=""S-1-5-18""/>
    </System>
    <EventData>
      <Data Name=""RuleName"">-</Data>
      <Data Name=""UtcTime"">2023-12-28 01:04:29.851</Data>
      <Data Name=""ProcessGuid"">{fda94052-c99d-658c-6202-000000000b00}</Data>
      <Data Name=""ProcessId"">4524</Data>
      <Data Name=""Image"">C:\Windows\System32\VSSVC.exe</Data>
      <Data Name=""FileVersion"">10.0.22621.1 (WinBuild.160101.0800)</Data>
      <Data Name=""Description"">Microsoft&#174; Volume Shadow Copy Service</Data>
      <Data Name=""Product"">Microsoft&#174; Windows&#174; Operating System</Data>
      <Data Name=""Company"">Microsoft Corporation</Data>
      <Data Name=""OriginalFileName"">VSSVC.EXE</Data>
      <Data Name=""CommandLine"">C:\Windows\system32\vssvc.exe</Data>
      <Data Name=""CurrentDirectory"">C:\Windows\system32\</Data>
      <Data Name=""User"">NT AUTHORITY\SYSTEM</Data>
      <Data Name=""LogonGuid"">{fda94052-34eb-658d-e703-000000000000}</Data>
      <Data Name=""LogonId"">0x3e7</Data>
      <Data Name=""TerminalSessionId"">0</Data>
      <Data Name=""IntegrityLevel"">System</Data>
      <Data Name=""Hashes"">MD5=E41824427731D3933591BCD216674818,SHA256=321120DE419B488B6EB0D9F32E733756FE9E97689FC0FE7FD2C9BF50AFB1BCC4,IMPHASH=BC0F5315EEA41E76B544E9F6ACFE1FEE</Data>
      <Data Name=""ParentProcessGuid"">{00000000-0000-0000-0000-000000000000}</Data>
      <Data Name=""ParentProcessId"">788</Data>
      <Data Name=""ParentImage"">-</Data>
      <Data Name=""ParentCommandLine"">-</Data>
      <Data Name=""ParentUser"">-</Data>
    </EventData>
    <RenderingInfo Culture=""en-US"">
      <Message>Process Create:

RuleName: -

UtcTime: 2023-12-28 01:04:29.851

ProcessGuid: {fda94052-c99d-658c-6202-000000000b00}

ProcessId: 4524

Image: C:\Windows\System32\VSSVC.exe

FileVersion: 10.0.22621.1 (WinBuild.160101.0800)

Description: Microsoft&#174; Volume Shadow Copy Service

Product: Microsoft&#174; Windows&#174; Operating System

Company: Microsoft Corporation

OriginalFileName: VSSVC.EXE

CommandLine: C:\Windows\system32\vssvc.exe

CurrentDirectory: C:\Windows\system32\

User: NT AUTHORITY\SYSTEM

LogonGuid: {fda94052-34eb-658d-e703-000000000000}

LogonId: 0x3E7

TerminalSessionId: 0

IntegrityLevel: System

Hashes: MD5=E41824427731D3933591BCD216674818,SHA256=321120DE419B488B6EB0D9F32E733756FE9E97689FC0FE7FD2C9BF50AFB1BCC4,IMPHASH=BC0F5315EEA41E76B544E9F6ACFE1FEE

ParentProcessGuid: {00000000-0000-0000-0000-000000000000}

ParentProcessId: 788

ParentImage: -

ParentCommandLine: -

ParentUser: -</Message>
      <Level>Information</Level>
      <Task>Process Create (rule: ProcessCreate)</Task>
      <Opcode>Info</Opcode>
    </RenderingInfo>
  </Event>
  
"
Microsoft-Windows-Sysmon/Operational,consent.exe 7068 430 00000249510B2550,Microsoft Corporation,WinDev2309Eval,,C:\Windows\system32\,Consent UI for administrative applications,,,,,,,1,9451,,10.0.22621.2070 (WinBuild.160101.0800),"MD5=04236290F783C1B3A4D8B417BF6244A0,SHA256=DEDEC4ACEC0895F5A7622ADCB29C359F8855723653FE906C279565A01B7F2AC6,IMPHASH=5D0C875DBD930A73D5A983016E384930",C:\Windows\System32\consent.exe,,System,0x8000000000000000,Information,{fda94052-34eb-658d-e703-000000000000},0x3e7,"Process Create:

RuleName: -

UtcTime: 2023-12-28 01:04:29.820

ProcessGuid: {fda94052-c99d-658c-6102-000000000b00}

ProcessId: 7196

Image: C:\Windows\System32\consent.exe

FileVersion: 10.0.22621.2070 (WinBuild.160101.0800)

Description: Consent UI for administrative applications

Product: Microsoft® Windows® Operating System

Company: Microsoft Corporation

OriginalFileName: consent.exe

CommandLine: consent.exe 7068 430 00000249510B2550

CurrentDirectory: C:\Windows\system32\

User: NT AUTHORITY\SYSTEM

LogonGuid: {fda94052-34eb-658d-e703-000000000000}

LogonId: 0x3E7

TerminalSessionId: 1

IntegrityLevel: System

Hashes: MD5=04236290F783C1B3A4D8B417BF6244A0,SHA256=DEDEC4ACEC0895F5A7622ADCB29C359F8855723653FE906C279565A01B7F2AC6,IMPHASH=5D0C875DBD930A73D5A983016E384930

ParentProcessGuid: {fda94052-b676-658c-ae00-000000000b00}

ParentProcessId: 7068

ParentImage: C:\Windows\System32\svchost.exe

ParentCommandLine: C:\Windows\system32\svchost.exe -k netsvcs -p -s Appinfo

ParentUser: NT AUTHORITY\SYSTEM",Info,consent.exe,C:\Windows\system32\svchost.exe -k netsvcs -p -s Appinfo,C:\Windows\System32\svchost.exe,{fda94052-b676-658c-ae00-000000000b00},7068,NT AUTHORITY\SYSTEM,{fda94052-c99d-658c-6102-000000000b00},7044,7196,Microsoft® Windows® Operating System,,,,,"
      ",-,,,,,,2023-12-28T01:04:29.8218400Z,,,Process Create (rule: ProcessCreate),1,6672,NT AUTHORITY\SYSTEM,S-1-5-18,2023-12-28 01:04:29.820,5,"<Event xmlns=""http://schemas.microsoft.com/win/2004/08/events/event"">
    <System>
      <Provider Name=""Microsoft-Windows-Sysmon"" Guid=""{5770385f-c22a-43e0-bf4c-06f5698ffbd9}""/>
      <EventID>1</EventID>
      <Version>5</Version>
      <Level>4</Level>
      <Task>1</Task>
      <Opcode>0</Opcode>
      <Keywords>0x8000000000000000</Keywords>
      <TimeCreated SystemTime=""2023-12-28T01:04:29.8218400Z""/>
      <EventRecordID>9451</EventRecordID>
      <Correlation/>
      <Execution ProcessID=""7044"" ThreadID=""6672""/>
      <Channel>Microsoft-Windows-Sysmon/Operational</Channel>
      <Computer>WinDev2309Eval</Computer>
      <Security UserID=""S-1-5-18""/>
    </System>
    <EventData>
      <Data Name=""RuleName"">-</Data>
      <Data Name=""UtcTime"">2023-12-28 01:04:29.820</Data>
      <Data Name=""ProcessGuid"">{fda94052-c99d-658c-6102-000000000b00}</Data>
      <Data Name=""ProcessId"">7196</Data>
      <Data Name=""Image"">C:\Windows\System32\consent.exe</Data>
      <Data Name=""FileVersion"">10.0.22621.2070 (WinBuild.160101.0800)</Data>
      <Data Name=""Description"">Consent UI for administrative applications</Data>
      <Data Name=""Product"">Microsoft&#174; Windows&#174; Operating System</Data>
      <Data Name=""Company"">Microsoft Corporation</Data>
      <Data Name=""OriginalFileName"">consent.exe</Data>
      <Data Name=""CommandLine"">consent.exe 7068 430 00000249510B2550</Data>
      <Data Name=""CurrentDirectory"">C:\Windows\system32\</Data>
      <Data Name=""User"">NT AUTHORITY\SYSTEM</Data>
      <Data Name=""LogonGuid"">{fda94052-34eb-658d-e703-000000000000}</Data>
      <Data Name=""LogonId"">0x3e7</Data>
      <Data Name=""TerminalSessionId"">1</Data>
      <Data Name=""IntegrityLevel"">System</Data>
      <Data Name=""Hashes"">MD5=04236290F783C1B3A4D8B417BF6244A0,SHA256=DEDEC4ACEC0895F5A7622ADCB29C359F8855723653FE906C279565A01B7F2AC6,IMPHASH=5D0C875DBD930A73D5A983016E384930</Data>
      <Data Name=""ParentProcessGuid"">{fda94052-b676-658c-ae00-000000000b00}</Data>
      <Data Name=""ParentProcessId"">7068</Data>
      <Data Name=""ParentImage"">C:\Windows\System32\svchost.exe</Data>
      <Data Name=""ParentCommandLine"">C:\Windows\system32\svchost.exe -k netsvcs -p -s Appinfo</Data>
      <Data Name=""ParentUser"">NT AUTHORITY\SYSTEM</Data>
    </EventData>
    <RenderingInfo Culture=""en-US"">
      <Message>Process Create:

RuleName: -

UtcTime: 2023-12-28 01:04:29.820

ProcessGuid: {fda94052-c99d-658c-6102-000000000b00}

ProcessId: 7196

Image: C:\Windows\System32\consent.exe

FileVersion: 10.0.22621.2070 (WinBuild.160101.0800)

Description: Consent UI for administrative applications

Product: Microsoft&#174; Windows&#174; Operating System

Company: Microsoft Corporation

OriginalFileName: consent.exe

CommandLine: consent.exe 7068 430 00000249510B2550

CurrentDirectory: C:\Windows\system32\

User: NT AUTHORITY\SYSTEM

LogonGuid: {fda94052-34eb-658d-e703-000000000000}

LogonId: 0x3E7

TerminalSessionId: 1

IntegrityLevel: System

Hashes: MD5=04236290F783C1B3A4D8B417BF6244A0,SHA256=DEDEC4ACEC0895F5A7622ADCB29C359F8855723653FE906C279565A01B7F2AC6,IMPHASH=5D0C875DBD930A73D5A983016E384930

ParentProcessGuid: {fda94052-b676-658c-ae00-000000000b00}

ParentProcessId: 7068

ParentImage: C:\Windows\System32\svchost.exe

ParentCommandLine: C:\Windows\system32\svchost.exe -k netsvcs -p -s Appinfo

ParentUser: NT AUTHORITY\SYSTEM</Message>
      <Level>Information</Level>
      <Task>Process Create (rule: ProcessCreate)</Task>
      <Opcode>Info</Opcode>
    </RenderingInfo>
  </Event>
  
"
Microsoft-Windows-Sysmon/Operational,"""C:\Windows\system32\sdbinst.exe""  ""C:\AtomicRedTeam\atomics\T1546.011\bin\AtomicShimx86.sdb""",Microsoft Corporation,WinDev2309Eval,,C:\Users\User\AppData\Local\Temp\,Application Compatibility Database Installer,,,,,,,1,9450,,10.0.22621.2215 (WinBuild.160101.0800),"MD5=E5D523619A19C23844AEDFED8BC60E5F,SHA256=078893C42058905373489A8BD2F3D72935D6B0098949335A5EF16876D48A461F,IMPHASH=999B9DCD61DAB941B1E8D50FE6EF72CD",C:\Windows\System32\sdbinst.exe,,Medium,0x8000000000000000,Information,{fda94052-3502-658d-b367-080000000000},0x867b3,"Process Create:

RuleName: -

UtcTime: 2023-12-28 01:04:29.805

ProcessGuid: {fda94052-c99d-658c-6002-000000000b00}

ProcessId: 7500

Image: C:\Windows\System32\sdbinst.exe

FileVersion: 10.0.22621.2215 (WinBuild.160101.0800)

Description: Application Compatibility Database Installer

Product: Microsoft® Windows® Operating System

Company: Microsoft Corporation

OriginalFileName: sdbinst.exe

CommandLine: ""C:\Windows\system32\sdbinst.exe""  ""C:\AtomicRedTeam\atomics\T1546.011\bin\AtomicShimx86.sdb""

CurrentDirectory: C:\Users\User\AppData\Local\Temp\

User: WINDEV2309EVAL\User

LogonGuid: {fda94052-3502-658d-b367-080000000000}

LogonId: 0x867B3

TerminalSessionId: 1

IntegrityLevel: Medium

Hashes: MD5=E5D523619A19C23844AEDFED8BC60E5F,SHA256=078893C42058905373489A8BD2F3D72935D6B0098949335A5EF16876D48A461F,IMPHASH=999B9DCD61DAB941B1E8D50FE6EF72CD

ParentProcessGuid: {fda94052-c99d-658c-5d02-000000000b00}

ParentProcessId: 10944

ParentImage: C:\Windows\System32\cmd.exe

ParentCommandLine: ""cmd.exe"" /c sdbinst.exe ""C:\AtomicRedTeam\atomics\T1546.011\bin\AtomicShimx86.sdb""

ParentUser: WINDEV2309EVAL\User",Info,sdbinst.exe,"""cmd.exe"" /c sdbinst.exe ""C:\AtomicRedTeam\atomics\T1546.011\bin\AtomicShimx86.sdb""",C:\Windows\System32\cmd.exe,{fda94052-c99d-658c-5d02-000000000b00},10944,WINDEV2309EVAL\User,{fda94052-c99d-658c-6002-000000000b00},7044,7500,Microsoft® Windows® Operating System,,,,,"
      ",-,,,,,,2023-12-28T01:04:29.8063740Z,,,Process Create (rule: ProcessCreate),1,6672,WINDEV2309EVAL\User,S-1-5-18,2023-12-28 01:04:29.805,5,"<Event xmlns=""http://schemas.microsoft.com/win/2004/08/events/event"">
    <System>
      <Provider Name=""Microsoft-Windows-Sysmon"" Guid=""{5770385f-c22a-43e0-bf4c-06f5698ffbd9}""/>
      <EventID>1</EventID>
      <Version>5</Version>
      <Level>4</Level>
      <Task>1</Task>
      <Opcode>0</Opcode>
      <Keywords>0x8000000000000000</Keywords>
      <TimeCreated SystemTime=""2023-12-28T01:04:29.8063740Z""/>
      <EventRecordID>9450</EventRecordID>
      <Correlation/>
      <Execution ProcessID=""7044"" ThreadID=""6672""/>
      <Channel>Microsoft-Windows-Sysmon/Operational</Channel>
      <Computer>WinDev2309Eval</Computer>
      <Security UserID=""S-1-5-18""/>
    </System>
    <EventData>
      <Data Name=""RuleName"">-</Data>
      <Data Name=""UtcTime"">2023-12-28 01:04:29.805</Data>
      <Data Name=""ProcessGuid"">{fda94052-c99d-658c-6002-000000000b00}</Data>
      <Data Name=""ProcessId"">7500</Data>
      <Data Name=""Image"">C:\Windows\System32\sdbinst.exe</Data>
      <Data Name=""FileVersion"">10.0.22621.2215 (WinBuild.160101.0800)</Data>
      <Data Name=""Description"">Application Compatibility Database Installer</Data>
      <Data Name=""Product"">Microsoft&#174; Windows&#174; Operating System</Data>
      <Data Name=""Company"">Microsoft Corporation</Data>
      <Data Name=""OriginalFileName"">sdbinst.exe</Data>
      <Data Name=""CommandLine"">""C:\Windows\system32\sdbinst.exe""  ""C:\AtomicRedTeam\atomics\T1546.011\bin\AtomicShimx86.sdb""</Data>
      <Data Name=""CurrentDirectory"">C:\Users\User\AppData\Local\Temp\</Data>
      <Data Name=""User"">WINDEV2309EVAL\User</Data>
      <Data Name=""LogonGuid"">{fda94052-3502-658d-b367-080000000000}</Data>
      <Data Name=""LogonId"">0x867b3</Data>
      <Data Name=""TerminalSessionId"">1</Data>
      <Data Name=""IntegrityLevel"">Medium</Data>
      <Data Name=""Hashes"">MD5=E5D523619A19C23844AEDFED8BC60E5F,SHA256=078893C42058905373489A8BD2F3D72935D6B0098949335A5EF16876D48A461F,IMPHASH=999B9DCD61DAB941B1E8D50FE6EF72CD</Data>
      <Data Name=""ParentProcessGuid"">{fda94052-c99d-658c-5d02-000000000b00}</Data>
      <Data Name=""ParentProcessId"">10944</Data>
      <Data Name=""ParentImage"">C:\Windows\System32\cmd.exe</Data>
      <Data Name=""ParentCommandLine"">""cmd.exe"" /c sdbinst.exe ""C:\AtomicRedTeam\atomics\T1546.011\bin\AtomicShimx86.sdb""</Data>
      <Data Name=""ParentUser"">WINDEV2309EVAL\User</Data>
    </EventData>
    <RenderingInfo Culture=""en-US"">
      <Message>Process Create:

RuleName: -

UtcTime: 2023-12-28 01:04:29.805

ProcessGuid: {fda94052-c99d-658c-6002-000000000b00}

ProcessId: 7500

Image: C:\Windows\System32\sdbinst.exe

FileVersion: 10.0.22621.2215 (WinBuild.160101.0800)

Description: Application Compatibility Database Installer

Product: Microsoft&#174; Windows&#174; Operating System

Company: Microsoft Corporation

OriginalFileName: sdbinst.exe

CommandLine: ""C:\Windows\system32\sdbinst.exe""  ""C:\AtomicRedTeam\atomics\T1546.011\bin\AtomicShimx86.sdb""

CurrentDirectory: C:\Users\User\AppData\Local\Temp\

User: WINDEV2309EVAL\User

LogonGuid: {fda94052-3502-658d-b367-080000000000}

LogonId: 0x867B3

TerminalSessionId: 1

IntegrityLevel: Medium

Hashes: MD5=E5D523619A19C23844AEDFED8BC60E5F,SHA256=078893C42058905373489A8BD2F3D72935D6B0098949335A5EF16876D48A461F,IMPHASH=999B9DCD61DAB941B1E8D50FE6EF72CD

ParentProcessGuid: {fda94052-c99d-658c-5d02-000000000b00}

ParentProcessId: 10944

ParentImage: C:\Windows\System32\cmd.exe

ParentCommandLine: ""cmd.exe"" /c sdbinst.exe ""C:\AtomicRedTeam\atomics\T1546.011\bin\AtomicShimx86.sdb""

ParentUser: WINDEV2309EVAL\User</Message>
      <Level>Information</Level>
      <Task>Process Create (rule: ProcessCreate)</Task>
      <Opcode>Info</Opcode>
    </RenderingInfo>
  </Event>
  
"
Microsoft-Windows-Sysmon/Operational,"sdbinst.exe  ""C:\AtomicRedTeam\atomics\T1546.011\bin\AtomicShimx86.sdb""",Microsoft Corporation,WinDev2309Eval,,C:\Users\User\AppData\Local\Temp\,Application Compatibility Database Installer,,,,,,,1,9449,,10.0.22621.2215 (WinBuild.160101.0800),"MD5=E5D523619A19C23844AEDFED8BC60E5F,SHA256=078893C42058905373489A8BD2F3D72935D6B0098949335A5EF16876D48A461F,IMPHASH=999B9DCD61DAB941B1E8D50FE6EF72CD",C:\Windows\System32\sdbinst.exe,,Medium,0x8000000000000000,Information,{fda94052-3502-658d-b367-080000000000},0x867b3,"Process Create:

RuleName: -

UtcTime: 2023-12-28 01:04:29.677

ProcessGuid: {fda94052-c99d-658c-5f02-000000000b00}

ProcessId: 1416

Image: C:\Windows\System32\sdbinst.exe

FileVersion: 10.0.22621.2215 (WinBuild.160101.0800)

Description: Application Compatibility Database Installer

Product: Microsoft® Windows® Operating System

Company: Microsoft Corporation

OriginalFileName: sdbinst.exe

CommandLine: sdbinst.exe  ""C:\AtomicRedTeam\atomics\T1546.011\bin\AtomicShimx86.sdb""

CurrentDirectory: C:\Users\User\AppData\Local\Temp\

User: WINDEV2309EVAL\User

LogonGuid: {fda94052-3502-658d-b367-080000000000}

LogonId: 0x867B3

TerminalSessionId: 1

IntegrityLevel: Medium

Hashes: MD5=E5D523619A19C23844AEDFED8BC60E5F,SHA256=078893C42058905373489A8BD2F3D72935D6B0098949335A5EF16876D48A461F,IMPHASH=999B9DCD61DAB941B1E8D50FE6EF72CD

ParentProcessGuid: {fda94052-c99d-658c-5d02-000000000b00}

ParentProcessId: 10944

ParentImage: C:\Windows\System32\cmd.exe

ParentCommandLine: ""cmd.exe"" /c sdbinst.exe ""C:\AtomicRedTeam\atomics\T1546.011\bin\AtomicShimx86.sdb""

ParentUser: WINDEV2309EVAL\User",Info,sdbinst.exe,"""cmd.exe"" /c sdbinst.exe ""C:\AtomicRedTeam\atomics\T1546.011\bin\AtomicShimx86.sdb""",C:\Windows\System32\cmd.exe,{fda94052-c99d-658c-5d02-000000000b00},10944,WINDEV2309EVAL\User,{fda94052-c99d-658c-5f02-000000000b00},7044,1416,Microsoft® Windows® Operating System,,,,,"
      ",-,,,,,,2023-12-28T01:04:29.6781564Z,,,Process Create (rule: ProcessCreate),1,6672,WINDEV2309EVAL\User,S-1-5-18,2023-12-28 01:04:29.677,5,"<Event xmlns=""http://schemas.microsoft.com/win/2004/08/events/event"">
    <System>
      <Provider Name=""Microsoft-Windows-Sysmon"" Guid=""{5770385f-c22a-43e0-bf4c-06f5698ffbd9}""/>
      <EventID>1</EventID>
      <Version>5</Version>
      <Level>4</Level>
      <Task>1</Task>
      <Opcode>0</Opcode>
      <Keywords>0x8000000000000000</Keywords>
      <TimeCreated SystemTime=""2023-12-28T01:04:29.6781564Z""/>
      <EventRecordID>9449</EventRecordID>
      <Correlation/>
      <Execution ProcessID=""7044"" ThreadID=""6672""/>
      <Channel>Microsoft-Windows-Sysmon/Operational</Channel>
      <Computer>WinDev2309Eval</Computer>
      <Security UserID=""S-1-5-18""/>
    </System>
    <EventData>
      <Data Name=""RuleName"">-</Data>
      <Data Name=""UtcTime"">2023-12-28 01:04:29.677</Data>
      <Data Name=""ProcessGuid"">{fda94052-c99d-658c-5f02-000000000b00}</Data>
      <Data Name=""ProcessId"">1416</Data>
      <Data Name=""Image"">C:\Windows\System32\sdbinst.exe</Data>
      <Data Name=""FileVersion"">10.0.22621.2215 (WinBuild.160101.0800)</Data>
      <Data Name=""Description"">Application Compatibility Database Installer</Data>
      <Data Name=""Product"">Microsoft&#174; Windows&#174; Operating System</Data>
      <Data Name=""Company"">Microsoft Corporation</Data>
      <Data Name=""OriginalFileName"">sdbinst.exe</Data>
      <Data Name=""CommandLine"">sdbinst.exe  ""C:\AtomicRedTeam\atomics\T1546.011\bin\AtomicShimx86.sdb""</Data>
      <Data Name=""CurrentDirectory"">C:\Users\User\AppData\Local\Temp\</Data>
      <Data Name=""User"">WINDEV2309EVAL\User</Data>
      <Data Name=""LogonGuid"">{fda94052-3502-658d-b367-080000000000}</Data>
      <Data Name=""LogonId"">0x867b3</Data>
      <Data Name=""TerminalSessionId"">1</Data>
      <Data Name=""IntegrityLevel"">Medium</Data>
      <Data Name=""Hashes"">MD5=E5D523619A19C23844AEDFED8BC60E5F,SHA256=078893C42058905373489A8BD2F3D72935D6B0098949335A5EF16876D48A461F,IMPHASH=999B9DCD61DAB941B1E8D50FE6EF72CD</Data>
      <Data Name=""ParentProcessGuid"">{fda94052-c99d-658c-5d02-000000000b00}</Data>
      <Data Name=""ParentProcessId"">10944</Data>
      <Data Name=""ParentImage"">C:\Windows\System32\cmd.exe</Data>
      <Data Name=""ParentCommandLine"">""cmd.exe"" /c sdbinst.exe ""C:\AtomicRedTeam\atomics\T1546.011\bin\AtomicShimx86.sdb""</Data>
      <Data Name=""ParentUser"">WINDEV2309EVAL\User</Data>
    </EventData>
    <RenderingInfo Culture=""en-US"">
      <Message>Process Create:

RuleName: -

UtcTime: 2023-12-28 01:04:29.677

ProcessGuid: {fda94052-c99d-658c-5f02-000000000b00}

ProcessId: 1416

Image: C:\Windows\System32\sdbinst.exe

FileVersion: 10.0.22621.2215 (WinBuild.160101.0800)

Description: Application Compatibility Database Installer

Product: Microsoft&#174; Windows&#174; Operating System

Company: Microsoft Corporation

OriginalFileName: sdbinst.exe

CommandLine: sdbinst.exe  ""C:\AtomicRedTeam\atomics\T1546.011\bin\AtomicShimx86.sdb""

CurrentDirectory: C:\Users\User\AppData\Local\Temp\

User: WINDEV2309EVAL\User

LogonGuid: {fda94052-3502-658d-b367-080000000000}

LogonId: 0x867B3

TerminalSessionId: 1

IntegrityLevel: Medium

Hashes: MD5=E5D523619A19C23844AEDFED8BC60E5F,SHA256=078893C42058905373489A8BD2F3D72935D6B0098949335A5EF16876D48A461F,IMPHASH=999B9DCD61DAB941B1E8D50FE6EF72CD

ParentProcessGuid: {fda94052-c99d-658c-5d02-000000000b00}

ParentProcessId: 10944

ParentImage: C:\Windows\System32\cmd.exe

ParentCommandLine: ""cmd.exe"" /c sdbinst.exe ""C:\AtomicRedTeam\atomics\T1546.011\bin\AtomicShimx86.sdb""

ParentUser: WINDEV2309EVAL\User</Message>
      <Level>Information</Level>
      <Task>Process Create (rule: ProcessCreate)</Task>
      <Opcode>Info</Opcode>
    </RenderingInfo>
  </Event>
  
"
