Microsoft-Windows-Sysmon/Operational,"""cmd.exe"" /c ""C:\AtomicRedTeam\atomics\..\ExternalPayloads\uacme\23 Akagi64.exe""",Microsoft Corporation,WinDev2309Eval,,C:\Users\User\AppData\Local\Temp\,Windows Command Processor,,,,,,,1,9549,,10.0.22621.1635 (WinBuild.160101.0800),"MD5=5A6BE4D2519515241D0C133A26CF62C0,SHA256=423E0E810A69AACEBA0E5670E58AFF898CF0EBFFAB99CCB46EBB3464C3D2FACB,IMPHASH=D73E39DAB3C8B57AA408073D01254964",C:\Windows\System32\cmd.exe,,Medium,0x8000000000000000,Information,{fda94052-3502-658d-b367-080000000000},0x867b3,"Process Create:

RuleName: -

UtcTime: 2023-12-28 09:09:01.393

ProcessGuid: {fda94052-3b2d-658d-b402-000000000b00}

ProcessId: 4836

Image: C:\Windows\System32\cmd.exe

FileVersion: 10.0.22621.1635 (WinBuild.160101.0800)

Description: Windows Command Processor

Product: Microsoft® Windows® Operating System

Company: Microsoft Corporation

OriginalFileName: Cmd.Exe

CommandLine: ""cmd.exe"" /c ""C:\AtomicRedTeam\atomics\..\ExternalPayloads\uacme\23 Akagi64.exe""

CurrentDirectory: C:\Users\User\AppData\Local\Temp\

User: WINDEV2309EVAL\User

LogonGuid: {fda94052-3502-658d-b367-080000000000}

LogonId: 0x867B3

TerminalSessionId: 1

IntegrityLevel: Medium

Hashes: MD5=5A6BE4D2519515241D0C133A26CF62C0,SHA256=423E0E810A69AACEBA0E5670E58AFF898CF0EBFFAB99CCB46EBB3464C3D2FACB,IMPHASH=D73E39DAB3C8B57AA408073D01254964

ParentProcessGuid: {fda94052-b87a-658c-2702-000000000b00}

ParentProcessId: 5076

ParentImage: C:\Windows\System32\WindowsPowerShell\v1.0\powershell.exe

ParentCommandLine: ""C:\Windows\System32\WindowsPowerShell\v1.0\powershell.exe"" -exec bypass

ParentUser: WINDEV2309EVAL\User",Info,Cmd.Exe,"""C:\Windows\System32\WindowsPowerShell\v1.0\powershell.exe"" -exec bypass",C:\Windows\System32\WindowsPowerShell\v1.0\powershell.exe,{fda94052-b87a-658c-2702-000000000b00},5076,WINDEV2309EVAL\User,{fda94052-3b2d-658d-b402-000000000b00},7044,4836,Microsoft® Windows® Operating System,,,,,"
      ",-,,,,,,2023-12-28T09:09:01.3951525Z,,,Process Create (rule: ProcessCreate),1,6672,WINDEV2309EVAL\User,S-1-5-18,2023-12-28 09:09:01.393,5,"<Event xmlns=""http://schemas.microsoft.com/win/2004/08/events/event"">
    <System>
      <Provider Name=""Microsoft-Windows-Sysmon"" Guid=""{5770385f-c22a-43e0-bf4c-06f5698ffbd9}""/>
      <EventID>1</EventID>
      <Version>5</Version>
      <Level>4</Level>
      <Task>1</Task>
      <Opcode>0</Opcode>
      <Keywords>0x8000000000000000</Keywords>
      <TimeCreated SystemTime=""2023-12-28T09:09:01.3951525Z""/>
      <EventRecordID>9549</EventRecordID>
      <Correlation/>
      <Execution ProcessID=""7044"" ThreadID=""6672""/>
      <Channel>Microsoft-Windows-Sysmon/Operational</Channel>
      <Computer>WinDev2309Eval</Computer>
      <Security UserID=""S-1-5-18""/>
    </System>
    <EventData>
      <Data Name=""RuleName"">-</Data>
      <Data Name=""UtcTime"">2023-12-28 09:09:01.393</Data>
      <Data Name=""ProcessGuid"">{fda94052-3b2d-658d-b402-000000000b00}</Data>
      <Data Name=""ProcessId"">4836</Data>
      <Data Name=""Image"">C:\Windows\System32\cmd.exe</Data>
      <Data Name=""FileVersion"">10.0.22621.1635 (WinBuild.160101.0800)</Data>
      <Data Name=""Description"">Windows Command Processor</Data>
      <Data Name=""Product"">Microsoft&#174; Windows&#174; Operating System</Data>
      <Data Name=""Company"">Microsoft Corporation</Data>
      <Data Name=""OriginalFileName"">Cmd.Exe</Data>
      <Data Name=""CommandLine"">""cmd.exe"" /c ""C:\AtomicRedTeam\atomics\..\ExternalPayloads\uacme\23 Akagi64.exe""</Data>
      <Data Name=""CurrentDirectory"">C:\Users\User\AppData\Local\Temp\</Data>
      <Data Name=""User"">WINDEV2309EVAL\User</Data>
      <Data Name=""LogonGuid"">{fda94052-3502-658d-b367-080000000000}</Data>
      <Data Name=""LogonId"">0x867b3</Data>
      <Data Name=""TerminalSessionId"">1</Data>
      <Data Name=""IntegrityLevel"">Medium</Data>
      <Data Name=""Hashes"">MD5=5A6BE4D2519515241D0C133A26CF62C0,SHA256=423E0E810A69AACEBA0E5670E58AFF898CF0EBFFAB99CCB46EBB3464C3D2FACB,IMPHASH=D73E39DAB3C8B57AA408073D01254964</Data>
      <Data Name=""ParentProcessGuid"">{fda94052-b87a-658c-2702-000000000b00}</Data>
      <Data Name=""ParentProcessId"">5076</Data>
      <Data Name=""ParentImage"">C:\Windows\System32\WindowsPowerShell\v1.0\powershell.exe</Data>
      <Data Name=""ParentCommandLine"">""C:\Windows\System32\WindowsPowerShell\v1.0\powershell.exe"" -exec bypass</Data>
      <Data Name=""ParentUser"">WINDEV2309EVAL\User</Data>
    </EventData>
    <RenderingInfo Culture=""en-US"">
      <Message>Process Create:

RuleName: -

UtcTime: 2023-12-28 09:09:01.393

ProcessGuid: {fda94052-3b2d-658d-b402-000000000b00}

ProcessId: 4836

Image: C:\Windows\System32\cmd.exe

FileVersion: 10.0.22621.1635 (WinBuild.160101.0800)

Description: Windows Command Processor

Product: Microsoft&#174; Windows&#174; Operating System

Company: Microsoft Corporation

OriginalFileName: Cmd.Exe

CommandLine: ""cmd.exe"" /c ""C:\AtomicRedTeam\atomics\..\ExternalPayloads\uacme\23 Akagi64.exe""

CurrentDirectory: C:\Users\User\AppData\Local\Temp\

User: WINDEV2309EVAL\User

LogonGuid: {fda94052-3502-658d-b367-080000000000}

LogonId: 0x867B3

TerminalSessionId: 1

IntegrityLevel: Medium

Hashes: MD5=5A6BE4D2519515241D0C133A26CF62C0,SHA256=423E0E810A69AACEBA0E5670E58AFF898CF0EBFFAB99CCB46EBB3464C3D2FACB,IMPHASH=D73E39DAB3C8B57AA408073D01254964

ParentProcessGuid: {fda94052-b87a-658c-2702-000000000b00}

ParentProcessId: 5076

ParentImage: C:\Windows\System32\WindowsPowerShell\v1.0\powershell.exe

ParentCommandLine: ""C:\Windows\System32\WindowsPowerShell\v1.0\powershell.exe"" -exec bypass

ParentUser: WINDEV2309EVAL\User</Message>
      <Level>Information</Level>
      <Task>Process Create (rule: ProcessCreate)</Task>
      <Opcode>Info</Opcode>
    </RenderingInfo>
  </Event>
  
"
Microsoft-Windows-Sysmon/Operational,"reg  delete ""HKCU\Environment"" /v ""windir"" /F",Microsoft Corporation,WinDev2309Eval,,C:\Users\User\AppData\Local\Temp\,Registry Console Tool,,,,,,,1,9548,,10.0.22621.1 (WinBuild.160101.0800),"MD5=CDB58D0BCABE76AFC60428F364834463,SHA256=411AE446FE37B30C0727888C7FA5E88994A46DAFD41AA5B3B06C9E884549AFDE,IMPHASH=1085BD82B37A225F6D356012D2E69C3D",C:\Windows\System32\reg.exe,,Medium,0x8000000000000000,Information,{fda94052-3502-658d-b367-080000000000},0x867b3,"Process Create:

RuleName: -

UtcTime: 2023-12-28 09:09:01.166

ProcessGuid: {fda94052-3b2d-658d-b302-000000000b00}

ProcessId: 5560

Image: C:\Windows\System32\reg.exe

FileVersion: 10.0.22621.1 (WinBuild.160101.0800)

Description: Registry Console Tool

Product: Microsoft® Windows® Operating System

Company: Microsoft Corporation

OriginalFileName: reg.exe

CommandLine: reg  delete ""HKCU\Environment"" /v ""windir"" /F

CurrentDirectory: C:\Users\User\AppData\Local\Temp\

User: WINDEV2309EVAL\User

LogonGuid: {fda94052-3502-658d-b367-080000000000}

LogonId: 0x867B3

TerminalSessionId: 1

IntegrityLevel: Medium

Hashes: MD5=CDB58D0BCABE76AFC60428F364834463,SHA256=411AE446FE37B30C0727888C7FA5E88994A46DAFD41AA5B3B06C9E884549AFDE,IMPHASH=1085BD82B37A225F6D356012D2E69C3D

ParentProcessGuid: {fda94052-3b28-658d-ac02-000000000b00}

ParentProcessId: 7132

ParentImage: C:\Windows\System32\cmd.exe

ParentCommandLine: ""cmd.exe"" /c ""C:\AtomicRedTeam\atomics\T1548.002\src\T1548.002.bat""

ParentUser: WINDEV2309EVAL\User",Info,reg.exe,"""cmd.exe"" /c ""C:\AtomicRedTeam\atomics\T1548.002\src\T1548.002.bat""",C:\Windows\System32\cmd.exe,{fda94052-3b28-658d-ac02-000000000b00},7132,WINDEV2309EVAL\User,{fda94052-3b2d-658d-b302-000000000b00},7044,5560,Microsoft® Windows® Operating System,,,,,"
      ",-,,,,,,2023-12-28T09:09:01.1681007Z,,,Process Create (rule: ProcessCreate),1,6672,WINDEV2309EVAL\User,S-1-5-18,2023-12-28 09:09:01.166,5,"<Event xmlns=""http://schemas.microsoft.com/win/2004/08/events/event"">
    <System>
      <Provider Name=""Microsoft-Windows-Sysmon"" Guid=""{5770385f-c22a-43e0-bf4c-06f5698ffbd9}""/>
      <EventID>1</EventID>
      <Version>5</Version>
      <Level>4</Level>
      <Task>1</Task>
      <Opcode>0</Opcode>
      <Keywords>0x8000000000000000</Keywords>
      <TimeCreated SystemTime=""2023-12-28T09:09:01.1681007Z""/>
      <EventRecordID>9548</EventRecordID>
      <Correlation/>
      <Execution ProcessID=""7044"" ThreadID=""6672""/>
      <Channel>Microsoft-Windows-Sysmon/Operational</Channel>
      <Computer>WinDev2309Eval</Computer>
      <Security UserID=""S-1-5-18""/>
    </System>
    <EventData>
      <Data Name=""RuleName"">-</Data>
      <Data Name=""UtcTime"">2023-12-28 09:09:01.166</Data>
      <Data Name=""ProcessGuid"">{fda94052-3b2d-658d-b302-000000000b00}</Data>
      <Data Name=""ProcessId"">5560</Data>
      <Data Name=""Image"">C:\Windows\System32\reg.exe</Data>
      <Data Name=""FileVersion"">10.0.22621.1 (WinBuild.160101.0800)</Data>
      <Data Name=""Description"">Registry Console Tool</Data>
      <Data Name=""Product"">Microsoft&#174; Windows&#174; Operating System</Data>
      <Data Name=""Company"">Microsoft Corporation</Data>
      <Data Name=""OriginalFileName"">reg.exe</Data>
      <Data Name=""CommandLine"">reg  delete ""HKCU\Environment"" /v ""windir"" /F</Data>
      <Data Name=""CurrentDirectory"">C:\Users\User\AppData\Local\Temp\</Data>
      <Data Name=""User"">WINDEV2309EVAL\User</Data>
      <Data Name=""LogonGuid"">{fda94052-3502-658d-b367-080000000000}</Data>
      <Data Name=""LogonId"">0x867b3</Data>
      <Data Name=""TerminalSessionId"">1</Data>
      <Data Name=""IntegrityLevel"">Medium</Data>
      <Data Name=""Hashes"">MD5=CDB58D0BCABE76AFC60428F364834463,SHA256=411AE446FE37B30C0727888C7FA5E88994A46DAFD41AA5B3B06C9E884549AFDE,IMPHASH=1085BD82B37A225F6D356012D2E69C3D</Data>
      <Data Name=""ParentProcessGuid"">{fda94052-3b28-658d-ac02-000000000b00}</Data>
      <Data Name=""ParentProcessId"">7132</Data>
      <Data Name=""ParentImage"">C:\Windows\System32\cmd.exe</Data>
      <Data Name=""ParentCommandLine"">""cmd.exe"" /c ""C:\AtomicRedTeam\atomics\T1548.002\src\T1548.002.bat""</Data>
      <Data Name=""ParentUser"">WINDEV2309EVAL\User</Data>
    </EventData>
    <RenderingInfo Culture=""en-US"">
      <Message>Process Create:

RuleName: -

UtcTime: 2023-12-28 09:09:01.166

ProcessGuid: {fda94052-3b2d-658d-b302-000000000b00}

ProcessId: 5560

Image: C:\Windows\System32\reg.exe

FileVersion: 10.0.22621.1 (WinBuild.160101.0800)

Description: Registry Console Tool

Product: Microsoft&#174; Windows&#174; Operating System

Company: Microsoft Corporation

OriginalFileName: reg.exe

CommandLine: reg  delete ""HKCU\Environment"" /v ""windir"" /F

CurrentDirectory: C:\Users\User\AppData\Local\Temp\

User: WINDEV2309EVAL\User

LogonGuid: {fda94052-3502-658d-b367-080000000000}

LogonId: 0x867B3

TerminalSessionId: 1

IntegrityLevel: Medium

Hashes: MD5=CDB58D0BCABE76AFC60428F364834463,SHA256=411AE446FE37B30C0727888C7FA5E88994A46DAFD41AA5B3B06C9E884549AFDE,IMPHASH=1085BD82B37A225F6D356012D2E69C3D

ParentProcessGuid: {fda94052-3b28-658d-ac02-000000000b00}

ParentProcessId: 7132

ParentImage: C:\Windows\System32\cmd.exe

ParentCommandLine: ""cmd.exe"" /c ""C:\AtomicRedTeam\atomics\T1548.002\src\T1548.002.bat""

ParentUser: WINDEV2309EVAL\User</Message>
      <Level>Information</Level>
      <Task>Process Create (rule: ProcessCreate)</Task>
      <Opcode>Info</Opcode>
    </RenderingInfo>
  </Event>
  
"
Microsoft-Windows-Sysmon/Operational,timeout  /t 3 ,Microsoft Corporation,WinDev2309Eval,,C:\Users\User\AppData\Local\Temp\,timeout - pauses command processing,,,,,,,1,9547,,10.0.22621.1 (WinBuild.160101.0800),"MD5=3F9678DB974CB7C0B59B158557F0C071,SHA256=4310BFC44B00C09F13C0E82FD9E9F9503643BDAC089111AE983326BB250EDFC5,IMPHASH=52D0839685A9987DD8CF02994B143429",C:\Windows\System32\timeout.exe,,Medium,0x8000000000000000,Information,{fda94052-3502-658d-b367-080000000000},0x867b3,"Process Create:

RuleName: -

UtcTime: 2023-12-28 09:08:58.256

ProcessGuid: {fda94052-3b2a-658d-b202-000000000b00}

ProcessId: 7588

Image: C:\Windows\System32\timeout.exe

FileVersion: 10.0.22621.1 (WinBuild.160101.0800)

Description: timeout - pauses command processing

Product: Microsoft® Windows® Operating System

Company: Microsoft Corporation

OriginalFileName: timeout.exe

CommandLine: timeout  /t 3 

CurrentDirectory: C:\Users\User\AppData\Local\Temp\

User: WINDEV2309EVAL\User

LogonGuid: {fda94052-3502-658d-b367-080000000000}

LogonId: 0x867B3

TerminalSessionId: 1

IntegrityLevel: Medium

Hashes: MD5=3F9678DB974CB7C0B59B158557F0C071,SHA256=4310BFC44B00C09F13C0E82FD9E9F9503643BDAC089111AE983326BB250EDFC5,IMPHASH=52D0839685A9987DD8CF02994B143429

ParentProcessGuid: {fda94052-3b28-658d-ac02-000000000b00}

ParentProcessId: 7132

ParentImage: C:\Windows\System32\cmd.exe

ParentCommandLine: ""cmd.exe"" /c ""C:\AtomicRedTeam\atomics\T1548.002\src\T1548.002.bat""

ParentUser: WINDEV2309EVAL\User",Info,timeout.exe,"""cmd.exe"" /c ""C:\AtomicRedTeam\atomics\T1548.002\src\T1548.002.bat""",C:\Windows\System32\cmd.exe,{fda94052-3b28-658d-ac02-000000000b00},7132,WINDEV2309EVAL\User,{fda94052-3b2a-658d-b202-000000000b00},7044,7588,Microsoft® Windows® Operating System,,,,,"
      ",-,,,,,,2023-12-28T09:08:58.2573307Z,,,Process Create (rule: ProcessCreate),1,6672,WINDEV2309EVAL\User,S-1-5-18,2023-12-28 09:08:58.256,5,"<Event xmlns=""http://schemas.microsoft.com/win/2004/08/events/event"">
    <System>
      <Provider Name=""Microsoft-Windows-Sysmon"" Guid=""{5770385f-c22a-43e0-bf4c-06f5698ffbd9}""/>
      <EventID>1</EventID>
      <Version>5</Version>
      <Level>4</Level>
      <Task>1</Task>
      <Opcode>0</Opcode>
      <Keywords>0x8000000000000000</Keywords>
      <TimeCreated SystemTime=""2023-12-28T09:08:58.2573307Z""/>
      <EventRecordID>9547</EventRecordID>
      <Correlation/>
      <Execution ProcessID=""7044"" ThreadID=""6672""/>
      <Channel>Microsoft-Windows-Sysmon/Operational</Channel>
      <Computer>WinDev2309Eval</Computer>
      <Security UserID=""S-1-5-18""/>
    </System>
    <EventData>
      <Data Name=""RuleName"">-</Data>
      <Data Name=""UtcTime"">2023-12-28 09:08:58.256</Data>
      <Data Name=""ProcessGuid"">{fda94052-3b2a-658d-b202-000000000b00}</Data>
      <Data Name=""ProcessId"">7588</Data>
      <Data Name=""Image"">C:\Windows\System32\timeout.exe</Data>
      <Data Name=""FileVersion"">10.0.22621.1 (WinBuild.160101.0800)</Data>
      <Data Name=""Description"">timeout - pauses command processing</Data>
      <Data Name=""Product"">Microsoft&#174; Windows&#174; Operating System</Data>
      <Data Name=""Company"">Microsoft Corporation</Data>
      <Data Name=""OriginalFileName"">timeout.exe</Data>
      <Data Name=""CommandLine"">timeout  /t 3 </Data>
      <Data Name=""CurrentDirectory"">C:\Users\User\AppData\Local\Temp\</Data>
      <Data Name=""User"">WINDEV2309EVAL\User</Data>
      <Data Name=""LogonGuid"">{fda94052-3502-658d-b367-080000000000}</Data>
      <Data Name=""LogonId"">0x867b3</Data>
      <Data Name=""TerminalSessionId"">1</Data>
      <Data Name=""IntegrityLevel"">Medium</Data>
      <Data Name=""Hashes"">MD5=3F9678DB974CB7C0B59B158557F0C071,SHA256=4310BFC44B00C09F13C0E82FD9E9F9503643BDAC089111AE983326BB250EDFC5,IMPHASH=52D0839685A9987DD8CF02994B143429</Data>
      <Data Name=""ParentProcessGuid"">{fda94052-3b28-658d-ac02-000000000b00}</Data>
      <Data Name=""ParentProcessId"">7132</Data>
      <Data Name=""ParentImage"">C:\Windows\System32\cmd.exe</Data>
      <Data Name=""ParentCommandLine"">""cmd.exe"" /c ""C:\AtomicRedTeam\atomics\T1548.002\src\T1548.002.bat""</Data>
      <Data Name=""ParentUser"">WINDEV2309EVAL\User</Data>
    </EventData>
    <RenderingInfo Culture=""en-US"">
      <Message>Process Create:

RuleName: -

UtcTime: 2023-12-28 09:08:58.256

ProcessGuid: {fda94052-3b2a-658d-b202-000000000b00}

ProcessId: 7588

Image: C:\Windows\System32\timeout.exe

FileVersion: 10.0.22621.1 (WinBuild.160101.0800)

Description: timeout - pauses command processing

Product: Microsoft&#174; Windows&#174; Operating System

Company: Microsoft Corporation

OriginalFileName: timeout.exe

CommandLine: timeout  /t 3 

CurrentDirectory: C:\Users\User\AppData\Local\Temp\

User: WINDEV2309EVAL\User

LogonGuid: {fda94052-3502-658d-b367-080000000000}

LogonId: 0x867B3

TerminalSessionId: 1

IntegrityLevel: Medium

Hashes: MD5=3F9678DB974CB7C0B59B158557F0C071,SHA256=4310BFC44B00C09F13C0E82FD9E9F9503643BDAC089111AE983326BB250EDFC5,IMPHASH=52D0839685A9987DD8CF02994B143429

ParentProcessGuid: {fda94052-3b28-658d-ac02-000000000b00}

ParentProcessId: 7132

ParentImage: C:\Windows\System32\cmd.exe

ParentCommandLine: ""cmd.exe"" /c ""C:\AtomicRedTeam\atomics\T1548.002\src\T1548.002.bat""

ParentUser: WINDEV2309EVAL\User</Message>
      <Level>Information</Level>
      <Task>Process Create (rule: ProcessCreate)</Task>
      <Opcode>Info</Opcode>
    </RenderingInfo>
  </Event>
  
"
Microsoft-Windows-Sysmon/Operational,schtasks  /run /tn \Microsoft\Windows\DiskCleanup\SilentCleanup /I ,Microsoft Corporation,WinDev2309Eval,,C:\Users\User\AppData\Local\Temp\,Task Scheduler Configuration Tool,,,,,,,1,9546,,10.0.22621.1 (WinBuild.160101.0800),"MD5=D857FA7279E2861199583474C17A1C6C,SHA256=DDDE64F0F55751763C1BCD53DE9CDFFC0D725D45A8476464A2A0422661813004,IMPHASH=44E70F20C235C150D75F6FC8B1E29CD1",C:\Windows\System32\schtasks.exe,,Medium,0x8000000000000000,Information,{fda94052-3502-658d-b367-080000000000},0x867b3,"Process Create:

RuleName: -

UtcTime: 2023-12-28 09:08:58.221

ProcessGuid: {fda94052-3b2a-658d-b102-000000000b00}

ProcessId: 9732

Image: C:\Windows\System32\schtasks.exe

FileVersion: 10.0.22621.1 (WinBuild.160101.0800)

Description: Task Scheduler Configuration Tool

Product: Microsoft® Windows® Operating System

Company: Microsoft Corporation

OriginalFileName: schtasks.exe

CommandLine: schtasks  /run /tn \Microsoft\Windows\DiskCleanup\SilentCleanup /I 

CurrentDirectory: C:\Users\User\AppData\Local\Temp\

User: WINDEV2309EVAL\User

LogonGuid: {fda94052-3502-658d-b367-080000000000}

LogonId: 0x867B3

TerminalSessionId: 1

IntegrityLevel: Medium

Hashes: MD5=D857FA7279E2861199583474C17A1C6C,SHA256=DDDE64F0F55751763C1BCD53DE9CDFFC0D725D45A8476464A2A0422661813004,IMPHASH=44E70F20C235C150D75F6FC8B1E29CD1

ParentProcessGuid: {fda94052-3b28-658d-ac02-000000000b00}

ParentProcessId: 7132

ParentImage: C:\Windows\System32\cmd.exe

ParentCommandLine: ""cmd.exe"" /c ""C:\AtomicRedTeam\atomics\T1548.002\src\T1548.002.bat""

ParentUser: WINDEV2309EVAL\User",Info,schtasks.exe,"""cmd.exe"" /c ""C:\AtomicRedTeam\atomics\T1548.002\src\T1548.002.bat""",C:\Windows\System32\cmd.exe,{fda94052-3b28-658d-ac02-000000000b00},7132,WINDEV2309EVAL\User,{fda94052-3b2a-658d-b102-000000000b00},7044,9732,Microsoft® Windows® Operating System,,,,,"
      ",-,,,,,,2023-12-28T09:08:58.2288012Z,,,Process Create (rule: ProcessCreate),1,6672,WINDEV2309EVAL\User,S-1-5-18,2023-12-28 09:08:58.221,5,"<Event xmlns=""http://schemas.microsoft.com/win/2004/08/events/event"">
    <System>
      <Provider Name=""Microsoft-Windows-Sysmon"" Guid=""{5770385f-c22a-43e0-bf4c-06f5698ffbd9}""/>
      <EventID>1</EventID>
      <Version>5</Version>
      <Level>4</Level>
      <Task>1</Task>
      <Opcode>0</Opcode>
      <Keywords>0x8000000000000000</Keywords>
      <TimeCreated SystemTime=""2023-12-28T09:08:58.2288012Z""/>
      <EventRecordID>9546</EventRecordID>
      <Correlation/>
      <Execution ProcessID=""7044"" ThreadID=""6672""/>
      <Channel>Microsoft-Windows-Sysmon/Operational</Channel>
      <Computer>WinDev2309Eval</Computer>
      <Security UserID=""S-1-5-18""/>
    </System>
    <EventData>
      <Data Name=""RuleName"">-</Data>
      <Data Name=""UtcTime"">2023-12-28 09:08:58.221</Data>
      <Data Name=""ProcessGuid"">{fda94052-3b2a-658d-b102-000000000b00}</Data>
      <Data Name=""ProcessId"">9732</Data>
      <Data Name=""Image"">C:\Windows\System32\schtasks.exe</Data>
      <Data Name=""FileVersion"">10.0.22621.1 (WinBuild.160101.0800)</Data>
      <Data Name=""Description"">Task Scheduler Configuration Tool</Data>
      <Data Name=""Product"">Microsoft&#174; Windows&#174; Operating System</Data>
      <Data Name=""Company"">Microsoft Corporation</Data>
      <Data Name=""OriginalFileName"">schtasks.exe</Data>
      <Data Name=""CommandLine"">schtasks  /run /tn \Microsoft\Windows\DiskCleanup\SilentCleanup /I </Data>
      <Data Name=""CurrentDirectory"">C:\Users\User\AppData\Local\Temp\</Data>
      <Data Name=""User"">WINDEV2309EVAL\User</Data>
      <Data Name=""LogonGuid"">{fda94052-3502-658d-b367-080000000000}</Data>
      <Data Name=""LogonId"">0x867b3</Data>
      <Data Name=""TerminalSessionId"">1</Data>
      <Data Name=""IntegrityLevel"">Medium</Data>
      <Data Name=""Hashes"">MD5=D857FA7279E2861199583474C17A1C6C,SHA256=DDDE64F0F55751763C1BCD53DE9CDFFC0D725D45A8476464A2A0422661813004,IMPHASH=44E70F20C235C150D75F6FC8B1E29CD1</Data>
      <Data Name=""ParentProcessGuid"">{fda94052-3b28-658d-ac02-000000000b00}</Data>
      <Data Name=""ParentProcessId"">7132</Data>
      <Data Name=""ParentImage"">C:\Windows\System32\cmd.exe</Data>
      <Data Name=""ParentCommandLine"">""cmd.exe"" /c ""C:\AtomicRedTeam\atomics\T1548.002\src\T1548.002.bat""</Data>
      <Data Name=""ParentUser"">WINDEV2309EVAL\User</Data>
    </EventData>
    <RenderingInfo Culture=""en-US"">
      <Message>Process Create:

RuleName: -

UtcTime: 2023-12-28 09:08:58.221

ProcessGuid: {fda94052-3b2a-658d-b102-000000000b00}

ProcessId: 9732

Image: C:\Windows\System32\schtasks.exe

FileVersion: 10.0.22621.1 (WinBuild.160101.0800)

Description: Task Scheduler Configuration Tool

Product: Microsoft&#174; Windows&#174; Operating System

Company: Microsoft Corporation

OriginalFileName: schtasks.exe

CommandLine: schtasks  /run /tn \Microsoft\Windows\DiskCleanup\SilentCleanup /I 

CurrentDirectory: C:\Users\User\AppData\Local\Temp\

User: WINDEV2309EVAL\User

LogonGuid: {fda94052-3502-658d-b367-080000000000}

LogonId: 0x867B3

TerminalSessionId: 1

IntegrityLevel: Medium

Hashes: MD5=D857FA7279E2861199583474C17A1C6C,SHA256=DDDE64F0F55751763C1BCD53DE9CDFFC0D725D45A8476464A2A0422661813004,IMPHASH=44E70F20C235C150D75F6FC8B1E29CD1

ParentProcessGuid: {fda94052-3b28-658d-ac02-000000000b00}

ParentProcessId: 7132

ParentImage: C:\Windows\System32\cmd.exe

ParentCommandLine: ""cmd.exe"" /c ""C:\AtomicRedTeam\atomics\T1548.002\src\T1548.002.bat""

ParentUser: WINDEV2309EVAL\User</Message>
      <Level>Information</Level>
      <Task>Process Create (rule: ProcessCreate)</Task>
      <Opcode>Info</Opcode>
    </RenderingInfo>
  </Event>
  
"
Microsoft-Windows-Sysmon/Operational,timeout  /t 2 ,Microsoft Corporation,WinDev2309Eval,,C:\Users\User\AppData\Local\Temp\,timeout - pauses command processing,,,,,,,1,9545,,10.0.22621.1 (WinBuild.160101.0800),"MD5=3F9678DB974CB7C0B59B158557F0C071,SHA256=4310BFC44B00C09F13C0E82FD9E9F9503643BDAC089111AE983326BB250EDFC5,IMPHASH=52D0839685A9987DD8CF02994B143429",C:\Windows\System32\timeout.exe,,Medium,0x8000000000000000,Information,{fda94052-3502-658d-b367-080000000000},0x867b3,"Process Create:

RuleName: -

UtcTime: 2023-12-28 09:08:56.701

ProcessGuid: {fda94052-3b28-658d-b002-000000000b00}

ProcessId: 10820

Image: C:\Windows\System32\timeout.exe

FileVersion: 10.0.22621.1 (WinBuild.160101.0800)

Description: timeout - pauses command processing

Product: Microsoft® Windows® Operating System

Company: Microsoft Corporation

OriginalFileName: timeout.exe

CommandLine: timeout  /t 2 

CurrentDirectory: C:\Users\User\AppData\Local\Temp\

User: WINDEV2309EVAL\User

LogonGuid: {fda94052-3502-658d-b367-080000000000}

LogonId: 0x867B3

TerminalSessionId: 1

IntegrityLevel: Medium

Hashes: MD5=3F9678DB974CB7C0B59B158557F0C071,SHA256=4310BFC44B00C09F13C0E82FD9E9F9503643BDAC089111AE983326BB250EDFC5,IMPHASH=52D0839685A9987DD8CF02994B143429

ParentProcessGuid: {fda94052-3b28-658d-ac02-000000000b00}

ParentProcessId: 7132

ParentImage: C:\Windows\System32\cmd.exe

ParentCommandLine: ""cmd.exe"" /c ""C:\AtomicRedTeam\atomics\T1548.002\src\T1548.002.bat""

ParentUser: WINDEV2309EVAL\User",Info,timeout.exe,"""cmd.exe"" /c ""C:\AtomicRedTeam\atomics\T1548.002\src\T1548.002.bat""",C:\Windows\System32\cmd.exe,{fda94052-3b28-658d-ac02-000000000b00},7132,WINDEV2309EVAL\User,{fda94052-3b28-658d-b002-000000000b00},7044,10820,Microsoft® Windows® Operating System,,,,,"
      ",-,,,,,,2023-12-28T09:08:56.7039514Z,,,Process Create (rule: ProcessCreate),1,6672,WINDEV2309EVAL\User,S-1-5-18,2023-12-28 09:08:56.701,5,"<Event xmlns=""http://schemas.microsoft.com/win/2004/08/events/event"">
    <System>
      <Provider Name=""Microsoft-Windows-Sysmon"" Guid=""{5770385f-c22a-43e0-bf4c-06f5698ffbd9}""/>
      <EventID>1</EventID>
      <Version>5</Version>
      <Level>4</Level>
      <Task>1</Task>
      <Opcode>0</Opcode>
      <Keywords>0x8000000000000000</Keywords>
      <TimeCreated SystemTime=""2023-12-28T09:08:56.7039514Z""/>
      <EventRecordID>9545</EventRecordID>
      <Correlation/>
      <Execution ProcessID=""7044"" ThreadID=""6672""/>
      <Channel>Microsoft-Windows-Sysmon/Operational</Channel>
      <Computer>WinDev2309Eval</Computer>
      <Security UserID=""S-1-5-18""/>
    </System>
    <EventData>
      <Data Name=""RuleName"">-</Data>
      <Data Name=""UtcTime"">2023-12-28 09:08:56.701</Data>
      <Data Name=""ProcessGuid"">{fda94052-3b28-658d-b002-000000000b00}</Data>
      <Data Name=""ProcessId"">10820</Data>
      <Data Name=""Image"">C:\Windows\System32\timeout.exe</Data>
      <Data Name=""FileVersion"">10.0.22621.1 (WinBuild.160101.0800)</Data>
      <Data Name=""Description"">timeout - pauses command processing</Data>
      <Data Name=""Product"">Microsoft&#174; Windows&#174; Operating System</Data>
      <Data Name=""Company"">Microsoft Corporation</Data>
      <Data Name=""OriginalFileName"">timeout.exe</Data>
      <Data Name=""CommandLine"">timeout  /t 2 </Data>
      <Data Name=""CurrentDirectory"">C:\Users\User\AppData\Local\Temp\</Data>
      <Data Name=""User"">WINDEV2309EVAL\User</Data>
      <Data Name=""LogonGuid"">{fda94052-3502-658d-b367-080000000000}</Data>
      <Data Name=""LogonId"">0x867b3</Data>
      <Data Name=""TerminalSessionId"">1</Data>
      <Data Name=""IntegrityLevel"">Medium</Data>
      <Data Name=""Hashes"">MD5=3F9678DB974CB7C0B59B158557F0C071,SHA256=4310BFC44B00C09F13C0E82FD9E9F9503643BDAC089111AE983326BB250EDFC5,IMPHASH=52D0839685A9987DD8CF02994B143429</Data>
      <Data Name=""ParentProcessGuid"">{fda94052-3b28-658d-ac02-000000000b00}</Data>
      <Data Name=""ParentProcessId"">7132</Data>
      <Data Name=""ParentImage"">C:\Windows\System32\cmd.exe</Data>
      <Data Name=""ParentCommandLine"">""cmd.exe"" /c ""C:\AtomicRedTeam\atomics\T1548.002\src\T1548.002.bat""</Data>
      <Data Name=""ParentUser"">WINDEV2309EVAL\User</Data>
    </EventData>
    <RenderingInfo Culture=""en-US"">
      <Message>Process Create:

RuleName: -

UtcTime: 2023-12-28 09:08:56.701

ProcessGuid: {fda94052-3b28-658d-b002-000000000b00}

ProcessId: 10820

Image: C:\Windows\System32\timeout.exe

FileVersion: 10.0.22621.1 (WinBuild.160101.0800)

Description: timeout - pauses command processing

Product: Microsoft&#174; Windows&#174; Operating System

Company: Microsoft Corporation

OriginalFileName: timeout.exe

CommandLine: timeout  /t 2 

CurrentDirectory: C:\Users\User\AppData\Local\Temp\

User: WINDEV2309EVAL\User

LogonGuid: {fda94052-3502-658d-b367-080000000000}

LogonId: 0x867B3

TerminalSessionId: 1

IntegrityLevel: Medium

Hashes: MD5=3F9678DB974CB7C0B59B158557F0C071,SHA256=4310BFC44B00C09F13C0E82FD9E9F9503643BDAC089111AE983326BB250EDFC5,IMPHASH=52D0839685A9987DD8CF02994B143429

ParentProcessGuid: {fda94052-3b28-658d-ac02-000000000b00}

ParentProcessId: 7132

ParentImage: C:\Windows\System32\cmd.exe

ParentCommandLine: ""cmd.exe"" /c ""C:\AtomicRedTeam\atomics\T1548.002\src\T1548.002.bat""

ParentUser: WINDEV2309EVAL\User</Message>
      <Level>Information</Level>
      <Task>Process Create (rule: ProcessCreate)</Task>
      <Opcode>Info</Opcode>
    </RenderingInfo>
  </Event>
  
"
Microsoft-Windows-Sysmon/Operational,"reg  add ""HKCU\Environment"" /v ""windir"" /d ""cmd /c start powershell&REM "" ",Microsoft Corporation,WinDev2309Eval,,C:\Users\User\AppData\Local\Temp\,Registry Console Tool,,,,,,,1,9544,,10.0.22621.1 (WinBuild.160101.0800),"MD5=CDB58D0BCABE76AFC60428F364834463,SHA256=411AE446FE37B30C0727888C7FA5E88994A46DAFD41AA5B3B06C9E884549AFDE,IMPHASH=1085BD82B37A225F6D356012D2E69C3D",C:\Windows\System32\reg.exe,,Medium,0x8000000000000000,Information,{fda94052-3502-658d-b367-080000000000},0x867b3,"Process Create:

RuleName: -

UtcTime: 2023-12-28 09:08:56.688

ProcessGuid: {fda94052-3b28-658d-af02-000000000b00}

ProcessId: 10416

Image: C:\Windows\System32\reg.exe

FileVersion: 10.0.22621.1 (WinBuild.160101.0800)

Description: Registry Console Tool

Product: Microsoft® Windows® Operating System

Company: Microsoft Corporation

OriginalFileName: reg.exe

CommandLine: reg  add ""HKCU\Environment"" /v ""windir"" /d ""cmd /c start powershell&REM "" 

CurrentDirectory: C:\Users\User\AppData\Local\Temp\

User: WINDEV2309EVAL\User

LogonGuid: {fda94052-3502-658d-b367-080000000000}

LogonId: 0x867B3

TerminalSessionId: 1

IntegrityLevel: Medium

Hashes: MD5=CDB58D0BCABE76AFC60428F364834463,SHA256=411AE446FE37B30C0727888C7FA5E88994A46DAFD41AA5B3B06C9E884549AFDE,IMPHASH=1085BD82B37A225F6D356012D2E69C3D

ParentProcessGuid: {fda94052-3b28-658d-ac02-000000000b00}

ParentProcessId: 7132

ParentImage: C:\Windows\System32\cmd.exe

ParentCommandLine: ""cmd.exe"" /c ""C:\AtomicRedTeam\atomics\T1548.002\src\T1548.002.bat""

ParentUser: WINDEV2309EVAL\User",Info,reg.exe,"""cmd.exe"" /c ""C:\AtomicRedTeam\atomics\T1548.002\src\T1548.002.bat""",C:\Windows\System32\cmd.exe,{fda94052-3b28-658d-ac02-000000000b00},7132,WINDEV2309EVAL\User,{fda94052-3b28-658d-af02-000000000b00},7044,10416,Microsoft® Windows® Operating System,,,,,"
      ",-,,,,,,2023-12-28T09:08:56.6895953Z,,,Process Create (rule: ProcessCreate),1,6672,WINDEV2309EVAL\User,S-1-5-18,2023-12-28 09:08:56.688,5,"<Event xmlns=""http://schemas.microsoft.com/win/2004/08/events/event"">
    <System>
      <Provider Name=""Microsoft-Windows-Sysmon"" Guid=""{5770385f-c22a-43e0-bf4c-06f5698ffbd9}""/>
      <EventID>1</EventID>
      <Version>5</Version>
      <Level>4</Level>
      <Task>1</Task>
      <Opcode>0</Opcode>
      <Keywords>0x8000000000000000</Keywords>
      <TimeCreated SystemTime=""2023-12-28T09:08:56.6895953Z""/>
      <EventRecordID>9544</EventRecordID>
      <Correlation/>
      <Execution ProcessID=""7044"" ThreadID=""6672""/>
      <Channel>Microsoft-Windows-Sysmon/Operational</Channel>
      <Computer>WinDev2309Eval</Computer>
      <Security UserID=""S-1-5-18""/>
    </System>
    <EventData>
      <Data Name=""RuleName"">-</Data>
      <Data Name=""UtcTime"">2023-12-28 09:08:56.688</Data>
      <Data Name=""ProcessGuid"">{fda94052-3b28-658d-af02-000000000b00}</Data>
      <Data Name=""ProcessId"">10416</Data>
      <Data Name=""Image"">C:\Windows\System32\reg.exe</Data>
      <Data Name=""FileVersion"">10.0.22621.1 (WinBuild.160101.0800)</Data>
      <Data Name=""Description"">Registry Console Tool</Data>
      <Data Name=""Product"">Microsoft&#174; Windows&#174; Operating System</Data>
      <Data Name=""Company"">Microsoft Corporation</Data>
      <Data Name=""OriginalFileName"">reg.exe</Data>
      <Data Name=""CommandLine"">reg  add ""HKCU\Environment"" /v ""windir"" /d ""cmd /c start powershell&amp;REM "" </Data>
      <Data Name=""CurrentDirectory"">C:\Users\User\AppData\Local\Temp\</Data>
      <Data Name=""User"">WINDEV2309EVAL\User</Data>
      <Data Name=""LogonGuid"">{fda94052-3502-658d-b367-080000000000}</Data>
      <Data Name=""LogonId"">0x867b3</Data>
      <Data Name=""TerminalSessionId"">1</Data>
      <Data Name=""IntegrityLevel"">Medium</Data>
      <Data Name=""Hashes"">MD5=CDB58D0BCABE76AFC60428F364834463,SHA256=411AE446FE37B30C0727888C7FA5E88994A46DAFD41AA5B3B06C9E884549AFDE,IMPHASH=1085BD82B37A225F6D356012D2E69C3D</Data>
      <Data Name=""ParentProcessGuid"">{fda94052-3b28-658d-ac02-000000000b00}</Data>
      <Data Name=""ParentProcessId"">7132</Data>
      <Data Name=""ParentImage"">C:\Windows\System32\cmd.exe</Data>
      <Data Name=""ParentCommandLine"">""cmd.exe"" /c ""C:\AtomicRedTeam\atomics\T1548.002\src\T1548.002.bat""</Data>
      <Data Name=""ParentUser"">WINDEV2309EVAL\User</Data>
    </EventData>
    <RenderingInfo Culture=""en-US"">
      <Message>Process Create:

RuleName: -

UtcTime: 2023-12-28 09:08:56.688

ProcessGuid: {fda94052-3b28-658d-af02-000000000b00}

ProcessId: 10416

Image: C:\Windows\System32\reg.exe

FileVersion: 10.0.22621.1 (WinBuild.160101.0800)

Description: Registry Console Tool

Product: Microsoft&#174; Windows&#174; Operating System

Company: Microsoft Corporation

OriginalFileName: reg.exe

CommandLine: reg  add ""HKCU\Environment"" /v ""windir"" /d ""cmd /c start powershell&amp;REM "" 

CurrentDirectory: C:\Users\User\AppData\Local\Temp\

User: WINDEV2309EVAL\User

LogonGuid: {fda94052-3502-658d-b367-080000000000}

LogonId: 0x867B3

TerminalSessionId: 1

IntegrityLevel: Medium

Hashes: MD5=CDB58D0BCABE76AFC60428F364834463,SHA256=411AE446FE37B30C0727888C7FA5E88994A46DAFD41AA5B3B06C9E884549AFDE,IMPHASH=1085BD82B37A225F6D356012D2E69C3D

ParentProcessGuid: {fda94052-3b28-658d-ac02-000000000b00}

ParentProcessId: 7132

ParentImage: C:\Windows\System32\cmd.exe

ParentCommandLine: ""cmd.exe"" /c ""C:\AtomicRedTeam\atomics\T1548.002\src\T1548.002.bat""

ParentUser: WINDEV2309EVAL\User</Message>
      <Level>Information</Level>
      <Task>Process Create (rule: ProcessCreate)</Task>
      <Opcode>Info</Opcode>
    </RenderingInfo>
  </Event>
  
"
Microsoft-Windows-Sysmon/Operational,"mode  18,1",Microsoft Corporation,WinDev2309Eval,,C:\Users\User\AppData\Local\Temp\,DOS Device MODE Utility,,,,,,,1,9543,,10.0.22621.1 (WinBuild.160101.0800),"MD5=C30B7264418F9EBE7AE7D8159A894E5E,SHA256=6BD8DF16A6500E279F570E2986D26AD769499933BA2A8911FCF9444A01D3FF30,IMPHASH=2F60C2ED7648C832822B0B1EE9787340",C:\Windows\System32\mode.com,,Medium,0x8000000000000000,Information,{fda94052-3502-658d-b367-080000000000},0x867b3,"Process Create:

RuleName: -

UtcTime: 2023-12-28 09:08:56.638

ProcessGuid: {fda94052-3b28-658d-ae02-000000000b00}

ProcessId: 9524

Image: C:\Windows\System32\mode.com

FileVersion: 10.0.22621.1 (WinBuild.160101.0800)

Description: DOS Device MODE Utility

Product: Microsoft® Windows® Operating System

Company: Microsoft Corporation

OriginalFileName: MODE.COM

CommandLine: mode  18,1

CurrentDirectory: C:\Users\User\AppData\Local\Temp\

User: WINDEV2309EVAL\User

LogonGuid: {fda94052-3502-658d-b367-080000000000}

LogonId: 0x867B3

TerminalSessionId: 1

IntegrityLevel: Medium

Hashes: MD5=C30B7264418F9EBE7AE7D8159A894E5E,SHA256=6BD8DF16A6500E279F570E2986D26AD769499933BA2A8911FCF9444A01D3FF30,IMPHASH=2F60C2ED7648C832822B0B1EE9787340

ParentProcessGuid: {fda94052-3b28-658d-ac02-000000000b00}

ParentProcessId: 7132

ParentImage: C:\Windows\System32\cmd.exe

ParentCommandLine: ""cmd.exe"" /c ""C:\AtomicRedTeam\atomics\T1548.002\src\T1548.002.bat""

ParentUser: WINDEV2309EVAL\User",Info,MODE.COM,"""cmd.exe"" /c ""C:\AtomicRedTeam\atomics\T1548.002\src\T1548.002.bat""",C:\Windows\System32\cmd.exe,{fda94052-3b28-658d-ac02-000000000b00},7132,WINDEV2309EVAL\User,{fda94052-3b28-658d-ae02-000000000b00},7044,9524,Microsoft® Windows® Operating System,,,,,"
      ",-,,,,,,2023-12-28T09:08:56.6405699Z,,,Process Create (rule: ProcessCreate),1,6672,WINDEV2309EVAL\User,S-1-5-18,2023-12-28 09:08:56.638,5,"<Event xmlns=""http://schemas.microsoft.com/win/2004/08/events/event"">
    <System>
      <Provider Name=""Microsoft-Windows-Sysmon"" Guid=""{5770385f-c22a-43e0-bf4c-06f5698ffbd9}""/>
      <EventID>1</EventID>
      <Version>5</Version>
      <Level>4</Level>
      <Task>1</Task>
      <Opcode>0</Opcode>
      <Keywords>0x8000000000000000</Keywords>
      <TimeCreated SystemTime=""2023-12-28T09:08:56.6405699Z""/>
      <EventRecordID>9543</EventRecordID>
      <Correlation/>
      <Execution ProcessID=""7044"" ThreadID=""6672""/>
      <Channel>Microsoft-Windows-Sysmon/Operational</Channel>
      <Computer>WinDev2309Eval</Computer>
      <Security UserID=""S-1-5-18""/>
    </System>
    <EventData>
      <Data Name=""RuleName"">-</Data>
      <Data Name=""UtcTime"">2023-12-28 09:08:56.638</Data>
      <Data Name=""ProcessGuid"">{fda94052-3b28-658d-ae02-000000000b00}</Data>
      <Data Name=""ProcessId"">9524</Data>
      <Data Name=""Image"">C:\Windows\System32\mode.com</Data>
      <Data Name=""FileVersion"">10.0.22621.1 (WinBuild.160101.0800)</Data>
      <Data Name=""Description"">DOS Device MODE Utility</Data>
      <Data Name=""Product"">Microsoft&#174; Windows&#174; Operating System</Data>
      <Data Name=""Company"">Microsoft Corporation</Data>
      <Data Name=""OriginalFileName"">MODE.COM</Data>
      <Data Name=""CommandLine"">mode  18,1</Data>
      <Data Name=""CurrentDirectory"">C:\Users\User\AppData\Local\Temp\</Data>
      <Data Name=""User"">WINDEV2309EVAL\User</Data>
      <Data Name=""LogonGuid"">{fda94052-3502-658d-b367-080000000000}</Data>
      <Data Name=""LogonId"">0x867b3</Data>
      <Data Name=""TerminalSessionId"">1</Data>
      <Data Name=""IntegrityLevel"">Medium</Data>
      <Data Name=""Hashes"">MD5=C30B7264418F9EBE7AE7D8159A894E5E,SHA256=6BD8DF16A6500E279F570E2986D26AD769499933BA2A8911FCF9444A01D3FF30,IMPHASH=2F60C2ED7648C832822B0B1EE9787340</Data>
      <Data Name=""ParentProcessGuid"">{fda94052-3b28-658d-ac02-000000000b00}</Data>
      <Data Name=""ParentProcessId"">7132</Data>
      <Data Name=""ParentImage"">C:\Windows\System32\cmd.exe</Data>
      <Data Name=""ParentCommandLine"">""cmd.exe"" /c ""C:\AtomicRedTeam\atomics\T1548.002\src\T1548.002.bat""</Data>
      <Data Name=""ParentUser"">WINDEV2309EVAL\User</Data>
    </EventData>
    <RenderingInfo Culture=""en-US"">
      <Message>Process Create:

RuleName: -

UtcTime: 2023-12-28 09:08:56.638

ProcessGuid: {fda94052-3b28-658d-ae02-000000000b00}

ProcessId: 9524

Image: C:\Windows\System32\mode.com

FileVersion: 10.0.22621.1 (WinBuild.160101.0800)

Description: DOS Device MODE Utility

Product: Microsoft&#174; Windows&#174; Operating System

Company: Microsoft Corporation

OriginalFileName: MODE.COM

CommandLine: mode  18,1

CurrentDirectory: C:\Users\User\AppData\Local\Temp\

User: WINDEV2309EVAL\User

LogonGuid: {fda94052-3502-658d-b367-080000000000}

LogonId: 0x867B3

TerminalSessionId: 1

IntegrityLevel: Medium

Hashes: MD5=C30B7264418F9EBE7AE7D8159A894E5E,SHA256=6BD8DF16A6500E279F570E2986D26AD769499933BA2A8911FCF9444A01D3FF30,IMPHASH=2F60C2ED7648C832822B0B1EE9787340

ParentProcessGuid: {fda94052-3b28-658d-ac02-000000000b00}

ParentProcessId: 7132

ParentImage: C:\Windows\System32\cmd.exe

ParentCommandLine: ""cmd.exe"" /c ""C:\AtomicRedTeam\atomics\T1548.002\src\T1548.002.bat""

ParentUser: WINDEV2309EVAL\User</Message>
      <Level>Information</Level>
      <Task>Process Create (rule: ProcessCreate)</Task>
      <Opcode>Info</Opcode>
    </RenderingInfo>
  </Event>
  
"
Microsoft-Windows-Sysmon/Operational,"""cmd.exe"" /c ""C:\AtomicRedTeam\atomics\T1548.002\src\T1548.002.bat""",Microsoft Corporation,WinDev2309Eval,,C:\Users\User\AppData\Local\Temp\,Windows Command Processor,,,,,,,1,9542,,10.0.22621.1635 (WinBuild.160101.0800),"MD5=5A6BE4D2519515241D0C133A26CF62C0,SHA256=423E0E810A69AACEBA0E5670E58AFF898CF0EBFFAB99CCB46EBB3464C3D2FACB,IMPHASH=D73E39DAB3C8B57AA408073D01254964",C:\Windows\System32\cmd.exe,,Medium,0x8000000000000000,Information,{fda94052-3502-658d-b367-080000000000},0x867b3,"Process Create:

RuleName: -

UtcTime: 2023-12-28 09:08:56.595

ProcessGuid: {fda94052-3b28-658d-ac02-000000000b00}

ProcessId: 7132

Image: C:\Windows\System32\cmd.exe

FileVersion: 10.0.22621.1635 (WinBuild.160101.0800)

Description: Windows Command Processor

Product: Microsoft® Windows® Operating System

Company: Microsoft Corporation

OriginalFileName: Cmd.Exe

CommandLine: ""cmd.exe"" /c ""C:\AtomicRedTeam\atomics\T1548.002\src\T1548.002.bat""

CurrentDirectory: C:\Users\User\AppData\Local\Temp\

User: WINDEV2309EVAL\User

LogonGuid: {fda94052-3502-658d-b367-080000000000}

LogonId: 0x867B3

TerminalSessionId: 1

IntegrityLevel: Medium

Hashes: MD5=5A6BE4D2519515241D0C133A26CF62C0,SHA256=423E0E810A69AACEBA0E5670E58AFF898CF0EBFFAB99CCB46EBB3464C3D2FACB,IMPHASH=D73E39DAB3C8B57AA408073D01254964

ParentProcessGuid: {fda94052-b87a-658c-2702-000000000b00}

ParentProcessId: 5076

ParentImage: C:\Windows\System32\WindowsPowerShell\v1.0\powershell.exe

ParentCommandLine: ""C:\Windows\System32\WindowsPowerShell\v1.0\powershell.exe"" -exec bypass

ParentUser: WINDEV2309EVAL\User",Info,Cmd.Exe,"""C:\Windows\System32\WindowsPowerShell\v1.0\powershell.exe"" -exec bypass",C:\Windows\System32\WindowsPowerShell\v1.0\powershell.exe,{fda94052-b87a-658c-2702-000000000b00},5076,WINDEV2309EVAL\User,{fda94052-3b28-658d-ac02-000000000b00},7044,7132,Microsoft® Windows® Operating System,,,,,"
      ",-,,,,,,2023-12-28T09:08:56.5961917Z,,,Process Create (rule: ProcessCreate),1,6672,WINDEV2309EVAL\User,S-1-5-18,2023-12-28 09:08:56.595,5,"<Event xmlns=""http://schemas.microsoft.com/win/2004/08/events/event"">
    <System>
      <Provider Name=""Microsoft-Windows-Sysmon"" Guid=""{5770385f-c22a-43e0-bf4c-06f5698ffbd9}""/>
      <EventID>1</EventID>
      <Version>5</Version>
      <Level>4</Level>
      <Task>1</Task>
      <Opcode>0</Opcode>
      <Keywords>0x8000000000000000</Keywords>
      <TimeCreated SystemTime=""2023-12-28T09:08:56.5961917Z""/>
      <EventRecordID>9542</EventRecordID>
      <Correlation/>
      <Execution ProcessID=""7044"" ThreadID=""6672""/>
      <Channel>Microsoft-Windows-Sysmon/Operational</Channel>
      <Computer>WinDev2309Eval</Computer>
      <Security UserID=""S-1-5-18""/>
    </System>
    <EventData>
      <Data Name=""RuleName"">-</Data>
      <Data Name=""UtcTime"">2023-12-28 09:08:56.595</Data>
      <Data Name=""ProcessGuid"">{fda94052-3b28-658d-ac02-000000000b00}</Data>
      <Data Name=""ProcessId"">7132</Data>
      <Data Name=""Image"">C:\Windows\System32\cmd.exe</Data>
      <Data Name=""FileVersion"">10.0.22621.1635 (WinBuild.160101.0800)</Data>
      <Data Name=""Description"">Windows Command Processor</Data>
      <Data Name=""Product"">Microsoft&#174; Windows&#174; Operating System</Data>
      <Data Name=""Company"">Microsoft Corporation</Data>
      <Data Name=""OriginalFileName"">Cmd.Exe</Data>
      <Data Name=""CommandLine"">""cmd.exe"" /c ""C:\AtomicRedTeam\atomics\T1548.002\src\T1548.002.bat""</Data>
      <Data Name=""CurrentDirectory"">C:\Users\User\AppData\Local\Temp\</Data>
      <Data Name=""User"">WINDEV2309EVAL\User</Data>
      <Data Name=""LogonGuid"">{fda94052-3502-658d-b367-080000000000}</Data>
      <Data Name=""LogonId"">0x867b3</Data>
      <Data Name=""TerminalSessionId"">1</Data>
      <Data Name=""IntegrityLevel"">Medium</Data>
      <Data Name=""Hashes"">MD5=5A6BE4D2519515241D0C133A26CF62C0,SHA256=423E0E810A69AACEBA0E5670E58AFF898CF0EBFFAB99CCB46EBB3464C3D2FACB,IMPHASH=D73E39DAB3C8B57AA408073D01254964</Data>
      <Data Name=""ParentProcessGuid"">{fda94052-b87a-658c-2702-000000000b00}</Data>
      <Data Name=""ParentProcessId"">5076</Data>
      <Data Name=""ParentImage"">C:\Windows\System32\WindowsPowerShell\v1.0\powershell.exe</Data>
      <Data Name=""ParentCommandLine"">""C:\Windows\System32\WindowsPowerShell\v1.0\powershell.exe"" -exec bypass</Data>
      <Data Name=""ParentUser"">WINDEV2309EVAL\User</Data>
    </EventData>
    <RenderingInfo Culture=""en-US"">
      <Message>Process Create:

RuleName: -

UtcTime: 2023-12-28 09:08:56.595

ProcessGuid: {fda94052-3b28-658d-ac02-000000000b00}

ProcessId: 7132

Image: C:\Windows\System32\cmd.exe

FileVersion: 10.0.22621.1635 (WinBuild.160101.0800)

Description: Windows Command Processor

Product: Microsoft&#174; Windows&#174; Operating System

Company: Microsoft Corporation

OriginalFileName: Cmd.Exe

CommandLine: ""cmd.exe"" /c ""C:\AtomicRedTeam\atomics\T1548.002\src\T1548.002.bat""

CurrentDirectory: C:\Users\User\AppData\Local\Temp\

User: WINDEV2309EVAL\User

LogonGuid: {fda94052-3502-658d-b367-080000000000}

LogonId: 0x867B3

TerminalSessionId: 1

IntegrityLevel: Medium

Hashes: MD5=5A6BE4D2519515241D0C133A26CF62C0,SHA256=423E0E810A69AACEBA0E5670E58AFF898CF0EBFFAB99CCB46EBB3464C3D2FACB,IMPHASH=D73E39DAB3C8B57AA408073D01254964

ParentProcessGuid: {fda94052-b87a-658c-2702-000000000b00}

ParentProcessId: 5076

ParentImage: C:\Windows\System32\WindowsPowerShell\v1.0\powershell.exe

ParentCommandLine: ""C:\Windows\System32\WindowsPowerShell\v1.0\powershell.exe"" -exec bypass

ParentUser: WINDEV2309EVAL\User</Message>
      <Level>Information</Level>
      <Task>Process Create (rule: ProcessCreate)</Task>
      <Opcode>Info</Opcode>
    </RenderingInfo>
  </Event>
  
"
