Channel,CommandLine,Company,Computer,CreationUtcTime,CurrentDirectory,Description,DestinationHostname,DestinationIp,DestinationIsIpv6,DestinationPort,DestinationPortName,Details,EventID,EventRecordID,EventType,FileVersion,Hashes,Image,Initiated,IntegrityLevel,Keywords,Level,LogonGuid,LogonId,Message,Opcode,OriginalFileName,ParentCommandLine,ParentImage,ParentProcessGuid,ParentProcessId,ParentUser,ProcessGuid,ProcessID,ProcessId,Product,Protocol,QueryName,QueryResults,QueryStatus,RenderingInfo,RuleName,SourceHostname,SourceIp,SourceIsIpv6,SourcePort,SourcePortName,SystemTime,TargetFilename,TargetObject,Task,TerminalSessionId,ThreadID,User,UserID,UtcTime,Version,raw
Microsoft-Windows-Sysmon/Operational,\\?\C:\Windows\System32\SecurityHealth\1.0.2306.10002-0\SecurityHealthHost.exe {08728914-3F57-4D52-9E31-49DAECA5A80A} -Embedding,Microsoft Corporation,WinDev2309Eval,,C:\Windows\system32\,Windows Security Health Host,,,,,,,1,9492,,10.0.25873.1001 (WinBuild.160101.0800),"MD5=193DC58240D8AC4EC1618FFAE14CAE71,SHA256=8D771C8A91614B85416B3EB328460E80183B38F2DC35C7A26578206AF145F419,IMPHASH=FBC9E5DE00516A75FFF7C4A11857FB1D",C:\Windows\System32\SecurityHealth\1.0.2306.10002-0\SecurityHealthHost.exe,,Medium,0x8000000000000000,Information,{fda94052-3502-658d-b367-080000000000},0x867b3,"Process Create:

RuleName: -

UtcTime: 2023-12-28 09:45:43.689

ProcessGuid: {fda94052-43c7-658d-8402-000000000b00}

ProcessId: 3156

Image: C:\Windows\System32\SecurityHealth\1.0.2306.10002-0\SecurityHealthHost.exe

FileVersion: 10.0.25873.1001 (WinBuild.160101.0800)

Description: Windows Security Health Host

Product: Microsoft® Windows® Operating System

Company: Microsoft Corporation

OriginalFileName: SecurityHealthHost.exe

CommandLine: \\?\C:\Windows\System32\SecurityHealth\1.0.2306.10002-0\SecurityHealthHost.exe {08728914-3F57-4D52-9E31-49DAECA5A80A} -Embedding

CurrentDirectory: C:\Windows\system32\

User: WINDEV2309EVAL\User

LogonGuid: {fda94052-3502-658d-b367-080000000000}

LogonId: 0x867B3

TerminalSessionId: 1

IntegrityLevel: Medium

Hashes: MD5=193DC58240D8AC4EC1618FFAE14CAE71,SHA256=8D771C8A91614B85416B3EB328460E80183B38F2DC35C7A26578206AF145F419,IMPHASH=FBC9E5DE00516A75FFF7C4A11857FB1D

ParentProcessGuid: {00000000-0000-0000-0000-000000000000}

ParentProcessId: 932

ParentImage: -

ParentCommandLine: -

ParentUser: -",Info,SecurityHealthHost.exe,-,-,{00000000-0000-0000-0000-000000000000},932,-,{fda94052-43c7-658d-8402-000000000b00},7044,3156,Microsoft® Windows® Operating System,,,,,"
      ",-,,,,,,2023-12-28T09:45:43.6901565Z,,,Process Create (rule: ProcessCreate),1,6672,WINDEV2309EVAL\User,S-1-5-18,2023-12-28 09:45:43.689,5,"<Event xmlns=""http://schemas.microsoft.com/win/2004/08/events/event"">
    <System>
      <Provider Name=""Microsoft-Windows-Sysmon"" Guid=""{5770385f-c22a-43e0-bf4c-06f5698ffbd9}""/>
      <EventID>1</EventID>
      <Version>5</Version>
      <Level>4</Level>
      <Task>1</Task>
      <Opcode>0</Opcode>
      <Keywords>0x8000000000000000</Keywords>
      <TimeCreated SystemTime=""2023-12-28T09:45:43.6901565Z""/>
      <EventRecordID>9492</EventRecordID>
      <Correlation/>
      <Execution ProcessID=""7044"" ThreadID=""6672""/>
      <Channel>Microsoft-Windows-Sysmon/Operational</Channel>
      <Computer>WinDev2309Eval</Computer>
      <Security UserID=""S-1-5-18""/>
    </System>
    <EventData>
      <Data Name=""RuleName"">-</Data>
      <Data Name=""UtcTime"">2023-12-28 09:45:43.689</Data>
      <Data Name=""ProcessGuid"">{fda94052-43c7-658d-8402-000000000b00}</Data>
      <Data Name=""ProcessId"">3156</Data>
      <Data Name=""Image"">C:\Windows\System32\SecurityHealth\1.0.2306.10002-0\SecurityHealthHost.exe</Data>
      <Data Name=""FileVersion"">10.0.25873.1001 (WinBuild.160101.0800)</Data>
      <Data Name=""Description"">Windows Security Health Host</Data>
      <Data Name=""Product"">Microsoft&#174; Windows&#174; Operating System</Data>
      <Data Name=""Company"">Microsoft Corporation</Data>
      <Data Name=""OriginalFileName"">SecurityHealthHost.exe</Data>
      <Data Name=""CommandLine"">\\?\C:\Windows\System32\SecurityHealth\1.0.2306.10002-0\SecurityHealthHost.exe {08728914-3F57-4D52-9E31-49DAECA5A80A} -Embedding</Data>
      <Data Name=""CurrentDirectory"">C:\Windows\system32\</Data>
      <Data Name=""User"">WINDEV2309EVAL\User</Data>
      <Data Name=""LogonGuid"">{fda94052-3502-658d-b367-080000000000}</Data>
      <Data Name=""LogonId"">0x867b3</Data>
      <Data Name=""TerminalSessionId"">1</Data>
      <Data Name=""IntegrityLevel"">Medium</Data>
      <Data Name=""Hashes"">MD5=193DC58240D8AC4EC1618FFAE14CAE71,SHA256=8D771C8A91614B85416B3EB328460E80183B38F2DC35C7A26578206AF145F419,IMPHASH=FBC9E5DE00516A75FFF7C4A11857FB1D</Data>
      <Data Name=""ParentProcessGuid"">{00000000-0000-0000-0000-000000000000}</Data>
      <Data Name=""ParentProcessId"">932</Data>
      <Data Name=""ParentImage"">-</Data>
      <Data Name=""ParentCommandLine"">-</Data>
      <Data Name=""ParentUser"">-</Data>
    </EventData>
    <RenderingInfo Culture=""en-US"">
      <Message>Process Create:

RuleName: -

UtcTime: 2023-12-28 09:45:43.689

ProcessGuid: {fda94052-43c7-658d-8402-000000000b00}

ProcessId: 3156

Image: C:\Windows\System32\SecurityHealth\1.0.2306.10002-0\SecurityHealthHost.exe

FileVersion: 10.0.25873.1001 (WinBuild.160101.0800)

Description: Windows Security Health Host

Product: Microsoft&#174; Windows&#174; Operating System

Company: Microsoft Corporation

OriginalFileName: SecurityHealthHost.exe

CommandLine: \\?\C:\Windows\System32\SecurityHealth\1.0.2306.10002-0\SecurityHealthHost.exe {08728914-3F57-4D52-9E31-49DAECA5A80A} -Embedding

CurrentDirectory: C:\Windows\system32\

User: WINDEV2309EVAL\User

LogonGuid: {fda94052-3502-658d-b367-080000000000}

LogonId: 0x867B3

TerminalSessionId: 1

IntegrityLevel: Medium

Hashes: MD5=193DC58240D8AC4EC1618FFAE14CAE71,SHA256=8D771C8A91614B85416B3EB328460E80183B38F2DC35C7A26578206AF145F419,IMPHASH=FBC9E5DE00516A75FFF7C4A11857FB1D

ParentProcessGuid: {00000000-0000-0000-0000-000000000000}

ParentProcessId: 932

ParentImage: -

ParentCommandLine: -

ParentUser: -</Message>
      <Level>Information</Level>
      <Task>Process Create (rule: ProcessCreate)</Task>
      <Opcode>Info</Opcode>
    </RenderingInfo>
  </Event>
  
"
Microsoft-Windows-Sysmon/Operational,taskhostw.exe -RegisterDevice -ProtectionStateChanged -FreeNetworkOnly,Microsoft Corporation,WinDev2309Eval,,C:\Windows\system32\,Host Process for Windows Tasks,,,,,,,1,9491,,10.0.22621.1635 (WinBuild.160101.0800),"MD5=4887A65FD4F6598AF4986CBC1C0E5488,SHA256=82472A84BCBB4009ADD338200F8E853FE4C5EAFE2E2C3A2D711B85BF29B72D54,IMPHASH=1C4E2D9936E4D9F2490B08AAB4D24260",C:\Windows\System32\taskhostw.exe,,System,0x8000000000000000,Information,{fda94052-34eb-658d-e703-000000000000},0x3e7,"Process Create:

RuleName: -

UtcTime: 2023-12-28 09:45:43.667

ProcessGuid: {fda94052-43c7-658d-8302-000000000b00}

ProcessId: 9652

Image: C:\Windows\System32\taskhostw.exe

FileVersion: 10.0.22621.1635 (WinBuild.160101.0800)

Description: Host Process for Windows Tasks

Product: Microsoft® Windows® Operating System

Company: Microsoft Corporation

OriginalFileName: taskhostw.exe

CommandLine: taskhostw.exe -RegisterDevice -ProtectionStateChanged -FreeNetworkOnly

CurrentDirectory: C:\Windows\system32\

User: NT AUTHORITY\SYSTEM

LogonGuid: {fda94052-34eb-658d-e703-000000000000}

LogonId: 0x3E7

TerminalSessionId: 0

IntegrityLevel: System

Hashes: MD5=4887A65FD4F6598AF4986CBC1C0E5488,SHA256=82472A84BCBB4009ADD338200F8E853FE4C5EAFE2E2C3A2D711B85BF29B72D54,IMPHASH=1C4E2D9936E4D9F2490B08AAB4D24260

ParentProcessGuid: {00000000-0000-0000-0000-000000000000}

ParentProcessId: 1900

ParentImage: -

ParentCommandLine: -

ParentUser: -",Info,taskhostw.exe,-,-,{00000000-0000-0000-0000-000000000000},1900,-,{fda94052-43c7-658d-8302-000000000b00},7044,9652,Microsoft® Windows® Operating System,,,,,"
      ",-,,,,,,2023-12-28T09:45:43.6691733Z,,,Process Create (rule: ProcessCreate),0,6672,NT AUTHORITY\SYSTEM,S-1-5-18,2023-12-28 09:45:43.667,5,"<Event xmlns=""http://schemas.microsoft.com/win/2004/08/events/event"">
    <System>
      <Provider Name=""Microsoft-Windows-Sysmon"" Guid=""{5770385f-c22a-43e0-bf4c-06f5698ffbd9}""/>
      <EventID>1</EventID>
      <Version>5</Version>
      <Level>4</Level>
      <Task>1</Task>
      <Opcode>0</Opcode>
      <Keywords>0x8000000000000000</Keywords>
      <TimeCreated SystemTime=""2023-12-28T09:45:43.6691733Z""/>
      <EventRecordID>9491</EventRecordID>
      <Correlation/>
      <Execution ProcessID=""7044"" ThreadID=""6672""/>
      <Channel>Microsoft-Windows-Sysmon/Operational</Channel>
      <Computer>WinDev2309Eval</Computer>
      <Security UserID=""S-1-5-18""/>
    </System>
    <EventData>
      <Data Name=""RuleName"">-</Data>
      <Data Name=""UtcTime"">2023-12-28 09:45:43.667</Data>
      <Data Name=""ProcessGuid"">{fda94052-43c7-658d-8302-000000000b00}</Data>
      <Data Name=""ProcessId"">9652</Data>
      <Data Name=""Image"">C:\Windows\System32\taskhostw.exe</Data>
      <Data Name=""FileVersion"">10.0.22621.1635 (WinBuild.160101.0800)</Data>
      <Data Name=""Description"">Host Process for Windows Tasks</Data>
      <Data Name=""Product"">Microsoft&#174; Windows&#174; Operating System</Data>
      <Data Name=""Company"">Microsoft Corporation</Data>
      <Data Name=""OriginalFileName"">taskhostw.exe</Data>
      <Data Name=""CommandLine"">taskhostw.exe -RegisterDevice -ProtectionStateChanged -FreeNetworkOnly</Data>
      <Data Name=""CurrentDirectory"">C:\Windows\system32\</Data>
      <Data Name=""User"">NT AUTHORITY\SYSTEM</Data>
      <Data Name=""LogonGuid"">{fda94052-34eb-658d-e703-000000000000}</Data>
      <Data Name=""LogonId"">0x3e7</Data>
      <Data Name=""TerminalSessionId"">0</Data>
      <Data Name=""IntegrityLevel"">System</Data>
      <Data Name=""Hashes"">MD5=4887A65FD4F6598AF4986CBC1C0E5488,SHA256=82472A84BCBB4009ADD338200F8E853FE4C5EAFE2E2C3A2D711B85BF29B72D54,IMPHASH=1C4E2D9936E4D9F2490B08AAB4D24260</Data>
      <Data Name=""ParentProcessGuid"">{00000000-0000-0000-0000-000000000000}</Data>
      <Data Name=""ParentProcessId"">1900</Data>
      <Data Name=""ParentImage"">-</Data>
      <Data Name=""ParentCommandLine"">-</Data>
      <Data Name=""ParentUser"">-</Data>
    </EventData>
    <RenderingInfo Culture=""en-US"">
      <Message>Process Create:

RuleName: -

UtcTime: 2023-12-28 09:45:43.667

ProcessGuid: {fda94052-43c7-658d-8302-000000000b00}

ProcessId: 9652

Image: C:\Windows\System32\taskhostw.exe

FileVersion: 10.0.22621.1635 (WinBuild.160101.0800)

Description: Host Process for Windows Tasks

Product: Microsoft&#174; Windows&#174; Operating System

Company: Microsoft Corporation

OriginalFileName: taskhostw.exe

CommandLine: taskhostw.exe -RegisterDevice -ProtectionStateChanged -FreeNetworkOnly

CurrentDirectory: C:\Windows\system32\

User: NT AUTHORITY\SYSTEM

LogonGuid: {fda94052-34eb-658d-e703-000000000000}

LogonId: 0x3E7

TerminalSessionId: 0

IntegrityLevel: System

Hashes: MD5=4887A65FD4F6598AF4986CBC1C0E5488,SHA256=82472A84BCBB4009ADD338200F8E853FE4C5EAFE2E2C3A2D711B85BF29B72D54,IMPHASH=1C4E2D9936E4D9F2490B08AAB4D24260

ParentProcessGuid: {00000000-0000-0000-0000-000000000000}

ParentProcessId: 1900

ParentImage: -

ParentCommandLine: -

ParentUser: -</Message>
      <Level>Information</Level>
      <Task>Process Create (rule: ProcessCreate)</Task>
      <Opcode>Info</Opcode>
    </RenderingInfo>
  </Event>
  
"
Microsoft-Windows-Sysmon/Operational,,,WinDev2309Eval,,,,,,,,,,22,9490,,,,C:\Windows\system32\svchost.exe,,,0x8000000000000000,Information,,,"Dns query:

RuleName: -

UtcTime: 2023-12-27 23:54:39.889

ProcessGuid: {fda94052-34f2-658d-3f00-000000000b00}

ProcessId: 2948

QueryName: wpad

QueryStatus: 1460

QueryResults: -

Image: C:\Windows\system32\svchost.exe

User: NT AUTHORITY\LOCAL SERVICE",Info,,,,,,,{fda94052-34f2-658d-3f00-000000000b00},7044,2948,,,wpad,-,1460,"
      ",-,,,,,,2023-12-28T09:45:35.4227627Z,,,Dns query (rule: DnsQuery),,1124,NT AUTHORITY\LOCAL SERVICE,S-1-5-18,2023-12-27 23:54:39.889,5,"<Event xmlns=""http://schemas.microsoft.com/win/2004/08/events/event"">
    <System>
      <Provider Name=""Microsoft-Windows-Sysmon"" Guid=""{5770385f-c22a-43e0-bf4c-06f5698ffbd9}""/>
      <EventID>22</EventID>
      <Version>5</Version>
      <Level>4</Level>
      <Task>22</Task>
      <Opcode>0</Opcode>
      <Keywords>0x8000000000000000</Keywords>
      <TimeCreated SystemTime=""2023-12-28T09:45:35.4227627Z""/>
      <EventRecordID>9490</EventRecordID>
      <Correlation/>
      <Execution ProcessID=""7044"" ThreadID=""1124""/>
      <Channel>Microsoft-Windows-Sysmon/Operational</Channel>
      <Computer>WinDev2309Eval</Computer>
      <Security UserID=""S-1-5-18""/>
    </System>
    <EventData>
      <Data Name=""RuleName"">-</Data>
      <Data Name=""UtcTime"">2023-12-27 23:54:39.889</Data>
      <Data Name=""ProcessGuid"">{fda94052-34f2-658d-3f00-000000000b00}</Data>
      <Data Name=""ProcessId"">2948</Data>
      <Data Name=""QueryName"">wpad</Data>
      <Data Name=""QueryStatus"">1460</Data>
      <Data Name=""QueryResults"">-</Data>
      <Data Name=""Image"">C:\Windows\system32\svchost.exe</Data>
      <Data Name=""User"">NT AUTHORITY\LOCAL SERVICE</Data>
    </EventData>
    <RenderingInfo Culture=""en-US"">
      <Message>Dns query:

RuleName: -

UtcTime: 2023-12-27 23:54:39.889

ProcessGuid: {fda94052-34f2-658d-3f00-000000000b00}

ProcessId: 2948

QueryName: wpad

QueryStatus: 1460

QueryResults: -

Image: C:\Windows\system32\svchost.exe

User: NT AUTHORITY\LOCAL SERVICE</Message>
      <Level>Information</Level>
      <Task>Dns query (rule: DnsQuery)</Task>
      <Opcode>Info</Opcode>
    </RenderingInfo>
  </Event>
  
"
Microsoft-Windows-Sysmon/Operational,"""C:\Program Files (x86)\Microsoft\EdgeWebView\Application\120.0.2210.91\msedgewebview2.exe"" --type=utility --utility-sub-type=unzip.mojom.Unzipper --lang=en-US --service-sandbox-type=service --noerrdialogs --user-data-dir=""C:\Users\User\AppData\Local\Packages\MicrosoftWindows.Client.WebExperience_cw5n1h2txyewy\LocalState\EBWebView"" --webview-exe-name=Widgets.exe --webview-exe-version=421.20070.1820.0 --embedded-browser-webview=1 --mojo-platform-channel-handle=4712 --field-trial-handle=1784,i,2295490780030403019,2821906385101450000,262144 --enable-features=MojoIpcz,UseBackgroundNativeThreadPool,UseNativeThreadPool,msWebView2TreatAppSuspendAsDeviceSuspend --variations-seed-version /prefetch:8 /pfhostedapp:017373b2a5c4ead1a08d36a47bf86195c1909a61",Microsoft Corporation,WinDev2309Eval,,C:\Program Files (x86)\Microsoft\EdgeWebView\Application\120.0.2210.91\,Microsoft Edge WebView2,,,,,,,1,9489,,120.0.2210.91,"MD5=8094151812FF45079C840986A0489C78,SHA256=6A4E8A5761C51840CE988C9241B514028A5E45FDB386B072DB0447E3961E3A06,IMPHASH=EA4CA1F8E3B3D9373D39C13FD1348A63",C:\Program Files (x86)\Microsoft\EdgeWebView\Application\120.0.2210.91\msedgewebview2.exe,,Low,0x8000000000000000,Information,{fda94052-3502-658d-b367-080000000000},0x867b3,"Process Create:

RuleName: -

UtcTime: 2023-12-28 09:45:26.237

ProcessGuid: {fda94052-43b6-658d-8102-000000000b00}

ProcessId: 9568

Image: C:\Program Files (x86)\Microsoft\EdgeWebView\Application\120.0.2210.91\msedgewebview2.exe

FileVersion: 120.0.2210.91

Description: Microsoft Edge WebView2

Product: Microsoft Edge WebView2

Company: Microsoft Corporation

OriginalFileName: msedgewebview2.exe

CommandLine: ""C:\Program Files (x86)\Microsoft\EdgeWebView\Application\120.0.2210.91\msedgewebview2.exe"" --type=utility --utility-sub-type=unzip.mojom.Unzipper --lang=en-US --service-sandbox-type=service --noerrdialogs --user-data-dir=""C:\Users\User\AppData\Local\Packages\MicrosoftWindows.Client.WebExperience_cw5n1h2txyewy\LocalState\EBWebView"" --webview-exe-name=Widgets.exe --webview-exe-version=421.20070.1820.0 --embedded-browser-webview=1 --mojo-platform-channel-handle=4712 --field-trial-handle=1784,i,2295490780030403019,2821906385101450000,262144 --enable-features=MojoIpcz,UseBackgroundNativeThreadPool,UseNativeThreadPool,msWebView2TreatAppSuspendAsDeviceSuspend --variations-seed-version /prefetch:8 /pfhostedapp:017373b2a5c4ead1a08d36a47bf86195c1909a61

CurrentDirectory: C:\Program Files (x86)\Microsoft\EdgeWebView\Application\120.0.2210.91\

User: WINDEV2309EVAL\User

LogonGuid: {fda94052-3502-658d-b367-080000000000}

LogonId: 0x867B3

TerminalSessionId: 1

IntegrityLevel: Low

Hashes: MD5=8094151812FF45079C840986A0489C78,SHA256=6A4E8A5761C51840CE988C9241B514028A5E45FDB386B072DB0447E3961E3A06,IMPHASH=EA4CA1F8E3B3D9373D39C13FD1348A63

ParentProcessGuid: {fda94052-b85d-658c-1702-000000000b00}

ParentProcessId: 4184

ParentImage: C:\Program Files (x86)\Microsoft\EdgeWebView\Application\120.0.2210.91\msedgewebview2.exe

ParentCommandLine: ""C:\Program Files (x86)\Microsoft\EdgeWebView\Application\120.0.2210.91\msedgewebview2.exe"" --embedded-browser-webview=1 --webview-exe-name=Widgets.exe --webview-exe-version=421.20070.1820.0 --user-data-dir=""C:\Users\User\AppData\Local\Packages\MicrosoftWindows.Client.WebExperience_cw5n1h2txyewy\LocalState\EBWebView"" --noerrdialogs --disk-cache-size=52428800 --edge-webview-is-background --enable-features=MojoIpcz,msWebView2TreatAppSuspendAsDeviceSuspend,UseNativeThreadPool,UseBackgroundNativeThreadPool --lang=en-US --accept-lang=en-US --mojo-named-platform-channel-pipe=8112.2288.17893317180732402091 /pfhostedapp:017373b2a5c4ead1a08d36a47bf86195c1909a61

ParentUser: WINDEV2309EVAL\User",Info,msedgewebview2.exe,"""C:\Program Files (x86)\Microsoft\EdgeWebView\Application\120.0.2210.91\msedgewebview2.exe"" --embedded-browser-webview=1 --webview-exe-name=Widgets.exe --webview-exe-version=421.20070.1820.0 --user-data-dir=""C:\Users\User\AppData\Local\Packages\MicrosoftWindows.Client.WebExperience_cw5n1h2txyewy\LocalState\EBWebView"" --noerrdialogs --disk-cache-size=52428800 --edge-webview-is-background --enable-features=MojoIpcz,msWebView2TreatAppSuspendAsDeviceSuspend,UseNativeThreadPool,UseBackgroundNativeThreadPool --lang=en-US --accept-lang=en-US --mojo-named-platform-channel-pipe=8112.2288.17893317180732402091 /pfhostedapp:017373b2a5c4ead1a08d36a47bf86195c1909a61",C:\Program Files (x86)\Microsoft\EdgeWebView\Application\120.0.2210.91\msedgewebview2.exe,{fda94052-b85d-658c-1702-000000000b00},4184,WINDEV2309EVAL\User,{fda94052-43b6-658d-8102-000000000b00},7044,9568,Microsoft Edge WebView2,,,,,"
      ",-,,,,,,2023-12-28T09:45:26.2383336Z,,,Process Create (rule: ProcessCreate),1,6672,WINDEV2309EVAL\User,S-1-5-18,2023-12-28 09:45:26.237,5,"<Event xmlns=""http://schemas.microsoft.com/win/2004/08/events/event"">
    <System>
      <Provider Name=""Microsoft-Windows-Sysmon"" Guid=""{5770385f-c22a-43e0-bf4c-06f5698ffbd9}""/>
      <EventID>1</EventID>
      <Version>5</Version>
      <Level>4</Level>
      <Task>1</Task>
      <Opcode>0</Opcode>
      <Keywords>0x8000000000000000</Keywords>
      <TimeCreated SystemTime=""2023-12-28T09:45:26.2383336Z""/>
      <EventRecordID>9489</EventRecordID>
      <Correlation/>
      <Execution ProcessID=""7044"" ThreadID=""6672""/>
      <Channel>Microsoft-Windows-Sysmon/Operational</Channel>
      <Computer>WinDev2309Eval</Computer>
      <Security UserID=""S-1-5-18""/>
    </System>
    <EventData>
      <Data Name=""RuleName"">-</Data>
      <Data Name=""UtcTime"">2023-12-28 09:45:26.237</Data>
      <Data Name=""ProcessGuid"">{fda94052-43b6-658d-8102-000000000b00}</Data>
      <Data Name=""ProcessId"">9568</Data>
      <Data Name=""Image"">C:\Program Files (x86)\Microsoft\EdgeWebView\Application\120.0.2210.91\msedgewebview2.exe</Data>
      <Data Name=""FileVersion"">120.0.2210.91</Data>
      <Data Name=""Description"">Microsoft Edge WebView2</Data>
      <Data Name=""Product"">Microsoft Edge WebView2</Data>
      <Data Name=""Company"">Microsoft Corporation</Data>
      <Data Name=""OriginalFileName"">msedgewebview2.exe</Data>
      <Data Name=""CommandLine"">""C:\Program Files (x86)\Microsoft\EdgeWebView\Application\120.0.2210.91\msedgewebview2.exe"" --type=utility --utility-sub-type=unzip.mojom.Unzipper --lang=en-US --service-sandbox-type=service --noerrdialogs --user-data-dir=""C:\Users\User\AppData\Local\Packages\MicrosoftWindows.Client.WebExperience_cw5n1h2txyewy\LocalState\EBWebView"" --webview-exe-name=Widgets.exe --webview-exe-version=421.20070.1820.0 --embedded-browser-webview=1 --mojo-platform-channel-handle=4712 --field-trial-handle=1784,i,2295490780030403019,2821906385101450000,262144 --enable-features=MojoIpcz,UseBackgroundNativeThreadPool,UseNativeThreadPool,msWebView2TreatAppSuspendAsDeviceSuspend --variations-seed-version /prefetch:8 /pfhostedapp:017373b2a5c4ead1a08d36a47bf86195c1909a61</Data>
      <Data Name=""CurrentDirectory"">C:\Program Files (x86)\Microsoft\EdgeWebView\Application\120.0.2210.91\</Data>
      <Data Name=""User"">WINDEV2309EVAL\User</Data>
      <Data Name=""LogonGuid"">{fda94052-3502-658d-b367-080000000000}</Data>
      <Data Name=""LogonId"">0x867b3</Data>
      <Data Name=""TerminalSessionId"">1</Data>
      <Data Name=""IntegrityLevel"">Low</Data>
      <Data Name=""Hashes"">MD5=8094151812FF45079C840986A0489C78,SHA256=6A4E8A5761C51840CE988C9241B514028A5E45FDB386B072DB0447E3961E3A06,IMPHASH=EA4CA1F8E3B3D9373D39C13FD1348A63</Data>
      <Data Name=""ParentProcessGuid"">{fda94052-b85d-658c-1702-000000000b00}</Data>
      <Data Name=""ParentProcessId"">4184</Data>
      <Data Name=""ParentImage"">C:\Program Files (x86)\Microsoft\EdgeWebView\Application\120.0.2210.91\msedgewebview2.exe</Data>
      <Data Name=""ParentCommandLine"">""C:\Program Files (x86)\Microsoft\EdgeWebView\Application\120.0.2210.91\msedgewebview2.exe"" --embedded-browser-webview=1 --webview-exe-name=Widgets.exe --webview-exe-version=421.20070.1820.0 --user-data-dir=""C:\Users\User\AppData\Local\Packages\MicrosoftWindows.Client.WebExperience_cw5n1h2txyewy\LocalState\EBWebView"" --noerrdialogs --disk-cache-size=52428800 --edge-webview-is-background --enable-features=MojoIpcz,msWebView2TreatAppSuspendAsDeviceSuspend,UseNativeThreadPool,UseBackgroundNativeThreadPool --lang=en-US --accept-lang=en-US --mojo-named-platform-channel-pipe=8112.2288.17893317180732402091 /pfhostedapp:017373b2a5c4ead1a08d36a47bf86195c1909a61</Data>
      <Data Name=""ParentUser"">WINDEV2309EVAL\User</Data>
    </EventData>
    <RenderingInfo Culture=""en-US"">
      <Message>Process Create:

RuleName: -

UtcTime: 2023-12-28 09:45:26.237

ProcessGuid: {fda94052-43b6-658d-8102-000000000b00}

ProcessId: 9568

Image: C:\Program Files (x86)\Microsoft\EdgeWebView\Application\120.0.2210.91\msedgewebview2.exe

FileVersion: 120.0.2210.91

Description: Microsoft Edge WebView2

Product: Microsoft Edge WebView2

Company: Microsoft Corporation

OriginalFileName: msedgewebview2.exe

CommandLine: ""C:\Program Files (x86)\Microsoft\EdgeWebView\Application\120.0.2210.91\msedgewebview2.exe"" --type=utility --utility-sub-type=unzip.mojom.Unzipper --lang=en-US --service-sandbox-type=service --noerrdialogs --user-data-dir=""C:\Users\User\AppData\Local\Packages\MicrosoftWindows.Client.WebExperience_cw5n1h2txyewy\LocalState\EBWebView"" --webview-exe-name=Widgets.exe --webview-exe-version=421.20070.1820.0 --embedded-browser-webview=1 --mojo-platform-channel-handle=4712 --field-trial-handle=1784,i,2295490780030403019,2821906385101450000,262144 --enable-features=MojoIpcz,UseBackgroundNativeThreadPool,UseNativeThreadPool,msWebView2TreatAppSuspendAsDeviceSuspend --variations-seed-version /prefetch:8 /pfhostedapp:017373b2a5c4ead1a08d36a47bf86195c1909a61

CurrentDirectory: C:\Program Files (x86)\Microsoft\EdgeWebView\Application\120.0.2210.91\

User: WINDEV2309EVAL\User

LogonGuid: {fda94052-3502-658d-b367-080000000000}

LogonId: 0x867B3

TerminalSessionId: 1

IntegrityLevel: Low

Hashes: MD5=8094151812FF45079C840986A0489C78,SHA256=6A4E8A5761C51840CE988C9241B514028A5E45FDB386B072DB0447E3961E3A06,IMPHASH=EA4CA1F8E3B3D9373D39C13FD1348A63

ParentProcessGuid: {fda94052-b85d-658c-1702-000000000b00}

ParentProcessId: 4184

ParentImage: C:\Program Files (x86)\Microsoft\EdgeWebView\Application\120.0.2210.91\msedgewebview2.exe

ParentCommandLine: ""C:\Program Files (x86)\Microsoft\EdgeWebView\Application\120.0.2210.91\msedgewebview2.exe"" --embedded-browser-webview=1 --webview-exe-name=Widgets.exe --webview-exe-version=421.20070.1820.0 --user-data-dir=""C:\Users\User\AppData\Local\Packages\MicrosoftWindows.Client.WebExperience_cw5n1h2txyewy\LocalState\EBWebView"" --noerrdialogs --disk-cache-size=52428800 --edge-webview-is-background --enable-features=MojoIpcz,msWebView2TreatAppSuspendAsDeviceSuspend,UseNativeThreadPool,UseBackgroundNativeThreadPool --lang=en-US --accept-lang=en-US --mojo-named-platform-channel-pipe=8112.2288.17893317180732402091 /pfhostedapp:017373b2a5c4ead1a08d36a47bf86195c1909a61

ParentUser: WINDEV2309EVAL\User</Message>
      <Level>Information</Level>
      <Task>Process Create (rule: ProcessCreate)</Task>
      <Opcode>Info</Opcode>
    </RenderingInfo>
  </Event>
  
"
Microsoft-Windows-Sysmon/Operational,,,WinDev2309Eval,,,,,,,,,,22,9488,,,,C:\Windows\system32\svchost.exe,,,0x8000000000000000,Information,,,"Dns query:

RuleName: -

UtcTime: 2023-12-27 23:54:25.268

ProcessGuid: {fda94052-34f2-658d-3f00-000000000b00}

ProcessId: 2948

QueryName: wpad

QueryStatus: 1460

QueryResults: -

Image: C:\Windows\system32\svchost.exe

User: NT AUTHORITY\LOCAL SERVICE",Info,,,,,,,{fda94052-34f2-658d-3f00-000000000b00},7044,2948,,,wpad,-,1460,"
      ",-,,,,,,2023-12-28T09:45:22.1651380Z,,,Dns query (rule: DnsQuery),,1124,NT AUTHORITY\LOCAL SERVICE,S-1-5-18,2023-12-27 23:54:25.268,5,"<Event xmlns=""http://schemas.microsoft.com/win/2004/08/events/event"">
    <System>
      <Provider Name=""Microsoft-Windows-Sysmon"" Guid=""{5770385f-c22a-43e0-bf4c-06f5698ffbd9}""/>
      <EventID>22</EventID>
      <Version>5</Version>
      <Level>4</Level>
      <Task>22</Task>
      <Opcode>0</Opcode>
      <Keywords>0x8000000000000000</Keywords>
      <TimeCreated SystemTime=""2023-12-28T09:45:22.1651380Z""/>
      <EventRecordID>9488</EventRecordID>
      <Correlation/>
      <Execution ProcessID=""7044"" ThreadID=""1124""/>
      <Channel>Microsoft-Windows-Sysmon/Operational</Channel>
      <Computer>WinDev2309Eval</Computer>
      <Security UserID=""S-1-5-18""/>
    </System>
    <EventData>
      <Data Name=""RuleName"">-</Data>
      <Data Name=""UtcTime"">2023-12-27 23:54:25.268</Data>
      <Data Name=""ProcessGuid"">{fda94052-34f2-658d-3f00-000000000b00}</Data>
      <Data Name=""ProcessId"">2948</Data>
      <Data Name=""QueryName"">wpad</Data>
      <Data Name=""QueryStatus"">1460</Data>
      <Data Name=""QueryResults"">-</Data>
      <Data Name=""Image"">C:\Windows\system32\svchost.exe</Data>
      <Data Name=""User"">NT AUTHORITY\LOCAL SERVICE</Data>
    </EventData>
    <RenderingInfo Culture=""en-US"">
      <Message>Dns query:

RuleName: -

UtcTime: 2023-12-27 23:54:25.268

ProcessGuid: {fda94052-34f2-658d-3f00-000000000b00}

ProcessId: 2948

QueryName: wpad

QueryStatus: 1460

QueryResults: -

Image: C:\Windows\system32\svchost.exe

User: NT AUTHORITY\LOCAL SERVICE</Message>
      <Level>Information</Level>
      <Task>Dns query (rule: DnsQuery)</Task>
      <Opcode>Info</Opcode>
    </RenderingInfo>
  </Event>
  
"
Microsoft-Windows-Sysmon/Operational,,,WinDev2309Eval,,,,,,,,,,22,9487,,,,C:\Windows\system32\svchost.exe,,,0x8000000000000000,Information,,,"Dns query:

RuleName: -

UtcTime: 2023-12-27 23:54:23.575

ProcessGuid: {fda94052-34f2-658d-2a00-000000000b00}

ProcessId: 1928

QueryName: WINDEV2309EVAL.

QueryStatus: 0

QueryResults: fe80::999c:955f:96ba:d8a1;fe80::e140:ce54:c800:647e;::ffff:192.168.36.131;::ffff:192.168.126.164;

Image: C:\Windows\system32\svchost.exe

User: NT AUTHORITY\NETWORK SERVICE",Info,,,,,,,{fda94052-34f2-658d-2a00-000000000b00},7044,1928,,,WINDEV2309EVAL.,fe80::999c:955f:96ba:d8a1;fe80::e140:ce54:c800:647e;::ffff:192.168.36.131;::ffff:192.168.126.164;,0,"
      ",-,,,,,,2023-12-28T09:45:20.0208063Z,,,Dns query (rule: DnsQuery),,1124,NT AUTHORITY\NETWORK SERVICE,S-1-5-18,2023-12-27 23:54:23.575,5,"<Event xmlns=""http://schemas.microsoft.com/win/2004/08/events/event"">
    <System>
      <Provider Name=""Microsoft-Windows-Sysmon"" Guid=""{5770385f-c22a-43e0-bf4c-06f5698ffbd9}""/>
      <EventID>22</EventID>
      <Version>5</Version>
      <Level>4</Level>
      <Task>22</Task>
      <Opcode>0</Opcode>
      <Keywords>0x8000000000000000</Keywords>
      <TimeCreated SystemTime=""2023-12-28T09:45:20.0208063Z""/>
      <EventRecordID>9487</EventRecordID>
      <Correlation/>
      <Execution ProcessID=""7044"" ThreadID=""1124""/>
      <Channel>Microsoft-Windows-Sysmon/Operational</Channel>
      <Computer>WinDev2309Eval</Computer>
      <Security UserID=""S-1-5-18""/>
    </System>
    <EventData>
      <Data Name=""RuleName"">-</Data>
      <Data Name=""UtcTime"">2023-12-27 23:54:23.575</Data>
      <Data Name=""ProcessGuid"">{fda94052-34f2-658d-2a00-000000000b00}</Data>
      <Data Name=""ProcessId"">1928</Data>
      <Data Name=""QueryName"">WINDEV2309EVAL.</Data>
      <Data Name=""QueryStatus"">0</Data>
      <Data Name=""QueryResults"">fe80::999c:955f:96ba:d8a1;fe80::e140:ce54:c800:647e;::ffff:192.168.36.131;::ffff:192.168.126.164;</Data>
      <Data Name=""Image"">C:\Windows\system32\svchost.exe</Data>
      <Data Name=""User"">NT AUTHORITY\NETWORK SERVICE</Data>
    </EventData>
    <RenderingInfo Culture=""en-US"">
      <Message>Dns query:

RuleName: -

UtcTime: 2023-12-27 23:54:23.575

ProcessGuid: {fda94052-34f2-658d-2a00-000000000b00}

ProcessId: 1928

QueryName: WINDEV2309EVAL.

QueryStatus: 0

QueryResults: fe80::999c:955f:96ba:d8a1;fe80::e140:ce54:c800:647e;::ffff:192.168.36.131;::ffff:192.168.126.164;

Image: C:\Windows\system32\svchost.exe

User: NT AUTHORITY\NETWORK SERVICE</Message>
      <Level>Information</Level>
      <Task>Dns query (rule: DnsQuery)</Task>
      <Opcode>Info</Opcode>
    </RenderingInfo>
  </Event>
  
"
Microsoft-Windows-Sysmon/Operational,,,WinDev2309Eval,,,,,,,,,,22,9486,,,,C:\Windows\system32\svchost.exe,,,0x8000000000000000,Information,,,"Dns query:

RuleName: -

UtcTime: 2023-12-27 23:54:23.571

ProcessGuid: {fda94052-34f2-658d-2a00-000000000b00}

ProcessId: 1928

QueryName: WINDEV2309EVAL.

QueryStatus: 0

QueryResults: fe80::999c:955f:96ba:d8a1;fe80::e140:ce54:c800:647e;::ffff:192.168.36.131;::ffff:192.168.126.164;

Image: C:\Windows\system32\svchost.exe

User: NT AUTHORITY\NETWORK SERVICE",Info,,,,,,,{fda94052-34f2-658d-2a00-000000000b00},7044,1928,,,WINDEV2309EVAL.,fe80::999c:955f:96ba:d8a1;fe80::e140:ce54:c800:647e;::ffff:192.168.36.131;::ffff:192.168.126.164;,0,"
      ",-,,,,,,2023-12-28T09:45:20.0196703Z,,,Dns query (rule: DnsQuery),,1124,NT AUTHORITY\NETWORK SERVICE,S-1-5-18,2023-12-27 23:54:23.571,5,"<Event xmlns=""http://schemas.microsoft.com/win/2004/08/events/event"">
    <System>
      <Provider Name=""Microsoft-Windows-Sysmon"" Guid=""{5770385f-c22a-43e0-bf4c-06f5698ffbd9}""/>
      <EventID>22</EventID>
      <Version>5</Version>
      <Level>4</Level>
      <Task>22</Task>
      <Opcode>0</Opcode>
      <Keywords>0x8000000000000000</Keywords>
      <TimeCreated SystemTime=""2023-12-28T09:45:20.0196703Z""/>
      <EventRecordID>9486</EventRecordID>
      <Correlation/>
      <Execution ProcessID=""7044"" ThreadID=""1124""/>
      <Channel>Microsoft-Windows-Sysmon/Operational</Channel>
      <Computer>WinDev2309Eval</Computer>
      <Security UserID=""S-1-5-18""/>
    </System>
    <EventData>
      <Data Name=""RuleName"">-</Data>
      <Data Name=""UtcTime"">2023-12-27 23:54:23.571</Data>
      <Data Name=""ProcessGuid"">{fda94052-34f2-658d-2a00-000000000b00}</Data>
      <Data Name=""ProcessId"">1928</Data>
      <Data Name=""QueryName"">WINDEV2309EVAL.</Data>
      <Data Name=""QueryStatus"">0</Data>
      <Data Name=""QueryResults"">fe80::999c:955f:96ba:d8a1;fe80::e140:ce54:c800:647e;::ffff:192.168.36.131;::ffff:192.168.126.164;</Data>
      <Data Name=""Image"">C:\Windows\system32\svchost.exe</Data>
      <Data Name=""User"">NT AUTHORITY\NETWORK SERVICE</Data>
    </EventData>
    <RenderingInfo Culture=""en-US"">
      <Message>Dns query:

RuleName: -

UtcTime: 2023-12-27 23:54:23.571

ProcessGuid: {fda94052-34f2-658d-2a00-000000000b00}

ProcessId: 1928

QueryName: WINDEV2309EVAL.

QueryStatus: 0

QueryResults: fe80::999c:955f:96ba:d8a1;fe80::e140:ce54:c800:647e;::ffff:192.168.36.131;::ffff:192.168.126.164;

Image: C:\Windows\system32\svchost.exe

User: NT AUTHORITY\NETWORK SERVICE</Message>
      <Level>Information</Level>
      <Task>Dns query (rule: DnsQuery)</Task>
      <Opcode>Info</Opcode>
    </RenderingInfo>
  </Event>
  
"
Microsoft-Windows-Sysmon/Operational,,,WinDev2309Eval,,,,,,,,,,22,9485,,,,C:\Windows\system32\svchost.exe,,,0x8000000000000000,Information,,,"Dns query:

RuleName: -

UtcTime: 2023-12-27 23:54:23.522

ProcessGuid: {fda94052-34f2-658d-2a00-000000000b00}

ProcessId: 1928

QueryName: WINDEV2309EVAL.

QueryStatus: 0

QueryResults: fe80::999c:955f:96ba:d8a1;fe80::e140:ce54:c800:647e;::ffff:192.168.36.131;::ffff:192.168.126.164;

Image: C:\Windows\system32\svchost.exe

User: NT AUTHORITY\NETWORK SERVICE",Info,,,,,,,{fda94052-34f2-658d-2a00-000000000b00},7044,1928,,,WINDEV2309EVAL.,fe80::999c:955f:96ba:d8a1;fe80::e140:ce54:c800:647e;::ffff:192.168.36.131;::ffff:192.168.126.164;,0,"
      ",-,,,,,,2023-12-28T09:45:20.0184615Z,,,Dns query (rule: DnsQuery),,1124,NT AUTHORITY\NETWORK SERVICE,S-1-5-18,2023-12-27 23:54:23.522,5,"<Event xmlns=""http://schemas.microsoft.com/win/2004/08/events/event"">
    <System>
      <Provider Name=""Microsoft-Windows-Sysmon"" Guid=""{5770385f-c22a-43e0-bf4c-06f5698ffbd9}""/>
      <EventID>22</EventID>
      <Version>5</Version>
      <Level>4</Level>
      <Task>22</Task>
      <Opcode>0</Opcode>
      <Keywords>0x8000000000000000</Keywords>
      <TimeCreated SystemTime=""2023-12-28T09:45:20.0184615Z""/>
      <EventRecordID>9485</EventRecordID>
      <Correlation/>
      <Execution ProcessID=""7044"" ThreadID=""1124""/>
      <Channel>Microsoft-Windows-Sysmon/Operational</Channel>
      <Computer>WinDev2309Eval</Computer>
      <Security UserID=""S-1-5-18""/>
    </System>
    <EventData>
      <Data Name=""RuleName"">-</Data>
      <Data Name=""UtcTime"">2023-12-27 23:54:23.522</Data>
      <Data Name=""ProcessGuid"">{fda94052-34f2-658d-2a00-000000000b00}</Data>
      <Data Name=""ProcessId"">1928</Data>
      <Data Name=""QueryName"">WINDEV2309EVAL.</Data>
      <Data Name=""QueryStatus"">0</Data>
      <Data Name=""QueryResults"">fe80::999c:955f:96ba:d8a1;fe80::e140:ce54:c800:647e;::ffff:192.168.36.131;::ffff:192.168.126.164;</Data>
      <Data Name=""Image"">C:\Windows\system32\svchost.exe</Data>
      <Data Name=""User"">NT AUTHORITY\NETWORK SERVICE</Data>
    </EventData>
    <RenderingInfo Culture=""en-US"">
      <Message>Dns query:

RuleName: -

UtcTime: 2023-12-27 23:54:23.522

ProcessGuid: {fda94052-34f2-658d-2a00-000000000b00}

ProcessId: 1928

QueryName: WINDEV2309EVAL.

QueryStatus: 0

QueryResults: fe80::999c:955f:96ba:d8a1;fe80::e140:ce54:c800:647e;::ffff:192.168.36.131;::ffff:192.168.126.164;

Image: C:\Windows\system32\svchost.exe

User: NT AUTHORITY\NETWORK SERVICE</Message>
      <Level>Information</Level>
      <Task>Dns query (rule: DnsQuery)</Task>
      <Opcode>Info</Opcode>
    </RenderingInfo>
  </Event>
  
"
Microsoft-Windows-Sysmon/Operational,,,WinDev2309Eval,,,,,,,,,,22,9484,,,,C:\Windows\system32\svchost.exe,,,0x8000000000000000,Information,,,"Dns query:

RuleName: -

UtcTime: 2023-12-27 23:54:22.859

ProcessGuid: {fda94052-34f2-658d-3f00-000000000b00}

ProcessId: 2948

QueryName: wpad

QueryStatus: 1460

QueryResults: -

Image: C:\Windows\system32\svchost.exe

User: NT AUTHORITY\LOCAL SERVICE",Info,,,,,,,{fda94052-34f2-658d-3f00-000000000b00},7044,2948,,,wpad,-,1460,"
      ",-,,,,,,2023-12-28T09:45:19.0042610Z,,,Dns query (rule: DnsQuery),,1124,NT AUTHORITY\LOCAL SERVICE,S-1-5-18,2023-12-27 23:54:22.859,5,"<Event xmlns=""http://schemas.microsoft.com/win/2004/08/events/event"">
    <System>
      <Provider Name=""Microsoft-Windows-Sysmon"" Guid=""{5770385f-c22a-43e0-bf4c-06f5698ffbd9}""/>
      <EventID>22</EventID>
      <Version>5</Version>
      <Level>4</Level>
      <Task>22</Task>
      <Opcode>0</Opcode>
      <Keywords>0x8000000000000000</Keywords>
      <TimeCreated SystemTime=""2023-12-28T09:45:19.0042610Z""/>
      <EventRecordID>9484</EventRecordID>
      <Correlation/>
      <Execution ProcessID=""7044"" ThreadID=""1124""/>
      <Channel>Microsoft-Windows-Sysmon/Operational</Channel>
      <Computer>WinDev2309Eval</Computer>
      <Security UserID=""S-1-5-18""/>
    </System>
    <EventData>
      <Data Name=""RuleName"">-</Data>
      <Data Name=""UtcTime"">2023-12-27 23:54:22.859</Data>
      <Data Name=""ProcessGuid"">{fda94052-34f2-658d-3f00-000000000b00}</Data>
      <Data Name=""ProcessId"">2948</Data>
      <Data Name=""QueryName"">wpad</Data>
      <Data Name=""QueryStatus"">1460</Data>
      <Data Name=""QueryResults"">-</Data>
      <Data Name=""Image"">C:\Windows\system32\svchost.exe</Data>
      <Data Name=""User"">NT AUTHORITY\LOCAL SERVICE</Data>
    </EventData>
    <RenderingInfo Culture=""en-US"">
      <Message>Dns query:

RuleName: -

UtcTime: 2023-12-27 23:54:22.859

ProcessGuid: {fda94052-34f2-658d-3f00-000000000b00}

ProcessId: 2948

QueryName: wpad

QueryStatus: 1460

QueryResults: -

Image: C:\Windows\system32\svchost.exe

User: NT AUTHORITY\LOCAL SERVICE</Message>
      <Level>Information</Level>
      <Task>Dns query (rule: DnsQuery)</Task>
      <Opcode>Info</Opcode>
    </RenderingInfo>
  </Event>
  
"
Microsoft-Windows-Sysmon/Operational,klist,Microsoft Corporation,WinDev2309Eval,,C:\Users\User\AppData\Local\Temp\,Tool for managing the Kerberos ticket cache,,,,,,,1,9483,,10.0.22621.1 (WinBuild.160101.0800),"MD5=3AA443B428CD290BD8415E7FDD5FB82A,SHA256=430E7845BB559CBAB9BEA4F87F86B14ACDC33F596EED7300A0208C9D0F99829E,IMPHASH=85207CDD890ACE87BF7EF7906D90318B",C:\Windows\System32\klist.exe,,Medium,0x8000000000000000,Information,{fda94052-43ad-658d-6a72-ce0000000000},0xce726a,"Process Create:

RuleName: -

UtcTime: 2023-12-28 09:45:18.472

ProcessGuid: {fda94052-43ae-658d-8002-000000000b00}

ProcessId: 7248

Image: C:\Windows\System32\klist.exe

FileVersion: 10.0.22621.1 (WinBuild.160101.0800)

Description: Tool for managing the Kerberos ticket cache

Product: Microsoft® Windows® Operating System

Company: Microsoft Corporation

OriginalFileName: klist.exe

CommandLine: klist

CurrentDirectory: C:\Users\User\AppData\Local\Temp\

User: WINDEV2309EVAL\User

LogonGuid: {fda94052-43ad-658d-6a72-ce0000000000}

LogonId: 0xCE726A

TerminalSessionId: 1

IntegrityLevel: Medium

Hashes: MD5=3AA443B428CD290BD8415E7FDD5FB82A,SHA256=430E7845BB559CBAB9BEA4F87F86B14ACDC33F596EED7300A0208C9D0F99829E,IMPHASH=85207CDD890ACE87BF7EF7906D90318B

ParentProcessGuid: {fda94052-43ad-658d-7b02-000000000b00}

ParentProcessId: 5280

ParentImage: C:\Windows\System32\cmd.exe

ParentCommandLine: C:\Windows\system32\cmd.exe /c C:\Users\User\AppData\Local\Temp\golden.bat

ParentUser: WINDEV2309EVAL\User",Info,klist.exe,C:\Windows\system32\cmd.exe /c C:\Users\User\AppData\Local\Temp\golden.bat,C:\Windows\System32\cmd.exe,{fda94052-43ad-658d-7b02-000000000b00},5280,WINDEV2309EVAL\User,{fda94052-43ae-658d-8002-000000000b00},7044,7248,Microsoft® Windows® Operating System,,,,,"
      ",-,,,,,,2023-12-28T09:45:18.4737450Z,,,Process Create (rule: ProcessCreate),1,6672,WINDEV2309EVAL\User,S-1-5-18,2023-12-28 09:45:18.472,5,"<Event xmlns=""http://schemas.microsoft.com/win/2004/08/events/event"">
    <System>
      <Provider Name=""Microsoft-Windows-Sysmon"" Guid=""{5770385f-c22a-43e0-bf4c-06f5698ffbd9}""/>
      <EventID>1</EventID>
      <Version>5</Version>
      <Level>4</Level>
      <Task>1</Task>
      <Opcode>0</Opcode>
      <Keywords>0x8000000000000000</Keywords>
      <TimeCreated SystemTime=""2023-12-28T09:45:18.4737450Z""/>
      <EventRecordID>9483</EventRecordID>
      <Correlation/>
      <Execution ProcessID=""7044"" ThreadID=""6672""/>
      <Channel>Microsoft-Windows-Sysmon/Operational</Channel>
      <Computer>WinDev2309Eval</Computer>
      <Security UserID=""S-1-5-18""/>
    </System>
    <EventData>
      <Data Name=""RuleName"">-</Data>
      <Data Name=""UtcTime"">2023-12-28 09:45:18.472</Data>
      <Data Name=""ProcessGuid"">{fda94052-43ae-658d-8002-000000000b00}</Data>
      <Data Name=""ProcessId"">7248</Data>
      <Data Name=""Image"">C:\Windows\System32\klist.exe</Data>
      <Data Name=""FileVersion"">10.0.22621.1 (WinBuild.160101.0800)</Data>
      <Data Name=""Description"">Tool for managing the Kerberos ticket cache</Data>
      <Data Name=""Product"">Microsoft&#174; Windows&#174; Operating System</Data>
      <Data Name=""Company"">Microsoft Corporation</Data>
      <Data Name=""OriginalFileName"">klist.exe</Data>
      <Data Name=""CommandLine"">klist</Data>
      <Data Name=""CurrentDirectory"">C:\Users\User\AppData\Local\Temp\</Data>
      <Data Name=""User"">WINDEV2309EVAL\User</Data>
      <Data Name=""LogonGuid"">{fda94052-43ad-658d-6a72-ce0000000000}</Data>
      <Data Name=""LogonId"">0xce726a</Data>
      <Data Name=""TerminalSessionId"">1</Data>
      <Data Name=""IntegrityLevel"">Medium</Data>
      <Data Name=""Hashes"">MD5=3AA443B428CD290BD8415E7FDD5FB82A,SHA256=430E7845BB559CBAB9BEA4F87F86B14ACDC33F596EED7300A0208C9D0F99829E,IMPHASH=85207CDD890ACE87BF7EF7906D90318B</Data>
      <Data Name=""ParentProcessGuid"">{fda94052-43ad-658d-7b02-000000000b00}</Data>
      <Data Name=""ParentProcessId"">5280</Data>
      <Data Name=""ParentImage"">C:\Windows\System32\cmd.exe</Data>
      <Data Name=""ParentCommandLine"">C:\Windows\system32\cmd.exe /c C:\Users\User\AppData\Local\Temp\golden.bat</Data>
      <Data Name=""ParentUser"">WINDEV2309EVAL\User</Data>
    </EventData>
    <RenderingInfo Culture=""en-US"">
      <Message>Process Create:

RuleName: -

UtcTime: 2023-12-28 09:45:18.472

ProcessGuid: {fda94052-43ae-658d-8002-000000000b00}

ProcessId: 7248

Image: C:\Windows\System32\klist.exe

FileVersion: 10.0.22621.1 (WinBuild.160101.0800)

Description: Tool for managing the Kerberos ticket cache

Product: Microsoft&#174; Windows&#174; Operating System

Company: Microsoft Corporation

OriginalFileName: klist.exe

CommandLine: klist

CurrentDirectory: C:\Users\User\AppData\Local\Temp\

User: WINDEV2309EVAL\User

LogonGuid: {fda94052-43ad-658d-6a72-ce0000000000}

LogonId: 0xCE726A

TerminalSessionId: 1

IntegrityLevel: Medium

Hashes: MD5=3AA443B428CD290BD8415E7FDD5FB82A,SHA256=430E7845BB559CBAB9BEA4F87F86B14ACDC33F596EED7300A0208C9D0F99829E,IMPHASH=85207CDD890ACE87BF7EF7906D90318B

ParentProcessGuid: {fda94052-43ad-658d-7b02-000000000b00}

ParentProcessId: 5280

ParentImage: C:\Windows\System32\cmd.exe

ParentCommandLine: C:\Windows\system32\cmd.exe /c C:\Users\User\AppData\Local\Temp\golden.bat

ParentUser: WINDEV2309EVAL\User</Message>
      <Level>Information</Level>
      <Task>Process Create (rule: ProcessCreate)</Task>
      <Opcode>Info</Opcode>
    </RenderingInfo>
  </Event>
  
"
Microsoft-Windows-Sysmon/Operational,klist  purge,Microsoft Corporation,WinDev2309Eval,,C:\Windows\System32\,Tool for managing the Kerberos ticket cache,,,,,,,1,9482,,10.0.22621.1 (WinBuild.160101.0800),"MD5=3AA443B428CD290BD8415E7FDD5FB82A,SHA256=430E7845BB559CBAB9BEA4F87F86B14ACDC33F596EED7300A0208C9D0F99829E,IMPHASH=85207CDD890ACE87BF7EF7906D90318B",C:\Windows\System32\klist.exe,,Medium,0x8000000000000000,Information,{fda94052-43ad-658d-6a72-ce0000000000},0xce726a,"Process Create:

RuleName: -

UtcTime: 2023-12-28 09:45:18.393

ProcessGuid: {fda94052-43ae-658d-7f02-000000000b00}

ProcessId: 2784

Image: C:\Windows\System32\klist.exe

FileVersion: 10.0.22621.1 (WinBuild.160101.0800)

Description: Tool for managing the Kerberos ticket cache

Product: Microsoft® Windows® Operating System

Company: Microsoft Corporation

OriginalFileName: klist.exe

CommandLine: klist  purge

CurrentDirectory: C:\Windows\System32\

User: WINDEV2309EVAL\User

LogonGuid: {fda94052-43ad-658d-6a72-ce0000000000}

LogonId: 0xCE726A

TerminalSessionId: 1

IntegrityLevel: Medium

Hashes: MD5=3AA443B428CD290BD8415E7FDD5FB82A,SHA256=430E7845BB559CBAB9BEA4F87F86B14ACDC33F596EED7300A0208C9D0F99829E,IMPHASH=85207CDD890ACE87BF7EF7906D90318B

ParentProcessGuid: {fda94052-43ad-658d-7b02-000000000b00}

ParentProcessId: 5280

ParentImage: C:\Windows\System32\cmd.exe

ParentCommandLine: C:\Windows\system32\cmd.exe /c C:\Users\User\AppData\Local\Temp\golden.bat

ParentUser: WINDEV2309EVAL\User",Info,klist.exe,C:\Windows\system32\cmd.exe /c C:\Users\User\AppData\Local\Temp\golden.bat,C:\Windows\System32\cmd.exe,{fda94052-43ad-658d-7b02-000000000b00},5280,WINDEV2309EVAL\User,{fda94052-43ae-658d-7f02-000000000b00},7044,2784,Microsoft® Windows® Operating System,,,,,"
      ",-,,,,,,2023-12-28T09:45:18.3944974Z,,,Process Create (rule: ProcessCreate),1,6672,WINDEV2309EVAL\User,S-1-5-18,2023-12-28 09:45:18.393,5,"<Event xmlns=""http://schemas.microsoft.com/win/2004/08/events/event"">
    <System>
      <Provider Name=""Microsoft-Windows-Sysmon"" Guid=""{5770385f-c22a-43e0-bf4c-06f5698ffbd9}""/>
      <EventID>1</EventID>
      <Version>5</Version>
      <Level>4</Level>
      <Task>1</Task>
      <Opcode>0</Opcode>
      <Keywords>0x8000000000000000</Keywords>
      <TimeCreated SystemTime=""2023-12-28T09:45:18.3944974Z""/>
      <EventRecordID>9482</EventRecordID>
      <Correlation/>
      <Execution ProcessID=""7044"" ThreadID=""6672""/>
      <Channel>Microsoft-Windows-Sysmon/Operational</Channel>
      <Computer>WinDev2309Eval</Computer>
      <Security UserID=""S-1-5-18""/>
    </System>
    <EventData>
      <Data Name=""RuleName"">-</Data>
      <Data Name=""UtcTime"">2023-12-28 09:45:18.393</Data>
      <Data Name=""ProcessGuid"">{fda94052-43ae-658d-7f02-000000000b00}</Data>
      <Data Name=""ProcessId"">2784</Data>
      <Data Name=""Image"">C:\Windows\System32\klist.exe</Data>
      <Data Name=""FileVersion"">10.0.22621.1 (WinBuild.160101.0800)</Data>
      <Data Name=""Description"">Tool for managing the Kerberos ticket cache</Data>
      <Data Name=""Product"">Microsoft&#174; Windows&#174; Operating System</Data>
      <Data Name=""Company"">Microsoft Corporation</Data>
      <Data Name=""OriginalFileName"">klist.exe</Data>
      <Data Name=""CommandLine"">klist  purge</Data>
      <Data Name=""CurrentDirectory"">C:\Windows\System32\</Data>
      <Data Name=""User"">WINDEV2309EVAL\User</Data>
      <Data Name=""LogonGuid"">{fda94052-43ad-658d-6a72-ce0000000000}</Data>
      <Data Name=""LogonId"">0xce726a</Data>
      <Data Name=""TerminalSessionId"">1</Data>
      <Data Name=""IntegrityLevel"">Medium</Data>
      <Data Name=""Hashes"">MD5=3AA443B428CD290BD8415E7FDD5FB82A,SHA256=430E7845BB559CBAB9BEA4F87F86B14ACDC33F596EED7300A0208C9D0F99829E,IMPHASH=85207CDD890ACE87BF7EF7906D90318B</Data>
      <Data Name=""ParentProcessGuid"">{fda94052-43ad-658d-7b02-000000000b00}</Data>
      <Data Name=""ParentProcessId"">5280</Data>
      <Data Name=""ParentImage"">C:\Windows\System32\cmd.exe</Data>
      <Data Name=""ParentCommandLine"">C:\Windows\system32\cmd.exe /c C:\Users\User\AppData\Local\Temp\golden.bat</Data>
      <Data Name=""ParentUser"">WINDEV2309EVAL\User</Data>
    </EventData>
    <RenderingInfo Culture=""en-US"">
      <Message>Process Create:

RuleName: -

UtcTime: 2023-12-28 09:45:18.393

ProcessGuid: {fda94052-43ae-658d-7f02-000000000b00}

ProcessId: 2784

Image: C:\Windows\System32\klist.exe

FileVersion: 10.0.22621.1 (WinBuild.160101.0800)

Description: Tool for managing the Kerberos ticket cache

Product: Microsoft&#174; Windows&#174; Operating System

Company: Microsoft Corporation

OriginalFileName: klist.exe

CommandLine: klist  purge

CurrentDirectory: C:\Windows\System32\

User: WINDEV2309EVAL\User

LogonGuid: {fda94052-43ad-658d-6a72-ce0000000000}

LogonId: 0xCE726A

TerminalSessionId: 1

IntegrityLevel: Medium

Hashes: MD5=3AA443B428CD290BD8415E7FDD5FB82A,SHA256=430E7845BB559CBAB9BEA4F87F86B14ACDC33F596EED7300A0208C9D0F99829E,IMPHASH=85207CDD890ACE87BF7EF7906D90318B

ParentProcessGuid: {fda94052-43ad-658d-7b02-000000000b00}

ParentProcessId: 5280

ParentImage: C:\Windows\System32\cmd.exe

ParentCommandLine: C:\Windows\system32\cmd.exe /c C:\Users\User\AppData\Local\Temp\golden.bat

ParentUser: WINDEV2309EVAL\User</Message>
      <Level>Information</Level>
      <Task>Process Create (rule: ProcessCreate)</Task>
      <Opcode>Info</Opcode>
    </RenderingInfo>
  </Event>
  
"
