Channel,CommandLine,Company,Computer,CreationUtcTime,CurrentDirectory,Description,DestinationHostname,DestinationIp,DestinationIsIpv6,DestinationPort,DestinationPortName,Details,EventID,EventRecordID,EventType,FileVersion,Hashes,Image,Initiated,IntegrityLevel,Keywords,Level,LogonGuid,LogonId,Message,Opcode,OriginalFileName,ParentCommandLine,ParentImage,ParentProcessGuid,ParentProcessId,ParentUser,PreviousCreationUtcTime,ProcessGuid,ProcessID,ProcessId,Product,Protocol,QueryName,QueryResults,QueryStatus,RenderingInfo,RuleName,SourceHostname,SourceIp,SourceIsIpv6,SourcePort,SourcePortName,SystemTime,TargetFilename,TargetObject,Task,TerminalSessionId,ThreadID,User,UserID,UtcTime,Version,raw
Microsoft-Windows-Sysmon/Operational,,,WinDev2309Eval,,,,,,,,,"""C:\Program Files (x86)\Microsoft\EdgeWebView\Application\120.0.2210.91\Installer\setup.exe"" --msedgewebview --delete-old-versions --system-level --verbose-logging --on-logon",13,9552,SetValue,,,C:\Program Files (x86)\Microsoft\EdgeWebView\Application\120.0.2210.91\Installer\setup.exe,,,0x8000000000000000,Information,,,"Registry value set:

RuleName: T1060,RunKey

EventType: SetValue

UtcTime: 2023-12-28 09:21:23.278

ProcessGuid: {fda94052-b85d-658c-1602-000000000b00}

ProcessId: 8832

Image: C:\Program Files (x86)\Microsoft\EdgeWebView\Application\120.0.2210.91\Installer\setup.exe

TargetObject: HKLM\SOFTWARE\Microsoft\Windows\CurrentVersion\RunOnce\msedge_cleanup_{F3017226-FE2A-4295-8BDF-00C3A9A7E4C5}

Details: ""C:\Program Files (x86)\Microsoft\EdgeWebView\Application\120.0.2210.91\Installer\setup.exe"" --msedgewebview --delete-old-versions --system-level --verbose-logging --on-logon

User: NT AUTHORITY\SYSTEM",Info,,,,,,,,{fda94052-b85d-658c-1602-000000000b00},7044,8832,,,,,,"
      ","T1060,RunKey",,,,,,2023-12-28T09:21:23.2900173Z,,HKLM\SOFTWARE\Microsoft\Windows\CurrentVersion\RunOnce\msedge_cleanup_{F3017226-FE2A-4295-8BDF-00C3A9A7E4C5},Registry value set (rule: RegistryEvent),,6672,NT AUTHORITY\SYSTEM,S-1-5-18,2023-12-28 09:21:23.278,2,"<Event xmlns=""http://schemas.microsoft.com/win/2004/08/events/event"">
    <System>
      <Provider Name=""Microsoft-Windows-Sysmon"" Guid=""{5770385f-c22a-43e0-bf4c-06f5698ffbd9}""/>
      <EventID>13</EventID>
      <Version>2</Version>
      <Level>4</Level>
      <Task>13</Task>
      <Opcode>0</Opcode>
      <Keywords>0x8000000000000000</Keywords>
      <TimeCreated SystemTime=""2023-12-28T09:21:23.2900173Z""/>
      <EventRecordID>9552</EventRecordID>
      <Correlation/>
      <Execution ProcessID=""7044"" ThreadID=""6672""/>
      <Channel>Microsoft-Windows-Sysmon/Operational</Channel>
      <Computer>WinDev2309Eval</Computer>
      <Security UserID=""S-1-5-18""/>
    </System>
    <EventData>
      <Data Name=""RuleName"">T1060,RunKey</Data>
      <Data Name=""EventType"">SetValue</Data>
      <Data Name=""UtcTime"">2023-12-28 09:21:23.278</Data>
      <Data Name=""ProcessGuid"">{fda94052-b85d-658c-1602-000000000b00}</Data>
      <Data Name=""ProcessId"">8832</Data>
      <Data Name=""Image"">C:\Program Files (x86)\Microsoft\EdgeWebView\Application\120.0.2210.91\Installer\setup.exe</Data>
      <Data Name=""TargetObject"">HKLM\SOFTWARE\Microsoft\Windows\CurrentVersion\RunOnce\msedge_cleanup_{F3017226-FE2A-4295-8BDF-00C3A9A7E4C5}</Data>
      <Data Name=""Details"">""C:\Program Files (x86)\Microsoft\EdgeWebView\Application\120.0.2210.91\Installer\setup.exe"" --msedgewebview --delete-old-versions --system-level --verbose-logging --on-logon</Data>
      <Data Name=""User"">NT AUTHORITY\SYSTEM</Data>
    </EventData>
    <RenderingInfo Culture=""en-US"">
      <Message>Registry value set:

RuleName: T1060,RunKey

EventType: SetValue

UtcTime: 2023-12-28 09:21:23.278

ProcessGuid: {fda94052-b85d-658c-1602-000000000b00}

ProcessId: 8832

Image: C:\Program Files (x86)\Microsoft\EdgeWebView\Application\120.0.2210.91\Installer\setup.exe

TargetObject: HKLM\SOFTWARE\Microsoft\Windows\CurrentVersion\RunOnce\msedge_cleanup_{F3017226-FE2A-4295-8BDF-00C3A9A7E4C5}

Details: ""C:\Program Files (x86)\Microsoft\EdgeWebView\Application\120.0.2210.91\Installer\setup.exe"" --msedgewebview --delete-old-versions --system-level --verbose-logging --on-logon

User: NT AUTHORITY\SYSTEM</Message>
      <Level>Information</Level>
      <Task>Registry value set (rule: RegistryEvent)</Task>
      <Opcode>Info</Opcode>
    </RenderingInfo>
  </Event>
  
"
Microsoft-Windows-Sysmon/Operational,C:\Windows\uus\packages\preview\AMD64\MoUsoCoreWorker.exe,Microsoft Corporation,WinDev2309Eval,,C:\Windows\system32\,MoUSO Core Worker Process,,,,,,,1,9551,,1023.725.1162.0,"MD5=64D847C80C79175949FB582E76989FED,SHA256=FB98F1C124103D73726722BDAF2D47D0FA9B188084C1ED418E5EB2F80A3E9F31,IMPHASH=319C32EF05DB731CF5427C5A788516CC",C:\Windows\UUS\Packages\Preview\amd64\MoUsoCoreWorker.exe,,System,0x8000000000000000,Information,{fda94052-34eb-658d-e703-000000000000},0x3e7,"Process Create:

RuleName: -

UtcTime: 2023-12-28 09:20:57.035

ProcessGuid: {fda94052-3df9-658d-bb02-000000000b00}

ProcessId: 9856

Image: C:\Windows\UUS\Packages\Preview\amd64\MoUsoCoreWorker.exe

FileVersion: 1023.725.1162.0

Description: MoUSO Core Worker Process

Product: Microsoft® Windows® Operating System

Company: Microsoft Corporation

OriginalFileName: MoUSOCoreWorker.exe

CommandLine: C:\Windows\uus\packages\preview\AMD64\MoUsoCoreWorker.exe

CurrentDirectory: C:\Windows\system32\

User: NT AUTHORITY\SYSTEM

LogonGuid: {fda94052-34eb-658d-e703-000000000000}

LogonId: 0x3E7

TerminalSessionId: 0

IntegrityLevel: System

Hashes: MD5=64D847C80C79175949FB582E76989FED,SHA256=FB98F1C124103D73726722BDAF2D47D0FA9B188084C1ED418E5EB2F80A3E9F31,IMPHASH=319C32EF05DB731CF5427C5A788516CC

ParentProcessGuid: {fda94052-34f9-658d-8800-000000000b00}

ParentProcessId: 5760

ParentImage: C:\Windows\System32\svchost.exe

ParentCommandLine: C:\Windows\system32\svchost.exe -k netsvcs -p -s UsoSvc

ParentUser: NT AUTHORITY\SYSTEM",Info,MoUSOCoreWorker.exe,C:\Windows\system32\svchost.exe -k netsvcs -p -s UsoSvc,C:\Windows\System32\svchost.exe,{fda94052-34f9-658d-8800-000000000b00},5760,NT AUTHORITY\SYSTEM,,{fda94052-3df9-658d-bb02-000000000b00},7044,9856,Microsoft® Windows® Operating System,,,,,"
      ",-,,,,,,2023-12-28T09:20:57.0599466Z,,,Process Create (rule: ProcessCreate),0,6672,NT AUTHORITY\SYSTEM,S-1-5-18,2023-12-28 09:20:57.035,5,"<Event xmlns=""http://schemas.microsoft.com/win/2004/08/events/event"">
    <System>
      <Provider Name=""Microsoft-Windows-Sysmon"" Guid=""{5770385f-c22a-43e0-bf4c-06f5698ffbd9}""/>
      <EventID>1</EventID>
      <Version>5</Version>
      <Level>4</Level>
      <Task>1</Task>
      <Opcode>0</Opcode>
      <Keywords>0x8000000000000000</Keywords>
      <TimeCreated SystemTime=""2023-12-28T09:20:57.0599466Z""/>
      <EventRecordID>9551</EventRecordID>
      <Correlation/>
      <Execution ProcessID=""7044"" ThreadID=""6672""/>
      <Channel>Microsoft-Windows-Sysmon/Operational</Channel>
      <Computer>WinDev2309Eval</Computer>
      <Security UserID=""S-1-5-18""/>
    </System>
    <EventData>
      <Data Name=""RuleName"">-</Data>
      <Data Name=""UtcTime"">2023-12-28 09:20:57.035</Data>
      <Data Name=""ProcessGuid"">{fda94052-3df9-658d-bb02-000000000b00}</Data>
      <Data Name=""ProcessId"">9856</Data>
      <Data Name=""Image"">C:\Windows\UUS\Packages\Preview\amd64\MoUsoCoreWorker.exe</Data>
      <Data Name=""FileVersion"">1023.725.1162.0</Data>
      <Data Name=""Description"">MoUSO Core Worker Process</Data>
      <Data Name=""Product"">Microsoft&#174; Windows&#174; Operating System</Data>
      <Data Name=""Company"">Microsoft Corporation</Data>
      <Data Name=""OriginalFileName"">MoUSOCoreWorker.exe</Data>
      <Data Name=""CommandLine"">C:\Windows\uus\packages\preview\AMD64\MoUsoCoreWorker.exe</Data>
      <Data Name=""CurrentDirectory"">C:\Windows\system32\</Data>
      <Data Name=""User"">NT AUTHORITY\SYSTEM</Data>
      <Data Name=""LogonGuid"">{fda94052-34eb-658d-e703-000000000000}</Data>
      <Data Name=""LogonId"">0x3e7</Data>
      <Data Name=""TerminalSessionId"">0</Data>
      <Data Name=""IntegrityLevel"">System</Data>
      <Data Name=""Hashes"">MD5=64D847C80C79175949FB582E76989FED,SHA256=FB98F1C124103D73726722BDAF2D47D0FA9B188084C1ED418E5EB2F80A3E9F31,IMPHASH=319C32EF05DB731CF5427C5A788516CC</Data>
      <Data Name=""ParentProcessGuid"">{fda94052-34f9-658d-8800-000000000b00}</Data>
      <Data Name=""ParentProcessId"">5760</Data>
      <Data Name=""ParentImage"">C:\Windows\System32\svchost.exe</Data>
      <Data Name=""ParentCommandLine"">C:\Windows\system32\svchost.exe -k netsvcs -p -s UsoSvc</Data>
      <Data Name=""ParentUser"">NT AUTHORITY\SYSTEM</Data>
    </EventData>
    <RenderingInfo Culture=""en-US"">
      <Message>Process Create:

RuleName: -

UtcTime: 2023-12-28 09:20:57.035

ProcessGuid: {fda94052-3df9-658d-bb02-000000000b00}

ProcessId: 9856

Image: C:\Windows\UUS\Packages\Preview\amd64\MoUsoCoreWorker.exe

FileVersion: 1023.725.1162.0

Description: MoUSO Core Worker Process

Product: Microsoft&#174; Windows&#174; Operating System

Company: Microsoft Corporation

OriginalFileName: MoUSOCoreWorker.exe

CommandLine: C:\Windows\uus\packages\preview\AMD64\MoUsoCoreWorker.exe

CurrentDirectory: C:\Windows\system32\

User: NT AUTHORITY\SYSTEM

LogonGuid: {fda94052-34eb-658d-e703-000000000000}

LogonId: 0x3E7

TerminalSessionId: 0

IntegrityLevel: System

Hashes: MD5=64D847C80C79175949FB582E76989FED,SHA256=FB98F1C124103D73726722BDAF2D47D0FA9B188084C1ED418E5EB2F80A3E9F31,IMPHASH=319C32EF05DB731CF5427C5A788516CC

ParentProcessGuid: {fda94052-34f9-658d-8800-000000000b00}

ParentProcessId: 5760

ParentImage: C:\Windows\System32\svchost.exe

ParentCommandLine: C:\Windows\system32\svchost.exe -k netsvcs -p -s UsoSvc

ParentUser: NT AUTHORITY\SYSTEM</Message>
      <Level>Information</Level>
      <Task>Process Create (rule: ProcessCreate)</Task>
      <Opcode>Info</Opcode>
    </RenderingInfo>
  </Event>
  
"
Microsoft-Windows-Sysmon/Operational,"""C:\Program Files (x86)\Microsoft\Edge\Application\msedge.exe"" --type=utility --utility-sub-type=asset_store.mojom.AssetStoreService --lang=en-US --service-sandbox-type=asset_store_service --mojo-platform-channel-handle=5984 --field-trial-handle=2012,i,14121881332492415831,1209340753367914572,262144 --variations-seed-version /prefetch:8",Microsoft Corporation,WinDev2309Eval,,C:\Program Files (x86)\Microsoft\Edge\Application\120.0.2210.91\,Microsoft Edge,,,,,,,1,9550,,120.0.2210.91,"MD5=F6E7A024CC79AC12294D0DA6072C5073,SHA256=628792B5B5A4D71B8D66B1A1C6B775B84E3A5E64C0C05B8D7138164FBAD5C21A,IMPHASH=EA4CA1F8E3B3D9373D39C13FD1348A63",C:\Program Files (x86)\Microsoft\Edge\Application\msedge.exe,,Low,0x8000000000000000,Information,{fda94052-3502-658d-b367-080000000000},0x867b3,"Process Create:

RuleName: -

UtcTime: 2023-12-28 09:20:53.247

ProcessGuid: {fda94052-3df5-658d-b702-000000000b00}

ProcessId: 2836

Image: C:\Program Files (x86)\Microsoft\Edge\Application\msedge.exe

FileVersion: 120.0.2210.91

Description: Microsoft Edge

Product: Microsoft Edge

Company: Microsoft Corporation

OriginalFileName: msedge.exe

CommandLine: ""C:\Program Files (x86)\Microsoft\Edge\Application\msedge.exe"" --type=utility --utility-sub-type=asset_store.mojom.AssetStoreService --lang=en-US --service-sandbox-type=asset_store_service --mojo-platform-channel-handle=5984 --field-trial-handle=2012,i,14121881332492415831,1209340753367914572,262144 --variations-seed-version /prefetch:8

CurrentDirectory: C:\Program Files (x86)\Microsoft\Edge\Application\120.0.2210.91\

User: WINDEV2309EVAL\User

LogonGuid: {fda94052-3502-658d-b367-080000000000}

LogonId: 0x867B3

TerminalSessionId: 1

IntegrityLevel: Low

Hashes: MD5=F6E7A024CC79AC12294D0DA6072C5073,SHA256=628792B5B5A4D71B8D66B1A1C6B775B84E3A5E64C0C05B8D7138164FBAD5C21A,IMPHASH=EA4CA1F8E3B3D9373D39C13FD1348A63

ParentProcessGuid: {fda94052-b84e-658c-0402-000000000b00}

ParentProcessId: 8488

ParentImage: C:\Program Files (x86)\Microsoft\Edge\Application\msedge.exe

ParentCommandLine: ""C:\Program Files (x86)\Microsoft\Edge\Application\msedge.exe"" --no-startup-window /prefetch:5

ParentUser: WINDEV2309EVAL\User",Info,msedge.exe,"""C:\Program Files (x86)\Microsoft\Edge\Application\msedge.exe"" --no-startup-window /prefetch:5",C:\Program Files (x86)\Microsoft\Edge\Application\msedge.exe,{fda94052-b84e-658c-0402-000000000b00},8488,WINDEV2309EVAL\User,,{fda94052-3df5-658d-b702-000000000b00},7044,2836,Microsoft Edge,,,,,"
      ",-,,,,,,2023-12-28T09:20:53.2485019Z,,,Process Create (rule: ProcessCreate),1,6672,WINDEV2309EVAL\User,S-1-5-18,2023-12-28 09:20:53.247,5,"<Event xmlns=""http://schemas.microsoft.com/win/2004/08/events/event"">
    <System>
      <Provider Name=""Microsoft-Windows-Sysmon"" Guid=""{5770385f-c22a-43e0-bf4c-06f5698ffbd9}""/>
      <EventID>1</EventID>
      <Version>5</Version>
      <Level>4</Level>
      <Task>1</Task>
      <Opcode>0</Opcode>
      <Keywords>0x8000000000000000</Keywords>
      <TimeCreated SystemTime=""2023-12-28T09:20:53.2485019Z""/>
      <EventRecordID>9550</EventRecordID>
      <Correlation/>
      <Execution ProcessID=""7044"" ThreadID=""6672""/>
      <Channel>Microsoft-Windows-Sysmon/Operational</Channel>
      <Computer>WinDev2309Eval</Computer>
      <Security UserID=""S-1-5-18""/>
    </System>
    <EventData>
      <Data Name=""RuleName"">-</Data>
      <Data Name=""UtcTime"">2023-12-28 09:20:53.247</Data>
      <Data Name=""ProcessGuid"">{fda94052-3df5-658d-b702-000000000b00}</Data>
      <Data Name=""ProcessId"">2836</Data>
      <Data Name=""Image"">C:\Program Files (x86)\Microsoft\Edge\Application\msedge.exe</Data>
      <Data Name=""FileVersion"">120.0.2210.91</Data>
      <Data Name=""Description"">Microsoft Edge</Data>
      <Data Name=""Product"">Microsoft Edge</Data>
      <Data Name=""Company"">Microsoft Corporation</Data>
      <Data Name=""OriginalFileName"">msedge.exe</Data>
      <Data Name=""CommandLine"">""C:\Program Files (x86)\Microsoft\Edge\Application\msedge.exe"" --type=utility --utility-sub-type=asset_store.mojom.AssetStoreService --lang=en-US --service-sandbox-type=asset_store_service --mojo-platform-channel-handle=5984 --field-trial-handle=2012,i,14121881332492415831,1209340753367914572,262144 --variations-seed-version /prefetch:8</Data>
      <Data Name=""CurrentDirectory"">C:\Program Files (x86)\Microsoft\Edge\Application\120.0.2210.91\</Data>
      <Data Name=""User"">WINDEV2309EVAL\User</Data>
      <Data Name=""LogonGuid"">{fda94052-3502-658d-b367-080000000000}</Data>
      <Data Name=""LogonId"">0x867b3</Data>
      <Data Name=""TerminalSessionId"">1</Data>
      <Data Name=""IntegrityLevel"">Low</Data>
      <Data Name=""Hashes"">MD5=F6E7A024CC79AC12294D0DA6072C5073,SHA256=628792B5B5A4D71B8D66B1A1C6B775B84E3A5E64C0C05B8D7138164FBAD5C21A,IMPHASH=EA4CA1F8E3B3D9373D39C13FD1348A63</Data>
      <Data Name=""ParentProcessGuid"">{fda94052-b84e-658c-0402-000000000b00}</Data>
      <Data Name=""ParentProcessId"">8488</Data>
      <Data Name=""ParentImage"">C:\Program Files (x86)\Microsoft\Edge\Application\msedge.exe</Data>
      <Data Name=""ParentCommandLine"">""C:\Program Files (x86)\Microsoft\Edge\Application\msedge.exe"" --no-startup-window /prefetch:5</Data>
      <Data Name=""ParentUser"">WINDEV2309EVAL\User</Data>
    </EventData>
    <RenderingInfo Culture=""en-US"">
      <Message>Process Create:

RuleName: -

UtcTime: 2023-12-28 09:20:53.247

ProcessGuid: {fda94052-3df5-658d-b702-000000000b00}

ProcessId: 2836

Image: C:\Program Files (x86)\Microsoft\Edge\Application\msedge.exe

FileVersion: 120.0.2210.91

Description: Microsoft Edge

Product: Microsoft Edge

Company: Microsoft Corporation

OriginalFileName: msedge.exe

CommandLine: ""C:\Program Files (x86)\Microsoft\Edge\Application\msedge.exe"" --type=utility --utility-sub-type=asset_store.mojom.AssetStoreService --lang=en-US --service-sandbox-type=asset_store_service --mojo-platform-channel-handle=5984 --field-trial-handle=2012,i,14121881332492415831,1209340753367914572,262144 --variations-seed-version /prefetch:8

CurrentDirectory: C:\Program Files (x86)\Microsoft\Edge\Application\120.0.2210.91\

User: WINDEV2309EVAL\User

LogonGuid: {fda94052-3502-658d-b367-080000000000}

LogonId: 0x867B3

TerminalSessionId: 1

IntegrityLevel: Low

Hashes: MD5=F6E7A024CC79AC12294D0DA6072C5073,SHA256=628792B5B5A4D71B8D66B1A1C6B775B84E3A5E64C0C05B8D7138164FBAD5C21A,IMPHASH=EA4CA1F8E3B3D9373D39C13FD1348A63

ParentProcessGuid: {fda94052-b84e-658c-0402-000000000b00}

ParentProcessId: 8488

ParentImage: C:\Program Files (x86)\Microsoft\Edge\Application\msedge.exe

ParentCommandLine: ""C:\Program Files (x86)\Microsoft\Edge\Application\msedge.exe"" --no-startup-window /prefetch:5

ParentUser: WINDEV2309EVAL\User</Message>
      <Level>Information</Level>
      <Task>Process Create (rule: ProcessCreate)</Task>
      <Opcode>Info</Opcode>
    </RenderingInfo>
  </Event>
  
"
Microsoft-Windows-Sysmon/Operational,,,WinDev2309Eval,2023-12-28 09:19:39.930,,,,,,,,,11,9549,,,,C:\Windows\system32\svchost.exe,,,0x8000000000000000,Information,,,"File created:

RuleName: EXE

UtcTime: 2023-12-28 09:19:39.930

ProcessGuid: {fda94052-34f3-658d-4900-000000000b00}

ProcessId: 3400

Image: C:\Windows\system32\svchost.exe

TargetFilename: C:\Users\User\AppData\Local\Microsoft\WindowsApps\CanonicalGroupLimited.UbuntuonWindows_79rhkp1fndgsc\ubuntu.exe

CreationUtcTime: 2023-12-28 09:19:39.930

User: NT AUTHORITY\SYSTEM",Info,,,,,,,,{fda94052-34f3-658d-4900-000000000b00},7044,3400,,,,,,"
      ",EXE,,,,,,2023-12-28T09:19:39.9453932Z,C:\Users\User\AppData\Local\Microsoft\WindowsApps\CanonicalGroupLimited.UbuntuonWindows_79rhkp1fndgsc\ubuntu.exe,,File created (rule: FileCreate),,6672,NT AUTHORITY\SYSTEM,S-1-5-18,2023-12-28 09:19:39.930,2,"<Event xmlns=""http://schemas.microsoft.com/win/2004/08/events/event"">
    <System>
      <Provider Name=""Microsoft-Windows-Sysmon"" Guid=""{5770385f-c22a-43e0-bf4c-06f5698ffbd9}""/>
      <EventID>11</EventID>
      <Version>2</Version>
      <Level>4</Level>
      <Task>11</Task>
      <Opcode>0</Opcode>
      <Keywords>0x8000000000000000</Keywords>
      <TimeCreated SystemTime=""2023-12-28T09:19:39.9453932Z""/>
      <EventRecordID>9549</EventRecordID>
      <Correlation/>
      <Execution ProcessID=""7044"" ThreadID=""6672""/>
      <Channel>Microsoft-Windows-Sysmon/Operational</Channel>
      <Computer>WinDev2309Eval</Computer>
      <Security UserID=""S-1-5-18""/>
    </System>
    <EventData>
      <Data Name=""RuleName"">EXE</Data>
      <Data Name=""UtcTime"">2023-12-28 09:19:39.930</Data>
      <Data Name=""ProcessGuid"">{fda94052-34f3-658d-4900-000000000b00}</Data>
      <Data Name=""ProcessId"">3400</Data>
      <Data Name=""Image"">C:\Windows\system32\svchost.exe</Data>
      <Data Name=""TargetFilename"">C:\Users\User\AppData\Local\Microsoft\WindowsApps\CanonicalGroupLimited.UbuntuonWindows_79rhkp1fndgsc\ubuntu.exe</Data>
      <Data Name=""CreationUtcTime"">2023-12-28 09:19:39.930</Data>
      <Data Name=""User"">NT AUTHORITY\SYSTEM</Data>
    </EventData>
    <RenderingInfo Culture=""en-US"">
      <Message>File created:

RuleName: EXE

UtcTime: 2023-12-28 09:19:39.930

ProcessGuid: {fda94052-34f3-658d-4900-000000000b00}

ProcessId: 3400

Image: C:\Windows\system32\svchost.exe

TargetFilename: C:\Users\User\AppData\Local\Microsoft\WindowsApps\CanonicalGroupLimited.UbuntuonWindows_79rhkp1fndgsc\ubuntu.exe

CreationUtcTime: 2023-12-28 09:19:39.930

User: NT AUTHORITY\SYSTEM</Message>
      <Level>Information</Level>
      <Task>File created (rule: FileCreate)</Task>
      <Opcode>Info</Opcode>
    </RenderingInfo>
  </Event>
  
"
Microsoft-Windows-Sysmon/Operational,,,WinDev2309Eval,2023-12-28 09:19:39.930,,,,,,,,,11,9548,,,,C:\Windows\system32\svchost.exe,,,0x8000000000000000,Information,,,"File created:

RuleName: EXE

UtcTime: 2023-12-28 09:19:39.930

ProcessGuid: {fda94052-34f3-658d-4900-000000000b00}

ProcessId: 3400

Image: C:\Windows\system32\svchost.exe

TargetFilename: C:\Users\User\AppData\Local\Microsoft\WindowsApps\ubuntu.exe

CreationUtcTime: 2023-12-28 09:19:39.930

User: NT AUTHORITY\SYSTEM",Info,,,,,,,,{fda94052-34f3-658d-4900-000000000b00},7044,3400,,,,,,"
      ",EXE,,,,,,2023-12-28T09:19:39.9440295Z,C:\Users\User\AppData\Local\Microsoft\WindowsApps\ubuntu.exe,,File created (rule: FileCreate),,6672,NT AUTHORITY\SYSTEM,S-1-5-18,2023-12-28 09:19:39.930,2,"<Event xmlns=""http://schemas.microsoft.com/win/2004/08/events/event"">
    <System>
      <Provider Name=""Microsoft-Windows-Sysmon"" Guid=""{5770385f-c22a-43e0-bf4c-06f5698ffbd9}""/>
      <EventID>11</EventID>
      <Version>2</Version>
      <Level>4</Level>
      <Task>11</Task>
      <Opcode>0</Opcode>
      <Keywords>0x8000000000000000</Keywords>
      <TimeCreated SystemTime=""2023-12-28T09:19:39.9440295Z""/>
      <EventRecordID>9548</EventRecordID>
      <Correlation/>
      <Execution ProcessID=""7044"" ThreadID=""6672""/>
      <Channel>Microsoft-Windows-Sysmon/Operational</Channel>
      <Computer>WinDev2309Eval</Computer>
      <Security UserID=""S-1-5-18""/>
    </System>
    <EventData>
      <Data Name=""RuleName"">EXE</Data>
      <Data Name=""UtcTime"">2023-12-28 09:19:39.930</Data>
      <Data Name=""ProcessGuid"">{fda94052-34f3-658d-4900-000000000b00}</Data>
      <Data Name=""ProcessId"">3400</Data>
      <Data Name=""Image"">C:\Windows\system32\svchost.exe</Data>
      <Data Name=""TargetFilename"">C:\Users\User\AppData\Local\Microsoft\WindowsApps\ubuntu.exe</Data>
      <Data Name=""CreationUtcTime"">2023-12-28 09:19:39.930</Data>
      <Data Name=""User"">NT AUTHORITY\SYSTEM</Data>
    </EventData>
    <RenderingInfo Culture=""en-US"">
      <Message>File created:

RuleName: EXE

UtcTime: 2023-12-28 09:19:39.930

ProcessGuid: {fda94052-34f3-658d-4900-000000000b00}

ProcessId: 3400

Image: C:\Windows\system32\svchost.exe

TargetFilename: C:\Users\User\AppData\Local\Microsoft\WindowsApps\ubuntu.exe

CreationUtcTime: 2023-12-28 09:19:39.930

User: NT AUTHORITY\SYSTEM</Message>
      <Level>Information</Level>
      <Task>File created (rule: FileCreate)</Task>
      <Opcode>Info</Opcode>
    </RenderingInfo>
  </Event>
  
"
Microsoft-Windows-Sysmon/Operational,,,WinDev2309Eval,,,,,,,,,Allow,13,9547,SetValue,,,C:\Windows\system32\svchost.exe,,,0x8000000000000000,Information,,,"Registry value set:

RuleName: Context,ProcessAccessedPrivateResource

EventType: SetValue

UtcTime: 2023-12-28 09:19:36.301

ProcessGuid: {fda94052-b677-658c-b400-000000000b00}

ProcessId: 5240

Image: C:\Windows\system32\svchost.exe

TargetObject: HKLM\SOFTWARE\Microsoft\Windows\CurrentVersion\CapabilityAccessManager\ConsentStore\musicLibrary\Value

Details: Allow

User: NT AUTHORITY\SYSTEM",Info,,,,,,,,{fda94052-b677-658c-b400-000000000b00},7044,5240,,,,,,"
      ","Context,ProcessAccessedPrivateResource",,,,,,2023-12-28T09:19:36.3142233Z,,HKLM\SOFTWARE\Microsoft\Windows\CurrentVersion\CapabilityAccessManager\ConsentStore\musicLibrary\Value,Registry value set (rule: RegistryEvent),,6672,NT AUTHORITY\SYSTEM,S-1-5-18,2023-12-28 09:19:36.301,2,"<Event xmlns=""http://schemas.microsoft.com/win/2004/08/events/event"">
    <System>
      <Provider Name=""Microsoft-Windows-Sysmon"" Guid=""{5770385f-c22a-43e0-bf4c-06f5698ffbd9}""/>
      <EventID>13</EventID>
      <Version>2</Version>
      <Level>4</Level>
      <Task>13</Task>
      <Opcode>0</Opcode>
      <Keywords>0x8000000000000000</Keywords>
      <TimeCreated SystemTime=""2023-12-28T09:19:36.3142233Z""/>
      <EventRecordID>9547</EventRecordID>
      <Correlation/>
      <Execution ProcessID=""7044"" ThreadID=""6672""/>
      <Channel>Microsoft-Windows-Sysmon/Operational</Channel>
      <Computer>WinDev2309Eval</Computer>
      <Security UserID=""S-1-5-18""/>
    </System>
    <EventData>
      <Data Name=""RuleName"">Context,ProcessAccessedPrivateResource</Data>
      <Data Name=""EventType"">SetValue</Data>
      <Data Name=""UtcTime"">2023-12-28 09:19:36.301</Data>
      <Data Name=""ProcessGuid"">{fda94052-b677-658c-b400-000000000b00}</Data>
      <Data Name=""ProcessId"">5240</Data>
      <Data Name=""Image"">C:\Windows\system32\svchost.exe</Data>
      <Data Name=""TargetObject"">HKLM\SOFTWARE\Microsoft\Windows\CurrentVersion\CapabilityAccessManager\ConsentStore\musicLibrary\Value</Data>
      <Data Name=""Details"">Allow</Data>
      <Data Name=""User"">NT AUTHORITY\SYSTEM</Data>
    </EventData>
    <RenderingInfo Culture=""en-US"">
      <Message>Registry value set:

RuleName: Context,ProcessAccessedPrivateResource

EventType: SetValue

UtcTime: 2023-12-28 09:19:36.301

ProcessGuid: {fda94052-b677-658c-b400-000000000b00}

ProcessId: 5240

Image: C:\Windows\system32\svchost.exe

TargetObject: HKLM\SOFTWARE\Microsoft\Windows\CurrentVersion\CapabilityAccessManager\ConsentStore\musicLibrary\Value

Details: Allow

User: NT AUTHORITY\SYSTEM</Message>
      <Level>Information</Level>
      <Task>Registry value set (rule: RegistryEvent)</Task>
      <Opcode>Info</Opcode>
    </RenderingInfo>
  </Event>
  
"
Microsoft-Windows-Sysmon/Operational,,,WinDev2309Eval,,,,,,,,,,22,9546,,,,C:\Windows\System32\WindowsPowerShell\v1.0\powershell.exe,,,0x8000000000000000,Information,,,"Dns query:

RuleName: -

UtcTime: 2023-12-27 23:59:20.536

ProcessGuid: {fda94052-3da4-658d-b002-000000000b00}

ProcessId: 9524

QueryName: raw.githubusercontent.com

QueryStatus: 0

QueryResults: ::ffff:185.199.110.133;::ffff:185.199.109.133;::ffff:185.199.108.133;::ffff:185.199.111.133;

Image: C:\Windows\System32\WindowsPowerShell\v1.0\powershell.exe

User: WINDEV2309EVAL\User",Info,,,,,,,,{fda94052-3da4-658d-b002-000000000b00},7044,9524,,,raw.githubusercontent.com,::ffff:185.199.110.133;::ffff:185.199.109.133;::ffff:185.199.108.133;::ffff:185.199.111.133;,0,"
      ",-,,,,,,2023-12-28T09:19:35.8728619Z,,,Dns query (rule: DnsQuery),,1124,WINDEV2309EVAL\User,S-1-5-18,2023-12-27 23:59:20.536,5,"<Event xmlns=""http://schemas.microsoft.com/win/2004/08/events/event"">
    <System>
      <Provider Name=""Microsoft-Windows-Sysmon"" Guid=""{5770385f-c22a-43e0-bf4c-06f5698ffbd9}""/>
      <EventID>22</EventID>
      <Version>5</Version>
      <Level>4</Level>
      <Task>22</Task>
      <Opcode>0</Opcode>
      <Keywords>0x8000000000000000</Keywords>
      <TimeCreated SystemTime=""2023-12-28T09:19:35.8728619Z""/>
      <EventRecordID>9546</EventRecordID>
      <Correlation/>
      <Execution ProcessID=""7044"" ThreadID=""1124""/>
      <Channel>Microsoft-Windows-Sysmon/Operational</Channel>
      <Computer>WinDev2309Eval</Computer>
      <Security UserID=""S-1-5-18""/>
    </System>
    <EventData>
      <Data Name=""RuleName"">-</Data>
      <Data Name=""UtcTime"">2023-12-27 23:59:20.536</Data>
      <Data Name=""ProcessGuid"">{fda94052-3da4-658d-b002-000000000b00}</Data>
      <Data Name=""ProcessId"">9524</Data>
      <Data Name=""QueryName"">raw.githubusercontent.com</Data>
      <Data Name=""QueryStatus"">0</Data>
      <Data Name=""QueryResults"">::ffff:185.199.110.133;::ffff:185.199.109.133;::ffff:185.199.108.133;::ffff:185.199.111.133;</Data>
      <Data Name=""Image"">C:\Windows\System32\WindowsPowerShell\v1.0\powershell.exe</Data>
      <Data Name=""User"">WINDEV2309EVAL\User</Data>
    </EventData>
    <RenderingInfo Culture=""en-US"">
      <Message>Dns query:

RuleName: -

UtcTime: 2023-12-27 23:59:20.536

ProcessGuid: {fda94052-3da4-658d-b002-000000000b00}

ProcessId: 9524

QueryName: raw.githubusercontent.com

QueryStatus: 0

QueryResults: ::ffff:185.199.110.133;::ffff:185.199.109.133;::ffff:185.199.108.133;::ffff:185.199.111.133;

Image: C:\Windows\System32\WindowsPowerShell\v1.0\powershell.exe

User: WINDEV2309EVAL\User</Message>
      <Level>Information</Level>
      <Task>Dns query (rule: DnsQuery)</Task>
      <Opcode>Info</Opcode>
    </RenderingInfo>
  </Event>
  
"
Microsoft-Windows-Sysmon/Operational,,,WinDev2309Eval,,,,cdn-185-199-110-133.github.com,185.199.110.133,false,443,https,,3,9545,,,,C:\Windows\System32\WindowsPowerShell\v1.0\powershell.exe,true,,0x8000000000000000,Information,,,"Network connection detected:

RuleName: -

UtcTime: 2023-12-27 23:59:20.544

ProcessGuid: {fda94052-3da4-658d-b002-000000000b00}

ProcessId: 9524

Image: C:\Windows\System32\WindowsPowerShell\v1.0\powershell.exe

User: WINDEV2309EVAL\User

Protocol: tcp

Initiated: true

SourceIsIpv6: false

SourceIp: 192.168.126.164

SourceHostname: WinDev2309Eval.localdomain

SourcePort: 59378

SourcePortName: -

DestinationIsIpv6: false

DestinationIp: 185.199.110.133

DestinationHostname: cdn-185-199-110-133.github.com

DestinationPort: 443

DestinationPortName: https",Info,,,,,,,,{fda94052-3da4-658d-b002-000000000b00},7044,9524,,tcp,,,,"
      ",-,WinDev2309Eval.localdomain,192.168.126.164,false,59378,-,2023-12-28T09:19:35.2206092Z,,,Network connection detected (rule: NetworkConnect),,5204,WINDEV2309EVAL\User,S-1-5-18,2023-12-27 23:59:20.544,5,"<Event xmlns=""http://schemas.microsoft.com/win/2004/08/events/event"">
    <System>
      <Provider Name=""Microsoft-Windows-Sysmon"" Guid=""{5770385f-c22a-43e0-bf4c-06f5698ffbd9}""/>
      <EventID>3</EventID>
      <Version>5</Version>
      <Level>4</Level>
      <Task>3</Task>
      <Opcode>0</Opcode>
      <Keywords>0x8000000000000000</Keywords>
      <TimeCreated SystemTime=""2023-12-28T09:19:35.2206092Z""/>
      <EventRecordID>9545</EventRecordID>
      <Correlation/>
      <Execution ProcessID=""7044"" ThreadID=""5204""/>
      <Channel>Microsoft-Windows-Sysmon/Operational</Channel>
      <Computer>WinDev2309Eval</Computer>
      <Security UserID=""S-1-5-18""/>
    </System>
    <EventData>
      <Data Name=""RuleName"">-</Data>
      <Data Name=""UtcTime"">2023-12-27 23:59:20.544</Data>
      <Data Name=""ProcessGuid"">{fda94052-3da4-658d-b002-000000000b00}</Data>
      <Data Name=""ProcessId"">9524</Data>
      <Data Name=""Image"">C:\Windows\System32\WindowsPowerShell\v1.0\powershell.exe</Data>
      <Data Name=""User"">WINDEV2309EVAL\User</Data>
      <Data Name=""Protocol"">tcp</Data>
      <Data Name=""Initiated"">true</Data>
      <Data Name=""SourceIsIpv6"">false</Data>
      <Data Name=""SourceIp"">192.168.126.164</Data>
      <Data Name=""SourceHostname"">WinDev2309Eval.localdomain</Data>
      <Data Name=""SourcePort"">59378</Data>
      <Data Name=""SourcePortName"">-</Data>
      <Data Name=""DestinationIsIpv6"">false</Data>
      <Data Name=""DestinationIp"">185.199.110.133</Data>
      <Data Name=""DestinationHostname"">cdn-185-199-110-133.github.com</Data>
      <Data Name=""DestinationPort"">443</Data>
      <Data Name=""DestinationPortName"">https</Data>
    </EventData>
    <RenderingInfo Culture=""en-US"">
      <Message>Network connection detected:

RuleName: -

UtcTime: 2023-12-27 23:59:20.544

ProcessGuid: {fda94052-3da4-658d-b002-000000000b00}

ProcessId: 9524

Image: C:\Windows\System32\WindowsPowerShell\v1.0\powershell.exe

User: WINDEV2309EVAL\User

Protocol: tcp

Initiated: true

SourceIsIpv6: false

SourceIp: 192.168.126.164

SourceHostname: WinDev2309Eval.localdomain

SourcePort: 59378

SourcePortName: -

DestinationIsIpv6: false

DestinationIp: 185.199.110.133

DestinationHostname: cdn-185-199-110-133.github.com

DestinationPort: 443

DestinationPortName: https</Message>
      <Level>Information</Level>
      <Task>Network connection detected (rule: NetworkConnect)</Task>
      <Opcode>Info</Opcode>
    </RenderingInfo>
  </Event>
  
"
Microsoft-Windows-Sysmon/Operational,\\?\C:\Windows\System32\SecurityHealth\1.0.2306.10002-0\SecurityHealthHost.exe {08728914-3F57-4D52-9E31-49DAECA5A80A} -Embedding,Microsoft Corporation,WinDev2309Eval,,C:\Windows\system32\,Windows Security Health Host,,,,,,,1,9544,,10.0.25873.1001 (WinBuild.160101.0800),"MD5=193DC58240D8AC4EC1618FFAE14CAE71,SHA256=8D771C8A91614B85416B3EB328460E80183B38F2DC35C7A26578206AF145F419,IMPHASH=FBC9E5DE00516A75FFF7C4A11857FB1D",C:\Windows\System32\SecurityHealth\1.0.2306.10002-0\SecurityHealthHost.exe,,Medium,0x8000000000000000,Information,{fda94052-3502-658d-b367-080000000000},0x867b3,"Process Create:

RuleName: -

UtcTime: 2023-12-28 09:19:33.466

ProcessGuid: {fda94052-3da5-658d-b302-000000000b00}

ProcessId: 3176

Image: C:\Windows\System32\SecurityHealth\1.0.2306.10002-0\SecurityHealthHost.exe

FileVersion: 10.0.25873.1001 (WinBuild.160101.0800)

Description: Windows Security Health Host

Product: Microsoft® Windows® Operating System

Company: Microsoft Corporation

OriginalFileName: SecurityHealthHost.exe

CommandLine: \\?\C:\Windows\System32\SecurityHealth\1.0.2306.10002-0\SecurityHealthHost.exe {08728914-3F57-4D52-9E31-49DAECA5A80A} -Embedding

CurrentDirectory: C:\Windows\system32\

User: WINDEV2309EVAL\User

LogonGuid: {fda94052-3502-658d-b367-080000000000}

LogonId: 0x867B3

TerminalSessionId: 1

IntegrityLevel: Medium

Hashes: MD5=193DC58240D8AC4EC1618FFAE14CAE71,SHA256=8D771C8A91614B85416B3EB328460E80183B38F2DC35C7A26578206AF145F419,IMPHASH=FBC9E5DE00516A75FFF7C4A11857FB1D

ParentProcessGuid: {00000000-0000-0000-0000-000000000000}

ParentProcessId: 932

ParentImage: -

ParentCommandLine: -

ParentUser: -",Info,SecurityHealthHost.exe,-,-,{00000000-0000-0000-0000-000000000000},932,-,,{fda94052-3da5-658d-b302-000000000b00},7044,3176,Microsoft® Windows® Operating System,,,,,"
      ",-,,,,,,2023-12-28T09:19:33.4698202Z,,,Process Create (rule: ProcessCreate),1,6672,WINDEV2309EVAL\User,S-1-5-18,2023-12-28 09:19:33.466,5,"<Event xmlns=""http://schemas.microsoft.com/win/2004/08/events/event"">
    <System>
      <Provider Name=""Microsoft-Windows-Sysmon"" Guid=""{5770385f-c22a-43e0-bf4c-06f5698ffbd9}""/>
      <EventID>1</EventID>
      <Version>5</Version>
      <Level>4</Level>
      <Task>1</Task>
      <Opcode>0</Opcode>
      <Keywords>0x8000000000000000</Keywords>
      <TimeCreated SystemTime=""2023-12-28T09:19:33.4698202Z""/>
      <EventRecordID>9544</EventRecordID>
      <Correlation/>
      <Execution ProcessID=""7044"" ThreadID=""6672""/>
      <Channel>Microsoft-Windows-Sysmon/Operational</Channel>
      <Computer>WinDev2309Eval</Computer>
      <Security UserID=""S-1-5-18""/>
    </System>
    <EventData>
      <Data Name=""RuleName"">-</Data>
      <Data Name=""UtcTime"">2023-12-28 09:19:33.466</Data>
      <Data Name=""ProcessGuid"">{fda94052-3da5-658d-b302-000000000b00}</Data>
      <Data Name=""ProcessId"">3176</Data>
      <Data Name=""Image"">C:\Windows\System32\SecurityHealth\1.0.2306.10002-0\SecurityHealthHost.exe</Data>
      <Data Name=""FileVersion"">10.0.25873.1001 (WinBuild.160101.0800)</Data>
      <Data Name=""Description"">Windows Security Health Host</Data>
      <Data Name=""Product"">Microsoft&#174; Windows&#174; Operating System</Data>
      <Data Name=""Company"">Microsoft Corporation</Data>
      <Data Name=""OriginalFileName"">SecurityHealthHost.exe</Data>
      <Data Name=""CommandLine"">\\?\C:\Windows\System32\SecurityHealth\1.0.2306.10002-0\SecurityHealthHost.exe {08728914-3F57-4D52-9E31-49DAECA5A80A} -Embedding</Data>
      <Data Name=""CurrentDirectory"">C:\Windows\system32\</Data>
      <Data Name=""User"">WINDEV2309EVAL\User</Data>
      <Data Name=""LogonGuid"">{fda94052-3502-658d-b367-080000000000}</Data>
      <Data Name=""LogonId"">0x867b3</Data>
      <Data Name=""TerminalSessionId"">1</Data>
      <Data Name=""IntegrityLevel"">Medium</Data>
      <Data Name=""Hashes"">MD5=193DC58240D8AC4EC1618FFAE14CAE71,SHA256=8D771C8A91614B85416B3EB328460E80183B38F2DC35C7A26578206AF145F419,IMPHASH=FBC9E5DE00516A75FFF7C4A11857FB1D</Data>
      <Data Name=""ParentProcessGuid"">{00000000-0000-0000-0000-000000000000}</Data>
      <Data Name=""ParentProcessId"">932</Data>
      <Data Name=""ParentImage"">-</Data>
      <Data Name=""ParentCommandLine"">-</Data>
      <Data Name=""ParentUser"">-</Data>
    </EventData>
    <RenderingInfo Culture=""en-US"">
      <Message>Process Create:

RuleName: -

UtcTime: 2023-12-28 09:19:33.466

ProcessGuid: {fda94052-3da5-658d-b302-000000000b00}

ProcessId: 3176

Image: C:\Windows\System32\SecurityHealth\1.0.2306.10002-0\SecurityHealthHost.exe

FileVersion: 10.0.25873.1001 (WinBuild.160101.0800)

Description: Windows Security Health Host

Product: Microsoft&#174; Windows&#174; Operating System

Company: Microsoft Corporation

OriginalFileName: SecurityHealthHost.exe

CommandLine: \\?\C:\Windows\System32\SecurityHealth\1.0.2306.10002-0\SecurityHealthHost.exe {08728914-3F57-4D52-9E31-49DAECA5A80A} -Embedding

CurrentDirectory: C:\Windows\system32\

User: WINDEV2309EVAL\User

LogonGuid: {fda94052-3502-658d-b367-080000000000}

LogonId: 0x867B3

TerminalSessionId: 1

IntegrityLevel: Medium

Hashes: MD5=193DC58240D8AC4EC1618FFAE14CAE71,SHA256=8D771C8A91614B85416B3EB328460E80183B38F2DC35C7A26578206AF145F419,IMPHASH=FBC9E5DE00516A75FFF7C4A11857FB1D

ParentProcessGuid: {00000000-0000-0000-0000-000000000000}

ParentProcessId: 932

ParentImage: -

ParentCommandLine: -

ParentUser: -</Message>
      <Level>Information</Level>
      <Task>Process Create (rule: ProcessCreate)</Task>
      <Opcode>Info</Opcode>
    </RenderingInfo>
  </Event>
  
"
Microsoft-Windows-Sysmon/Operational,taskhostw.exe -RegisterDevice -ProtectionStateChanged -FreeNetworkOnly,Microsoft Corporation,WinDev2309Eval,,C:\Windows\system32\,Host Process for Windows Tasks,,,,,,,1,9543,,10.0.22621.1635 (WinBuild.160101.0800),"MD5=4887A65FD4F6598AF4986CBC1C0E5488,SHA256=82472A84BCBB4009ADD338200F8E853FE4C5EAFE2E2C3A2D711B85BF29B72D54,IMPHASH=1C4E2D9936E4D9F2490B08AAB4D24260",C:\Windows\System32\taskhostw.exe,,System,0x8000000000000000,Information,{fda94052-34eb-658d-e703-000000000000},0x3e7,"Process Create:

RuleName: -

UtcTime: 2023-12-28 09:19:33.308

ProcessGuid: {fda94052-3da5-658d-b202-000000000b00}

ProcessId: 2268

Image: C:\Windows\System32\taskhostw.exe

FileVersion: 10.0.22621.1635 (WinBuild.160101.0800)

Description: Host Process for Windows Tasks

Product: Microsoft® Windows® Operating System

Company: Microsoft Corporation

OriginalFileName: taskhostw.exe

CommandLine: taskhostw.exe -RegisterDevice -ProtectionStateChanged -FreeNetworkOnly

CurrentDirectory: C:\Windows\system32\

User: NT AUTHORITY\SYSTEM

LogonGuid: {fda94052-34eb-658d-e703-000000000000}

LogonId: 0x3E7

TerminalSessionId: 0

IntegrityLevel: System

Hashes: MD5=4887A65FD4F6598AF4986CBC1C0E5488,SHA256=82472A84BCBB4009ADD338200F8E853FE4C5EAFE2E2C3A2D711B85BF29B72D54,IMPHASH=1C4E2D9936E4D9F2490B08AAB4D24260

ParentProcessGuid: {00000000-0000-0000-0000-000000000000}

ParentProcessId: 1900

ParentImage: -

ParentCommandLine: -

ParentUser: -",Info,taskhostw.exe,-,-,{00000000-0000-0000-0000-000000000000},1900,-,,{fda94052-3da5-658d-b202-000000000b00},7044,2268,Microsoft® Windows® Operating System,,,,,"
      ",-,,,,,,2023-12-28T09:19:33.3160279Z,,,Process Create (rule: ProcessCreate),0,6672,NT AUTHORITY\SYSTEM,S-1-5-18,2023-12-28 09:19:33.308,5,"<Event xmlns=""http://schemas.microsoft.com/win/2004/08/events/event"">
    <System>
      <Provider Name=""Microsoft-Windows-Sysmon"" Guid=""{5770385f-c22a-43e0-bf4c-06f5698ffbd9}""/>
      <EventID>1</EventID>
      <Version>5</Version>
      <Level>4</Level>
      <Task>1</Task>
      <Opcode>0</Opcode>
      <Keywords>0x8000000000000000</Keywords>
      <TimeCreated SystemTime=""2023-12-28T09:19:33.3160279Z""/>
      <EventRecordID>9543</EventRecordID>
      <Correlation/>
      <Execution ProcessID=""7044"" ThreadID=""6672""/>
      <Channel>Microsoft-Windows-Sysmon/Operational</Channel>
      <Computer>WinDev2309Eval</Computer>
      <Security UserID=""S-1-5-18""/>
    </System>
    <EventData>
      <Data Name=""RuleName"">-</Data>
      <Data Name=""UtcTime"">2023-12-28 09:19:33.308</Data>
      <Data Name=""ProcessGuid"">{fda94052-3da5-658d-b202-000000000b00}</Data>
      <Data Name=""ProcessId"">2268</Data>
      <Data Name=""Image"">C:\Windows\System32\taskhostw.exe</Data>
      <Data Name=""FileVersion"">10.0.22621.1635 (WinBuild.160101.0800)</Data>
      <Data Name=""Description"">Host Process for Windows Tasks</Data>
      <Data Name=""Product"">Microsoft&#174; Windows&#174; Operating System</Data>
      <Data Name=""Company"">Microsoft Corporation</Data>
      <Data Name=""OriginalFileName"">taskhostw.exe</Data>
      <Data Name=""CommandLine"">taskhostw.exe -RegisterDevice -ProtectionStateChanged -FreeNetworkOnly</Data>
      <Data Name=""CurrentDirectory"">C:\Windows\system32\</Data>
      <Data Name=""User"">NT AUTHORITY\SYSTEM</Data>
      <Data Name=""LogonGuid"">{fda94052-34eb-658d-e703-000000000000}</Data>
      <Data Name=""LogonId"">0x3e7</Data>
      <Data Name=""TerminalSessionId"">0</Data>
      <Data Name=""IntegrityLevel"">System</Data>
      <Data Name=""Hashes"">MD5=4887A65FD4F6598AF4986CBC1C0E5488,SHA256=82472A84BCBB4009ADD338200F8E853FE4C5EAFE2E2C3A2D711B85BF29B72D54,IMPHASH=1C4E2D9936E4D9F2490B08AAB4D24260</Data>
      <Data Name=""ParentProcessGuid"">{00000000-0000-0000-0000-000000000000}</Data>
      <Data Name=""ParentProcessId"">1900</Data>
      <Data Name=""ParentImage"">-</Data>
      <Data Name=""ParentCommandLine"">-</Data>
      <Data Name=""ParentUser"">-</Data>
    </EventData>
    <RenderingInfo Culture=""en-US"">
      <Message>Process Create:

RuleName: -

UtcTime: 2023-12-28 09:19:33.308

ProcessGuid: {fda94052-3da5-658d-b202-000000000b00}

ProcessId: 2268

Image: C:\Windows\System32\taskhostw.exe

FileVersion: 10.0.22621.1635 (WinBuild.160101.0800)

Description: Host Process for Windows Tasks

Product: Microsoft&#174; Windows&#174; Operating System

Company: Microsoft Corporation

OriginalFileName: taskhostw.exe

CommandLine: taskhostw.exe -RegisterDevice -ProtectionStateChanged -FreeNetworkOnly

CurrentDirectory: C:\Windows\system32\

User: NT AUTHORITY\SYSTEM

LogonGuid: {fda94052-34eb-658d-e703-000000000000}

LogonId: 0x3E7

TerminalSessionId: 0

IntegrityLevel: System

Hashes: MD5=4887A65FD4F6598AF4986CBC1C0E5488,SHA256=82472A84BCBB4009ADD338200F8E853FE4C5EAFE2E2C3A2D711B85BF29B72D54,IMPHASH=1C4E2D9936E4D9F2490B08AAB4D24260

ParentProcessGuid: {00000000-0000-0000-0000-000000000000}

ParentProcessId: 1900

ParentImage: -

ParentCommandLine: -

ParentUser: -</Message>
      <Level>Information</Level>
      <Task>Process Create (rule: ProcessCreate)</Task>
      <Opcode>Info</Opcode>
    </RenderingInfo>
  </Event>
  
"
Microsoft-Windows-Sysmon/Operational,,,WinDev2309Eval,2023-12-28 09:19:32.507,,,,,,,,,11,9542,,,,C:\Windows\System32\WindowsPowerShell\v1.0\powershell.exe,,,0x8000000000000000,Information,,,"File created:

RuleName: -

UtcTime: 2023-12-28 09:19:32.507

ProcessGuid: {fda94052-3da4-658d-b002-000000000b00}

ProcessId: 9524

Image: C:\Windows\System32\WindowsPowerShell\v1.0\powershell.exe

TargetFilename: C:\Users\User\AppData\Local\Temp\__PSScriptPolicyTest_knlo5ipk.aqp.ps1

CreationUtcTime: 2023-12-28 09:19:32.507

User: WINDEV2309EVAL\User",Info,,,,,,,,{fda94052-3da4-658d-b002-000000000b00},7044,9524,,,,,,"
      ",-,,,,,,2023-12-28T09:19:32.5203992Z,C:\Users\User\AppData\Local\Temp\__PSScriptPolicyTest_knlo5ipk.aqp.ps1,,File created (rule: FileCreate),,6672,WINDEV2309EVAL\User,S-1-5-18,2023-12-28 09:19:32.507,2,"<Event xmlns=""http://schemas.microsoft.com/win/2004/08/events/event"">
    <System>
      <Provider Name=""Microsoft-Windows-Sysmon"" Guid=""{5770385f-c22a-43e0-bf4c-06f5698ffbd9}""/>
      <EventID>11</EventID>
      <Version>2</Version>
      <Level>4</Level>
      <Task>11</Task>
      <Opcode>0</Opcode>
      <Keywords>0x8000000000000000</Keywords>
      <TimeCreated SystemTime=""2023-12-28T09:19:32.5203992Z""/>
      <EventRecordID>9542</EventRecordID>
      <Correlation/>
      <Execution ProcessID=""7044"" ThreadID=""6672""/>
      <Channel>Microsoft-Windows-Sysmon/Operational</Channel>
      <Computer>WinDev2309Eval</Computer>
      <Security UserID=""S-1-5-18""/>
    </System>
    <EventData>
      <Data Name=""RuleName"">-</Data>
      <Data Name=""UtcTime"">2023-12-28 09:19:32.507</Data>
      <Data Name=""ProcessGuid"">{fda94052-3da4-658d-b002-000000000b00}</Data>
      <Data Name=""ProcessId"">9524</Data>
      <Data Name=""Image"">C:\Windows\System32\WindowsPowerShell\v1.0\powershell.exe</Data>
      <Data Name=""TargetFilename"">C:\Users\User\AppData\Local\Temp\__PSScriptPolicyTest_knlo5ipk.aqp.ps1</Data>
      <Data Name=""CreationUtcTime"">2023-12-28 09:19:32.507</Data>
      <Data Name=""User"">WINDEV2309EVAL\User</Data>
    </EventData>
    <RenderingInfo Culture=""en-US"">
      <Message>File created:

RuleName: -

UtcTime: 2023-12-28 09:19:32.507

ProcessGuid: {fda94052-3da4-658d-b002-000000000b00}

ProcessId: 9524

Image: C:\Windows\System32\WindowsPowerShell\v1.0\powershell.exe

TargetFilename: C:\Users\User\AppData\Local\Temp\__PSScriptPolicyTest_knlo5ipk.aqp.ps1

CreationUtcTime: 2023-12-28 09:19:32.507

User: WINDEV2309EVAL\User</Message>
      <Level>Information</Level>
      <Task>File created (rule: FileCreate)</Task>
      <Opcode>Info</Opcode>
    </RenderingInfo>
  </Event>
  
"
