Microsoft-Windows-Sysmon/Operational,,,WinDev2309Eval,,,,,,,,,05/06/2046 18:31:29,13,9445,SetValue,,,C:\Windows\System32\svchost.exe,,,0x8000000000000000,Information,,,"Registry value set:

RuleName: InvDB-CompileTimeClaim

EventType: SetValue

UtcTime: 2023-12-28 09:29:37.647

ProcessGuid: {fda94052-34f3-658d-4e00-000000000b00}

ProcessId: 3628

Image: C:\Windows\System32\svchost.exe

TargetObject: \REGISTRY\A\{08d89634-9c6b-0ec0-e030-44e7987a6dbb}\Root\InventoryApplicationFile\onedrivestandalo|811858e92ded901e\LinkDate

Details: 05/06/2046 18:31:29

User: NT AUTHORITY\SYSTEM",Info,,,,,,,{fda94052-34f3-658d-4e00-000000000b00},7044,3628,,,,,,"
      ",InvDB-CompileTimeClaim,,,,,,2023-12-28T09:29:37.6481356Z,,\REGISTRY\A\{08d89634-9c6b-0ec0-e030-44e7987a6dbb}\Root\InventoryApplicationFile\onedrivestandalo|811858e92ded901e\LinkDate,Registry value set (rule: RegistryEvent),,6672,NT AUTHORITY\SYSTEM,S-1-5-18,2023-12-28 09:29:37.647,2,"<Event xmlns=""http://schemas.microsoft.com/win/2004/08/events/event"">
    <System>
      <Provider Name=""Microsoft-Windows-Sysmon"" Guid=""{5770385f-c22a-43e0-bf4c-06f5698ffbd9}""/>
      <EventID>13</EventID>
      <Version>2</Version>
      <Level>4</Level>
      <Task>13</Task>
      <Opcode>0</Opcode>
      <Keywords>0x8000000000000000</Keywords>
      <TimeCreated SystemTime=""2023-12-28T09:29:37.6481356Z""/>
      <EventRecordID>9445</EventRecordID>
      <Correlation/>
      <Execution ProcessID=""7044"" ThreadID=""6672""/>
      <Channel>Microsoft-Windows-Sysmon/Operational</Channel>
      <Computer>WinDev2309Eval</Computer>
      <Security UserID=""S-1-5-18""/>
    </System>
    <EventData>
      <Data Name=""RuleName"">InvDB-CompileTimeClaim</Data>
      <Data Name=""EventType"">SetValue</Data>
      <Data Name=""UtcTime"">2023-12-28 09:29:37.647</Data>
      <Data Name=""ProcessGuid"">{fda94052-34f3-658d-4e00-000000000b00}</Data>
      <Data Name=""ProcessId"">3628</Data>
      <Data Name=""Image"">C:\Windows\System32\svchost.exe</Data>
      <Data Name=""TargetObject"">\REGISTRY\A\{08d89634-9c6b-0ec0-e030-44e7987a6dbb}\Root\InventoryApplicationFile\onedrivestandalo|811858e92ded901e\LinkDate</Data>
      <Data Name=""Details"">05/06/2046 18:31:29</Data>
      <Data Name=""User"">NT AUTHORITY\SYSTEM</Data>
    </EventData>
    <RenderingInfo Culture=""en-US"">
      <Message>Registry value set:

RuleName: InvDB-CompileTimeClaim

EventType: SetValue

UtcTime: 2023-12-28 09:29:37.647

ProcessGuid: {fda94052-34f3-658d-4e00-000000000b00}

ProcessId: 3628

Image: C:\Windows\System32\svchost.exe

TargetObject: \REGISTRY\A\{08d89634-9c6b-0ec0-e030-44e7987a6dbb}\Root\InventoryApplicationFile\onedrivestandalo|811858e92ded901e\LinkDate

Details: 05/06/2046 18:31:29

User: NT AUTHORITY\SYSTEM</Message>
      <Level>Information</Level>
      <Task>Registry value set (rule: RegistryEvent)</Task>
      <Opcode>Info</Opcode>
    </RenderingInfo>
  </Event>
  
"
Microsoft-Windows-Sysmon/Operational,,,WinDev2309Eval,,,,,,,,,microsoft corporation,13,9444,SetValue,,,C:\Windows\System32\svchost.exe,,,0x8000000000000000,Information,,,"Registry value set:

RuleName: InvDB-Pub

EventType: SetValue

UtcTime: 2023-12-28 09:29:37.647

ProcessGuid: {fda94052-34f3-658d-4e00-000000000b00}

ProcessId: 3628

Image: C:\Windows\System32\svchost.exe

TargetObject: \REGISTRY\A\{08d89634-9c6b-0ec0-e030-44e7987a6dbb}\Root\InventoryApplicationFile\onedrivestandalo|811858e92ded901e\Publisher

Details: microsoft corporation

User: NT AUTHORITY\SYSTEM",Info,,,,,,,{fda94052-34f3-658d-4e00-000000000b00},7044,3628,,,,,,"
      ",InvDB-Pub,,,,,,2023-12-28T09:29:37.6476611Z,,\REGISTRY\A\{08d89634-9c6b-0ec0-e030-44e7987a6dbb}\Root\InventoryApplicationFile\onedrivestandalo|811858e92ded901e\Publisher,Registry value set (rule: RegistryEvent),,6672,NT AUTHORITY\SYSTEM,S-1-5-18,2023-12-28 09:29:37.647,2,"<Event xmlns=""http://schemas.microsoft.com/win/2004/08/events/event"">
    <System>
      <Provider Name=""Microsoft-Windows-Sysmon"" Guid=""{5770385f-c22a-43e0-bf4c-06f5698ffbd9}""/>
      <EventID>13</EventID>
      <Version>2</Version>
      <Level>4</Level>
      <Task>13</Task>
      <Opcode>0</Opcode>
      <Keywords>0x8000000000000000</Keywords>
      <TimeCreated SystemTime=""2023-12-28T09:29:37.6476611Z""/>
      <EventRecordID>9444</EventRecordID>
      <Correlation/>
      <Execution ProcessID=""7044"" ThreadID=""6672""/>
      <Channel>Microsoft-Windows-Sysmon/Operational</Channel>
      <Computer>WinDev2309Eval</Computer>
      <Security UserID=""S-1-5-18""/>
    </System>
    <EventData>
      <Data Name=""RuleName"">InvDB-Pub</Data>
      <Data Name=""EventType"">SetValue</Data>
      <Data Name=""UtcTime"">2023-12-28 09:29:37.647</Data>
      <Data Name=""ProcessGuid"">{fda94052-34f3-658d-4e00-000000000b00}</Data>
      <Data Name=""ProcessId"">3628</Data>
      <Data Name=""Image"">C:\Windows\System32\svchost.exe</Data>
      <Data Name=""TargetObject"">\REGISTRY\A\{08d89634-9c6b-0ec0-e030-44e7987a6dbb}\Root\InventoryApplicationFile\onedrivestandalo|811858e92ded901e\Publisher</Data>
      <Data Name=""Details"">microsoft corporation</Data>
      <Data Name=""User"">NT AUTHORITY\SYSTEM</Data>
    </EventData>
    <RenderingInfo Culture=""en-US"">
      <Message>Registry value set:

RuleName: InvDB-Pub

EventType: SetValue

UtcTime: 2023-12-28 09:29:37.647

ProcessGuid: {fda94052-34f3-658d-4e00-000000000b00}

ProcessId: 3628

Image: C:\Windows\System32\svchost.exe

TargetObject: \REGISTRY\A\{08d89634-9c6b-0ec0-e030-44e7987a6dbb}\Root\InventoryApplicationFile\onedrivestandalo|811858e92ded901e\Publisher

Details: microsoft corporation

User: NT AUTHORITY\SYSTEM</Message>
      <Level>Information</Level>
      <Task>Registry value set (rule: RegistryEvent)</Task>
      <Opcode>Info</Opcode>
    </RenderingInfo>
  </Event>
  
"
Microsoft-Windows-Sysmon/Operational,,,WinDev2309Eval,,,,,,,,,c:\users\user\appdata\local\microsoft\onedrive\onedrivestandaloneupdater.exe,13,9443,SetValue,,,C:\Windows\System32\svchost.exe,,,0x8000000000000000,Information,,,"Registry value set:

RuleName: InvDB-Path

EventType: SetValue

UtcTime: 2023-12-28 09:29:37.647

ProcessGuid: {fda94052-34f3-658d-4e00-000000000b00}

ProcessId: 3628

Image: C:\Windows\System32\svchost.exe

TargetObject: \REGISTRY\A\{08d89634-9c6b-0ec0-e030-44e7987a6dbb}\Root\InventoryApplicationFile\onedrivestandalo|811858e92ded901e\LowerCaseLongPath

Details: c:\users\user\appdata\local\microsoft\onedrive\onedrivestandaloneupdater.exe

User: NT AUTHORITY\SYSTEM",Info,,,,,,,{fda94052-34f3-658d-4e00-000000000b00},7044,3628,,,,,,"
      ",InvDB-Path,,,,,,2023-12-28T09:29:37.6474748Z,,\REGISTRY\A\{08d89634-9c6b-0ec0-e030-44e7987a6dbb}\Root\InventoryApplicationFile\onedrivestandalo|811858e92ded901e\LowerCaseLongPath,Registry value set (rule: RegistryEvent),,6672,NT AUTHORITY\SYSTEM,S-1-5-18,2023-12-28 09:29:37.647,2,"<Event xmlns=""http://schemas.microsoft.com/win/2004/08/events/event"">
    <System>
      <Provider Name=""Microsoft-Windows-Sysmon"" Guid=""{5770385f-c22a-43e0-bf4c-06f5698ffbd9}""/>
      <EventID>13</EventID>
      <Version>2</Version>
      <Level>4</Level>
      <Task>13</Task>
      <Opcode>0</Opcode>
      <Keywords>0x8000000000000000</Keywords>
      <TimeCreated SystemTime=""2023-12-28T09:29:37.6474748Z""/>
      <EventRecordID>9443</EventRecordID>
      <Correlation/>
      <Execution ProcessID=""7044"" ThreadID=""6672""/>
      <Channel>Microsoft-Windows-Sysmon/Operational</Channel>
      <Computer>WinDev2309Eval</Computer>
      <Security UserID=""S-1-5-18""/>
    </System>
    <EventData>
      <Data Name=""RuleName"">InvDB-Path</Data>
      <Data Name=""EventType"">SetValue</Data>
      <Data Name=""UtcTime"">2023-12-28 09:29:37.647</Data>
      <Data Name=""ProcessGuid"">{fda94052-34f3-658d-4e00-000000000b00}</Data>
      <Data Name=""ProcessId"">3628</Data>
      <Data Name=""Image"">C:\Windows\System32\svchost.exe</Data>
      <Data Name=""TargetObject"">\REGISTRY\A\{08d89634-9c6b-0ec0-e030-44e7987a6dbb}\Root\InventoryApplicationFile\onedrivestandalo|811858e92ded901e\LowerCaseLongPath</Data>
      <Data Name=""Details"">c:\users\user\appdata\local\microsoft\onedrive\onedrivestandaloneupdater.exe</Data>
      <Data Name=""User"">NT AUTHORITY\SYSTEM</Data>
    </EventData>
    <RenderingInfo Culture=""en-US"">
      <Message>Registry value set:

RuleName: InvDB-Path

EventType: SetValue

UtcTime: 2023-12-28 09:29:37.647

ProcessGuid: {fda94052-34f3-658d-4e00-000000000b00}

ProcessId: 3628

Image: C:\Windows\System32\svchost.exe

TargetObject: \REGISTRY\A\{08d89634-9c6b-0ec0-e030-44e7987a6dbb}\Root\InventoryApplicationFile\onedrivestandalo|811858e92ded901e\LowerCaseLongPath

Details: c:\users\user\appdata\local\microsoft\onedrive\onedrivestandaloneupdater.exe

User: NT AUTHORITY\SYSTEM</Message>
      <Level>Information</Level>
      <Task>Registry value set (rule: RegistryEvent)</Task>
      <Opcode>Info</Opcode>
    </RenderingInfo>
  </Event>
  
"
Microsoft-Windows-Sysmon/Operational,,,WinDev2309Eval,2023-12-28 09:29:36.542,,,,,,,,,11,9442,,,,C:\Windows\system32\svchost.exe,,,0x8000000000000000,Information,,,"File created:

RuleName: DLL

UtcTime: 2023-12-28 09:29:36.542

ProcessGuid: {fda94052-34fa-658d-8a00-000000000b00}

ProcessId: 5868

Image: C:\Windows\system32\svchost.exe

TargetFilename: C:\Windows\SystemTemp\{14A1D557-6380-4A45-839F-AF97B63210C2}\ssshim.dll

CreationUtcTime: 2023-12-28 09:29:36.542

User: NT AUTHORITY\SYSTEM",Info,,,,,,,{fda94052-34fa-658d-8a00-000000000b00},7044,5868,,,,,,"
      ",DLL,,,,,,2023-12-28T09:29:36.5435529Z,C:\Windows\SystemTemp\{14A1D557-6380-4A45-839F-AF97B63210C2}\ssshim.dll,,File created (rule: FileCreate),,6672,NT AUTHORITY\SYSTEM,S-1-5-18,2023-12-28 09:29:36.542,2,"<Event xmlns=""http://schemas.microsoft.com/win/2004/08/events/event"">
    <System>
      <Provider Name=""Microsoft-Windows-Sysmon"" Guid=""{5770385f-c22a-43e0-bf4c-06f5698ffbd9}""/>
      <EventID>11</EventID>
      <Version>2</Version>
      <Level>4</Level>
      <Task>11</Task>
      <Opcode>0</Opcode>
      <Keywords>0x8000000000000000</Keywords>
      <TimeCreated SystemTime=""2023-12-28T09:29:36.5435529Z""/>
      <EventRecordID>9442</EventRecordID>
      <Correlation/>
      <Execution ProcessID=""7044"" ThreadID=""6672""/>
      <Channel>Microsoft-Windows-Sysmon/Operational</Channel>
      <Computer>WinDev2309Eval</Computer>
      <Security UserID=""S-1-5-18""/>
    </System>
    <EventData>
      <Data Name=""RuleName"">DLL</Data>
      <Data Name=""UtcTime"">2023-12-28 09:29:36.542</Data>
      <Data Name=""ProcessGuid"">{fda94052-34fa-658d-8a00-000000000b00}</Data>
      <Data Name=""ProcessId"">5868</Data>
      <Data Name=""Image"">C:\Windows\system32\svchost.exe</Data>
      <Data Name=""TargetFilename"">C:\Windows\SystemTemp\{14A1D557-6380-4A45-839F-AF97B63210C2}\ssshim.dll</Data>
      <Data Name=""CreationUtcTime"">2023-12-28 09:29:36.542</Data>
      <Data Name=""User"">NT AUTHORITY\SYSTEM</Data>
    </EventData>
    <RenderingInfo Culture=""en-US"">
      <Message>File created:

RuleName: DLL

UtcTime: 2023-12-28 09:29:36.542

ProcessGuid: {fda94052-34fa-658d-8a00-000000000b00}

ProcessId: 5868

Image: C:\Windows\system32\svchost.exe

TargetFilename: C:\Windows\SystemTemp\{14A1D557-6380-4A45-839F-AF97B63210C2}\ssshim.dll

CreationUtcTime: 2023-12-28 09:29:36.542

User: NT AUTHORITY\SYSTEM</Message>
      <Level>Information</Level>
      <Task>File created (rule: FileCreate)</Task>
      <Opcode>Info</Opcode>
    </RenderingInfo>
  </Event>
  
"
Microsoft-Windows-Sysmon/Operational,,,WinDev2309Eval,2023-12-28 09:29:36.411,,,,,,,,,11,9441,,,,C:\Windows\uus\packages\preview\AMD64\MoUsoCoreWorker.exe,,,0x8000000000000000,Information,,,"File created:

RuleName: DLL

UtcTime: 2023-12-28 09:29:36.411

ProcessGuid: {fda94052-34fa-658d-8900-000000000b00}

ProcessId: 5812

Image: C:\Windows\uus\packages\preview\AMD64\MoUsoCoreWorker.exe

TargetFilename: C:\Windows\SystemTemp\{35D98911-F02C-43B8-9A34-8E98D98B878F}\ssshim.dll

CreationUtcTime: 2023-12-28 09:29:36.411

User: NT AUTHORITY\SYSTEM",Info,,,,,,,{fda94052-34fa-658d-8900-000000000b00},7044,5812,,,,,,"
      ",DLL,,,,,,2023-12-28T09:29:36.4130400Z,C:\Windows\SystemTemp\{35D98911-F02C-43B8-9A34-8E98D98B878F}\ssshim.dll,,File created (rule: FileCreate),,6672,NT AUTHORITY\SYSTEM,S-1-5-18,2023-12-28 09:29:36.411,2,"<Event xmlns=""http://schemas.microsoft.com/win/2004/08/events/event"">
    <System>
      <Provider Name=""Microsoft-Windows-Sysmon"" Guid=""{5770385f-c22a-43e0-bf4c-06f5698ffbd9}""/>
      <EventID>11</EventID>
      <Version>2</Version>
      <Level>4</Level>
      <Task>11</Task>
      <Opcode>0</Opcode>
      <Keywords>0x8000000000000000</Keywords>
      <TimeCreated SystemTime=""2023-12-28T09:29:36.4130400Z""/>
      <EventRecordID>9441</EventRecordID>
      <Correlation/>
      <Execution ProcessID=""7044"" ThreadID=""6672""/>
      <Channel>Microsoft-Windows-Sysmon/Operational</Channel>
      <Computer>WinDev2309Eval</Computer>
      <Security UserID=""S-1-5-18""/>
    </System>
    <EventData>
      <Data Name=""RuleName"">DLL</Data>
      <Data Name=""UtcTime"">2023-12-28 09:29:36.411</Data>
      <Data Name=""ProcessGuid"">{fda94052-34fa-658d-8900-000000000b00}</Data>
      <Data Name=""ProcessId"">5812</Data>
      <Data Name=""Image"">C:\Windows\uus\packages\preview\AMD64\MoUsoCoreWorker.exe</Data>
      <Data Name=""TargetFilename"">C:\Windows\SystemTemp\{35D98911-F02C-43B8-9A34-8E98D98B878F}\ssshim.dll</Data>
      <Data Name=""CreationUtcTime"">2023-12-28 09:29:36.411</Data>
      <Data Name=""User"">NT AUTHORITY\SYSTEM</Data>
    </EventData>
    <RenderingInfo Culture=""en-US"">
      <Message>File created:

RuleName: DLL

UtcTime: 2023-12-28 09:29:36.411

ProcessGuid: {fda94052-34fa-658d-8900-000000000b00}

ProcessId: 5812

Image: C:\Windows\uus\packages\preview\AMD64\MoUsoCoreWorker.exe

TargetFilename: C:\Windows\SystemTemp\{35D98911-F02C-43B8-9A34-8E98D98B878F}\ssshim.dll

CreationUtcTime: 2023-12-28 09:29:36.411

User: NT AUTHORITY\SYSTEM</Message>
      <Level>Information</Level>
      <Task>File created (rule: FileCreate)</Task>
      <Opcode>Info</Opcode>
    </RenderingInfo>
  </Event>

"
