Microsoft-Windows-Sysmon/Operational,C:\Windows\system32\cmd.exe /c pause,Microsoft Corporation,WinDev2309Eval,,C:\AtomicRedTeam\atomics\T1555.003\bin\,Windows Command Processor,,,,,,,1,9507,,10.0.22621.1635 (WinBuild.160101.0800),"MD5=89B5A70BF37A93015F4845BF901B7825,SHA256=678652BB50ABB92DE91A69C05EA018C160FB4BE0902ACE14B15749246788CB40,IMPHASH=FD97AFEC4DC549DCD1FE1DAD15035DF9",C:\Windows\SysWOW64\cmd.exe,,Medium,0x8000000000000000,Information,{fda94052-3502-658d-b367-080000000000},0x867b3,"Process Create:

RuleName: -

UtcTime: 2023-12-28 09:37:47.089

ProcessGuid: {fda94052-41eb-658d-9102-000000000b00}

ProcessId: 11156

Image: C:\Windows\SysWOW64\cmd.exe

FileVersion: 10.0.22621.1635 (WinBuild.160101.0800)

Description: Windows Command Processor

Product: Microsoft® Windows® Operating System

Company: Microsoft Corporation

OriginalFileName: Cmd.Exe

CommandLine: C:\Windows\system32\cmd.exe /c pause

CurrentDirectory: C:\AtomicRedTeam\atomics\T1555.003\bin\

User: WINDEV2309EVAL\User

LogonGuid: {fda94052-3502-658d-b367-080000000000}

LogonId: 0x867B3

TerminalSessionId: 1

IntegrityLevel: Medium

Hashes: MD5=89B5A70BF37A93015F4845BF901B7825,SHA256=678652BB50ABB92DE91A69C05EA018C160FB4BE0902ACE14B15749246788CB40,IMPHASH=FD97AFEC4DC549DCD1FE1DAD15035DF9

ParentProcessGuid: {fda94052-41eb-658d-9002-000000000b00}

ParentProcessId: 11076

ParentImage: C:\AtomicRedTeam\atomics\T1555.003\bin\BrowserCollector.exe

ParentCommandLine: ""C:\AtomicRedTeam\atomics\T1555.003\bin\BrowserCollector.exe""

ParentUser: WINDEV2309EVAL\User",Info,Cmd.Exe,"""C:\AtomicRedTeam\atomics\T1555.003\bin\BrowserCollector.exe""",C:\AtomicRedTeam\atomics\T1555.003\bin\BrowserCollector.exe,{fda94052-41eb-658d-9002-000000000b00},11076,WINDEV2309EVAL\User,{fda94052-41eb-658d-9102-000000000b00},7044,11156,Microsoft® Windows® Operating System,,,,,"
      ",-,,,,,,2023-12-28T09:37:47.0936883Z,,,Process Create (rule: ProcessCreate),1,6672,WINDEV2309EVAL\User,S-1-5-18,2023-12-28 09:37:47.089,5,"<Event xmlns=""http://schemas.microsoft.com/win/2004/08/events/event"">
    <System>
      <Provider Name=""Microsoft-Windows-Sysmon"" Guid=""{5770385f-c22a-43e0-bf4c-06f5698ffbd9}""/>
      <EventID>1</EventID>
      <Version>5</Version>
      <Level>4</Level>
      <Task>1</Task>
      <Opcode>0</Opcode>
      <Keywords>0x8000000000000000</Keywords>
      <TimeCreated SystemTime=""2023-12-28T09:37:47.0936883Z""/>
      <EventRecordID>9507</EventRecordID>
      <Correlation/>
      <Execution ProcessID=""7044"" ThreadID=""6672""/>
      <Channel>Microsoft-Windows-Sysmon/Operational</Channel>
      <Computer>WinDev2309Eval</Computer>
      <Security UserID=""S-1-5-18""/>
    </System>
    <EventData>
      <Data Name=""RuleName"">-</Data>
      <Data Name=""UtcTime"">2023-12-28 09:37:47.089</Data>
      <Data Name=""ProcessGuid"">{fda94052-41eb-658d-9102-000000000b00}</Data>
      <Data Name=""ProcessId"">11156</Data>
      <Data Name=""Image"">C:\Windows\SysWOW64\cmd.exe</Data>
      <Data Name=""FileVersion"">10.0.22621.1635 (WinBuild.160101.0800)</Data>
      <Data Name=""Description"">Windows Command Processor</Data>
      <Data Name=""Product"">Microsoft&#174; Windows&#174; Operating System</Data>
      <Data Name=""Company"">Microsoft Corporation</Data>
      <Data Name=""OriginalFileName"">Cmd.Exe</Data>
      <Data Name=""CommandLine"">C:\Windows\system32\cmd.exe /c pause</Data>
      <Data Name=""CurrentDirectory"">C:\AtomicRedTeam\atomics\T1555.003\bin\</Data>
      <Data Name=""User"">WINDEV2309EVAL\User</Data>
      <Data Name=""LogonGuid"">{fda94052-3502-658d-b367-080000000000}</Data>
      <Data Name=""LogonId"">0x867b3</Data>
      <Data Name=""TerminalSessionId"">1</Data>
      <Data Name=""IntegrityLevel"">Medium</Data>
      <Data Name=""Hashes"">MD5=89B5A70BF37A93015F4845BF901B7825,SHA256=678652BB50ABB92DE91A69C05EA018C160FB4BE0902ACE14B15749246788CB40,IMPHASH=FD97AFEC4DC549DCD1FE1DAD15035DF9</Data>
      <Data Name=""ParentProcessGuid"">{fda94052-41eb-658d-9002-000000000b00}</Data>
      <Data Name=""ParentProcessId"">11076</Data>
      <Data Name=""ParentImage"">C:\AtomicRedTeam\atomics\T1555.003\bin\BrowserCollector.exe</Data>
      <Data Name=""ParentCommandLine"">""C:\AtomicRedTeam\atomics\T1555.003\bin\BrowserCollector.exe""</Data>
      <Data Name=""ParentUser"">WINDEV2309EVAL\User</Data>
    </EventData>
    <RenderingInfo Culture=""en-US"">
      <Message>Process Create:

RuleName: -

UtcTime: 2023-12-28 09:37:47.089

ProcessGuid: {fda94052-41eb-658d-9102-000000000b00}

ProcessId: 11156

Image: C:\Windows\SysWOW64\cmd.exe

FileVersion: 10.0.22621.1635 (WinBuild.160101.0800)

Description: Windows Command Processor

Product: Microsoft&#174; Windows&#174; Operating System

Company: Microsoft Corporation

OriginalFileName: Cmd.Exe

CommandLine: C:\Windows\system32\cmd.exe /c pause

CurrentDirectory: C:\AtomicRedTeam\atomics\T1555.003\bin\

User: WINDEV2309EVAL\User

LogonGuid: {fda94052-3502-658d-b367-080000000000}

LogonId: 0x867B3

TerminalSessionId: 1

IntegrityLevel: Medium

Hashes: MD5=89B5A70BF37A93015F4845BF901B7825,SHA256=678652BB50ABB92DE91A69C05EA018C160FB4BE0902ACE14B15749246788CB40,IMPHASH=FD97AFEC4DC549DCD1FE1DAD15035DF9

ParentProcessGuid: {fda94052-41eb-658d-9002-000000000b00}

ParentProcessId: 11076

ParentImage: C:\AtomicRedTeam\atomics\T1555.003\bin\BrowserCollector.exe

ParentCommandLine: ""C:\AtomicRedTeam\atomics\T1555.003\bin\BrowserCollector.exe""

ParentUser: WINDEV2309EVAL\User</Message>
      <Level>Information</Level>
      <Task>Process Create (rule: ProcessCreate)</Task>
      <Opcode>Info</Opcode>
    </RenderingInfo>
  </Event>
  
"
Microsoft-Windows-Sysmon/Operational,"""C:\AtomicRedTeam\atomics\T1555.003\bin\BrowserCollector.exe""",-,WinDev2309Eval,,C:\AtomicRedTeam\atomics\T1555.003\bin\,-,,,,,,,1,9506,,-,"MD5=CD9F4FEEA7D60108A85CC69682CDDFAE,SHA256=CF648C23C6D626C0331DD50AC0E513964E0CE77D9F1D65A1300EFD43D8C350EF,IMPHASH=9725A492E384962C6A80F9B8CDB8F1C3",C:\AtomicRedTeam\atomics\T1555.003\bin\BrowserCollector.exe,,Medium,0x8000000000000000,Information,{fda94052-3502-658d-b367-080000000000},0x867b3,"Process Create:

RuleName: -

UtcTime: 2023-12-28 09:37:47.013

ProcessGuid: {fda94052-41eb-658d-9002-000000000b00}

ProcessId: 11076

Image: C:\AtomicRedTeam\atomics\T1555.003\bin\BrowserCollector.exe

FileVersion: -

Description: -

Product: -

Company: -

OriginalFileName: -

CommandLine: ""C:\AtomicRedTeam\atomics\T1555.003\bin\BrowserCollector.exe""

CurrentDirectory: C:\AtomicRedTeam\atomics\T1555.003\bin\

User: WINDEV2309EVAL\User

LogonGuid: {fda94052-3502-658d-b367-080000000000}

LogonId: 0x867B3

TerminalSessionId: 1

IntegrityLevel: Medium

Hashes: MD5=CD9F4FEEA7D60108A85CC69682CDDFAE,SHA256=CF648C23C6D626C0331DD50AC0E513964E0CE77D9F1D65A1300EFD43D8C350EF,IMPHASH=9725A492E384962C6A80F9B8CDB8F1C3

ParentProcessGuid: {fda94052-41e9-658d-8e02-000000000b00}

ParentProcessId: 1404

ParentImage: C:\Windows\System32\WindowsPowerShell\v1.0\powershell.exe

ParentCommandLine: ""powershell.exe"" & {Copy-Item \""""$env:localappdata\Google\Chrome\User Data\Default\Login Data\"""" -Destination \""""C:\AtomicRedTeam\atomics\..\ExternalPayloads\"""" > $null
Remove-Item \""""$env:localappdata\Google\Chrome\User Data\Default\Login Data\"""" > $null
Copy-Item \""""$env:C:\AtomicRedTeam\atomics\T1555.003\src\Login Data\"""" -Destination \""""$env:localappdata\Google\Chrome\User Data\Default\\"""" > $null
cd \""""$env:C:\AtomicRedTeam\atomics\T1555.003\bin\""""
.\BrowserCollector.exe}

ParentUser: WINDEV2309EVAL\User",Info,-,"""powershell.exe"" & {Copy-Item \""""$env:localappdata\Google\Chrome\User Data\Default\Login Data\"""" -Destination \""""C:\AtomicRedTeam\atomics\..\ExternalPayloads\"""" > $null
Remove-Item \""""$env:localappdata\Google\Chrome\User Data\Default\Login Data\"""" > $null
Copy-Item \""""$env:C:\AtomicRedTeam\atomics\T1555.003\src\Login Data\"""" -Destination \""""$env:localappdata\Google\Chrome\User Data\Default\\"""" > $null
cd \""""$env:C:\AtomicRedTeam\atomics\T1555.003\bin\""""
.\BrowserCollector.exe}",C:\Windows\System32\WindowsPowerShell\v1.0\powershell.exe,{fda94052-41e9-658d-8e02-000000000b00},1404,WINDEV2309EVAL\User,{fda94052-41eb-658d-9002-000000000b00},7044,11076,-,,,,,"
      ",-,,,,,,2023-12-28T09:37:47.0183486Z,,,Process Create (rule: ProcessCreate),1,6672,WINDEV2309EVAL\User,S-1-5-18,2023-12-28 09:37:47.013,5,"<Event xmlns=""http://schemas.microsoft.com/win/2004/08/events/event"">
    <System>
      <Provider Name=""Microsoft-Windows-Sysmon"" Guid=""{5770385f-c22a-43e0-bf4c-06f5698ffbd9}""/>
      <EventID>1</EventID>
      <Version>5</Version>
      <Level>4</Level>
      <Task>1</Task>
      <Opcode>0</Opcode>
      <Keywords>0x8000000000000000</Keywords>
      <TimeCreated SystemTime=""2023-12-28T09:37:47.0183486Z""/>
      <EventRecordID>9506</EventRecordID>
      <Correlation/>
      <Execution ProcessID=""7044"" ThreadID=""6672""/>
      <Channel>Microsoft-Windows-Sysmon/Operational</Channel>
      <Computer>WinDev2309Eval</Computer>
      <Security UserID=""S-1-5-18""/>
    </System>
    <EventData>
      <Data Name=""RuleName"">-</Data>
      <Data Name=""UtcTime"">2023-12-28 09:37:47.013</Data>
      <Data Name=""ProcessGuid"">{fda94052-41eb-658d-9002-000000000b00}</Data>
      <Data Name=""ProcessId"">11076</Data>
      <Data Name=""Image"">C:\AtomicRedTeam\atomics\T1555.003\bin\BrowserCollector.exe</Data>
      <Data Name=""FileVersion"">-</Data>
      <Data Name=""Description"">-</Data>
      <Data Name=""Product"">-</Data>
      <Data Name=""Company"">-</Data>
      <Data Name=""OriginalFileName"">-</Data>
      <Data Name=""CommandLine"">""C:\AtomicRedTeam\atomics\T1555.003\bin\BrowserCollector.exe""</Data>
      <Data Name=""CurrentDirectory"">C:\AtomicRedTeam\atomics\T1555.003\bin\</Data>
      <Data Name=""User"">WINDEV2309EVAL\User</Data>
      <Data Name=""LogonGuid"">{fda94052-3502-658d-b367-080000000000}</Data>
      <Data Name=""LogonId"">0x867b3</Data>
      <Data Name=""TerminalSessionId"">1</Data>
      <Data Name=""IntegrityLevel"">Medium</Data>
      <Data Name=""Hashes"">MD5=CD9F4FEEA7D60108A85CC69682CDDFAE,SHA256=CF648C23C6D626C0331DD50AC0E513964E0CE77D9F1D65A1300EFD43D8C350EF,IMPHASH=9725A492E384962C6A80F9B8CDB8F1C3</Data>
      <Data Name=""ParentProcessGuid"">{fda94052-41e9-658d-8e02-000000000b00}</Data>
      <Data Name=""ParentProcessId"">1404</Data>
      <Data Name=""ParentImage"">C:\Windows\System32\WindowsPowerShell\v1.0\powershell.exe</Data>
      <Data Name=""ParentCommandLine"">""powershell.exe"" &amp; {Copy-Item \""""$env:localappdata\Google\Chrome\User Data\Default\Login Data\"""" -Destination \""""C:\AtomicRedTeam\atomics\..\ExternalPayloads\"""" &gt; $null
Remove-Item \""""$env:localappdata\Google\Chrome\User Data\Default\Login Data\"""" &gt; $null
Copy-Item \""""$env:C:\AtomicRedTeam\atomics\T1555.003\src\Login Data\"""" -Destination \""""$env:localappdata\Google\Chrome\User Data\Default\\"""" &gt; $null
cd \""""$env:C:\AtomicRedTeam\atomics\T1555.003\bin\""""
.\BrowserCollector.exe}</Data>
      <Data Name=""ParentUser"">WINDEV2309EVAL\User</Data>
    </EventData>
    <RenderingInfo Culture=""en-US"">
      <Message>Process Create:

RuleName: -

UtcTime: 2023-12-28 09:37:47.013

ProcessGuid: {fda94052-41eb-658d-9002-000000000b00}

ProcessId: 11076

Image: C:\AtomicRedTeam\atomics\T1555.003\bin\BrowserCollector.exe

FileVersion: -

Description: -

Product: -

Company: -

OriginalFileName: -

CommandLine: ""C:\AtomicRedTeam\atomics\T1555.003\bin\BrowserCollector.exe""

CurrentDirectory: C:\AtomicRedTeam\atomics\T1555.003\bin\

User: WINDEV2309EVAL\User

LogonGuid: {fda94052-3502-658d-b367-080000000000}

LogonId: 0x867B3

TerminalSessionId: 1

IntegrityLevel: Medium

Hashes: MD5=CD9F4FEEA7D60108A85CC69682CDDFAE,SHA256=CF648C23C6D626C0331DD50AC0E513964E0CE77D9F1D65A1300EFD43D8C350EF,IMPHASH=9725A492E384962C6A80F9B8CDB8F1C3

ParentProcessGuid: {fda94052-41e9-658d-8e02-000000000b00}

ParentProcessId: 1404

ParentImage: C:\Windows\System32\WindowsPowerShell\v1.0\powershell.exe

ParentCommandLine: ""powershell.exe"" &amp; {Copy-Item \""""$env:localappdata\Google\Chrome\User Data\Default\Login Data\"""" -Destination \""""C:\AtomicRedTeam\atomics\..\ExternalPayloads\"""" &gt; $null
Remove-Item \""""$env:localappdata\Google\Chrome\User Data\Default\Login Data\"""" &gt; $null
Copy-Item \""""$env:C:\AtomicRedTeam\atomics\T1555.003\src\Login Data\"""" -Destination \""""$env:localappdata\Google\Chrome\User Data\Default\\"""" &gt; $null
cd \""""$env:C:\AtomicRedTeam\atomics\T1555.003\bin\""""
.\BrowserCollector.exe}

ParentUser: WINDEV2309EVAL\User</Message>
      <Level>Information</Level>
      <Task>Process Create (rule: ProcessCreate)</Task>
      <Opcode>Info</Opcode>
    </RenderingInfo>
  </Event>
  
"
Microsoft-Windows-Sysmon/Operational,,,WinDev2309Eval,2023-12-28 09:37:45.153,,,,,,,,,11,9505,,,,C:\Windows\System32\WindowsPowerShell\v1.0\powershell.exe,,,0x8000000000000000,Information,,,"File created:

RuleName: -

UtcTime: 2023-12-28 09:37:45.153

ProcessGuid: {fda94052-41e9-658d-8e02-000000000b00}

ProcessId: 1404

Image: C:\Windows\System32\WindowsPowerShell\v1.0\powershell.exe

TargetFilename: C:\Users\User\AppData\Local\Temp\__PSScriptPolicyTest_dvuekqa2.hux.ps1

CreationUtcTime: 2023-12-28 09:37:45.153

User: WINDEV2309EVAL\User",Info,,,,,,,{fda94052-41e9-658d-8e02-000000000b00},7044,1404,,,,,,"
      ",-,,,,,,2023-12-28T09:37:45.1657011Z,C:\Users\User\AppData\Local\Temp\__PSScriptPolicyTest_dvuekqa2.hux.ps1,,File created (rule: FileCreate),,6672,WINDEV2309EVAL\User,S-1-5-18,2023-12-28 09:37:45.153,2,"<Event xmlns=""http://schemas.microsoft.com/win/2004/08/events/event"">
    <System>
      <Provider Name=""Microsoft-Windows-Sysmon"" Guid=""{5770385f-c22a-43e0-bf4c-06f5698ffbd9}""/>
      <EventID>11</EventID>
      <Version>2</Version>
      <Level>4</Level>
      <Task>11</Task>
      <Opcode>0</Opcode>
      <Keywords>0x8000000000000000</Keywords>
      <TimeCreated SystemTime=""2023-12-28T09:37:45.1657011Z""/>
      <EventRecordID>9505</EventRecordID>
      <Correlation/>
      <Execution ProcessID=""7044"" ThreadID=""6672""/>
      <Channel>Microsoft-Windows-Sysmon/Operational</Channel>
      <Computer>WinDev2309Eval</Computer>
      <Security UserID=""S-1-5-18""/>
    </System>
    <EventData>
      <Data Name=""RuleName"">-</Data>
      <Data Name=""UtcTime"">2023-12-28 09:37:45.153</Data>
      <Data Name=""ProcessGuid"">{fda94052-41e9-658d-8e02-000000000b00}</Data>
      <Data Name=""ProcessId"">1404</Data>
      <Data Name=""Image"">C:\Windows\System32\WindowsPowerShell\v1.0\powershell.exe</Data>
      <Data Name=""TargetFilename"">C:\Users\User\AppData\Local\Temp\__PSScriptPolicyTest_dvuekqa2.hux.ps1</Data>
      <Data Name=""CreationUtcTime"">2023-12-28 09:37:45.153</Data>
      <Data Name=""User"">WINDEV2309EVAL\User</Data>
    </EventData>
    <RenderingInfo Culture=""en-US"">
      <Message>File created:

RuleName: -

UtcTime: 2023-12-28 09:37:45.153

ProcessGuid: {fda94052-41e9-658d-8e02-000000000b00}

ProcessId: 1404

Image: C:\Windows\System32\WindowsPowerShell\v1.0\powershell.exe

TargetFilename: C:\Users\User\AppData\Local\Temp\__PSScriptPolicyTest_dvuekqa2.hux.ps1

CreationUtcTime: 2023-12-28 09:37:45.153

User: WINDEV2309EVAL\User</Message>
      <Level>Information</Level>
      <Task>File created (rule: FileCreate)</Task>
      <Opcode>Info</Opcode>
    </RenderingInfo>
  </Event>
  
"
Microsoft-Windows-Sysmon/Operational,"""powershell.exe"" & {Copy-Item \""""$env:localappdata\Google\Chrome\User Data\Default\Login Data\"""" -Destination \""""C:\AtomicRedTeam\atomics\..\ExternalPayloads\"""" > $null
Remove-Item \""""$env:localappdata\Google\Chrome\User Data\Default\Login Data\"""" > $null
Copy-Item \""""$env:C:\AtomicRedTeam\atomics\T1555.003\src\Login Data\"""" -Destination \""""$env:localappdata\Google\Chrome\User Data\Default\\"""" > $null
cd \""""$env:C:\AtomicRedTeam\atomics\T1555.003\bin\""""
.\BrowserCollector.exe}",Microsoft Corporation,WinDev2309Eval,,C:\Users\User\AppData\Local\Temp\,Windows PowerShell,,,,,,,1,9504,,10.0.22621.2215 (WinBuild.160101.0800),"MD5=824B9F337E68DD8C117595071AC11E23,SHA256=17083405E7DECB3DDEF837C2FA599293A4E8133736969DFD5CE92EF15608A587,IMPHASH=51B0FFFA02CA6C1B85189E2E6C139F36",C:\Windows\System32\WindowsPowerShell\v1.0\powershell.exe,,Medium,0x8000000000000000,Information,{fda94052-3502-658d-b367-080000000000},0x867b3,"Process Create:

RuleName: -

UtcTime: 2023-12-28 09:37:45.024

ProcessGuid: {fda94052-41e9-658d-8e02-000000000b00}

ProcessId: 1404

Image: C:\Windows\System32\WindowsPowerShell\v1.0\powershell.exe

FileVersion: 10.0.22621.2215 (WinBuild.160101.0800)

Description: Windows PowerShell

Product: Microsoft® Windows® Operating System

Company: Microsoft Corporation

OriginalFileName: PowerShell.EXE

CommandLine: ""powershell.exe"" & {Copy-Item \""""$env:localappdata\Google\Chrome\User Data\Default\Login Data\"""" -Destination \""""C:\AtomicRedTeam\atomics\..\ExternalPayloads\"""" > $null
Remove-Item \""""$env:localappdata\Google\Chrome\User Data\Default\Login Data\"""" > $null
Copy-Item \""""$env:C:\AtomicRedTeam\atomics\T1555.003\src\Login Data\"""" -Destination \""""$env:localappdata\Google\Chrome\User Data\Default\\"""" > $null
cd \""""$env:C:\AtomicRedTeam\atomics\T1555.003\bin\""""
.\BrowserCollector.exe}

CurrentDirectory: C:\Users\User\AppData\Local\Temp\

User: WINDEV2309EVAL\User

LogonGuid: {fda94052-3502-658d-b367-080000000000}

LogonId: 0x867B3

TerminalSessionId: 1

IntegrityLevel: Medium

Hashes: MD5=824B9F337E68DD8C117595071AC11E23,SHA256=17083405E7DECB3DDEF837C2FA599293A4E8133736969DFD5CE92EF15608A587,IMPHASH=51B0FFFA02CA6C1B85189E2E6C139F36

ParentProcessGuid: {fda94052-b87a-658c-2702-000000000b00}

ParentProcessId: 5076

ParentImage: C:\Windows\System32\WindowsPowerShell\v1.0\powershell.exe

ParentCommandLine: ""C:\Windows\System32\WindowsPowerShell\v1.0\powershell.exe"" -exec bypass

ParentUser: WINDEV2309EVAL\User",Info,PowerShell.EXE,"""C:\Windows\System32\WindowsPowerShell\v1.0\powershell.exe"" -exec bypass",C:\Windows\System32\WindowsPowerShell\v1.0\powershell.exe,{fda94052-b87a-658c-2702-000000000b00},5076,WINDEV2309EVAL\User,{fda94052-41e9-658d-8e02-000000000b00},7044,1404,Microsoft® Windows® Operating System,,,,,"
      ",-,,,,,,2023-12-28T09:37:45.0263272Z,,,Process Create (rule: ProcessCreate),1,6672,WINDEV2309EVAL\User,S-1-5-18,2023-12-28 09:37:45.024,5,"<Event xmlns=""http://schemas.microsoft.com/win/2004/08/events/event"">
    <System>
      <Provider Name=""Microsoft-Windows-Sysmon"" Guid=""{5770385f-c22a-43e0-bf4c-06f5698ffbd9}""/>
      <EventID>1</EventID>
      <Version>5</Version>
      <Level>4</Level>
      <Task>1</Task>
      <Opcode>0</Opcode>
      <Keywords>0x8000000000000000</Keywords>
      <TimeCreated SystemTime=""2023-12-28T09:37:45.0263272Z""/>
      <EventRecordID>9504</EventRecordID>
      <Correlation/>
      <Execution ProcessID=""7044"" ThreadID=""6672""/>
      <Channel>Microsoft-Windows-Sysmon/Operational</Channel>
      <Computer>WinDev2309Eval</Computer>
      <Security UserID=""S-1-5-18""/>
    </System>
    <EventData>
      <Data Name=""RuleName"">-</Data>
      <Data Name=""UtcTime"">2023-12-28 09:37:45.024</Data>
      <Data Name=""ProcessGuid"">{fda94052-41e9-658d-8e02-000000000b00}</Data>
      <Data Name=""ProcessId"">1404</Data>
      <Data Name=""Image"">C:\Windows\System32\WindowsPowerShell\v1.0\powershell.exe</Data>
      <Data Name=""FileVersion"">10.0.22621.2215 (WinBuild.160101.0800)</Data>
      <Data Name=""Description"">Windows PowerShell</Data>
      <Data Name=""Product"">Microsoft&#174; Windows&#174; Operating System</Data>
      <Data Name=""Company"">Microsoft Corporation</Data>
      <Data Name=""OriginalFileName"">PowerShell.EXE</Data>
      <Data Name=""CommandLine"">""powershell.exe"" &amp; {Copy-Item \""""$env:localappdata\Google\Chrome\User Data\Default\Login Data\"""" -Destination \""""C:\AtomicRedTeam\atomics\..\ExternalPayloads\"""" &gt; $null
Remove-Item \""""$env:localappdata\Google\Chrome\User Data\Default\Login Data\"""" &gt; $null
Copy-Item \""""$env:C:\AtomicRedTeam\atomics\T1555.003\src\Login Data\"""" -Destination \""""$env:localappdata\Google\Chrome\User Data\Default\\"""" &gt; $null
cd \""""$env:C:\AtomicRedTeam\atomics\T1555.003\bin\""""
.\BrowserCollector.exe}</Data>
      <Data Name=""CurrentDirectory"">C:\Users\User\AppData\Local\Temp\</Data>
      <Data Name=""User"">WINDEV2309EVAL\User</Data>
      <Data Name=""LogonGuid"">{fda94052-3502-658d-b367-080000000000}</Data>
      <Data Name=""LogonId"">0x867b3</Data>
      <Data Name=""TerminalSessionId"">1</Data>
      <Data Name=""IntegrityLevel"">Medium</Data>
      <Data Name=""Hashes"">MD5=824B9F337E68DD8C117595071AC11E23,SHA256=17083405E7DECB3DDEF837C2FA599293A4E8133736969DFD5CE92EF15608A587,IMPHASH=51B0FFFA02CA6C1B85189E2E6C139F36</Data>
      <Data Name=""ParentProcessGuid"">{fda94052-b87a-658c-2702-000000000b00}</Data>
      <Data Name=""ParentProcessId"">5076</Data>
      <Data Name=""ParentImage"">C:\Windows\System32\WindowsPowerShell\v1.0\powershell.exe</Data>
      <Data Name=""ParentCommandLine"">""C:\Windows\System32\WindowsPowerShell\v1.0\powershell.exe"" -exec bypass</Data>
      <Data Name=""ParentUser"">WINDEV2309EVAL\User</Data>
    </EventData>
    <RenderingInfo Culture=""en-US"">
      <Message>Process Create:

RuleName: -

UtcTime: 2023-12-28 09:37:45.024

ProcessGuid: {fda94052-41e9-658d-8e02-000000000b00}

ProcessId: 1404

Image: C:\Windows\System32\WindowsPowerShell\v1.0\powershell.exe

FileVersion: 10.0.22621.2215 (WinBuild.160101.0800)

Description: Windows PowerShell

Product: Microsoft&#174; Windows&#174; Operating System

Company: Microsoft Corporation

OriginalFileName: PowerShell.EXE

CommandLine: ""powershell.exe"" &amp; {Copy-Item \""""$env:localappdata\Google\Chrome\User Data\Default\Login Data\"""" -Destination \""""C:\AtomicRedTeam\atomics\..\ExternalPayloads\"""" &gt; $null
Remove-Item \""""$env:localappdata\Google\Chrome\User Data\Default\Login Data\"""" &gt; $null
Copy-Item \""""$env:C:\AtomicRedTeam\atomics\T1555.003\src\Login Data\"""" -Destination \""""$env:localappdata\Google\Chrome\User Data\Default\\"""" &gt; $null
cd \""""$env:C:\AtomicRedTeam\atomics\T1555.003\bin\""""
.\BrowserCollector.exe}

CurrentDirectory: C:\Users\User\AppData\Local\Temp\

User: WINDEV2309EVAL\User

LogonGuid: {fda94052-3502-658d-b367-080000000000}

LogonId: 0x867B3

TerminalSessionId: 1

IntegrityLevel: Medium

Hashes: MD5=824B9F337E68DD8C117595071AC11E23,SHA256=17083405E7DECB3DDEF837C2FA599293A4E8133736969DFD5CE92EF15608A587,IMPHASH=51B0FFFA02CA6C1B85189E2E6C139F36

ParentProcessGuid: {fda94052-b87a-658c-2702-000000000b00}

ParentProcessId: 5076

ParentImage: C:\Windows\System32\WindowsPowerShell\v1.0\powershell.exe

ParentCommandLine: ""C:\Windows\System32\WindowsPowerShell\v1.0\powershell.exe"" -exec bypass

ParentUser: WINDEV2309EVAL\User</Message>
      <Level>Information</Level>
      <Task>Process Create (rule: ProcessCreate)</Task>
      <Opcode>Info</Opcode>
    </RenderingInfo>
  </Event>
  
"
Microsoft-Windows-Sysmon/Operational,\\?\C:\Windows\System32\SecurityHealth\1.0.2306.10002-0\SecurityHealthHost.exe {08728914-3F57-4D52-9E31-49DAECA5A80A} -Embedding,Microsoft Corporation,WinDev2309Eval,,C:\Windows\system32\,Windows Security Health Host,,,,,,,1,9503,,10.0.25873.1001 (WinBuild.160101.0800),"MD5=193DC58240D8AC4EC1618FFAE14CAE71,SHA256=8D771C8A91614B85416B3EB328460E80183B38F2DC35C7A26578206AF145F419,IMPHASH=FBC9E5DE00516A75FFF7C4A11857FB1D",C:\Windows\System32\SecurityHealth\1.0.2306.10002-0\SecurityHealthHost.exe,,Medium,0x8000000000000000,Information,{fda94052-3502-658d-b367-080000000000},0x867b3,"Process Create:

RuleName: -

UtcTime: 2023-12-28 09:37:42.265

ProcessGuid: {fda94052-41e6-658d-8c02-000000000b00}

ProcessId: 4428

Image: C:\Windows\System32\SecurityHealth\1.0.2306.10002-0\SecurityHealthHost.exe

FileVersion: 10.0.25873.1001 (WinBuild.160101.0800)

Description: Windows Security Health Host

Product: Microsoft® Windows® Operating System

Company: Microsoft Corporation

OriginalFileName: SecurityHealthHost.exe

CommandLine: \\?\C:\Windows\System32\SecurityHealth\1.0.2306.10002-0\SecurityHealthHost.exe {08728914-3F57-4D52-9E31-49DAECA5A80A} -Embedding

CurrentDirectory: C:\Windows\system32\

User: WINDEV2309EVAL\User

LogonGuid: {fda94052-3502-658d-b367-080000000000}

LogonId: 0x867B3

TerminalSessionId: 1

IntegrityLevel: Medium

Hashes: MD5=193DC58240D8AC4EC1618FFAE14CAE71,SHA256=8D771C8A91614B85416B3EB328460E80183B38F2DC35C7A26578206AF145F419,IMPHASH=FBC9E5DE00516A75FFF7C4A11857FB1D

ParentProcessGuid: {00000000-0000-0000-0000-000000000000}

ParentProcessId: 932

ParentImage: -

ParentCommandLine: -

ParentUser: -",Info,SecurityHealthHost.exe,-,-,{00000000-0000-0000-0000-000000000000},932,-,{fda94052-41e6-658d-8c02-000000000b00},7044,4428,Microsoft® Windows® Operating System,,,,,"
      ",-,,,,,,2023-12-28T09:37:42.2659569Z,,,Process Create (rule: ProcessCreate),1,6672,WINDEV2309EVAL\User,S-1-5-18,2023-12-28 09:37:42.265,5,"<Event xmlns=""http://schemas.microsoft.com/win/2004/08/events/event"">
    <System>
      <Provider Name=""Microsoft-Windows-Sysmon"" Guid=""{5770385f-c22a-43e0-bf4c-06f5698ffbd9}""/>
      <EventID>1</EventID>
      <Version>5</Version>
      <Level>4</Level>
      <Task>1</Task>
      <Opcode>0</Opcode>
      <Keywords>0x8000000000000000</Keywords>
      <TimeCreated SystemTime=""2023-12-28T09:37:42.2659569Z""/>
      <EventRecordID>9503</EventRecordID>
      <Correlation/>
      <Execution ProcessID=""7044"" ThreadID=""6672""/>
      <Channel>Microsoft-Windows-Sysmon/Operational</Channel>
      <Computer>WinDev2309Eval</Computer>
      <Security UserID=""S-1-5-18""/>
    </System>
    <EventData>
      <Data Name=""RuleName"">-</Data>
      <Data Name=""UtcTime"">2023-12-28 09:37:42.265</Data>
      <Data Name=""ProcessGuid"">{fda94052-41e6-658d-8c02-000000000b00}</Data>
      <Data Name=""ProcessId"">4428</Data>
      <Data Name=""Image"">C:\Windows\System32\SecurityHealth\1.0.2306.10002-0\SecurityHealthHost.exe</Data>
      <Data Name=""FileVersion"">10.0.25873.1001 (WinBuild.160101.0800)</Data>
      <Data Name=""Description"">Windows Security Health Host</Data>
      <Data Name=""Product"">Microsoft&#174; Windows&#174; Operating System</Data>
      <Data Name=""Company"">Microsoft Corporation</Data>
      <Data Name=""OriginalFileName"">SecurityHealthHost.exe</Data>
      <Data Name=""CommandLine"">\\?\C:\Windows\System32\SecurityHealth\1.0.2306.10002-0\SecurityHealthHost.exe {08728914-3F57-4D52-9E31-49DAECA5A80A} -Embedding</Data>
      <Data Name=""CurrentDirectory"">C:\Windows\system32\</Data>
      <Data Name=""User"">WINDEV2309EVAL\User</Data>
      <Data Name=""LogonGuid"">{fda94052-3502-658d-b367-080000000000}</Data>
      <Data Name=""LogonId"">0x867b3</Data>
      <Data Name=""TerminalSessionId"">1</Data>
      <Data Name=""IntegrityLevel"">Medium</Data>
      <Data Name=""Hashes"">MD5=193DC58240D8AC4EC1618FFAE14CAE71,SHA256=8D771C8A91614B85416B3EB328460E80183B38F2DC35C7A26578206AF145F419,IMPHASH=FBC9E5DE00516A75FFF7C4A11857FB1D</Data>
      <Data Name=""ParentProcessGuid"">{00000000-0000-0000-0000-000000000000}</Data>
      <Data Name=""ParentProcessId"">932</Data>
      <Data Name=""ParentImage"">-</Data>
      <Data Name=""ParentCommandLine"">-</Data>
      <Data Name=""ParentUser"">-</Data>
    </EventData>
    <RenderingInfo Culture=""en-US"">
      <Message>Process Create:

RuleName: -

UtcTime: 2023-12-28 09:37:42.265

ProcessGuid: {fda94052-41e6-658d-8c02-000000000b00}

ProcessId: 4428

Image: C:\Windows\System32\SecurityHealth\1.0.2306.10002-0\SecurityHealthHost.exe

FileVersion: 10.0.25873.1001 (WinBuild.160101.0800)

Description: Windows Security Health Host

Product: Microsoft&#174; Windows&#174; Operating System

Company: Microsoft Corporation

OriginalFileName: SecurityHealthHost.exe

CommandLine: \\?\C:\Windows\System32\SecurityHealth\1.0.2306.10002-0\SecurityHealthHost.exe {08728914-3F57-4D52-9E31-49DAECA5A80A} -Embedding

CurrentDirectory: C:\Windows\system32\

User: WINDEV2309EVAL\User

LogonGuid: {fda94052-3502-658d-b367-080000000000}

LogonId: 0x867B3

TerminalSessionId: 1

IntegrityLevel: Medium

Hashes: MD5=193DC58240D8AC4EC1618FFAE14CAE71,SHA256=8D771C8A91614B85416B3EB328460E80183B38F2DC35C7A26578206AF145F419,IMPHASH=FBC9E5DE00516A75FFF7C4A11857FB1D

ParentProcessGuid: {00000000-0000-0000-0000-000000000000}

ParentProcessId: 932

ParentImage: -

ParentCommandLine: -

ParentUser: -</Message>
      <Level>Information</Level>
      <Task>Process Create (rule: ProcessCreate)</Task>
      <Opcode>Info</Opcode>
    </RenderingInfo>
  </Event>
  
"
Microsoft-Windows-Sysmon/Operational,taskhostw.exe -RegisterDevice -ProtectionStateChanged -FreeNetworkOnly,Microsoft Corporation,WinDev2309Eval,,C:\Windows\system32\,Host Process for Windows Tasks,,,,,,,1,9502,,10.0.22621.1635 (WinBuild.160101.0800),"MD5=4887A65FD4F6598AF4986CBC1C0E5488,SHA256=82472A84BCBB4009ADD338200F8E853FE4C5EAFE2E2C3A2D711B85BF29B72D54,IMPHASH=1C4E2D9936E4D9F2490B08AAB4D24260",C:\Windows\System32\taskhostw.exe,,System,0x8000000000000000,Information,{fda94052-34eb-658d-e703-000000000000},0x3e7,"Process Create:

RuleName: -

UtcTime: 2023-12-28 09:37:42.242

ProcessGuid: {fda94052-41e6-658d-8b02-000000000b00}

ProcessId: 8856

Image: C:\Windows\System32\taskhostw.exe

FileVersion: 10.0.22621.1635 (WinBuild.160101.0800)

Description: Host Process for Windows Tasks

Product: Microsoft® Windows® Operating System

Company: Microsoft Corporation

OriginalFileName: taskhostw.exe

CommandLine: taskhostw.exe -RegisterDevice -ProtectionStateChanged -FreeNetworkOnly

CurrentDirectory: C:\Windows\system32\

User: NT AUTHORITY\SYSTEM

LogonGuid: {fda94052-34eb-658d-e703-000000000000}

LogonId: 0x3E7

TerminalSessionId: 0

IntegrityLevel: System

Hashes: MD5=4887A65FD4F6598AF4986CBC1C0E5488,SHA256=82472A84BCBB4009ADD338200F8E853FE4C5EAFE2E2C3A2D711B85BF29B72D54,IMPHASH=1C4E2D9936E4D9F2490B08AAB4D24260

ParentProcessGuid: {00000000-0000-0000-0000-000000000000}

ParentProcessId: 1900

ParentImage: -

ParentCommandLine: -

ParentUser: -",Info,taskhostw.exe,-,-,{00000000-0000-0000-0000-000000000000},1900,-,{fda94052-41e6-658d-8b02-000000000b00},7044,8856,Microsoft® Windows® Operating System,,,,,"
      ",-,,,,,,2023-12-28T09:37:42.2444860Z,,,Process Create (rule: ProcessCreate),0,6672,NT AUTHORITY\SYSTEM,S-1-5-18,2023-12-28 09:37:42.242,5,"<Event xmlns=""http://schemas.microsoft.com/win/2004/08/events/event"">
    <System>
      <Provider Name=""Microsoft-Windows-Sysmon"" Guid=""{5770385f-c22a-43e0-bf4c-06f5698ffbd9}""/>
      <EventID>1</EventID>
      <Version>5</Version>
      <Level>4</Level>
      <Task>1</Task>
      <Opcode>0</Opcode>
      <Keywords>0x8000000000000000</Keywords>
      <TimeCreated SystemTime=""2023-12-28T09:37:42.2444860Z""/>
      <EventRecordID>9502</EventRecordID>
      <Correlation/>
      <Execution ProcessID=""7044"" ThreadID=""6672""/>
      <Channel>Microsoft-Windows-Sysmon/Operational</Channel>
      <Computer>WinDev2309Eval</Computer>
      <Security UserID=""S-1-5-18""/>
    </System>
    <EventData>
      <Data Name=""RuleName"">-</Data>
      <Data Name=""UtcTime"">2023-12-28 09:37:42.242</Data>
      <Data Name=""ProcessGuid"">{fda94052-41e6-658d-8b02-000000000b00}</Data>
      <Data Name=""ProcessId"">8856</Data>
      <Data Name=""Image"">C:\Windows\System32\taskhostw.exe</Data>
      <Data Name=""FileVersion"">10.0.22621.1635 (WinBuild.160101.0800)</Data>
      <Data Name=""Description"">Host Process for Windows Tasks</Data>
      <Data Name=""Product"">Microsoft&#174; Windows&#174; Operating System</Data>
      <Data Name=""Company"">Microsoft Corporation</Data>
      <Data Name=""OriginalFileName"">taskhostw.exe</Data>
      <Data Name=""CommandLine"">taskhostw.exe -RegisterDevice -ProtectionStateChanged -FreeNetworkOnly</Data>
      <Data Name=""CurrentDirectory"">C:\Windows\system32\</Data>
      <Data Name=""User"">NT AUTHORITY\SYSTEM</Data>
      <Data Name=""LogonGuid"">{fda94052-34eb-658d-e703-000000000000}</Data>
      <Data Name=""LogonId"">0x3e7</Data>
      <Data Name=""TerminalSessionId"">0</Data>
      <Data Name=""IntegrityLevel"">System</Data>
      <Data Name=""Hashes"">MD5=4887A65FD4F6598AF4986CBC1C0E5488,SHA256=82472A84BCBB4009ADD338200F8E853FE4C5EAFE2E2C3A2D711B85BF29B72D54,IMPHASH=1C4E2D9936E4D9F2490B08AAB4D24260</Data>
      <Data Name=""ParentProcessGuid"">{00000000-0000-0000-0000-000000000000}</Data>
      <Data Name=""ParentProcessId"">1900</Data>
      <Data Name=""ParentImage"">-</Data>
      <Data Name=""ParentCommandLine"">-</Data>
      <Data Name=""ParentUser"">-</Data>
    </EventData>
    <RenderingInfo Culture=""en-US"">
      <Message>Process Create:

RuleName: -

UtcTime: 2023-12-28 09:37:42.242

ProcessGuid: {fda94052-41e6-658d-8b02-000000000b00}

ProcessId: 8856

Image: C:\Windows\System32\taskhostw.exe

FileVersion: 10.0.22621.1635 (WinBuild.160101.0800)

Description: Host Process for Windows Tasks

Product: Microsoft&#174; Windows&#174; Operating System

Company: Microsoft Corporation

OriginalFileName: taskhostw.exe

CommandLine: taskhostw.exe -RegisterDevice -ProtectionStateChanged -FreeNetworkOnly

CurrentDirectory: C:\Windows\system32\

User: NT AUTHORITY\SYSTEM

LogonGuid: {fda94052-34eb-658d-e703-000000000000}

LogonId: 0x3E7

TerminalSessionId: 0

IntegrityLevel: System

Hashes: MD5=4887A65FD4F6598AF4986CBC1C0E5488,SHA256=82472A84BCBB4009ADD338200F8E853FE4C5EAFE2E2C3A2D711B85BF29B72D54,IMPHASH=1C4E2D9936E4D9F2490B08AAB4D24260

ParentProcessGuid: {00000000-0000-0000-0000-000000000000}

ParentProcessId: 1900

ParentImage: -

ParentCommandLine: -

ParentUser: -</Message>
      <Level>Information</Level>
      <Task>Process Create (rule: ProcessCreate)</Task>
      <Opcode>Info</Opcode>
    </RenderingInfo>
  </Event>
  
"
Microsoft-Windows-Sysmon/Operational,"""C:\AtomicRedTeam\atomics\T1555.003\bin\WebBrowserPassView.exe"" ",NirSoft,WinDev2309Eval,,C:\Users\User\AppData\Local\Temp\,Web Browser Password Viewer,,,,,,,1,9501,,2.11,"MD5=F3D20449BAB41301AEFAD304CB02773B,SHA256=C41216EEE9756A1DCC546DF4FE97DEFC05513EED64CE6AC05F1501B50E6F96CC,IMPHASH=6CDE2F49ECF3CC2F14739BABAA8FD75F",C:\AtomicRedTeam\atomics\T1555.003\bin\WebBrowserPassView.exe,,Medium,0x8000000000000000,Information,{fda94052-3502-658d-b367-080000000000},0x867b3,"Process Create:

RuleName: -

UtcTime: 2023-12-28 09:37:40.558

ProcessGuid: {fda94052-41e4-658d-8a02-000000000b00}

ProcessId: 1828

Image: C:\AtomicRedTeam\atomics\T1555.003\bin\WebBrowserPassView.exe

FileVersion: 2.11

Description: Web Browser Password Viewer

Product: -

Company: NirSoft

OriginalFileName: -

CommandLine: ""C:\AtomicRedTeam\atomics\T1555.003\bin\WebBrowserPassView.exe"" 

CurrentDirectory: C:\Users\User\AppData\Local\Temp\

User: WINDEV2309EVAL\User

LogonGuid: {fda94052-3502-658d-b367-080000000000}

LogonId: 0x867B3

TerminalSessionId: 1

IntegrityLevel: Medium

Hashes: MD5=F3D20449BAB41301AEFAD304CB02773B,SHA256=C41216EEE9756A1DCC546DF4FE97DEFC05513EED64CE6AC05F1501B50E6F96CC,IMPHASH=6CDE2F49ECF3CC2F14739BABAA8FD75F

ParentProcessGuid: {fda94052-41e1-658d-8802-000000000b00}

ParentProcessId: 8400

ParentImage: C:\Windows\System32\WindowsPowerShell\v1.0\powershell.exe

ParentCommandLine: ""powershell.exe"" & {Start-Process \""""C:\AtomicRedTeam\atomics\T1555.003\bin\WebBrowserPassView.exe\""""
Start-Sleep -Second 4
Stop-Process -Name \""""WebBrowserPassView\""""}

ParentUser: WINDEV2309EVAL\User",Info,-,"""powershell.exe"" & {Start-Process \""""C:\AtomicRedTeam\atomics\T1555.003\bin\WebBrowserPassView.exe\""""
Start-Sleep -Second 4
Stop-Process -Name \""""WebBrowserPassView\""""}",C:\Windows\System32\WindowsPowerShell\v1.0\powershell.exe,{fda94052-41e1-658d-8802-000000000b00},8400,WINDEV2309EVAL\User,{fda94052-41e4-658d-8a02-000000000b00},7044,1828,-,,,,,"
      ",-,,,,,,2023-12-28T09:37:40.5623805Z,,,Process Create (rule: ProcessCreate),1,6672,WINDEV2309EVAL\User,S-1-5-18,2023-12-28 09:37:40.558,5,"<Event xmlns=""http://schemas.microsoft.com/win/2004/08/events/event"">
    <System>
      <Provider Name=""Microsoft-Windows-Sysmon"" Guid=""{5770385f-c22a-43e0-bf4c-06f5698ffbd9}""/>
      <EventID>1</EventID>
      <Version>5</Version>
      <Level>4</Level>
      <Task>1</Task>
      <Opcode>0</Opcode>
      <Keywords>0x8000000000000000</Keywords>
      <TimeCreated SystemTime=""2023-12-28T09:37:40.5623805Z""/>
      <EventRecordID>9501</EventRecordID>
      <Correlation/>
      <Execution ProcessID=""7044"" ThreadID=""6672""/>
      <Channel>Microsoft-Windows-Sysmon/Operational</Channel>
      <Computer>WinDev2309Eval</Computer>
      <Security UserID=""S-1-5-18""/>
    </System>
    <EventData>
      <Data Name=""RuleName"">-</Data>
      <Data Name=""UtcTime"">2023-12-28 09:37:40.558</Data>
      <Data Name=""ProcessGuid"">{fda94052-41e4-658d-8a02-000000000b00}</Data>
      <Data Name=""ProcessId"">1828</Data>
      <Data Name=""Image"">C:\AtomicRedTeam\atomics\T1555.003\bin\WebBrowserPassView.exe</Data>
      <Data Name=""FileVersion"">2.11</Data>
      <Data Name=""Description"">Web Browser Password Viewer</Data>
      <Data Name=""Product"">-</Data>
      <Data Name=""Company"">NirSoft</Data>
      <Data Name=""OriginalFileName"">-</Data>
      <Data Name=""CommandLine"">""C:\AtomicRedTeam\atomics\T1555.003\bin\WebBrowserPassView.exe"" </Data>
      <Data Name=""CurrentDirectory"">C:\Users\User\AppData\Local\Temp\</Data>
      <Data Name=""User"">WINDEV2309EVAL\User</Data>
      <Data Name=""LogonGuid"">{fda94052-3502-658d-b367-080000000000}</Data>
      <Data Name=""LogonId"">0x867b3</Data>
      <Data Name=""TerminalSessionId"">1</Data>
      <Data Name=""IntegrityLevel"">Medium</Data>
      <Data Name=""Hashes"">MD5=F3D20449BAB41301AEFAD304CB02773B,SHA256=C41216EEE9756A1DCC546DF4FE97DEFC05513EED64CE6AC05F1501B50E6F96CC,IMPHASH=6CDE2F49ECF3CC2F14739BABAA8FD75F</Data>
      <Data Name=""ParentProcessGuid"">{fda94052-41e1-658d-8802-000000000b00}</Data>
      <Data Name=""ParentProcessId"">8400</Data>
      <Data Name=""ParentImage"">C:\Windows\System32\WindowsPowerShell\v1.0\powershell.exe</Data>
      <Data Name=""ParentCommandLine"">""powershell.exe"" &amp; {Start-Process \""""C:\AtomicRedTeam\atomics\T1555.003\bin\WebBrowserPassView.exe\""""
Start-Sleep -Second 4
Stop-Process -Name \""""WebBrowserPassView\""""}</Data>
      <Data Name=""ParentUser"">WINDEV2309EVAL\User</Data>
    </EventData>
    <RenderingInfo Culture=""en-US"">
      <Message>Process Create:

RuleName: -

UtcTime: 2023-12-28 09:37:40.558

ProcessGuid: {fda94052-41e4-658d-8a02-000000000b00}

ProcessId: 1828

Image: C:\AtomicRedTeam\atomics\T1555.003\bin\WebBrowserPassView.exe

FileVersion: 2.11

Description: Web Browser Password Viewer

Product: -

Company: NirSoft

OriginalFileName: -

CommandLine: ""C:\AtomicRedTeam\atomics\T1555.003\bin\WebBrowserPassView.exe"" 

CurrentDirectory: C:\Users\User\AppData\Local\Temp\

User: WINDEV2309EVAL\User

LogonGuid: {fda94052-3502-658d-b367-080000000000}

LogonId: 0x867B3

TerminalSessionId: 1

IntegrityLevel: Medium

Hashes: MD5=F3D20449BAB41301AEFAD304CB02773B,SHA256=C41216EEE9756A1DCC546DF4FE97DEFC05513EED64CE6AC05F1501B50E6F96CC,IMPHASH=6CDE2F49ECF3CC2F14739BABAA8FD75F

ParentProcessGuid: {fda94052-41e1-658d-8802-000000000b00}

ParentProcessId: 8400

ParentImage: C:\Windows\System32\WindowsPowerShell\v1.0\powershell.exe

ParentCommandLine: ""powershell.exe"" &amp; {Start-Process \""""C:\AtomicRedTeam\atomics\T1555.003\bin\WebBrowserPassView.exe\""""
Start-Sleep -Second 4
Stop-Process -Name \""""WebBrowserPassView\""""}

ParentUser: WINDEV2309EVAL\User</Message>
      <Level>Information</Level>
      <Task>Process Create (rule: ProcessCreate)</Task>
      <Opcode>Info</Opcode>
    </RenderingInfo>
  </Event>
  
"
Microsoft-Windows-Sysmon/Operational,,,WinDev2309Eval,,,,,,,,,,22,9500,,,,<unknown process>,,,0x8000000000000000,Information,,,"Dns query:

RuleName: -

UtcTime: 2023-12-27 23:54:42.670

ProcessGuid: {00000000-0000-0000-0000-000000000000}

ProcessId: 5024

QueryName: raw.githubusercontent.com

QueryStatus: 0

QueryResults: ::ffff:185.199.108.133;::ffff:185.199.109.133;::ffff:185.199.110.133;::ffff:185.199.111.133;

Image: <unknown process>

User: WINDEV2309EVAL\User",Info,,,,,,,{00000000-0000-0000-0000-000000000000},7044,5024,,,raw.githubusercontent.com,::ffff:185.199.108.133;::ffff:185.199.109.133;::ffff:185.199.110.133;::ffff:185.199.111.133;,0,"
      ",-,,,,,,2023-12-28T09:37:37.3958665Z,,,Dns query (rule: DnsQuery),,1124,WINDEV2309EVAL\User,S-1-5-18,2023-12-27 23:54:42.670,5,"<Event xmlns=""http://schemas.microsoft.com/win/2004/08/events/event"">
    <System>
      <Provider Name=""Microsoft-Windows-Sysmon"" Guid=""{5770385f-c22a-43e0-bf4c-06f5698ffbd9}""/>
      <EventID>22</EventID>
      <Version>5</Version>
      <Level>4</Level>
      <Task>22</Task>
      <Opcode>0</Opcode>
      <Keywords>0x8000000000000000</Keywords>
      <TimeCreated SystemTime=""2023-12-28T09:37:37.3958665Z""/>
      <EventRecordID>9500</EventRecordID>
      <Correlation/>
      <Execution ProcessID=""7044"" ThreadID=""1124""/>
      <Channel>Microsoft-Windows-Sysmon/Operational</Channel>
      <Computer>WinDev2309Eval</Computer>
      <Security UserID=""S-1-5-18""/>
    </System>
    <EventData>
      <Data Name=""RuleName"">-</Data>
      <Data Name=""UtcTime"">2023-12-27 23:54:42.670</Data>
      <Data Name=""ProcessGuid"">{00000000-0000-0000-0000-000000000000}</Data>
      <Data Name=""ProcessId"">5024</Data>
      <Data Name=""QueryName"">raw.githubusercontent.com</Data>
      <Data Name=""QueryStatus"">0</Data>
      <Data Name=""QueryResults"">::ffff:185.199.108.133;::ffff:185.199.109.133;::ffff:185.199.110.133;::ffff:185.199.111.133;</Data>
      <Data Name=""Image"">&lt;unknown process&gt;</Data>
      <Data Name=""User"">WINDEV2309EVAL\User</Data>
    </EventData>
    <RenderingInfo Culture=""en-US"">
      <Message>Dns query:

RuleName: -

UtcTime: 2023-12-27 23:54:42.670

ProcessGuid: {00000000-0000-0000-0000-000000000000}

ProcessId: 5024

QueryName: raw.githubusercontent.com

QueryStatus: 0

QueryResults: ::ffff:185.199.108.133;::ffff:185.199.109.133;::ffff:185.199.110.133;::ffff:185.199.111.133;

Image: &lt;unknown process&gt;

User: WINDEV2309EVAL\User</Message>
      <Level>Information</Level>
      <Task>Dns query (rule: DnsQuery)</Task>
      <Opcode>Info</Opcode>
    </RenderingInfo>
  </Event>
  
"
Microsoft-Windows-Sysmon/Operational,,,WinDev2309Eval,2023-12-28 09:37:37.204,,,,,,,,,11,9499,,,,C:\Windows\System32\WindowsPowerShell\v1.0\powershell.exe,,,0x8000000000000000,Information,,,"File created:

RuleName: -

UtcTime: 2023-12-28 09:37:37.204

ProcessGuid: {fda94052-41e1-658d-8802-000000000b00}

ProcessId: 8400

Image: C:\Windows\System32\WindowsPowerShell\v1.0\powershell.exe

TargetFilename: C:\Users\User\AppData\Local\Temp\__PSScriptPolicyTest_xdfkmle3.11n.ps1

CreationUtcTime: 2023-12-28 09:37:37.204

User: WINDEV2309EVAL\User",Info,,,,,,,{fda94052-41e1-658d-8802-000000000b00},7044,8400,,,,,,"
      ",-,,,,,,2023-12-28T09:37:37.2177287Z,C:\Users\User\AppData\Local\Temp\__PSScriptPolicyTest_xdfkmle3.11n.ps1,,File created (rule: FileCreate),,6672,WINDEV2309EVAL\User,S-1-5-18,2023-12-28 09:37:37.204,2,"<Event xmlns=""http://schemas.microsoft.com/win/2004/08/events/event"">
    <System>
      <Provider Name=""Microsoft-Windows-Sysmon"" Guid=""{5770385f-c22a-43e0-bf4c-06f5698ffbd9}""/>
      <EventID>11</EventID>
      <Version>2</Version>
      <Level>4</Level>
      <Task>11</Task>
      <Opcode>0</Opcode>
      <Keywords>0x8000000000000000</Keywords>
      <TimeCreated SystemTime=""2023-12-28T09:37:37.2177287Z""/>
      <EventRecordID>9499</EventRecordID>
      <Correlation/>
      <Execution ProcessID=""7044"" ThreadID=""6672""/>
      <Channel>Microsoft-Windows-Sysmon/Operational</Channel>
      <Computer>WinDev2309Eval</Computer>
      <Security UserID=""S-1-5-18""/>
    </System>
    <EventData>
      <Data Name=""RuleName"">-</Data>
      <Data Name=""UtcTime"">2023-12-28 09:37:37.204</Data>
      <Data Name=""ProcessGuid"">{fda94052-41e1-658d-8802-000000000b00}</Data>
      <Data Name=""ProcessId"">8400</Data>
      <Data Name=""Image"">C:\Windows\System32\WindowsPowerShell\v1.0\powershell.exe</Data>
      <Data Name=""TargetFilename"">C:\Users\User\AppData\Local\Temp\__PSScriptPolicyTest_xdfkmle3.11n.ps1</Data>
      <Data Name=""CreationUtcTime"">2023-12-28 09:37:37.204</Data>
      <Data Name=""User"">WINDEV2309EVAL\User</Data>
    </EventData>
    <RenderingInfo Culture=""en-US"">
      <Message>File created:

RuleName: -

UtcTime: 2023-12-28 09:37:37.204

ProcessGuid: {fda94052-41e1-658d-8802-000000000b00}

ProcessId: 8400

Image: C:\Windows\System32\WindowsPowerShell\v1.0\powershell.exe

TargetFilename: C:\Users\User\AppData\Local\Temp\__PSScriptPolicyTest_xdfkmle3.11n.ps1

CreationUtcTime: 2023-12-28 09:37:37.204

User: WINDEV2309EVAL\User</Message>
      <Level>Information</Level>
      <Task>File created (rule: FileCreate)</Task>
      <Opcode>Info</Opcode>
    </RenderingInfo>
  </Event>
  
"
