Microsoft-Windows-Sysmon/Operational,"""powershell.exe"" & {Unblock-File -Path $env:tmp\ReadMe.md}",Microsoft Corporation,WinDev2309Eval,,C:\Users\User\AppData\Local\Temp\,Windows PowerShell,,,,,,,1,9469,,10.0.22621.2215 (WinBuild.160101.0800),"MD5=824B9F337E68DD8C117595071AC11E23,SHA256=17083405E7DECB3DDEF837C2FA599293A4E8133736969DFD5CE92EF15608A587,IMPHASH=51B0FFFA02CA6C1B85189E2E6C139F36",C:\Windows\System32\WindowsPowerShell\v1.0\powershell.exe,,Medium,0x8000000000000000,Information,{fda94052-3502-658d-b367-080000000000},0x867b3,"Process Create:

RuleName: -

UtcTime: 2023-12-28 09:33:04.149

ProcessGuid: {fda94052-40d0-658d-7302-000000000b00}

ProcessId: 6964

Image: C:\Windows\System32\WindowsPowerShell\v1.0\powershell.exe

FileVersion: 10.0.22621.2215 (WinBuild.160101.0800)

Description: Windows PowerShell

Product: Microsoft® Windows® Operating System

Company: Microsoft Corporation

OriginalFileName: PowerShell.EXE

CommandLine: ""powershell.exe"" & {Unblock-File -Path $env:tmp\ReadMe.md}

CurrentDirectory: C:\Users\User\AppData\Local\Temp\

User: WINDEV2309EVAL\User

LogonGuid: {fda94052-3502-658d-b367-080000000000}

LogonId: 0x867B3

TerminalSessionId: 1

IntegrityLevel: Medium

Hashes: MD5=824B9F337E68DD8C117595071AC11E23,SHA256=17083405E7DECB3DDEF837C2FA599293A4E8133736969DFD5CE92EF15608A587,IMPHASH=51B0FFFA02CA6C1B85189E2E6C139F36

ParentProcessGuid: {fda94052-b87a-658c-2702-000000000b00}

ParentProcessId: 5076

ParentImage: C:\Windows\System32\WindowsPowerShell\v1.0\powershell.exe

ParentCommandLine: ""C:\Windows\System32\WindowsPowerShell\v1.0\powershell.exe"" -exec bypass

ParentUser: WINDEV2309EVAL\User",Info,PowerShell.EXE,"""C:\Windows\System32\WindowsPowerShell\v1.0\powershell.exe"" -exec bypass",C:\Windows\System32\WindowsPowerShell\v1.0\powershell.exe,{fda94052-b87a-658c-2702-000000000b00},5076,WINDEV2309EVAL\User,{fda94052-40d0-658d-7302-000000000b00},7044,6964,Microsoft® Windows® Operating System,,,,,"
      ",-,,,,,,2023-12-28T09:33:04.1510767Z,,,Process Create (rule: ProcessCreate),1,6672,WINDEV2309EVAL\User,S-1-5-18,2023-12-28 09:33:04.149,5,"<Event xmlns=""http://schemas.microsoft.com/win/2004/08/events/event"">
    <System>
      <Provider Name=""Microsoft-Windows-Sysmon"" Guid=""{5770385f-c22a-43e0-bf4c-06f5698ffbd9}""/>
      <EventID>1</EventID>
      <Version>5</Version>
      <Level>4</Level>
      <Task>1</Task>
      <Opcode>0</Opcode>
      <Keywords>0x8000000000000000</Keywords>
      <TimeCreated SystemTime=""2023-12-28T09:33:04.1510767Z""/>
      <EventRecordID>9469</EventRecordID>
      <Correlation/>
      <Execution ProcessID=""7044"" ThreadID=""6672""/>
      <Channel>Microsoft-Windows-Sysmon/Operational</Channel>
      <Computer>WinDev2309Eval</Computer>
      <Security UserID=""S-1-5-18""/>
    </System>
    <EventData>
      <Data Name=""RuleName"">-</Data>
      <Data Name=""UtcTime"">2023-12-28 09:33:04.149</Data>
      <Data Name=""ProcessGuid"">{fda94052-40d0-658d-7302-000000000b00}</Data>
      <Data Name=""ProcessId"">6964</Data>
      <Data Name=""Image"">C:\Windows\System32\WindowsPowerShell\v1.0\powershell.exe</Data>
      <Data Name=""FileVersion"">10.0.22621.2215 (WinBuild.160101.0800)</Data>
      <Data Name=""Description"">Windows PowerShell</Data>
      <Data Name=""Product"">Microsoft&#174; Windows&#174; Operating System</Data>
      <Data Name=""Company"">Microsoft Corporation</Data>
      <Data Name=""OriginalFileName"">PowerShell.EXE</Data>
      <Data Name=""CommandLine"">""powershell.exe"" &amp; {Unblock-File -Path $env:tmp\ReadMe.md}</Data>
      <Data Name=""CurrentDirectory"">C:\Users\User\AppData\Local\Temp\</Data>
      <Data Name=""User"">WINDEV2309EVAL\User</Data>
      <Data Name=""LogonGuid"">{fda94052-3502-658d-b367-080000000000}</Data>
      <Data Name=""LogonId"">0x867b3</Data>
      <Data Name=""TerminalSessionId"">1</Data>
      <Data Name=""IntegrityLevel"">Medium</Data>
      <Data Name=""Hashes"">MD5=824B9F337E68DD8C117595071AC11E23,SHA256=17083405E7DECB3DDEF837C2FA599293A4E8133736969DFD5CE92EF15608A587,IMPHASH=51B0FFFA02CA6C1B85189E2E6C139F36</Data>
      <Data Name=""ParentProcessGuid"">{fda94052-b87a-658c-2702-000000000b00}</Data>
      <Data Name=""ParentProcessId"">5076</Data>
      <Data Name=""ParentImage"">C:\Windows\System32\WindowsPowerShell\v1.0\powershell.exe</Data>
      <Data Name=""ParentCommandLine"">""C:\Windows\System32\WindowsPowerShell\v1.0\powershell.exe"" -exec bypass</Data>
      <Data Name=""ParentUser"">WINDEV2309EVAL\User</Data>
    </EventData>
    <RenderingInfo Culture=""en-US"">
      <Message>Process Create:

RuleName: -

UtcTime: 2023-12-28 09:33:04.149

ProcessGuid: {fda94052-40d0-658d-7302-000000000b00}

ProcessId: 6964

Image: C:\Windows\System32\WindowsPowerShell\v1.0\powershell.exe

FileVersion: 10.0.22621.2215 (WinBuild.160101.0800)

Description: Windows PowerShell

Product: Microsoft&#174; Windows&#174; Operating System

Company: Microsoft Corporation

OriginalFileName: PowerShell.EXE

CommandLine: ""powershell.exe"" &amp; {Unblock-File -Path $env:tmp\ReadMe.md}

CurrentDirectory: C:\Users\User\AppData\Local\Temp\

User: WINDEV2309EVAL\User

LogonGuid: {fda94052-3502-658d-b367-080000000000}

LogonId: 0x867B3

TerminalSessionId: 1

IntegrityLevel: Medium

Hashes: MD5=824B9F337E68DD8C117595071AC11E23,SHA256=17083405E7DECB3DDEF837C2FA599293A4E8133736969DFD5CE92EF15608A587,IMPHASH=51B0FFFA02CA6C1B85189E2E6C139F36

ParentProcessGuid: {fda94052-b87a-658c-2702-000000000b00}

ParentProcessId: 5076

ParentImage: C:\Windows\System32\WindowsPowerShell\v1.0\powershell.exe

ParentCommandLine: ""C:\Windows\System32\WindowsPowerShell\v1.0\powershell.exe"" -exec bypass

ParentUser: WINDEV2309EVAL\User</Message>
      <Level>Information</Level>
      <Task>Process Create (rule: ProcessCreate)</Task>
      <Opcode>Info</Opcode>
    </RenderingInfo>
  </Event>
  
"
Microsoft-Windows-Sysmon/Operational,"""C:\Program Files\WindowsApps\Microsoft.WindowsTerminal_1.17.11461.0_x64__8wekyb3d8bbwe\WindowsTerminal.exe"" -Embedding",-,WinDev2309Eval,,C:\Windows\system32\,-,,,,,,,1,9468,,-,"MD5=9F6CCA1BECAEEC3FE38A7D322A3204A8,SHA256=9F43EDB6639B10481A8FCC0734BD66AF0A9021D1723D1377A625C6A66FCF3DDB,IMPHASH=5B10822D7E57F54AD8CF4D784949C5C5",C:\Program Files\WindowsApps\Microsoft.WindowsTerminal_1.17.11461.0_x64__8wekyb3d8bbwe\WindowsTerminal.exe,,Medium,0x8000000000000000,Information,{fda94052-3502-658d-b367-080000000000},0x867b3,"Process Create:

RuleName: -

UtcTime: 2023-12-28 09:33:03.991

ProcessGuid: {fda94052-40cf-658d-7202-000000000b00}

ProcessId: 11248

Image: C:\Program Files\WindowsApps\Microsoft.WindowsTerminal_1.17.11461.0_x64__8wekyb3d8bbwe\WindowsTerminal.exe

FileVersion: -

Description: -

Product: -

Company: -

OriginalFileName: -

CommandLine: ""C:\Program Files\WindowsApps\Microsoft.WindowsTerminal_1.17.11461.0_x64__8wekyb3d8bbwe\WindowsTerminal.exe"" -Embedding

CurrentDirectory: C:\Windows\system32\

User: WINDEV2309EVAL\User

LogonGuid: {fda94052-3502-658d-b367-080000000000}

LogonId: 0x867B3

TerminalSessionId: 1

IntegrityLevel: Medium

Hashes: MD5=9F6CCA1BECAEEC3FE38A7D322A3204A8,SHA256=9F43EDB6639B10481A8FCC0734BD66AF0A9021D1723D1377A625C6A66FCF3DDB,IMPHASH=5B10822D7E57F54AD8CF4D784949C5C5

ParentProcessGuid: {00000000-0000-0000-0000-000000000000}

ParentProcessId: 932

ParentImage: -

ParentCommandLine: -

ParentUser: -",Info,-,-,-,{00000000-0000-0000-0000-000000000000},932,-,{fda94052-40cf-658d-7202-000000000b00},7044,11248,-,,,,,"
      ",-,,,,,,2023-12-28T09:33:03.9929746Z,,,Process Create (rule: ProcessCreate),1,6672,WINDEV2309EVAL\User,S-1-5-18,2023-12-28 09:33:03.991,5,"<Event xmlns=""http://schemas.microsoft.com/win/2004/08/events/event"">
    <System>
      <Provider Name=""Microsoft-Windows-Sysmon"" Guid=""{5770385f-c22a-43e0-bf4c-06f5698ffbd9}""/>
      <EventID>1</EventID>
      <Version>5</Version>
      <Level>4</Level>
      <Task>1</Task>
      <Opcode>0</Opcode>
      <Keywords>0x8000000000000000</Keywords>
      <TimeCreated SystemTime=""2023-12-28T09:33:03.9929746Z""/>
      <EventRecordID>9468</EventRecordID>
      <Correlation/>
      <Execution ProcessID=""7044"" ThreadID=""6672""/>
      <Channel>Microsoft-Windows-Sysmon/Operational</Channel>
      <Computer>WinDev2309Eval</Computer>
      <Security UserID=""S-1-5-18""/>
    </System>
    <EventData>
      <Data Name=""RuleName"">-</Data>
      <Data Name=""UtcTime"">2023-12-28 09:33:03.991</Data>
      <Data Name=""ProcessGuid"">{fda94052-40cf-658d-7202-000000000b00}</Data>
      <Data Name=""ProcessId"">11248</Data>
      <Data Name=""Image"">C:\Program Files\WindowsApps\Microsoft.WindowsTerminal_1.17.11461.0_x64__8wekyb3d8bbwe\WindowsTerminal.exe</Data>
      <Data Name=""FileVersion"">-</Data>
      <Data Name=""Description"">-</Data>
      <Data Name=""Product"">-</Data>
      <Data Name=""Company"">-</Data>
      <Data Name=""OriginalFileName"">-</Data>
      <Data Name=""CommandLine"">""C:\Program Files\WindowsApps\Microsoft.WindowsTerminal_1.17.11461.0_x64__8wekyb3d8bbwe\WindowsTerminal.exe"" -Embedding</Data>
      <Data Name=""CurrentDirectory"">C:\Windows\system32\</Data>
      <Data Name=""User"">WINDEV2309EVAL\User</Data>
      <Data Name=""LogonGuid"">{fda94052-3502-658d-b367-080000000000}</Data>
      <Data Name=""LogonId"">0x867b3</Data>
      <Data Name=""TerminalSessionId"">1</Data>
      <Data Name=""IntegrityLevel"">Medium</Data>
      <Data Name=""Hashes"">MD5=9F6CCA1BECAEEC3FE38A7D322A3204A8,SHA256=9F43EDB6639B10481A8FCC0734BD66AF0A9021D1723D1377A625C6A66FCF3DDB,IMPHASH=5B10822D7E57F54AD8CF4D784949C5C5</Data>
      <Data Name=""ParentProcessGuid"">{00000000-0000-0000-0000-000000000000}</Data>
      <Data Name=""ParentProcessId"">932</Data>
      <Data Name=""ParentImage"">-</Data>
      <Data Name=""ParentCommandLine"">-</Data>
      <Data Name=""ParentUser"">-</Data>
    </EventData>
    <RenderingInfo Culture=""en-US"">
      <Message>Process Create:

RuleName: -

UtcTime: 2023-12-28 09:33:03.991

ProcessGuid: {fda94052-40cf-658d-7202-000000000b00}

ProcessId: 11248

Image: C:\Program Files\WindowsApps\Microsoft.WindowsTerminal_1.17.11461.0_x64__8wekyb3d8bbwe\WindowsTerminal.exe

FileVersion: -

Description: -

Product: -

Company: -

OriginalFileName: -

CommandLine: ""C:\Program Files\WindowsApps\Microsoft.WindowsTerminal_1.17.11461.0_x64__8wekyb3d8bbwe\WindowsTerminal.exe"" -Embedding

CurrentDirectory: C:\Windows\system32\

User: WINDEV2309EVAL\User

LogonGuid: {fda94052-3502-658d-b367-080000000000}

LogonId: 0x867B3

TerminalSessionId: 1

IntegrityLevel: Medium

Hashes: MD5=9F6CCA1BECAEEC3FE38A7D322A3204A8,SHA256=9F43EDB6639B10481A8FCC0734BD66AF0A9021D1723D1377A625C6A66FCF3DDB,IMPHASH=5B10822D7E57F54AD8CF4D784949C5C5

ParentProcessGuid: {00000000-0000-0000-0000-000000000000}

ParentProcessId: 932

ParentImage: -

ParentCommandLine: -

ParentUser: -</Message>
      <Level>Information</Level>
      <Task>Process Create (rule: ProcessCreate)</Task>
      <Opcode>Info</Opcode>
    </RenderingInfo>
  </Event>
  
"
Microsoft-Windows-Sysmon/Operational,"""C:\Program Files\WindowsApps\Microsoft.WindowsTerminal_1.17.11461.0_x64__8wekyb3d8bbwe\OpenConsole.exe"" -Embedding",-,WinDev2309Eval,,C:\Windows\system32\,-,,,,,,,1,9467,,-,"MD5=8C608622D60DD9E76274883252698EC2,SHA256=A1686717DA0D79F2DB071A6866677BFD492B44EAA47EB375A992145A6F4BD874,IMPHASH=3815098BF50AB7C56CCBDE82FF05FFDB",C:\Program Files\WindowsApps\Microsoft.WindowsTerminal_1.17.11461.0_x64__8wekyb3d8bbwe\OpenConsole.exe,,Medium,0x8000000000000000,Information,{fda94052-3502-658d-b367-080000000000},0x867b3,"Process Create:

RuleName: -

UtcTime: 2023-12-28 09:33:03.928

ProcessGuid: {fda94052-40cf-658d-7102-000000000b00}

ProcessId: 9312

Image: C:\Program Files\WindowsApps\Microsoft.WindowsTerminal_1.17.11461.0_x64__8wekyb3d8bbwe\OpenConsole.exe

FileVersion: -

Description: -

Product: -

Company: -

OriginalFileName: -

CommandLine: ""C:\Program Files\WindowsApps\Microsoft.WindowsTerminal_1.17.11461.0_x64__8wekyb3d8bbwe\OpenConsole.exe"" -Embedding

CurrentDirectory: C:\Windows\system32\

User: WINDEV2309EVAL\User

LogonGuid: {fda94052-3502-658d-b367-080000000000}

LogonId: 0x867B3

TerminalSessionId: 1

IntegrityLevel: Medium

Hashes: MD5=8C608622D60DD9E76274883252698EC2,SHA256=A1686717DA0D79F2DB071A6866677BFD492B44EAA47EB375A992145A6F4BD874,IMPHASH=3815098BF50AB7C56CCBDE82FF05FFDB

ParentProcessGuid: {00000000-0000-0000-0000-000000000000}

ParentProcessId: 932

ParentImage: -

ParentCommandLine: -

ParentUser: -",Info,-,-,-,{00000000-0000-0000-0000-000000000000},932,-,{fda94052-40cf-658d-7102-000000000b00},7044,9312,-,,,,,"
      ",-,,,,,,2023-12-28T09:33:03.9301275Z,,,Process Create (rule: ProcessCreate),1,6672,WINDEV2309EVAL\User,S-1-5-18,2023-12-28 09:33:03.928,5,"<Event xmlns=""http://schemas.microsoft.com/win/2004/08/events/event"">
    <System>
      <Provider Name=""Microsoft-Windows-Sysmon"" Guid=""{5770385f-c22a-43e0-bf4c-06f5698ffbd9}""/>
      <EventID>1</EventID>
      <Version>5</Version>
      <Level>4</Level>
      <Task>1</Task>
      <Opcode>0</Opcode>
      <Keywords>0x8000000000000000</Keywords>
      <TimeCreated SystemTime=""2023-12-28T09:33:03.9301275Z""/>
      <EventRecordID>9467</EventRecordID>
      <Correlation/>
      <Execution ProcessID=""7044"" ThreadID=""6672""/>
      <Channel>Microsoft-Windows-Sysmon/Operational</Channel>
      <Computer>WinDev2309Eval</Computer>
      <Security UserID=""S-1-5-18""/>
    </System>
    <EventData>
      <Data Name=""RuleName"">-</Data>
      <Data Name=""UtcTime"">2023-12-28 09:33:03.928</Data>
      <Data Name=""ProcessGuid"">{fda94052-40cf-658d-7102-000000000b00}</Data>
      <Data Name=""ProcessId"">9312</Data>
      <Data Name=""Image"">C:\Program Files\WindowsApps\Microsoft.WindowsTerminal_1.17.11461.0_x64__8wekyb3d8bbwe\OpenConsole.exe</Data>
      <Data Name=""FileVersion"">-</Data>
      <Data Name=""Description"">-</Data>
      <Data Name=""Product"">-</Data>
      <Data Name=""Company"">-</Data>
      <Data Name=""OriginalFileName"">-</Data>
      <Data Name=""CommandLine"">""C:\Program Files\WindowsApps\Microsoft.WindowsTerminal_1.17.11461.0_x64__8wekyb3d8bbwe\OpenConsole.exe"" -Embedding</Data>
      <Data Name=""CurrentDirectory"">C:\Windows\system32\</Data>
      <Data Name=""User"">WINDEV2309EVAL\User</Data>
      <Data Name=""LogonGuid"">{fda94052-3502-658d-b367-080000000000}</Data>
      <Data Name=""LogonId"">0x867b3</Data>
      <Data Name=""TerminalSessionId"">1</Data>
      <Data Name=""IntegrityLevel"">Medium</Data>
      <Data Name=""Hashes"">MD5=8C608622D60DD9E76274883252698EC2,SHA256=A1686717DA0D79F2DB071A6866677BFD492B44EAA47EB375A992145A6F4BD874,IMPHASH=3815098BF50AB7C56CCBDE82FF05FFDB</Data>
      <Data Name=""ParentProcessGuid"">{00000000-0000-0000-0000-000000000000}</Data>
      <Data Name=""ParentProcessId"">932</Data>
      <Data Name=""ParentImage"">-</Data>
      <Data Name=""ParentCommandLine"">-</Data>
      <Data Name=""ParentUser"">-</Data>
    </EventData>
    <RenderingInfo Culture=""en-US"">
      <Message>Process Create:

RuleName: -

UtcTime: 2023-12-28 09:33:03.928

ProcessGuid: {fda94052-40cf-658d-7102-000000000b00}

ProcessId: 9312

Image: C:\Program Files\WindowsApps\Microsoft.WindowsTerminal_1.17.11461.0_x64__8wekyb3d8bbwe\OpenConsole.exe

FileVersion: -

Description: -

Product: -

Company: -

OriginalFileName: -

CommandLine: ""C:\Program Files\WindowsApps\Microsoft.WindowsTerminal_1.17.11461.0_x64__8wekyb3d8bbwe\OpenConsole.exe"" -Embedding

CurrentDirectory: C:\Windows\system32\

User: WINDEV2309EVAL\User

LogonGuid: {fda94052-3502-658d-b367-080000000000}

LogonId: 0x867B3

TerminalSessionId: 1

IntegrityLevel: Medium

Hashes: MD5=8C608622D60DD9E76274883252698EC2,SHA256=A1686717DA0D79F2DB071A6866677BFD492B44EAA47EB375A992145A6F4BD874,IMPHASH=3815098BF50AB7C56CCBDE82FF05FFDB

ParentProcessGuid: {00000000-0000-0000-0000-000000000000}

ParentProcessId: 932

ParentImage: -

ParentCommandLine: -

ParentUser: -</Message>
      <Level>Information</Level>
      <Task>Process Create (rule: ProcessCreate)</Task>
      <Opcode>Info</Opcode>
    </RenderingInfo>
  </Event>
  
"
Microsoft-Windows-Sysmon/Operational,"""G:\hello.exe"" ",-,WinDev2309Eval,,C:\Users\User\AppData\Local\Temp\, ,,,,,,,1,9466,,0.0.0.0,"MD5=4B4B7B0A644DEABB3CD04EC267F1F58F,SHA256=57AD7733B29E37D231EE041AE4E0F7BD8F49EE728D856058575C33A104F1D10A,IMPHASH=F34D5F2D4577ED6D9CEEC516C1F5A744",G:\hello.exe,,Medium,0x8000000000000000,Information,{fda94052-3502-658d-b367-080000000000},0x867b3,"Process Create:

RuleName: -

UtcTime: 2023-12-28 09:33:03.883

ProcessGuid: {fda94052-40cf-658d-6f02-000000000b00}

ProcessId: 3616

Image: G:\hello.exe

FileVersion: 0.0.0.0

Description:  

Product: -

Company: -

OriginalFileName: hello.exe

CommandLine: ""G:\hello.exe"" 

CurrentDirectory: C:\Users\User\AppData\Local\Temp\

User: WINDEV2309EVAL\User

LogonGuid: {fda94052-3502-658d-b367-080000000000}

LogonId: 0x867B3

TerminalSessionId: 1

IntegrityLevel: Medium

Hashes: MD5=4B4B7B0A644DEABB3CD04EC267F1F58F,SHA256=57AD7733B29E37D231EE041AE4E0F7BD8F49EE728D856058575C33A104F1D10A,IMPHASH=F34D5F2D4577ED6D9CEEC516C1F5A744

ParentProcessGuid: {fda94052-40c9-658d-6b02-000000000b00}

ParentProcessId: 4128

ParentImage: C:\Windows\System32\WindowsPowerShell\v1.0\powershell.exe

ParentCommandLine: ""powershell.exe"" & {Mount-DiskImage -ImagePath \""""C:\AtomicRedTeam\atomics\T1553.005\bin\FeelTheBurn.iso\"""" -StorageType ISO -Access ReadOnly
$keep = Get-Volume -FileSystemLabel \""""TestIso\""""
$driveLetter = ($keep | Get-Volume).DriveLetter
invoke-item \""""$($driveLetter):\hello.exe\""""}

ParentUser: WINDEV2309EVAL\User",Info,hello.exe,"""powershell.exe"" & {Mount-DiskImage -ImagePath \""""C:\AtomicRedTeam\atomics\T1553.005\bin\FeelTheBurn.iso\"""" -StorageType ISO -Access ReadOnly
$keep = Get-Volume -FileSystemLabel \""""TestIso\""""
$driveLetter = ($keep | Get-Volume).DriveLetter
invoke-item \""""$($driveLetter):\hello.exe\""""}",C:\Windows\System32\WindowsPowerShell\v1.0\powershell.exe,{fda94052-40c9-658d-6b02-000000000b00},4128,WINDEV2309EVAL\User,{fda94052-40cf-658d-6f02-000000000b00},7044,3616,-,,,,,"
      ",-,,,,,,2023-12-28T09:33:03.8858301Z,,,Process Create (rule: ProcessCreate),1,6672,WINDEV2309EVAL\User,S-1-5-18,2023-12-28 09:33:03.883,5,"<Event xmlns=""http://schemas.microsoft.com/win/2004/08/events/event"">
    <System>
      <Provider Name=""Microsoft-Windows-Sysmon"" Guid=""{5770385f-c22a-43e0-bf4c-06f5698ffbd9}""/>
      <EventID>1</EventID>
      <Version>5</Version>
      <Level>4</Level>
      <Task>1</Task>
      <Opcode>0</Opcode>
      <Keywords>0x8000000000000000</Keywords>
      <TimeCreated SystemTime=""2023-12-28T09:33:03.8858301Z""/>
      <EventRecordID>9466</EventRecordID>
      <Correlation/>
      <Execution ProcessID=""7044"" ThreadID=""6672""/>
      <Channel>Microsoft-Windows-Sysmon/Operational</Channel>
      <Computer>WinDev2309Eval</Computer>
      <Security UserID=""S-1-5-18""/>
    </System>
    <EventData>
      <Data Name=""RuleName"">-</Data>
      <Data Name=""UtcTime"">2023-12-28 09:33:03.883</Data>
      <Data Name=""ProcessGuid"">{fda94052-40cf-658d-6f02-000000000b00}</Data>
      <Data Name=""ProcessId"">3616</Data>
      <Data Name=""Image"">G:\hello.exe</Data>
      <Data Name=""FileVersion"">0.0.0.0</Data>
      <Data Name=""Description""> </Data>
      <Data Name=""Product"">-</Data>
      <Data Name=""Company"">-</Data>
      <Data Name=""OriginalFileName"">hello.exe</Data>
      <Data Name=""CommandLine"">""G:\hello.exe"" </Data>
      <Data Name=""CurrentDirectory"">C:\Users\User\AppData\Local\Temp\</Data>
      <Data Name=""User"">WINDEV2309EVAL\User</Data>
      <Data Name=""LogonGuid"">{fda94052-3502-658d-b367-080000000000}</Data>
      <Data Name=""LogonId"">0x867b3</Data>
      <Data Name=""TerminalSessionId"">1</Data>
      <Data Name=""IntegrityLevel"">Medium</Data>
      <Data Name=""Hashes"">MD5=4B4B7B0A644DEABB3CD04EC267F1F58F,SHA256=57AD7733B29E37D231EE041AE4E0F7BD8F49EE728D856058575C33A104F1D10A,IMPHASH=F34D5F2D4577ED6D9CEEC516C1F5A744</Data>
      <Data Name=""ParentProcessGuid"">{fda94052-40c9-658d-6b02-000000000b00}</Data>
      <Data Name=""ParentProcessId"">4128</Data>
      <Data Name=""ParentImage"">C:\Windows\System32\WindowsPowerShell\v1.0\powershell.exe</Data>
      <Data Name=""ParentCommandLine"">""powershell.exe"" &amp; {Mount-DiskImage -ImagePath \""""C:\AtomicRedTeam\atomics\T1553.005\bin\FeelTheBurn.iso\"""" -StorageType ISO -Access ReadOnly
$keep = Get-Volume -FileSystemLabel \""""TestIso\""""
$driveLetter = ($keep | Get-Volume).DriveLetter
invoke-item \""""$($driveLetter):\hello.exe\""""}</Data>
      <Data Name=""ParentUser"">WINDEV2309EVAL\User</Data>
    </EventData>
    <RenderingInfo Culture=""en-US"">
      <Message>Process Create:

RuleName: -

UtcTime: 2023-12-28 09:33:03.883

ProcessGuid: {fda94052-40cf-658d-6f02-000000000b00}

ProcessId: 3616

Image: G:\hello.exe

FileVersion: 0.0.0.0

Description:  

Product: -

Company: -

OriginalFileName: hello.exe

CommandLine: ""G:\hello.exe"" 

CurrentDirectory: C:\Users\User\AppData\Local\Temp\

User: WINDEV2309EVAL\User

LogonGuid: {fda94052-3502-658d-b367-080000000000}

LogonId: 0x867B3

TerminalSessionId: 1

IntegrityLevel: Medium

Hashes: MD5=4B4B7B0A644DEABB3CD04EC267F1F58F,SHA256=57AD7733B29E37D231EE041AE4E0F7BD8F49EE728D856058575C33A104F1D10A,IMPHASH=F34D5F2D4577ED6D9CEEC516C1F5A744

ParentProcessGuid: {fda94052-40c9-658d-6b02-000000000b00}

ParentProcessId: 4128

ParentImage: C:\Windows\System32\WindowsPowerShell\v1.0\powershell.exe

ParentCommandLine: ""powershell.exe"" &amp; {Mount-DiskImage -ImagePath \""""C:\AtomicRedTeam\atomics\T1553.005\bin\FeelTheBurn.iso\"""" -StorageType ISO -Access ReadOnly
$keep = Get-Volume -FileSystemLabel \""""TestIso\""""
$driveLetter = ($keep | Get-Volume).DriveLetter
invoke-item \""""$($driveLetter):\hello.exe\""""}

ParentUser: WINDEV2309EVAL\User</Message>
      <Level>Information</Level>
      <Task>Process Create (rule: ProcessCreate)</Task>
      <Opcode>Info</Opcode>
    </RenderingInfo>
  </Event>
  
"
Microsoft-Windows-Sysmon/Operational,,,WinDev2309Eval,,,,,,,,,,22,9465,,,,C:\Windows\system32\svchost.exe,,,0x8000000000000000,Information,,,"Dns query:

RuleName: -

UtcTime: 2023-12-27 23:54:25.270

ProcessGuid: {fda94052-34f2-658d-3f00-000000000b00}

ProcessId: 2948

QueryName: wpad

QueryStatus: 1460

QueryResults: -

Image: C:\Windows\system32\svchost.exe

User: NT AUTHORITY\LOCAL SERVICE",Info,,,,,,,{fda94052-34f2-658d-3f00-000000000b00},7044,2948,,,wpad,-,1460,"
      ",-,,,,,,2023-12-28T09:33:03.8364474Z,,,Dns query (rule: DnsQuery),,1124,NT AUTHORITY\LOCAL SERVICE,S-1-5-18,2023-12-27 23:54:25.270,5,"<Event xmlns=""http://schemas.microsoft.com/win/2004/08/events/event"">
    <System>
      <Provider Name=""Microsoft-Windows-Sysmon"" Guid=""{5770385f-c22a-43e0-bf4c-06f5698ffbd9}""/>
      <EventID>22</EventID>
      <Version>5</Version>
      <Level>4</Level>
      <Task>22</Task>
      <Opcode>0</Opcode>
      <Keywords>0x8000000000000000</Keywords>
      <TimeCreated SystemTime=""2023-12-28T09:33:03.8364474Z""/>
      <EventRecordID>9465</EventRecordID>
      <Correlation/>
      <Execution ProcessID=""7044"" ThreadID=""1124""/>
      <Channel>Microsoft-Windows-Sysmon/Operational</Channel>
      <Computer>WinDev2309Eval</Computer>
      <Security UserID=""S-1-5-18""/>
    </System>
    <EventData>
      <Data Name=""RuleName"">-</Data>
      <Data Name=""UtcTime"">2023-12-27 23:54:25.270</Data>
      <Data Name=""ProcessGuid"">{fda94052-34f2-658d-3f00-000000000b00}</Data>
      <Data Name=""ProcessId"">2948</Data>
      <Data Name=""QueryName"">wpad</Data>
      <Data Name=""QueryStatus"">1460</Data>
      <Data Name=""QueryResults"">-</Data>
      <Data Name=""Image"">C:\Windows\system32\svchost.exe</Data>
      <Data Name=""User"">NT AUTHORITY\LOCAL SERVICE</Data>
    </EventData>
    <RenderingInfo Culture=""en-US"">
      <Message>Dns query:

RuleName: -

UtcTime: 2023-12-27 23:54:25.270

ProcessGuid: {fda94052-34f2-658d-3f00-000000000b00}

ProcessId: 2948

QueryName: wpad

QueryStatus: 1460

QueryResults: -

Image: C:\Windows\system32\svchost.exe

User: NT AUTHORITY\LOCAL SERVICE</Message>
      <Level>Information</Level>
      <Task>Dns query (rule: DnsQuery)</Task>
      <Opcode>Info</Opcode>
    </RenderingInfo>
  </Event>
  
"
Microsoft-Windows-Sysmon/Operational,,,WinDev2309Eval,,,,,,,,,,22,9464,,,,C:\Windows\system32\svchost.exe,,,0x8000000000000000,Information,,,"Dns query:

RuleName: -

UtcTime: 2023-12-27 23:54:22.856

ProcessGuid: {fda94052-34f2-658d-3f00-000000000b00}

ProcessId: 2948

QueryName: wpad

QueryStatus: 1460

QueryResults: -

Image: C:\Windows\system32\svchost.exe

User: NT AUTHORITY\LOCAL SERVICE",Info,,,,,,,{fda94052-34f2-658d-3f00-000000000b00},7044,2948,,,wpad,-,1460,"
      ",-,,,,,,2023-12-28T09:33:01.8168043Z,,,Dns query (rule: DnsQuery),,1124,NT AUTHORITY\LOCAL SERVICE,S-1-5-18,2023-12-27 23:54:22.856,5,"<Event xmlns=""http://schemas.microsoft.com/win/2004/08/events/event"">
    <System>
      <Provider Name=""Microsoft-Windows-Sysmon"" Guid=""{5770385f-c22a-43e0-bf4c-06f5698ffbd9}""/>
      <EventID>22</EventID>
      <Version>5</Version>
      <Level>4</Level>
      <Task>22</Task>
      <Opcode>0</Opcode>
      <Keywords>0x8000000000000000</Keywords>
      <TimeCreated SystemTime=""2023-12-28T09:33:01.8168043Z""/>
      <EventRecordID>9464</EventRecordID>
      <Correlation/>
      <Execution ProcessID=""7044"" ThreadID=""1124""/>
      <Channel>Microsoft-Windows-Sysmon/Operational</Channel>
      <Computer>WinDev2309Eval</Computer>
      <Security UserID=""S-1-5-18""/>
    </System>
    <EventData>
      <Data Name=""RuleName"">-</Data>
      <Data Name=""UtcTime"">2023-12-27 23:54:22.856</Data>
      <Data Name=""ProcessGuid"">{fda94052-34f2-658d-3f00-000000000b00}</Data>
      <Data Name=""ProcessId"">2948</Data>
      <Data Name=""QueryName"">wpad</Data>
      <Data Name=""QueryStatus"">1460</Data>
      <Data Name=""QueryResults"">-</Data>
      <Data Name=""Image"">C:\Windows\system32\svchost.exe</Data>
      <Data Name=""User"">NT AUTHORITY\LOCAL SERVICE</Data>
    </EventData>
    <RenderingInfo Culture=""en-US"">
      <Message>Dns query:

RuleName: -

UtcTime: 2023-12-27 23:54:22.856

ProcessGuid: {fda94052-34f2-658d-3f00-000000000b00}

ProcessId: 2948

QueryName: wpad

QueryStatus: 1460

QueryResults: -

Image: C:\Windows\system32\svchost.exe

User: NT AUTHORITY\LOCAL SERVICE</Message>
      <Level>Information</Level>
      <Task>Dns query (rule: DnsQuery)</Task>
      <Opcode>Info</Opcode>
    </RenderingInfo>
  </Event>
  
"
Microsoft-Windows-Sysmon/Operational,C:\Windows\System32\svchost.exe -k smphost,Microsoft Corporation,WinDev2309Eval,,C:\Windows\system32\,Host Process for Windows Services,,,,,,,1,9463,,10.0.22621.1 (WinBuild.160101.0800),"MD5=8EC922C7A58A8701AB481B7BE9644536,SHA256=949BFB5B4C7D58D92F3F9C5F8EC7CA4CEAFFD10EC5F0020F0A987C472D61C54B,IMPHASH=76B4BAE80D2C3B08BB062D97BF9CA791",C:\Windows\System32\svchost.exe,,System,0x8000000000000000,Information,{fda94052-34ec-658d-e403-000000000000},0x3e4,"Process Create:

RuleName: -

UtcTime: 2023-12-28 09:33:01.039

ProcessGuid: {fda94052-40cd-658d-6e02-000000000b00}

ProcessId: 2352

Image: C:\Windows\System32\svchost.exe

FileVersion: 10.0.22621.1 (WinBuild.160101.0800)

Description: Host Process for Windows Services

Product: Microsoft® Windows® Operating System

Company: Microsoft Corporation

OriginalFileName: svchost.exe

CommandLine: C:\Windows\System32\svchost.exe -k smphost

CurrentDirectory: C:\Windows\system32\

User: NT AUTHORITY\NETWORK SERVICE

LogonGuid: {fda94052-34ec-658d-e403-000000000000}

LogonId: 0x3E4

TerminalSessionId: 0

IntegrityLevel: System

Hashes: MD5=8EC922C7A58A8701AB481B7BE9644536,SHA256=949BFB5B4C7D58D92F3F9C5F8EC7CA4CEAFFD10EC5F0020F0A987C472D61C54B,IMPHASH=76B4BAE80D2C3B08BB062D97BF9CA791

ParentProcessGuid: {fda94052-34eb-658d-0b00-000000000b00}

ParentProcessId: 788

ParentImage: C:\Windows\System32\services.exe

ParentCommandLine: C:\Windows\system32\services.exe

ParentUser: NT AUTHORITY\SYSTEM",Info,svchost.exe,C:\Windows\system32\services.exe,C:\Windows\System32\services.exe,{fda94052-34eb-658d-0b00-000000000b00},788,NT AUTHORITY\SYSTEM,{fda94052-40cd-658d-6e02-000000000b00},7044,2352,Microsoft® Windows® Operating System,,,,,"
      ",-,,,,,,2023-12-28T09:33:01.0416358Z,,,Process Create (rule: ProcessCreate),0,6672,NT AUTHORITY\NETWORK SERVICE,S-1-5-18,2023-12-28 09:33:01.039,5,"<Event xmlns=""http://schemas.microsoft.com/win/2004/08/events/event"">
    <System>
      <Provider Name=""Microsoft-Windows-Sysmon"" Guid=""{5770385f-c22a-43e0-bf4c-06f5698ffbd9}""/>
      <EventID>1</EventID>
      <Version>5</Version>
      <Level>4</Level>
      <Task>1</Task>
      <Opcode>0</Opcode>
      <Keywords>0x8000000000000000</Keywords>
      <TimeCreated SystemTime=""2023-12-28T09:33:01.0416358Z""/>
      <EventRecordID>9463</EventRecordID>
      <Correlation/>
      <Execution ProcessID=""7044"" ThreadID=""6672""/>
      <Channel>Microsoft-Windows-Sysmon/Operational</Channel>
      <Computer>WinDev2309Eval</Computer>
      <Security UserID=""S-1-5-18""/>
    </System>
    <EventData>
      <Data Name=""RuleName"">-</Data>
      <Data Name=""UtcTime"">2023-12-28 09:33:01.039</Data>
      <Data Name=""ProcessGuid"">{fda94052-40cd-658d-6e02-000000000b00}</Data>
      <Data Name=""ProcessId"">2352</Data>
      <Data Name=""Image"">C:\Windows\System32\svchost.exe</Data>
      <Data Name=""FileVersion"">10.0.22621.1 (WinBuild.160101.0800)</Data>
      <Data Name=""Description"">Host Process for Windows Services</Data>
      <Data Name=""Product"">Microsoft&#174; Windows&#174; Operating System</Data>
      <Data Name=""Company"">Microsoft Corporation</Data>
      <Data Name=""OriginalFileName"">svchost.exe</Data>
      <Data Name=""CommandLine"">C:\Windows\System32\svchost.exe -k smphost</Data>
      <Data Name=""CurrentDirectory"">C:\Windows\system32\</Data>
      <Data Name=""User"">NT AUTHORITY\NETWORK SERVICE</Data>
      <Data Name=""LogonGuid"">{fda94052-34ec-658d-e403-000000000000}</Data>
      <Data Name=""LogonId"">0x3e4</Data>
      <Data Name=""TerminalSessionId"">0</Data>
      <Data Name=""IntegrityLevel"">System</Data>
      <Data Name=""Hashes"">MD5=8EC922C7A58A8701AB481B7BE9644536,SHA256=949BFB5B4C7D58D92F3F9C5F8EC7CA4CEAFFD10EC5F0020F0A987C472D61C54B,IMPHASH=76B4BAE80D2C3B08BB062D97BF9CA791</Data>
      <Data Name=""ParentProcessGuid"">{fda94052-34eb-658d-0b00-000000000b00}</Data>
      <Data Name=""ParentProcessId"">788</Data>
      <Data Name=""ParentImage"">C:\Windows\System32\services.exe</Data>
      <Data Name=""ParentCommandLine"">C:\Windows\system32\services.exe</Data>
      <Data Name=""ParentUser"">NT AUTHORITY\SYSTEM</Data>
    </EventData>
    <RenderingInfo Culture=""en-US"">
      <Message>Process Create:

RuleName: -

UtcTime: 2023-12-28 09:33:01.039

ProcessGuid: {fda94052-40cd-658d-6e02-000000000b00}

ProcessId: 2352

Image: C:\Windows\System32\svchost.exe

FileVersion: 10.0.22621.1 (WinBuild.160101.0800)

Description: Host Process for Windows Services

Product: Microsoft&#174; Windows&#174; Operating System

Company: Microsoft Corporation

OriginalFileName: svchost.exe

CommandLine: C:\Windows\System32\svchost.exe -k smphost

CurrentDirectory: C:\Windows\system32\

User: NT AUTHORITY\NETWORK SERVICE

LogonGuid: {fda94052-34ec-658d-e403-000000000000}

LogonId: 0x3E4

TerminalSessionId: 0

IntegrityLevel: System

Hashes: MD5=8EC922C7A58A8701AB481B7BE9644536,SHA256=949BFB5B4C7D58D92F3F9C5F8EC7CA4CEAFFD10EC5F0020F0A987C472D61C54B,IMPHASH=76B4BAE80D2C3B08BB062D97BF9CA791

ParentProcessGuid: {fda94052-34eb-658d-0b00-000000000b00}

ParentProcessId: 788

ParentImage: C:\Windows\System32\services.exe

ParentCommandLine: C:\Windows\system32\services.exe

ParentUser: NT AUTHORITY\SYSTEM</Message>
      <Level>Information</Level>
      <Task>Process Create (rule: ProcessCreate)</Task>
      <Opcode>Info</Opcode>
    </RenderingInfo>
  </Event>
  
"
Microsoft-Windows-Sysmon/Operational,,,WinDev2309Eval,,,,,,,,,Binary Data,13,9462,SetValue,,,C:\Windows\Explorer.EXE,,,0x8000000000000000,Information,,,"Registry value set:

RuleName: -

EventType: SetValue

UtcTime: 2023-12-28 09:33:00.878

ProcessGuid: {fda94052-3504-658d-a700-000000000b00}

ProcessId: 6436

Image: C:\Windows\Explorer.EXE

TargetObject: HKU\S-1-5-21-3832996301-1047793030-1114040027-1000\Software\Microsoft\Windows\CurrentVersion\Shell Extensions\Cached\{9C73F5E5-7AE7-4E32-A8E8-8D23B85255BF} {000214E6-0000-0000-C000-000000000046} 0xFFFF

Details: Binary Data

User: WINDEV2309EVAL\User",Info,,,,,,,{fda94052-3504-658d-a700-000000000b00},7044,6436,,,,,,"
      ",-,,,,,,2023-12-28T09:33:00.8935304Z,,HKU\S-1-5-21-3832996301-1047793030-1114040027-1000\Software\Microsoft\Windows\CurrentVersion\Shell Extensions\Cached\{9C73F5E5-7AE7-4E32-A8E8-8D23B85255BF} {000214E6-0000-0000-C000-000000000046} 0xFFFF,Registry value set (rule: RegistryEvent),,6672,WINDEV2309EVAL\User,S-1-5-18,2023-12-28 09:33:00.878,2,"<Event xmlns=""http://schemas.microsoft.com/win/2004/08/events/event"">
    <System>
      <Provider Name=""Microsoft-Windows-Sysmon"" Guid=""{5770385f-c22a-43e0-bf4c-06f5698ffbd9}""/>
      <EventID>13</EventID>
      <Version>2</Version>
      <Level>4</Level>
      <Task>13</Task>
      <Opcode>0</Opcode>
      <Keywords>0x8000000000000000</Keywords>
      <TimeCreated SystemTime=""2023-12-28T09:33:00.8935304Z""/>
      <EventRecordID>9462</EventRecordID>
      <Correlation/>
      <Execution ProcessID=""7044"" ThreadID=""6672""/>
      <Channel>Microsoft-Windows-Sysmon/Operational</Channel>
      <Computer>WinDev2309Eval</Computer>
      <Security UserID=""S-1-5-18""/>
    </System>
    <EventData>
      <Data Name=""RuleName"">-</Data>
      <Data Name=""EventType"">SetValue</Data>
      <Data Name=""UtcTime"">2023-12-28 09:33:00.878</Data>
      <Data Name=""ProcessGuid"">{fda94052-3504-658d-a700-000000000b00}</Data>
      <Data Name=""ProcessId"">6436</Data>
      <Data Name=""Image"">C:\Windows\Explorer.EXE</Data>
      <Data Name=""TargetObject"">HKU\S-1-5-21-3832996301-1047793030-1114040027-1000\Software\Microsoft\Windows\CurrentVersion\Shell Extensions\Cached\{9C73F5E5-7AE7-4E32-A8E8-8D23B85255BF} {000214E6-0000-0000-C000-000000000046} 0xFFFF</Data>
      <Data Name=""Details"">Binary Data</Data>
      <Data Name=""User"">WINDEV2309EVAL\User</Data>
    </EventData>
    <RenderingInfo Culture=""en-US"">
      <Message>Registry value set:

RuleName: -

EventType: SetValue

UtcTime: 2023-12-28 09:33:00.878

ProcessGuid: {fda94052-3504-658d-a700-000000000b00}

ProcessId: 6436

Image: C:\Windows\Explorer.EXE

TargetObject: HKU\S-1-5-21-3832996301-1047793030-1114040027-1000\Software\Microsoft\Windows\CurrentVersion\Shell Extensions\Cached\{9C73F5E5-7AE7-4E32-A8E8-8D23B85255BF} {000214E6-0000-0000-C000-000000000046} 0xFFFF

Details: Binary Data

User: WINDEV2309EVAL\User</Message>
      <Level>Information</Level>
      <Task>Registry value set (rule: RegistryEvent)</Task>
      <Opcode>Info</Opcode>
    </RenderingInfo>
  </Event>
  
"
Microsoft-Windows-Sysmon/Operational,,,WinDev2309Eval,,,,,,,,,"@cdrom.inf,%%ISO_Generic_FriendlyName%%;Microsoft Virtual DVD-ROM",13,9461,SetValue,,,System,,,0x8000000000000000,Information,,,"Registry value set:

RuleName: Context,DeviceConnectedOrUpdated

EventType: SetValue

UtcTime: 2023-12-28 09:33:00.804

ProcessGuid: {fda94052-34ea-658d-eb03-000000000000}

ProcessId: 4

Image: System

TargetObject: HKLM\System\CurrentControlSet\Enum\SCSI\CdRom&Ven_Msft&Prod_Virtual_DVD-ROM\2&1f4adffe&0&000002\FriendlyName

Details: @cdrom.inf,%%ISO_Generic_FriendlyName%%;Microsoft Virtual DVD-ROM

User: NT AUTHORITY\SYSTEM",Info,,,,,,,{fda94052-34ea-658d-eb03-000000000000},7044,4,,,,,,"
      ","Context,DeviceConnectedOrUpdated",,,,,,2023-12-28T09:33:00.8192585Z,,HKLM\System\CurrentControlSet\Enum\SCSI\CdRom&Ven_Msft&Prod_Virtual_DVD-ROM\2&1f4adffe&0&000002\FriendlyName,Registry value set (rule: RegistryEvent),,6672,NT AUTHORITY\SYSTEM,S-1-5-18,2023-12-28 09:33:00.804,2,"<Event xmlns=""http://schemas.microsoft.com/win/2004/08/events/event"">
    <System>
      <Provider Name=""Microsoft-Windows-Sysmon"" Guid=""{5770385f-c22a-43e0-bf4c-06f5698ffbd9}""/>
      <EventID>13</EventID>
      <Version>2</Version>
      <Level>4</Level>
      <Task>13</Task>
      <Opcode>0</Opcode>
      <Keywords>0x8000000000000000</Keywords>
      <TimeCreated SystemTime=""2023-12-28T09:33:00.8192585Z""/>
      <EventRecordID>9461</EventRecordID>
      <Correlation/>
      <Execution ProcessID=""7044"" ThreadID=""6672""/>
      <Channel>Microsoft-Windows-Sysmon/Operational</Channel>
      <Computer>WinDev2309Eval</Computer>
      <Security UserID=""S-1-5-18""/>
    </System>
    <EventData>
      <Data Name=""RuleName"">Context,DeviceConnectedOrUpdated</Data>
      <Data Name=""EventType"">SetValue</Data>
      <Data Name=""UtcTime"">2023-12-28 09:33:00.804</Data>
      <Data Name=""ProcessGuid"">{fda94052-34ea-658d-eb03-000000000000}</Data>
      <Data Name=""ProcessId"">4</Data>
      <Data Name=""Image"">System</Data>
      <Data Name=""TargetObject"">HKLM\System\CurrentControlSet\Enum\SCSI\CdRom&amp;Ven_Msft&amp;Prod_Virtual_DVD-ROM\2&amp;1f4adffe&amp;0&amp;000002\FriendlyName</Data>
      <Data Name=""Details"">@cdrom.inf,%%ISO_Generic_FriendlyName%%;Microsoft Virtual DVD-ROM</Data>
      <Data Name=""User"">NT AUTHORITY\SYSTEM</Data>
    </EventData>
    <RenderingInfo Culture=""en-US"">
      <Message>Registry value set:

RuleName: Context,DeviceConnectedOrUpdated

EventType: SetValue

UtcTime: 2023-12-28 09:33:00.804

ProcessGuid: {fda94052-34ea-658d-eb03-000000000000}

ProcessId: 4

Image: System

TargetObject: HKLM\System\CurrentControlSet\Enum\SCSI\CdRom&amp;Ven_Msft&amp;Prod_Virtual_DVD-ROM\2&amp;1f4adffe&amp;0&amp;000002\FriendlyName

Details: @cdrom.inf,%%ISO_Generic_FriendlyName%%;Microsoft Virtual DVD-ROM

User: NT AUTHORITY\SYSTEM</Message>
      <Level>Information</Level>
      <Task>Registry value set (rule: RegistryEvent)</Task>
      <Opcode>Info</Opcode>
    </RenderingInfo>
  </Event>
  
"
Microsoft-Windows-Sysmon/Operational,,,WinDev2309Eval,,,,,,,,,10.0.22621.1,13,9460,SetValue,,,System,,,0x8000000000000000,Information,,,"Registry value set:

RuleName: InvDB-DriverVer

EventType: SetValue

UtcTime: 2023-12-28 09:33:00.804

ProcessGuid: {fda94052-34ea-658d-eb03-000000000000}

ProcessId: 4

Image: System

TargetObject: HKLM\System\CurrentControlSet\Control\Class\{4d36e965-e325-11ce-bfc1-08002be10318}\0003\DriverVersion

Details: 10.0.22621.1

User: NT AUTHORITY\SYSTEM",Info,,,,,,,{fda94052-34ea-658d-eb03-000000000000},7044,4,,,,,,"
      ",InvDB-DriverVer,,,,,,2023-12-28T09:33:00.8181781Z,,HKLM\System\CurrentControlSet\Control\Class\{4d36e965-e325-11ce-bfc1-08002be10318}\0003\DriverVersion,Registry value set (rule: RegistryEvent),,6672,NT AUTHORITY\SYSTEM,S-1-5-18,2023-12-28 09:33:00.804,2,"<Event xmlns=""http://schemas.microsoft.com/win/2004/08/events/event"">
    <System>
      <Provider Name=""Microsoft-Windows-Sysmon"" Guid=""{5770385f-c22a-43e0-bf4c-06f5698ffbd9}""/>
      <EventID>13</EventID>
      <Version>2</Version>
      <Level>4</Level>
      <Task>13</Task>
      <Opcode>0</Opcode>
      <Keywords>0x8000000000000000</Keywords>
      <TimeCreated SystemTime=""2023-12-28T09:33:00.8181781Z""/>
      <EventRecordID>9460</EventRecordID>
      <Correlation/>
      <Execution ProcessID=""7044"" ThreadID=""6672""/>
      <Channel>Microsoft-Windows-Sysmon/Operational</Channel>
      <Computer>WinDev2309Eval</Computer>
      <Security UserID=""S-1-5-18""/>
    </System>
    <EventData>
      <Data Name=""RuleName"">InvDB-DriverVer</Data>
      <Data Name=""EventType"">SetValue</Data>
      <Data Name=""UtcTime"">2023-12-28 09:33:00.804</Data>
      <Data Name=""ProcessGuid"">{fda94052-34ea-658d-eb03-000000000000}</Data>
      <Data Name=""ProcessId"">4</Data>
      <Data Name=""Image"">System</Data>
      <Data Name=""TargetObject"">HKLM\System\CurrentControlSet\Control\Class\{4d36e965-e325-11ce-bfc1-08002be10318}\0003\DriverVersion</Data>
      <Data Name=""Details"">10.0.22621.1</Data>
      <Data Name=""User"">NT AUTHORITY\SYSTEM</Data>
    </EventData>
    <RenderingInfo Culture=""en-US"">
      <Message>Registry value set:

RuleName: InvDB-DriverVer

EventType: SetValue

UtcTime: 2023-12-28 09:33:00.804

ProcessGuid: {fda94052-34ea-658d-eb03-000000000000}

ProcessId: 4

Image: System

TargetObject: HKLM\System\CurrentControlSet\Control\Class\{4d36e965-e325-11ce-bfc1-08002be10318}\0003\DriverVersion

Details: 10.0.22621.1

User: NT AUTHORITY\SYSTEM</Message>
      <Level>Information</Level>
      <Task>Registry value set (rule: RegistryEvent)</Task>
      <Opcode>Info</Opcode>
    </RenderingInfo>
  </Event>
  
"
Microsoft-Windows-Sysmon/Operational,C:\Windows\system32\svchost.exe -k netsvcs -p -s DsmSvc,Microsoft Corporation,WinDev2309Eval,,C:\Windows\system32\,Host Process for Windows Services,,,,,,,1,9459,,10.0.22621.1 (WinBuild.160101.0800),"MD5=8EC922C7A58A8701AB481B7BE9644536,SHA256=949BFB5B4C7D58D92F3F9C5F8EC7CA4CEAFFD10EC5F0020F0A987C472D61C54B,IMPHASH=76B4BAE80D2C3B08BB062D97BF9CA791",C:\Windows\System32\svchost.exe,,System,0x8000000000000000,Information,{fda94052-34eb-658d-e703-000000000000},0x3e7,"Process Create:

RuleName: -

UtcTime: 2023-12-28 09:33:00.779

ProcessGuid: {fda94052-40cc-658d-6d02-000000000b00}

ProcessId: 5456

Image: C:\Windows\System32\svchost.exe

FileVersion: 10.0.22621.1 (WinBuild.160101.0800)

Description: Host Process for Windows Services

Product: Microsoft® Windows® Operating System

Company: Microsoft Corporation

OriginalFileName: svchost.exe

CommandLine: C:\Windows\system32\svchost.exe -k netsvcs -p -s DsmSvc

CurrentDirectory: C:\Windows\system32\

User: NT AUTHORITY\SYSTEM

LogonGuid: {fda94052-34eb-658d-e703-000000000000}

LogonId: 0x3E7

TerminalSessionId: 0

IntegrityLevel: System

Hashes: MD5=8EC922C7A58A8701AB481B7BE9644536,SHA256=949BFB5B4C7D58D92F3F9C5F8EC7CA4CEAFFD10EC5F0020F0A987C472D61C54B,IMPHASH=76B4BAE80D2C3B08BB062D97BF9CA791

ParentProcessGuid: {fda94052-34eb-658d-0b00-000000000b00}

ParentProcessId: 788

ParentImage: C:\Windows\System32\services.exe

ParentCommandLine: C:\Windows\system32\services.exe

ParentUser: NT AUTHORITY\SYSTEM",Info,svchost.exe,C:\Windows\system32\services.exe,C:\Windows\System32\services.exe,{fda94052-34eb-658d-0b00-000000000b00},788,NT AUTHORITY\SYSTEM,{fda94052-40cc-658d-6d02-000000000b00},7044,5456,Microsoft® Windows® Operating System,,,,,"
      ",-,,,,,,2023-12-28T09:33:00.7810259Z,,,Process Create (rule: ProcessCreate),0,6672,NT AUTHORITY\SYSTEM,S-1-5-18,2023-12-28 09:33:00.779,5,"<Event xmlns=""http://schemas.microsoft.com/win/2004/08/events/event"">
    <System>
      <Provider Name=""Microsoft-Windows-Sysmon"" Guid=""{5770385f-c22a-43e0-bf4c-06f5698ffbd9}""/>
      <EventID>1</EventID>
      <Version>5</Version>
      <Level>4</Level>
      <Task>1</Task>
      <Opcode>0</Opcode>
      <Keywords>0x8000000000000000</Keywords>
      <TimeCreated SystemTime=""2023-12-28T09:33:00.7810259Z""/>
      <EventRecordID>9459</EventRecordID>
      <Correlation/>
      <Execution ProcessID=""7044"" ThreadID=""6672""/>
      <Channel>Microsoft-Windows-Sysmon/Operational</Channel>
      <Computer>WinDev2309Eval</Computer>
      <Security UserID=""S-1-5-18""/>
    </System>
    <EventData>
      <Data Name=""RuleName"">-</Data>
      <Data Name=""UtcTime"">2023-12-28 09:33:00.779</Data>
      <Data Name=""ProcessGuid"">{fda94052-40cc-658d-6d02-000000000b00}</Data>
      <Data Name=""ProcessId"">5456</Data>
      <Data Name=""Image"">C:\Windows\System32\svchost.exe</Data>
      <Data Name=""FileVersion"">10.0.22621.1 (WinBuild.160101.0800)</Data>
      <Data Name=""Description"">Host Process for Windows Services</Data>
      <Data Name=""Product"">Microsoft&#174; Windows&#174; Operating System</Data>
      <Data Name=""Company"">Microsoft Corporation</Data>
      <Data Name=""OriginalFileName"">svchost.exe</Data>
      <Data Name=""CommandLine"">C:\Windows\system32\svchost.exe -k netsvcs -p -s DsmSvc</Data>
      <Data Name=""CurrentDirectory"">C:\Windows\system32\</Data>
      <Data Name=""User"">NT AUTHORITY\SYSTEM</Data>
      <Data Name=""LogonGuid"">{fda94052-34eb-658d-e703-000000000000}</Data>
      <Data Name=""LogonId"">0x3e7</Data>
      <Data Name=""TerminalSessionId"">0</Data>
      <Data Name=""IntegrityLevel"">System</Data>
      <Data Name=""Hashes"">MD5=8EC922C7A58A8701AB481B7BE9644536,SHA256=949BFB5B4C7D58D92F3F9C5F8EC7CA4CEAFFD10EC5F0020F0A987C472D61C54B,IMPHASH=76B4BAE80D2C3B08BB062D97BF9CA791</Data>
      <Data Name=""ParentProcessGuid"">{fda94052-34eb-658d-0b00-000000000b00}</Data>
      <Data Name=""ParentProcessId"">788</Data>
      <Data Name=""ParentImage"">C:\Windows\System32\services.exe</Data>
      <Data Name=""ParentCommandLine"">C:\Windows\system32\services.exe</Data>
      <Data Name=""ParentUser"">NT AUTHORITY\SYSTEM</Data>
    </EventData>
    <RenderingInfo Culture=""en-US"">
      <Message>Process Create:

RuleName: -

UtcTime: 2023-12-28 09:33:00.779

ProcessGuid: {fda94052-40cc-658d-6d02-000000000b00}

ProcessId: 5456

Image: C:\Windows\System32\svchost.exe

FileVersion: 10.0.22621.1 (WinBuild.160101.0800)

Description: Host Process for Windows Services

Product: Microsoft&#174; Windows&#174; Operating System

Company: Microsoft Corporation

OriginalFileName: svchost.exe

CommandLine: C:\Windows\system32\svchost.exe -k netsvcs -p -s DsmSvc

CurrentDirectory: C:\Windows\system32\

User: NT AUTHORITY\SYSTEM

LogonGuid: {fda94052-34eb-658d-e703-000000000000}

LogonId: 0x3E7

TerminalSessionId: 0

IntegrityLevel: System

Hashes: MD5=8EC922C7A58A8701AB481B7BE9644536,SHA256=949BFB5B4C7D58D92F3F9C5F8EC7CA4CEAFFD10EC5F0020F0A987C472D61C54B,IMPHASH=76B4BAE80D2C3B08BB062D97BF9CA791

ParentProcessGuid: {fda94052-34eb-658d-0b00-000000000b00}

ParentProcessId: 788

ParentImage: C:\Windows\System32\services.exe

ParentCommandLine: C:\Windows\system32\services.exe

ParentUser: NT AUTHORITY\SYSTEM</Message>
      <Level>Information</Level>
      <Task>Process Create (rule: ProcessCreate)</Task>
      <Opcode>Info</Opcode>
    </RenderingInfo>
  </Event>
  
"
Microsoft-Windows-Sysmon/Operational,,,WinDev2309Eval,2023-12-28 09:32:58.060,,,,,,,,,11,9458,,,,C:\Windows\System32\WindowsPowerShell\v1.0\powershell.exe,,,0x8000000000000000,Information,,,"File created:

RuleName: -

UtcTime: 2023-12-28 09:32:58.060

ProcessGuid: {fda94052-40c9-658d-6b02-000000000b00}

ProcessId: 4128

Image: C:\Windows\System32\WindowsPowerShell\v1.0\powershell.exe

TargetFilename: C:\Users\User\AppData\Local\Temp\__PSScriptPolicyTest_kczvt2sp.caq.ps1

CreationUtcTime: 2023-12-28 09:32:58.060

User: WINDEV2309EVAL\User",Info,,,,,,,{fda94052-40c9-658d-6b02-000000000b00},7044,4128,,,,,,"
      ",-,,,,,,2023-12-28T09:32:58.0698239Z,C:\Users\User\AppData\Local\Temp\__PSScriptPolicyTest_kczvt2sp.caq.ps1,,File created (rule: FileCreate),,6672,WINDEV2309EVAL\User,S-1-5-18,2023-12-28 09:32:58.060,2,"<Event xmlns=""http://schemas.microsoft.com/win/2004/08/events/event"">
    <System>
      <Provider Name=""Microsoft-Windows-Sysmon"" Guid=""{5770385f-c22a-43e0-bf4c-06f5698ffbd9}""/>
      <EventID>11</EventID>
      <Version>2</Version>
      <Level>4</Level>
      <Task>11</Task>
      <Opcode>0</Opcode>
      <Keywords>0x8000000000000000</Keywords>
      <TimeCreated SystemTime=""2023-12-28T09:32:58.0698239Z""/>
      <EventRecordID>9458</EventRecordID>
      <Correlation/>
      <Execution ProcessID=""7044"" ThreadID=""6672""/>
      <Channel>Microsoft-Windows-Sysmon/Operational</Channel>
      <Computer>WinDev2309Eval</Computer>
      <Security UserID=""S-1-5-18""/>
    </System>
    <EventData>
      <Data Name=""RuleName"">-</Data>
      <Data Name=""UtcTime"">2023-12-28 09:32:58.060</Data>
      <Data Name=""ProcessGuid"">{fda94052-40c9-658d-6b02-000000000b00}</Data>
      <Data Name=""ProcessId"">4128</Data>
      <Data Name=""Image"">C:\Windows\System32\WindowsPowerShell\v1.0\powershell.exe</Data>
      <Data Name=""TargetFilename"">C:\Users\User\AppData\Local\Temp\__PSScriptPolicyTest_kczvt2sp.caq.ps1</Data>
      <Data Name=""CreationUtcTime"">2023-12-28 09:32:58.060</Data>
      <Data Name=""User"">WINDEV2309EVAL\User</Data>
    </EventData>
    <RenderingInfo Culture=""en-US"">
      <Message>File created:

RuleName: -

UtcTime: 2023-12-28 09:32:58.060

ProcessGuid: {fda94052-40c9-658d-6b02-000000000b00}

ProcessId: 4128

Image: C:\Windows\System32\WindowsPowerShell\v1.0\powershell.exe

TargetFilename: C:\Users\User\AppData\Local\Temp\__PSScriptPolicyTest_kczvt2sp.caq.ps1

CreationUtcTime: 2023-12-28 09:32:58.060

User: WINDEV2309EVAL\User</Message>
      <Level>Information</Level>
      <Task>File created (rule: FileCreate)</Task>
      <Opcode>Info</Opcode>
    </RenderingInfo>
  </Event>
  
"
