Channel,CommandLine,Company,Computer,CreationUtcTime,CurrentDirectory,Description,DestinationHostname,DestinationIp,DestinationIsIpv6,DestinationPort,DestinationPortName,Details,EventID,EventRecordID,EventType,FileVersion,Hashes,Image,Initiated,IntegrityLevel,Keywords,Level,LogonGuid,LogonId,Opcode,OriginalFileName,ParentCommandLine,ParentImage,ParentProcessGuid,ParentProcessId,ParentUser,ProcessGuid,ProcessID,ProcessId,Product,Protocol,QueryName,QueryResults,QueryStatus,RuleName,SourceHostname,SourceIp,SourceIsIpv6,SourcePort,SourcePortName,SystemTime,TargetFilename,TargetObject,Task,TerminalSessionId,ThreadID,User,UserID,UtcTime,Version,raw
Microsoft-Windows-Sysmon/Operational,,,WinDev2309Eval,,,,,,,,,,22,9480,,,,C:\Windows\system32\svchost.exe,,,0x8000000000000000,4,,,0,,,,,,,{fda94052-34f2-658d-3f00-000000000b00},7044,2948,,,wpad,-,1460,-,,,,,,2023-12-28T10:04:09.5383533Z,,,22,,1124,NT AUTHORITY\LOCAL SERVICE,S-1-5-18,2023-12-27 23:54:39.900,5,"<Event xmlns=""http://schemas.microsoft.com/win/2004/08/events/event"">
    <System>
      <Provider Name=""Microsoft-Windows-Sysmon"" Guid=""{5770385f-c22a-43e0-bf4c-06f5698ffbd9}""/>
      <EventID>22</EventID>
      <Version>5</Version>
      <Level>4</Level>
      <Task>22</Task>
      <Opcode>0</Opcode>
      <Keywords>0x8000000000000000</Keywords>
      <TimeCreated SystemTime=""2023-12-28T10:04:09.5383533Z""/>
      <EventRecordID>9480</EventRecordID>
      <Correlation/>
      <Execution ProcessID=""7044"" ThreadID=""1124""/>
      <Channel>Microsoft-Windows-Sysmon/Operational</Channel>
      <Computer>WinDev2309Eval</Computer>
      <Security UserID=""S-1-5-18""/>
    </System>
    <EventData>
      <Data Name=""RuleName"">-</Data>
      <Data Name=""UtcTime"">2023-12-27 23:54:39.900</Data>
      <Data Name=""ProcessGuid"">{fda94052-34f2-658d-3f00-000000000b00}</Data>
      <Data Name=""ProcessId"">2948</Data>
      <Data Name=""QueryName"">wpad</Data>
      <Data Name=""QueryStatus"">1460</Data>
      <Data Name=""QueryResults"">-</Data>
      <Data Name=""Image"">C:\Windows\system32\svchost.exe</Data>
      <Data Name=""User"">NT AUTHORITY\LOCAL SERVICE</Data>
    </EventData>
  </Event>
  
"
Microsoft-Windows-Sysmon/Operational,,,WinDev2309Eval,,,,,,,,,,22,9479,,,,C:\Windows\system32\svchost.exe,,,0x8000000000000000,4,,,0,,,,,,,{fda94052-34f2-658d-3f00-000000000b00},7044,2948,,,wpad,-,1460,-,,,,,,2023-12-28T10:03:56.1784239Z,,,22,,1124,NT AUTHORITY\LOCAL SERVICE,S-1-5-18,2023-12-27 23:54:25.255,5,"<Event xmlns=""http://schemas.microsoft.com/win/2004/08/events/event"">
    <System>
      <Provider Name=""Microsoft-Windows-Sysmon"" Guid=""{5770385f-c22a-43e0-bf4c-06f5698ffbd9}""/>
      <EventID>22</EventID>
      <Version>5</Version>
      <Level>4</Level>
      <Task>22</Task>
      <Opcode>0</Opcode>
      <Keywords>0x8000000000000000</Keywords>
      <TimeCreated SystemTime=""2023-12-28T10:03:56.1784239Z""/>
      <EventRecordID>9479</EventRecordID>
      <Correlation/>
      <Execution ProcessID=""7044"" ThreadID=""1124""/>
      <Channel>Microsoft-Windows-Sysmon/Operational</Channel>
      <Computer>WinDev2309Eval</Computer>
      <Security UserID=""S-1-5-18""/>
    </System>
    <EventData>
      <Data Name=""RuleName"">-</Data>
      <Data Name=""UtcTime"">2023-12-27 23:54:25.255</Data>
      <Data Name=""ProcessGuid"">{fda94052-34f2-658d-3f00-000000000b00}</Data>
      <Data Name=""ProcessId"">2948</Data>
      <Data Name=""QueryName"">wpad</Data>
      <Data Name=""QueryStatus"">1460</Data>
      <Data Name=""QueryResults"">-</Data>
      <Data Name=""Image"">C:\Windows\system32\svchost.exe</Data>
      <Data Name=""User"">NT AUTHORITY\LOCAL SERVICE</Data>
    </EventData>
  </Event>
  
"
Microsoft-Windows-Sysmon/Operational,,,WinDev2309Eval,,,,,,,,,,22,9478,,,,C:\Windows\system32\svchost.exe,,,0x8000000000000000,4,,,0,,,,,,,{fda94052-34f2-658d-3f00-000000000b00},7044,2948,,,wpad,-,1460,-,,,,,,2023-12-28T10:03:54.1591727Z,,,22,,1124,NT AUTHORITY\LOCAL SERVICE,S-1-5-18,2023-12-27 23:54:22.855,5,"<Event xmlns=""http://schemas.microsoft.com/win/2004/08/events/event"">
    <System>
      <Provider Name=""Microsoft-Windows-Sysmon"" Guid=""{5770385f-c22a-43e0-bf4c-06f5698ffbd9}""/>
      <EventID>22</EventID>
      <Version>5</Version>
      <Level>4</Level>
      <Task>22</Task>
      <Opcode>0</Opcode>
      <Keywords>0x8000000000000000</Keywords>
      <TimeCreated SystemTime=""2023-12-28T10:03:54.1591727Z""/>
      <EventRecordID>9478</EventRecordID>
      <Correlation/>
      <Execution ProcessID=""7044"" ThreadID=""1124""/>
      <Channel>Microsoft-Windows-Sysmon/Operational</Channel>
      <Computer>WinDev2309Eval</Computer>
      <Security UserID=""S-1-5-18""/>
    </System>
    <EventData>
      <Data Name=""RuleName"">-</Data>
      <Data Name=""UtcTime"">2023-12-27 23:54:22.855</Data>
      <Data Name=""ProcessGuid"">{fda94052-34f2-658d-3f00-000000000b00}</Data>
      <Data Name=""ProcessId"">2948</Data>
      <Data Name=""QueryName"">wpad</Data>
      <Data Name=""QueryStatus"">1460</Data>
      <Data Name=""QueryResults"">-</Data>
      <Data Name=""Image"">C:\Windows\system32\svchost.exe</Data>
      <Data Name=""User"">NT AUTHORITY\LOCAL SERVICE</Data>
    </EventData>
  </Event>
  
"
Microsoft-Windows-Sysmon/Operational,,,WinDev2309Eval,,,,,,,,,,22,9477,,,,C:\Windows\system32\wbem\wmiprvse.exe,,,0x8000000000000000,4,,,0,,,,,,,{fda94052-34f4-658d-6500-000000000b00},7044,4656,,,WINDEV2309EVAL,fe80::999c:955f:96ba:d8a1;fe80::e140:ce54:c800:647e;::ffff:192.168.36.131;::ffff:192.168.126.164;,0,-,,,,,,2023-12-28T10:03:50.8949161Z,,,22,,1124,NT AUTHORITY\NETWORK SERVICE,S-1-5-18,2023-12-27 23:54:19.760,5,"<Event xmlns=""http://schemas.microsoft.com/win/2004/08/events/event"">
    <System>
      <Provider Name=""Microsoft-Windows-Sysmon"" Guid=""{5770385f-c22a-43e0-bf4c-06f5698ffbd9}""/>
      <EventID>22</EventID>
      <Version>5</Version>
      <Level>4</Level>
      <Task>22</Task>
      <Opcode>0</Opcode>
      <Keywords>0x8000000000000000</Keywords>
      <TimeCreated SystemTime=""2023-12-28T10:03:50.8949161Z""/>
      <EventRecordID>9477</EventRecordID>
      <Correlation/>
      <Execution ProcessID=""7044"" ThreadID=""1124""/>
      <Channel>Microsoft-Windows-Sysmon/Operational</Channel>
      <Computer>WinDev2309Eval</Computer>
      <Security UserID=""S-1-5-18""/>
    </System>
    <EventData>
      <Data Name=""RuleName"">-</Data>
      <Data Name=""UtcTime"">2023-12-27 23:54:19.760</Data>
      <Data Name=""ProcessGuid"">{fda94052-34f4-658d-6500-000000000b00}</Data>
      <Data Name=""ProcessId"">4656</Data>
      <Data Name=""QueryName"">WINDEV2309EVAL</Data>
      <Data Name=""QueryStatus"">0</Data>
      <Data Name=""QueryResults"">fe80::999c:955f:96ba:d8a1;fe80::e140:ce54:c800:647e;::ffff:192.168.36.131;::ffff:192.168.126.164;</Data>
      <Data Name=""Image"">C:\Windows\system32\wbem\wmiprvse.exe</Data>
      <Data Name=""User"">NT AUTHORITY\NETWORK SERVICE</Data>
    </EventData>
  </Event>
  
"
Microsoft-Windows-Sysmon/Operational,,,WinDev2309Eval,,,,,,,,,,22,9476,,,,C:\Windows\system32\wbem\wmiprvse.exe,,,0x8000000000000000,4,,,0,,,,,,,{fda94052-34f4-658d-6500-000000000b00},7044,4656,,,WINDEV2309EVAL,fe80::999c:955f:96ba:d8a1;fe80::e140:ce54:c800:647e;::ffff:192.168.36.131;::ffff:192.168.126.164;,0,-,,,,,,2023-12-28T10:03:50.8940908Z,,,22,,1124,NT AUTHORITY\NETWORK SERVICE,S-1-5-18,2023-12-27 23:54:19.312,5,"<Event xmlns=""http://schemas.microsoft.com/win/2004/08/events/event"">
    <System>
      <Provider Name=""Microsoft-Windows-Sysmon"" Guid=""{5770385f-c22a-43e0-bf4c-06f5698ffbd9}""/>
      <EventID>22</EventID>
      <Version>5</Version>
      <Level>4</Level>
      <Task>22</Task>
      <Opcode>0</Opcode>
      <Keywords>0x8000000000000000</Keywords>
      <TimeCreated SystemTime=""2023-12-28T10:03:50.8940908Z""/>
      <EventRecordID>9476</EventRecordID>
      <Correlation/>
      <Execution ProcessID=""7044"" ThreadID=""1124""/>
      <Channel>Microsoft-Windows-Sysmon/Operational</Channel>
      <Computer>WinDev2309Eval</Computer>
      <Security UserID=""S-1-5-18""/>
    </System>
    <EventData>
      <Data Name=""RuleName"">-</Data>
      <Data Name=""UtcTime"">2023-12-27 23:54:19.312</Data>
      <Data Name=""ProcessGuid"">{fda94052-34f4-658d-6500-000000000b00}</Data>
      <Data Name=""ProcessId"">4656</Data>
      <Data Name=""QueryName"">WINDEV2309EVAL</Data>
      <Data Name=""QueryStatus"">0</Data>
      <Data Name=""QueryResults"">fe80::999c:955f:96ba:d8a1;fe80::e140:ce54:c800:647e;::ffff:192.168.36.131;::ffff:192.168.126.164;</Data>
      <Data Name=""Image"">C:\Windows\system32\wbem\wmiprvse.exe</Data>
      <Data Name=""User"">NT AUTHORITY\NETWORK SERVICE</Data>
    </EventData>
  </Event>
  
"
Microsoft-Windows-Sysmon/Operational,C:\AtomicRedTeam\atomics\T1562.002\bin\Phant0m.exe,-,WinDev2309Eval,,C:\Users\User\AppData\Local\Temp\,-,,,,,,,1,9475,,-,"MD5=12AD5B10467CF7BFD342AD0495EA0E65,SHA256=E460F53DAC0D466263D37EA0A9BB6BE478F887A26183E64EAA7760E09E7B513A,IMPHASH=1E5606E45CB63BC5A6FD047D95CE3E09",C:\AtomicRedTeam\atomics\T1562.002\bin\phant0m.exe,,Medium,0x8000000000000000,4,{fda94052-3502-658d-b367-080000000000},0x867b3,0,-,"""cmd.exe"" /c ""C:\AtomicRedTeam\atomics\T1562.002\bin\Phant0m.exe""",C:\Windows\System32\cmd.exe,{fda94052-4806-658d-7c02-000000000b00},3796,WINDEV2309EVAL\User,{fda94052-4806-658d-7e02-000000000b00},7044,7320,-,,,,,-,,,,,,2023-12-28T10:03:50.4194888Z,,,1,1,6672,WINDEV2309EVAL\User,S-1-5-18,2023-12-28 10:03:50.416,5,"<Event xmlns=""http://schemas.microsoft.com/win/2004/08/events/event"">
    <System>
      <Provider Name=""Microsoft-Windows-Sysmon"" Guid=""{5770385f-c22a-43e0-bf4c-06f5698ffbd9}""/>
      <EventID>1</EventID>
      <Version>5</Version>
      <Level>4</Level>
      <Task>1</Task>
      <Opcode>0</Opcode>
      <Keywords>0x8000000000000000</Keywords>
      <TimeCreated SystemTime=""2023-12-28T10:03:50.4194888Z""/>
      <EventRecordID>9475</EventRecordID>
      <Correlation/>
      <Execution ProcessID=""7044"" ThreadID=""6672""/>
      <Channel>Microsoft-Windows-Sysmon/Operational</Channel>
      <Computer>WinDev2309Eval</Computer>
      <Security UserID=""S-1-5-18""/>
    </System>
    <EventData>
      <Data Name=""RuleName"">-</Data>
      <Data Name=""UtcTime"">2023-12-28 10:03:50.416</Data>
      <Data Name=""ProcessGuid"">{fda94052-4806-658d-7e02-000000000b00}</Data>
      <Data Name=""ProcessId"">7320</Data>
      <Data Name=""Image"">C:\AtomicRedTeam\atomics\T1562.002\bin\phant0m.exe</Data>
      <Data Name=""FileVersion"">-</Data>
      <Data Name=""Description"">-</Data>
      <Data Name=""Product"">-</Data>
      <Data Name=""Company"">-</Data>
      <Data Name=""OriginalFileName"">-</Data>
      <Data Name=""CommandLine"">C:\AtomicRedTeam\atomics\T1562.002\bin\Phant0m.exe</Data>
      <Data Name=""CurrentDirectory"">C:\Users\User\AppData\Local\Temp\</Data>
      <Data Name=""User"">WINDEV2309EVAL\User</Data>
      <Data Name=""LogonGuid"">{fda94052-3502-658d-b367-080000000000}</Data>
      <Data Name=""LogonId"">0x867b3</Data>
      <Data Name=""TerminalSessionId"">1</Data>
      <Data Name=""IntegrityLevel"">Medium</Data>
      <Data Name=""Hashes"">MD5=12AD5B10467CF7BFD342AD0495EA0E65,SHA256=E460F53DAC0D466263D37EA0A9BB6BE478F887A26183E64EAA7760E09E7B513A,IMPHASH=1E5606E45CB63BC5A6FD047D95CE3E09</Data>
      <Data Name=""ParentProcessGuid"">{fda94052-4806-658d-7c02-000000000b00}</Data>
      <Data Name=""ParentProcessId"">3796</Data>
      <Data Name=""ParentImage"">C:\Windows\System32\cmd.exe</Data>
      <Data Name=""ParentCommandLine"">""cmd.exe"" /c ""C:\AtomicRedTeam\atomics\T1562.002\bin\Phant0m.exe""</Data>
      <Data Name=""ParentUser"">WINDEV2309EVAL\User</Data>
    </EventData>
  </Event>
  
"
Microsoft-Windows-Sysmon/Operational,"""cmd.exe"" /c ""C:\AtomicRedTeam\atomics\T1562.002\bin\Phant0m.exe""",Microsoft Corporation,WinDev2309Eval,,C:\Users\User\AppData\Local\Temp\,Windows Command Processor,,,,,,,1,9474,,10.0.22621.1635 (WinBuild.160101.0800),"MD5=5A6BE4D2519515241D0C133A26CF62C0,SHA256=423E0E810A69AACEBA0E5670E58AFF898CF0EBFFAB99CCB46EBB3464C3D2FACB,IMPHASH=D73E39DAB3C8B57AA408073D01254964",C:\Windows\System32\cmd.exe,,Medium,0x8000000000000000,4,{fda94052-3502-658d-b367-080000000000},0x867b3,0,Cmd.Exe,"""C:\Windows\System32\WindowsPowerShell\v1.0\powershell.exe"" -exec bypass",C:\Windows\System32\WindowsPowerShell\v1.0\powershell.exe,{fda94052-b87a-658c-2702-000000000b00},5076,WINDEV2309EVAL\User,{fda94052-4806-658d-7c02-000000000b00},7044,3796,Microsoft® Windows® Operating System,,,,,-,,,,,,2023-12-28T10:03:50.2946951Z,,,1,1,6672,WINDEV2309EVAL\User,S-1-5-18,2023-12-28 10:03:50.293,5,"<Event xmlns=""http://schemas.microsoft.com/win/2004/08/events/event"">
    <System>
      <Provider Name=""Microsoft-Windows-Sysmon"" Guid=""{5770385f-c22a-43e0-bf4c-06f5698ffbd9}""/>
      <EventID>1</EventID>
      <Version>5</Version>
      <Level>4</Level>
      <Task>1</Task>
      <Opcode>0</Opcode>
      <Keywords>0x8000000000000000</Keywords>
      <TimeCreated SystemTime=""2023-12-28T10:03:50.2946951Z""/>
      <EventRecordID>9474</EventRecordID>
      <Correlation/>
      <Execution ProcessID=""7044"" ThreadID=""6672""/>
      <Channel>Microsoft-Windows-Sysmon/Operational</Channel>
      <Computer>WinDev2309Eval</Computer>
      <Security UserID=""S-1-5-18""/>
    </System>
    <EventData>
      <Data Name=""RuleName"">-</Data>
      <Data Name=""UtcTime"">2023-12-28 10:03:50.293</Data>
      <Data Name=""ProcessGuid"">{fda94052-4806-658d-7c02-000000000b00}</Data>
      <Data Name=""ProcessId"">3796</Data>
      <Data Name=""Image"">C:\Windows\System32\cmd.exe</Data>
      <Data Name=""FileVersion"">10.0.22621.1635 (WinBuild.160101.0800)</Data>
      <Data Name=""Description"">Windows Command Processor</Data>
      <Data Name=""Product"">Microsoft&#174; Windows&#174; Operating System</Data>
      <Data Name=""Company"">Microsoft Corporation</Data>
      <Data Name=""OriginalFileName"">Cmd.Exe</Data>
      <Data Name=""CommandLine"">""cmd.exe"" /c ""C:\AtomicRedTeam\atomics\T1562.002\bin\Phant0m.exe""</Data>
      <Data Name=""CurrentDirectory"">C:\Users\User\AppData\Local\Temp\</Data>
      <Data Name=""User"">WINDEV2309EVAL\User</Data>
      <Data Name=""LogonGuid"">{fda94052-3502-658d-b367-080000000000}</Data>
      <Data Name=""LogonId"">0x867b3</Data>
      <Data Name=""TerminalSessionId"">1</Data>
      <Data Name=""IntegrityLevel"">Medium</Data>
      <Data Name=""Hashes"">MD5=5A6BE4D2519515241D0C133A26CF62C0,SHA256=423E0E810A69AACEBA0E5670E58AFF898CF0EBFFAB99CCB46EBB3464C3D2FACB,IMPHASH=D73E39DAB3C8B57AA408073D01254964</Data>
      <Data Name=""ParentProcessGuid"">{fda94052-b87a-658c-2702-000000000b00}</Data>
      <Data Name=""ParentProcessId"">5076</Data>
      <Data Name=""ParentImage"">C:\Windows\System32\WindowsPowerShell\v1.0\powershell.exe</Data>
      <Data Name=""ParentCommandLine"">""C:\Windows\System32\WindowsPowerShell\v1.0\powershell.exe"" -exec bypass</Data>
      <Data Name=""ParentUser"">WINDEV2309EVAL\User</Data>
    </EventData>
  </Event>
  
"
Microsoft-Windows-Sysmon/Operational,"wevtutil  sl ""Microsoft-Windows-IKE/Operational"" /e:false",Microsoft Corporation,WinDev2309Eval,,C:\Users\User\AppData\Local\Temp\,Windows Event Log Utility,,,,,,,1,9473,,10.0.22621.1778 (WinBuild.160101.0800),"MD5=DFE4A9613993ECAFE6B38DEFE8D495F2,SHA256=3635324AA002EBB7FD99D50E63ACDAC0C34E831A7F35E7B33F37854557538588,IMPHASH=92CA71320A49850E970004A94EA5D695",C:\Windows\System32\wevtutil.exe,,Medium,0x8000000000000000,4,{fda94052-3502-658d-b367-080000000000},0x867b3,0,wevtutil.exe,"""cmd.exe"" /c wevtutil sl ""Microsoft-Windows-IKE/Operational"" /e:false",C:\Windows\System32\cmd.exe,{fda94052-4806-658d-7902-000000000b00},9824,WINDEV2309EVAL\User,{fda94052-4806-658d-7b02-000000000b00},7044,3048,Microsoft® Windows® Operating System,,,,,-,,,,,,2023-12-28T10:03:50.0830135Z,,,1,1,6672,WINDEV2309EVAL\User,S-1-5-18,2023-12-28 10:03:50.078,5,"<Event xmlns=""http://schemas.microsoft.com/win/2004/08/events/event"">
    <System>
      <Provider Name=""Microsoft-Windows-Sysmon"" Guid=""{5770385f-c22a-43e0-bf4c-06f5698ffbd9}""/>
      <EventID>1</EventID>
      <Version>5</Version>
      <Level>4</Level>
      <Task>1</Task>
      <Opcode>0</Opcode>
      <Keywords>0x8000000000000000</Keywords>
      <TimeCreated SystemTime=""2023-12-28T10:03:50.0830135Z""/>
      <EventRecordID>9473</EventRecordID>
      <Correlation/>
      <Execution ProcessID=""7044"" ThreadID=""6672""/>
      <Channel>Microsoft-Windows-Sysmon/Operational</Channel>
      <Computer>WinDev2309Eval</Computer>
      <Security UserID=""S-1-5-18""/>
    </System>
    <EventData>
      <Data Name=""RuleName"">-</Data>
      <Data Name=""UtcTime"">2023-12-28 10:03:50.078</Data>
      <Data Name=""ProcessGuid"">{fda94052-4806-658d-7b02-000000000b00}</Data>
      <Data Name=""ProcessId"">3048</Data>
      <Data Name=""Image"">C:\Windows\System32\wevtutil.exe</Data>
      <Data Name=""FileVersion"">10.0.22621.1778 (WinBuild.160101.0800)</Data>
      <Data Name=""Description"">Windows Event Log Utility</Data>
      <Data Name=""Product"">Microsoft&#174; Windows&#174; Operating System</Data>
      <Data Name=""Company"">Microsoft Corporation</Data>
      <Data Name=""OriginalFileName"">wevtutil.exe</Data>
      <Data Name=""CommandLine"">wevtutil  sl ""Microsoft-Windows-IKE/Operational"" /e:false</Data>
      <Data Name=""CurrentDirectory"">C:\Users\User\AppData\Local\Temp\</Data>
      <Data Name=""User"">WINDEV2309EVAL\User</Data>
      <Data Name=""LogonGuid"">{fda94052-3502-658d-b367-080000000000}</Data>
      <Data Name=""LogonId"">0x867b3</Data>
      <Data Name=""TerminalSessionId"">1</Data>
      <Data Name=""IntegrityLevel"">Medium</Data>
      <Data Name=""Hashes"">MD5=DFE4A9613993ECAFE6B38DEFE8D495F2,SHA256=3635324AA002EBB7FD99D50E63ACDAC0C34E831A7F35E7B33F37854557538588,IMPHASH=92CA71320A49850E970004A94EA5D695</Data>
      <Data Name=""ParentProcessGuid"">{fda94052-4806-658d-7902-000000000b00}</Data>
      <Data Name=""ParentProcessId"">9824</Data>
      <Data Name=""ParentImage"">C:\Windows\System32\cmd.exe</Data>
      <Data Name=""ParentCommandLine"">""cmd.exe"" /c wevtutil sl ""Microsoft-Windows-IKE/Operational"" /e:false</Data>
      <Data Name=""ParentUser"">WINDEV2309EVAL\User</Data>
    </EventData>
  </Event>
  
"
Microsoft-Windows-Sysmon/Operational,"""cmd.exe"" /c wevtutil sl ""Microsoft-Windows-IKE/Operational"" /e:false",Microsoft Corporation,WinDev2309Eval,,C:\Users\User\AppData\Local\Temp\,Windows Command Processor,,,,,,,1,9472,,10.0.22621.1635 (WinBuild.160101.0800),"MD5=5A6BE4D2519515241D0C133A26CF62C0,SHA256=423E0E810A69AACEBA0E5670E58AFF898CF0EBFFAB99CCB46EBB3464C3D2FACB,IMPHASH=D73E39DAB3C8B57AA408073D01254964",C:\Windows\System32\cmd.exe,,Medium,0x8000000000000000,4,{fda94052-3502-658d-b367-080000000000},0x867b3,0,Cmd.Exe,"""C:\Windows\System32\WindowsPowerShell\v1.0\powershell.exe"" -exec bypass",C:\Windows\System32\WindowsPowerShell\v1.0\powershell.exe,{fda94052-b87a-658c-2702-000000000b00},5076,WINDEV2309EVAL\User,{fda94052-4806-658d-7902-000000000b00},7044,9824,Microsoft® Windows® Operating System,,,,,-,,,,,,2023-12-28T10:03:50.0538622Z,,,1,1,6672,WINDEV2309EVAL\User,S-1-5-18,2023-12-28 10:03:50.052,5,"<Event xmlns=""http://schemas.microsoft.com/win/2004/08/events/event"">
    <System>
      <Provider Name=""Microsoft-Windows-Sysmon"" Guid=""{5770385f-c22a-43e0-bf4c-06f5698ffbd9}""/>
      <EventID>1</EventID>
      <Version>5</Version>
      <Level>4</Level>
      <Task>1</Task>
      <Opcode>0</Opcode>
      <Keywords>0x8000000000000000</Keywords>
      <TimeCreated SystemTime=""2023-12-28T10:03:50.0538622Z""/>
      <EventRecordID>9472</EventRecordID>
      <Correlation/>
      <Execution ProcessID=""7044"" ThreadID=""6672""/>
      <Channel>Microsoft-Windows-Sysmon/Operational</Channel>
      <Computer>WinDev2309Eval</Computer>
      <Security UserID=""S-1-5-18""/>
    </System>
    <EventData>
      <Data Name=""RuleName"">-</Data>
      <Data Name=""UtcTime"">2023-12-28 10:03:50.052</Data>
      <Data Name=""ProcessGuid"">{fda94052-4806-658d-7902-000000000b00}</Data>
      <Data Name=""ProcessId"">9824</Data>
      <Data Name=""Image"">C:\Windows\System32\cmd.exe</Data>
      <Data Name=""FileVersion"">10.0.22621.1635 (WinBuild.160101.0800)</Data>
      <Data Name=""Description"">Windows Command Processor</Data>
      <Data Name=""Product"">Microsoft&#174; Windows&#174; Operating System</Data>
      <Data Name=""Company"">Microsoft Corporation</Data>
      <Data Name=""OriginalFileName"">Cmd.Exe</Data>
      <Data Name=""CommandLine"">""cmd.exe"" /c wevtutil sl ""Microsoft-Windows-IKE/Operational"" /e:false</Data>
      <Data Name=""CurrentDirectory"">C:\Users\User\AppData\Local\Temp\</Data>
      <Data Name=""User"">WINDEV2309EVAL\User</Data>
      <Data Name=""LogonGuid"">{fda94052-3502-658d-b367-080000000000}</Data>
      <Data Name=""LogonId"">0x867b3</Data>
      <Data Name=""TerminalSessionId"">1</Data>
      <Data Name=""IntegrityLevel"">Medium</Data>
      <Data Name=""Hashes"">MD5=5A6BE4D2519515241D0C133A26CF62C0,SHA256=423E0E810A69AACEBA0E5670E58AFF898CF0EBFFAB99CCB46EBB3464C3D2FACB,IMPHASH=D73E39DAB3C8B57AA408073D01254964</Data>
      <Data Name=""ParentProcessGuid"">{fda94052-b87a-658c-2702-000000000b00}</Data>
      <Data Name=""ParentProcessId"">5076</Data>
      <Data Name=""ParentImage"">C:\Windows\System32\WindowsPowerShell\v1.0\powershell.exe</Data>
      <Data Name=""ParentCommandLine"">""C:\Windows\System32\WindowsPowerShell\v1.0\powershell.exe"" -exec bypass</Data>
      <Data Name=""ParentUser"">WINDEV2309EVAL\User</Data>
    </EventData>
  </Event>
  
"
Microsoft-Windows-Sysmon/Operational,auditpol  /remove /allusers,Microsoft Corporation,WinDev2309Eval,,C:\Users\User\AppData\Local\Temp\,Audit Policy Program,,,,,,,1,9471,,10.0.22621.1 (WinBuild.160101.0800),"MD5=24267A44EE6FF87E41500CE0CA87B405,SHA256=CDEFF13F4EF1F7DD953D4496D253F6E7DDDF53D60D0797F66FC249CDF4AADA8B,IMPHASH=FA2CFAB845A1096FB0F05EE99677BDD0",C:\Windows\System32\auditpol.exe,,Medium,0x8000000000000000,4,{fda94052-3502-658d-b367-080000000000},0x867b3,0,AUDITPOL.EXE,"""cmd.exe"" /c auditpol /clear /y & auditpol /remove /allusers",C:\Windows\System32\cmd.exe,{fda94052-4805-658d-7502-000000000b00},3192,WINDEV2309EVAL\User,{fda94052-4805-658d-7802-000000000b00},7044,5024,Microsoft® Windows® Operating System,,,,,-,,,,,,2023-12-28T10:03:49.8692915Z,,,1,1,6672,WINDEV2309EVAL\User,S-1-5-18,2023-12-28 10:03:49.868,5,"<Event xmlns=""http://schemas.microsoft.com/win/2004/08/events/event"">
    <System>
      <Provider Name=""Microsoft-Windows-Sysmon"" Guid=""{5770385f-c22a-43e0-bf4c-06f5698ffbd9}""/>
      <EventID>1</EventID>
      <Version>5</Version>
      <Level>4</Level>
      <Task>1</Task>
      <Opcode>0</Opcode>
      <Keywords>0x8000000000000000</Keywords>
      <TimeCreated SystemTime=""2023-12-28T10:03:49.8692915Z""/>
      <EventRecordID>9471</EventRecordID>
      <Correlation/>
      <Execution ProcessID=""7044"" ThreadID=""6672""/>
      <Channel>Microsoft-Windows-Sysmon/Operational</Channel>
      <Computer>WinDev2309Eval</Computer>
      <Security UserID=""S-1-5-18""/>
    </System>
    <EventData>
      <Data Name=""RuleName"">-</Data>
      <Data Name=""UtcTime"">2023-12-28 10:03:49.868</Data>
      <Data Name=""ProcessGuid"">{fda94052-4805-658d-7802-000000000b00}</Data>
      <Data Name=""ProcessId"">5024</Data>
      <Data Name=""Image"">C:\Windows\System32\auditpol.exe</Data>
      <Data Name=""FileVersion"">10.0.22621.1 (WinBuild.160101.0800)</Data>
      <Data Name=""Description"">Audit Policy Program</Data>
      <Data Name=""Product"">Microsoft&#174; Windows&#174; Operating System</Data>
      <Data Name=""Company"">Microsoft Corporation</Data>
      <Data Name=""OriginalFileName"">AUDITPOL.EXE</Data>
      <Data Name=""CommandLine"">auditpol  /remove /allusers</Data>
      <Data Name=""CurrentDirectory"">C:\Users\User\AppData\Local\Temp\</Data>
      <Data Name=""User"">WINDEV2309EVAL\User</Data>
      <Data Name=""LogonGuid"">{fda94052-3502-658d-b367-080000000000}</Data>
      <Data Name=""LogonId"">0x867b3</Data>
      <Data Name=""TerminalSessionId"">1</Data>
      <Data Name=""IntegrityLevel"">Medium</Data>
      <Data Name=""Hashes"">MD5=24267A44EE6FF87E41500CE0CA87B405,SHA256=CDEFF13F4EF1F7DD953D4496D253F6E7DDDF53D60D0797F66FC249CDF4AADA8B,IMPHASH=FA2CFAB845A1096FB0F05EE99677BDD0</Data>
      <Data Name=""ParentProcessGuid"">{fda94052-4805-658d-7502-000000000b00}</Data>
      <Data Name=""ParentProcessId"">3192</Data>
      <Data Name=""ParentImage"">C:\Windows\System32\cmd.exe</Data>
      <Data Name=""ParentCommandLine"">""cmd.exe"" /c auditpol /clear /y &amp; auditpol /remove /allusers</Data>
      <Data Name=""ParentUser"">WINDEV2309EVAL\User</Data>
    </EventData>
  </Event>
  
"
Microsoft-Windows-Sysmon/Operational,auditpol  /clear /y ,Microsoft Corporation,WinDev2309Eval,,C:\Users\User\AppData\Local\Temp\,Audit Policy Program,,,,,,,1,9470,,10.0.22621.1 (WinBuild.160101.0800),"MD5=24267A44EE6FF87E41500CE0CA87B405,SHA256=CDEFF13F4EF1F7DD953D4496D253F6E7DDDF53D60D0797F66FC249CDF4AADA8B,IMPHASH=FA2CFAB845A1096FB0F05EE99677BDD0",C:\Windows\System32\auditpol.exe,,Medium,0x8000000000000000,4,{fda94052-3502-658d-b367-080000000000},0x867b3,0,AUDITPOL.EXE,"""cmd.exe"" /c auditpol /clear /y & auditpol /remove /allusers",C:\Windows\System32\cmd.exe,{fda94052-4805-658d-7502-000000000b00},3192,WINDEV2309EVAL\User,{fda94052-4805-658d-7702-000000000b00},7044,6300,Microsoft® Windows® Operating System,,,,,-,,,,,,2023-12-28T10:03:49.8565559Z,,,1,1,6672,WINDEV2309EVAL\User,S-1-5-18,2023-12-28 10:03:49.855,5,"<Event xmlns=""http://schemas.microsoft.com/win/2004/08/events/event"">
    <System>
      <Provider Name=""Microsoft-Windows-Sysmon"" Guid=""{5770385f-c22a-43e0-bf4c-06f5698ffbd9}""/>
      <EventID>1</EventID>
      <Version>5</Version>
      <Level>4</Level>
      <Task>1</Task>
      <Opcode>0</Opcode>
      <Keywords>0x8000000000000000</Keywords>
      <TimeCreated SystemTime=""2023-12-28T10:03:49.8565559Z""/>
      <EventRecordID>9470</EventRecordID>
      <Correlation/>
      <Execution ProcessID=""7044"" ThreadID=""6672""/>
      <Channel>Microsoft-Windows-Sysmon/Operational</Channel>
      <Computer>WinDev2309Eval</Computer>
      <Security UserID=""S-1-5-18""/>
    </System>
    <EventData>
      <Data Name=""RuleName"">-</Data>
      <Data Name=""UtcTime"">2023-12-28 10:03:49.855</Data>
      <Data Name=""ProcessGuid"">{fda94052-4805-658d-7702-000000000b00}</Data>
      <Data Name=""ProcessId"">6300</Data>
      <Data Name=""Image"">C:\Windows\System32\auditpol.exe</Data>
      <Data Name=""FileVersion"">10.0.22621.1 (WinBuild.160101.0800)</Data>
      <Data Name=""Description"">Audit Policy Program</Data>
      <Data Name=""Product"">Microsoft&#174; Windows&#174; Operating System</Data>
      <Data Name=""Company"">Microsoft Corporation</Data>
      <Data Name=""OriginalFileName"">AUDITPOL.EXE</Data>
      <Data Name=""CommandLine"">auditpol  /clear /y </Data>
      <Data Name=""CurrentDirectory"">C:\Users\User\AppData\Local\Temp\</Data>
      <Data Name=""User"">WINDEV2309EVAL\User</Data>
      <Data Name=""LogonGuid"">{fda94052-3502-658d-b367-080000000000}</Data>
      <Data Name=""LogonId"">0x867b3</Data>
      <Data Name=""TerminalSessionId"">1</Data>
      <Data Name=""IntegrityLevel"">Medium</Data>
      <Data Name=""Hashes"">MD5=24267A44EE6FF87E41500CE0CA87B405,SHA256=CDEFF13F4EF1F7DD953D4496D253F6E7DDDF53D60D0797F66FC249CDF4AADA8B,IMPHASH=FA2CFAB845A1096FB0F05EE99677BDD0</Data>
      <Data Name=""ParentProcessGuid"">{fda94052-4805-658d-7502-000000000b00}</Data>
      <Data Name=""ParentProcessId"">3192</Data>
      <Data Name=""ParentImage"">C:\Windows\System32\cmd.exe</Data>
      <Data Name=""ParentCommandLine"">""cmd.exe"" /c auditpol /clear /y &amp; auditpol /remove /allusers</Data>
      <Data Name=""ParentUser"">WINDEV2309EVAL\User</Data>
    </EventData>
  </Event>
  
"
Microsoft-Windows-Sysmon/Operational,"""cmd.exe"" /c auditpol /clear /y & auditpol /remove /allusers",Microsoft Corporation,WinDev2309Eval,,C:\Users\User\AppData\Local\Temp\,Windows Command Processor,,,,,,,1,9469,,10.0.22621.1635 (WinBuild.160101.0800),"MD5=5A6BE4D2519515241D0C133A26CF62C0,SHA256=423E0E810A69AACEBA0E5670E58AFF898CF0EBFFAB99CCB46EBB3464C3D2FACB,IMPHASH=D73E39DAB3C8B57AA408073D01254964",C:\Windows\System32\cmd.exe,,Medium,0x8000000000000000,4,{fda94052-3502-658d-b367-080000000000},0x867b3,0,Cmd.Exe,"""C:\Windows\System32\WindowsPowerShell\v1.0\powershell.exe"" -exec bypass",C:\Windows\System32\WindowsPowerShell\v1.0\powershell.exe,{fda94052-b87a-658c-2702-000000000b00},5076,WINDEV2309EVAL\User,{fda94052-4805-658d-7502-000000000b00},7044,3192,Microsoft® Windows® Operating System,,,,,-,,,,,,2023-12-28T10:03:49.8331471Z,,,1,1,6672,WINDEV2309EVAL\User,S-1-5-18,2023-12-28 10:03:49.828,5,"<Event xmlns=""http://schemas.microsoft.com/win/2004/08/events/event"">
    <System>
      <Provider Name=""Microsoft-Windows-Sysmon"" Guid=""{5770385f-c22a-43e0-bf4c-06f5698ffbd9}""/>
      <EventID>1</EventID>
      <Version>5</Version>
      <Level>4</Level>
      <Task>1</Task>
      <Opcode>0</Opcode>
      <Keywords>0x8000000000000000</Keywords>
      <TimeCreated SystemTime=""2023-12-28T10:03:49.8331471Z""/>
      <EventRecordID>9469</EventRecordID>
      <Correlation/>
      <Execution ProcessID=""7044"" ThreadID=""6672""/>
      <Channel>Microsoft-Windows-Sysmon/Operational</Channel>
      <Computer>WinDev2309Eval</Computer>
      <Security UserID=""S-1-5-18""/>
    </System>
    <EventData>
      <Data Name=""RuleName"">-</Data>
      <Data Name=""UtcTime"">2023-12-28 10:03:49.828</Data>
      <Data Name=""ProcessGuid"">{fda94052-4805-658d-7502-000000000b00}</Data>
      <Data Name=""ProcessId"">3192</Data>
      <Data Name=""Image"">C:\Windows\System32\cmd.exe</Data>
      <Data Name=""FileVersion"">10.0.22621.1635 (WinBuild.160101.0800)</Data>
      <Data Name=""Description"">Windows Command Processor</Data>
      <Data Name=""Product"">Microsoft&#174; Windows&#174; Operating System</Data>
      <Data Name=""Company"">Microsoft Corporation</Data>
      <Data Name=""OriginalFileName"">Cmd.Exe</Data>
      <Data Name=""CommandLine"">""cmd.exe"" /c auditpol /clear /y &amp; auditpol /remove /allusers</Data>
      <Data Name=""CurrentDirectory"">C:\Users\User\AppData\Local\Temp\</Data>
      <Data Name=""User"">WINDEV2309EVAL\User</Data>
      <Data Name=""LogonGuid"">{fda94052-3502-658d-b367-080000000000}</Data>
      <Data Name=""LogonId"">0x867b3</Data>
      <Data Name=""TerminalSessionId"">1</Data>
      <Data Name=""IntegrityLevel"">Medium</Data>
      <Data Name=""Hashes"">MD5=5A6BE4D2519515241D0C133A26CF62C0,SHA256=423E0E810A69AACEBA0E5670E58AFF898CF0EBFFAB99CCB46EBB3464C3D2FACB,IMPHASH=D73E39DAB3C8B57AA408073D01254964</Data>
      <Data Name=""ParentProcessGuid"">{fda94052-b87a-658c-2702-000000000b00}</Data>
      <Data Name=""ParentProcessId"">5076</Data>
      <Data Name=""ParentImage"">C:\Windows\System32\WindowsPowerShell\v1.0\powershell.exe</Data>
      <Data Name=""ParentCommandLine"">""C:\Windows\System32\WindowsPowerShell\v1.0\powershell.exe"" -exec bypass</Data>
      <Data Name=""ParentUser"">WINDEV2309EVAL\User</Data>
    </EventData>
  </Event>
  
"
Microsoft-Windows-Sysmon/Operational,"auditpol  /set /category:""Detailed Tracking"" /success:disable",Microsoft Corporation,WinDev2309Eval,,C:\Users\User\AppData\Local\Temp\,Audit Policy Program,,,,,,,1,9468,,10.0.22621.1 (WinBuild.160101.0800),"MD5=24267A44EE6FF87E41500CE0CA87B405,SHA256=CDEFF13F4EF1F7DD953D4496D253F6E7DDDF53D60D0797F66FC249CDF4AADA8B,IMPHASH=FA2CFAB845A1096FB0F05EE99677BDD0",C:\Windows\System32\auditpol.exe,,Medium,0x8000000000000000,4,{fda94052-3502-658d-b367-080000000000},0x867b3,0,AUDITPOL.EXE,"""cmd.exe"" /c auditpol /set /category:""Account Logon"" /success:disable /failure:disable & auditpol /set /category:""Logon/Logoff"" /success:disable /failure:disable & auditpol /set /category:""Detailed Tracking"" /success:disable",C:\Windows\System32\cmd.exe,{fda94052-4805-658d-7002-000000000b00},8788,WINDEV2309EVAL\User,{fda94052-4805-658d-7402-000000000b00},7044,10796,Microsoft® Windows® Operating System,,,,,-,,,,,,2023-12-28T10:03:49.6367501Z,,,1,1,6672,WINDEV2309EVAL\User,S-1-5-18,2023-12-28 10:03:49.635,5,"<Event xmlns=""http://schemas.microsoft.com/win/2004/08/events/event"">
    <System>
      <Provider Name=""Microsoft-Windows-Sysmon"" Guid=""{5770385f-c22a-43e0-bf4c-06f5698ffbd9}""/>
      <EventID>1</EventID>
      <Version>5</Version>
      <Level>4</Level>
      <Task>1</Task>
      <Opcode>0</Opcode>
      <Keywords>0x8000000000000000</Keywords>
      <TimeCreated SystemTime=""2023-12-28T10:03:49.6367501Z""/>
      <EventRecordID>9468</EventRecordID>
      <Correlation/>
      <Execution ProcessID=""7044"" ThreadID=""6672""/>
      <Channel>Microsoft-Windows-Sysmon/Operational</Channel>
      <Computer>WinDev2309Eval</Computer>
      <Security UserID=""S-1-5-18""/>
    </System>
    <EventData>
      <Data Name=""RuleName"">-</Data>
      <Data Name=""UtcTime"">2023-12-28 10:03:49.635</Data>
      <Data Name=""ProcessGuid"">{fda94052-4805-658d-7402-000000000b00}</Data>
      <Data Name=""ProcessId"">10796</Data>
      <Data Name=""Image"">C:\Windows\System32\auditpol.exe</Data>
      <Data Name=""FileVersion"">10.0.22621.1 (WinBuild.160101.0800)</Data>
      <Data Name=""Description"">Audit Policy Program</Data>
      <Data Name=""Product"">Microsoft&#174; Windows&#174; Operating System</Data>
      <Data Name=""Company"">Microsoft Corporation</Data>
      <Data Name=""OriginalFileName"">AUDITPOL.EXE</Data>
      <Data Name=""CommandLine"">auditpol  /set /category:""Detailed Tracking"" /success:disable</Data>
      <Data Name=""CurrentDirectory"">C:\Users\User\AppData\Local\Temp\</Data>
      <Data Name=""User"">WINDEV2309EVAL\User</Data>
      <Data Name=""LogonGuid"">{fda94052-3502-658d-b367-080000000000}</Data>
      <Data Name=""LogonId"">0x867b3</Data>
      <Data Name=""TerminalSessionId"">1</Data>
      <Data Name=""IntegrityLevel"">Medium</Data>
      <Data Name=""Hashes"">MD5=24267A44EE6FF87E41500CE0CA87B405,SHA256=CDEFF13F4EF1F7DD953D4496D253F6E7DDDF53D60D0797F66FC249CDF4AADA8B,IMPHASH=FA2CFAB845A1096FB0F05EE99677BDD0</Data>
      <Data Name=""ParentProcessGuid"">{fda94052-4805-658d-7002-000000000b00}</Data>
      <Data Name=""ParentProcessId"">8788</Data>
      <Data Name=""ParentImage"">C:\Windows\System32\cmd.exe</Data>
      <Data Name=""ParentCommandLine"">""cmd.exe"" /c auditpol /set /category:""Account Logon"" /success:disable /failure:disable &amp; auditpol /set /category:""Logon/Logoff"" /success:disable /failure:disable &amp; auditpol /set /category:""Detailed Tracking"" /success:disable</Data>
      <Data Name=""ParentUser"">WINDEV2309EVAL\User</Data>
    </EventData>
  </Event>
  
"
Microsoft-Windows-Sysmon/Operational,"auditpol  /set /category:""Logon/Logoff"" /success:disable /failure:disable ",Microsoft Corporation,WinDev2309Eval,,C:\Users\User\AppData\Local\Temp\,Audit Policy Program,,,,,,,1,9467,,10.0.22621.1 (WinBuild.160101.0800),"MD5=24267A44EE6FF87E41500CE0CA87B405,SHA256=CDEFF13F4EF1F7DD953D4496D253F6E7DDDF53D60D0797F66FC249CDF4AADA8B,IMPHASH=FA2CFAB845A1096FB0F05EE99677BDD0",C:\Windows\System32\auditpol.exe,,Medium,0x8000000000000000,4,{fda94052-3502-658d-b367-080000000000},0x867b3,0,AUDITPOL.EXE,"""cmd.exe"" /c auditpol /set /category:""Account Logon"" /success:disable /failure:disable & auditpol /set /category:""Logon/Logoff"" /success:disable /failure:disable & auditpol /set /category:""Detailed Tracking"" /success:disable",C:\Windows\System32\cmd.exe,{fda94052-4805-658d-7002-000000000b00},8788,WINDEV2309EVAL\User,{fda94052-4805-658d-7302-000000000b00},7044,8308,Microsoft® Windows® Operating System,,,,,-,,,,,,2023-12-28T10:03:49.6228826Z,,,1,1,6672,WINDEV2309EVAL\User,S-1-5-18,2023-12-28 10:03:49.621,5,"<Event xmlns=""http://schemas.microsoft.com/win/2004/08/events/event"">
    <System>
      <Provider Name=""Microsoft-Windows-Sysmon"" Guid=""{5770385f-c22a-43e0-bf4c-06f5698ffbd9}""/>
      <EventID>1</EventID>
      <Version>5</Version>
      <Level>4</Level>
      <Task>1</Task>
      <Opcode>0</Opcode>
      <Keywords>0x8000000000000000</Keywords>
      <TimeCreated SystemTime=""2023-12-28T10:03:49.6228826Z""/>
      <EventRecordID>9467</EventRecordID>
      <Correlation/>
      <Execution ProcessID=""7044"" ThreadID=""6672""/>
      <Channel>Microsoft-Windows-Sysmon/Operational</Channel>
      <Computer>WinDev2309Eval</Computer>
      <Security UserID=""S-1-5-18""/>
    </System>
    <EventData>
      <Data Name=""RuleName"">-</Data>
      <Data Name=""UtcTime"">2023-12-28 10:03:49.621</Data>
      <Data Name=""ProcessGuid"">{fda94052-4805-658d-7302-000000000b00}</Data>
      <Data Name=""ProcessId"">8308</Data>
      <Data Name=""Image"">C:\Windows\System32\auditpol.exe</Data>
      <Data Name=""FileVersion"">10.0.22621.1 (WinBuild.160101.0800)</Data>
      <Data Name=""Description"">Audit Policy Program</Data>
      <Data Name=""Product"">Microsoft&#174; Windows&#174; Operating System</Data>
      <Data Name=""Company"">Microsoft Corporation</Data>
      <Data Name=""OriginalFileName"">AUDITPOL.EXE</Data>
      <Data Name=""CommandLine"">auditpol  /set /category:""Logon/Logoff"" /success:disable /failure:disable </Data>
      <Data Name=""CurrentDirectory"">C:\Users\User\AppData\Local\Temp\</Data>
      <Data Name=""User"">WINDEV2309EVAL\User</Data>
      <Data Name=""LogonGuid"">{fda94052-3502-658d-b367-080000000000}</Data>
      <Data Name=""LogonId"">0x867b3</Data>
      <Data Name=""TerminalSessionId"">1</Data>
      <Data Name=""IntegrityLevel"">Medium</Data>
      <Data Name=""Hashes"">MD5=24267A44EE6FF87E41500CE0CA87B405,SHA256=CDEFF13F4EF1F7DD953D4496D253F6E7DDDF53D60D0797F66FC249CDF4AADA8B,IMPHASH=FA2CFAB845A1096FB0F05EE99677BDD0</Data>
      <Data Name=""ParentProcessGuid"">{fda94052-4805-658d-7002-000000000b00}</Data>
      <Data Name=""ParentProcessId"">8788</Data>
      <Data Name=""ParentImage"">C:\Windows\System32\cmd.exe</Data>
      <Data Name=""ParentCommandLine"">""cmd.exe"" /c auditpol /set /category:""Account Logon"" /success:disable /failure:disable &amp; auditpol /set /category:""Logon/Logoff"" /success:disable /failure:disable &amp; auditpol /set /category:""Detailed Tracking"" /success:disable</Data>
      <Data Name=""ParentUser"">WINDEV2309EVAL\User</Data>
    </EventData>
  </Event>
  
"
Microsoft-Windows-Sysmon/Operational,"auditpol  /set /category:""Account Logon"" /success:disable /failure:disable ",Microsoft Corporation,WinDev2309Eval,,C:\Users\User\AppData\Local\Temp\,Audit Policy Program,,,,,,,1,9466,,10.0.22621.1 (WinBuild.160101.0800),"MD5=24267A44EE6FF87E41500CE0CA87B405,SHA256=CDEFF13F4EF1F7DD953D4496D253F6E7DDDF53D60D0797F66FC249CDF4AADA8B,IMPHASH=FA2CFAB845A1096FB0F05EE99677BDD0",C:\Windows\System32\auditpol.exe,,Medium,0x8000000000000000,4,{fda94052-3502-658d-b367-080000000000},0x867b3,0,AUDITPOL.EXE,"""cmd.exe"" /c auditpol /set /category:""Account Logon"" /success:disable /failure:disable & auditpol /set /category:""Logon/Logoff"" /success:disable /failure:disable & auditpol /set /category:""Detailed Tracking"" /success:disable",C:\Windows\System32\cmd.exe,{fda94052-4805-658d-7002-000000000b00},8788,WINDEV2309EVAL\User,{fda94052-4805-658d-7202-000000000b00},7044,3736,Microsoft® Windows® Operating System,,,,,-,,,,,,2023-12-28T10:03:49.6032560Z,,,1,1,6672,WINDEV2309EVAL\User,S-1-5-18,2023-12-28 10:03:49.601,5,"<Event xmlns=""http://schemas.microsoft.com/win/2004/08/events/event"">
    <System>
      <Provider Name=""Microsoft-Windows-Sysmon"" Guid=""{5770385f-c22a-43e0-bf4c-06f5698ffbd9}""/>
      <EventID>1</EventID>
      <Version>5</Version>
      <Level>4</Level>
      <Task>1</Task>
      <Opcode>0</Opcode>
      <Keywords>0x8000000000000000</Keywords>
      <TimeCreated SystemTime=""2023-12-28T10:03:49.6032560Z""/>
      <EventRecordID>9466</EventRecordID>
      <Correlation/>
      <Execution ProcessID=""7044"" ThreadID=""6672""/>
      <Channel>Microsoft-Windows-Sysmon/Operational</Channel>
      <Computer>WinDev2309Eval</Computer>
      <Security UserID=""S-1-5-18""/>
    </System>
    <EventData>
      <Data Name=""RuleName"">-</Data>
      <Data Name=""UtcTime"">2023-12-28 10:03:49.601</Data>
      <Data Name=""ProcessGuid"">{fda94052-4805-658d-7202-000000000b00}</Data>
      <Data Name=""ProcessId"">3736</Data>
      <Data Name=""Image"">C:\Windows\System32\auditpol.exe</Data>
      <Data Name=""FileVersion"">10.0.22621.1 (WinBuild.160101.0800)</Data>
      <Data Name=""Description"">Audit Policy Program</Data>
      <Data Name=""Product"">Microsoft&#174; Windows&#174; Operating System</Data>
      <Data Name=""Company"">Microsoft Corporation</Data>
      <Data Name=""OriginalFileName"">AUDITPOL.EXE</Data>
      <Data Name=""CommandLine"">auditpol  /set /category:""Account Logon"" /success:disable /failure:disable </Data>
      <Data Name=""CurrentDirectory"">C:\Users\User\AppData\Local\Temp\</Data>
      <Data Name=""User"">WINDEV2309EVAL\User</Data>
      <Data Name=""LogonGuid"">{fda94052-3502-658d-b367-080000000000}</Data>
      <Data Name=""LogonId"">0x867b3</Data>
      <Data Name=""TerminalSessionId"">1</Data>
      <Data Name=""IntegrityLevel"">Medium</Data>
      <Data Name=""Hashes"">MD5=24267A44EE6FF87E41500CE0CA87B405,SHA256=CDEFF13F4EF1F7DD953D4496D253F6E7DDDF53D60D0797F66FC249CDF4AADA8B,IMPHASH=FA2CFAB845A1096FB0F05EE99677BDD0</Data>
      <Data Name=""ParentProcessGuid"">{fda94052-4805-658d-7002-000000000b00}</Data>
      <Data Name=""ParentProcessId"">8788</Data>
      <Data Name=""ParentImage"">C:\Windows\System32\cmd.exe</Data>
      <Data Name=""ParentCommandLine"">""cmd.exe"" /c auditpol /set /category:""Account Logon"" /success:disable /failure:disable &amp; auditpol /set /category:""Logon/Logoff"" /success:disable /failure:disable &amp; auditpol /set /category:""Detailed Tracking"" /success:disable</Data>
      <Data Name=""ParentUser"">WINDEV2309EVAL\User</Data>
    </EventData>
  </Event>
  
"
Microsoft-Windows-Sysmon/Operational,"""cmd.exe"" /c auditpol /set /category:""Account Logon"" /success:disable /failure:disable & auditpol /set /category:""Logon/Logoff"" /success:disable /failure:disable & auditpol /set /category:""Detailed Tracking"" /success:disable",Microsoft Corporation,WinDev2309Eval,,C:\Users\User\AppData\Local\Temp\,Windows Command Processor,,,,,,,1,9465,,10.0.22621.1635 (WinBuild.160101.0800),"MD5=5A6BE4D2519515241D0C133A26CF62C0,SHA256=423E0E810A69AACEBA0E5670E58AFF898CF0EBFFAB99CCB46EBB3464C3D2FACB,IMPHASH=D73E39DAB3C8B57AA408073D01254964",C:\Windows\System32\cmd.exe,,Medium,0x8000000000000000,4,{fda94052-3502-658d-b367-080000000000},0x867b3,0,Cmd.Exe,"""C:\Windows\System32\WindowsPowerShell\v1.0\powershell.exe"" -exec bypass",C:\Windows\System32\WindowsPowerShell\v1.0\powershell.exe,{fda94052-b87a-658c-2702-000000000b00},5076,WINDEV2309EVAL\User,{fda94052-4805-658d-7002-000000000b00},7044,8788,Microsoft® Windows® Operating System,,,,,-,,,,,,2023-12-28T10:03:49.5759243Z,,,1,1,6672,WINDEV2309EVAL\User,S-1-5-18,2023-12-28 10:03:49.574,5,"<Event xmlns=""http://schemas.microsoft.com/win/2004/08/events/event"">
    <System>
      <Provider Name=""Microsoft-Windows-Sysmon"" Guid=""{5770385f-c22a-43e0-bf4c-06f5698ffbd9}""/>
      <EventID>1</EventID>
      <Version>5</Version>
      <Level>4</Level>
      <Task>1</Task>
      <Opcode>0</Opcode>
      <Keywords>0x8000000000000000</Keywords>
      <TimeCreated SystemTime=""2023-12-28T10:03:49.5759243Z""/>
      <EventRecordID>9465</EventRecordID>
      <Correlation/>
      <Execution ProcessID=""7044"" ThreadID=""6672""/>
      <Channel>Microsoft-Windows-Sysmon/Operational</Channel>
      <Computer>WinDev2309Eval</Computer>
      <Security UserID=""S-1-5-18""/>
    </System>
    <EventData>
      <Data Name=""RuleName"">-</Data>
      <Data Name=""UtcTime"">2023-12-28 10:03:49.574</Data>
      <Data Name=""ProcessGuid"">{fda94052-4805-658d-7002-000000000b00}</Data>
      <Data Name=""ProcessId"">8788</Data>
      <Data Name=""Image"">C:\Windows\System32\cmd.exe</Data>
      <Data Name=""FileVersion"">10.0.22621.1635 (WinBuild.160101.0800)</Data>
      <Data Name=""Description"">Windows Command Processor</Data>
      <Data Name=""Product"">Microsoft&#174; Windows&#174; Operating System</Data>
      <Data Name=""Company"">Microsoft Corporation</Data>
      <Data Name=""OriginalFileName"">Cmd.Exe</Data>
      <Data Name=""CommandLine"">""cmd.exe"" /c auditpol /set /category:""Account Logon"" /success:disable /failure:disable &amp; auditpol /set /category:""Logon/Logoff"" /success:disable /failure:disable &amp; auditpol /set /category:""Detailed Tracking"" /success:disable</Data>
      <Data Name=""CurrentDirectory"">C:\Users\User\AppData\Local\Temp\</Data>
      <Data Name=""User"">WINDEV2309EVAL\User</Data>
      <Data Name=""LogonGuid"">{fda94052-3502-658d-b367-080000000000}</Data>
      <Data Name=""LogonId"">0x867b3</Data>
      <Data Name=""TerminalSessionId"">1</Data>
      <Data Name=""IntegrityLevel"">Medium</Data>
      <Data Name=""Hashes"">MD5=5A6BE4D2519515241D0C133A26CF62C0,SHA256=423E0E810A69AACEBA0E5670E58AFF898CF0EBFFAB99CCB46EBB3464C3D2FACB,IMPHASH=D73E39DAB3C8B57AA408073D01254964</Data>
      <Data Name=""ParentProcessGuid"">{fda94052-b87a-658c-2702-000000000b00}</Data>
      <Data Name=""ParentProcessId"">5076</Data>
      <Data Name=""ParentImage"">C:\Windows\System32\WindowsPowerShell\v1.0\powershell.exe</Data>
      <Data Name=""ParentCommandLine"">""C:\Windows\System32\WindowsPowerShell\v1.0\powershell.exe"" -exec bypass</Data>
      <Data Name=""ParentUser"">WINDEV2309EVAL\User</Data>
    </EventData>
  </Event>
  
"
Microsoft-Windows-Sysmon/Operational,,,WinDev2309Eval,,,,,,,,,,22,9464,,,,C:\Windows\System32\WindowsPowerShell\v1.0\powershell.exe,,,0x8000000000000000,4,,,0,,,,,,,{fda94052-4801-658d-6b02-000000000b00},7044,3064,,,raw.githubusercontent.com,::ffff:185.199.111.133;::ffff:185.199.109.133;::ffff:185.199.110.133;::ffff:185.199.108.133;,0,-,,,,,,2023-12-28T10:03:48.8924368Z,,,22,,1124,WINDEV2309EVAL\User,S-1-5-18,2023-12-27 23:54:18.268,5,"<Event xmlns=""http://schemas.microsoft.com/win/2004/08/events/event"">
    <System>
      <Provider Name=""Microsoft-Windows-Sysmon"" Guid=""{5770385f-c22a-43e0-bf4c-06f5698ffbd9}""/>
      <EventID>22</EventID>
      <Version>5</Version>
      <Level>4</Level>
      <Task>22</Task>
      <Opcode>0</Opcode>
      <Keywords>0x8000000000000000</Keywords>
      <TimeCreated SystemTime=""2023-12-28T10:03:48.8924368Z""/>
      <EventRecordID>9464</EventRecordID>
      <Correlation/>
      <Execution ProcessID=""7044"" ThreadID=""1124""/>
      <Channel>Microsoft-Windows-Sysmon/Operational</Channel>
      <Computer>WinDev2309Eval</Computer>
      <Security UserID=""S-1-5-18""/>
    </System>
    <EventData>
      <Data Name=""RuleName"">-</Data>
      <Data Name=""UtcTime"">2023-12-27 23:54:18.268</Data>
      <Data Name=""ProcessGuid"">{fda94052-4801-658d-6b02-000000000b00}</Data>
      <Data Name=""ProcessId"">3064</Data>
      <Data Name=""QueryName"">raw.githubusercontent.com</Data>
      <Data Name=""QueryStatus"">0</Data>
      <Data Name=""QueryResults"">::ffff:185.199.111.133;::ffff:185.199.109.133;::ffff:185.199.110.133;::ffff:185.199.108.133;</Data>
      <Data Name=""Image"">C:\Windows\System32\WindowsPowerShell\v1.0\powershell.exe</Data>
      <Data Name=""User"">WINDEV2309EVAL\User</Data>
    </EventData>
  </Event>
  
"
Microsoft-Windows-Sysmon/Operational,,,WinDev2309Eval,,,,cdn-185-199-111-133.github.com,185.199.111.133,false,443,https,,3,9463,,,,C:\Windows\System32\WindowsPowerShell\v1.0\powershell.exe,true,,0x8000000000000000,4,,,0,,,,,,,{fda94052-4801-658d-6b02-000000000b00},7044,3064,,tcp,,,,-,WinDev2309Eval.localdomain,192.168.126.164,false,59350,-,2023-12-28T10:03:48.6447704Z,,,3,,5204,WINDEV2309EVAL\User,S-1-5-18,2023-12-27 23:54:18.295,5,"<Event xmlns=""http://schemas.microsoft.com/win/2004/08/events/event"">
    <System>
      <Provider Name=""Microsoft-Windows-Sysmon"" Guid=""{5770385f-c22a-43e0-bf4c-06f5698ffbd9}""/>
      <EventID>3</EventID>
      <Version>5</Version>
      <Level>4</Level>
      <Task>3</Task>
      <Opcode>0</Opcode>
      <Keywords>0x8000000000000000</Keywords>
      <TimeCreated SystemTime=""2023-12-28T10:03:48.6447704Z""/>
      <EventRecordID>9463</EventRecordID>
      <Correlation/>
      <Execution ProcessID=""7044"" ThreadID=""5204""/>
      <Channel>Microsoft-Windows-Sysmon/Operational</Channel>
      <Computer>WinDev2309Eval</Computer>
      <Security UserID=""S-1-5-18""/>
    </System>
    <EventData>
      <Data Name=""RuleName"">-</Data>
      <Data Name=""UtcTime"">2023-12-27 23:54:18.295</Data>
      <Data Name=""ProcessGuid"">{fda94052-4801-658d-6b02-000000000b00}</Data>
      <Data Name=""ProcessId"">3064</Data>
      <Data Name=""Image"">C:\Windows\System32\WindowsPowerShell\v1.0\powershell.exe</Data>
      <Data Name=""User"">WINDEV2309EVAL\User</Data>
      <Data Name=""Protocol"">tcp</Data>
      <Data Name=""Initiated"">true</Data>
      <Data Name=""SourceIsIpv6"">false</Data>
      <Data Name=""SourceIp"">192.168.126.164</Data>
      <Data Name=""SourceHostname"">WinDev2309Eval.localdomain</Data>
      <Data Name=""SourcePort"">59350</Data>
      <Data Name=""SourcePortName"">-</Data>
      <Data Name=""DestinationIsIpv6"">false</Data>
      <Data Name=""DestinationIp"">185.199.111.133</Data>
      <Data Name=""DestinationHostname"">cdn-185-199-111-133.github.com</Data>
      <Data Name=""DestinationPort"">443</Data>
      <Data Name=""DestinationPortName"">https</Data>
    </EventData>
  </Event>
  
"
