Microsoft-Windows-Sysmon/Operational,"""powershell.exe"" & {[Ref].Assembly.GetType('System.Management.Automation.AmsiUtils').GetField('amsiInitFailed','NonPublic,Static').SetValue($null,$true)}",Microsoft Corporation,WinDev2309Eval,,C:\Users\User\AppData\Local\Temp\,Windows PowerShell,,,,,,,1,9467,,10.0.22621.2215 (WinBuild.160101.0800),"MD5=824B9F337E68DD8C117595071AC11E23,SHA256=17083405E7DECB3DDEF837C2FA599293A4E8133736969DFD5CE92EF15608A587,IMPHASH=51B0FFFA02CA6C1B85189E2E6C139F36",C:\Windows\System32\WindowsPowerShell\v1.0\powershell.exe,,Medium,0x8000000000000000,Information,{fda94052-3502-658d-b367-080000000000},0x867b3,"Process Create:

RuleName: -

UtcTime: 2023-12-28 10:02:00.162

ProcessGuid: {fda94052-4798-658d-7202-000000000b00}

ProcessId: 6860

Image: C:\Windows\System32\WindowsPowerShell\v1.0\powershell.exe

FileVersion: 10.0.22621.2215 (WinBuild.160101.0800)

Description: Windows PowerShell

Product: Microsoft® Windows® Operating System

Company: Microsoft Corporation

OriginalFileName: PowerShell.EXE

CommandLine: ""powershell.exe"" & {[Ref].Assembly.GetType('System.Management.Automation.AmsiUtils').GetField('amsiInitFailed','NonPublic,Static').SetValue($null,$true)}

CurrentDirectory: C:\Users\User\AppData\Local\Temp\

User: WINDEV2309EVAL\User

LogonGuid: {fda94052-3502-658d-b367-080000000000}

LogonId: 0x867B3

TerminalSessionId: 1

IntegrityLevel: Medium

Hashes: MD5=824B9F337E68DD8C117595071AC11E23,SHA256=17083405E7DECB3DDEF837C2FA599293A4E8133736969DFD5CE92EF15608A587,IMPHASH=51B0FFFA02CA6C1B85189E2E6C139F36

ParentProcessGuid: {fda94052-b87a-658c-2702-000000000b00}

ParentProcessId: 5076

ParentImage: C:\Windows\System32\WindowsPowerShell\v1.0\powershell.exe

ParentCommandLine: ""C:\Windows\System32\WindowsPowerShell\v1.0\powershell.exe"" -exec bypass

ParentUser: WINDEV2309EVAL\User",Info,PowerShell.EXE,"""C:\Windows\System32\WindowsPowerShell\v1.0\powershell.exe"" -exec bypass",C:\Windows\System32\WindowsPowerShell\v1.0\powershell.exe,{fda94052-b87a-658c-2702-000000000b00},5076,WINDEV2309EVAL\User,{fda94052-4798-658d-7202-000000000b00},7044,6860,Microsoft® Windows® Operating System,,,,,"
      ",-,,,,,,2023-12-28T10:02:00.1643391Z,,,Process Create (rule: ProcessCreate),1,6672,WINDEV2309EVAL\User,S-1-5-18,2023-12-28 10:02:00.162,5,"<Event xmlns=""http://schemas.microsoft.com/win/2004/08/events/event"">
    <System>
      <Provider Name=""Microsoft-Windows-Sysmon"" Guid=""{5770385f-c22a-43e0-bf4c-06f5698ffbd9}""/>
      <EventID>1</EventID>
      <Version>5</Version>
      <Level>4</Level>
      <Task>1</Task>
      <Opcode>0</Opcode>
      <Keywords>0x8000000000000000</Keywords>
      <TimeCreated SystemTime=""2023-12-28T10:02:00.1643391Z""/>
      <EventRecordID>9467</EventRecordID>
      <Correlation/>
      <Execution ProcessID=""7044"" ThreadID=""6672""/>
      <Channel>Microsoft-Windows-Sysmon/Operational</Channel>
      <Computer>WinDev2309Eval</Computer>
      <Security UserID=""S-1-5-18""/>
    </System>
    <EventData>
      <Data Name=""RuleName"">-</Data>
      <Data Name=""UtcTime"">2023-12-28 10:02:00.162</Data>
      <Data Name=""ProcessGuid"">{fda94052-4798-658d-7202-000000000b00}</Data>
      <Data Name=""ProcessId"">6860</Data>
      <Data Name=""Image"">C:\Windows\System32\WindowsPowerShell\v1.0\powershell.exe</Data>
      <Data Name=""FileVersion"">10.0.22621.2215 (WinBuild.160101.0800)</Data>
      <Data Name=""Description"">Windows PowerShell</Data>
      <Data Name=""Product"">Microsoft&#174; Windows&#174; Operating System</Data>
      <Data Name=""Company"">Microsoft Corporation</Data>
      <Data Name=""OriginalFileName"">PowerShell.EXE</Data>
      <Data Name=""CommandLine"">""powershell.exe"" &amp; {[Ref].Assembly.GetType('System.Management.Automation.AmsiUtils').GetField('amsiInitFailed','NonPublic,Static').SetValue($null,$true)}</Data>
      <Data Name=""CurrentDirectory"">C:\Users\User\AppData\Local\Temp\</Data>
      <Data Name=""User"">WINDEV2309EVAL\User</Data>
      <Data Name=""LogonGuid"">{fda94052-3502-658d-b367-080000000000}</Data>
      <Data Name=""LogonId"">0x867b3</Data>
      <Data Name=""TerminalSessionId"">1</Data>
      <Data Name=""IntegrityLevel"">Medium</Data>
      <Data Name=""Hashes"">MD5=824B9F337E68DD8C117595071AC11E23,SHA256=17083405E7DECB3DDEF837C2FA599293A4E8133736969DFD5CE92EF15608A587,IMPHASH=51B0FFFA02CA6C1B85189E2E6C139F36</Data>
      <Data Name=""ParentProcessGuid"">{fda94052-b87a-658c-2702-000000000b00}</Data>
      <Data Name=""ParentProcessId"">5076</Data>
      <Data Name=""ParentImage"">C:\Windows\System32\WindowsPowerShell\v1.0\powershell.exe</Data>
      <Data Name=""ParentCommandLine"">""C:\Windows\System32\WindowsPowerShell\v1.0\powershell.exe"" -exec bypass</Data>
      <Data Name=""ParentUser"">WINDEV2309EVAL\User</Data>
    </EventData>
    <RenderingInfo Culture=""en-US"">
      <Message>Process Create:

RuleName: -

UtcTime: 2023-12-28 10:02:00.162

ProcessGuid: {fda94052-4798-658d-7202-000000000b00}

ProcessId: 6860

Image: C:\Windows\System32\WindowsPowerShell\v1.0\powershell.exe

FileVersion: 10.0.22621.2215 (WinBuild.160101.0800)

Description: Windows PowerShell

Product: Microsoft&#174; Windows&#174; Operating System

Company: Microsoft Corporation

OriginalFileName: PowerShell.EXE

CommandLine: ""powershell.exe"" &amp; {[Ref].Assembly.GetType('System.Management.Automation.AmsiUtils').GetField('amsiInitFailed','NonPublic,Static').SetValue($null,$true)}

CurrentDirectory: C:\Users\User\AppData\Local\Temp\

User: WINDEV2309EVAL\User

LogonGuid: {fda94052-3502-658d-b367-080000000000}

LogonId: 0x867B3

TerminalSessionId: 1

IntegrityLevel: Medium

Hashes: MD5=824B9F337E68DD8C117595071AC11E23,SHA256=17083405E7DECB3DDEF837C2FA599293A4E8133736969DFD5CE92EF15608A587,IMPHASH=51B0FFFA02CA6C1B85189E2E6C139F36

ParentProcessGuid: {fda94052-b87a-658c-2702-000000000b00}

ParentProcessId: 5076

ParentImage: C:\Windows\System32\WindowsPowerShell\v1.0\powershell.exe

ParentCommandLine: ""C:\Windows\System32\WindowsPowerShell\v1.0\powershell.exe"" -exec bypass

ParentUser: WINDEV2309EVAL\User</Message>
      <Level>Information</Level>
      <Task>Process Create (rule: ProcessCreate)</Task>
      <Opcode>Info</Opcode>
    </RenderingInfo>
  </Event>
  
"
Microsoft-Windows-Sysmon/Operational,sysmon  -u,Sysinternals - www.sysinternals.com,WinDev2309Eval,,C:\Users\User\AppData\Local\Temp\,System activity monitor,,,,,,,1,9466,,15.11,"MD5=41677D7AA71EF596BE07CA0C25FBF094,SHA256=A568B18A16E52C91CF6AD908E46970F657786386D867E8DB79563B025522E339,IMPHASH=CB3CF1DA8979200AB25C2AD8AD791A9E",C:\Windows\Sysmon.exe,,Medium,0x8000000000000000,Information,{fda94052-3502-658d-b367-080000000000},0x867b3,"Process Create:

RuleName: -

UtcTime: 2023-12-28 10:01:59.915

ProcessGuid: {fda94052-4797-658d-7102-000000000b00}

ProcessId: 660

Image: C:\Windows\Sysmon.exe

FileVersion: 15.11

Description: System activity monitor

Product: Sysinternals Sysmon

Company: Sysinternals - www.sysinternals.com

OriginalFileName: -

CommandLine: sysmon  -u

CurrentDirectory: C:\Users\User\AppData\Local\Temp\

User: WINDEV2309EVAL\User

LogonGuid: {fda94052-3502-658d-b367-080000000000}

LogonId: 0x867B3

TerminalSessionId: 1

IntegrityLevel: Medium

Hashes: MD5=41677D7AA71EF596BE07CA0C25FBF094,SHA256=A568B18A16E52C91CF6AD908E46970F657786386D867E8DB79563B025522E339,IMPHASH=CB3CF1DA8979200AB25C2AD8AD791A9E

ParentProcessGuid: {fda94052-4797-658d-6f02-000000000b00}

ParentProcessId: 1060

ParentImage: C:\Windows\System32\cmd.exe

ParentCommandLine: ""cmd.exe"" /c sysmon -u

ParentUser: WINDEV2309EVAL\User",Info,-,"""cmd.exe"" /c sysmon -u",C:\Windows\System32\cmd.exe,{fda94052-4797-658d-6f02-000000000b00},1060,WINDEV2309EVAL\User,{fda94052-4797-658d-7102-000000000b00},7044,660,Sysinternals Sysmon,,,,,"
      ",-,,,,,,2023-12-28T10:01:59.9168677Z,,,Process Create (rule: ProcessCreate),1,6672,WINDEV2309EVAL\User,S-1-5-18,2023-12-28 10:01:59.915,5,"<Event xmlns=""http://schemas.microsoft.com/win/2004/08/events/event"">
    <System>
      <Provider Name=""Microsoft-Windows-Sysmon"" Guid=""{5770385f-c22a-43e0-bf4c-06f5698ffbd9}""/>
      <EventID>1</EventID>
      <Version>5</Version>
      <Level>4</Level>
      <Task>1</Task>
      <Opcode>0</Opcode>
      <Keywords>0x8000000000000000</Keywords>
      <TimeCreated SystemTime=""2023-12-28T10:01:59.9168677Z""/>
      <EventRecordID>9466</EventRecordID>
      <Correlation/>
      <Execution ProcessID=""7044"" ThreadID=""6672""/>
      <Channel>Microsoft-Windows-Sysmon/Operational</Channel>
      <Computer>WinDev2309Eval</Computer>
      <Security UserID=""S-1-5-18""/>
    </System>
    <EventData>
      <Data Name=""RuleName"">-</Data>
      <Data Name=""UtcTime"">2023-12-28 10:01:59.915</Data>
      <Data Name=""ProcessGuid"">{fda94052-4797-658d-7102-000000000b00}</Data>
      <Data Name=""ProcessId"">660</Data>
      <Data Name=""Image"">C:\Windows\Sysmon.exe</Data>
      <Data Name=""FileVersion"">15.11</Data>
      <Data Name=""Description"">System activity monitor</Data>
      <Data Name=""Product"">Sysinternals Sysmon</Data>
      <Data Name=""Company"">Sysinternals - www.sysinternals.com</Data>
      <Data Name=""OriginalFileName"">-</Data>
      <Data Name=""CommandLine"">sysmon  -u</Data>
      <Data Name=""CurrentDirectory"">C:\Users\User\AppData\Local\Temp\</Data>
      <Data Name=""User"">WINDEV2309EVAL\User</Data>
      <Data Name=""LogonGuid"">{fda94052-3502-658d-b367-080000000000}</Data>
      <Data Name=""LogonId"">0x867b3</Data>
      <Data Name=""TerminalSessionId"">1</Data>
      <Data Name=""IntegrityLevel"">Medium</Data>
      <Data Name=""Hashes"">MD5=41677D7AA71EF596BE07CA0C25FBF094,SHA256=A568B18A16E52C91CF6AD908E46970F657786386D867E8DB79563B025522E339,IMPHASH=CB3CF1DA8979200AB25C2AD8AD791A9E</Data>
      <Data Name=""ParentProcessGuid"">{fda94052-4797-658d-6f02-000000000b00}</Data>
      <Data Name=""ParentProcessId"">1060</Data>
      <Data Name=""ParentImage"">C:\Windows\System32\cmd.exe</Data>
      <Data Name=""ParentCommandLine"">""cmd.exe"" /c sysmon -u</Data>
      <Data Name=""ParentUser"">WINDEV2309EVAL\User</Data>
    </EventData>
    <RenderingInfo Culture=""en-US"">
      <Message>Process Create:

RuleName: -

UtcTime: 2023-12-28 10:01:59.915

ProcessGuid: {fda94052-4797-658d-7102-000000000b00}

ProcessId: 660

Image: C:\Windows\Sysmon.exe

FileVersion: 15.11

Description: System activity monitor

Product: Sysinternals Sysmon

Company: Sysinternals - www.sysinternals.com

OriginalFileName: -

CommandLine: sysmon  -u

CurrentDirectory: C:\Users\User\AppData\Local\Temp\

User: WINDEV2309EVAL\User

LogonGuid: {fda94052-3502-658d-b367-080000000000}

LogonId: 0x867B3

TerminalSessionId: 1

IntegrityLevel: Medium

Hashes: MD5=41677D7AA71EF596BE07CA0C25FBF094,SHA256=A568B18A16E52C91CF6AD908E46970F657786386D867E8DB79563B025522E339,IMPHASH=CB3CF1DA8979200AB25C2AD8AD791A9E

ParentProcessGuid: {fda94052-4797-658d-6f02-000000000b00}

ParentProcessId: 1060

ParentImage: C:\Windows\System32\cmd.exe

ParentCommandLine: ""cmd.exe"" /c sysmon -u

ParentUser: WINDEV2309EVAL\User</Message>
      <Level>Information</Level>
      <Task>Process Create (rule: ProcessCreate)</Task>
      <Opcode>Info</Opcode>
    </RenderingInfo>
  </Event>
  
"
Microsoft-Windows-Sysmon/Operational,"""cmd.exe"" /c sysmon -u",Microsoft Corporation,WinDev2309Eval,,C:\Users\User\AppData\Local\Temp\,Windows Command Processor,,,,,,,1,9465,,10.0.22621.1635 (WinBuild.160101.0800),"MD5=5A6BE4D2519515241D0C133A26CF62C0,SHA256=423E0E810A69AACEBA0E5670E58AFF898CF0EBFFAB99CCB46EBB3464C3D2FACB,IMPHASH=D73E39DAB3C8B57AA408073D01254964",C:\Windows\System32\cmd.exe,,Medium,0x8000000000000000,Information,{fda94052-3502-658d-b367-080000000000},0x867b3,"Process Create:

RuleName: -

UtcTime: 2023-12-28 10:01:59.888

ProcessGuid: {fda94052-4797-658d-6f02-000000000b00}

ProcessId: 1060

Image: C:\Windows\System32\cmd.exe

FileVersion: 10.0.22621.1635 (WinBuild.160101.0800)

Description: Windows Command Processor

Product: Microsoft® Windows® Operating System

Company: Microsoft Corporation

OriginalFileName: Cmd.Exe

CommandLine: ""cmd.exe"" /c sysmon -u

CurrentDirectory: C:\Users\User\AppData\Local\Temp\

User: WINDEV2309EVAL\User

LogonGuid: {fda94052-3502-658d-b367-080000000000}

LogonId: 0x867B3

TerminalSessionId: 1

IntegrityLevel: Medium

Hashes: MD5=5A6BE4D2519515241D0C133A26CF62C0,SHA256=423E0E810A69AACEBA0E5670E58AFF898CF0EBFFAB99CCB46EBB3464C3D2FACB,IMPHASH=D73E39DAB3C8B57AA408073D01254964

ParentProcessGuid: {fda94052-b87a-658c-2702-000000000b00}

ParentProcessId: 5076

ParentImage: C:\Windows\System32\WindowsPowerShell\v1.0\powershell.exe

ParentCommandLine: ""C:\Windows\System32\WindowsPowerShell\v1.0\powershell.exe"" -exec bypass

ParentUser: WINDEV2309EVAL\User",Info,Cmd.Exe,"""C:\Windows\System32\WindowsPowerShell\v1.0\powershell.exe"" -exec bypass",C:\Windows\System32\WindowsPowerShell\v1.0\powershell.exe,{fda94052-b87a-658c-2702-000000000b00},5076,WINDEV2309EVAL\User,{fda94052-4797-658d-6f02-000000000b00},7044,1060,Microsoft® Windows® Operating System,,,,,"
      ",-,,,,,,2023-12-28T10:01:59.8894585Z,,,Process Create (rule: ProcessCreate),1,6672,WINDEV2309EVAL\User,S-1-5-18,2023-12-28 10:01:59.888,5,"<Event xmlns=""http://schemas.microsoft.com/win/2004/08/events/event"">
    <System>
      <Provider Name=""Microsoft-Windows-Sysmon"" Guid=""{5770385f-c22a-43e0-bf4c-06f5698ffbd9}""/>
      <EventID>1</EventID>
      <Version>5</Version>
      <Level>4</Level>
      <Task>1</Task>
      <Opcode>0</Opcode>
      <Keywords>0x8000000000000000</Keywords>
      <TimeCreated SystemTime=""2023-12-28T10:01:59.8894585Z""/>
      <EventRecordID>9465</EventRecordID>
      <Correlation/>
      <Execution ProcessID=""7044"" ThreadID=""6672""/>
      <Channel>Microsoft-Windows-Sysmon/Operational</Channel>
      <Computer>WinDev2309Eval</Computer>
      <Security UserID=""S-1-5-18""/>
    </System>
    <EventData>
      <Data Name=""RuleName"">-</Data>
      <Data Name=""UtcTime"">2023-12-28 10:01:59.888</Data>
      <Data Name=""ProcessGuid"">{fda94052-4797-658d-6f02-000000000b00}</Data>
      <Data Name=""ProcessId"">1060</Data>
      <Data Name=""Image"">C:\Windows\System32\cmd.exe</Data>
      <Data Name=""FileVersion"">10.0.22621.1635 (WinBuild.160101.0800)</Data>
      <Data Name=""Description"">Windows Command Processor</Data>
      <Data Name=""Product"">Microsoft&#174; Windows&#174; Operating System</Data>
      <Data Name=""Company"">Microsoft Corporation</Data>
      <Data Name=""OriginalFileName"">Cmd.Exe</Data>
      <Data Name=""CommandLine"">""cmd.exe"" /c sysmon -u</Data>
      <Data Name=""CurrentDirectory"">C:\Users\User\AppData\Local\Temp\</Data>
      <Data Name=""User"">WINDEV2309EVAL\User</Data>
      <Data Name=""LogonGuid"">{fda94052-3502-658d-b367-080000000000}</Data>
      <Data Name=""LogonId"">0x867b3</Data>
      <Data Name=""TerminalSessionId"">1</Data>
      <Data Name=""IntegrityLevel"">Medium</Data>
      <Data Name=""Hashes"">MD5=5A6BE4D2519515241D0C133A26CF62C0,SHA256=423E0E810A69AACEBA0E5670E58AFF898CF0EBFFAB99CCB46EBB3464C3D2FACB,IMPHASH=D73E39DAB3C8B57AA408073D01254964</Data>
      <Data Name=""ParentProcessGuid"">{fda94052-b87a-658c-2702-000000000b00}</Data>
      <Data Name=""ParentProcessId"">5076</Data>
      <Data Name=""ParentImage"">C:\Windows\System32\WindowsPowerShell\v1.0\powershell.exe</Data>
      <Data Name=""ParentCommandLine"">""C:\Windows\System32\WindowsPowerShell\v1.0\powershell.exe"" -exec bypass</Data>
      <Data Name=""ParentUser"">WINDEV2309EVAL\User</Data>
    </EventData>
    <RenderingInfo Culture=""en-US"">
      <Message>Process Create:

RuleName: -

UtcTime: 2023-12-28 10:01:59.888

ProcessGuid: {fda94052-4797-658d-6f02-000000000b00}

ProcessId: 1060

Image: C:\Windows\System32\cmd.exe

FileVersion: 10.0.22621.1635 (WinBuild.160101.0800)

Description: Windows Command Processor

Product: Microsoft&#174; Windows&#174; Operating System

Company: Microsoft Corporation

OriginalFileName: Cmd.Exe

CommandLine: ""cmd.exe"" /c sysmon -u

CurrentDirectory: C:\Users\User\AppData\Local\Temp\

User: WINDEV2309EVAL\User

LogonGuid: {fda94052-3502-658d-b367-080000000000}

LogonId: 0x867B3

TerminalSessionId: 1

IntegrityLevel: Medium

Hashes: MD5=5A6BE4D2519515241D0C133A26CF62C0,SHA256=423E0E810A69AACEBA0E5670E58AFF898CF0EBFFAB99CCB46EBB3464C3D2FACB,IMPHASH=D73E39DAB3C8B57AA408073D01254964

ParentProcessGuid: {fda94052-b87a-658c-2702-000000000b00}

ParentProcessId: 5076

ParentImage: C:\Windows\System32\WindowsPowerShell\v1.0\powershell.exe

ParentCommandLine: ""C:\Windows\System32\WindowsPowerShell\v1.0\powershell.exe"" -exec bypass

ParentUser: WINDEV2309EVAL\User</Message>
      <Level>Information</Level>
      <Task>Process Create (rule: ProcessCreate)</Task>
      <Opcode>Info</Opcode>
    </RenderingInfo>
  </Event>
  
"
Microsoft-Windows-Sysmon/Operational,"""C:\Program Files (x86)\Microsoft\EdgeUpdate\MicrosoftEdgeUpdate.exe"" /ping PD94bWwgdmVyc2lvbj0iMS4wIiBlbmNvZGluZz0iVVRGLTgiPz48cmVxdWVzdCBwcm90b2NvbD0iMy4wIiB1cGRhdGVyPSJPbWFoYSIgdXBkYXRlcnZlcnNpb249IjEuMy4xODEuNSIgc2hlbGxfdmVyc2lvbj0iMS4zLjE1NS44NSIgaXNtYWNoaW5lPSIxIiBzZXNzaW9uaWQ9IntGQTY1NTkxMi0wNzMxLTQ3RjUtOUZCOC1EQkI2QkIxQUM0Qjd9IiB1c2VyaWQ9Ins5RDcyOUUxMS02MDJBLTRCNzktOTg2NS0xOEY2QzA4MUZFNjl9IiBpbnN0YWxsc291cmNlPSJzY2hlZHVsZXIiIHJlcXVlc3RpZD0iezQ4M0VFQkExLTE5NkQtNDBDNS1CQkNCLTA4QjI3N0MzNDY5Q30iIGRlZHVwPSJjciIgZG9tYWluam9pbmVkPSIwIj48aHcgbG9naWNhbF9jcHVzPSI0IiBwaHlzbWVtb3J5PSI4IiBkaXNrX3R5cGU9IjIiIHNzZT0iMSIgc3NlMj0iMSIgc3NlMz0iMSIgc3NzZTM9IjEiIHNzZTQxPSIxIiBzc2U0Mj0iMSIgYXZ4PSIxIi8-PG9zIHBsYXRmb3JtPSJ3aW4iIHZlcnNpb249IjEwLjAuMjI2MjEuMjI4MyIgc3A9IiIgYXJjaD0ieDY0IiBwcm9kdWN0X3R5cGU9IjcyIiBvc19yZWdpb25fbmFtZT0iVVMiIG9zX3JlZ2lvbl9uYXRpb249IjI0NCIgb3NfcmVnaW9uX2RtYT0iMCIgaXNfd2lwPSIwIiBpc19pbl9sb2NrZG93bl9tb2RlPSIwIi8-PG9lbSBwcm9kdWN0X21hbnVmYWN0dXJlcj0iVk13YXJlLCBJbmMuIiBwcm9kdWN0X25hbWU9IlZNd2FyZTcsMSIvPjxleHAgZXRhZz0iJnF1b3Q7cjQ1MnQxK2syVGdxL0hYemp2Rk5CUmhvcEJXUjlzYmpYeHFlVURIOXVYMD0mcXVvdDsiLz48YXBwIGFwcGlkPSJ7RjNDNEZFMDAtRUZENS00MDNCLTk1NjktMzk4QTIwRjFCQTRBfSIgdmVyc2lvbj0iMS4zLjE4MS41IiBuZXh0dmVyc2lvbj0iIiBsYW5nPSIiIGJyYW5kPSJJTkJYIiBjbGllbnQ9IiIgaW5zdGFsbGFnZT0iOTkiIGNvaG9ydD0icnJmQDAuMTIiPjx1cGRhdGVjaGVjay8-PHBpbmcgcj0iMSIgcmQ9IjYyMDQiIHBpbmdfZnJlc2huZXNzPSJ7NDhBRDk3MTMtMzFGQy00MDFBLThFREUtRUY0MzRDMEUyODE3fSIvPjwvYXBwPjxhcHAgYXBwaWQ9Ins1NkVCMThGOC1CMDA4LTRDQkQtQjZEMi04Qzk3RkU3RTkwNjJ9IiB2ZXJzaW9uPSIxMjAuMC4yMjEwLjkxIiBuZXh0dmVyc2lvbj0iIiBsYW5nPSIiIGJyYW5kPSJJTkJYIiBjbGllbnQ9IiIgZXhwZXJpbWVudHM9ImNvbnNlbnQ9ZmFsc2UiIGNvaG9ydD0icnJmQDAuMDEiIG9vYmVfaW5zdGFsbF90aW1lPSIxODQ0Njc0NDA3MzcwOTU1MTYwNiIgdXBkYXRlX2NvdW50PSIzIiBpc19waW5uZWRfc3lzdGVtPSJ0cnVlIiBsYXN0X2xhdW5jaF9jb3VudD0iMSIgbGFzdF9sYXVuY2hfdGltZT0iMTMzNDgxOTQ2NDA1MTA2NTEwIiBmaXJzdF9mcmVfc2Vlbl90aW1lPSIxMzM0ODE5NDI3MDAxNjgwOTAiIGZpcnN0X2ZyZV9zZWVuX3ZlcnNpb249IjExNy4wLjIwNDUuMzUiPjx1cGRhdGVjaGVjay8-PHBpbmcgYWN0aXZlPSIxIiBhPSIxIiByPSIxIiBhZD0iNjIwNCIgcmQ9IjYyMDQiIHBpbmdfZnJlc2huZXNzPSJ7N0QwREI3OTgtMUM1My00MUJDLUEwM0YtN0JBMTk4MjcyNTQ0fSIvPjwvYXBwPjxhcHAgYXBwaWQ9IntGMzAxNzIyNi1GRTJBLTQyOTUtOEJERi0wMEMzQTlBN0U0QzV9IiB2ZXJzaW9uPSIxMjAuMC4yMjEwLjkxIiBuZXh0dmVyc2lvbj0iIiBsYW5nPSIiIGJyYW5kPSJJTkJYIiBjbGllbnQ9IiIgZXhwZXJpbWVudHM9ImNvbnNlbnQ9ZmFsc2UiIGNvaG9ydD0icnJmQDAuNjUiIHVwZGF0ZV9jb3VudD0iMiIgbGFzdF9sYXVuY2hfY291bnQ9IjEiIGxhc3RfbGF1bmNoX3RpbWU9IjEzMzQ4MTk0NDI0NDg1MDgzMCI-PHVwZGF0ZWNoZWNrLz48cGluZyBhY3RpdmU9IjAiIHI9IjEiIHJkPSI2MjA0IiBwaW5nX2ZyZXNobmVzcz0ie0M2MEIzQkFBLTZFN0EtNDVBRS1BNzFDLTE5MjJDNzJFNzNFQX0iLz48L2FwcD48L3JlcXVlc3Q-",Microsoft Corporation,WinDev2309Eval,,C:\Program Files (x86)\Microsoft\EdgeUpdate\1.3.181.5\,Microsoft Edge Update,,,,,,,1,9464,,1.3.155.85,"MD5=A4FC8EC5BC41C41918B0C1541E4E4BE6,SHA256=54545F352215A9C0F370A01980AADCD5749A93589931662D89A974D7BD60F476,IMPHASH=E00D60405A249A05D3B09AA7FE924B17",C:\Program Files (x86)\Microsoft\EdgeUpdate\MicrosoftEdgeUpdate.exe,,System,0x8000000000000000,Information,{fda94052-34eb-658d-e703-000000000000},0x3e7,"Process Create:

RuleName: -

UtcTime: 2023-12-28 10:01:59.632

ProcessGuid: {fda94052-4797-658d-6e02-000000000b00}

ProcessId: 2680

Image: C:\Program Files (x86)\Microsoft\EdgeUpdate\MicrosoftEdgeUpdate.exe

FileVersion: 1.3.155.85

Description: Microsoft Edge Update

Product: Microsoft Edge Update

Company: Microsoft Corporation

OriginalFileName: msedgeupdate.dll

CommandLine: ""C:\Program Files (x86)\Microsoft\EdgeUpdate\MicrosoftEdgeUpdate.exe"" /ping PD94bWwgdmVyc2lvbj0iMS4wIiBlbmNvZGluZz0iVVRGLTgiPz48cmVxdWVzdCBwcm90b2NvbD0iMy4wIiB1cGRhdGVyPSJPbWFoYSIgdXBkYXRlcnZlcnNpb249IjEuMy4xODEuNSIgc2hlbGxfdmVyc2lvbj0iMS4zLjE1NS44NSIgaXNtYWNoaW5lPSIxIiBzZXNzaW9uaWQ9IntGQTY1NTkxMi0wNzMxLTQ3RjUtOUZCOC1EQkI2QkIxQUM0Qjd9IiB1c2VyaWQ9Ins5RDcyOUUxMS02MDJBLTRCNzktOTg2NS0xOEY2QzA4MUZFNjl9IiBpbnN0YWxsc291cmNlPSJzY2hlZHVsZXIiIHJlcXVlc3RpZD0iezQ4M0VFQkExLTE5NkQtNDBDNS1CQkNCLTA4QjI3N0MzNDY5Q30iIGRlZHVwPSJjciIgZG9tYWluam9pbmVkPSIwIj48aHcgbG9naWNhbF9jcHVzPSI0IiBwaHlzbWVtb3J5PSI4IiBkaXNrX3R5cGU9IjIiIHNzZT0iMSIgc3NlMj0iMSIgc3NlMz0iMSIgc3NzZTM9IjEiIHNzZTQxPSIxIiBzc2U0Mj0iMSIgYXZ4PSIxIi8-PG9zIHBsYXRmb3JtPSJ3aW4iIHZlcnNpb249IjEwLjAuMjI2MjEuMjI4MyIgc3A9IiIgYXJjaD0ieDY0IiBwcm9kdWN0X3R5cGU9IjcyIiBvc19yZWdpb25fbmFtZT0iVVMiIG9zX3JlZ2lvbl9uYXRpb249IjI0NCIgb3NfcmVnaW9uX2RtYT0iMCIgaXNfd2lwPSIwIiBpc19pbl9sb2NrZG93bl9tb2RlPSIwIi8-PG9lbSBwcm9kdWN0X21hbnVmYWN0dXJlcj0iVk13YXJlLCBJbmMuIiBwcm9kdWN0X25hbWU9IlZNd2FyZTcsMSIvPjxleHAgZXRhZz0iJnF1b3Q7cjQ1MnQxK2syVGdxL0hYemp2Rk5CUmhvcEJXUjlzYmpYeHFlVURIOXVYMD0mcXVvdDsiLz48YXBwIGFwcGlkPSJ7RjNDNEZFMDAtRUZENS00MDNCLTk1NjktMzk4QTIwRjFCQTRBfSIgdmVyc2lvbj0iMS4zLjE4MS41IiBuZXh0dmVyc2lvbj0iIiBsYW5nPSIiIGJyYW5kPSJJTkJYIiBjbGllbnQ9IiIgaW5zdGFsbGFnZT0iOTkiIGNvaG9ydD0icnJmQDAuMTIiPjx1cGRhdGVjaGVjay8-PHBpbmcgcj0iMSIgcmQ9IjYyMDQiIHBpbmdfZnJlc2huZXNzPSJ7NDhBRDk3MTMtMzFGQy00MDFBLThFREUtRUY0MzRDMEUyODE3fSIvPjwvYXBwPjxhcHAgYXBwaWQ9Ins1NkVCMThGOC1CMDA4LTRDQkQtQjZEMi04Qzk3RkU3RTkwNjJ9IiB2ZXJzaW9uPSIxMjAuMC4yMjEwLjkxIiBuZXh0dmVyc2lvbj0iIiBsYW5nPSIiIGJyYW5kPSJJTkJYIiBjbGllbnQ9IiIgZXhwZXJpbWVudHM9ImNvbnNlbnQ9ZmFsc2UiIGNvaG9ydD0icnJmQDAuMDEiIG9vYmVfaW5zdGFsbF90aW1lPSIxODQ0Njc0NDA3MzcwOTU1MTYwNiIgdXBkYXRlX2NvdW50PSIzIiBpc19waW5uZWRfc3lzdGVtPSJ0cnVlIiBsYXN0X2xhdW5jaF9jb3VudD0iMSIgbGFzdF9sYXVuY2hfdGltZT0iMTMzNDgxOTQ2NDA1MTA2NTEwIiBmaXJzdF9mcmVfc2Vlbl90aW1lPSIxMzM0ODE5NDI3MDAxNjgwOTAiIGZpcnN0X2ZyZV9zZWVuX3ZlcnNpb249IjExNy4wLjIwNDUuMzUiPjx1cGRhdGVjaGVjay8-PHBpbmcgYWN0aXZlPSIxIiBhPSIxIiByPSIxIiBhZD0iNjIwNCIgcmQ9IjYyMDQiIHBpbmdfZnJlc2huZXNzPSJ7N0QwREI3OTgtMUM1My00MUJDLUEwM0YtN0JBMTk4MjcyNTQ0fSIvPjwvYXBwPjxhcHAgYXBwaWQ9IntGMzAxNzIyNi1GRTJBLTQyOTUtOEJERi0wMEMzQTlBN0U0QzV9IiB2ZXJzaW9uPSIxMjAuMC4yMjEwLjkxIiBuZXh0dmVyc2lvbj0iIiBsYW5nPSIiIGJyYW5kPSJJTkJYIiBjbGllbnQ9IiIgZXhwZXJpbWVudHM9ImNvbnNlbnQ9ZmFsc2UiIGNvaG9ydD0icnJmQDAuNjUiIHVwZGF0ZV9jb3VudD0iMiIgbGFzdF9sYXVuY2hfY291bnQ9IjEiIGxhc3RfbGF1bmNoX3RpbWU9IjEzMzQ4MTk0NDI0NDg1MDgzMCI-PHVwZGF0ZWNoZWNrLz48cGluZyBhY3RpdmU9IjAiIHI9IjEiIHJkPSI2MjA0IiBwaW5nX2ZyZXNobmVzcz0ie0M2MEIzQkFBLTZFN0EtNDVBRS1BNzFDLTE5MjJDNzJFNzNFQX0iLz48L2FwcD48L3JlcXVlc3Q-

CurrentDirectory: C:\Program Files (x86)\Microsoft\EdgeUpdate\1.3.181.5\

User: NT AUTHORITY\SYSTEM

LogonGuid: {fda94052-34eb-658d-e703-000000000000}

LogonId: 0x3E7

TerminalSessionId: 0

IntegrityLevel: System

Hashes: MD5=A4FC8EC5BC41C41918B0C1541E4E4BE6,SHA256=54545F352215A9C0F370A01980AADCD5749A93589931662D89A974D7BD60F476,IMPHASH=E00D60405A249A05D3B09AA7FE924B17

ParentProcessGuid: {fda94052-4796-658d-6d02-000000000b00}

ParentProcessId: 8456

ParentImage: C:\Program Files (x86)\Microsoft\EdgeUpdate\MicrosoftEdgeUpdate.exe

ParentCommandLine: ""C:\Program Files (x86)\Microsoft\EdgeUpdate\MicrosoftEdgeUpdate.exe"" /svc

ParentUser: NT AUTHORITY\SYSTEM",Info,msedgeupdate.dll,"""C:\Program Files (x86)\Microsoft\EdgeUpdate\MicrosoftEdgeUpdate.exe"" /svc",C:\Program Files (x86)\Microsoft\EdgeUpdate\MicrosoftEdgeUpdate.exe,{fda94052-4796-658d-6d02-000000000b00},8456,NT AUTHORITY\SYSTEM,{fda94052-4797-658d-6e02-000000000b00},7044,2680,Microsoft Edge Update,,,,,"
      ",-,,,,,,2023-12-28T10:01:59.6338938Z,,,Process Create (rule: ProcessCreate),0,6672,NT AUTHORITY\SYSTEM,S-1-5-18,2023-12-28 10:01:59.632,5,"<Event xmlns=""http://schemas.microsoft.com/win/2004/08/events/event"">
    <System>
      <Provider Name=""Microsoft-Windows-Sysmon"" Guid=""{5770385f-c22a-43e0-bf4c-06f5698ffbd9}""/>
      <EventID>1</EventID>
      <Version>5</Version>
      <Level>4</Level>
      <Task>1</Task>
      <Opcode>0</Opcode>
      <Keywords>0x8000000000000000</Keywords>
      <TimeCreated SystemTime=""2023-12-28T10:01:59.6338938Z""/>
      <EventRecordID>9464</EventRecordID>
      <Correlation/>
      <Execution ProcessID=""7044"" ThreadID=""6672""/>
      <Channel>Microsoft-Windows-Sysmon/Operational</Channel>
      <Computer>WinDev2309Eval</Computer>
      <Security UserID=""S-1-5-18""/>
    </System>
    <EventData>
      <Data Name=""RuleName"">-</Data>
      <Data Name=""UtcTime"">2023-12-28 10:01:59.632</Data>
      <Data Name=""ProcessGuid"">{fda94052-4797-658d-6e02-000000000b00}</Data>
      <Data Name=""ProcessId"">2680</Data>
      <Data Name=""Image"">C:\Program Files (x86)\Microsoft\EdgeUpdate\MicrosoftEdgeUpdate.exe</Data>
      <Data Name=""FileVersion"">1.3.155.85</Data>
      <Data Name=""Description"">Microsoft Edge Update</Data>
      <Data Name=""Product"">Microsoft Edge Update</Data>
      <Data Name=""Company"">Microsoft Corporation</Data>
      <Data Name=""OriginalFileName"">msedgeupdate.dll</Data>
      <Data Name=""CommandLine"">""C:\Program Files (x86)\Microsoft\EdgeUpdate\MicrosoftEdgeUpdate.exe"" /ping PD94bWwgdmVyc2lvbj0iMS4wIiBlbmNvZGluZz0iVVRGLTgiPz48cmVxdWVzdCBwcm90b2NvbD0iMy4wIiB1cGRhdGVyPSJPbWFoYSIgdXBkYXRlcnZlcnNpb249IjEuMy4xODEuNSIgc2hlbGxfdmVyc2lvbj0iMS4zLjE1NS44NSIgaXNtYWNoaW5lPSIxIiBzZXNzaW9uaWQ9IntGQTY1NTkxMi0wNzMxLTQ3RjUtOUZCOC1EQkI2QkIxQUM0Qjd9IiB1c2VyaWQ9Ins5RDcyOUUxMS02MDJBLTRCNzktOTg2NS0xOEY2QzA4MUZFNjl9IiBpbnN0YWxsc291cmNlPSJzY2hlZHVsZXIiIHJlcXVlc3RpZD0iezQ4M0VFQkExLTE5NkQtNDBDNS1CQkNCLTA4QjI3N0MzNDY5Q30iIGRlZHVwPSJjciIgZG9tYWluam9pbmVkPSIwIj48aHcgbG9naWNhbF9jcHVzPSI0IiBwaHlzbWVtb3J5PSI4IiBkaXNrX3R5cGU9IjIiIHNzZT0iMSIgc3NlMj0iMSIgc3NlMz0iMSIgc3NzZTM9IjEiIHNzZTQxPSIxIiBzc2U0Mj0iMSIgYXZ4PSIxIi8-PG9zIHBsYXRmb3JtPSJ3aW4iIHZlcnNpb249IjEwLjAuMjI2MjEuMjI4MyIgc3A9IiIgYXJjaD0ieDY0IiBwcm9kdWN0X3R5cGU9IjcyIiBvc19yZWdpb25fbmFtZT0iVVMiIG9zX3JlZ2lvbl9uYXRpb249IjI0NCIgb3NfcmVnaW9uX2RtYT0iMCIgaXNfd2lwPSIwIiBpc19pbl9sb2NrZG93bl9tb2RlPSIwIi8-PG9lbSBwcm9kdWN0X21hbnVmYWN0dXJlcj0iVk13YXJlLCBJbmMuIiBwcm9kdWN0X25hbWU9IlZNd2FyZTcsMSIvPjxleHAgZXRhZz0iJnF1b3Q7cjQ1MnQxK2syVGdxL0hYemp2Rk5CUmhvcEJXUjlzYmpYeHFlVURIOXVYMD0mcXVvdDsiLz48YXBwIGFwcGlkPSJ7RjNDNEZFMDAtRUZENS00MDNCLTk1NjktMzk4QTIwRjFCQTRBfSIgdmVyc2lvbj0iMS4zLjE4MS41IiBuZXh0dmVyc2lvbj0iIiBsYW5nPSIiIGJyYW5kPSJJTkJYIiBjbGllbnQ9IiIgaW5zdGFsbGFnZT0iOTkiIGNvaG9ydD0icnJmQDAuMTIiPjx1cGRhdGVjaGVjay8-PHBpbmcgcj0iMSIgcmQ9IjYyMDQiIHBpbmdfZnJlc2huZXNzPSJ7NDhBRDk3MTMtMzFGQy00MDFBLThFREUtRUY0MzRDMEUyODE3fSIvPjwvYXBwPjxhcHAgYXBwaWQ9Ins1NkVCMThGOC1CMDA4LTRDQkQtQjZEMi04Qzk3RkU3RTkwNjJ9IiB2ZXJzaW9uPSIxMjAuMC4yMjEwLjkxIiBuZXh0dmVyc2lvbj0iIiBsYW5nPSIiIGJyYW5kPSJJTkJYIiBjbGllbnQ9IiIgZXhwZXJpbWVudHM9ImNvbnNlbnQ9ZmFsc2UiIGNvaG9ydD0icnJmQDAuMDEiIG9vYmVfaW5zdGFsbF90aW1lPSIxODQ0Njc0NDA3MzcwOTU1MTYwNiIgdXBkYXRlX2NvdW50PSIzIiBpc19waW5uZWRfc3lzdGVtPSJ0cnVlIiBsYXN0X2xhdW5jaF9jb3VudD0iMSIgbGFzdF9sYXVuY2hfdGltZT0iMTMzNDgxOTQ2NDA1MTA2NTEwIiBmaXJzdF9mcmVfc2Vlbl90aW1lPSIxMzM0ODE5NDI3MDAxNjgwOTAiIGZpcnN0X2ZyZV9zZWVuX3ZlcnNpb249IjExNy4wLjIwNDUuMzUiPjx1cGRhdGVjaGVjay8-PHBpbmcgYWN0aXZlPSIxIiBhPSIxIiByPSIxIiBhZD0iNjIwNCIgcmQ9IjYyMDQiIHBpbmdfZnJlc2huZXNzPSJ7N0QwREI3OTgtMUM1My00MUJDLUEwM0YtN0JBMTk4MjcyNTQ0fSIvPjwvYXBwPjxhcHAgYXBwaWQ9IntGMzAxNzIyNi1GRTJBLTQyOTUtOEJERi0wMEMzQTlBN0U0QzV9IiB2ZXJzaW9uPSIxMjAuMC4yMjEwLjkxIiBuZXh0dmVyc2lvbj0iIiBsYW5nPSIiIGJyYW5kPSJJTkJYIiBjbGllbnQ9IiIgZXhwZXJpbWVudHM9ImNvbnNlbnQ9ZmFsc2UiIGNvaG9ydD0icnJmQDAuNjUiIHVwZGF0ZV9jb3VudD0iMiIgbGFzdF9sYXVuY2hfY291bnQ9IjEiIGxhc3RfbGF1bmNoX3RpbWU9IjEzMzQ4MTk0NDI0NDg1MDgzMCI-PHVwZGF0ZWNoZWNrLz48cGluZyBhY3RpdmU9IjAiIHI9IjEiIHJkPSI2MjA0IiBwaW5nX2ZyZXNobmVzcz0ie0M2MEIzQkFBLTZFN0EtNDVBRS1BNzFDLTE5MjJDNzJFNzNFQX0iLz48L2FwcD48L3JlcXVlc3Q-</Data>
      <Data Name=""CurrentDirectory"">C:\Program Files (x86)\Microsoft\EdgeUpdate\1.3.181.5\</Data>
      <Data Name=""User"">NT AUTHORITY\SYSTEM</Data>
      <Data Name=""LogonGuid"">{fda94052-34eb-658d-e703-000000000000}</Data>
      <Data Name=""LogonId"">0x3e7</Data>
      <Data Name=""TerminalSessionId"">0</Data>
      <Data Name=""IntegrityLevel"">System</Data>
      <Data Name=""Hashes"">MD5=A4FC8EC5BC41C41918B0C1541E4E4BE6,SHA256=54545F352215A9C0F370A01980AADCD5749A93589931662D89A974D7BD60F476,IMPHASH=E00D60405A249A05D3B09AA7FE924B17</Data>
      <Data Name=""ParentProcessGuid"">{fda94052-4796-658d-6d02-000000000b00}</Data>
      <Data Name=""ParentProcessId"">8456</Data>
      <Data Name=""ParentImage"">C:\Program Files (x86)\Microsoft\EdgeUpdate\MicrosoftEdgeUpdate.exe</Data>
      <Data Name=""ParentCommandLine"">""C:\Program Files (x86)\Microsoft\EdgeUpdate\MicrosoftEdgeUpdate.exe"" /svc</Data>
      <Data Name=""ParentUser"">NT AUTHORITY\SYSTEM</Data>
    </EventData>
    <RenderingInfo Culture=""en-US"">
      <Message>Process Create:

RuleName: -

UtcTime: 2023-12-28 10:01:59.632

ProcessGuid: {fda94052-4797-658d-6e02-000000000b00}

ProcessId: 2680

Image: C:\Program Files (x86)\Microsoft\EdgeUpdate\MicrosoftEdgeUpdate.exe

FileVersion: 1.3.155.85

Description: Microsoft Edge Update

Product: Microsoft Edge Update

Company: Microsoft Corporation

OriginalFileName: msedgeupdate.dll

CommandLine: ""C:\Program Files (x86)\Microsoft\EdgeUpdate\MicrosoftEdgeUpdate.exe"" /ping PD94bWwgdmVyc2lvbj0iMS4wIiBlbmNvZGluZz0iVVRGLTgiPz48cmVxdWVzdCBwcm90b2NvbD0iMy4wIiB1cGRhdGVyPSJPbWFoYSIgdXBkYXRlcnZlcnNpb249IjEuMy4xODEuNSIgc2hlbGxfdmVyc2lvbj0iMS4zLjE1NS44NSIgaXNtYWNoaW5lPSIxIiBzZXNzaW9uaWQ9IntGQTY1NTkxMi0wNzMxLTQ3RjUtOUZCOC1EQkI2QkIxQUM0Qjd9IiB1c2VyaWQ9Ins5RDcyOUUxMS02MDJBLTRCNzktOTg2NS0xOEY2QzA4MUZFNjl9IiBpbnN0YWxsc291cmNlPSJzY2hlZHVsZXIiIHJlcXVlc3RpZD0iezQ4M0VFQkExLTE5NkQtNDBDNS1CQkNCLTA4QjI3N0MzNDY5Q30iIGRlZHVwPSJjciIgZG9tYWluam9pbmVkPSIwIj48aHcgbG9naWNhbF9jcHVzPSI0IiBwaHlzbWVtb3J5PSI4IiBkaXNrX3R5cGU9IjIiIHNzZT0iMSIgc3NlMj0iMSIgc3NlMz0iMSIgc3NzZTM9IjEiIHNzZTQxPSIxIiBzc2U0Mj0iMSIgYXZ4PSIxIi8-PG9zIHBsYXRmb3JtPSJ3aW4iIHZlcnNpb249IjEwLjAuMjI2MjEuMjI4MyIgc3A9IiIgYXJjaD0ieDY0IiBwcm9kdWN0X3R5cGU9IjcyIiBvc19yZWdpb25fbmFtZT0iVVMiIG9zX3JlZ2lvbl9uYXRpb249IjI0NCIgb3NfcmVnaW9uX2RtYT0iMCIgaXNfd2lwPSIwIiBpc19pbl9sb2NrZG93bl9tb2RlPSIwIi8-PG9lbSBwcm9kdWN0X21hbnVmYWN0dXJlcj0iVk13YXJlLCBJbmMuIiBwcm9kdWN0X25hbWU9IlZNd2FyZTcsMSIvPjxleHAgZXRhZz0iJnF1b3Q7cjQ1MnQxK2syVGdxL0hYemp2Rk5CUmhvcEJXUjlzYmpYeHFlVURIOXVYMD0mcXVvdDsiLz48YXBwIGFwcGlkPSJ7RjNDNEZFMDAtRUZENS00MDNCLTk1NjktMzk4QTIwRjFCQTRBfSIgdmVyc2lvbj0iMS4zLjE4MS41IiBuZXh0dmVyc2lvbj0iIiBsYW5nPSIiIGJyYW5kPSJJTkJYIiBjbGllbnQ9IiIgaW5zdGFsbGFnZT0iOTkiIGNvaG9ydD0icnJmQDAuMTIiPjx1cGRhdGVjaGVjay8-PHBpbmcgcj0iMSIgcmQ9IjYyMDQiIHBpbmdfZnJlc2huZXNzPSJ7NDhBRDk3MTMtMzFGQy00MDFBLThFREUtRUY0MzRDMEUyODE3fSIvPjwvYXBwPjxhcHAgYXBwaWQ9Ins1NkVCMThGOC1CMDA4LTRDQkQtQjZEMi04Qzk3RkU3RTkwNjJ9IiB2ZXJzaW9uPSIxMjAuMC4yMjEwLjkxIiBuZXh0dmVyc2lvbj0iIiBsYW5nPSIiIGJyYW5kPSJJTkJYIiBjbGllbnQ9IiIgZXhwZXJpbWVudHM9ImNvbnNlbnQ9ZmFsc2UiIGNvaG9ydD0icnJmQDAuMDEiIG9vYmVfaW5zdGFsbF90aW1lPSIxODQ0Njc0NDA3MzcwOTU1MTYwNiIgdXBkYXRlX2NvdW50PSIzIiBpc19waW5uZWRfc3lzdGVtPSJ0cnVlIiBsYXN0X2xhdW5jaF9jb3VudD0iMSIgbGFzdF9sYXVuY2hfdGltZT0iMTMzNDgxOTQ2NDA1MTA2NTEwIiBmaXJzdF9mcmVfc2Vlbl90aW1lPSIxMzM0ODE5NDI3MDAxNjgwOTAiIGZpcnN0X2ZyZV9zZWVuX3ZlcnNpb249IjExNy4wLjIwNDUuMzUiPjx1cGRhdGVjaGVjay8-PHBpbmcgYWN0aXZlPSIxIiBhPSIxIiByPSIxIiBhZD0iNjIwNCIgcmQ9IjYyMDQiIHBpbmdfZnJlc2huZXNzPSJ7N0QwREI3OTgtMUM1My00MUJDLUEwM0YtN0JBMTk4MjcyNTQ0fSIvPjwvYXBwPjxhcHAgYXBwaWQ9IntGMzAxNzIyNi1GRTJBLTQyOTUtOEJERi0wMEMzQTlBN0U0QzV9IiB2ZXJzaW9uPSIxMjAuMC4yMjEwLjkxIiBuZXh0dmVyc2lvbj0iIiBsYW5nPSIiIGJyYW5kPSJJTkJYIiBjbGllbnQ9IiIgZXhwZXJpbWVudHM9ImNvbnNlbnQ9ZmFsc2UiIGNvaG9ydD0icnJmQDAuNjUiIHVwZGF0ZV9jb3VudD0iMiIgbGFzdF9sYXVuY2hfY291bnQ9IjEiIGxhc3RfbGF1bmNoX3RpbWU9IjEzMzQ4MTk0NDI0NDg1MDgzMCI-PHVwZGF0ZWNoZWNrLz48cGluZyBhY3RpdmU9IjAiIHI9IjEiIHJkPSI2MjA0IiBwaW5nX2ZyZXNobmVzcz0ie0M2MEIzQkFBLTZFN0EtNDVBRS1BNzFDLTE5MjJDNzJFNzNFQX0iLz48L2FwcD48L3JlcXVlc3Q-

CurrentDirectory: C:\Program Files (x86)\Microsoft\EdgeUpdate\1.3.181.5\

User: NT AUTHORITY\SYSTEM

LogonGuid: {fda94052-34eb-658d-e703-000000000000}

LogonId: 0x3E7

TerminalSessionId: 0

IntegrityLevel: System

Hashes: MD5=A4FC8EC5BC41C41918B0C1541E4E4BE6,SHA256=54545F352215A9C0F370A01980AADCD5749A93589931662D89A974D7BD60F476,IMPHASH=E00D60405A249A05D3B09AA7FE924B17

ParentProcessGuid: {fda94052-4796-658d-6d02-000000000b00}

ParentProcessId: 8456

ParentImage: C:\Program Files (x86)\Microsoft\EdgeUpdate\MicrosoftEdgeUpdate.exe

ParentCommandLine: ""C:\Program Files (x86)\Microsoft\EdgeUpdate\MicrosoftEdgeUpdate.exe"" /svc

ParentUser: NT AUTHORITY\SYSTEM</Message>
      <Level>Information</Level>
      <Task>Process Create (rule: ProcessCreate)</Task>
      <Opcode>Info</Opcode>
    </RenderingInfo>
  </Event>
  
"
Microsoft-Windows-Sysmon/Operational,"""C:\Program Files (x86)\Microsoft\EdgeUpdate\MicrosoftEdgeUpdate.exe"" /svc",Microsoft Corporation,WinDev2309Eval,,C:\Windows\system32\,Microsoft Edge Update,,,,,,,1,9463,,1.3.155.85,"MD5=A4FC8EC5BC41C41918B0C1541E4E4BE6,SHA256=54545F352215A9C0F370A01980AADCD5749A93589931662D89A974D7BD60F476,IMPHASH=E00D60405A249A05D3B09AA7FE924B17",C:\Program Files (x86)\Microsoft\EdgeUpdate\MicrosoftEdgeUpdate.exe,,System,0x8000000000000000,Information,{fda94052-34eb-658d-e703-000000000000},0x3e7,"Process Create:

RuleName: -

UtcTime: 2023-12-28 10:01:58.973

ProcessGuid: {fda94052-4796-658d-6d02-000000000b00}

ProcessId: 8456

Image: C:\Program Files (x86)\Microsoft\EdgeUpdate\MicrosoftEdgeUpdate.exe

FileVersion: 1.3.155.85

Description: Microsoft Edge Update

Product: Microsoft Edge Update

Company: Microsoft Corporation

OriginalFileName: msedgeupdate.dll

CommandLine: ""C:\Program Files (x86)\Microsoft\EdgeUpdate\MicrosoftEdgeUpdate.exe"" /svc

CurrentDirectory: C:\Windows\system32\

User: NT AUTHORITY\SYSTEM

LogonGuid: {fda94052-34eb-658d-e703-000000000000}

LogonId: 0x3E7

TerminalSessionId: 0

IntegrityLevel: System

Hashes: MD5=A4FC8EC5BC41C41918B0C1541E4E4BE6,SHA256=54545F352215A9C0F370A01980AADCD5749A93589931662D89A974D7BD60F476,IMPHASH=E00D60405A249A05D3B09AA7FE924B17

ParentProcessGuid: {fda94052-34eb-658d-0b00-000000000b00}

ParentProcessId: 788

ParentImage: C:\Windows\System32\services.exe

ParentCommandLine: C:\Windows\system32\services.exe

ParentUser: NT AUTHORITY\SYSTEM",Info,msedgeupdate.dll,C:\Windows\system32\services.exe,C:\Windows\System32\services.exe,{fda94052-34eb-658d-0b00-000000000b00},788,NT AUTHORITY\SYSTEM,{fda94052-4796-658d-6d02-000000000b00},7044,8456,Microsoft Edge Update,,,,,"
      ",-,,,,,,2023-12-28T10:01:58.9741240Z,,,Process Create (rule: ProcessCreate),0,6672,NT AUTHORITY\SYSTEM,S-1-5-18,2023-12-28 10:01:58.973,5,"<Event xmlns=""http://schemas.microsoft.com/win/2004/08/events/event"">
    <System>
      <Provider Name=""Microsoft-Windows-Sysmon"" Guid=""{5770385f-c22a-43e0-bf4c-06f5698ffbd9}""/>
      <EventID>1</EventID>
      <Version>5</Version>
      <Level>4</Level>
      <Task>1</Task>
      <Opcode>0</Opcode>
      <Keywords>0x8000000000000000</Keywords>
      <TimeCreated SystemTime=""2023-12-28T10:01:58.9741240Z""/>
      <EventRecordID>9463</EventRecordID>
      <Correlation/>
      <Execution ProcessID=""7044"" ThreadID=""6672""/>
      <Channel>Microsoft-Windows-Sysmon/Operational</Channel>
      <Computer>WinDev2309Eval</Computer>
      <Security UserID=""S-1-5-18""/>
    </System>
    <EventData>
      <Data Name=""RuleName"">-</Data>
      <Data Name=""UtcTime"">2023-12-28 10:01:58.973</Data>
      <Data Name=""ProcessGuid"">{fda94052-4796-658d-6d02-000000000b00}</Data>
      <Data Name=""ProcessId"">8456</Data>
      <Data Name=""Image"">C:\Program Files (x86)\Microsoft\EdgeUpdate\MicrosoftEdgeUpdate.exe</Data>
      <Data Name=""FileVersion"">1.3.155.85</Data>
      <Data Name=""Description"">Microsoft Edge Update</Data>
      <Data Name=""Product"">Microsoft Edge Update</Data>
      <Data Name=""Company"">Microsoft Corporation</Data>
      <Data Name=""OriginalFileName"">msedgeupdate.dll</Data>
      <Data Name=""CommandLine"">""C:\Program Files (x86)\Microsoft\EdgeUpdate\MicrosoftEdgeUpdate.exe"" /svc</Data>
      <Data Name=""CurrentDirectory"">C:\Windows\system32\</Data>
      <Data Name=""User"">NT AUTHORITY\SYSTEM</Data>
      <Data Name=""LogonGuid"">{fda94052-34eb-658d-e703-000000000000}</Data>
      <Data Name=""LogonId"">0x3e7</Data>
      <Data Name=""TerminalSessionId"">0</Data>
      <Data Name=""IntegrityLevel"">System</Data>
      <Data Name=""Hashes"">MD5=A4FC8EC5BC41C41918B0C1541E4E4BE6,SHA256=54545F352215A9C0F370A01980AADCD5749A93589931662D89A974D7BD60F476,IMPHASH=E00D60405A249A05D3B09AA7FE924B17</Data>
      <Data Name=""ParentProcessGuid"">{fda94052-34eb-658d-0b00-000000000b00}</Data>
      <Data Name=""ParentProcessId"">788</Data>
      <Data Name=""ParentImage"">C:\Windows\System32\services.exe</Data>
      <Data Name=""ParentCommandLine"">C:\Windows\system32\services.exe</Data>
      <Data Name=""ParentUser"">NT AUTHORITY\SYSTEM</Data>
    </EventData>
    <RenderingInfo Culture=""en-US"">
      <Message>Process Create:

RuleName: -

UtcTime: 2023-12-28 10:01:58.973

ProcessGuid: {fda94052-4796-658d-6d02-000000000b00}

ProcessId: 8456

Image: C:\Program Files (x86)\Microsoft\EdgeUpdate\MicrosoftEdgeUpdate.exe

FileVersion: 1.3.155.85

Description: Microsoft Edge Update

Product: Microsoft Edge Update

Company: Microsoft Corporation

OriginalFileName: msedgeupdate.dll

CommandLine: ""C:\Program Files (x86)\Microsoft\EdgeUpdate\MicrosoftEdgeUpdate.exe"" /svc

CurrentDirectory: C:\Windows\system32\

User: NT AUTHORITY\SYSTEM

LogonGuid: {fda94052-34eb-658d-e703-000000000000}

LogonId: 0x3E7

TerminalSessionId: 0

IntegrityLevel: System

Hashes: MD5=A4FC8EC5BC41C41918B0C1541E4E4BE6,SHA256=54545F352215A9C0F370A01980AADCD5749A93589931662D89A974D7BD60F476,IMPHASH=E00D60405A249A05D3B09AA7FE924B17

ParentProcessGuid: {fda94052-34eb-658d-0b00-000000000b00}

ParentProcessId: 788

ParentImage: C:\Windows\System32\services.exe

ParentCommandLine: C:\Windows\system32\services.exe

ParentUser: NT AUTHORITY\SYSTEM</Message>
      <Level>Information</Level>
      <Task>Process Create (rule: ProcessCreate)</Task>
      <Opcode>Info</Opcode>
    </RenderingInfo>
  </Event>
  
"
Microsoft-Windows-Sysmon/Operational,fltmc.exe  unload SysmonDrv,Microsoft Corporation,WinDev2309Eval,,C:\Users\User\AppData\Local\Temp\,Filter Manager Control Program,,,,,,,1,9462,,10.0.22621.1 (WinBuild.160101.0800),"MD5=7F5BB7A6C52C83744227622A671D5E12,SHA256=729BEF61EC88D4C195D3BA78EB138B3D6E00DD43BA3E4B000FF655A95A4AD6D1,IMPHASH=3BB9381340F6C7B1E51AD45AB82E32D2",C:\Windows\System32\fltMC.exe,,Medium,0x8000000000000000,Information,{fda94052-3502-658d-b367-080000000000},0x867b3,"Process Create:

RuleName: -

UtcTime: 2023-12-28 10:01:58.712

ProcessGuid: {fda94052-4796-658d-6c02-000000000b00}

ProcessId: 6096

Image: C:\Windows\System32\fltMC.exe

FileVersion: 10.0.22621.1 (WinBuild.160101.0800)

Description: Filter Manager Control Program

Product: Microsoft® Windows® Operating System

Company: Microsoft Corporation

OriginalFileName: fltMC.exe

CommandLine: fltmc.exe  unload SysmonDrv

CurrentDirectory: C:\Users\User\AppData\Local\Temp\

User: WINDEV2309EVAL\User

LogonGuid: {fda94052-3502-658d-b367-080000000000}

LogonId: 0x867B3

TerminalSessionId: 1

IntegrityLevel: Medium

Hashes: MD5=7F5BB7A6C52C83744227622A671D5E12,SHA256=729BEF61EC88D4C195D3BA78EB138B3D6E00DD43BA3E4B000FF655A95A4AD6D1,IMPHASH=3BB9381340F6C7B1E51AD45AB82E32D2

ParentProcessGuid: {fda94052-4796-658d-6a02-000000000b00}

ParentProcessId: 4680

ParentImage: C:\Windows\System32\cmd.exe

ParentCommandLine: ""cmd.exe"" /c fltmc.exe unload SysmonDrv

ParentUser: WINDEV2309EVAL\User",Info,fltMC.exe,"""cmd.exe"" /c fltmc.exe unload SysmonDrv",C:\Windows\System32\cmd.exe,{fda94052-4796-658d-6a02-000000000b00},4680,WINDEV2309EVAL\User,{fda94052-4796-658d-6c02-000000000b00},7044,6096,Microsoft® Windows® Operating System,,,,,"
      ",-,,,,,,2023-12-28T10:01:58.7146552Z,,,Process Create (rule: ProcessCreate),1,6672,WINDEV2309EVAL\User,S-1-5-18,2023-12-28 10:01:58.712,5,"<Event xmlns=""http://schemas.microsoft.com/win/2004/08/events/event"">
    <System>
      <Provider Name=""Microsoft-Windows-Sysmon"" Guid=""{5770385f-c22a-43e0-bf4c-06f5698ffbd9}""/>
      <EventID>1</EventID>
      <Version>5</Version>
      <Level>4</Level>
      <Task>1</Task>
      <Opcode>0</Opcode>
      <Keywords>0x8000000000000000</Keywords>
      <TimeCreated SystemTime=""2023-12-28T10:01:58.7146552Z""/>
      <EventRecordID>9462</EventRecordID>
      <Correlation/>
      <Execution ProcessID=""7044"" ThreadID=""6672""/>
      <Channel>Microsoft-Windows-Sysmon/Operational</Channel>
      <Computer>WinDev2309Eval</Computer>
      <Security UserID=""S-1-5-18""/>
    </System>
    <EventData>
      <Data Name=""RuleName"">-</Data>
      <Data Name=""UtcTime"">2023-12-28 10:01:58.712</Data>
      <Data Name=""ProcessGuid"">{fda94052-4796-658d-6c02-000000000b00}</Data>
      <Data Name=""ProcessId"">6096</Data>
      <Data Name=""Image"">C:\Windows\System32\fltMC.exe</Data>
      <Data Name=""FileVersion"">10.0.22621.1 (WinBuild.160101.0800)</Data>
      <Data Name=""Description"">Filter Manager Control Program</Data>
      <Data Name=""Product"">Microsoft&#174; Windows&#174; Operating System</Data>
      <Data Name=""Company"">Microsoft Corporation</Data>
      <Data Name=""OriginalFileName"">fltMC.exe</Data>
      <Data Name=""CommandLine"">fltmc.exe  unload SysmonDrv</Data>
      <Data Name=""CurrentDirectory"">C:\Users\User\AppData\Local\Temp\</Data>
      <Data Name=""User"">WINDEV2309EVAL\User</Data>
      <Data Name=""LogonGuid"">{fda94052-3502-658d-b367-080000000000}</Data>
      <Data Name=""LogonId"">0x867b3</Data>
      <Data Name=""TerminalSessionId"">1</Data>
      <Data Name=""IntegrityLevel"">Medium</Data>
      <Data Name=""Hashes"">MD5=7F5BB7A6C52C83744227622A671D5E12,SHA256=729BEF61EC88D4C195D3BA78EB138B3D6E00DD43BA3E4B000FF655A95A4AD6D1,IMPHASH=3BB9381340F6C7B1E51AD45AB82E32D2</Data>
      <Data Name=""ParentProcessGuid"">{fda94052-4796-658d-6a02-000000000b00}</Data>
      <Data Name=""ParentProcessId"">4680</Data>
      <Data Name=""ParentImage"">C:\Windows\System32\cmd.exe</Data>
      <Data Name=""ParentCommandLine"">""cmd.exe"" /c fltmc.exe unload SysmonDrv</Data>
      <Data Name=""ParentUser"">WINDEV2309EVAL\User</Data>
    </EventData>
    <RenderingInfo Culture=""en-US"">
      <Message>Process Create:

RuleName: -

UtcTime: 2023-12-28 10:01:58.712

ProcessGuid: {fda94052-4796-658d-6c02-000000000b00}

ProcessId: 6096

Image: C:\Windows\System32\fltMC.exe

FileVersion: 10.0.22621.1 (WinBuild.160101.0800)

Description: Filter Manager Control Program

Product: Microsoft&#174; Windows&#174; Operating System

Company: Microsoft Corporation

OriginalFileName: fltMC.exe

CommandLine: fltmc.exe  unload SysmonDrv

CurrentDirectory: C:\Users\User\AppData\Local\Temp\

User: WINDEV2309EVAL\User

LogonGuid: {fda94052-3502-658d-b367-080000000000}

LogonId: 0x867B3

TerminalSessionId: 1

IntegrityLevel: Medium

Hashes: MD5=7F5BB7A6C52C83744227622A671D5E12,SHA256=729BEF61EC88D4C195D3BA78EB138B3D6E00DD43BA3E4B000FF655A95A4AD6D1,IMPHASH=3BB9381340F6C7B1E51AD45AB82E32D2

ParentProcessGuid: {fda94052-4796-658d-6a02-000000000b00}

ParentProcessId: 4680

ParentImage: C:\Windows\System32\cmd.exe

ParentCommandLine: ""cmd.exe"" /c fltmc.exe unload SysmonDrv

ParentUser: WINDEV2309EVAL\User</Message>
      <Level>Information</Level>
      <Task>Process Create (rule: ProcessCreate)</Task>
      <Opcode>Info</Opcode>
    </RenderingInfo>
  </Event>
  
"
Microsoft-Windows-Sysmon/Operational,"""cmd.exe"" /c fltmc.exe unload SysmonDrv",Microsoft Corporation,WinDev2309Eval,,C:\Users\User\AppData\Local\Temp\,Windows Command Processor,,,,,,,1,9461,,10.0.22621.1635 (WinBuild.160101.0800),"MD5=5A6BE4D2519515241D0C133A26CF62C0,SHA256=423E0E810A69AACEBA0E5670E58AFF898CF0EBFFAB99CCB46EBB3464C3D2FACB,IMPHASH=D73E39DAB3C8B57AA408073D01254964",C:\Windows\System32\cmd.exe,,Medium,0x8000000000000000,Information,{fda94052-3502-658d-b367-080000000000},0x867b3,"Process Create:

RuleName: -

UtcTime: 2023-12-28 10:01:58.665

ProcessGuid: {fda94052-4796-658d-6a02-000000000b00}

ProcessId: 4680

Image: C:\Windows\System32\cmd.exe

FileVersion: 10.0.22621.1635 (WinBuild.160101.0800)

Description: Windows Command Processor

Product: Microsoft® Windows® Operating System

Company: Microsoft Corporation

OriginalFileName: Cmd.Exe

CommandLine: ""cmd.exe"" /c fltmc.exe unload SysmonDrv

CurrentDirectory: C:\Users\User\AppData\Local\Temp\

User: WINDEV2309EVAL\User

LogonGuid: {fda94052-3502-658d-b367-080000000000}

LogonId: 0x867B3

TerminalSessionId: 1

IntegrityLevel: Medium

Hashes: MD5=5A6BE4D2519515241D0C133A26CF62C0,SHA256=423E0E810A69AACEBA0E5670E58AFF898CF0EBFFAB99CCB46EBB3464C3D2FACB,IMPHASH=D73E39DAB3C8B57AA408073D01254964

ParentProcessGuid: {fda94052-b87a-658c-2702-000000000b00}

ParentProcessId: 5076

ParentImage: C:\Windows\System32\WindowsPowerShell\v1.0\powershell.exe

ParentCommandLine: ""C:\Windows\System32\WindowsPowerShell\v1.0\powershell.exe"" -exec bypass

ParentUser: WINDEV2309EVAL\User",Info,Cmd.Exe,"""C:\Windows\System32\WindowsPowerShell\v1.0\powershell.exe"" -exec bypass",C:\Windows\System32\WindowsPowerShell\v1.0\powershell.exe,{fda94052-b87a-658c-2702-000000000b00},5076,WINDEV2309EVAL\User,{fda94052-4796-658d-6a02-000000000b00},7044,4680,Microsoft® Windows® Operating System,,,,,"
      ",-,,,,,,2023-12-28T10:01:58.6678023Z,,,Process Create (rule: ProcessCreate),1,6672,WINDEV2309EVAL\User,S-1-5-18,2023-12-28 10:01:58.665,5,"<Event xmlns=""http://schemas.microsoft.com/win/2004/08/events/event"">
    <System>
      <Provider Name=""Microsoft-Windows-Sysmon"" Guid=""{5770385f-c22a-43e0-bf4c-06f5698ffbd9}""/>
      <EventID>1</EventID>
      <Version>5</Version>
      <Level>4</Level>
      <Task>1</Task>
      <Opcode>0</Opcode>
      <Keywords>0x8000000000000000</Keywords>
      <TimeCreated SystemTime=""2023-12-28T10:01:58.6678023Z""/>
      <EventRecordID>9461</EventRecordID>
      <Correlation/>
      <Execution ProcessID=""7044"" ThreadID=""6672""/>
      <Channel>Microsoft-Windows-Sysmon/Operational</Channel>
      <Computer>WinDev2309Eval</Computer>
      <Security UserID=""S-1-5-18""/>
    </System>
    <EventData>
      <Data Name=""RuleName"">-</Data>
      <Data Name=""UtcTime"">2023-12-28 10:01:58.665</Data>
      <Data Name=""ProcessGuid"">{fda94052-4796-658d-6a02-000000000b00}</Data>
      <Data Name=""ProcessId"">4680</Data>
      <Data Name=""Image"">C:\Windows\System32\cmd.exe</Data>
      <Data Name=""FileVersion"">10.0.22621.1635 (WinBuild.160101.0800)</Data>
      <Data Name=""Description"">Windows Command Processor</Data>
      <Data Name=""Product"">Microsoft&#174; Windows&#174; Operating System</Data>
      <Data Name=""Company"">Microsoft Corporation</Data>
      <Data Name=""OriginalFileName"">Cmd.Exe</Data>
      <Data Name=""CommandLine"">""cmd.exe"" /c fltmc.exe unload SysmonDrv</Data>
      <Data Name=""CurrentDirectory"">C:\Users\User\AppData\Local\Temp\</Data>
      <Data Name=""User"">WINDEV2309EVAL\User</Data>
      <Data Name=""LogonGuid"">{fda94052-3502-658d-b367-080000000000}</Data>
      <Data Name=""LogonId"">0x867b3</Data>
      <Data Name=""TerminalSessionId"">1</Data>
      <Data Name=""IntegrityLevel"">Medium</Data>
      <Data Name=""Hashes"">MD5=5A6BE4D2519515241D0C133A26CF62C0,SHA256=423E0E810A69AACEBA0E5670E58AFF898CF0EBFFAB99CCB46EBB3464C3D2FACB,IMPHASH=D73E39DAB3C8B57AA408073D01254964</Data>
      <Data Name=""ParentProcessGuid"">{fda94052-b87a-658c-2702-000000000b00}</Data>
      <Data Name=""ParentProcessId"">5076</Data>
      <Data Name=""ParentImage"">C:\Windows\System32\WindowsPowerShell\v1.0\powershell.exe</Data>
      <Data Name=""ParentCommandLine"">""C:\Windows\System32\WindowsPowerShell\v1.0\powershell.exe"" -exec bypass</Data>
      <Data Name=""ParentUser"">WINDEV2309EVAL\User</Data>
    </EventData>
    <RenderingInfo Culture=""en-US"">
      <Message>Process Create:

RuleName: -

UtcTime: 2023-12-28 10:01:58.665

ProcessGuid: {fda94052-4796-658d-6a02-000000000b00}

ProcessId: 4680

Image: C:\Windows\System32\cmd.exe

FileVersion: 10.0.22621.1635 (WinBuild.160101.0800)

Description: Windows Command Processor

Product: Microsoft&#174; Windows&#174; Operating System

Company: Microsoft Corporation

OriginalFileName: Cmd.Exe

CommandLine: ""cmd.exe"" /c fltmc.exe unload SysmonDrv

CurrentDirectory: C:\Users\User\AppData\Local\Temp\

User: WINDEV2309EVAL\User

LogonGuid: {fda94052-3502-658d-b367-080000000000}

LogonId: 0x867B3

TerminalSessionId: 1

IntegrityLevel: Medium

Hashes: MD5=5A6BE4D2519515241D0C133A26CF62C0,SHA256=423E0E810A69AACEBA0E5670E58AFF898CF0EBFFAB99CCB46EBB3464C3D2FACB,IMPHASH=D73E39DAB3C8B57AA408073D01254964

ParentProcessGuid: {fda94052-b87a-658c-2702-000000000b00}

ParentProcessId: 5076

ParentImage: C:\Windows\System32\WindowsPowerShell\v1.0\powershell.exe

ParentCommandLine: ""C:\Windows\System32\WindowsPowerShell\v1.0\powershell.exe"" -exec bypass

ParentUser: WINDEV2309EVAL\User</Message>
      <Level>Information</Level>
      <Task>Process Create (rule: ProcessCreate)</Task>
      <Opcode>Info</Opcode>
    </RenderingInfo>
  </Event>
  
"
