Channel,CommandLine,Company,Computer,CreationUtcTime,CurrentDirectory,Description,DestinationHostname,DestinationIp,DestinationIsIpv6,DestinationPort,DestinationPortName,Details,EventID,EventRecordID,EventType,FileVersion,Hashes,Image,Initiated,IntegrityLevel,Keywords,Level,LogonGuid,LogonId,Message,Opcode,OriginalFileName,ParentCommandLine,ParentImage,ParentProcessGuid,ParentProcessId,ParentUser,ProcessGuid,ProcessID,ProcessId,Product,Protocol,QueryName,QueryResults,QueryStatus,RenderingInfo,RuleName,SourceHostname,SourceIp,SourceIsIpv6,SourcePort,SourcePortName,SystemTime,TargetFilename,TargetObject,Task,TerminalSessionId,ThreadID,User,UserID,UtcTime,Version,raw
Microsoft-Windows-Sysmon/Operational,"""C:\Program Files (x86)\Microsoft\Edge\Application\msedge.exe"" --type=utility --utility-sub-type=unzip.mojom.Unzipper --lang=en-US --service-sandbox-type=service --mojo-platform-channel-handle=6004 --field-trial-handle=2012,i,14121881332492415831,1209340753367914572,262144 --variations-seed-version /prefetch:8",Microsoft Corporation,WinDev2309Eval,,C:\Program Files (x86)\Microsoft\Edge\Application\120.0.2210.91\,Microsoft Edge,,,,,,,1,9583,,120.0.2210.91,"MD5=F6E7A024CC79AC12294D0DA6072C5073,SHA256=628792B5B5A4D71B8D66B1A1C6B775B84E3A5E64C0C05B8D7138164FBAD5C21A,IMPHASH=EA4CA1F8E3B3D9373D39C13FD1348A63",C:\Program Files (x86)\Microsoft\Edge\Application\msedge.exe,,Low,0x8000000000000000,Information,{fda94052-3502-658d-b367-080000000000},0x867b3,"Process Create:

RuleName: -

UtcTime: 2023-12-28 10:03:02.091

ProcessGuid: {fda94052-47d6-658d-ea02-000000000b00}

ProcessId: 6632

Image: C:\Program Files (x86)\Microsoft\Edge\Application\msedge.exe

FileVersion: 120.0.2210.91

Description: Microsoft Edge

Product: Microsoft Edge

Company: Microsoft Corporation

OriginalFileName: msedge.exe

CommandLine: ""C:\Program Files (x86)\Microsoft\Edge\Application\msedge.exe"" --type=utility --utility-sub-type=unzip.mojom.Unzipper --lang=en-US --service-sandbox-type=service --mojo-platform-channel-handle=6004 --field-trial-handle=2012,i,14121881332492415831,1209340753367914572,262144 --variations-seed-version /prefetch:8

CurrentDirectory: C:\Program Files (x86)\Microsoft\Edge\Application\120.0.2210.91\

User: WINDEV2309EVAL\User

LogonGuid: {fda94052-3502-658d-b367-080000000000}

LogonId: 0x867B3

TerminalSessionId: 1

IntegrityLevel: Low

Hashes: MD5=F6E7A024CC79AC12294D0DA6072C5073,SHA256=628792B5B5A4D71B8D66B1A1C6B775B84E3A5E64C0C05B8D7138164FBAD5C21A,IMPHASH=EA4CA1F8E3B3D9373D39C13FD1348A63

ParentProcessGuid: {fda94052-b84e-658c-0402-000000000b00}

ParentProcessId: 8488

ParentImage: C:\Program Files (x86)\Microsoft\Edge\Application\msedge.exe

ParentCommandLine: ""C:\Program Files (x86)\Microsoft\Edge\Application\msedge.exe"" --no-startup-window /prefetch:5

ParentUser: WINDEV2309EVAL\User",Info,msedge.exe,"""C:\Program Files (x86)\Microsoft\Edge\Application\msedge.exe"" --no-startup-window /prefetch:5",C:\Program Files (x86)\Microsoft\Edge\Application\msedge.exe,{fda94052-b84e-658c-0402-000000000b00},8488,WINDEV2309EVAL\User,{fda94052-47d6-658d-ea02-000000000b00},7044,6632,Microsoft Edge,,,,,"
      ",-,,,,,,2023-12-28T10:03:02.0922490Z,,,Process Create (rule: ProcessCreate),1,6672,WINDEV2309EVAL\User,S-1-5-18,2023-12-28 10:03:02.091,5,"<Event xmlns=""http://schemas.microsoft.com/win/2004/08/events/event"">
    <System>
      <Provider Name=""Microsoft-Windows-Sysmon"" Guid=""{5770385f-c22a-43e0-bf4c-06f5698ffbd9}""/>
      <EventID>1</EventID>
      <Version>5</Version>
      <Level>4</Level>
      <Task>1</Task>
      <Opcode>0</Opcode>
      <Keywords>0x8000000000000000</Keywords>
      <TimeCreated SystemTime=""2023-12-28T10:03:02.0922490Z""/>
      <EventRecordID>9583</EventRecordID>
      <Correlation/>
      <Execution ProcessID=""7044"" ThreadID=""6672""/>
      <Channel>Microsoft-Windows-Sysmon/Operational</Channel>
      <Computer>WinDev2309Eval</Computer>
      <Security UserID=""S-1-5-18""/>
    </System>
    <EventData>
      <Data Name=""RuleName"">-</Data>
      <Data Name=""UtcTime"">2023-12-28 10:03:02.091</Data>
      <Data Name=""ProcessGuid"">{fda94052-47d6-658d-ea02-000000000b00}</Data>
      <Data Name=""ProcessId"">6632</Data>
      <Data Name=""Image"">C:\Program Files (x86)\Microsoft\Edge\Application\msedge.exe</Data>
      <Data Name=""FileVersion"">120.0.2210.91</Data>
      <Data Name=""Description"">Microsoft Edge</Data>
      <Data Name=""Product"">Microsoft Edge</Data>
      <Data Name=""Company"">Microsoft Corporation</Data>
      <Data Name=""OriginalFileName"">msedge.exe</Data>
      <Data Name=""CommandLine"">""C:\Program Files (x86)\Microsoft\Edge\Application\msedge.exe"" --type=utility --utility-sub-type=unzip.mojom.Unzipper --lang=en-US --service-sandbox-type=service --mojo-platform-channel-handle=6004 --field-trial-handle=2012,i,14121881332492415831,1209340753367914572,262144 --variations-seed-version /prefetch:8</Data>
      <Data Name=""CurrentDirectory"">C:\Program Files (x86)\Microsoft\Edge\Application\120.0.2210.91\</Data>
      <Data Name=""User"">WINDEV2309EVAL\User</Data>
      <Data Name=""LogonGuid"">{fda94052-3502-658d-b367-080000000000}</Data>
      <Data Name=""LogonId"">0x867b3</Data>
      <Data Name=""TerminalSessionId"">1</Data>
      <Data Name=""IntegrityLevel"">Low</Data>
      <Data Name=""Hashes"">MD5=F6E7A024CC79AC12294D0DA6072C5073,SHA256=628792B5B5A4D71B8D66B1A1C6B775B84E3A5E64C0C05B8D7138164FBAD5C21A,IMPHASH=EA4CA1F8E3B3D9373D39C13FD1348A63</Data>
      <Data Name=""ParentProcessGuid"">{fda94052-b84e-658c-0402-000000000b00}</Data>
      <Data Name=""ParentProcessId"">8488</Data>
      <Data Name=""ParentImage"">C:\Program Files (x86)\Microsoft\Edge\Application\msedge.exe</Data>
      <Data Name=""ParentCommandLine"">""C:\Program Files (x86)\Microsoft\Edge\Application\msedge.exe"" --no-startup-window /prefetch:5</Data>
      <Data Name=""ParentUser"">WINDEV2309EVAL\User</Data>
    </EventData>
    <RenderingInfo Culture=""en-US"">
      <Message>Process Create:

RuleName: -

UtcTime: 2023-12-28 10:03:02.091

ProcessGuid: {fda94052-47d6-658d-ea02-000000000b00}

ProcessId: 6632

Image: C:\Program Files (x86)\Microsoft\Edge\Application\msedge.exe

FileVersion: 120.0.2210.91

Description: Microsoft Edge

Product: Microsoft Edge

Company: Microsoft Corporation

OriginalFileName: msedge.exe

CommandLine: ""C:\Program Files (x86)\Microsoft\Edge\Application\msedge.exe"" --type=utility --utility-sub-type=unzip.mojom.Unzipper --lang=en-US --service-sandbox-type=service --mojo-platform-channel-handle=6004 --field-trial-handle=2012,i,14121881332492415831,1209340753367914572,262144 --variations-seed-version /prefetch:8

CurrentDirectory: C:\Program Files (x86)\Microsoft\Edge\Application\120.0.2210.91\

User: WINDEV2309EVAL\User

LogonGuid: {fda94052-3502-658d-b367-080000000000}

LogonId: 0x867B3

TerminalSessionId: 1

IntegrityLevel: Low

Hashes: MD5=F6E7A024CC79AC12294D0DA6072C5073,SHA256=628792B5B5A4D71B8D66B1A1C6B775B84E3A5E64C0C05B8D7138164FBAD5C21A,IMPHASH=EA4CA1F8E3B3D9373D39C13FD1348A63

ParentProcessGuid: {fda94052-b84e-658c-0402-000000000b00}

ParentProcessId: 8488

ParentImage: C:\Program Files (x86)\Microsoft\Edge\Application\msedge.exe

ParentCommandLine: ""C:\Program Files (x86)\Microsoft\Edge\Application\msedge.exe"" --no-startup-window /prefetch:5

ParentUser: WINDEV2309EVAL\User</Message>
      <Level>Information</Level>
      <Task>Process Create (rule: ProcessCreate)</Task>
      <Opcode>Info</Opcode>
    </RenderingInfo>
  </Event>
  
"
Microsoft-Windows-Sysmon/Operational,"""C:\Program Files (x86)\Microsoft\Edge\Application\msedge.exe"" --type=utility --utility-sub-type=unzip.mojom.Unzipper --lang=en-US --service-sandbox-type=service --mojo-platform-channel-handle=6076 --field-trial-handle=2012,i,14121881332492415831,1209340753367914572,262144 --variations-seed-version /prefetch:8",Microsoft Corporation,WinDev2309Eval,,C:\Program Files (x86)\Microsoft\Edge\Application\120.0.2210.91\,Microsoft Edge,,,,,,,1,9582,,120.0.2210.91,"MD5=F6E7A024CC79AC12294D0DA6072C5073,SHA256=628792B5B5A4D71B8D66B1A1C6B775B84E3A5E64C0C05B8D7138164FBAD5C21A,IMPHASH=EA4CA1F8E3B3D9373D39C13FD1348A63",C:\Program Files (x86)\Microsoft\Edge\Application\msedge.exe,,Low,0x8000000000000000,Information,{fda94052-3502-658d-b367-080000000000},0x867b3,"Process Create:

RuleName: -

UtcTime: 2023-12-28 10:02:57.912

ProcessGuid: {fda94052-47d1-658d-e902-000000000b00}

ProcessId: 5944

Image: C:\Program Files (x86)\Microsoft\Edge\Application\msedge.exe

FileVersion: 120.0.2210.91

Description: Microsoft Edge

Product: Microsoft Edge

Company: Microsoft Corporation

OriginalFileName: msedge.exe

CommandLine: ""C:\Program Files (x86)\Microsoft\Edge\Application\msedge.exe"" --type=utility --utility-sub-type=unzip.mojom.Unzipper --lang=en-US --service-sandbox-type=service --mojo-platform-channel-handle=6076 --field-trial-handle=2012,i,14121881332492415831,1209340753367914572,262144 --variations-seed-version /prefetch:8

CurrentDirectory: C:\Program Files (x86)\Microsoft\Edge\Application\120.0.2210.91\

User: WINDEV2309EVAL\User

LogonGuid: {fda94052-3502-658d-b367-080000000000}

LogonId: 0x867B3

TerminalSessionId: 1

IntegrityLevel: Low

Hashes: MD5=F6E7A024CC79AC12294D0DA6072C5073,SHA256=628792B5B5A4D71B8D66B1A1C6B775B84E3A5E64C0C05B8D7138164FBAD5C21A,IMPHASH=EA4CA1F8E3B3D9373D39C13FD1348A63

ParentProcessGuid: {fda94052-b84e-658c-0402-000000000b00}

ParentProcessId: 8488

ParentImage: C:\Program Files (x86)\Microsoft\Edge\Application\msedge.exe

ParentCommandLine: ""C:\Program Files (x86)\Microsoft\Edge\Application\msedge.exe"" --no-startup-window /prefetch:5

ParentUser: WINDEV2309EVAL\User",Info,msedge.exe,"""C:\Program Files (x86)\Microsoft\Edge\Application\msedge.exe"" --no-startup-window /prefetch:5",C:\Program Files (x86)\Microsoft\Edge\Application\msedge.exe,{fda94052-b84e-658c-0402-000000000b00},8488,WINDEV2309EVAL\User,{fda94052-47d1-658d-e902-000000000b00},7044,5944,Microsoft Edge,,,,,"
      ",-,,,,,,2023-12-28T10:02:57.9162095Z,,,Process Create (rule: ProcessCreate),1,6672,WINDEV2309EVAL\User,S-1-5-18,2023-12-28 10:02:57.912,5,"<Event xmlns=""http://schemas.microsoft.com/win/2004/08/events/event"">
    <System>
      <Provider Name=""Microsoft-Windows-Sysmon"" Guid=""{5770385f-c22a-43e0-bf4c-06f5698ffbd9}""/>
      <EventID>1</EventID>
      <Version>5</Version>
      <Level>4</Level>
      <Task>1</Task>
      <Opcode>0</Opcode>
      <Keywords>0x8000000000000000</Keywords>
      <TimeCreated SystemTime=""2023-12-28T10:02:57.9162095Z""/>
      <EventRecordID>9582</EventRecordID>
      <Correlation/>
      <Execution ProcessID=""7044"" ThreadID=""6672""/>
      <Channel>Microsoft-Windows-Sysmon/Operational</Channel>
      <Computer>WinDev2309Eval</Computer>
      <Security UserID=""S-1-5-18""/>
    </System>
    <EventData>
      <Data Name=""RuleName"">-</Data>
      <Data Name=""UtcTime"">2023-12-28 10:02:57.912</Data>
      <Data Name=""ProcessGuid"">{fda94052-47d1-658d-e902-000000000b00}</Data>
      <Data Name=""ProcessId"">5944</Data>
      <Data Name=""Image"">C:\Program Files (x86)\Microsoft\Edge\Application\msedge.exe</Data>
      <Data Name=""FileVersion"">120.0.2210.91</Data>
      <Data Name=""Description"">Microsoft Edge</Data>
      <Data Name=""Product"">Microsoft Edge</Data>
      <Data Name=""Company"">Microsoft Corporation</Data>
      <Data Name=""OriginalFileName"">msedge.exe</Data>
      <Data Name=""CommandLine"">""C:\Program Files (x86)\Microsoft\Edge\Application\msedge.exe"" --type=utility --utility-sub-type=unzip.mojom.Unzipper --lang=en-US --service-sandbox-type=service --mojo-platform-channel-handle=6076 --field-trial-handle=2012,i,14121881332492415831,1209340753367914572,262144 --variations-seed-version /prefetch:8</Data>
      <Data Name=""CurrentDirectory"">C:\Program Files (x86)\Microsoft\Edge\Application\120.0.2210.91\</Data>
      <Data Name=""User"">WINDEV2309EVAL\User</Data>
      <Data Name=""LogonGuid"">{fda94052-3502-658d-b367-080000000000}</Data>
      <Data Name=""LogonId"">0x867b3</Data>
      <Data Name=""TerminalSessionId"">1</Data>
      <Data Name=""IntegrityLevel"">Low</Data>
      <Data Name=""Hashes"">MD5=F6E7A024CC79AC12294D0DA6072C5073,SHA256=628792B5B5A4D71B8D66B1A1C6B775B84E3A5E64C0C05B8D7138164FBAD5C21A,IMPHASH=EA4CA1F8E3B3D9373D39C13FD1348A63</Data>
      <Data Name=""ParentProcessGuid"">{fda94052-b84e-658c-0402-000000000b00}</Data>
      <Data Name=""ParentProcessId"">8488</Data>
      <Data Name=""ParentImage"">C:\Program Files (x86)\Microsoft\Edge\Application\msedge.exe</Data>
      <Data Name=""ParentCommandLine"">""C:\Program Files (x86)\Microsoft\Edge\Application\msedge.exe"" --no-startup-window /prefetch:5</Data>
      <Data Name=""ParentUser"">WINDEV2309EVAL\User</Data>
    </EventData>
    <RenderingInfo Culture=""en-US"">
      <Message>Process Create:

RuleName: -

UtcTime: 2023-12-28 10:02:57.912

ProcessGuid: {fda94052-47d1-658d-e902-000000000b00}

ProcessId: 5944

Image: C:\Program Files (x86)\Microsoft\Edge\Application\msedge.exe

FileVersion: 120.0.2210.91

Description: Microsoft Edge

Product: Microsoft Edge

Company: Microsoft Corporation

OriginalFileName: msedge.exe

CommandLine: ""C:\Program Files (x86)\Microsoft\Edge\Application\msedge.exe"" --type=utility --utility-sub-type=unzip.mojom.Unzipper --lang=en-US --service-sandbox-type=service --mojo-platform-channel-handle=6076 --field-trial-handle=2012,i,14121881332492415831,1209340753367914572,262144 --variations-seed-version /prefetch:8

CurrentDirectory: C:\Program Files (x86)\Microsoft\Edge\Application\120.0.2210.91\

User: WINDEV2309EVAL\User

LogonGuid: {fda94052-3502-658d-b367-080000000000}

LogonId: 0x867B3

TerminalSessionId: 1

IntegrityLevel: Low

Hashes: MD5=F6E7A024CC79AC12294D0DA6072C5073,SHA256=628792B5B5A4D71B8D66B1A1C6B775B84E3A5E64C0C05B8D7138164FBAD5C21A,IMPHASH=EA4CA1F8E3B3D9373D39C13FD1348A63

ParentProcessGuid: {fda94052-b84e-658c-0402-000000000b00}

ParentProcessId: 8488

ParentImage: C:\Program Files (x86)\Microsoft\Edge\Application\msedge.exe

ParentCommandLine: ""C:\Program Files (x86)\Microsoft\Edge\Application\msedge.exe"" --no-startup-window /prefetch:5

ParentUser: WINDEV2309EVAL\User</Message>
      <Level>Information</Level>
      <Task>Process Create (rule: ProcessCreate)</Task>
      <Opcode>Info</Opcode>
    </RenderingInfo>
  </Event>
  
"
Microsoft-Windows-Sysmon/Operational,"""C:\Windows\system32\appidcertstorecheck.exe""",Microsoft Corporation,WinDev2309Eval,,C:\Windows\system32\,AppID Certificate Store Verification Task,,,,,,,1,9581,,10.0.22621.2215 (WinBuild.160101.0800),"MD5=570AE15349CB318BCC7B424DAD8CD311,SHA256=57AB41C169FE75E29A8722728830C62650DB657E14FFA9B35CBDFF4DD2C66A62,IMPHASH=7168353EDBE3AB24A184BB681FD55AE6",C:\Windows\System32\appidcertstorecheck.exe,,System,0x8000000000000000,Information,{fda94052-34ec-658d-e503-000000000000},0x3e5,"Process Create:

RuleName: -

UtcTime: 2023-12-28 10:02:54.978

ProcessGuid: {fda94052-47ce-658d-e602-000000000b00}

ProcessId: 9764

Image: C:\Windows\System32\appidcertstorecheck.exe

FileVersion: 10.0.22621.2215 (WinBuild.160101.0800)

Description: AppID Certificate Store Verification Task

Product: Microsoft® Windows® Operating System

Company: Microsoft Corporation

OriginalFileName: AppIDCertstoreCheck.exe

CommandLine: ""C:\Windows\system32\appidcertstorecheck.exe""

CurrentDirectory: C:\Windows\system32\

User: NT AUTHORITY\LOCAL SERVICE

LogonGuid: {fda94052-34ec-658d-e503-000000000000}

LogonId: 0x3E5

TerminalSessionId: 0

IntegrityLevel: System

Hashes: MD5=570AE15349CB318BCC7B424DAD8CD311,SHA256=57AB41C169FE75E29A8722728830C62650DB657E14FFA9B35CBDFF4DD2C66A62,IMPHASH=7168353EDBE3AB24A184BB681FD55AE6

ParentProcessGuid: {00000000-0000-0000-0000-000000000000}

ParentProcessId: 1900

ParentImage: -

ParentCommandLine: -

ParentUser: -",Info,AppIDCertstoreCheck.exe,-,-,{00000000-0000-0000-0000-000000000000},1900,-,{fda94052-47ce-658d-e602-000000000b00},7044,9764,Microsoft® Windows® Operating System,,,,,"
      ",-,,,,,,2023-12-28T10:02:54.9802951Z,,,Process Create (rule: ProcessCreate),0,6672,NT AUTHORITY\LOCAL SERVICE,S-1-5-18,2023-12-28 10:02:54.978,5,"<Event xmlns=""http://schemas.microsoft.com/win/2004/08/events/event"">
    <System>
      <Provider Name=""Microsoft-Windows-Sysmon"" Guid=""{5770385f-c22a-43e0-bf4c-06f5698ffbd9}""/>
      <EventID>1</EventID>
      <Version>5</Version>
      <Level>4</Level>
      <Task>1</Task>
      <Opcode>0</Opcode>
      <Keywords>0x8000000000000000</Keywords>
      <TimeCreated SystemTime=""2023-12-28T10:02:54.9802951Z""/>
      <EventRecordID>9581</EventRecordID>
      <Correlation/>
      <Execution ProcessID=""7044"" ThreadID=""6672""/>
      <Channel>Microsoft-Windows-Sysmon/Operational</Channel>
      <Computer>WinDev2309Eval</Computer>
      <Security UserID=""S-1-5-18""/>
    </System>
    <EventData>
      <Data Name=""RuleName"">-</Data>
      <Data Name=""UtcTime"">2023-12-28 10:02:54.978</Data>
      <Data Name=""ProcessGuid"">{fda94052-47ce-658d-e602-000000000b00}</Data>
      <Data Name=""ProcessId"">9764</Data>
      <Data Name=""Image"">C:\Windows\System32\appidcertstorecheck.exe</Data>
      <Data Name=""FileVersion"">10.0.22621.2215 (WinBuild.160101.0800)</Data>
      <Data Name=""Description"">AppID Certificate Store Verification Task</Data>
      <Data Name=""Product"">Microsoft&#174; Windows&#174; Operating System</Data>
      <Data Name=""Company"">Microsoft Corporation</Data>
      <Data Name=""OriginalFileName"">AppIDCertstoreCheck.exe</Data>
      <Data Name=""CommandLine"">""C:\Windows\system32\appidcertstorecheck.exe""</Data>
      <Data Name=""CurrentDirectory"">C:\Windows\system32\</Data>
      <Data Name=""User"">NT AUTHORITY\LOCAL SERVICE</Data>
      <Data Name=""LogonGuid"">{fda94052-34ec-658d-e503-000000000000}</Data>
      <Data Name=""LogonId"">0x3e5</Data>
      <Data Name=""TerminalSessionId"">0</Data>
      <Data Name=""IntegrityLevel"">System</Data>
      <Data Name=""Hashes"">MD5=570AE15349CB318BCC7B424DAD8CD311,SHA256=57AB41C169FE75E29A8722728830C62650DB657E14FFA9B35CBDFF4DD2C66A62,IMPHASH=7168353EDBE3AB24A184BB681FD55AE6</Data>
      <Data Name=""ParentProcessGuid"">{00000000-0000-0000-0000-000000000000}</Data>
      <Data Name=""ParentProcessId"">1900</Data>
      <Data Name=""ParentImage"">-</Data>
      <Data Name=""ParentCommandLine"">-</Data>
      <Data Name=""ParentUser"">-</Data>
    </EventData>
    <RenderingInfo Culture=""en-US"">
      <Message>Process Create:

RuleName: -

UtcTime: 2023-12-28 10:02:54.978

ProcessGuid: {fda94052-47ce-658d-e602-000000000b00}

ProcessId: 9764

Image: C:\Windows\System32\appidcertstorecheck.exe

FileVersion: 10.0.22621.2215 (WinBuild.160101.0800)

Description: AppID Certificate Store Verification Task

Product: Microsoft&#174; Windows&#174; Operating System

Company: Microsoft Corporation

OriginalFileName: AppIDCertstoreCheck.exe

CommandLine: ""C:\Windows\system32\appidcertstorecheck.exe""

CurrentDirectory: C:\Windows\system32\

User: NT AUTHORITY\LOCAL SERVICE

LogonGuid: {fda94052-34ec-658d-e503-000000000000}

LogonId: 0x3E5

TerminalSessionId: 0

IntegrityLevel: System

Hashes: MD5=570AE15349CB318BCC7B424DAD8CD311,SHA256=57AB41C169FE75E29A8722728830C62650DB657E14FFA9B35CBDFF4DD2C66A62,IMPHASH=7168353EDBE3AB24A184BB681FD55AE6

ParentProcessGuid: {00000000-0000-0000-0000-000000000000}

ParentProcessId: 1900

ParentImage: -

ParentCommandLine: -

ParentUser: -</Message>
      <Level>Information</Level>
      <Task>Process Create (rule: ProcessCreate)</Task>
      <Opcode>Info</Opcode>
    </RenderingInfo>
  </Event>
  
"
Microsoft-Windows-Sysmon/Operational,"""C:\Program Files (x86)\Microsoft\Edge\Application\msedge.exe"" --type=utility --utility-sub-type=unzip.mojom.Unzipper --lang=en-US --service-sandbox-type=service --mojo-platform-channel-handle=1684 --field-trial-handle=2012,i,14121881332492415831,1209340753367914572,262144 --variations-seed-version /prefetch:8",Microsoft Corporation,WinDev2309Eval,,C:\Program Files (x86)\Microsoft\Edge\Application\120.0.2210.91\,Microsoft Edge,,,,,,,1,9580,,120.0.2210.91,"MD5=F6E7A024CC79AC12294D0DA6072C5073,SHA256=628792B5B5A4D71B8D66B1A1C6B775B84E3A5E64C0C05B8D7138164FBAD5C21A,IMPHASH=EA4CA1F8E3B3D9373D39C13FD1348A63",C:\Program Files (x86)\Microsoft\Edge\Application\msedge.exe,,Low,0x8000000000000000,Information,{fda94052-3502-658d-b367-080000000000},0x867b3,"Process Create:

RuleName: -

UtcTime: 2023-12-28 10:02:53.740

ProcessGuid: {fda94052-47cd-658d-e402-000000000b00}

ProcessId: 10320

Image: C:\Program Files (x86)\Microsoft\Edge\Application\msedge.exe

FileVersion: 120.0.2210.91

Description: Microsoft Edge

Product: Microsoft Edge

Company: Microsoft Corporation

OriginalFileName: msedge.exe

CommandLine: ""C:\Program Files (x86)\Microsoft\Edge\Application\msedge.exe"" --type=utility --utility-sub-type=unzip.mojom.Unzipper --lang=en-US --service-sandbox-type=service --mojo-platform-channel-handle=1684 --field-trial-handle=2012,i,14121881332492415831,1209340753367914572,262144 --variations-seed-version /prefetch:8

CurrentDirectory: C:\Program Files (x86)\Microsoft\Edge\Application\120.0.2210.91\

User: WINDEV2309EVAL\User

LogonGuid: {fda94052-3502-658d-b367-080000000000}

LogonId: 0x867B3

TerminalSessionId: 1

IntegrityLevel: Low

Hashes: MD5=F6E7A024CC79AC12294D0DA6072C5073,SHA256=628792B5B5A4D71B8D66B1A1C6B775B84E3A5E64C0C05B8D7138164FBAD5C21A,IMPHASH=EA4CA1F8E3B3D9373D39C13FD1348A63

ParentProcessGuid: {fda94052-b84e-658c-0402-000000000b00}

ParentProcessId: 8488

ParentImage: C:\Program Files (x86)\Microsoft\Edge\Application\msedge.exe

ParentCommandLine: ""C:\Program Files (x86)\Microsoft\Edge\Application\msedge.exe"" --no-startup-window /prefetch:5

ParentUser: WINDEV2309EVAL\User",Info,msedge.exe,"""C:\Program Files (x86)\Microsoft\Edge\Application\msedge.exe"" --no-startup-window /prefetch:5",C:\Program Files (x86)\Microsoft\Edge\Application\msedge.exe,{fda94052-b84e-658c-0402-000000000b00},8488,WINDEV2309EVAL\User,{fda94052-47cd-658d-e402-000000000b00},7044,10320,Microsoft Edge,,,,,"
      ",-,,,,,,2023-12-28T10:02:53.7423244Z,,,Process Create (rule: ProcessCreate),1,6672,WINDEV2309EVAL\User,S-1-5-18,2023-12-28 10:02:53.740,5,"<Event xmlns=""http://schemas.microsoft.com/win/2004/08/events/event"">
    <System>
      <Provider Name=""Microsoft-Windows-Sysmon"" Guid=""{5770385f-c22a-43e0-bf4c-06f5698ffbd9}""/>
      <EventID>1</EventID>
      <Version>5</Version>
      <Level>4</Level>
      <Task>1</Task>
      <Opcode>0</Opcode>
      <Keywords>0x8000000000000000</Keywords>
      <TimeCreated SystemTime=""2023-12-28T10:02:53.7423244Z""/>
      <EventRecordID>9580</EventRecordID>
      <Correlation/>
      <Execution ProcessID=""7044"" ThreadID=""6672""/>
      <Channel>Microsoft-Windows-Sysmon/Operational</Channel>
      <Computer>WinDev2309Eval</Computer>
      <Security UserID=""S-1-5-18""/>
    </System>
    <EventData>
      <Data Name=""RuleName"">-</Data>
      <Data Name=""UtcTime"">2023-12-28 10:02:53.740</Data>
      <Data Name=""ProcessGuid"">{fda94052-47cd-658d-e402-000000000b00}</Data>
      <Data Name=""ProcessId"">10320</Data>
      <Data Name=""Image"">C:\Program Files (x86)\Microsoft\Edge\Application\msedge.exe</Data>
      <Data Name=""FileVersion"">120.0.2210.91</Data>
      <Data Name=""Description"">Microsoft Edge</Data>
      <Data Name=""Product"">Microsoft Edge</Data>
      <Data Name=""Company"">Microsoft Corporation</Data>
      <Data Name=""OriginalFileName"">msedge.exe</Data>
      <Data Name=""CommandLine"">""C:\Program Files (x86)\Microsoft\Edge\Application\msedge.exe"" --type=utility --utility-sub-type=unzip.mojom.Unzipper --lang=en-US --service-sandbox-type=service --mojo-platform-channel-handle=1684 --field-trial-handle=2012,i,14121881332492415831,1209340753367914572,262144 --variations-seed-version /prefetch:8</Data>
      <Data Name=""CurrentDirectory"">C:\Program Files (x86)\Microsoft\Edge\Application\120.0.2210.91\</Data>
      <Data Name=""User"">WINDEV2309EVAL\User</Data>
      <Data Name=""LogonGuid"">{fda94052-3502-658d-b367-080000000000}</Data>
      <Data Name=""LogonId"">0x867b3</Data>
      <Data Name=""TerminalSessionId"">1</Data>
      <Data Name=""IntegrityLevel"">Low</Data>
      <Data Name=""Hashes"">MD5=F6E7A024CC79AC12294D0DA6072C5073,SHA256=628792B5B5A4D71B8D66B1A1C6B775B84E3A5E64C0C05B8D7138164FBAD5C21A,IMPHASH=EA4CA1F8E3B3D9373D39C13FD1348A63</Data>
      <Data Name=""ParentProcessGuid"">{fda94052-b84e-658c-0402-000000000b00}</Data>
      <Data Name=""ParentProcessId"">8488</Data>
      <Data Name=""ParentImage"">C:\Program Files (x86)\Microsoft\Edge\Application\msedge.exe</Data>
      <Data Name=""ParentCommandLine"">""C:\Program Files (x86)\Microsoft\Edge\Application\msedge.exe"" --no-startup-window /prefetch:5</Data>
      <Data Name=""ParentUser"">WINDEV2309EVAL\User</Data>
    </EventData>
    <RenderingInfo Culture=""en-US"">
      <Message>Process Create:

RuleName: -

UtcTime: 2023-12-28 10:02:53.740

ProcessGuid: {fda94052-47cd-658d-e402-000000000b00}

ProcessId: 10320

Image: C:\Program Files (x86)\Microsoft\Edge\Application\msedge.exe

FileVersion: 120.0.2210.91

Description: Microsoft Edge

Product: Microsoft Edge

Company: Microsoft Corporation

OriginalFileName: msedge.exe

CommandLine: ""C:\Program Files (x86)\Microsoft\Edge\Application\msedge.exe"" --type=utility --utility-sub-type=unzip.mojom.Unzipper --lang=en-US --service-sandbox-type=service --mojo-platform-channel-handle=1684 --field-trial-handle=2012,i,14121881332492415831,1209340753367914572,262144 --variations-seed-version /prefetch:8

CurrentDirectory: C:\Program Files (x86)\Microsoft\Edge\Application\120.0.2210.91\

User: WINDEV2309EVAL\User

LogonGuid: {fda94052-3502-658d-b367-080000000000}

LogonId: 0x867B3

TerminalSessionId: 1

IntegrityLevel: Low

Hashes: MD5=F6E7A024CC79AC12294D0DA6072C5073,SHA256=628792B5B5A4D71B8D66B1A1C6B775B84E3A5E64C0C05B8D7138164FBAD5C21A,IMPHASH=EA4CA1F8E3B3D9373D39C13FD1348A63

ParentProcessGuid: {fda94052-b84e-658c-0402-000000000b00}

ParentProcessId: 8488

ParentImage: C:\Program Files (x86)\Microsoft\Edge\Application\msedge.exe

ParentCommandLine: ""C:\Program Files (x86)\Microsoft\Edge\Application\msedge.exe"" --no-startup-window /prefetch:5

ParentUser: WINDEV2309EVAL\User</Message>
      <Level>Information</Level>
      <Task>Process Create (rule: ProcessCreate)</Task>
      <Opcode>Info</Opcode>
    </RenderingInfo>
  </Event>
  
"
Microsoft-Windows-Sysmon/Operational,,,WinDev2309Eval,,,,,,,,,,5,9579,,,,C:\Users\User\AppData\Local\Microsoft\OneDrive\OneDriveStandaloneUpdater.exe,,,0x8000000000000000,Information,,,"Process terminated:

RuleName: -

UtcTime: 2023-12-28 10:02:48.839

ProcessGuid: {fda94052-4787-658d-5302-000000000b00}

ProcessId: 2688

Image: C:\Users\User\AppData\Local\Microsoft\OneDrive\OneDriveStandaloneUpdater.exe

User: WINDEV2309EVAL\User",Info,,,,,,,{fda94052-4787-658d-5302-000000000b00},7044,2688,,,,,,"
      ",-,,,,,,2023-12-28T10:02:48.8424073Z,,,Process terminated (rule: ProcessTerminate),,6672,WINDEV2309EVAL\User,S-1-5-18,2023-12-28 10:02:48.839,3,"<Event xmlns=""http://schemas.microsoft.com/win/2004/08/events/event"">
    <System>
      <Provider Name=""Microsoft-Windows-Sysmon"" Guid=""{5770385f-c22a-43e0-bf4c-06f5698ffbd9}""/>
      <EventID>5</EventID>
      <Version>3</Version>
      <Level>4</Level>
      <Task>5</Task>
      <Opcode>0</Opcode>
      <Keywords>0x8000000000000000</Keywords>
      <TimeCreated SystemTime=""2023-12-28T10:02:48.8424073Z""/>
      <EventRecordID>9579</EventRecordID>
      <Correlation/>
      <Execution ProcessID=""7044"" ThreadID=""6672""/>
      <Channel>Microsoft-Windows-Sysmon/Operational</Channel>
      <Computer>WinDev2309Eval</Computer>
      <Security UserID=""S-1-5-18""/>
    </System>
    <EventData>
      <Data Name=""RuleName"">-</Data>
      <Data Name=""UtcTime"">2023-12-28 10:02:48.839</Data>
      <Data Name=""ProcessGuid"">{fda94052-4787-658d-5302-000000000b00}</Data>
      <Data Name=""ProcessId"">2688</Data>
      <Data Name=""Image"">C:\Users\User\AppData\Local\Microsoft\OneDrive\OneDriveStandaloneUpdater.exe</Data>
      <Data Name=""User"">WINDEV2309EVAL\User</Data>
    </EventData>
    <RenderingInfo Culture=""en-US"">
      <Message>Process terminated:

RuleName: -

UtcTime: 2023-12-28 10:02:48.839

ProcessGuid: {fda94052-4787-658d-5302-000000000b00}

ProcessId: 2688

Image: C:\Users\User\AppData\Local\Microsoft\OneDrive\OneDriveStandaloneUpdater.exe

User: WINDEV2309EVAL\User</Message>
      <Level>Information</Level>
      <Task>Process terminated (rule: ProcessTerminate)</Task>
      <Opcode>Info</Opcode>
    </RenderingInfo>
  </Event>
  
"
Microsoft-Windows-Sysmon/Operational,,,WinDev2309Eval,2023-12-28 10:02:45.121,,,,,,,,,11,9578,,,,C:\Windows\System32\WindowsPowerShell\v1.0\powershell.exe,,,0x8000000000000000,Information,,,"File created:

RuleName: -

UtcTime: 2023-12-28 10:02:45.121

ProcessGuid: {fda94052-47c5-658d-e202-000000000b00}

ProcessId: 11156

Image: C:\Windows\System32\WindowsPowerShell\v1.0\powershell.exe

TargetFilename: C:\Users\User\AppData\Local\Temp\__PSScriptPolicyTest_yobjpl5m.szv.ps1

CreationUtcTime: 2023-12-28 10:02:45.121

User: WINDEV2309EVAL\User",Info,,,,,,,{fda94052-47c5-658d-e202-000000000b00},7044,11156,,,,,,"
      ",-,,,,,,2023-12-28T10:02:45.1267903Z,C:\Users\User\AppData\Local\Temp\__PSScriptPolicyTest_yobjpl5m.szv.ps1,,File created (rule: FileCreate),,6672,WINDEV2309EVAL\User,S-1-5-18,2023-12-28 10:02:45.121,2,"<Event xmlns=""http://schemas.microsoft.com/win/2004/08/events/event"">
    <System>
      <Provider Name=""Microsoft-Windows-Sysmon"" Guid=""{5770385f-c22a-43e0-bf4c-06f5698ffbd9}""/>
      <EventID>11</EventID>
      <Version>2</Version>
      <Level>4</Level>
      <Task>11</Task>
      <Opcode>0</Opcode>
      <Keywords>0x8000000000000000</Keywords>
      <TimeCreated SystemTime=""2023-12-28T10:02:45.1267903Z""/>
      <EventRecordID>9578</EventRecordID>
      <Correlation/>
      <Execution ProcessID=""7044"" ThreadID=""6672""/>
      <Channel>Microsoft-Windows-Sysmon/Operational</Channel>
      <Computer>WinDev2309Eval</Computer>
      <Security UserID=""S-1-5-18""/>
    </System>
    <EventData>
      <Data Name=""RuleName"">-</Data>
      <Data Name=""UtcTime"">2023-12-28 10:02:45.121</Data>
      <Data Name=""ProcessGuid"">{fda94052-47c5-658d-e202-000000000b00}</Data>
      <Data Name=""ProcessId"">11156</Data>
      <Data Name=""Image"">C:\Windows\System32\WindowsPowerShell\v1.0\powershell.exe</Data>
      <Data Name=""TargetFilename"">C:\Users\User\AppData\Local\Temp\__PSScriptPolicyTest_yobjpl5m.szv.ps1</Data>
      <Data Name=""CreationUtcTime"">2023-12-28 10:02:45.121</Data>
      <Data Name=""User"">WINDEV2309EVAL\User</Data>
    </EventData>
    <RenderingInfo Culture=""en-US"">
      <Message>File created:

RuleName: -

UtcTime: 2023-12-28 10:02:45.121

ProcessGuid: {fda94052-47c5-658d-e202-000000000b00}

ProcessId: 11156

Image: C:\Windows\System32\WindowsPowerShell\v1.0\powershell.exe

TargetFilename: C:\Users\User\AppData\Local\Temp\__PSScriptPolicyTest_yobjpl5m.szv.ps1

CreationUtcTime: 2023-12-28 10:02:45.121

User: WINDEV2309EVAL\User</Message>
      <Level>Information</Level>
      <Task>File created (rule: FileCreate)</Task>
      <Opcode>Info</Opcode>
    </RenderingInfo>
  </Event>
  
"
Microsoft-Windows-Sysmon/Operational,"""powershell.exe"" & {Set-ItemProperty \""""HKLM:\Software\Policies\Microsoft\Windows Defender\"""" -Name \""""DisableAntiSpyware\"""" -Value 1 
Set-ItemProperty \""""HKLM:\Software\Policies\Microsoft\Windows Defender\"""" -Name \""""DisableAntiVirus\"""" -Value 1 
Set-ItemProperty \""""HKLM:\Software\Policies\Microsoft\Windows Defender\Real-Time Protection\"""" -Name \""""DisableBehaviorMonitoring\"""" -Value 1 
Set-ItemProperty \""""HKLM:\Software\Policies\Microsoft\Windows Defender\Real-Time Protection\"""" -Name \""""DisableIntrusionPreventionSystem\"""" -Value 1 
Set-ItemProperty \""""HKLM:\Software\Policies\Microsoft\Windows Defender\Real-Time Protection\"""" -Name \""""DisableIOAVProtection\"""" -Value 1 
Set-ItemProperty \""""HKLM:\Software\Policies\Microsoft\Windows Defender\Real-Time Protection\"""" -Name \""""DisableOnAccessProtection\"""" -Value 1 
Set-ItemProperty \""""HKLM:\Software\Policies\Microsoft\Windows Defender\Real-Time Protection\"""" -Name \""""DisableRealtimeMonitoring\"""" -Value 1 
Set-ItemProperty \""""HKLM:\Software\Policies\Microsoft\Windows Defender\Real-Time Protection\"""" -Name \""""DisableRoutinelyTakingAction\"""" -Value 1 
Set-ItemProperty \""""HKLM:\Software\Policies\Microsoft\Windows Defender\Real-Time Protection\"""" -Name \""""DisableScanOnRealtimeEnable\"""" -Value 1 
Set-ItemProperty \""""HKLM:\Software\Policies\Microsoft\Windows Defender\Real-Time Protection\"""" -Name \""""DisableScriptScanning\"""" -Value 1 
Set-ItemProperty \""""HKLM:\Software\Policies\Microsoft\Windows Defender\Reporting\"""" -Name \""""DisableEnhancedNotifications\"""" -Value 1  
Set-ItemProperty \""""HKLM:\Software\Policies\Microsoft\Windows Defender\SpyNet\"""" -Name \""""DisableBlockAtFirstSeen\"""" -Value 1 
Set-ItemProperty \""""HKLM:\Software\Policies\Microsoft\Windows Defender\SpyNet\"""" -Name \""""SpynetReporting\"""" -Value 0 
Set-ItemProperty \""""HKLM:\Software\Policies\Microsoft\Windows Defender\MpEngine\"""" -Name \""""MpEnablePus\"""" -Value 0 
Set-ItemProperty \""""HKLM:\SOFTWARE\Policies\Microsoft\Windows Defender Security Center\App and Browser protection\"""" -Name \""""DisallowExploitProtectionOverride\"""" -Value 0 
Set-ItemProperty \""""HKLM:\SOFTWARE\Microsoft\Windows Defender\Features\"""" -Name \""""TamperProtection\""""  -Value 0 
Set-ItemProperty \""""HKLM:\software\microsoft\windows defender\spynet\"""" -Name \""""SubmitSamplesConsent\"""" -Value 0 
Set-ItemProperty \""""HKLM:\Software\Microsoft\Windows Defender\"""" -Name \""""PUAProtection\"""" -Value 0}",Microsoft Corporation,WinDev2309Eval,,C:\Users\User\AppData\Local\Temp\,Windows PowerShell,,,,,,,1,9577,,10.0.22621.2215 (WinBuild.160101.0800),"MD5=824B9F337E68DD8C117595071AC11E23,SHA256=17083405E7DECB3DDEF837C2FA599293A4E8133736969DFD5CE92EF15608A587,IMPHASH=51B0FFFA02CA6C1B85189E2E6C139F36",C:\Windows\System32\WindowsPowerShell\v1.0\powershell.exe,,Medium,0x8000000000000000,Information,{fda94052-3502-658d-b367-080000000000},0x867b3,"Process Create:

RuleName: -

UtcTime: 2023-12-28 10:02:45.000

ProcessGuid: {fda94052-47c5-658d-e202-000000000b00}

ProcessId: 11156

Image: C:\Windows\System32\WindowsPowerShell\v1.0\powershell.exe

FileVersion: 10.0.22621.2215 (WinBuild.160101.0800)

Description: Windows PowerShell

Product: Microsoft® Windows® Operating System

Company: Microsoft Corporation

OriginalFileName: PowerShell.EXE

CommandLine: ""powershell.exe"" & {Set-ItemProperty \""""HKLM:\Software\Policies\Microsoft\Windows Defender\"""" -Name \""""DisableAntiSpyware\"""" -Value 1 
Set-ItemProperty \""""HKLM:\Software\Policies\Microsoft\Windows Defender\"""" -Name \""""DisableAntiVirus\"""" -Value 1 
Set-ItemProperty \""""HKLM:\Software\Policies\Microsoft\Windows Defender\Real-Time Protection\"""" -Name \""""DisableBehaviorMonitoring\"""" -Value 1 
Set-ItemProperty \""""HKLM:\Software\Policies\Microsoft\Windows Defender\Real-Time Protection\"""" -Name \""""DisableIntrusionPreventionSystem\"""" -Value 1 
Set-ItemProperty \""""HKLM:\Software\Policies\Microsoft\Windows Defender\Real-Time Protection\"""" -Name \""""DisableIOAVProtection\"""" -Value 1 
Set-ItemProperty \""""HKLM:\Software\Policies\Microsoft\Windows Defender\Real-Time Protection\"""" -Name \""""DisableOnAccessProtection\"""" -Value 1 
Set-ItemProperty \""""HKLM:\Software\Policies\Microsoft\Windows Defender\Real-Time Protection\"""" -Name \""""DisableRealtimeMonitoring\"""" -Value 1 
Set-ItemProperty \""""HKLM:\Software\Policies\Microsoft\Windows Defender\Real-Time Protection\"""" -Name \""""DisableRoutinelyTakingAction\"""" -Value 1 
Set-ItemProperty \""""HKLM:\Software\Policies\Microsoft\Windows Defender\Real-Time Protection\"""" -Name \""""DisableScanOnRealtimeEnable\"""" -Value 1 
Set-ItemProperty \""""HKLM:\Software\Policies\Microsoft\Windows Defender\Real-Time Protection\"""" -Name \""""DisableScriptScanning\"""" -Value 1 
Set-ItemProperty \""""HKLM:\Software\Policies\Microsoft\Windows Defender\Reporting\"""" -Name \""""DisableEnhancedNotifications\"""" -Value 1  
Set-ItemProperty \""""HKLM:\Software\Policies\Microsoft\Windows Defender\SpyNet\"""" -Name \""""DisableBlockAtFirstSeen\"""" -Value 1 
Set-ItemProperty \""""HKLM:\Software\Policies\Microsoft\Windows Defender\SpyNet\"""" -Name \""""SpynetReporting\"""" -Value 0 
Set-ItemProperty \""""HKLM:\Software\Policies\Microsoft\Windows Defender\MpEngine\"""" -Name \""""MpEnablePus\"""" -Value 0 
Set-ItemProperty \""""HKLM:\SOFTWARE\Policies\Microsoft\Windows Defender Security Center\App and Browser protection\"""" -Name \""""DisallowExploitProtectionOverride\"""" -Value 0 
Set-ItemProperty \""""HKLM:\SOFTWARE\Microsoft\Windows Defender\Features\"""" -Name \""""TamperProtection\""""  -Value 0 
Set-ItemProperty \""""HKLM:\software\microsoft\windows defender\spynet\"""" -Name \""""SubmitSamplesConsent\"""" -Value 0 
Set-ItemProperty \""""HKLM:\Software\Microsoft\Windows Defender\"""" -Name \""""PUAProtection\"""" -Value 0}

CurrentDirectory: C:\Users\User\AppData\Local\Temp\

User: WINDEV2309EVAL\User

LogonGuid: {fda94052-3502-658d-b367-080000000000}

LogonId: 0x867B3

TerminalSessionId: 1

IntegrityLevel: Medium

Hashes: MD5=824B9F337E68DD8C117595071AC11E23,SHA256=17083405E7DECB3DDEF837C2FA599293A4E8133736969DFD5CE92EF15608A587,IMPHASH=51B0FFFA02CA6C1B85189E2E6C139F36

ParentProcessGuid: {fda94052-b87a-658c-2702-000000000b00}

ParentProcessId: 5076

ParentImage: C:\Windows\System32\WindowsPowerShell\v1.0\powershell.exe

ParentCommandLine: ""C:\Windows\System32\WindowsPowerShell\v1.0\powershell.exe"" -exec bypass

ParentUser: WINDEV2309EVAL\User",Info,PowerShell.EXE,"""C:\Windows\System32\WindowsPowerShell\v1.0\powershell.exe"" -exec bypass",C:\Windows\System32\WindowsPowerShell\v1.0\powershell.exe,{fda94052-b87a-658c-2702-000000000b00},5076,WINDEV2309EVAL\User,{fda94052-47c5-658d-e202-000000000b00},7044,11156,Microsoft® Windows® Operating System,,,,,"
      ",-,,,,,,2023-12-28T10:02:45.0019914Z,,,Process Create (rule: ProcessCreate),1,6672,WINDEV2309EVAL\User,S-1-5-18,2023-12-28 10:02:45.000,5,"<Event xmlns=""http://schemas.microsoft.com/win/2004/08/events/event"">
    <System>
      <Provider Name=""Microsoft-Windows-Sysmon"" Guid=""{5770385f-c22a-43e0-bf4c-06f5698ffbd9}""/>
      <EventID>1</EventID>
      <Version>5</Version>
      <Level>4</Level>
      <Task>1</Task>
      <Opcode>0</Opcode>
      <Keywords>0x8000000000000000</Keywords>
      <TimeCreated SystemTime=""2023-12-28T10:02:45.0019914Z""/>
      <EventRecordID>9577</EventRecordID>
      <Correlation/>
      <Execution ProcessID=""7044"" ThreadID=""6672""/>
      <Channel>Microsoft-Windows-Sysmon/Operational</Channel>
      <Computer>WinDev2309Eval</Computer>
      <Security UserID=""S-1-5-18""/>
    </System>
    <EventData>
      <Data Name=""RuleName"">-</Data>
      <Data Name=""UtcTime"">2023-12-28 10:02:45.000</Data>
      <Data Name=""ProcessGuid"">{fda94052-47c5-658d-e202-000000000b00}</Data>
      <Data Name=""ProcessId"">11156</Data>
      <Data Name=""Image"">C:\Windows\System32\WindowsPowerShell\v1.0\powershell.exe</Data>
      <Data Name=""FileVersion"">10.0.22621.2215 (WinBuild.160101.0800)</Data>
      <Data Name=""Description"">Windows PowerShell</Data>
      <Data Name=""Product"">Microsoft&#174; Windows&#174; Operating System</Data>
      <Data Name=""Company"">Microsoft Corporation</Data>
      <Data Name=""OriginalFileName"">PowerShell.EXE</Data>
      <Data Name=""CommandLine"">""powershell.exe"" &amp; {Set-ItemProperty \""""HKLM:\Software\Policies\Microsoft\Windows Defender\"""" -Name \""""DisableAntiSpyware\"""" -Value 1 
Set-ItemProperty \""""HKLM:\Software\Policies\Microsoft\Windows Defender\"""" -Name \""""DisableAntiVirus\"""" -Value 1 
Set-ItemProperty \""""HKLM:\Software\Policies\Microsoft\Windows Defender\Real-Time Protection\"""" -Name \""""DisableBehaviorMonitoring\"""" -Value 1 
Set-ItemProperty \""""HKLM:\Software\Policies\Microsoft\Windows Defender\Real-Time Protection\"""" -Name \""""DisableIntrusionPreventionSystem\"""" -Value 1 
Set-ItemProperty \""""HKLM:\Software\Policies\Microsoft\Windows Defender\Real-Time Protection\"""" -Name \""""DisableIOAVProtection\"""" -Value 1 
Set-ItemProperty \""""HKLM:\Software\Policies\Microsoft\Windows Defender\Real-Time Protection\"""" -Name \""""DisableOnAccessProtection\"""" -Value 1 
Set-ItemProperty \""""HKLM:\Software\Policies\Microsoft\Windows Defender\Real-Time Protection\"""" -Name \""""DisableRealtimeMonitoring\"""" -Value 1 
Set-ItemProperty \""""HKLM:\Software\Policies\Microsoft\Windows Defender\Real-Time Protection\"""" -Name \""""DisableRoutinelyTakingAction\"""" -Value 1 
Set-ItemProperty \""""HKLM:\Software\Policies\Microsoft\Windows Defender\Real-Time Protection\"""" -Name \""""DisableScanOnRealtimeEnable\"""" -Value 1 
Set-ItemProperty \""""HKLM:\Software\Policies\Microsoft\Windows Defender\Real-Time Protection\"""" -Name \""""DisableScriptScanning\"""" -Value 1 
Set-ItemProperty \""""HKLM:\Software\Policies\Microsoft\Windows Defender\Reporting\"""" -Name \""""DisableEnhancedNotifications\"""" -Value 1  
Set-ItemProperty \""""HKLM:\Software\Policies\Microsoft\Windows Defender\SpyNet\"""" -Name \""""DisableBlockAtFirstSeen\"""" -Value 1 
Set-ItemProperty \""""HKLM:\Software\Policies\Microsoft\Windows Defender\SpyNet\"""" -Name \""""SpynetReporting\"""" -Value 0 
Set-ItemProperty \""""HKLM:\Software\Policies\Microsoft\Windows Defender\MpEngine\"""" -Name \""""MpEnablePus\"""" -Value 0 
Set-ItemProperty \""""HKLM:\SOFTWARE\Policies\Microsoft\Windows Defender Security Center\App and Browser protection\"""" -Name \""""DisallowExploitProtectionOverride\"""" -Value 0 
Set-ItemProperty \""""HKLM:\SOFTWARE\Microsoft\Windows Defender\Features\"""" -Name \""""TamperProtection\""""  -Value 0 
Set-ItemProperty \""""HKLM:\software\microsoft\windows defender\spynet\"""" -Name \""""SubmitSamplesConsent\"""" -Value 0 
Set-ItemProperty \""""HKLM:\Software\Microsoft\Windows Defender\"""" -Name \""""PUAProtection\"""" -Value 0}</Data>
      <Data Name=""CurrentDirectory"">C:\Users\User\AppData\Local\Temp\</Data>
      <Data Name=""User"">WINDEV2309EVAL\User</Data>
      <Data Name=""LogonGuid"">{fda94052-3502-658d-b367-080000000000}</Data>
      <Data Name=""LogonId"">0x867b3</Data>
      <Data Name=""TerminalSessionId"">1</Data>
      <Data Name=""IntegrityLevel"">Medium</Data>
      <Data Name=""Hashes"">MD5=824B9F337E68DD8C117595071AC11E23,SHA256=17083405E7DECB3DDEF837C2FA599293A4E8133736969DFD5CE92EF15608A587,IMPHASH=51B0FFFA02CA6C1B85189E2E6C139F36</Data>
      <Data Name=""ParentProcessGuid"">{fda94052-b87a-658c-2702-000000000b00}</Data>
      <Data Name=""ParentProcessId"">5076</Data>
      <Data Name=""ParentImage"">C:\Windows\System32\WindowsPowerShell\v1.0\powershell.exe</Data>
      <Data Name=""ParentCommandLine"">""C:\Windows\System32\WindowsPowerShell\v1.0\powershell.exe"" -exec bypass</Data>
      <Data Name=""ParentUser"">WINDEV2309EVAL\User</Data>
    </EventData>
    <RenderingInfo Culture=""en-US"">
      <Message>Process Create:

RuleName: -

UtcTime: 2023-12-28 10:02:45.000

ProcessGuid: {fda94052-47c5-658d-e202-000000000b00}

ProcessId: 11156

Image: C:\Windows\System32\WindowsPowerShell\v1.0\powershell.exe

FileVersion: 10.0.22621.2215 (WinBuild.160101.0800)

Description: Windows PowerShell

Product: Microsoft&#174; Windows&#174; Operating System

Company: Microsoft Corporation

OriginalFileName: PowerShell.EXE

CommandLine: ""powershell.exe"" &amp; {Set-ItemProperty \""""HKLM:\Software\Policies\Microsoft\Windows Defender\"""" -Name \""""DisableAntiSpyware\"""" -Value 1 
Set-ItemProperty \""""HKLM:\Software\Policies\Microsoft\Windows Defender\"""" -Name \""""DisableAntiVirus\"""" -Value 1 
Set-ItemProperty \""""HKLM:\Software\Policies\Microsoft\Windows Defender\Real-Time Protection\"""" -Name \""""DisableBehaviorMonitoring\"""" -Value 1 
Set-ItemProperty \""""HKLM:\Software\Policies\Microsoft\Windows Defender\Real-Time Protection\"""" -Name \""""DisableIntrusionPreventionSystem\"""" -Value 1 
Set-ItemProperty \""""HKLM:\Software\Policies\Microsoft\Windows Defender\Real-Time Protection\"""" -Name \""""DisableIOAVProtection\"""" -Value 1 
Set-ItemProperty \""""HKLM:\Software\Policies\Microsoft\Windows Defender\Real-Time Protection\"""" -Name \""""DisableOnAccessProtection\"""" -Value 1 
Set-ItemProperty \""""HKLM:\Software\Policies\Microsoft\Windows Defender\Real-Time Protection\"""" -Name \""""DisableRealtimeMonitoring\"""" -Value 1 
Set-ItemProperty \""""HKLM:\Software\Policies\Microsoft\Windows Defender\Real-Time Protection\"""" -Name \""""DisableRoutinelyTakingAction\"""" -Value 1 
Set-ItemProperty \""""HKLM:\Software\Policies\Microsoft\Windows Defender\Real-Time Protection\"""" -Name \""""DisableScanOnRealtimeEnable\"""" -Value 1 
Set-ItemProperty \""""HKLM:\Software\Policies\Microsoft\Windows Defender\Real-Time Protection\"""" -Name \""""DisableScriptScanning\"""" -Value 1 
Set-ItemProperty \""""HKLM:\Software\Policies\Microsoft\Windows Defender\Reporting\"""" -Name \""""DisableEnhancedNotifications\"""" -Value 1  
Set-ItemProperty \""""HKLM:\Software\Policies\Microsoft\Windows Defender\SpyNet\"""" -Name \""""DisableBlockAtFirstSeen\"""" -Value 1 
Set-ItemProperty \""""HKLM:\Software\Policies\Microsoft\Windows Defender\SpyNet\"""" -Name \""""SpynetReporting\"""" -Value 0 
Set-ItemProperty \""""HKLM:\Software\Policies\Microsoft\Windows Defender\MpEngine\"""" -Name \""""MpEnablePus\"""" -Value 0 
Set-ItemProperty \""""HKLM:\SOFTWARE\Policies\Microsoft\Windows Defender Security Center\App and Browser protection\"""" -Name \""""DisallowExploitProtectionOverride\"""" -Value 0 
Set-ItemProperty \""""HKLM:\SOFTWARE\Microsoft\Windows Defender\Features\"""" -Name \""""TamperProtection\""""  -Value 0 
Set-ItemProperty \""""HKLM:\software\microsoft\windows defender\spynet\"""" -Name \""""SubmitSamplesConsent\"""" -Value 0 
Set-ItemProperty \""""HKLM:\Software\Microsoft\Windows Defender\"""" -Name \""""PUAProtection\"""" -Value 0}

CurrentDirectory: C:\Users\User\AppData\Local\Temp\

User: WINDEV2309EVAL\User

LogonGuid: {fda94052-3502-658d-b367-080000000000}

LogonId: 0x867B3

TerminalSessionId: 1

IntegrityLevel: Medium

Hashes: MD5=824B9F337E68DD8C117595071AC11E23,SHA256=17083405E7DECB3DDEF837C2FA599293A4E8133736969DFD5CE92EF15608A587,IMPHASH=51B0FFFA02CA6C1B85189E2E6C139F36

ParentProcessGuid: {fda94052-b87a-658c-2702-000000000b00}

ParentProcessId: 5076

ParentImage: C:\Windows\System32\WindowsPowerShell\v1.0\powershell.exe

ParentCommandLine: ""C:\Windows\System32\WindowsPowerShell\v1.0\powershell.exe"" -exec bypass

ParentUser: WINDEV2309EVAL\User</Message>
      <Level>Information</Level>
      <Task>Process Create (rule: ProcessCreate)</Task>
      <Opcode>Info</Opcode>
    </RenderingInfo>
  </Event>
  
"
