Microsoft-Windows-Sysmon/Operational,,,WinDev2309Eval,2023-12-28 10:02:22.154,,,,,,,,,11,9514,,,,C:\Windows\System32\WindowsPowerShell\v1.0\powershell.exe,,,0x8000000000000000,Information,,,"File created:

RuleName: -

UtcTime: 2023-12-28 10:02:22.154

ProcessGuid: {fda94052-47ae-658d-9f02-000000000b00}

ProcessId: 8532

Image: C:\Windows\System32\WindowsPowerShell\v1.0\powershell.exe

TargetFilename: C:\Users\User\AppData\Local\Temp\__PSScriptPolicyTest_h2v4go43.z1l.ps1

CreationUtcTime: 2023-12-28 10:02:22.154

User: WINDEV2309EVAL\User",Info,,,,,,,{fda94052-47ae-658d-9f02-000000000b00},7044,8532,,,,,,"
      ",-,,,,,,2023-12-28T10:02:22.1622520Z,C:\Users\User\AppData\Local\Temp\__PSScriptPolicyTest_h2v4go43.z1l.ps1,,File created (rule: FileCreate),,6672,WINDEV2309EVAL\User,S-1-5-18,2023-12-28 10:02:22.154,2,"<Event xmlns=""http://schemas.microsoft.com/win/2004/08/events/event"">
    <System>
      <Provider Name=""Microsoft-Windows-Sysmon"" Guid=""{5770385f-c22a-43e0-bf4c-06f5698ffbd9}""/>
      <EventID>11</EventID>
      <Version>2</Version>
      <Level>4</Level>
      <Task>11</Task>
      <Opcode>0</Opcode>
      <Keywords>0x8000000000000000</Keywords>
      <TimeCreated SystemTime=""2023-12-28T10:02:22.1622520Z""/>
      <EventRecordID>9514</EventRecordID>
      <Correlation/>
      <Execution ProcessID=""7044"" ThreadID=""6672""/>
      <Channel>Microsoft-Windows-Sysmon/Operational</Channel>
      <Computer>WinDev2309Eval</Computer>
      <Security UserID=""S-1-5-18""/>
    </System>
    <EventData>
      <Data Name=""RuleName"">-</Data>
      <Data Name=""UtcTime"">2023-12-28 10:02:22.154</Data>
      <Data Name=""ProcessGuid"">{fda94052-47ae-658d-9f02-000000000b00}</Data>
      <Data Name=""ProcessId"">8532</Data>
      <Data Name=""Image"">C:\Windows\System32\WindowsPowerShell\v1.0\powershell.exe</Data>
      <Data Name=""TargetFilename"">C:\Users\User\AppData\Local\Temp\__PSScriptPolicyTest_h2v4go43.z1l.ps1</Data>
      <Data Name=""CreationUtcTime"">2023-12-28 10:02:22.154</Data>
      <Data Name=""User"">WINDEV2309EVAL\User</Data>
    </EventData>
    <RenderingInfo Culture=""en-US"">
      <Message>File created:

RuleName: -

UtcTime: 2023-12-28 10:02:22.154

ProcessGuid: {fda94052-47ae-658d-9f02-000000000b00}

ProcessId: 8532

Image: C:\Windows\System32\WindowsPowerShell\v1.0\powershell.exe

TargetFilename: C:\Users\User\AppData\Local\Temp\__PSScriptPolicyTest_h2v4go43.z1l.ps1

CreationUtcTime: 2023-12-28 10:02:22.154

User: WINDEV2309EVAL\User</Message>
      <Level>Information</Level>
      <Task>File created (rule: FileCreate)</Task>
      <Opcode>Info</Opcode>
    </RenderingInfo>
  </Event>
  
"
Microsoft-Windows-Sysmon/Operational,"""powershell.exe"" & {$secure_pwd = \""""\"""" | ConvertTo-SecureString -AsPlainText -Force
$creds = New-Object System.Management.Automation.PSCredential -ArgumentList \""""\"""", $secure_pwd
Connect-ExchangeOnline -Credential $creds
$test = Get-AntiPhishRule
Disable-AntiPhishRule -Identity $test.Name -Confirm:$false
Get-AntiPhishRule}",Microsoft Corporation,WinDev2309Eval,,C:\Users\User\AppData\Local\Temp\,Windows PowerShell,,,,,,,1,9513,,10.0.22621.2215 (WinBuild.160101.0800),"MD5=824B9F337E68DD8C117595071AC11E23,SHA256=17083405E7DECB3DDEF837C2FA599293A4E8133736969DFD5CE92EF15608A587,IMPHASH=51B0FFFA02CA6C1B85189E2E6C139F36",C:\Windows\System32\WindowsPowerShell\v1.0\powershell.exe,,Medium,0x8000000000000000,Information,{fda94052-3502-658d-b367-080000000000},0x867b3,"Process Create:

RuleName: -

UtcTime: 2023-12-28 10:02:22.026

ProcessGuid: {fda94052-47ae-658d-9f02-000000000b00}

ProcessId: 8532

Image: C:\Windows\System32\WindowsPowerShell\v1.0\powershell.exe

FileVersion: 10.0.22621.2215 (WinBuild.160101.0800)

Description: Windows PowerShell

Product: Microsoft® Windows® Operating System

Company: Microsoft Corporation

OriginalFileName: PowerShell.EXE

CommandLine: ""powershell.exe"" & {$secure_pwd = \""""\"""" | ConvertTo-SecureString -AsPlainText -Force
$creds = New-Object System.Management.Automation.PSCredential -ArgumentList \""""\"""", $secure_pwd
Connect-ExchangeOnline -Credential $creds
$test = Get-AntiPhishRule
Disable-AntiPhishRule -Identity $test.Name -Confirm:$false
Get-AntiPhishRule}

CurrentDirectory: C:\Users\User\AppData\Local\Temp\

User: WINDEV2309EVAL\User

LogonGuid: {fda94052-3502-658d-b367-080000000000}

LogonId: 0x867B3

TerminalSessionId: 1

IntegrityLevel: Medium

Hashes: MD5=824B9F337E68DD8C117595071AC11E23,SHA256=17083405E7DECB3DDEF837C2FA599293A4E8133736969DFD5CE92EF15608A587,IMPHASH=51B0FFFA02CA6C1B85189E2E6C139F36

ParentProcessGuid: {fda94052-b87a-658c-2702-000000000b00}

ParentProcessId: 5076

ParentImage: C:\Windows\System32\WindowsPowerShell\v1.0\powershell.exe

ParentCommandLine: ""C:\Windows\System32\WindowsPowerShell\v1.0\powershell.exe"" -exec bypass

ParentUser: WINDEV2309EVAL\User",Info,PowerShell.EXE,"""C:\Windows\System32\WindowsPowerShell\v1.0\powershell.exe"" -exec bypass",C:\Windows\System32\WindowsPowerShell\v1.0\powershell.exe,{fda94052-b87a-658c-2702-000000000b00},5076,WINDEV2309EVAL\User,{fda94052-47ae-658d-9f02-000000000b00},7044,8532,Microsoft® Windows® Operating System,,,,,"
      ",-,,,,,,2023-12-28T10:02:22.0286661Z,,,Process Create (rule: ProcessCreate),1,6672,WINDEV2309EVAL\User,S-1-5-18,2023-12-28 10:02:22.026,5,"<Event xmlns=""http://schemas.microsoft.com/win/2004/08/events/event"">
    <System>
      <Provider Name=""Microsoft-Windows-Sysmon"" Guid=""{5770385f-c22a-43e0-bf4c-06f5698ffbd9}""/>
      <EventID>1</EventID>
      <Version>5</Version>
      <Level>4</Level>
      <Task>1</Task>
      <Opcode>0</Opcode>
      <Keywords>0x8000000000000000</Keywords>
      <TimeCreated SystemTime=""2023-12-28T10:02:22.0286661Z""/>
      <EventRecordID>9513</EventRecordID>
      <Correlation/>
      <Execution ProcessID=""7044"" ThreadID=""6672""/>
      <Channel>Microsoft-Windows-Sysmon/Operational</Channel>
      <Computer>WinDev2309Eval</Computer>
      <Security UserID=""S-1-5-18""/>
    </System>
    <EventData>
      <Data Name=""RuleName"">-</Data>
      <Data Name=""UtcTime"">2023-12-28 10:02:22.026</Data>
      <Data Name=""ProcessGuid"">{fda94052-47ae-658d-9f02-000000000b00}</Data>
      <Data Name=""ProcessId"">8532</Data>
      <Data Name=""Image"">C:\Windows\System32\WindowsPowerShell\v1.0\powershell.exe</Data>
      <Data Name=""FileVersion"">10.0.22621.2215 (WinBuild.160101.0800)</Data>
      <Data Name=""Description"">Windows PowerShell</Data>
      <Data Name=""Product"">Microsoft&#174; Windows&#174; Operating System</Data>
      <Data Name=""Company"">Microsoft Corporation</Data>
      <Data Name=""OriginalFileName"">PowerShell.EXE</Data>
      <Data Name=""CommandLine"">""powershell.exe"" &amp; {$secure_pwd = \""""\"""" | ConvertTo-SecureString -AsPlainText -Force
$creds = New-Object System.Management.Automation.PSCredential -ArgumentList \""""\"""", $secure_pwd
Connect-ExchangeOnline -Credential $creds
$test = Get-AntiPhishRule
Disable-AntiPhishRule -Identity $test.Name -Confirm:$false
Get-AntiPhishRule}</Data>
      <Data Name=""CurrentDirectory"">C:\Users\User\AppData\Local\Temp\</Data>
      <Data Name=""User"">WINDEV2309EVAL\User</Data>
      <Data Name=""LogonGuid"">{fda94052-3502-658d-b367-080000000000}</Data>
      <Data Name=""LogonId"">0x867b3</Data>
      <Data Name=""TerminalSessionId"">1</Data>
      <Data Name=""IntegrityLevel"">Medium</Data>
      <Data Name=""Hashes"">MD5=824B9F337E68DD8C117595071AC11E23,SHA256=17083405E7DECB3DDEF837C2FA599293A4E8133736969DFD5CE92EF15608A587,IMPHASH=51B0FFFA02CA6C1B85189E2E6C139F36</Data>
      <Data Name=""ParentProcessGuid"">{fda94052-b87a-658c-2702-000000000b00}</Data>
      <Data Name=""ParentProcessId"">5076</Data>
      <Data Name=""ParentImage"">C:\Windows\System32\WindowsPowerShell\v1.0\powershell.exe</Data>
      <Data Name=""ParentCommandLine"">""C:\Windows\System32\WindowsPowerShell\v1.0\powershell.exe"" -exec bypass</Data>
      <Data Name=""ParentUser"">WINDEV2309EVAL\User</Data>
    </EventData>
    <RenderingInfo Culture=""en-US"">
      <Message>Process Create:

RuleName: -

UtcTime: 2023-12-28 10:02:22.026

ProcessGuid: {fda94052-47ae-658d-9f02-000000000b00}

ProcessId: 8532

Image: C:\Windows\System32\WindowsPowerShell\v1.0\powershell.exe

FileVersion: 10.0.22621.2215 (WinBuild.160101.0800)

Description: Windows PowerShell

Product: Microsoft&#174; Windows&#174; Operating System

Company: Microsoft Corporation

OriginalFileName: PowerShell.EXE

CommandLine: ""powershell.exe"" &amp; {$secure_pwd = \""""\"""" | ConvertTo-SecureString -AsPlainText -Force
$creds = New-Object System.Management.Automation.PSCredential -ArgumentList \""""\"""", $secure_pwd
Connect-ExchangeOnline -Credential $creds
$test = Get-AntiPhishRule
Disable-AntiPhishRule -Identity $test.Name -Confirm:$false
Get-AntiPhishRule}

CurrentDirectory: C:\Users\User\AppData\Local\Temp\

User: WINDEV2309EVAL\User

LogonGuid: {fda94052-3502-658d-b367-080000000000}

LogonId: 0x867B3

TerminalSessionId: 1

IntegrityLevel: Medium

Hashes: MD5=824B9F337E68DD8C117595071AC11E23,SHA256=17083405E7DECB3DDEF837C2FA599293A4E8133736969DFD5CE92EF15608A587,IMPHASH=51B0FFFA02CA6C1B85189E2E6C139F36

ParentProcessGuid: {fda94052-b87a-658c-2702-000000000b00}

ParentProcessId: 5076

ParentImage: C:\Windows\System32\WindowsPowerShell\v1.0\powershell.exe

ParentCommandLine: ""C:\Windows\System32\WindowsPowerShell\v1.0\powershell.exe"" -exec bypass

ParentUser: WINDEV2309EVAL\User</Message>
      <Level>Information</Level>
      <Task>Process Create (rule: ProcessCreate)</Task>
      <Opcode>Info</Opcode>
    </RenderingInfo>
  </Event>
  
"
Microsoft-Windows-Sysmon/Operational,consent.exe 7068 444 00000249510B2550,Microsoft Corporation,WinDev2309Eval,,C:\Windows\system32\,Consent UI for administrative applications,,,,,,,1,9512,,10.0.22621.2070 (WinBuild.160101.0800),"MD5=04236290F783C1B3A4D8B417BF6244A0,SHA256=DEDEC4ACEC0895F5A7622ADCB29C359F8855723653FE906C279565A01B7F2AC6,IMPHASH=5D0C875DBD930A73D5A983016E384930",C:\Windows\System32\consent.exe,,System,0x8000000000000000,Information,{fda94052-34eb-658d-e703-000000000000},0x3e7,"Process Create:

RuleName: -

UtcTime: 2023-12-28 10:02:21.656

ProcessGuid: {fda94052-47ad-658d-9e02-000000000b00}

ProcessId: 2344

Image: C:\Windows\System32\consent.exe

FileVersion: 10.0.22621.2070 (WinBuild.160101.0800)

Description: Consent UI for administrative applications

Product: Microsoft® Windows® Operating System

Company: Microsoft Corporation

OriginalFileName: consent.exe

CommandLine: consent.exe 7068 444 00000249510B2550

CurrentDirectory: C:\Windows\system32\

User: NT AUTHORITY\SYSTEM

LogonGuid: {fda94052-34eb-658d-e703-000000000000}

LogonId: 0x3E7

TerminalSessionId: 1

IntegrityLevel: System

Hashes: MD5=04236290F783C1B3A4D8B417BF6244A0,SHA256=DEDEC4ACEC0895F5A7622ADCB29C359F8855723653FE906C279565A01B7F2AC6,IMPHASH=5D0C875DBD930A73D5A983016E384930

ParentProcessGuid: {fda94052-b676-658c-ae00-000000000b00}

ParentProcessId: 7068

ParentImage: C:\Windows\System32\svchost.exe

ParentCommandLine: C:\Windows\system32\svchost.exe -k netsvcs -p -s Appinfo

ParentUser: NT AUTHORITY\SYSTEM",Info,consent.exe,C:\Windows\system32\svchost.exe -k netsvcs -p -s Appinfo,C:\Windows\System32\svchost.exe,{fda94052-b676-658c-ae00-000000000b00},7068,NT AUTHORITY\SYSTEM,{fda94052-47ad-658d-9e02-000000000b00},7044,2344,Microsoft® Windows® Operating System,,,,,"
      ",-,,,,,,2023-12-28T10:02:21.6589006Z,,,Process Create (rule: ProcessCreate),1,6672,NT AUTHORITY\SYSTEM,S-1-5-18,2023-12-28 10:02:21.656,5,"<Event xmlns=""http://schemas.microsoft.com/win/2004/08/events/event"">
    <System>
      <Provider Name=""Microsoft-Windows-Sysmon"" Guid=""{5770385f-c22a-43e0-bf4c-06f5698ffbd9}""/>
      <EventID>1</EventID>
      <Version>5</Version>
      <Level>4</Level>
      <Task>1</Task>
      <Opcode>0</Opcode>
      <Keywords>0x8000000000000000</Keywords>
      <TimeCreated SystemTime=""2023-12-28T10:02:21.6589006Z""/>
      <EventRecordID>9512</EventRecordID>
      <Correlation/>
      <Execution ProcessID=""7044"" ThreadID=""6672""/>
      <Channel>Microsoft-Windows-Sysmon/Operational</Channel>
      <Computer>WinDev2309Eval</Computer>
      <Security UserID=""S-1-5-18""/>
    </System>
    <EventData>
      <Data Name=""RuleName"">-</Data>
      <Data Name=""UtcTime"">2023-12-28 10:02:21.656</Data>
      <Data Name=""ProcessGuid"">{fda94052-47ad-658d-9e02-000000000b00}</Data>
      <Data Name=""ProcessId"">2344</Data>
      <Data Name=""Image"">C:\Windows\System32\consent.exe</Data>
      <Data Name=""FileVersion"">10.0.22621.2070 (WinBuild.160101.0800)</Data>
      <Data Name=""Description"">Consent UI for administrative applications</Data>
      <Data Name=""Product"">Microsoft&#174; Windows&#174; Operating System</Data>
      <Data Name=""Company"">Microsoft Corporation</Data>
      <Data Name=""OriginalFileName"">consent.exe</Data>
      <Data Name=""CommandLine"">consent.exe 7068 444 00000249510B2550</Data>
      <Data Name=""CurrentDirectory"">C:\Windows\system32\</Data>
      <Data Name=""User"">NT AUTHORITY\SYSTEM</Data>
      <Data Name=""LogonGuid"">{fda94052-34eb-658d-e703-000000000000}</Data>
      <Data Name=""LogonId"">0x3e7</Data>
      <Data Name=""TerminalSessionId"">1</Data>
      <Data Name=""IntegrityLevel"">System</Data>
      <Data Name=""Hashes"">MD5=04236290F783C1B3A4D8B417BF6244A0,SHA256=DEDEC4ACEC0895F5A7622ADCB29C359F8855723653FE906C279565A01B7F2AC6,IMPHASH=5D0C875DBD930A73D5A983016E384930</Data>
      <Data Name=""ParentProcessGuid"">{fda94052-b676-658c-ae00-000000000b00}</Data>
      <Data Name=""ParentProcessId"">7068</Data>
      <Data Name=""ParentImage"">C:\Windows\System32\svchost.exe</Data>
      <Data Name=""ParentCommandLine"">C:\Windows\system32\svchost.exe -k netsvcs -p -s Appinfo</Data>
      <Data Name=""ParentUser"">NT AUTHORITY\SYSTEM</Data>
    </EventData>
    <RenderingInfo Culture=""en-US"">
      <Message>Process Create:

RuleName: -

UtcTime: 2023-12-28 10:02:21.656

ProcessGuid: {fda94052-47ad-658d-9e02-000000000b00}

ProcessId: 2344

Image: C:\Windows\System32\consent.exe

FileVersion: 10.0.22621.2070 (WinBuild.160101.0800)

Description: Consent UI for administrative applications

Product: Microsoft&#174; Windows&#174; Operating System

Company: Microsoft Corporation

OriginalFileName: consent.exe

CommandLine: consent.exe 7068 444 00000249510B2550

CurrentDirectory: C:\Windows\system32\

User: NT AUTHORITY\SYSTEM

LogonGuid: {fda94052-34eb-658d-e703-000000000000}

LogonId: 0x3E7

TerminalSessionId: 1

IntegrityLevel: System

Hashes: MD5=04236290F783C1B3A4D8B417BF6244A0,SHA256=DEDEC4ACEC0895F5A7622ADCB29C359F8855723653FE906C279565A01B7F2AC6,IMPHASH=5D0C875DBD930A73D5A983016E384930

ParentProcessGuid: {fda94052-b676-658c-ae00-000000000b00}

ParentProcessId: 7068

ParentImage: C:\Windows\System32\svchost.exe

ParentCommandLine: C:\Windows\system32\svchost.exe -k netsvcs -p -s Appinfo

ParentUser: NT AUTHORITY\SYSTEM</Message>
      <Level>Information</Level>
      <Task>Process Create (rule: ProcessCreate)</Task>
      <Opcode>Info</Opcode>
    </RenderingInfo>
  </Event>
  
"
Microsoft-Windows-Sysmon/Operational,,,WinDev2309Eval,2023-12-28 10:02:19.932,,,,,,,,,11,9511,,,,C:\Windows\System32\WindowsPowerShell\v1.0\powershell.exe,,,0x8000000000000000,Information,,,"File created:

RuleName: -

UtcTime: 2023-12-28 10:02:19.932

ProcessGuid: {fda94052-47ab-658d-9b02-000000000b00}

ProcessId: 10804

Image: C:\Windows\System32\WindowsPowerShell\v1.0\powershell.exe

TargetFilename: C:\Users\User\AppData\Local\Temp\__PSScriptPolicyTest_kzee2dh3.lkd.ps1

CreationUtcTime: 2023-12-28 10:02:19.932

User: WINDEV2309EVAL\User",Info,,,,,,,{fda94052-47ab-658d-9b02-000000000b00},7044,10804,,,,,,"
      ",-,,,,,,2023-12-28T10:02:19.9339742Z,C:\Users\User\AppData\Local\Temp\__PSScriptPolicyTest_kzee2dh3.lkd.ps1,,File created (rule: FileCreate),,6672,WINDEV2309EVAL\User,S-1-5-18,2023-12-28 10:02:19.932,2,"<Event xmlns=""http://schemas.microsoft.com/win/2004/08/events/event"">
    <System>
      <Provider Name=""Microsoft-Windows-Sysmon"" Guid=""{5770385f-c22a-43e0-bf4c-06f5698ffbd9}""/>
      <EventID>11</EventID>
      <Version>2</Version>
      <Level>4</Level>
      <Task>11</Task>
      <Opcode>0</Opcode>
      <Keywords>0x8000000000000000</Keywords>
      <TimeCreated SystemTime=""2023-12-28T10:02:19.9339742Z""/>
      <EventRecordID>9511</EventRecordID>
      <Correlation/>
      <Execution ProcessID=""7044"" ThreadID=""6672""/>
      <Channel>Microsoft-Windows-Sysmon/Operational</Channel>
      <Computer>WinDev2309Eval</Computer>
      <Security UserID=""S-1-5-18""/>
    </System>
    <EventData>
      <Data Name=""RuleName"">-</Data>
      <Data Name=""UtcTime"">2023-12-28 10:02:19.932</Data>
      <Data Name=""ProcessGuid"">{fda94052-47ab-658d-9b02-000000000b00}</Data>
      <Data Name=""ProcessId"">10804</Data>
      <Data Name=""Image"">C:\Windows\System32\WindowsPowerShell\v1.0\powershell.exe</Data>
      <Data Name=""TargetFilename"">C:\Users\User\AppData\Local\Temp\__PSScriptPolicyTest_kzee2dh3.lkd.ps1</Data>
      <Data Name=""CreationUtcTime"">2023-12-28 10:02:19.932</Data>
      <Data Name=""User"">WINDEV2309EVAL\User</Data>
    </EventData>
    <RenderingInfo Culture=""en-US"">
      <Message>File created:

RuleName: -

UtcTime: 2023-12-28 10:02:19.932

ProcessGuid: {fda94052-47ab-658d-9b02-000000000b00}

ProcessId: 10804

Image: C:\Windows\System32\WindowsPowerShell\v1.0\powershell.exe

TargetFilename: C:\Users\User\AppData\Local\Temp\__PSScriptPolicyTest_kzee2dh3.lkd.ps1

CreationUtcTime: 2023-12-28 10:02:19.932

User: WINDEV2309EVAL\User</Message>
      <Level>Information</Level>
      <Task>File created (rule: FileCreate)</Task>
      <Opcode>Info</Opcode>
    </RenderingInfo>
  </Event>
  
"
Microsoft-Windows-Sysmon/Operational,"""powershell.exe"" & {$excludedProcess = \""""outlook.exe\""""
Add-MpPreference -ExclusionProcess $excludedProcess}",Microsoft Corporation,WinDev2309Eval,,C:\Users\User\AppData\Local\Temp\,Windows PowerShell,,,,,,,1,9510,,10.0.22621.2215 (WinBuild.160101.0800),"MD5=824B9F337E68DD8C117595071AC11E23,SHA256=17083405E7DECB3DDEF837C2FA599293A4E8133736969DFD5CE92EF15608A587,IMPHASH=51B0FFFA02CA6C1B85189E2E6C139F36",C:\Windows\System32\WindowsPowerShell\v1.0\powershell.exe,,Medium,0x8000000000000000,Information,{fda94052-3502-658d-b367-080000000000},0x867b3,"Process Create:

RuleName: -

UtcTime: 2023-12-28 10:02:19.801

ProcessGuid: {fda94052-47ab-658d-9b02-000000000b00}

ProcessId: 10804

Image: C:\Windows\System32\WindowsPowerShell\v1.0\powershell.exe

FileVersion: 10.0.22621.2215 (WinBuild.160101.0800)

Description: Windows PowerShell

Product: Microsoft® Windows® Operating System

Company: Microsoft Corporation

OriginalFileName: PowerShell.EXE

CommandLine: ""powershell.exe"" & {$excludedProcess = \""""outlook.exe\""""
Add-MpPreference -ExclusionProcess $excludedProcess}

CurrentDirectory: C:\Users\User\AppData\Local\Temp\

User: WINDEV2309EVAL\User

LogonGuid: {fda94052-3502-658d-b367-080000000000}

LogonId: 0x867B3

TerminalSessionId: 1

IntegrityLevel: Medium

Hashes: MD5=824B9F337E68DD8C117595071AC11E23,SHA256=17083405E7DECB3DDEF837C2FA599293A4E8133736969DFD5CE92EF15608A587,IMPHASH=51B0FFFA02CA6C1B85189E2E6C139F36

ParentProcessGuid: {fda94052-b87a-658c-2702-000000000b00}

ParentProcessId: 5076

ParentImage: C:\Windows\System32\WindowsPowerShell\v1.0\powershell.exe

ParentCommandLine: ""C:\Windows\System32\WindowsPowerShell\v1.0\powershell.exe"" -exec bypass

ParentUser: WINDEV2309EVAL\User",Info,PowerShell.EXE,"""C:\Windows\System32\WindowsPowerShell\v1.0\powershell.exe"" -exec bypass",C:\Windows\System32\WindowsPowerShell\v1.0\powershell.exe,{fda94052-b87a-658c-2702-000000000b00},5076,WINDEV2309EVAL\User,{fda94052-47ab-658d-9b02-000000000b00},7044,10804,Microsoft® Windows® Operating System,,,,,"
      ",-,,,,,,2023-12-28T10:02:19.8021513Z,,,Process Create (rule: ProcessCreate),1,6672,WINDEV2309EVAL\User,S-1-5-18,2023-12-28 10:02:19.801,5,"<Event xmlns=""http://schemas.microsoft.com/win/2004/08/events/event"">
    <System>
      <Provider Name=""Microsoft-Windows-Sysmon"" Guid=""{5770385f-c22a-43e0-bf4c-06f5698ffbd9}""/>
      <EventID>1</EventID>
      <Version>5</Version>
      <Level>4</Level>
      <Task>1</Task>
      <Opcode>0</Opcode>
      <Keywords>0x8000000000000000</Keywords>
      <TimeCreated SystemTime=""2023-12-28T10:02:19.8021513Z""/>
      <EventRecordID>9510</EventRecordID>
      <Correlation/>
      <Execution ProcessID=""7044"" ThreadID=""6672""/>
      <Channel>Microsoft-Windows-Sysmon/Operational</Channel>
      <Computer>WinDev2309Eval</Computer>
      <Security UserID=""S-1-5-18""/>
    </System>
    <EventData>
      <Data Name=""RuleName"">-</Data>
      <Data Name=""UtcTime"">2023-12-28 10:02:19.801</Data>
      <Data Name=""ProcessGuid"">{fda94052-47ab-658d-9b02-000000000b00}</Data>
      <Data Name=""ProcessId"">10804</Data>
      <Data Name=""Image"">C:\Windows\System32\WindowsPowerShell\v1.0\powershell.exe</Data>
      <Data Name=""FileVersion"">10.0.22621.2215 (WinBuild.160101.0800)</Data>
      <Data Name=""Description"">Windows PowerShell</Data>
      <Data Name=""Product"">Microsoft&#174; Windows&#174; Operating System</Data>
      <Data Name=""Company"">Microsoft Corporation</Data>
      <Data Name=""OriginalFileName"">PowerShell.EXE</Data>
      <Data Name=""CommandLine"">""powershell.exe"" &amp; {$excludedProcess = \""""outlook.exe\""""
Add-MpPreference -ExclusionProcess $excludedProcess}</Data>
      <Data Name=""CurrentDirectory"">C:\Users\User\AppData\Local\Temp\</Data>
      <Data Name=""User"">WINDEV2309EVAL\User</Data>
      <Data Name=""LogonGuid"">{fda94052-3502-658d-b367-080000000000}</Data>
      <Data Name=""LogonId"">0x867b3</Data>
      <Data Name=""TerminalSessionId"">1</Data>
      <Data Name=""IntegrityLevel"">Medium</Data>
      <Data Name=""Hashes"">MD5=824B9F337E68DD8C117595071AC11E23,SHA256=17083405E7DECB3DDEF837C2FA599293A4E8133736969DFD5CE92EF15608A587,IMPHASH=51B0FFFA02CA6C1B85189E2E6C139F36</Data>
      <Data Name=""ParentProcessGuid"">{fda94052-b87a-658c-2702-000000000b00}</Data>
      <Data Name=""ParentProcessId"">5076</Data>
      <Data Name=""ParentImage"">C:\Windows\System32\WindowsPowerShell\v1.0\powershell.exe</Data>
      <Data Name=""ParentCommandLine"">""C:\Windows\System32\WindowsPowerShell\v1.0\powershell.exe"" -exec bypass</Data>
      <Data Name=""ParentUser"">WINDEV2309EVAL\User</Data>
    </EventData>
    <RenderingInfo Culture=""en-US"">
      <Message>Process Create:

RuleName: -

UtcTime: 2023-12-28 10:02:19.801

ProcessGuid: {fda94052-47ab-658d-9b02-000000000b00}

ProcessId: 10804

Image: C:\Windows\System32\WindowsPowerShell\v1.0\powershell.exe

FileVersion: 10.0.22621.2215 (WinBuild.160101.0800)

Description: Windows PowerShell

Product: Microsoft&#174; Windows&#174; Operating System

Company: Microsoft Corporation

OriginalFileName: PowerShell.EXE

CommandLine: ""powershell.exe"" &amp; {$excludedProcess = \""""outlook.exe\""""
Add-MpPreference -ExclusionProcess $excludedProcess}

CurrentDirectory: C:\Users\User\AppData\Local\Temp\

User: WINDEV2309EVAL\User

LogonGuid: {fda94052-3502-658d-b367-080000000000}

LogonId: 0x867B3

TerminalSessionId: 1

IntegrityLevel: Medium

Hashes: MD5=824B9F337E68DD8C117595071AC11E23,SHA256=17083405E7DECB3DDEF837C2FA599293A4E8133736969DFD5CE92EF15608A587,IMPHASH=51B0FFFA02CA6C1B85189E2E6C139F36

ParentProcessGuid: {fda94052-b87a-658c-2702-000000000b00}

ParentProcessId: 5076

ParentImage: C:\Windows\System32\WindowsPowerShell\v1.0\powershell.exe

ParentCommandLine: ""C:\Windows\System32\WindowsPowerShell\v1.0\powershell.exe"" -exec bypass

ParentUser: WINDEV2309EVAL\User</Message>
      <Level>Information</Level>
      <Task>Process Create (rule: ProcessCreate)</Task>
      <Opcode>Info</Opcode>
    </RenderingInfo>
  </Event>
  
"
Microsoft-Windows-Sysmon/Operational,consent.exe 7068 444 0000024951025300,Microsoft Corporation,WinDev2309Eval,,C:\Windows\system32\,Consent UI for administrative applications,,,,,,,1,9509,,10.0.22621.2070 (WinBuild.160101.0800),"MD5=04236290F783C1B3A4D8B417BF6244A0,SHA256=DEDEC4ACEC0895F5A7622ADCB29C359F8855723653FE906C279565A01B7F2AC6,IMPHASH=5D0C875DBD930A73D5A983016E384930",C:\Windows\System32\consent.exe,,System,0x8000000000000000,Information,{fda94052-34eb-658d-e703-000000000000},0x3e7,"Process Create:

RuleName: -

UtcTime: 2023-12-28 10:02:19.435

ProcessGuid: {fda94052-47ab-658d-9a02-000000000b00}

ProcessId: 8828

Image: C:\Windows\System32\consent.exe

FileVersion: 10.0.22621.2070 (WinBuild.160101.0800)

Description: Consent UI for administrative applications

Product: Microsoft® Windows® Operating System

Company: Microsoft Corporation

OriginalFileName: consent.exe

CommandLine: consent.exe 7068 444 0000024951025300

CurrentDirectory: C:\Windows\system32\

User: NT AUTHORITY\SYSTEM

LogonGuid: {fda94052-34eb-658d-e703-000000000000}

LogonId: 0x3E7

TerminalSessionId: 1

IntegrityLevel: System

Hashes: MD5=04236290F783C1B3A4D8B417BF6244A0,SHA256=DEDEC4ACEC0895F5A7622ADCB29C359F8855723653FE906C279565A01B7F2AC6,IMPHASH=5D0C875DBD930A73D5A983016E384930

ParentProcessGuid: {fda94052-b676-658c-ae00-000000000b00}

ParentProcessId: 7068

ParentImage: C:\Windows\System32\svchost.exe

ParentCommandLine: C:\Windows\system32\svchost.exe -k netsvcs -p -s Appinfo

ParentUser: NT AUTHORITY\SYSTEM",Info,consent.exe,C:\Windows\system32\svchost.exe -k netsvcs -p -s Appinfo,C:\Windows\System32\svchost.exe,{fda94052-b676-658c-ae00-000000000b00},7068,NT AUTHORITY\SYSTEM,{fda94052-47ab-658d-9a02-000000000b00},7044,8828,Microsoft® Windows® Operating System,,,,,"
      ",-,,,,,,2023-12-28T10:02:19.4371459Z,,,Process Create (rule: ProcessCreate),1,6672,NT AUTHORITY\SYSTEM,S-1-5-18,2023-12-28 10:02:19.435,5,"<Event xmlns=""http://schemas.microsoft.com/win/2004/08/events/event"">
    <System>
      <Provider Name=""Microsoft-Windows-Sysmon"" Guid=""{5770385f-c22a-43e0-bf4c-06f5698ffbd9}""/>
      <EventID>1</EventID>
      <Version>5</Version>
      <Level>4</Level>
      <Task>1</Task>
      <Opcode>0</Opcode>
      <Keywords>0x8000000000000000</Keywords>
      <TimeCreated SystemTime=""2023-12-28T10:02:19.4371459Z""/>
      <EventRecordID>9509</EventRecordID>
      <Correlation/>
      <Execution ProcessID=""7044"" ThreadID=""6672""/>
      <Channel>Microsoft-Windows-Sysmon/Operational</Channel>
      <Computer>WinDev2309Eval</Computer>
      <Security UserID=""S-1-5-18""/>
    </System>
    <EventData>
      <Data Name=""RuleName"">-</Data>
      <Data Name=""UtcTime"">2023-12-28 10:02:19.435</Data>
      <Data Name=""ProcessGuid"">{fda94052-47ab-658d-9a02-000000000b00}</Data>
      <Data Name=""ProcessId"">8828</Data>
      <Data Name=""Image"">C:\Windows\System32\consent.exe</Data>
      <Data Name=""FileVersion"">10.0.22621.2070 (WinBuild.160101.0800)</Data>
      <Data Name=""Description"">Consent UI for administrative applications</Data>
      <Data Name=""Product"">Microsoft&#174; Windows&#174; Operating System</Data>
      <Data Name=""Company"">Microsoft Corporation</Data>
      <Data Name=""OriginalFileName"">consent.exe</Data>
      <Data Name=""CommandLine"">consent.exe 7068 444 0000024951025300</Data>
      <Data Name=""CurrentDirectory"">C:\Windows\system32\</Data>
      <Data Name=""User"">NT AUTHORITY\SYSTEM</Data>
      <Data Name=""LogonGuid"">{fda94052-34eb-658d-e703-000000000000}</Data>
      <Data Name=""LogonId"">0x3e7</Data>
      <Data Name=""TerminalSessionId"">1</Data>
      <Data Name=""IntegrityLevel"">System</Data>
      <Data Name=""Hashes"">MD5=04236290F783C1B3A4D8B417BF6244A0,SHA256=DEDEC4ACEC0895F5A7622ADCB29C359F8855723653FE906C279565A01B7F2AC6,IMPHASH=5D0C875DBD930A73D5A983016E384930</Data>
      <Data Name=""ParentProcessGuid"">{fda94052-b676-658c-ae00-000000000b00}</Data>
      <Data Name=""ParentProcessId"">7068</Data>
      <Data Name=""ParentImage"">C:\Windows\System32\svchost.exe</Data>
      <Data Name=""ParentCommandLine"">C:\Windows\system32\svchost.exe -k netsvcs -p -s Appinfo</Data>
      <Data Name=""ParentUser"">NT AUTHORITY\SYSTEM</Data>
    </EventData>
    <RenderingInfo Culture=""en-US"">
      <Message>Process Create:

RuleName: -

UtcTime: 2023-12-28 10:02:19.435

ProcessGuid: {fda94052-47ab-658d-9a02-000000000b00}

ProcessId: 8828

Image: C:\Windows\System32\consent.exe

FileVersion: 10.0.22621.2070 (WinBuild.160101.0800)

Description: Consent UI for administrative applications

Product: Microsoft&#174; Windows&#174; Operating System

Company: Microsoft Corporation

OriginalFileName: consent.exe

CommandLine: consent.exe 7068 444 0000024951025300

CurrentDirectory: C:\Windows\system32\

User: NT AUTHORITY\SYSTEM

LogonGuid: {fda94052-34eb-658d-e703-000000000000}

LogonId: 0x3E7

TerminalSessionId: 1

IntegrityLevel: System

Hashes: MD5=04236290F783C1B3A4D8B417BF6244A0,SHA256=DEDEC4ACEC0895F5A7622ADCB29C359F8855723653FE906C279565A01B7F2AC6,IMPHASH=5D0C875DBD930A73D5A983016E384930

ParentProcessGuid: {fda94052-b676-658c-ae00-000000000b00}

ParentProcessId: 7068

ParentImage: C:\Windows\System32\svchost.exe

ParentCommandLine: C:\Windows\system32\svchost.exe -k netsvcs -p -s Appinfo

ParentUser: NT AUTHORITY\SYSTEM</Message>
      <Level>Information</Level>
      <Task>Process Create (rule: ProcessCreate)</Task>
      <Opcode>Info</Opcode>
    </RenderingInfo>
  </Event>
  
"
Microsoft-Windows-Sysmon/Operational,,,WinDev2309Eval,2023-12-28 10:02:17.724,,,,,,,,,11,9508,,,,C:\Windows\System32\WindowsPowerShell\v1.0\powershell.exe,,,0x8000000000000000,Information,,,"File created:

RuleName: -

UtcTime: 2023-12-28 10:02:17.724

ProcessGuid: {fda94052-47a9-658d-9802-000000000b00}

ProcessId: 2884

Image: C:\Windows\System32\WindowsPowerShell\v1.0\powershell.exe

TargetFilename: C:\Users\User\AppData\Local\Temp\__PSScriptPolicyTest_swbvlv1k.3i0.ps1

CreationUtcTime: 2023-12-28 10:02:17.724

User: WINDEV2309EVAL\User",Info,,,,,,,{fda94052-47a9-658d-9802-000000000b00},7044,2884,,,,,,"
      ",-,,,,,,2023-12-28T10:02:17.7266850Z,C:\Users\User\AppData\Local\Temp\__PSScriptPolicyTest_swbvlv1k.3i0.ps1,,File created (rule: FileCreate),,6672,WINDEV2309EVAL\User,S-1-5-18,2023-12-28 10:02:17.724,2,"<Event xmlns=""http://schemas.microsoft.com/win/2004/08/events/event"">
    <System>
      <Provider Name=""Microsoft-Windows-Sysmon"" Guid=""{5770385f-c22a-43e0-bf4c-06f5698ffbd9}""/>
      <EventID>11</EventID>
      <Version>2</Version>
      <Level>4</Level>
      <Task>11</Task>
      <Opcode>0</Opcode>
      <Keywords>0x8000000000000000</Keywords>
      <TimeCreated SystemTime=""2023-12-28T10:02:17.7266850Z""/>
      <EventRecordID>9508</EventRecordID>
      <Correlation/>
      <Execution ProcessID=""7044"" ThreadID=""6672""/>
      <Channel>Microsoft-Windows-Sysmon/Operational</Channel>
      <Computer>WinDev2309Eval</Computer>
      <Security UserID=""S-1-5-18""/>
    </System>
    <EventData>
      <Data Name=""RuleName"">-</Data>
      <Data Name=""UtcTime"">2023-12-28 10:02:17.724</Data>
      <Data Name=""ProcessGuid"">{fda94052-47a9-658d-9802-000000000b00}</Data>
      <Data Name=""ProcessId"">2884</Data>
      <Data Name=""Image"">C:\Windows\System32\WindowsPowerShell\v1.0\powershell.exe</Data>
      <Data Name=""TargetFilename"">C:\Users\User\AppData\Local\Temp\__PSScriptPolicyTest_swbvlv1k.3i0.ps1</Data>
      <Data Name=""CreationUtcTime"">2023-12-28 10:02:17.724</Data>
      <Data Name=""User"">WINDEV2309EVAL\User</Data>
    </EventData>
    <RenderingInfo Culture=""en-US"">
      <Message>File created:

RuleName: -

UtcTime: 2023-12-28 10:02:17.724

ProcessGuid: {fda94052-47a9-658d-9802-000000000b00}

ProcessId: 2884

Image: C:\Windows\System32\WindowsPowerShell\v1.0\powershell.exe

TargetFilename: C:\Users\User\AppData\Local\Temp\__PSScriptPolicyTest_swbvlv1k.3i0.ps1

CreationUtcTime: 2023-12-28 10:02:17.724

User: WINDEV2309EVAL\User</Message>
      <Level>Information</Level>
      <Task>File created (rule: FileCreate)</Task>
      <Opcode>Info</Opcode>
    </RenderingInfo>
  </Event>
  
"
Microsoft-Windows-Sysmon/Operational,"""powershell.exe"" & {$excludedExts= \"""".exe\""""
Add-MpPreference -ExclusionExtension  $excludedExts}",Microsoft Corporation,WinDev2309Eval,,C:\Users\User\AppData\Local\Temp\,Windows PowerShell,,,,,,,1,9507,,10.0.22621.2215 (WinBuild.160101.0800),"MD5=824B9F337E68DD8C117595071AC11E23,SHA256=17083405E7DECB3DDEF837C2FA599293A4E8133736969DFD5CE92EF15608A587,IMPHASH=51B0FFFA02CA6C1B85189E2E6C139F36",C:\Windows\System32\WindowsPowerShell\v1.0\powershell.exe,,Medium,0x8000000000000000,Information,{fda94052-3502-658d-b367-080000000000},0x867b3,"Process Create:

RuleName: -

UtcTime: 2023-12-28 10:02:17.598

ProcessGuid: {fda94052-47a9-658d-9802-000000000b00}

ProcessId: 2884

Image: C:\Windows\System32\WindowsPowerShell\v1.0\powershell.exe

FileVersion: 10.0.22621.2215 (WinBuild.160101.0800)

Description: Windows PowerShell

Product: Microsoft® Windows® Operating System

Company: Microsoft Corporation

OriginalFileName: PowerShell.EXE

CommandLine: ""powershell.exe"" & {$excludedExts= \"""".exe\""""
Add-MpPreference -ExclusionExtension  $excludedExts}

CurrentDirectory: C:\Users\User\AppData\Local\Temp\

User: WINDEV2309EVAL\User

LogonGuid: {fda94052-3502-658d-b367-080000000000}

LogonId: 0x867B3

TerminalSessionId: 1

IntegrityLevel: Medium

Hashes: MD5=824B9F337E68DD8C117595071AC11E23,SHA256=17083405E7DECB3DDEF837C2FA599293A4E8133736969DFD5CE92EF15608A587,IMPHASH=51B0FFFA02CA6C1B85189E2E6C139F36

ParentProcessGuid: {fda94052-b87a-658c-2702-000000000b00}

ParentProcessId: 5076

ParentImage: C:\Windows\System32\WindowsPowerShell\v1.0\powershell.exe

ParentCommandLine: ""C:\Windows\System32\WindowsPowerShell\v1.0\powershell.exe"" -exec bypass

ParentUser: WINDEV2309EVAL\User",Info,PowerShell.EXE,"""C:\Windows\System32\WindowsPowerShell\v1.0\powershell.exe"" -exec bypass",C:\Windows\System32\WindowsPowerShell\v1.0\powershell.exe,{fda94052-b87a-658c-2702-000000000b00},5076,WINDEV2309EVAL\User,{fda94052-47a9-658d-9802-000000000b00},7044,2884,Microsoft® Windows® Operating System,,,,,"
      ",-,,,,,,2023-12-28T10:02:17.5990076Z,,,Process Create (rule: ProcessCreate),1,6672,WINDEV2309EVAL\User,S-1-5-18,2023-12-28 10:02:17.598,5,"<Event xmlns=""http://schemas.microsoft.com/win/2004/08/events/event"">
    <System>
      <Provider Name=""Microsoft-Windows-Sysmon"" Guid=""{5770385f-c22a-43e0-bf4c-06f5698ffbd9}""/>
      <EventID>1</EventID>
      <Version>5</Version>
      <Level>4</Level>
      <Task>1</Task>
      <Opcode>0</Opcode>
      <Keywords>0x8000000000000000</Keywords>
      <TimeCreated SystemTime=""2023-12-28T10:02:17.5990076Z""/>
      <EventRecordID>9507</EventRecordID>
      <Correlation/>
      <Execution ProcessID=""7044"" ThreadID=""6672""/>
      <Channel>Microsoft-Windows-Sysmon/Operational</Channel>
      <Computer>WinDev2309Eval</Computer>
      <Security UserID=""S-1-5-18""/>
    </System>
    <EventData>
      <Data Name=""RuleName"">-</Data>
      <Data Name=""UtcTime"">2023-12-28 10:02:17.598</Data>
      <Data Name=""ProcessGuid"">{fda94052-47a9-658d-9802-000000000b00}</Data>
      <Data Name=""ProcessId"">2884</Data>
      <Data Name=""Image"">C:\Windows\System32\WindowsPowerShell\v1.0\powershell.exe</Data>
      <Data Name=""FileVersion"">10.0.22621.2215 (WinBuild.160101.0800)</Data>
      <Data Name=""Description"">Windows PowerShell</Data>
      <Data Name=""Product"">Microsoft&#174; Windows&#174; Operating System</Data>
      <Data Name=""Company"">Microsoft Corporation</Data>
      <Data Name=""OriginalFileName"">PowerShell.EXE</Data>
      <Data Name=""CommandLine"">""powershell.exe"" &amp; {$excludedExts= \"""".exe\""""
Add-MpPreference -ExclusionExtension  $excludedExts}</Data>
      <Data Name=""CurrentDirectory"">C:\Users\User\AppData\Local\Temp\</Data>
      <Data Name=""User"">WINDEV2309EVAL\User</Data>
      <Data Name=""LogonGuid"">{fda94052-3502-658d-b367-080000000000}</Data>
      <Data Name=""LogonId"">0x867b3</Data>
      <Data Name=""TerminalSessionId"">1</Data>
      <Data Name=""IntegrityLevel"">Medium</Data>
      <Data Name=""Hashes"">MD5=824B9F337E68DD8C117595071AC11E23,SHA256=17083405E7DECB3DDEF837C2FA599293A4E8133736969DFD5CE92EF15608A587,IMPHASH=51B0FFFA02CA6C1B85189E2E6C139F36</Data>
      <Data Name=""ParentProcessGuid"">{fda94052-b87a-658c-2702-000000000b00}</Data>
      <Data Name=""ParentProcessId"">5076</Data>
      <Data Name=""ParentImage"">C:\Windows\System32\WindowsPowerShell\v1.0\powershell.exe</Data>
      <Data Name=""ParentCommandLine"">""C:\Windows\System32\WindowsPowerShell\v1.0\powershell.exe"" -exec bypass</Data>
      <Data Name=""ParentUser"">WINDEV2309EVAL\User</Data>
    </EventData>
    <RenderingInfo Culture=""en-US"">
      <Message>Process Create:

RuleName: -

UtcTime: 2023-12-28 10:02:17.598

ProcessGuid: {fda94052-47a9-658d-9802-000000000b00}

ProcessId: 2884

Image: C:\Windows\System32\WindowsPowerShell\v1.0\powershell.exe

FileVersion: 10.0.22621.2215 (WinBuild.160101.0800)

Description: Windows PowerShell

Product: Microsoft&#174; Windows&#174; Operating System

Company: Microsoft Corporation

OriginalFileName: PowerShell.EXE

CommandLine: ""powershell.exe"" &amp; {$excludedExts= \"""".exe\""""
Add-MpPreference -ExclusionExtension  $excludedExts}

CurrentDirectory: C:\Users\User\AppData\Local\Temp\

User: WINDEV2309EVAL\User

LogonGuid: {fda94052-3502-658d-b367-080000000000}

LogonId: 0x867B3

TerminalSessionId: 1

IntegrityLevel: Medium

Hashes: MD5=824B9F337E68DD8C117595071AC11E23,SHA256=17083405E7DECB3DDEF837C2FA599293A4E8133736969DFD5CE92EF15608A587,IMPHASH=51B0FFFA02CA6C1B85189E2E6C139F36

ParentProcessGuid: {fda94052-b87a-658c-2702-000000000b00}

ParentProcessId: 5076

ParentImage: C:\Windows\System32\WindowsPowerShell\v1.0\powershell.exe

ParentCommandLine: ""C:\Windows\System32\WindowsPowerShell\v1.0\powershell.exe"" -exec bypass

ParentUser: WINDEV2309EVAL\User</Message>
      <Level>Information</Level>
      <Task>Process Create (rule: ProcessCreate)</Task>
      <Opcode>Info</Opcode>
    </RenderingInfo>
  </Event>
  
"
Microsoft-Windows-Sysmon/Operational,consent.exe 7068 444 00000249510B2550,Microsoft Corporation,WinDev2309Eval,,C:\Windows\system32\,Consent UI for administrative applications,,,,,,,1,9506,,10.0.22621.2070 (WinBuild.160101.0800),"MD5=04236290F783C1B3A4D8B417BF6244A0,SHA256=DEDEC4ACEC0895F5A7622ADCB29C359F8855723653FE906C279565A01B7F2AC6,IMPHASH=5D0C875DBD930A73D5A983016E384930",C:\Windows\System32\consent.exe,,System,0x8000000000000000,Information,{fda94052-34eb-658d-e703-000000000000},0x3e7,"Process Create:

RuleName: -

UtcTime: 2023-12-28 10:02:17.095

ProcessGuid: {fda94052-47a9-658d-9702-000000000b00}

ProcessId: 3064

Image: C:\Windows\System32\consent.exe

FileVersion: 10.0.22621.2070 (WinBuild.160101.0800)

Description: Consent UI for administrative applications

Product: Microsoft® Windows® Operating System

Company: Microsoft Corporation

OriginalFileName: consent.exe

CommandLine: consent.exe 7068 444 00000249510B2550

CurrentDirectory: C:\Windows\system32\

User: NT AUTHORITY\SYSTEM

LogonGuid: {fda94052-34eb-658d-e703-000000000000}

LogonId: 0x3E7

TerminalSessionId: 1

IntegrityLevel: System

Hashes: MD5=04236290F783C1B3A4D8B417BF6244A0,SHA256=DEDEC4ACEC0895F5A7622ADCB29C359F8855723653FE906C279565A01B7F2AC6,IMPHASH=5D0C875DBD930A73D5A983016E384930

ParentProcessGuid: {fda94052-b676-658c-ae00-000000000b00}

ParentProcessId: 7068

ParentImage: C:\Windows\System32\svchost.exe

ParentCommandLine: C:\Windows\system32\svchost.exe -k netsvcs -p -s Appinfo

ParentUser: NT AUTHORITY\SYSTEM",Info,consent.exe,C:\Windows\system32\svchost.exe -k netsvcs -p -s Appinfo,C:\Windows\System32\svchost.exe,{fda94052-b676-658c-ae00-000000000b00},7068,NT AUTHORITY\SYSTEM,{fda94052-47a9-658d-9702-000000000b00},7044,3064,Microsoft® Windows® Operating System,,,,,"
      ",-,,,,,,2023-12-28T10:02:17.0972441Z,,,Process Create (rule: ProcessCreate),1,6672,NT AUTHORITY\SYSTEM,S-1-5-18,2023-12-28 10:02:17.095,5,"<Event xmlns=""http://schemas.microsoft.com/win/2004/08/events/event"">
    <System>
      <Provider Name=""Microsoft-Windows-Sysmon"" Guid=""{5770385f-c22a-43e0-bf4c-06f5698ffbd9}""/>
      <EventID>1</EventID>
      <Version>5</Version>
      <Level>4</Level>
      <Task>1</Task>
      <Opcode>0</Opcode>
      <Keywords>0x8000000000000000</Keywords>
      <TimeCreated SystemTime=""2023-12-28T10:02:17.0972441Z""/>
      <EventRecordID>9506</EventRecordID>
      <Correlation/>
      <Execution ProcessID=""7044"" ThreadID=""6672""/>
      <Channel>Microsoft-Windows-Sysmon/Operational</Channel>
      <Computer>WinDev2309Eval</Computer>
      <Security UserID=""S-1-5-18""/>
    </System>
    <EventData>
      <Data Name=""RuleName"">-</Data>
      <Data Name=""UtcTime"">2023-12-28 10:02:17.095</Data>
      <Data Name=""ProcessGuid"">{fda94052-47a9-658d-9702-000000000b00}</Data>
      <Data Name=""ProcessId"">3064</Data>
      <Data Name=""Image"">C:\Windows\System32\consent.exe</Data>
      <Data Name=""FileVersion"">10.0.22621.2070 (WinBuild.160101.0800)</Data>
      <Data Name=""Description"">Consent UI for administrative applications</Data>
      <Data Name=""Product"">Microsoft&#174; Windows&#174; Operating System</Data>
      <Data Name=""Company"">Microsoft Corporation</Data>
      <Data Name=""OriginalFileName"">consent.exe</Data>
      <Data Name=""CommandLine"">consent.exe 7068 444 00000249510B2550</Data>
      <Data Name=""CurrentDirectory"">C:\Windows\system32\</Data>
      <Data Name=""User"">NT AUTHORITY\SYSTEM</Data>
      <Data Name=""LogonGuid"">{fda94052-34eb-658d-e703-000000000000}</Data>
      <Data Name=""LogonId"">0x3e7</Data>
      <Data Name=""TerminalSessionId"">1</Data>
      <Data Name=""IntegrityLevel"">System</Data>
      <Data Name=""Hashes"">MD5=04236290F783C1B3A4D8B417BF6244A0,SHA256=DEDEC4ACEC0895F5A7622ADCB29C359F8855723653FE906C279565A01B7F2AC6,IMPHASH=5D0C875DBD930A73D5A983016E384930</Data>
      <Data Name=""ParentProcessGuid"">{fda94052-b676-658c-ae00-000000000b00}</Data>
      <Data Name=""ParentProcessId"">7068</Data>
      <Data Name=""ParentImage"">C:\Windows\System32\svchost.exe</Data>
      <Data Name=""ParentCommandLine"">C:\Windows\system32\svchost.exe -k netsvcs -p -s Appinfo</Data>
      <Data Name=""ParentUser"">NT AUTHORITY\SYSTEM</Data>
    </EventData>
    <RenderingInfo Culture=""en-US"">
      <Message>Process Create:

RuleName: -

UtcTime: 2023-12-28 10:02:17.095

ProcessGuid: {fda94052-47a9-658d-9702-000000000b00}

ProcessId: 3064

Image: C:\Windows\System32\consent.exe

FileVersion: 10.0.22621.2070 (WinBuild.160101.0800)

Description: Consent UI for administrative applications

Product: Microsoft&#174; Windows&#174; Operating System

Company: Microsoft Corporation

OriginalFileName: consent.exe

CommandLine: consent.exe 7068 444 00000249510B2550

CurrentDirectory: C:\Windows\system32\

User: NT AUTHORITY\SYSTEM

LogonGuid: {fda94052-34eb-658d-e703-000000000000}

LogonId: 0x3E7

TerminalSessionId: 1

IntegrityLevel: System

Hashes: MD5=04236290F783C1B3A4D8B417BF6244A0,SHA256=DEDEC4ACEC0895F5A7622ADCB29C359F8855723653FE906C279565A01B7F2AC6,IMPHASH=5D0C875DBD930A73D5A983016E384930

ParentProcessGuid: {fda94052-b676-658c-ae00-000000000b00}

ParentProcessId: 7068

ParentImage: C:\Windows\System32\svchost.exe

ParentCommandLine: C:\Windows\system32\svchost.exe -k netsvcs -p -s Appinfo

ParentUser: NT AUTHORITY\SYSTEM</Message>
      <Level>Information</Level>
      <Task>Process Create (rule: ProcessCreate)</Task>
      <Opcode>Info</Opcode>
    </RenderingInfo>
  </Event>
  
"
Microsoft-Windows-Sysmon/Operational,,,WinDev2309Eval,2023-12-28 10:02:15.020,,,,,,,,,11,9505,,,,C:\Windows\System32\WindowsPowerShell\v1.0\powershell.exe,,,0x8000000000000000,Information,,,"File created:

RuleName: -

UtcTime: 2023-12-28 10:02:15.020

ProcessGuid: {fda94052-47a6-658d-9502-000000000b00}

ProcessId: 6564

Image: C:\Windows\System32\WindowsPowerShell\v1.0\powershell.exe

TargetFilename: C:\Users\User\AppData\Local\Temp\__PSScriptPolicyTest_0gqerrwh.rof.ps1

CreationUtcTime: 2023-12-28 10:02:15.020

User: WINDEV2309EVAL\User",Info,,,,,,,{fda94052-47a6-658d-9502-000000000b00},7044,6564,,,,,,"
      ",-,,,,,,2023-12-28T10:02:15.0244151Z,C:\Users\User\AppData\Local\Temp\__PSScriptPolicyTest_0gqerrwh.rof.ps1,,File created (rule: FileCreate),,6672,WINDEV2309EVAL\User,S-1-5-18,2023-12-28 10:02:15.020,2,"<Event xmlns=""http://schemas.microsoft.com/win/2004/08/events/event"">
    <System>
      <Provider Name=""Microsoft-Windows-Sysmon"" Guid=""{5770385f-c22a-43e0-bf4c-06f5698ffbd9}""/>
      <EventID>11</EventID>
      <Version>2</Version>
      <Level>4</Level>
      <Task>11</Task>
      <Opcode>0</Opcode>
      <Keywords>0x8000000000000000</Keywords>
      <TimeCreated SystemTime=""2023-12-28T10:02:15.0244151Z""/>
      <EventRecordID>9505</EventRecordID>
      <Correlation/>
      <Execution ProcessID=""7044"" ThreadID=""6672""/>
      <Channel>Microsoft-Windows-Sysmon/Operational</Channel>
      <Computer>WinDev2309Eval</Computer>
      <Security UserID=""S-1-5-18""/>
    </System>
    <EventData>
      <Data Name=""RuleName"">-</Data>
      <Data Name=""UtcTime"">2023-12-28 10:02:15.020</Data>
      <Data Name=""ProcessGuid"">{fda94052-47a6-658d-9502-000000000b00}</Data>
      <Data Name=""ProcessId"">6564</Data>
      <Data Name=""Image"">C:\Windows\System32\WindowsPowerShell\v1.0\powershell.exe</Data>
      <Data Name=""TargetFilename"">C:\Users\User\AppData\Local\Temp\__PSScriptPolicyTest_0gqerrwh.rof.ps1</Data>
      <Data Name=""CreationUtcTime"">2023-12-28 10:02:15.020</Data>
      <Data Name=""User"">WINDEV2309EVAL\User</Data>
    </EventData>
    <RenderingInfo Culture=""en-US"">
      <Message>File created:

RuleName: -

UtcTime: 2023-12-28 10:02:15.020

ProcessGuid: {fda94052-47a6-658d-9502-000000000b00}

ProcessId: 6564

Image: C:\Windows\System32\WindowsPowerShell\v1.0\powershell.exe

TargetFilename: C:\Users\User\AppData\Local\Temp\__PSScriptPolicyTest_0gqerrwh.rof.ps1

CreationUtcTime: 2023-12-28 10:02:15.020

User: WINDEV2309EVAL\User</Message>
      <Level>Information</Level>
      <Task>File created (rule: FileCreate)</Task>
      <Opcode>Info</Opcode>
    </RenderingInfo>
  </Event>
  
"
