Channel,CommandLine,Company,Computer,CreationUtcTime,CurrentDirectory,Description,Event,EventID,EventRecordID,FileVersion,Hashes,Image,IntegrityLevel,Keywords,Level,LogonGuid,LogonId,Message,Opcode,OriginalFileName,ParentCommandLine,ParentImage,ParentProcessGuid,ParentProcessId,ParentUser,ProcessGuid,ProcessID,ProcessId,Product,QueryName,QueryResults,QueryStatus,RenderingInfo,RuleName,SystemTime,TargetFilename,Task,TerminalSessionId,ThreadID,User,UserID,UtcTime,Version,raw
Microsoft-Windows-Sysmon/Operational,\\?\C:\Windows\System32\SecurityHealth\1.0.2306.10002-0\SecurityHealthHost.exe {08728914-3F57-4D52-9E31-49DAECA5A80A} -Embedding,Microsoft Corporation,WinDev2309Eval,,C:\Windows\system32\,Windows Security Health Host,,1,9487,10.0.25873.1001 (WinBuild.160101.0800),"MD5=193DC58240D8AC4EC1618FFAE14CAE71,SHA256=8D771C8A91614B85416B3EB328460E80183B38F2DC35C7A26578206AF145F419,IMPHASH=FBC9E5DE00516A75FFF7C4A11857FB1D",C:\Windows\System32\SecurityHealth\1.0.2306.10002-0\SecurityHealthHost.exe,Medium,0x8000000000000000,Information,{fda94052-3502-658d-b367-080000000000},0x867b3,"Process Create:
RuleName: -
UtcTime: 2023-12-28 10:25:56.007
ProcessGuid: {fda94052-4d34-658d-8702-000000000b00}
ProcessId: 9856
Image: C:\Windows\System32\SecurityHealth\1.0.2306.10002-0\SecurityHealthHost.exe
FileVersion: 10.0.25873.1001 (WinBuild.160101.0800)
Description: Windows Security Health Host
Product: Microsoft® Windows® Operating System
Company: Microsoft Corporation
OriginalFileName: SecurityHealthHost.exe
CommandLine: \\?\C:\Windows\System32\SecurityHealth\1.0.2306.10002-0\SecurityHealthHost.exe {08728914-3F57-4D52-9E31-49DAECA5A80A} -Embedding
CurrentDirectory: C:\Windows\system32\
User: WINDEV2309EVAL\User
LogonGuid: {fda94052-3502-658d-b367-080000000000}
LogonId: 0x867B3
TerminalSessionId: 1
IntegrityLevel: Medium
Hashes: MD5=193DC58240D8AC4EC1618FFAE14CAE71,SHA256=8D771C8A91614B85416B3EB328460E80183B38F2DC35C7A26578206AF145F419,IMPHASH=FBC9E5DE00516A75FFF7C4A11857FB1D
ParentProcessGuid: {00000000-0000-0000-0000-000000000000}
ParentProcessId: 932
ParentImage: -
ParentCommandLine: -
ParentUser: -",Info,SecurityHealthHost.exe,-,-,{00000000-0000-0000-0000-000000000000},932,-,{fda94052-4d34-658d-8702-000000000b00},7044,9856,Microsoft® Windows® Operating System,,,,,-,2023-12-28T10:25:56.0090269Z,,Process Create (rule: ProcessCreate),1,6672,WINDEV2309EVAL\User,S-1-5-18,2023-12-28 10:25:56.007,5,"<Event xmlns=""http://schemas.microsoft.com/win/2004/08/events/event"">
  <System>
    <Provider Name=""Microsoft-Windows-Sysmon"" Guid=""{5770385f-c22a-43e0-bf4c-06f5698ffbd9}""/>
    <EventID>1</EventID>
    <Version>5</Version>
    <Level>4</Level>
    <Task>1</Task>
    <Opcode>0</Opcode>
    <Keywords>0x8000000000000000</Keywords>
    <TimeCreated SystemTime=""2023-12-28T10:25:56.0090269Z""/>
    <EventRecordID>9487</EventRecordID>
    <Correlation/>
    <Execution ProcessID=""7044"" ThreadID=""6672""/>
    <Channel>Microsoft-Windows-Sysmon/Operational</Channel>
    <Computer>WinDev2309Eval</Computer>
    <Security UserID=""S-1-5-18""/>
  </System>
  <EventData>
    <Data Name=""RuleName"">-</Data>
    <Data Name=""UtcTime"">2023-12-28 10:25:56.007</Data>
    <Data Name=""ProcessGuid"">{fda94052-4d34-658d-8702-000000000b00}</Data>
    <Data Name=""ProcessId"">9856</Data>
    <Data Name=""Image"">C:\Windows\System32\SecurityHealth\1.0.2306.10002-0\SecurityHealthHost.exe</Data>
    <Data Name=""FileVersion"">10.0.25873.1001 (WinBuild.160101.0800)</Data>
    <Data Name=""Description"">Windows Security Health Host</Data>
    <Data Name=""Product"">Microsoft&#174; Windows&#174; Operating System</Data>
    <Data Name=""Company"">Microsoft Corporation</Data>
    <Data Name=""OriginalFileName"">SecurityHealthHost.exe</Data>
    <Data Name=""CommandLine"">\\?\C:\Windows\System32\SecurityHealth\1.0.2306.10002-0\SecurityHealthHost.exe {08728914-3F57-4D52-9E31-49DAECA5A80A} -Embedding</Data>
    <Data Name=""CurrentDirectory"">C:\Windows\system32\</Data>
    <Data Name=""User"">WINDEV2309EVAL\User</Data>
    <Data Name=""LogonGuid"">{fda94052-3502-658d-b367-080000000000}</Data>
    <Data Name=""LogonId"">0x867b3</Data>
    <Data Name=""TerminalSessionId"">1</Data>
    <Data Name=""IntegrityLevel"">Medium</Data>
    <Data Name=""Hashes"">MD5=193DC58240D8AC4EC1618FFAE14CAE71,SHA256=8D771C8A91614B85416B3EB328460E80183B38F2DC35C7A26578206AF145F419,IMPHASH=FBC9E5DE00516A75FFF7C4A11857FB1D</Data>
    <Data Name=""ParentProcessGuid"">{00000000-0000-0000-0000-000000000000}</Data>
    <Data Name=""ParentProcessId"">932</Data>
    <Data Name=""ParentImage"">-</Data>
    <Data Name=""ParentCommandLine"">-</Data>
    <Data Name=""ParentUser"">-</Data>
  </EventData>
  <RenderingInfo Culture=""en-US"">
    <Message>Process Create:&#13;
RuleName: -&#13;
UtcTime: 2023-12-28 10:25:56.007&#13;
ProcessGuid: {fda94052-4d34-658d-8702-000000000b00}&#13;
ProcessId: 9856&#13;
Image: C:\Windows\System32\SecurityHealth\1.0.2306.10002-0\SecurityHealthHost.exe&#13;
FileVersion: 10.0.25873.1001 (WinBuild.160101.0800)&#13;
Description: Windows Security Health Host&#13;
Product: Microsoft&#174; Windows&#174; Operating System&#13;
Company: Microsoft Corporation&#13;
OriginalFileName: SecurityHealthHost.exe&#13;
CommandLine: \\?\C:\Windows\System32\SecurityHealth\1.0.2306.10002-0\SecurityHealthHost.exe {08728914-3F57-4D52-9E31-49DAECA5A80A} -Embedding&#13;
CurrentDirectory: C:\Windows\system32\&#13;
User: WINDEV2309EVAL\User&#13;
LogonGuid: {fda94052-3502-658d-b367-080000000000}&#13;
LogonId: 0x867B3&#13;
TerminalSessionId: 1&#13;
IntegrityLevel: Medium&#13;
Hashes: MD5=193DC58240D8AC4EC1618FFAE14CAE71,SHA256=8D771C8A91614B85416B3EB328460E80183B38F2DC35C7A26578206AF145F419,IMPHASH=FBC9E5DE00516A75FFF7C4A11857FB1D&#13;
ParentProcessGuid: {00000000-0000-0000-0000-000000000000}&#13;
ParentProcessId: 932&#13;
ParentImage: -&#13;
ParentCommandLine: -&#13;
ParentUser: -</Message>
    <Level>Information</Level>
    <Task>Process Create (rule: ProcessCreate)</Task>
    <Opcode>Info</Opcode>
  </RenderingInfo>
</Event>
"
Microsoft-Windows-Sysmon/Operational,taskhostw.exe -RegisterDevice -ProtectionStateChanged -FreeNetworkOnly,Microsoft Corporation,WinDev2309Eval,,C:\Windows\system32\,Host Process for Windows Tasks,,1,9486,10.0.22621.1635 (WinBuild.160101.0800),"MD5=4887A65FD4F6598AF4986CBC1C0E5488,SHA256=82472A84BCBB4009ADD338200F8E853FE4C5EAFE2E2C3A2D711B85BF29B72D54,IMPHASH=1C4E2D9936E4D9F2490B08AAB4D24260",C:\Windows\System32\taskhostw.exe,System,0x8000000000000000,Information,{fda94052-34eb-658d-e703-000000000000},0x3e7,"Process Create:
RuleName: -
UtcTime: 2023-12-28 10:25:55.988
ProcessGuid: {fda94052-4d33-658d-8602-000000000b00}
ProcessId: 5456
Image: C:\Windows\System32\taskhostw.exe
FileVersion: 10.0.22621.1635 (WinBuild.160101.0800)
Description: Host Process for Windows Tasks
Product: Microsoft® Windows® Operating System
Company: Microsoft Corporation
OriginalFileName: taskhostw.exe
CommandLine: taskhostw.exe -RegisterDevice -ProtectionStateChanged -FreeNetworkOnly
CurrentDirectory: C:\Windows\system32\
User: NT AUTHORITY\SYSTEM
LogonGuid: {fda94052-34eb-658d-e703-000000000000}
LogonId: 0x3E7
TerminalSessionId: 0
IntegrityLevel: System
Hashes: MD5=4887A65FD4F6598AF4986CBC1C0E5488,SHA256=82472A84BCBB4009ADD338200F8E853FE4C5EAFE2E2C3A2D711B85BF29B72D54,IMPHASH=1C4E2D9936E4D9F2490B08AAB4D24260
ParentProcessGuid: {00000000-0000-0000-0000-000000000000}
ParentProcessId: 1900
ParentImage: -
ParentCommandLine: -
ParentUser: -",Info,taskhostw.exe,-,-,{00000000-0000-0000-0000-000000000000},1900,-,{fda94052-4d33-658d-8602-000000000b00},7044,5456,Microsoft® Windows® Operating System,,,,,-,2023-12-28T10:25:55.9893684Z,,Process Create (rule: ProcessCreate),0,6672,NT AUTHORITY\SYSTEM,S-1-5-18,2023-12-28 10:25:55.988,5,"<Event xmlns=""http://schemas.microsoft.com/win/2004/08/events/event"">
  <System>
    <Provider Name=""Microsoft-Windows-Sysmon"" Guid=""{5770385f-c22a-43e0-bf4c-06f5698ffbd9}""/>
    <EventID>1</EventID>
    <Version>5</Version>
    <Level>4</Level>
    <Task>1</Task>
    <Opcode>0</Opcode>
    <Keywords>0x8000000000000000</Keywords>
    <TimeCreated SystemTime=""2023-12-28T10:25:55.9893684Z""/>
    <EventRecordID>9486</EventRecordID>
    <Correlation/>
    <Execution ProcessID=""7044"" ThreadID=""6672""/>
    <Channel>Microsoft-Windows-Sysmon/Operational</Channel>
    <Computer>WinDev2309Eval</Computer>
    <Security UserID=""S-1-5-18""/>
  </System>
  <EventData>
    <Data Name=""RuleName"">-</Data>
    <Data Name=""UtcTime"">2023-12-28 10:25:55.988</Data>
    <Data Name=""ProcessGuid"">{fda94052-4d33-658d-8602-000000000b00}</Data>
    <Data Name=""ProcessId"">5456</Data>
    <Data Name=""Image"">C:\Windows\System32\taskhostw.exe</Data>
    <Data Name=""FileVersion"">10.0.22621.1635 (WinBuild.160101.0800)</Data>
    <Data Name=""Description"">Host Process for Windows Tasks</Data>
    <Data Name=""Product"">Microsoft&#174; Windows&#174; Operating System</Data>
    <Data Name=""Company"">Microsoft Corporation</Data>
    <Data Name=""OriginalFileName"">taskhostw.exe</Data>
    <Data Name=""CommandLine"">taskhostw.exe -RegisterDevice -ProtectionStateChanged -FreeNetworkOnly</Data>
    <Data Name=""CurrentDirectory"">C:\Windows\system32\</Data>
    <Data Name=""User"">NT AUTHORITY\SYSTEM</Data>
    <Data Name=""LogonGuid"">{fda94052-34eb-658d-e703-000000000000}</Data>
    <Data Name=""LogonId"">0x3e7</Data>
    <Data Name=""TerminalSessionId"">0</Data>
    <Data Name=""IntegrityLevel"">System</Data>
    <Data Name=""Hashes"">MD5=4887A65FD4F6598AF4986CBC1C0E5488,SHA256=82472A84BCBB4009ADD338200F8E853FE4C5EAFE2E2C3A2D711B85BF29B72D54,IMPHASH=1C4E2D9936E4D9F2490B08AAB4D24260</Data>
    <Data Name=""ParentProcessGuid"">{00000000-0000-0000-0000-000000000000}</Data>
    <Data Name=""ParentProcessId"">1900</Data>
    <Data Name=""ParentImage"">-</Data>
    <Data Name=""ParentCommandLine"">-</Data>
    <Data Name=""ParentUser"">-</Data>
  </EventData>
  <RenderingInfo Culture=""en-US"">
    <Message>Process Create:&#13;
RuleName: -&#13;
UtcTime: 2023-12-28 10:25:55.988&#13;
ProcessGuid: {fda94052-4d33-658d-8602-000000000b00}&#13;
ProcessId: 5456&#13;
Image: C:\Windows\System32\taskhostw.exe&#13;
FileVersion: 10.0.22621.1635 (WinBuild.160101.0800)&#13;
Description: Host Process for Windows Tasks&#13;
Product: Microsoft&#174; Windows&#174; Operating System&#13;
Company: Microsoft Corporation&#13;
OriginalFileName: taskhostw.exe&#13;
CommandLine: taskhostw.exe -RegisterDevice -ProtectionStateChanged -FreeNetworkOnly&#13;
CurrentDirectory: C:\Windows\system32\&#13;
User: NT AUTHORITY\SYSTEM&#13;
LogonGuid: {fda94052-34eb-658d-e703-000000000000}&#13;
LogonId: 0x3E7&#13;
TerminalSessionId: 0&#13;
IntegrityLevel: System&#13;
Hashes: MD5=4887A65FD4F6598AF4986CBC1C0E5488,SHA256=82472A84BCBB4009ADD338200F8E853FE4C5EAFE2E2C3A2D711B85BF29B72D54,IMPHASH=1C4E2D9936E4D9F2490B08AAB4D24260&#13;
ParentProcessGuid: {00000000-0000-0000-0000-000000000000}&#13;
ParentProcessId: 1900&#13;
ParentImage: -&#13;
ParentCommandLine: -&#13;
ParentUser: -</Message>
    <Level>Information</Level>
    <Task>Process Create (rule: ProcessCreate)</Task>
    <Opcode>Info</Opcode>
  </RenderingInfo>
</Event>
"
Microsoft-Windows-Sysmon/Operational,,,WinDev2309Eval,,,,,22,9485,,,C:\Windows\system32\svchost.exe,,0x8000000000000000,Information,,,"Dns query:
RuleName: -
UtcTime: 2023-12-27 23:54:39.891
ProcessGuid: {fda94052-34f2-658d-3f00-000000000b00}
ProcessId: 2948
QueryName: wpad
QueryStatus: 1460
QueryResults: -
Image: C:\Windows\system32\svchost.exe
User: NT AUTHORITY\LOCAL SERVICE",Info,,,,,,,{fda94052-34f2-658d-3f00-000000000b00},7044,2948,,wpad,-,1460,,-,2023-12-28T10:25:48.1246892Z,,Dns query (rule: DnsQuery),,1124,NT AUTHORITY\LOCAL SERVICE,S-1-5-18,2023-12-27 23:54:39.891,5,"<Event xmlns=""http://schemas.microsoft.com/win/2004/08/events/event"">
  <System>
    <Provider Name=""Microsoft-Windows-Sysmon"" Guid=""{5770385f-c22a-43e0-bf4c-06f5698ffbd9}""/>
    <EventID>22</EventID>
    <Version>5</Version>
    <Level>4</Level>
    <Task>22</Task>
    <Opcode>0</Opcode>
    <Keywords>0x8000000000000000</Keywords>
    <TimeCreated SystemTime=""2023-12-28T10:25:48.1246892Z""/>
    <EventRecordID>9485</EventRecordID>
    <Correlation/>
    <Execution ProcessID=""7044"" ThreadID=""1124""/>
    <Channel>Microsoft-Windows-Sysmon/Operational</Channel>
    <Computer>WinDev2309Eval</Computer>
    <Security UserID=""S-1-5-18""/>
  </System>
  <EventData>
    <Data Name=""RuleName"">-</Data>
    <Data Name=""UtcTime"">2023-12-27 23:54:39.891</Data>
    <Data Name=""ProcessGuid"">{fda94052-34f2-658d-3f00-000000000b00}</Data>
    <Data Name=""ProcessId"">2948</Data>
    <Data Name=""QueryName"">wpad</Data>
    <Data Name=""QueryStatus"">1460</Data>
    <Data Name=""QueryResults"">-</Data>
    <Data Name=""Image"">C:\Windows\system32\svchost.exe</Data>
    <Data Name=""User"">NT AUTHORITY\LOCAL SERVICE</Data>
  </EventData>
  <RenderingInfo Culture=""en-US"">
    <Message>Dns query:&#13;
RuleName: -&#13;
UtcTime: 2023-12-27 23:54:39.891&#13;
ProcessGuid: {fda94052-34f2-658d-3f00-000000000b00}&#13;
ProcessId: 2948&#13;
QueryName: wpad&#13;
QueryStatus: 1460&#13;
QueryResults: -&#13;
Image: C:\Windows\system32\svchost.exe&#13;
User: NT AUTHORITY\LOCAL SERVICE</Message>
    <Level>Information</Level>
    <Task>Dns query (rule: DnsQuery)</Task>
    <Opcode>Info</Opcode>
  </RenderingInfo>
</Event>
"
Microsoft-Windows-Sysmon/Operational,"sc.exe  create ""WerFaultSvc"" binPath= ""$env:windir\WinSxS\x86_microsoft-windows-errorreportingfaults_31bf3856ad364e35_4.0.9600.16384_none_a13f7e283339a050\WerFault.exe"" DisplayName= ""WerFault Service"" start= auto",Microsoft Corporation,WinDev2309Eval,,C:\Users\User\AppData\Local\Temp\,Service Control Manager Configuration Tool,,1,9484,10.0.22621.1 (WinBuild.160101.0800),"MD5=FF2A4319FA5531F0D7B98DBBA9ABBD4A,SHA256=67CBE3A7B9C9B7A2E9FB10A33C1A9A3FD297B6F1598AEA374BD9B5D2DEE352EC,IMPHASH=42DADBD60BBC453DD1773FDC089E19B7",C:\Windows\System32\sc.exe,Medium,0x8000000000000000,Information,{fda94052-3502-658d-b367-080000000000},0x867b3,"Process Create:
RuleName: -
UtcTime: 2023-12-28 10:25:44.365
ProcessGuid: {fda94052-4d28-658d-8402-000000000b00}
ProcessId: 876
Image: C:\Windows\System32\sc.exe
FileVersion: 10.0.22621.1 (WinBuild.160101.0800)
Description: Service Control Manager Configuration Tool
Product: Microsoft® Windows® Operating System
Company: Microsoft Corporation
OriginalFileName: sc.exe
CommandLine: sc.exe  create ""WerFaultSvc"" binPath= ""$env:windir\WinSxS\x86_microsoft-windows-errorreportingfaults_31bf3856ad364e35_4.0.9600.16384_none_a13f7e283339a050\WerFault.exe"" DisplayName= ""WerFault Service"" start= auto
CurrentDirectory: C:\Users\User\AppData\Local\Temp\
User: WINDEV2309EVAL\User
LogonGuid: {fda94052-3502-658d-b367-080000000000}
LogonId: 0x867B3
TerminalSessionId: 1
IntegrityLevel: Medium
Hashes: MD5=FF2A4319FA5531F0D7B98DBBA9ABBD4A,SHA256=67CBE3A7B9C9B7A2E9FB10A33C1A9A3FD297B6F1598AEA374BD9B5D2DEE352EC,IMPHASH=42DADBD60BBC453DD1773FDC089E19B7
ParentProcessGuid: {fda94052-4d28-658d-8202-000000000b00}
ParentProcessId: 6788
ParentImage: C:\Windows\System32\cmd.exe
ParentCommandLine: ""cmd.exe"" /c sc.exe create ""WerFaultSvc"" binPath= ""$env:windir\WinSxS\x86_microsoft-windows-errorreportingfaults_31bf3856ad364e35_4.0.9600.16384_none_a13f7e283339a050\WerFault.exe"" DisplayName= ""WerFault Service"" start= auto
ParentUser: WINDEV2309EVAL\User",Info,sc.exe,"""cmd.exe"" /c sc.exe create ""WerFaultSvc"" binPath= ""$env:windir\WinSxS\x86_microsoft-windows-errorreportingfaults_31bf3856ad364e35_4.0.9600.16384_none_a13f7e283339a050\WerFault.exe"" DisplayName= ""WerFault Service"" start= auto",C:\Windows\System32\cmd.exe,{fda94052-4d28-658d-8202-000000000b00},6788,WINDEV2309EVAL\User,{fda94052-4d28-658d-8402-000000000b00},7044,876,Microsoft® Windows® Operating System,,,,,-,2023-12-28T10:25:44.3660530Z,,Process Create (rule: ProcessCreate),1,6672,WINDEV2309EVAL\User,S-1-5-18,2023-12-28 10:25:44.365,5,"<Event xmlns=""http://schemas.microsoft.com/win/2004/08/events/event"">
  <System>
    <Provider Name=""Microsoft-Windows-Sysmon"" Guid=""{5770385f-c22a-43e0-bf4c-06f5698ffbd9}""/>
    <EventID>1</EventID>
    <Version>5</Version>
    <Level>4</Level>
    <Task>1</Task>
    <Opcode>0</Opcode>
    <Keywords>0x8000000000000000</Keywords>
    <TimeCreated SystemTime=""2023-12-28T10:25:44.3660530Z""/>
    <EventRecordID>9484</EventRecordID>
    <Correlation/>
    <Execution ProcessID=""7044"" ThreadID=""6672""/>
    <Channel>Microsoft-Windows-Sysmon/Operational</Channel>
    <Computer>WinDev2309Eval</Computer>
    <Security UserID=""S-1-5-18""/>
  </System>
  <EventData>
    <Data Name=""RuleName"">-</Data>
    <Data Name=""UtcTime"">2023-12-28 10:25:44.365</Data>
    <Data Name=""ProcessGuid"">{fda94052-4d28-658d-8402-000000000b00}</Data>
    <Data Name=""ProcessId"">876</Data>
    <Data Name=""Image"">C:\Windows\System32\sc.exe</Data>
    <Data Name=""FileVersion"">10.0.22621.1 (WinBuild.160101.0800)</Data>
    <Data Name=""Description"">Service Control Manager Configuration Tool</Data>
    <Data Name=""Product"">Microsoft&#174; Windows&#174; Operating System</Data>
    <Data Name=""Company"">Microsoft Corporation</Data>
    <Data Name=""OriginalFileName"">sc.exe</Data>
    <Data Name=""CommandLine"">sc.exe  create ""WerFaultSvc"" binPath= ""$env:windir\WinSxS\x86_microsoft-windows-errorreportingfaults_31bf3856ad364e35_4.0.9600.16384_none_a13f7e283339a050\WerFault.exe"" DisplayName= ""WerFault Service"" start= auto</Data>
    <Data Name=""CurrentDirectory"">C:\Users\User\AppData\Local\Temp\</Data>
    <Data Name=""User"">WINDEV2309EVAL\User</Data>
    <Data Name=""LogonGuid"">{fda94052-3502-658d-b367-080000000000}</Data>
    <Data Name=""LogonId"">0x867b3</Data>
    <Data Name=""TerminalSessionId"">1</Data>
    <Data Name=""IntegrityLevel"">Medium</Data>
    <Data Name=""Hashes"">MD5=FF2A4319FA5531F0D7B98DBBA9ABBD4A,SHA256=67CBE3A7B9C9B7A2E9FB10A33C1A9A3FD297B6F1598AEA374BD9B5D2DEE352EC,IMPHASH=42DADBD60BBC453DD1773FDC089E19B7</Data>
    <Data Name=""ParentProcessGuid"">{fda94052-4d28-658d-8202-000000000b00}</Data>
    <Data Name=""ParentProcessId"">6788</Data>
    <Data Name=""ParentImage"">C:\Windows\System32\cmd.exe</Data>
    <Data Name=""ParentCommandLine"">""cmd.exe"" /c sc.exe create ""WerFaultSvc"" binPath= ""$env:windir\WinSxS\x86_microsoft-windows-errorreportingfaults_31bf3856ad364e35_4.0.9600.16384_none_a13f7e283339a050\WerFault.exe"" DisplayName= ""WerFault Service"" start= auto</Data>
    <Data Name=""ParentUser"">WINDEV2309EVAL\User</Data>
  </EventData>
  <RenderingInfo Culture=""en-US"">
    <Message>Process Create:&#13;
RuleName: -&#13;
UtcTime: 2023-12-28 10:25:44.365&#13;
ProcessGuid: {fda94052-4d28-658d-8402-000000000b00}&#13;
ProcessId: 876&#13;
Image: C:\Windows\System32\sc.exe&#13;
FileVersion: 10.0.22621.1 (WinBuild.160101.0800)&#13;
Description: Service Control Manager Configuration Tool&#13;
Product: Microsoft&#174; Windows&#174; Operating System&#13;
Company: Microsoft Corporation&#13;
OriginalFileName: sc.exe&#13;
CommandLine: sc.exe  create ""WerFaultSvc"" binPath= ""$env:windir\WinSxS\x86_microsoft-windows-errorreportingfaults_31bf3856ad364e35_4.0.9600.16384_none_a13f7e283339a050\WerFault.exe"" DisplayName= ""WerFault Service"" start= auto&#13;
CurrentDirectory: C:\Users\User\AppData\Local\Temp\&#13;
User: WINDEV2309EVAL\User&#13;
LogonGuid: {fda94052-3502-658d-b367-080000000000}&#13;
LogonId: 0x867B3&#13;
TerminalSessionId: 1&#13;
IntegrityLevel: Medium&#13;
Hashes: MD5=FF2A4319FA5531F0D7B98DBBA9ABBD4A,SHA256=67CBE3A7B9C9B7A2E9FB10A33C1A9A3FD297B6F1598AEA374BD9B5D2DEE352EC,IMPHASH=42DADBD60BBC453DD1773FDC089E19B7&#13;
ParentProcessGuid: {fda94052-4d28-658d-8202-000000000b00}&#13;
ParentProcessId: 6788&#13;
ParentImage: C:\Windows\System32\cmd.exe&#13;
ParentCommandLine: ""cmd.exe"" /c sc.exe create ""WerFaultSvc"" binPath= ""$env:windir\WinSxS\x86_microsoft-windows-errorreportingfaults_31bf3856ad364e35_4.0.9600.16384_none_a13f7e283339a050\WerFault.exe"" DisplayName= ""WerFault Service"" start= auto&#13;
ParentUser: WINDEV2309EVAL\User</Message>
    <Level>Information</Level>
    <Task>Process Create (rule: ProcessCreate)</Task>
    <Opcode>Info</Opcode>
  </RenderingInfo>
</Event>
"
Microsoft-Windows-Sysmon/Operational,"""cmd.exe"" /c sc.exe create ""WerFaultSvc"" binPath= ""$env:windir\WinSxS\x86_microsoft-windows-errorreportingfaults_31bf3856ad364e35_4.0.9600.16384_none_a13f7e283339a050\WerFault.exe"" DisplayName= ""WerFault Service"" start= auto",Microsoft Corporation,WinDev2309Eval,,C:\Users\User\AppData\Local\Temp\,Windows Command Processor,,1,9483,10.0.22621.1635 (WinBuild.160101.0800),"MD5=5A6BE4D2519515241D0C133A26CF62C0,SHA256=423E0E810A69AACEBA0E5670E58AFF898CF0EBFFAB99CCB46EBB3464C3D2FACB,IMPHASH=D73E39DAB3C8B57AA408073D01254964",C:\Windows\System32\cmd.exe,Medium,0x8000000000000000,Information,{fda94052-3502-658d-b367-080000000000},0x867b3,"Process Create:
RuleName: -
UtcTime: 2023-12-28 10:25:44.336
ProcessGuid: {fda94052-4d28-658d-8202-000000000b00}
ProcessId: 6788
Image: C:\Windows\System32\cmd.exe
FileVersion: 10.0.22621.1635 (WinBuild.160101.0800)
Description: Windows Command Processor
Product: Microsoft® Windows® Operating System
Company: Microsoft Corporation
OriginalFileName: Cmd.Exe
CommandLine: ""cmd.exe"" /c sc.exe create ""WerFaultSvc"" binPath= ""$env:windir\WinSxS\x86_microsoft-windows-errorreportingfaults_31bf3856ad364e35_4.0.9600.16384_none_a13f7e283339a050\WerFault.exe"" DisplayName= ""WerFault Service"" start= auto
CurrentDirectory: C:\Users\User\AppData\Local\Temp\
User: WINDEV2309EVAL\User
LogonGuid: {fda94052-3502-658d-b367-080000000000}
LogonId: 0x867B3
TerminalSessionId: 1
IntegrityLevel: Medium
Hashes: MD5=5A6BE4D2519515241D0C133A26CF62C0,SHA256=423E0E810A69AACEBA0E5670E58AFF898CF0EBFFAB99CCB46EBB3464C3D2FACB,IMPHASH=D73E39DAB3C8B57AA408073D01254964
ParentProcessGuid: {fda94052-b87a-658c-2702-000000000b00}
ParentProcessId: 5076
ParentImage: C:\Windows\System32\WindowsPowerShell\v1.0\powershell.exe
ParentCommandLine: ""C:\Windows\System32\WindowsPowerShell\v1.0\powershell.exe"" -exec bypass
ParentUser: WINDEV2309EVAL\User",Info,Cmd.Exe,"""C:\Windows\System32\WindowsPowerShell\v1.0\powershell.exe"" -exec bypass",C:\Windows\System32\WindowsPowerShell\v1.0\powershell.exe,{fda94052-b87a-658c-2702-000000000b00},5076,WINDEV2309EVAL\User,{fda94052-4d28-658d-8202-000000000b00},7044,6788,Microsoft® Windows® Operating System,,,,,-,2023-12-28T10:25:44.3395714Z,,Process Create (rule: ProcessCreate),1,6672,WINDEV2309EVAL\User,S-1-5-18,2023-12-28 10:25:44.336,5,"<Event xmlns=""http://schemas.microsoft.com/win/2004/08/events/event"">
  <System>
    <Provider Name=""Microsoft-Windows-Sysmon"" Guid=""{5770385f-c22a-43e0-bf4c-06f5698ffbd9}""/>
    <EventID>1</EventID>
    <Version>5</Version>
    <Level>4</Level>
    <Task>1</Task>
    <Opcode>0</Opcode>
    <Keywords>0x8000000000000000</Keywords>
    <TimeCreated SystemTime=""2023-12-28T10:25:44.3395714Z""/>
    <EventRecordID>9483</EventRecordID>
    <Correlation/>
    <Execution ProcessID=""7044"" ThreadID=""6672""/>
    <Channel>Microsoft-Windows-Sysmon/Operational</Channel>
    <Computer>WinDev2309Eval</Computer>
    <Security UserID=""S-1-5-18""/>
  </System>
  <EventData>
    <Data Name=""RuleName"">-</Data>
    <Data Name=""UtcTime"">2023-12-28 10:25:44.336</Data>
    <Data Name=""ProcessGuid"">{fda94052-4d28-658d-8202-000000000b00}</Data>
    <Data Name=""ProcessId"">6788</Data>
    <Data Name=""Image"">C:\Windows\System32\cmd.exe</Data>
    <Data Name=""FileVersion"">10.0.22621.1635 (WinBuild.160101.0800)</Data>
    <Data Name=""Description"">Windows Command Processor</Data>
    <Data Name=""Product"">Microsoft&#174; Windows&#174; Operating System</Data>
    <Data Name=""Company"">Microsoft Corporation</Data>
    <Data Name=""OriginalFileName"">Cmd.Exe</Data>
    <Data Name=""CommandLine"">""cmd.exe"" /c sc.exe create ""WerFaultSvc"" binPath= ""$env:windir\WinSxS\x86_microsoft-windows-errorreportingfaults_31bf3856ad364e35_4.0.9600.16384_none_a13f7e283339a050\WerFault.exe"" DisplayName= ""WerFault Service"" start= auto</Data>
    <Data Name=""CurrentDirectory"">C:\Users\User\AppData\Local\Temp\</Data>
    <Data Name=""User"">WINDEV2309EVAL\User</Data>
    <Data Name=""LogonGuid"">{fda94052-3502-658d-b367-080000000000}</Data>
    <Data Name=""LogonId"">0x867b3</Data>
    <Data Name=""TerminalSessionId"">1</Data>
    <Data Name=""IntegrityLevel"">Medium</Data>
    <Data Name=""Hashes"">MD5=5A6BE4D2519515241D0C133A26CF62C0,SHA256=423E0E810A69AACEBA0E5670E58AFF898CF0EBFFAB99CCB46EBB3464C3D2FACB,IMPHASH=D73E39DAB3C8B57AA408073D01254964</Data>
    <Data Name=""ParentProcessGuid"">{fda94052-b87a-658c-2702-000000000b00}</Data>
    <Data Name=""ParentProcessId"">5076</Data>
    <Data Name=""ParentImage"">C:\Windows\System32\WindowsPowerShell\v1.0\powershell.exe</Data>
    <Data Name=""ParentCommandLine"">""C:\Windows\System32\WindowsPowerShell\v1.0\powershell.exe"" -exec bypass</Data>
    <Data Name=""ParentUser"">WINDEV2309EVAL\User</Data>
  </EventData>
  <RenderingInfo Culture=""en-US"">
    <Message>Process Create:&#13;
RuleName: -&#13;
UtcTime: 2023-12-28 10:25:44.336&#13;
ProcessGuid: {fda94052-4d28-658d-8202-000000000b00}&#13;
ProcessId: 6788&#13;
Image: C:\Windows\System32\cmd.exe&#13;
FileVersion: 10.0.22621.1635 (WinBuild.160101.0800)&#13;
Description: Windows Command Processor&#13;
Product: Microsoft&#174; Windows&#174; Operating System&#13;
Company: Microsoft Corporation&#13;
OriginalFileName: Cmd.Exe&#13;
CommandLine: ""cmd.exe"" /c sc.exe create ""WerFaultSvc"" binPath= ""$env:windir\WinSxS\x86_microsoft-windows-errorreportingfaults_31bf3856ad364e35_4.0.9600.16384_none_a13f7e283339a050\WerFault.exe"" DisplayName= ""WerFault Service"" start= auto&#13;
CurrentDirectory: C:\Users\User\AppData\Local\Temp\&#13;
User: WINDEV2309EVAL\User&#13;
LogonGuid: {fda94052-3502-658d-b367-080000000000}&#13;
LogonId: 0x867B3&#13;
TerminalSessionId: 1&#13;
IntegrityLevel: Medium&#13;
Hashes: MD5=5A6BE4D2519515241D0C133A26CF62C0,SHA256=423E0E810A69AACEBA0E5670E58AFF898CF0EBFFAB99CCB46EBB3464C3D2FACB,IMPHASH=D73E39DAB3C8B57AA408073D01254964&#13;
ParentProcessGuid: {fda94052-b87a-658c-2702-000000000b00}&#13;
ParentProcessId: 5076&#13;
ParentImage: C:\Windows\System32\WindowsPowerShell\v1.0\powershell.exe&#13;
ParentCommandLine: ""C:\Windows\System32\WindowsPowerShell\v1.0\powershell.exe"" -exec bypass&#13;
ParentUser: WINDEV2309EVAL\User</Message>
    <Level>Information</Level>
    <Task>Process Create (rule: ProcessCreate)</Task>
    <Opcode>Info</Opcode>
  </RenderingInfo>
</Event>
"
Microsoft-Windows-Sysmon/Operational,"""cmd.exe"" /c ""C:\AtomicRedTeam\atomics\..\ExternalPayloads\remcom.exe"" \\localhost /user:Administrator /pwd:P@ssw0rd1 cmd.exe",Microsoft Corporation,WinDev2309Eval,,C:\Users\User\AppData\Local\Temp\,Windows Command Processor,,1,9482,10.0.22621.1635 (WinBuild.160101.0800),"MD5=5A6BE4D2519515241D0C133A26CF62C0,SHA256=423E0E810A69AACEBA0E5670E58AFF898CF0EBFFAB99CCB46EBB3464C3D2FACB,IMPHASH=D73E39DAB3C8B57AA408073D01254964",C:\Windows\System32\cmd.exe,Medium,0x8000000000000000,Information,{fda94052-3502-658d-b367-080000000000},0x867b3,"Process Create:
RuleName: -
UtcTime: 2023-12-28 10:25:44.111
ProcessGuid: {fda94052-4d28-658d-8002-000000000b00}
ProcessId: 2996
Image: C:\Windows\System32\cmd.exe
FileVersion: 10.0.22621.1635 (WinBuild.160101.0800)
Description: Windows Command Processor
Product: Microsoft® Windows® Operating System
Company: Microsoft Corporation
OriginalFileName: Cmd.Exe
CommandLine: ""cmd.exe"" /c ""C:\AtomicRedTeam\atomics\..\ExternalPayloads\remcom.exe"" \\localhost /user:Administrator /pwd:P@ssw0rd1 cmd.exe
CurrentDirectory: C:\Users\User\AppData\Local\Temp\
User: WINDEV2309EVAL\User
LogonGuid: {fda94052-3502-658d-b367-080000000000}
LogonId: 0x867B3
TerminalSessionId: 1
IntegrityLevel: Medium
Hashes: MD5=5A6BE4D2519515241D0C133A26CF62C0,SHA256=423E0E810A69AACEBA0E5670E58AFF898CF0EBFFAB99CCB46EBB3464C3D2FACB,IMPHASH=D73E39DAB3C8B57AA408073D01254964
ParentProcessGuid: {fda94052-b87a-658c-2702-000000000b00}
ParentProcessId: 5076
ParentImage: C:\Windows\System32\WindowsPowerShell\v1.0\powershell.exe
ParentCommandLine: ""C:\Windows\System32\WindowsPowerShell\v1.0\powershell.exe"" -exec bypass
ParentUser: WINDEV2309EVAL\User",Info,Cmd.Exe,"""C:\Windows\System32\WindowsPowerShell\v1.0\powershell.exe"" -exec bypass",C:\Windows\System32\WindowsPowerShell\v1.0\powershell.exe,{fda94052-b87a-658c-2702-000000000b00},5076,WINDEV2309EVAL\User,{fda94052-4d28-658d-8002-000000000b00},7044,2996,Microsoft® Windows® Operating System,,,,,-,2023-12-28T10:25:44.1125196Z,,Process Create (rule: ProcessCreate),1,6672,WINDEV2309EVAL\User,S-1-5-18,2023-12-28 10:25:44.111,5,"<Event xmlns=""http://schemas.microsoft.com/win/2004/08/events/event"">
  <System>
    <Provider Name=""Microsoft-Windows-Sysmon"" Guid=""{5770385f-c22a-43e0-bf4c-06f5698ffbd9}""/>
    <EventID>1</EventID>
    <Version>5</Version>
    <Level>4</Level>
    <Task>1</Task>
    <Opcode>0</Opcode>
    <Keywords>0x8000000000000000</Keywords>
    <TimeCreated SystemTime=""2023-12-28T10:25:44.1125196Z""/>
    <EventRecordID>9482</EventRecordID>
    <Correlation/>
    <Execution ProcessID=""7044"" ThreadID=""6672""/>
    <Channel>Microsoft-Windows-Sysmon/Operational</Channel>
    <Computer>WinDev2309Eval</Computer>
    <Security UserID=""S-1-5-18""/>
  </System>
  <EventData>
    <Data Name=""RuleName"">-</Data>
    <Data Name=""UtcTime"">2023-12-28 10:25:44.111</Data>
    <Data Name=""ProcessGuid"">{fda94052-4d28-658d-8002-000000000b00}</Data>
    <Data Name=""ProcessId"">2996</Data>
    <Data Name=""Image"">C:\Windows\System32\cmd.exe</Data>
    <Data Name=""FileVersion"">10.0.22621.1635 (WinBuild.160101.0800)</Data>
    <Data Name=""Description"">Windows Command Processor</Data>
    <Data Name=""Product"">Microsoft&#174; Windows&#174; Operating System</Data>
    <Data Name=""Company"">Microsoft Corporation</Data>
    <Data Name=""OriginalFileName"">Cmd.Exe</Data>
    <Data Name=""CommandLine"">""cmd.exe"" /c ""C:\AtomicRedTeam\atomics\..\ExternalPayloads\remcom.exe"" \\localhost /user:Administrator /pwd:P@ssw0rd1 cmd.exe</Data>
    <Data Name=""CurrentDirectory"">C:\Users\User\AppData\Local\Temp\</Data>
    <Data Name=""User"">WINDEV2309EVAL\User</Data>
    <Data Name=""LogonGuid"">{fda94052-3502-658d-b367-080000000000}</Data>
    <Data Name=""LogonId"">0x867b3</Data>
    <Data Name=""TerminalSessionId"">1</Data>
    <Data Name=""IntegrityLevel"">Medium</Data>
    <Data Name=""Hashes"">MD5=5A6BE4D2519515241D0C133A26CF62C0,SHA256=423E0E810A69AACEBA0E5670E58AFF898CF0EBFFAB99CCB46EBB3464C3D2FACB,IMPHASH=D73E39DAB3C8B57AA408073D01254964</Data>
    <Data Name=""ParentProcessGuid"">{fda94052-b87a-658c-2702-000000000b00}</Data>
    <Data Name=""ParentProcessId"">5076</Data>
    <Data Name=""ParentImage"">C:\Windows\System32\WindowsPowerShell\v1.0\powershell.exe</Data>
    <Data Name=""ParentCommandLine"">""C:\Windows\System32\WindowsPowerShell\v1.0\powershell.exe"" -exec bypass</Data>
    <Data Name=""ParentUser"">WINDEV2309EVAL\User</Data>
  </EventData>
  <RenderingInfo Culture=""en-US"">
    <Message>Process Create:&#13;
RuleName: -&#13;
UtcTime: 2023-12-28 10:25:44.111&#13;
ProcessGuid: {fda94052-4d28-658d-8002-000000000b00}&#13;
ProcessId: 2996&#13;
Image: C:\Windows\System32\cmd.exe&#13;
FileVersion: 10.0.22621.1635 (WinBuild.160101.0800)&#13;
Description: Windows Command Processor&#13;
Product: Microsoft&#174; Windows&#174; Operating System&#13;
Company: Microsoft Corporation&#13;
OriginalFileName: Cmd.Exe&#13;
CommandLine: ""cmd.exe"" /c ""C:\AtomicRedTeam\atomics\..\ExternalPayloads\remcom.exe"" \\localhost /user:Administrator /pwd:P@ssw0rd1 cmd.exe&#13;
CurrentDirectory: C:\Users\User\AppData\Local\Temp\&#13;
User: WINDEV2309EVAL\User&#13;
LogonGuid: {fda94052-3502-658d-b367-080000000000}&#13;
LogonId: 0x867B3&#13;
TerminalSessionId: 1&#13;
IntegrityLevel: Medium&#13;
Hashes: MD5=5A6BE4D2519515241D0C133A26CF62C0,SHA256=423E0E810A69AACEBA0E5670E58AFF898CF0EBFFAB99CCB46EBB3464C3D2FACB,IMPHASH=D73E39DAB3C8B57AA408073D01254964&#13;
ParentProcessGuid: {fda94052-b87a-658c-2702-000000000b00}&#13;
ParentProcessId: 5076&#13;
ParentImage: C:\Windows\System32\WindowsPowerShell\v1.0\powershell.exe&#13;
ParentCommandLine: ""C:\Windows\System32\WindowsPowerShell\v1.0\powershell.exe"" -exec bypass&#13;
ParentUser: WINDEV2309EVAL\User</Message>
    <Level>Information</Level>
    <Task>Process Create (rule: ProcessCreate)</Task>
    <Opcode>Info</Opcode>
  </RenderingInfo>
</Event>
