Microsoft-Windows-Sysmon/Operational,"reg  add ""HKLM\Software\Policies\Microsoft\Windows NT\CurrentVersion\Winlogon"" /v DefaultDomainName /t REG_SZ /d contoso.com /f ",Microsoft Corporation,WinDev2309Eval,,C:\Users\User\AppData\Local\Temp\,Registry Console Tool,,,,,,,1,9540,,10.0.22621.1 (WinBuild.160101.0800),"MD5=CDB58D0BCABE76AFC60428F364834463,SHA256=411AE446FE37B30C0727888C7FA5E88994A46DAFD41AA5B3B06C9E884549AFDE,IMPHASH=1085BD82B37A225F6D356012D2E69C3D",C:\Windows\System32\reg.exe,,Medium,0x8000000000000000,Information,{fda94052-3502-658d-b367-080000000000},0x867b3,"Process Create:

RuleName: -

UtcTime: 2023-12-28 10:02:36.990

ProcessGuid: {fda94052-47bc-658d-ba02-000000000b00}

ProcessId: 7924

Image: C:\Windows\System32\reg.exe

FileVersion: 10.0.22621.1 (WinBuild.160101.0800)

Description: Registry Console Tool

Product: Microsoft® Windows® Operating System

Company: Microsoft Corporation

OriginalFileName: reg.exe

CommandLine: reg  add ""HKLM\Software\Policies\Microsoft\Windows NT\CurrentVersion\Winlogon"" /v DefaultDomainName /t REG_SZ /d contoso.com /f 

CurrentDirectory: C:\Users\User\AppData\Local\Temp\

User: WINDEV2309EVAL\User

LogonGuid: {fda94052-3502-658d-b367-080000000000}

LogonId: 0x867B3

TerminalSessionId: 1

IntegrityLevel: Medium

Hashes: MD5=CDB58D0BCABE76AFC60428F364834463,SHA256=411AE446FE37B30C0727888C7FA5E88994A46DAFD41AA5B3B06C9E884549AFDE,IMPHASH=1085BD82B37A225F6D356012D2E69C3D

ParentProcessGuid: {fda94052-47bc-658d-b602-000000000b00}

ParentProcessId: 5024

ParentImage: C:\Windows\System32\cmd.exe

ParentCommandLine: ""cmd.exe"" /c reg add ""HKLM\Software\Policies\Microsoft\Windows NT\CurrentVersion\Winlogon"" /v AutoAdminLogon /t REG_DWORD /d 1 /f & reg add ""HKLM\Software\Policies\Microsoft\Windows NT\CurrentVersion\Winlogon"" /v DefaultUserName /t REG_SZ /d Administrator /f & reg add ""HKLM\Software\Policies\Microsoft\Windows NT\CurrentVersion\Winlogon"" /v DefaultDomainName /t REG_SZ /d contoso.com /f & reg add ""HKLM\Software\Policies\Microsoft\Windows NT\CurrentVersion\Winlogon"" /v DefaultPassword /t REG_SZ /d password1 /f

ParentUser: WINDEV2309EVAL\User",Info,reg.exe,"""cmd.exe"" /c reg add ""HKLM\Software\Policies\Microsoft\Windows NT\CurrentVersion\Winlogon"" /v AutoAdminLogon /t REG_DWORD /d 1 /f & reg add ""HKLM\Software\Policies\Microsoft\Windows NT\CurrentVersion\Winlogon"" /v DefaultUserName /t REG_SZ /d Administrator /f & reg add ""HKLM\Software\Policies\Microsoft\Windows NT\CurrentVersion\Winlogon"" /v DefaultDomainName /t REG_SZ /d contoso.com /f & reg add ""HKLM\Software\Policies\Microsoft\Windows NT\CurrentVersion\Winlogon"" /v DefaultPassword /t REG_SZ /d password1 /f",C:\Windows\System32\cmd.exe,{fda94052-47bc-658d-b602-000000000b00},5024,WINDEV2309EVAL\User,{fda94052-47bc-658d-ba02-000000000b00},7044,7924,Microsoft® Windows® Operating System,,,,,"
      ",-,,,,,,2023-12-28T10:02:36.9913360Z,,,Process Create (rule: ProcessCreate),1,6672,WINDEV2309EVAL\User,S-1-5-18,2023-12-28 10:02:36.990,5,"<Event xmlns=""http://schemas.microsoft.com/win/2004/08/events/event"">
    <System>
      <Provider Name=""Microsoft-Windows-Sysmon"" Guid=""{5770385f-c22a-43e0-bf4c-06f5698ffbd9}""/>
      <EventID>1</EventID>
      <Version>5</Version>
      <Level>4</Level>
      <Task>1</Task>
      <Opcode>0</Opcode>
      <Keywords>0x8000000000000000</Keywords>
      <TimeCreated SystemTime=""2023-12-28T10:02:36.9913360Z""/>
      <EventRecordID>9540</EventRecordID>
      <Correlation/>
      <Execution ProcessID=""7044"" ThreadID=""6672""/>
      <Channel>Microsoft-Windows-Sysmon/Operational</Channel>
      <Computer>WinDev2309Eval</Computer>
      <Security UserID=""S-1-5-18""/>
    </System>
    <EventData>
      <Data Name=""RuleName"">-</Data>
      <Data Name=""UtcTime"">2023-12-28 10:02:36.990</Data>
      <Data Name=""ProcessGuid"">{fda94052-47bc-658d-ba02-000000000b00}</Data>
      <Data Name=""ProcessId"">7924</Data>
      <Data Name=""Image"">C:\Windows\System32\reg.exe</Data>
      <Data Name=""FileVersion"">10.0.22621.1 (WinBuild.160101.0800)</Data>
      <Data Name=""Description"">Registry Console Tool</Data>
      <Data Name=""Product"">Microsoft&#174; Windows&#174; Operating System</Data>
      <Data Name=""Company"">Microsoft Corporation</Data>
      <Data Name=""OriginalFileName"">reg.exe</Data>
      <Data Name=""CommandLine"">reg  add ""HKLM\Software\Policies\Microsoft\Windows NT\CurrentVersion\Winlogon"" /v DefaultDomainName /t REG_SZ /d contoso.com /f </Data>
      <Data Name=""CurrentDirectory"">C:\Users\User\AppData\Local\Temp\</Data>
      <Data Name=""User"">WINDEV2309EVAL\User</Data>
      <Data Name=""LogonGuid"">{fda94052-3502-658d-b367-080000000000}</Data>
      <Data Name=""LogonId"">0x867b3</Data>
      <Data Name=""TerminalSessionId"">1</Data>
      <Data Name=""IntegrityLevel"">Medium</Data>
      <Data Name=""Hashes"">MD5=CDB58D0BCABE76AFC60428F364834463,SHA256=411AE446FE37B30C0727888C7FA5E88994A46DAFD41AA5B3B06C9E884549AFDE,IMPHASH=1085BD82B37A225F6D356012D2E69C3D</Data>
      <Data Name=""ParentProcessGuid"">{fda94052-47bc-658d-b602-000000000b00}</Data>
      <Data Name=""ParentProcessId"">5024</Data>
      <Data Name=""ParentImage"">C:\Windows\System32\cmd.exe</Data>
      <Data Name=""ParentCommandLine"">""cmd.exe"" /c reg add ""HKLM\Software\Policies\Microsoft\Windows NT\CurrentVersion\Winlogon"" /v AutoAdminLogon /t REG_DWORD /d 1 /f &amp; reg add ""HKLM\Software\Policies\Microsoft\Windows NT\CurrentVersion\Winlogon"" /v DefaultUserName /t REG_SZ /d Administrator /f &amp; reg add ""HKLM\Software\Policies\Microsoft\Windows NT\CurrentVersion\Winlogon"" /v DefaultDomainName /t REG_SZ /d contoso.com /f &amp; reg add ""HKLM\Software\Policies\Microsoft\Windows NT\CurrentVersion\Winlogon"" /v DefaultPassword /t REG_SZ /d password1 /f</Data>
      <Data Name=""ParentUser"">WINDEV2309EVAL\User</Data>
    </EventData>
    <RenderingInfo Culture=""en-US"">
      <Message>Process Create:

RuleName: -

UtcTime: 2023-12-28 10:02:36.990

ProcessGuid: {fda94052-47bc-658d-ba02-000000000b00}

ProcessId: 7924

Image: C:\Windows\System32\reg.exe

FileVersion: 10.0.22621.1 (WinBuild.160101.0800)

Description: Registry Console Tool

Product: Microsoft&#174; Windows&#174; Operating System

Company: Microsoft Corporation

OriginalFileName: reg.exe

CommandLine: reg  add ""HKLM\Software\Policies\Microsoft\Windows NT\CurrentVersion\Winlogon"" /v DefaultDomainName /t REG_SZ /d contoso.com /f 

CurrentDirectory: C:\Users\User\AppData\Local\Temp\

User: WINDEV2309EVAL\User

LogonGuid: {fda94052-3502-658d-b367-080000000000}

LogonId: 0x867B3

TerminalSessionId: 1

IntegrityLevel: Medium

Hashes: MD5=CDB58D0BCABE76AFC60428F364834463,SHA256=411AE446FE37B30C0727888C7FA5E88994A46DAFD41AA5B3B06C9E884549AFDE,IMPHASH=1085BD82B37A225F6D356012D2E69C3D

ParentProcessGuid: {fda94052-47bc-658d-b602-000000000b00}

ParentProcessId: 5024

ParentImage: C:\Windows\System32\cmd.exe

ParentCommandLine: ""cmd.exe"" /c reg add ""HKLM\Software\Policies\Microsoft\Windows NT\CurrentVersion\Winlogon"" /v AutoAdminLogon /t REG_DWORD /d 1 /f &amp; reg add ""HKLM\Software\Policies\Microsoft\Windows NT\CurrentVersion\Winlogon"" /v DefaultUserName /t REG_SZ /d Administrator /f &amp; reg add ""HKLM\Software\Policies\Microsoft\Windows NT\CurrentVersion\Winlogon"" /v DefaultDomainName /t REG_SZ /d contoso.com /f &amp; reg add ""HKLM\Software\Policies\Microsoft\Windows NT\CurrentVersion\Winlogon"" /v DefaultPassword /t REG_SZ /d password1 /f

ParentUser: WINDEV2309EVAL\User</Message>
      <Level>Information</Level>
      <Task>Process Create (rule: ProcessCreate)</Task>
      <Opcode>Info</Opcode>
    </RenderingInfo>
  </Event>
  
"
Microsoft-Windows-Sysmon/Operational,"reg  add ""HKLM\Software\Policies\Microsoft\Windows NT\CurrentVersion\Winlogon"" /v DefaultUserName /t REG_SZ /d Administrator /f ",Microsoft Corporation,WinDev2309Eval,,C:\Users\User\AppData\Local\Temp\,Registry Console Tool,,,,,,,1,9539,,10.0.22621.1 (WinBuild.160101.0800),"MD5=CDB58D0BCABE76AFC60428F364834463,SHA256=411AE446FE37B30C0727888C7FA5E88994A46DAFD41AA5B3B06C9E884549AFDE,IMPHASH=1085BD82B37A225F6D356012D2E69C3D",C:\Windows\System32\reg.exe,,Medium,0x8000000000000000,Information,{fda94052-3502-658d-b367-080000000000},0x867b3,"Process Create:

RuleName: -

UtcTime: 2023-12-28 10:02:36.981

ProcessGuid: {fda94052-47bc-658d-b902-000000000b00}

ProcessId: 9656

Image: C:\Windows\System32\reg.exe

FileVersion: 10.0.22621.1 (WinBuild.160101.0800)

Description: Registry Console Tool

Product: Microsoft® Windows® Operating System

Company: Microsoft Corporation

OriginalFileName: reg.exe

CommandLine: reg  add ""HKLM\Software\Policies\Microsoft\Windows NT\CurrentVersion\Winlogon"" /v DefaultUserName /t REG_SZ /d Administrator /f 

CurrentDirectory: C:\Users\User\AppData\Local\Temp\

User: WINDEV2309EVAL\User

LogonGuid: {fda94052-3502-658d-b367-080000000000}

LogonId: 0x867B3

TerminalSessionId: 1

IntegrityLevel: Medium

Hashes: MD5=CDB58D0BCABE76AFC60428F364834463,SHA256=411AE446FE37B30C0727888C7FA5E88994A46DAFD41AA5B3B06C9E884549AFDE,IMPHASH=1085BD82B37A225F6D356012D2E69C3D

ParentProcessGuid: {fda94052-47bc-658d-b602-000000000b00}

ParentProcessId: 5024

ParentImage: C:\Windows\System32\cmd.exe

ParentCommandLine: ""cmd.exe"" /c reg add ""HKLM\Software\Policies\Microsoft\Windows NT\CurrentVersion\Winlogon"" /v AutoAdminLogon /t REG_DWORD /d 1 /f & reg add ""HKLM\Software\Policies\Microsoft\Windows NT\CurrentVersion\Winlogon"" /v DefaultUserName /t REG_SZ /d Administrator /f & reg add ""HKLM\Software\Policies\Microsoft\Windows NT\CurrentVersion\Winlogon"" /v DefaultDomainName /t REG_SZ /d contoso.com /f & reg add ""HKLM\Software\Policies\Microsoft\Windows NT\CurrentVersion\Winlogon"" /v DefaultPassword /t REG_SZ /d password1 /f

ParentUser: WINDEV2309EVAL\User",Info,reg.exe,"""cmd.exe"" /c reg add ""HKLM\Software\Policies\Microsoft\Windows NT\CurrentVersion\Winlogon"" /v AutoAdminLogon /t REG_DWORD /d 1 /f & reg add ""HKLM\Software\Policies\Microsoft\Windows NT\CurrentVersion\Winlogon"" /v DefaultUserName /t REG_SZ /d Administrator /f & reg add ""HKLM\Software\Policies\Microsoft\Windows NT\CurrentVersion\Winlogon"" /v DefaultDomainName /t REG_SZ /d contoso.com /f & reg add ""HKLM\Software\Policies\Microsoft\Windows NT\CurrentVersion\Winlogon"" /v DefaultPassword /t REG_SZ /d password1 /f",C:\Windows\System32\cmd.exe,{fda94052-47bc-658d-b602-000000000b00},5024,WINDEV2309EVAL\User,{fda94052-47bc-658d-b902-000000000b00},7044,9656,Microsoft® Windows® Operating System,,,,,"
      ",-,,,,,,2023-12-28T10:02:36.9824318Z,,,Process Create (rule: ProcessCreate),1,6672,WINDEV2309EVAL\User,S-1-5-18,2023-12-28 10:02:36.981,5,"<Event xmlns=""http://schemas.microsoft.com/win/2004/08/events/event"">
    <System>
      <Provider Name=""Microsoft-Windows-Sysmon"" Guid=""{5770385f-c22a-43e0-bf4c-06f5698ffbd9}""/>
      <EventID>1</EventID>
      <Version>5</Version>
      <Level>4</Level>
      <Task>1</Task>
      <Opcode>0</Opcode>
      <Keywords>0x8000000000000000</Keywords>
      <TimeCreated SystemTime=""2023-12-28T10:02:36.9824318Z""/>
      <EventRecordID>9539</EventRecordID>
      <Correlation/>
      <Execution ProcessID=""7044"" ThreadID=""6672""/>
      <Channel>Microsoft-Windows-Sysmon/Operational</Channel>
      <Computer>WinDev2309Eval</Computer>
      <Security UserID=""S-1-5-18""/>
    </System>
    <EventData>
      <Data Name=""RuleName"">-</Data>
      <Data Name=""UtcTime"">2023-12-28 10:02:36.981</Data>
      <Data Name=""ProcessGuid"">{fda94052-47bc-658d-b902-000000000b00}</Data>
      <Data Name=""ProcessId"">9656</Data>
      <Data Name=""Image"">C:\Windows\System32\reg.exe</Data>
      <Data Name=""FileVersion"">10.0.22621.1 (WinBuild.160101.0800)</Data>
      <Data Name=""Description"">Registry Console Tool</Data>
      <Data Name=""Product"">Microsoft&#174; Windows&#174; Operating System</Data>
      <Data Name=""Company"">Microsoft Corporation</Data>
      <Data Name=""OriginalFileName"">reg.exe</Data>
      <Data Name=""CommandLine"">reg  add ""HKLM\Software\Policies\Microsoft\Windows NT\CurrentVersion\Winlogon"" /v DefaultUserName /t REG_SZ /d Administrator /f </Data>
      <Data Name=""CurrentDirectory"">C:\Users\User\AppData\Local\Temp\</Data>
      <Data Name=""User"">WINDEV2309EVAL\User</Data>
      <Data Name=""LogonGuid"">{fda94052-3502-658d-b367-080000000000}</Data>
      <Data Name=""LogonId"">0x867b3</Data>
      <Data Name=""TerminalSessionId"">1</Data>
      <Data Name=""IntegrityLevel"">Medium</Data>
      <Data Name=""Hashes"">MD5=CDB58D0BCABE76AFC60428F364834463,SHA256=411AE446FE37B30C0727888C7FA5E88994A46DAFD41AA5B3B06C9E884549AFDE,IMPHASH=1085BD82B37A225F6D356012D2E69C3D</Data>
      <Data Name=""ParentProcessGuid"">{fda94052-47bc-658d-b602-000000000b00}</Data>
      <Data Name=""ParentProcessId"">5024</Data>
      <Data Name=""ParentImage"">C:\Windows\System32\cmd.exe</Data>
      <Data Name=""ParentCommandLine"">""cmd.exe"" /c reg add ""HKLM\Software\Policies\Microsoft\Windows NT\CurrentVersion\Winlogon"" /v AutoAdminLogon /t REG_DWORD /d 1 /f &amp; reg add ""HKLM\Software\Policies\Microsoft\Windows NT\CurrentVersion\Winlogon"" /v DefaultUserName /t REG_SZ /d Administrator /f &amp; reg add ""HKLM\Software\Policies\Microsoft\Windows NT\CurrentVersion\Winlogon"" /v DefaultDomainName /t REG_SZ /d contoso.com /f &amp; reg add ""HKLM\Software\Policies\Microsoft\Windows NT\CurrentVersion\Winlogon"" /v DefaultPassword /t REG_SZ /d password1 /f</Data>
      <Data Name=""ParentUser"">WINDEV2309EVAL\User</Data>
    </EventData>
    <RenderingInfo Culture=""en-US"">
      <Message>Process Create:

RuleName: -

UtcTime: 2023-12-28 10:02:36.981

ProcessGuid: {fda94052-47bc-658d-b902-000000000b00}

ProcessId: 9656

Image: C:\Windows\System32\reg.exe

FileVersion: 10.0.22621.1 (WinBuild.160101.0800)

Description: Registry Console Tool

Product: Microsoft&#174; Windows&#174; Operating System

Company: Microsoft Corporation

OriginalFileName: reg.exe

CommandLine: reg  add ""HKLM\Software\Policies\Microsoft\Windows NT\CurrentVersion\Winlogon"" /v DefaultUserName /t REG_SZ /d Administrator /f 

CurrentDirectory: C:\Users\User\AppData\Local\Temp\

User: WINDEV2309EVAL\User

LogonGuid: {fda94052-3502-658d-b367-080000000000}

LogonId: 0x867B3

TerminalSessionId: 1

IntegrityLevel: Medium

Hashes: MD5=CDB58D0BCABE76AFC60428F364834463,SHA256=411AE446FE37B30C0727888C7FA5E88994A46DAFD41AA5B3B06C9E884549AFDE,IMPHASH=1085BD82B37A225F6D356012D2E69C3D

ParentProcessGuid: {fda94052-47bc-658d-b602-000000000b00}

ParentProcessId: 5024

ParentImage: C:\Windows\System32\cmd.exe

ParentCommandLine: ""cmd.exe"" /c reg add ""HKLM\Software\Policies\Microsoft\Windows NT\CurrentVersion\Winlogon"" /v AutoAdminLogon /t REG_DWORD /d 1 /f &amp; reg add ""HKLM\Software\Policies\Microsoft\Windows NT\CurrentVersion\Winlogon"" /v DefaultUserName /t REG_SZ /d Administrator /f &amp; reg add ""HKLM\Software\Policies\Microsoft\Windows NT\CurrentVersion\Winlogon"" /v DefaultDomainName /t REG_SZ /d contoso.com /f &amp; reg add ""HKLM\Software\Policies\Microsoft\Windows NT\CurrentVersion\Winlogon"" /v DefaultPassword /t REG_SZ /d password1 /f

ParentUser: WINDEV2309EVAL\User</Message>
      <Level>Information</Level>
      <Task>Process Create (rule: ProcessCreate)</Task>
      <Opcode>Info</Opcode>
    </RenderingInfo>
  </Event>
  
"
Microsoft-Windows-Sysmon/Operational,"reg  add ""HKLM\Software\Policies\Microsoft\Windows NT\CurrentVersion\Winlogon"" /v AutoAdminLogon /t REG_DWORD /d 1 /f ",Microsoft Corporation,WinDev2309Eval,,C:\Users\User\AppData\Local\Temp\,Registry Console Tool,,,,,,,1,9538,,10.0.22621.1 (WinBuild.160101.0800),"MD5=CDB58D0BCABE76AFC60428F364834463,SHA256=411AE446FE37B30C0727888C7FA5E88994A46DAFD41AA5B3B06C9E884549AFDE,IMPHASH=1085BD82B37A225F6D356012D2E69C3D",C:\Windows\System32\reg.exe,,Medium,0x8000000000000000,Information,{fda94052-3502-658d-b367-080000000000},0x867b3,"Process Create:

RuleName: -

UtcTime: 2023-12-28 10:02:36.970

ProcessGuid: {fda94052-47bc-658d-b802-000000000b00}

ProcessId: 8712

Image: C:\Windows\System32\reg.exe

FileVersion: 10.0.22621.1 (WinBuild.160101.0800)

Description: Registry Console Tool

Product: Microsoft® Windows® Operating System

Company: Microsoft Corporation

OriginalFileName: reg.exe

CommandLine: reg  add ""HKLM\Software\Policies\Microsoft\Windows NT\CurrentVersion\Winlogon"" /v AutoAdminLogon /t REG_DWORD /d 1 /f 

CurrentDirectory: C:\Users\User\AppData\Local\Temp\

User: WINDEV2309EVAL\User

LogonGuid: {fda94052-3502-658d-b367-080000000000}

LogonId: 0x867B3

TerminalSessionId: 1

IntegrityLevel: Medium

Hashes: MD5=CDB58D0BCABE76AFC60428F364834463,SHA256=411AE446FE37B30C0727888C7FA5E88994A46DAFD41AA5B3B06C9E884549AFDE,IMPHASH=1085BD82B37A225F6D356012D2E69C3D

ParentProcessGuid: {fda94052-47bc-658d-b602-000000000b00}

ParentProcessId: 5024

ParentImage: C:\Windows\System32\cmd.exe

ParentCommandLine: ""cmd.exe"" /c reg add ""HKLM\Software\Policies\Microsoft\Windows NT\CurrentVersion\Winlogon"" /v AutoAdminLogon /t REG_DWORD /d 1 /f & reg add ""HKLM\Software\Policies\Microsoft\Windows NT\CurrentVersion\Winlogon"" /v DefaultUserName /t REG_SZ /d Administrator /f & reg add ""HKLM\Software\Policies\Microsoft\Windows NT\CurrentVersion\Winlogon"" /v DefaultDomainName /t REG_SZ /d contoso.com /f & reg add ""HKLM\Software\Policies\Microsoft\Windows NT\CurrentVersion\Winlogon"" /v DefaultPassword /t REG_SZ /d password1 /f

ParentUser: WINDEV2309EVAL\User",Info,reg.exe,"""cmd.exe"" /c reg add ""HKLM\Software\Policies\Microsoft\Windows NT\CurrentVersion\Winlogon"" /v AutoAdminLogon /t REG_DWORD /d 1 /f & reg add ""HKLM\Software\Policies\Microsoft\Windows NT\CurrentVersion\Winlogon"" /v DefaultUserName /t REG_SZ /d Administrator /f & reg add ""HKLM\Software\Policies\Microsoft\Windows NT\CurrentVersion\Winlogon"" /v DefaultDomainName /t REG_SZ /d contoso.com /f & reg add ""HKLM\Software\Policies\Microsoft\Windows NT\CurrentVersion\Winlogon"" /v DefaultPassword /t REG_SZ /d password1 /f",C:\Windows\System32\cmd.exe,{fda94052-47bc-658d-b602-000000000b00},5024,WINDEV2309EVAL\User,{fda94052-47bc-658d-b802-000000000b00},7044,8712,Microsoft® Windows® Operating System,,,,,"
      ",-,,,,,,2023-12-28T10:02:36.9711072Z,,,Process Create (rule: ProcessCreate),1,6672,WINDEV2309EVAL\User,S-1-5-18,2023-12-28 10:02:36.970,5,"<Event xmlns=""http://schemas.microsoft.com/win/2004/08/events/event"">
    <System>
      <Provider Name=""Microsoft-Windows-Sysmon"" Guid=""{5770385f-c22a-43e0-bf4c-06f5698ffbd9}""/>
      <EventID>1</EventID>
      <Version>5</Version>
      <Level>4</Level>
      <Task>1</Task>
      <Opcode>0</Opcode>
      <Keywords>0x8000000000000000</Keywords>
      <TimeCreated SystemTime=""2023-12-28T10:02:36.9711072Z""/>
      <EventRecordID>9538</EventRecordID>
      <Correlation/>
      <Execution ProcessID=""7044"" ThreadID=""6672""/>
      <Channel>Microsoft-Windows-Sysmon/Operational</Channel>
      <Computer>WinDev2309Eval</Computer>
      <Security UserID=""S-1-5-18""/>
    </System>
    <EventData>
      <Data Name=""RuleName"">-</Data>
      <Data Name=""UtcTime"">2023-12-28 10:02:36.970</Data>
      <Data Name=""ProcessGuid"">{fda94052-47bc-658d-b802-000000000b00}</Data>
      <Data Name=""ProcessId"">8712</Data>
      <Data Name=""Image"">C:\Windows\System32\reg.exe</Data>
      <Data Name=""FileVersion"">10.0.22621.1 (WinBuild.160101.0800)</Data>
      <Data Name=""Description"">Registry Console Tool</Data>
      <Data Name=""Product"">Microsoft&#174; Windows&#174; Operating System</Data>
      <Data Name=""Company"">Microsoft Corporation</Data>
      <Data Name=""OriginalFileName"">reg.exe</Data>
      <Data Name=""CommandLine"">reg  add ""HKLM\Software\Policies\Microsoft\Windows NT\CurrentVersion\Winlogon"" /v AutoAdminLogon /t REG_DWORD /d 1 /f </Data>
      <Data Name=""CurrentDirectory"">C:\Users\User\AppData\Local\Temp\</Data>
      <Data Name=""User"">WINDEV2309EVAL\User</Data>
      <Data Name=""LogonGuid"">{fda94052-3502-658d-b367-080000000000}</Data>
      <Data Name=""LogonId"">0x867b3</Data>
      <Data Name=""TerminalSessionId"">1</Data>
      <Data Name=""IntegrityLevel"">Medium</Data>
      <Data Name=""Hashes"">MD5=CDB58D0BCABE76AFC60428F364834463,SHA256=411AE446FE37B30C0727888C7FA5E88994A46DAFD41AA5B3B06C9E884549AFDE,IMPHASH=1085BD82B37A225F6D356012D2E69C3D</Data>
      <Data Name=""ParentProcessGuid"">{fda94052-47bc-658d-b602-000000000b00}</Data>
      <Data Name=""ParentProcessId"">5024</Data>
      <Data Name=""ParentImage"">C:\Windows\System32\cmd.exe</Data>
      <Data Name=""ParentCommandLine"">""cmd.exe"" /c reg add ""HKLM\Software\Policies\Microsoft\Windows NT\CurrentVersion\Winlogon"" /v AutoAdminLogon /t REG_DWORD /d 1 /f &amp; reg add ""HKLM\Software\Policies\Microsoft\Windows NT\CurrentVersion\Winlogon"" /v DefaultUserName /t REG_SZ /d Administrator /f &amp; reg add ""HKLM\Software\Policies\Microsoft\Windows NT\CurrentVersion\Winlogon"" /v DefaultDomainName /t REG_SZ /d contoso.com /f &amp; reg add ""HKLM\Software\Policies\Microsoft\Windows NT\CurrentVersion\Winlogon"" /v DefaultPassword /t REG_SZ /d password1 /f</Data>
      <Data Name=""ParentUser"">WINDEV2309EVAL\User</Data>
    </EventData>
    <RenderingInfo Culture=""en-US"">
      <Message>Process Create:

RuleName: -

UtcTime: 2023-12-28 10:02:36.970

ProcessGuid: {fda94052-47bc-658d-b802-000000000b00}

ProcessId: 8712

Image: C:\Windows\System32\reg.exe

FileVersion: 10.0.22621.1 (WinBuild.160101.0800)

Description: Registry Console Tool

Product: Microsoft&#174; Windows&#174; Operating System

Company: Microsoft Corporation

OriginalFileName: reg.exe

CommandLine: reg  add ""HKLM\Software\Policies\Microsoft\Windows NT\CurrentVersion\Winlogon"" /v AutoAdminLogon /t REG_DWORD /d 1 /f 

CurrentDirectory: C:\Users\User\AppData\Local\Temp\

User: WINDEV2309EVAL\User

LogonGuid: {fda94052-3502-658d-b367-080000000000}

LogonId: 0x867B3

TerminalSessionId: 1

IntegrityLevel: Medium

Hashes: MD5=CDB58D0BCABE76AFC60428F364834463,SHA256=411AE446FE37B30C0727888C7FA5E88994A46DAFD41AA5B3B06C9E884549AFDE,IMPHASH=1085BD82B37A225F6D356012D2E69C3D

ParentProcessGuid: {fda94052-47bc-658d-b602-000000000b00}

ParentProcessId: 5024

ParentImage: C:\Windows\System32\cmd.exe

ParentCommandLine: ""cmd.exe"" /c reg add ""HKLM\Software\Policies\Microsoft\Windows NT\CurrentVersion\Winlogon"" /v AutoAdminLogon /t REG_DWORD /d 1 /f &amp; reg add ""HKLM\Software\Policies\Microsoft\Windows NT\CurrentVersion\Winlogon"" /v DefaultUserName /t REG_SZ /d Administrator /f &amp; reg add ""HKLM\Software\Policies\Microsoft\Windows NT\CurrentVersion\Winlogon"" /v DefaultDomainName /t REG_SZ /d contoso.com /f &amp; reg add ""HKLM\Software\Policies\Microsoft\Windows NT\CurrentVersion\Winlogon"" /v DefaultPassword /t REG_SZ /d password1 /f

ParentUser: WINDEV2309EVAL\User</Message>
      <Level>Information</Level>
      <Task>Process Create (rule: ProcessCreate)</Task>
      <Opcode>Info</Opcode>
    </RenderingInfo>
  </Event>
  
"
Microsoft-Windows-Sysmon/Operational,"""cmd.exe"" /c reg add ""HKLM\Software\Policies\Microsoft\Windows NT\CurrentVersion\Winlogon"" /v AutoAdminLogon /t REG_DWORD /d 1 /f & reg add ""HKLM\Software\Policies\Microsoft\Windows NT\CurrentVersion\Winlogon"" /v DefaultUserName /t REG_SZ /d Administrator /f & reg add ""HKLM\Software\Policies\Microsoft\Windows NT\CurrentVersion\Winlogon"" /v DefaultDomainName /t REG_SZ /d contoso.com /f & reg add ""HKLM\Software\Policies\Microsoft\Windows NT\CurrentVersion\Winlogon"" /v DefaultPassword /t REG_SZ /d password1 /f",Microsoft Corporation,WinDev2309Eval,,C:\Users\User\AppData\Local\Temp\,Windows Command Processor,,,,,,,1,9537,,10.0.22621.1635 (WinBuild.160101.0800),"MD5=5A6BE4D2519515241D0C133A26CF62C0,SHA256=423E0E810A69AACEBA0E5670E58AFF898CF0EBFFAB99CCB46EBB3464C3D2FACB,IMPHASH=D73E39DAB3C8B57AA408073D01254964",C:\Windows\System32\cmd.exe,,Medium,0x8000000000000000,Information,{fda94052-3502-658d-b367-080000000000},0x867b3,"Process Create:

RuleName: -

UtcTime: 2023-12-28 10:02:36.947

ProcessGuid: {fda94052-47bc-658d-b602-000000000b00}

ProcessId: 5024

Image: C:\Windows\System32\cmd.exe

FileVersion: 10.0.22621.1635 (WinBuild.160101.0800)

Description: Windows Command Processor

Product: Microsoft® Windows® Operating System

Company: Microsoft Corporation

OriginalFileName: Cmd.Exe

CommandLine: ""cmd.exe"" /c reg add ""HKLM\Software\Policies\Microsoft\Windows NT\CurrentVersion\Winlogon"" /v AutoAdminLogon /t REG_DWORD /d 1 /f & reg add ""HKLM\Software\Policies\Microsoft\Windows NT\CurrentVersion\Winlogon"" /v DefaultUserName /t REG_SZ /d Administrator /f & reg add ""HKLM\Software\Policies\Microsoft\Windows NT\CurrentVersion\Winlogon"" /v DefaultDomainName /t REG_SZ /d contoso.com /f & reg add ""HKLM\Software\Policies\Microsoft\Windows NT\CurrentVersion\Winlogon"" /v DefaultPassword /t REG_SZ /d password1 /f

CurrentDirectory: C:\Users\User\AppData\Local\Temp\

User: WINDEV2309EVAL\User

LogonGuid: {fda94052-3502-658d-b367-080000000000}

LogonId: 0x867B3

TerminalSessionId: 1

IntegrityLevel: Medium

Hashes: MD5=5A6BE4D2519515241D0C133A26CF62C0,SHA256=423E0E810A69AACEBA0E5670E58AFF898CF0EBFFAB99CCB46EBB3464C3D2FACB,IMPHASH=D73E39DAB3C8B57AA408073D01254964

ParentProcessGuid: {fda94052-b87a-658c-2702-000000000b00}

ParentProcessId: 5076

ParentImage: C:\Windows\System32\WindowsPowerShell\v1.0\powershell.exe

ParentCommandLine: ""C:\Windows\System32\WindowsPowerShell\v1.0\powershell.exe"" -exec bypass

ParentUser: WINDEV2309EVAL\User",Info,Cmd.Exe,"""C:\Windows\System32\WindowsPowerShell\v1.0\powershell.exe"" -exec bypass",C:\Windows\System32\WindowsPowerShell\v1.0\powershell.exe,{fda94052-b87a-658c-2702-000000000b00},5076,WINDEV2309EVAL\User,{fda94052-47bc-658d-b602-000000000b00},7044,5024,Microsoft® Windows® Operating System,,,,,"
      ",-,,,,,,2023-12-28T10:02:36.9483902Z,,,Process Create (rule: ProcessCreate),1,6672,WINDEV2309EVAL\User,S-1-5-18,2023-12-28 10:02:36.947,5,"<Event xmlns=""http://schemas.microsoft.com/win/2004/08/events/event"">
    <System>
      <Provider Name=""Microsoft-Windows-Sysmon"" Guid=""{5770385f-c22a-43e0-bf4c-06f5698ffbd9}""/>
      <EventID>1</EventID>
      <Version>5</Version>
      <Level>4</Level>
      <Task>1</Task>
      <Opcode>0</Opcode>
      <Keywords>0x8000000000000000</Keywords>
      <TimeCreated SystemTime=""2023-12-28T10:02:36.9483902Z""/>
      <EventRecordID>9537</EventRecordID>
      <Correlation/>
      <Execution ProcessID=""7044"" ThreadID=""6672""/>
      <Channel>Microsoft-Windows-Sysmon/Operational</Channel>
      <Computer>WinDev2309Eval</Computer>
      <Security UserID=""S-1-5-18""/>
    </System>
    <EventData>
      <Data Name=""RuleName"">-</Data>
      <Data Name=""UtcTime"">2023-12-28 10:02:36.947</Data>
      <Data Name=""ProcessGuid"">{fda94052-47bc-658d-b602-000000000b00}</Data>
      <Data Name=""ProcessId"">5024</Data>
      <Data Name=""Image"">C:\Windows\System32\cmd.exe</Data>
      <Data Name=""FileVersion"">10.0.22621.1635 (WinBuild.160101.0800)</Data>
      <Data Name=""Description"">Windows Command Processor</Data>
      <Data Name=""Product"">Microsoft&#174; Windows&#174; Operating System</Data>
      <Data Name=""Company"">Microsoft Corporation</Data>
      <Data Name=""OriginalFileName"">Cmd.Exe</Data>
      <Data Name=""CommandLine"">""cmd.exe"" /c reg add ""HKLM\Software\Policies\Microsoft\Windows NT\CurrentVersion\Winlogon"" /v AutoAdminLogon /t REG_DWORD /d 1 /f &amp; reg add ""HKLM\Software\Policies\Microsoft\Windows NT\CurrentVersion\Winlogon"" /v DefaultUserName /t REG_SZ /d Administrator /f &amp; reg add ""HKLM\Software\Policies\Microsoft\Windows NT\CurrentVersion\Winlogon"" /v DefaultDomainName /t REG_SZ /d contoso.com /f &amp; reg add ""HKLM\Software\Policies\Microsoft\Windows NT\CurrentVersion\Winlogon"" /v DefaultPassword /t REG_SZ /d password1 /f</Data>
      <Data Name=""CurrentDirectory"">C:\Users\User\AppData\Local\Temp\</Data>
      <Data Name=""User"">WINDEV2309EVAL\User</Data>
      <Data Name=""LogonGuid"">{fda94052-3502-658d-b367-080000000000}</Data>
      <Data Name=""LogonId"">0x867b3</Data>
      <Data Name=""TerminalSessionId"">1</Data>
      <Data Name=""IntegrityLevel"">Medium</Data>
      <Data Name=""Hashes"">MD5=5A6BE4D2519515241D0C133A26CF62C0,SHA256=423E0E810A69AACEBA0E5670E58AFF898CF0EBFFAB99CCB46EBB3464C3D2FACB,IMPHASH=D73E39DAB3C8B57AA408073D01254964</Data>
      <Data Name=""ParentProcessGuid"">{fda94052-b87a-658c-2702-000000000b00}</Data>
      <Data Name=""ParentProcessId"">5076</Data>
      <Data Name=""ParentImage"">C:\Windows\System32\WindowsPowerShell\v1.0\powershell.exe</Data>
      <Data Name=""ParentCommandLine"">""C:\Windows\System32\WindowsPowerShell\v1.0\powershell.exe"" -exec bypass</Data>
      <Data Name=""ParentUser"">WINDEV2309EVAL\User</Data>
    </EventData>
    <RenderingInfo Culture=""en-US"">
      <Message>Process Create:

RuleName: -

UtcTime: 2023-12-28 10:02:36.947

ProcessGuid: {fda94052-47bc-658d-b602-000000000b00}

ProcessId: 5024

Image: C:\Windows\System32\cmd.exe

FileVersion: 10.0.22621.1635 (WinBuild.160101.0800)

Description: Windows Command Processor

Product: Microsoft&#174; Windows&#174; Operating System

Company: Microsoft Corporation

OriginalFileName: Cmd.Exe

CommandLine: ""cmd.exe"" /c reg add ""HKLM\Software\Policies\Microsoft\Windows NT\CurrentVersion\Winlogon"" /v AutoAdminLogon /t REG_DWORD /d 1 /f &amp; reg add ""HKLM\Software\Policies\Microsoft\Windows NT\CurrentVersion\Winlogon"" /v DefaultUserName /t REG_SZ /d Administrator /f &amp; reg add ""HKLM\Software\Policies\Microsoft\Windows NT\CurrentVersion\Winlogon"" /v DefaultDomainName /t REG_SZ /d contoso.com /f &amp; reg add ""HKLM\Software\Policies\Microsoft\Windows NT\CurrentVersion\Winlogon"" /v DefaultPassword /t REG_SZ /d password1 /f

CurrentDirectory: C:\Users\User\AppData\Local\Temp\

User: WINDEV2309EVAL\User

LogonGuid: {fda94052-3502-658d-b367-080000000000}

LogonId: 0x867B3

TerminalSessionId: 1

IntegrityLevel: Medium

Hashes: MD5=5A6BE4D2519515241D0C133A26CF62C0,SHA256=423E0E810A69AACEBA0E5670E58AFF898CF0EBFFAB99CCB46EBB3464C3D2FACB,IMPHASH=D73E39DAB3C8B57AA408073D01254964

ParentProcessGuid: {fda94052-b87a-658c-2702-000000000b00}

ParentProcessId: 5076

ParentImage: C:\Windows\System32\WindowsPowerShell\v1.0\powershell.exe

ParentCommandLine: ""C:\Windows\System32\WindowsPowerShell\v1.0\powershell.exe"" -exec bypass

ParentUser: WINDEV2309EVAL\User</Message>
      <Level>Information</Level>
      <Task>Process Create (rule: ProcessCreate)</Task>
      <Opcode>Info</Opcode>
    </RenderingInfo>
  </Event>
  
"
Microsoft-Windows-Sysmon/Operational,"reg  add ""HKCU\Software\Policies\Microsoft\Windows\OOBE"" /v DisablePrivacyExperience /t REG_DWORD /d 1 /f",Microsoft Corporation,WinDev2309Eval,,C:\Users\User\AppData\Local\Temp\,Registry Console Tool,,,,,,,1,9536,,10.0.22621.1 (WinBuild.160101.0800),"MD5=CDB58D0BCABE76AFC60428F364834463,SHA256=411AE446FE37B30C0727888C7FA5E88994A46DAFD41AA5B3B06C9E884549AFDE,IMPHASH=1085BD82B37A225F6D356012D2E69C3D",C:\Windows\System32\reg.exe,,Medium,0x8000000000000000,Information,{fda94052-3502-658d-b367-080000000000},0x867b3,"Process Create:

RuleName: -

UtcTime: 2023-12-28 10:02:36.747

ProcessGuid: {fda94052-47bc-658d-b502-000000000b00}

ProcessId: 9100

Image: C:\Windows\System32\reg.exe

FileVersion: 10.0.22621.1 (WinBuild.160101.0800)

Description: Registry Console Tool

Product: Microsoft® Windows® Operating System

Company: Microsoft Corporation

OriginalFileName: reg.exe

CommandLine: reg  add ""HKCU\Software\Policies\Microsoft\Windows\OOBE"" /v DisablePrivacyExperience /t REG_DWORD /d 1 /f

CurrentDirectory: C:\Users\User\AppData\Local\Temp\

User: WINDEV2309EVAL\User

LogonGuid: {fda94052-3502-658d-b367-080000000000}

LogonId: 0x867B3

TerminalSessionId: 1

IntegrityLevel: Medium

Hashes: MD5=CDB58D0BCABE76AFC60428F364834463,SHA256=411AE446FE37B30C0727888C7FA5E88994A46DAFD41AA5B3B06C9E884549AFDE,IMPHASH=1085BD82B37A225F6D356012D2E69C3D

ParentProcessGuid: {fda94052-47bc-658d-b302-000000000b00}

ParentProcessId: 3364

ParentImage: C:\Windows\System32\cmd.exe

ParentCommandLine: ""cmd.exe"" /c reg add ""HKCU\Software\Policies\Microsoft\Windows\OOBE"" /v DisablePrivacyExperience /t REG_DWORD /d 1 /f

ParentUser: WINDEV2309EVAL\User",Info,reg.exe,"""cmd.exe"" /c reg add ""HKCU\Software\Policies\Microsoft\Windows\OOBE"" /v DisablePrivacyExperience /t REG_DWORD /d 1 /f",C:\Windows\System32\cmd.exe,{fda94052-47bc-658d-b302-000000000b00},3364,WINDEV2309EVAL\User,{fda94052-47bc-658d-b502-000000000b00},7044,9100,Microsoft® Windows® Operating System,,,,,"
      ",-,,,,,,2023-12-28T10:02:36.7496607Z,,,Process Create (rule: ProcessCreate),1,6672,WINDEV2309EVAL\User,S-1-5-18,2023-12-28 10:02:36.747,5,"<Event xmlns=""http://schemas.microsoft.com/win/2004/08/events/event"">
    <System>
      <Provider Name=""Microsoft-Windows-Sysmon"" Guid=""{5770385f-c22a-43e0-bf4c-06f5698ffbd9}""/>
      <EventID>1</EventID>
      <Version>5</Version>
      <Level>4</Level>
      <Task>1</Task>
      <Opcode>0</Opcode>
      <Keywords>0x8000000000000000</Keywords>
      <TimeCreated SystemTime=""2023-12-28T10:02:36.7496607Z""/>
      <EventRecordID>9536</EventRecordID>
      <Correlation/>
      <Execution ProcessID=""7044"" ThreadID=""6672""/>
      <Channel>Microsoft-Windows-Sysmon/Operational</Channel>
      <Computer>WinDev2309Eval</Computer>
      <Security UserID=""S-1-5-18""/>
    </System>
    <EventData>
      <Data Name=""RuleName"">-</Data>
      <Data Name=""UtcTime"">2023-12-28 10:02:36.747</Data>
      <Data Name=""ProcessGuid"">{fda94052-47bc-658d-b502-000000000b00}</Data>
      <Data Name=""ProcessId"">9100</Data>
      <Data Name=""Image"">C:\Windows\System32\reg.exe</Data>
      <Data Name=""FileVersion"">10.0.22621.1 (WinBuild.160101.0800)</Data>
      <Data Name=""Description"">Registry Console Tool</Data>
      <Data Name=""Product"">Microsoft&#174; Windows&#174; Operating System</Data>
      <Data Name=""Company"">Microsoft Corporation</Data>
      <Data Name=""OriginalFileName"">reg.exe</Data>
      <Data Name=""CommandLine"">reg  add ""HKCU\Software\Policies\Microsoft\Windows\OOBE"" /v DisablePrivacyExperience /t REG_DWORD /d 1 /f</Data>
      <Data Name=""CurrentDirectory"">C:\Users\User\AppData\Local\Temp\</Data>
      <Data Name=""User"">WINDEV2309EVAL\User</Data>
      <Data Name=""LogonGuid"">{fda94052-3502-658d-b367-080000000000}</Data>
      <Data Name=""LogonId"">0x867b3</Data>
      <Data Name=""TerminalSessionId"">1</Data>
      <Data Name=""IntegrityLevel"">Medium</Data>
      <Data Name=""Hashes"">MD5=CDB58D0BCABE76AFC60428F364834463,SHA256=411AE446FE37B30C0727888C7FA5E88994A46DAFD41AA5B3B06C9E884549AFDE,IMPHASH=1085BD82B37A225F6D356012D2E69C3D</Data>
      <Data Name=""ParentProcessGuid"">{fda94052-47bc-658d-b302-000000000b00}</Data>
      <Data Name=""ParentProcessId"">3364</Data>
      <Data Name=""ParentImage"">C:\Windows\System32\cmd.exe</Data>
      <Data Name=""ParentCommandLine"">""cmd.exe"" /c reg add ""HKCU\Software\Policies\Microsoft\Windows\OOBE"" /v DisablePrivacyExperience /t REG_DWORD /d 1 /f</Data>
      <Data Name=""ParentUser"">WINDEV2309EVAL\User</Data>
    </EventData>
    <RenderingInfo Culture=""en-US"">
      <Message>Process Create:

RuleName: -

UtcTime: 2023-12-28 10:02:36.747

ProcessGuid: {fda94052-47bc-658d-b502-000000000b00}

ProcessId: 9100

Image: C:\Windows\System32\reg.exe

FileVersion: 10.0.22621.1 (WinBuild.160101.0800)

Description: Registry Console Tool

Product: Microsoft&#174; Windows&#174; Operating System

Company: Microsoft Corporation

OriginalFileName: reg.exe

CommandLine: reg  add ""HKCU\Software\Policies\Microsoft\Windows\OOBE"" /v DisablePrivacyExperience /t REG_DWORD /d 1 /f

CurrentDirectory: C:\Users\User\AppData\Local\Temp\

User: WINDEV2309EVAL\User

LogonGuid: {fda94052-3502-658d-b367-080000000000}

LogonId: 0x867B3

TerminalSessionId: 1

IntegrityLevel: Medium

Hashes: MD5=CDB58D0BCABE76AFC60428F364834463,SHA256=411AE446FE37B30C0727888C7FA5E88994A46DAFD41AA5B3B06C9E884549AFDE,IMPHASH=1085BD82B37A225F6D356012D2E69C3D

ParentProcessGuid: {fda94052-47bc-658d-b302-000000000b00}

ParentProcessId: 3364

ParentImage: C:\Windows\System32\cmd.exe

ParentCommandLine: ""cmd.exe"" /c reg add ""HKCU\Software\Policies\Microsoft\Windows\OOBE"" /v DisablePrivacyExperience /t REG_DWORD /d 1 /f

ParentUser: WINDEV2309EVAL\User</Message>
      <Level>Information</Level>
      <Task>Process Create (rule: ProcessCreate)</Task>
      <Opcode>Info</Opcode>
    </RenderingInfo>
  </Event>
  
"
Microsoft-Windows-Sysmon/Operational,"""cmd.exe"" /c reg add ""HKCU\Software\Policies\Microsoft\Windows\OOBE"" /v DisablePrivacyExperience /t REG_DWORD /d 1 /f",Microsoft Corporation,WinDev2309Eval,,C:\Users\User\AppData\Local\Temp\,Windows Command Processor,,,,,,,1,9535,,10.0.22621.1635 (WinBuild.160101.0800),"MD5=5A6BE4D2519515241D0C133A26CF62C0,SHA256=423E0E810A69AACEBA0E5670E58AFF898CF0EBFFAB99CCB46EBB3464C3D2FACB,IMPHASH=D73E39DAB3C8B57AA408073D01254964",C:\Windows\System32\cmd.exe,,Medium,0x8000000000000000,Information,{fda94052-3502-658d-b367-080000000000},0x867b3,"Process Create:

RuleName: -

UtcTime: 2023-12-28 10:02:36.721

ProcessGuid: {fda94052-47bc-658d-b302-000000000b00}

ProcessId: 3364

Image: C:\Windows\System32\cmd.exe

FileVersion: 10.0.22621.1635 (WinBuild.160101.0800)

Description: Windows Command Processor

Product: Microsoft® Windows® Operating System

Company: Microsoft Corporation

OriginalFileName: Cmd.Exe

CommandLine: ""cmd.exe"" /c reg add ""HKCU\Software\Policies\Microsoft\Windows\OOBE"" /v DisablePrivacyExperience /t REG_DWORD /d 1 /f

CurrentDirectory: C:\Users\User\AppData\Local\Temp\

User: WINDEV2309EVAL\User

LogonGuid: {fda94052-3502-658d-b367-080000000000}

LogonId: 0x867B3

TerminalSessionId: 1

IntegrityLevel: Medium

Hashes: MD5=5A6BE4D2519515241D0C133A26CF62C0,SHA256=423E0E810A69AACEBA0E5670E58AFF898CF0EBFFAB99CCB46EBB3464C3D2FACB,IMPHASH=D73E39DAB3C8B57AA408073D01254964

ParentProcessGuid: {fda94052-b87a-658c-2702-000000000b00}

ParentProcessId: 5076

ParentImage: C:\Windows\System32\WindowsPowerShell\v1.0\powershell.exe

ParentCommandLine: ""C:\Windows\System32\WindowsPowerShell\v1.0\powershell.exe"" -exec bypass

ParentUser: WINDEV2309EVAL\User",Info,Cmd.Exe,"""C:\Windows\System32\WindowsPowerShell\v1.0\powershell.exe"" -exec bypass",C:\Windows\System32\WindowsPowerShell\v1.0\powershell.exe,{fda94052-b87a-658c-2702-000000000b00},5076,WINDEV2309EVAL\User,{fda94052-47bc-658d-b302-000000000b00},7044,3364,Microsoft® Windows® Operating System,,,,,"
      ",-,,,,,,2023-12-28T10:02:36.7223363Z,,,Process Create (rule: ProcessCreate),1,6672,WINDEV2309EVAL\User,S-1-5-18,2023-12-28 10:02:36.721,5,"<Event xmlns=""http://schemas.microsoft.com/win/2004/08/events/event"">
    <System>
      <Provider Name=""Microsoft-Windows-Sysmon"" Guid=""{5770385f-c22a-43e0-bf4c-06f5698ffbd9}""/>
      <EventID>1</EventID>
      <Version>5</Version>
      <Level>4</Level>
      <Task>1</Task>
      <Opcode>0</Opcode>
      <Keywords>0x8000000000000000</Keywords>
      <TimeCreated SystemTime=""2023-12-28T10:02:36.7223363Z""/>
      <EventRecordID>9535</EventRecordID>
      <Correlation/>
      <Execution ProcessID=""7044"" ThreadID=""6672""/>
      <Channel>Microsoft-Windows-Sysmon/Operational</Channel>
      <Computer>WinDev2309Eval</Computer>
      <Security UserID=""S-1-5-18""/>
    </System>
    <EventData>
      <Data Name=""RuleName"">-</Data>
      <Data Name=""UtcTime"">2023-12-28 10:02:36.721</Data>
      <Data Name=""ProcessGuid"">{fda94052-47bc-658d-b302-000000000b00}</Data>
      <Data Name=""ProcessId"">3364</Data>
      <Data Name=""Image"">C:\Windows\System32\cmd.exe</Data>
      <Data Name=""FileVersion"">10.0.22621.1635 (WinBuild.160101.0800)</Data>
      <Data Name=""Description"">Windows Command Processor</Data>
      <Data Name=""Product"">Microsoft&#174; Windows&#174; Operating System</Data>
      <Data Name=""Company"">Microsoft Corporation</Data>
      <Data Name=""OriginalFileName"">Cmd.Exe</Data>
      <Data Name=""CommandLine"">""cmd.exe"" /c reg add ""HKCU\Software\Policies\Microsoft\Windows\OOBE"" /v DisablePrivacyExperience /t REG_DWORD /d 1 /f</Data>
      <Data Name=""CurrentDirectory"">C:\Users\User\AppData\Local\Temp\</Data>
      <Data Name=""User"">WINDEV2309EVAL\User</Data>
      <Data Name=""LogonGuid"">{fda94052-3502-658d-b367-080000000000}</Data>
      <Data Name=""LogonId"">0x867b3</Data>
      <Data Name=""TerminalSessionId"">1</Data>
      <Data Name=""IntegrityLevel"">Medium</Data>
      <Data Name=""Hashes"">MD5=5A6BE4D2519515241D0C133A26CF62C0,SHA256=423E0E810A69AACEBA0E5670E58AFF898CF0EBFFAB99CCB46EBB3464C3D2FACB,IMPHASH=D73E39DAB3C8B57AA408073D01254964</Data>
      <Data Name=""ParentProcessGuid"">{fda94052-b87a-658c-2702-000000000b00}</Data>
      <Data Name=""ParentProcessId"">5076</Data>
      <Data Name=""ParentImage"">C:\Windows\System32\WindowsPowerShell\v1.0\powershell.exe</Data>
      <Data Name=""ParentCommandLine"">""C:\Windows\System32\WindowsPowerShell\v1.0\powershell.exe"" -exec bypass</Data>
      <Data Name=""ParentUser"">WINDEV2309EVAL\User</Data>
    </EventData>
    <RenderingInfo Culture=""en-US"">
      <Message>Process Create:

RuleName: -

UtcTime: 2023-12-28 10:02:36.721

ProcessGuid: {fda94052-47bc-658d-b302-000000000b00}

ProcessId: 3364

Image: C:\Windows\System32\cmd.exe

FileVersion: 10.0.22621.1635 (WinBuild.160101.0800)

Description: Windows Command Processor

Product: Microsoft&#174; Windows&#174; Operating System

Company: Microsoft Corporation

OriginalFileName: Cmd.Exe

CommandLine: ""cmd.exe"" /c reg add ""HKCU\Software\Policies\Microsoft\Windows\OOBE"" /v DisablePrivacyExperience /t REG_DWORD /d 1 /f

CurrentDirectory: C:\Users\User\AppData\Local\Temp\

User: WINDEV2309EVAL\User

LogonGuid: {fda94052-3502-658d-b367-080000000000}

LogonId: 0x867B3

TerminalSessionId: 1

IntegrityLevel: Medium

Hashes: MD5=5A6BE4D2519515241D0C133A26CF62C0,SHA256=423E0E810A69AACEBA0E5670E58AFF898CF0EBFFAB99CCB46EBB3464C3D2FACB,IMPHASH=D73E39DAB3C8B57AA408073D01254964

ParentProcessGuid: {fda94052-b87a-658c-2702-000000000b00}

ParentProcessId: 5076

ParentImage: C:\Windows\System32\WindowsPowerShell\v1.0\powershell.exe

ParentCommandLine: ""C:\Windows\System32\WindowsPowerShell\v1.0\powershell.exe"" -exec bypass

ParentUser: WINDEV2309EVAL\User</Message>
      <Level>Information</Level>
      <Task>Process Create (rule: ProcessCreate)</Task>
      <Opcode>Info</Opcode>
    </RenderingInfo>
  </Event>
  
"
Microsoft-Windows-Sysmon/Operational,consent.exe 7068 444 00000249510BFB80,Microsoft Corporation,WinDev2309Eval,,C:\Windows\system32\,Consent UI for administrative applications,,,,,,,1,9534,,10.0.22621.2070 (WinBuild.160101.0800),"MD5=04236290F783C1B3A4D8B417BF6244A0,SHA256=DEDEC4ACEC0895F5A7622ADCB29C359F8855723653FE906C279565A01B7F2AC6,IMPHASH=5D0C875DBD930A73D5A983016E384930",C:\Windows\System32\consent.exe,,System,0x8000000000000000,Information,{fda94052-34eb-658d-e703-000000000000},0x3e7,"Process Create:

RuleName: -

UtcTime: 2023-12-28 10:02:36.470

ProcessGuid: {fda94052-47bc-658d-b202-000000000b00}

ProcessId: 2028

Image: C:\Windows\System32\consent.exe

FileVersion: 10.0.22621.2070 (WinBuild.160101.0800)

Description: Consent UI for administrative applications

Product: Microsoft® Windows® Operating System

Company: Microsoft Corporation

OriginalFileName: consent.exe

CommandLine: consent.exe 7068 444 00000249510BFB80

CurrentDirectory: C:\Windows\system32\

User: NT AUTHORITY\SYSTEM

LogonGuid: {fda94052-34eb-658d-e703-000000000000}

LogonId: 0x3E7

TerminalSessionId: 1

IntegrityLevel: System

Hashes: MD5=04236290F783C1B3A4D8B417BF6244A0,SHA256=DEDEC4ACEC0895F5A7622ADCB29C359F8855723653FE906C279565A01B7F2AC6,IMPHASH=5D0C875DBD930A73D5A983016E384930

ParentProcessGuid: {fda94052-b676-658c-ae00-000000000b00}

ParentProcessId: 7068

ParentImage: C:\Windows\System32\svchost.exe

ParentCommandLine: C:\Windows\system32\svchost.exe -k netsvcs -p -s Appinfo

ParentUser: NT AUTHORITY\SYSTEM",Info,consent.exe,C:\Windows\system32\svchost.exe -k netsvcs -p -s Appinfo,C:\Windows\System32\svchost.exe,{fda94052-b676-658c-ae00-000000000b00},7068,NT AUTHORITY\SYSTEM,{fda94052-47bc-658d-b202-000000000b00},7044,2028,Microsoft® Windows® Operating System,,,,,"
      ",-,,,,,,2023-12-28T10:02:36.4714392Z,,,Process Create (rule: ProcessCreate),1,6672,NT AUTHORITY\SYSTEM,S-1-5-18,2023-12-28 10:02:36.470,5,"<Event xmlns=""http://schemas.microsoft.com/win/2004/08/events/event"">
    <System>
      <Provider Name=""Microsoft-Windows-Sysmon"" Guid=""{5770385f-c22a-43e0-bf4c-06f5698ffbd9}""/>
      <EventID>1</EventID>
      <Version>5</Version>
      <Level>4</Level>
      <Task>1</Task>
      <Opcode>0</Opcode>
      <Keywords>0x8000000000000000</Keywords>
      <TimeCreated SystemTime=""2023-12-28T10:02:36.4714392Z""/>
      <EventRecordID>9534</EventRecordID>
      <Correlation/>
      <Execution ProcessID=""7044"" ThreadID=""6672""/>
      <Channel>Microsoft-Windows-Sysmon/Operational</Channel>
      <Computer>WinDev2309Eval</Computer>
      <Security UserID=""S-1-5-18""/>
    </System>
    <EventData>
      <Data Name=""RuleName"">-</Data>
      <Data Name=""UtcTime"">2023-12-28 10:02:36.470</Data>
      <Data Name=""ProcessGuid"">{fda94052-47bc-658d-b202-000000000b00}</Data>
      <Data Name=""ProcessId"">2028</Data>
      <Data Name=""Image"">C:\Windows\System32\consent.exe</Data>
      <Data Name=""FileVersion"">10.0.22621.2070 (WinBuild.160101.0800)</Data>
      <Data Name=""Description"">Consent UI for administrative applications</Data>
      <Data Name=""Product"">Microsoft&#174; Windows&#174; Operating System</Data>
      <Data Name=""Company"">Microsoft Corporation</Data>
      <Data Name=""OriginalFileName"">consent.exe</Data>
      <Data Name=""CommandLine"">consent.exe 7068 444 00000249510BFB80</Data>
      <Data Name=""CurrentDirectory"">C:\Windows\system32\</Data>
      <Data Name=""User"">NT AUTHORITY\SYSTEM</Data>
      <Data Name=""LogonGuid"">{fda94052-34eb-658d-e703-000000000000}</Data>
      <Data Name=""LogonId"">0x3e7</Data>
      <Data Name=""TerminalSessionId"">1</Data>
      <Data Name=""IntegrityLevel"">System</Data>
      <Data Name=""Hashes"">MD5=04236290F783C1B3A4D8B417BF6244A0,SHA256=DEDEC4ACEC0895F5A7622ADCB29C359F8855723653FE906C279565A01B7F2AC6,IMPHASH=5D0C875DBD930A73D5A983016E384930</Data>
      <Data Name=""ParentProcessGuid"">{fda94052-b676-658c-ae00-000000000b00}</Data>
      <Data Name=""ParentProcessId"">7068</Data>
      <Data Name=""ParentImage"">C:\Windows\System32\svchost.exe</Data>
      <Data Name=""ParentCommandLine"">C:\Windows\system32\svchost.exe -k netsvcs -p -s Appinfo</Data>
      <Data Name=""ParentUser"">NT AUTHORITY\SYSTEM</Data>
    </EventData>
    <RenderingInfo Culture=""en-US"">
      <Message>Process Create:

RuleName: -

UtcTime: 2023-12-28 10:02:36.470

ProcessGuid: {fda94052-47bc-658d-b202-000000000b00}

ProcessId: 2028

Image: C:\Windows\System32\consent.exe

FileVersion: 10.0.22621.2070 (WinBuild.160101.0800)

Description: Consent UI for administrative applications

Product: Microsoft&#174; Windows&#174; Operating System

Company: Microsoft Corporation

OriginalFileName: consent.exe

CommandLine: consent.exe 7068 444 00000249510BFB80

CurrentDirectory: C:\Windows\system32\

User: NT AUTHORITY\SYSTEM

LogonGuid: {fda94052-34eb-658d-e703-000000000000}

LogonId: 0x3E7

TerminalSessionId: 1

IntegrityLevel: System

Hashes: MD5=04236290F783C1B3A4D8B417BF6244A0,SHA256=DEDEC4ACEC0895F5A7622ADCB29C359F8855723653FE906C279565A01B7F2AC6,IMPHASH=5D0C875DBD930A73D5A983016E384930

ParentProcessGuid: {fda94052-b676-658c-ae00-000000000b00}

ParentProcessId: 7068

ParentImage: C:\Windows\System32\svchost.exe

ParentCommandLine: C:\Windows\system32\svchost.exe -k netsvcs -p -s Appinfo

ParentUser: NT AUTHORITY\SYSTEM</Message>
      <Level>Information</Level>
      <Task>Process Create (rule: ProcessCreate)</Task>
      <Opcode>Info</Opcode>
    </RenderingInfo>
  </Event>
  
"
