"
Microsoft-Windows-Sysmon/Operational,"""C:\Program Files (x86)\Microsoft\EdgeWebView\Application\120.0.2210.91\msedgewebview2.exe"" --type=utility --utility-sub-type=unzip.mojom.Unzipper --lang=en-US --service-sandbox-type=service --noerrdialogs --user-data-dir=""C:\Users\User\AppData\Local\Packages\MicrosoftWindows.Client.WebExperience_cw5n1h2txyewy\LocalState\EBWebView"" --webview-exe-name=Widgets.exe --webview-exe-version=421.20070.1820.0 --embedded-browser-webview=1 --mojo-platform-channel-handle=4392 --field-trial-handle=1784,i,2295490780030403019,2821906385101450000,262144 --enable-features=MojoIpcz,UseBackgroundNativeThreadPool,UseNativeThreadPool,msWebView2TreatAppSuspendAsDeviceSuspend --variations-seed-version /prefetch:8 /pfhostedapp:017373b2a5c4ead1a08d36a47bf86195c1909a61",Microsoft Corporation,WinDev2309Eval,2023-12-28 10:25:41.807,C:\Program Files (x86)\Microsoft\EdgeWebView\Application\120.0.2210.91\,Microsoft Edge WebView2,,22,9462,120.0.2210.91,"MD5=8094151812FF45079C840986A0489C78,SHA256=6A4E8A5761C51840CE988C9241B514028A5E45FDB386B072DB0447E3961E3A06,IMPHASH=EA4CA1F8E3B3D9373D39C13FD1348A63",C:\Windows\system32\svchost.exe,Low,0x8000000000000000,Information,{fda94052-3502-658d-b367-080000000000},0x867b3,"Dns query:
RuleName: -
UtcTime: 2023-12-27 23:54:21.075
ProcessGuid: {fda94052-34f2-658d-3f00-000000000b00}
ProcessId: 2948
QueryName: wpad
QueryStatus: 1460
QueryResults: -
Image: C:\Windows\system32\svchost.exe
User: NT AUTHORITY\LOCAL SERVICE",Info,msedgewebview2.exe,"""C:\Program Files (x86)\Microsoft\EdgeWebView\Application\120.0.2210.91\msedgewebview2.exe"" --embedded-browser-webview=1 --webview-exe-name=Widgets.exe --webview-exe-version=421.20070.1820.0 --user-data-dir=""C:\Users\User\AppData\Local\Packages\MicrosoftWindows.Client.WebExperience_cw5n1h2txyewy\LocalState\EBWebView"" --noerrdialogs --disk-cache-size=52428800 --edge-webview-is-background --enable-features=MojoIpcz,msWebView2TreatAppSuspendAsDeviceSuspend,UseNativeThreadPool,UseBackgroundNativeThreadPool --lang=en-US --accept-lang=en-US --mojo-named-platform-channel-pipe=8112.2288.17893317180732402091 /pfhostedapp:017373b2a5c4ead1a08d36a47bf86195c1909a61",C:\Program Files (x86)\Microsoft\EdgeWebView\Application\120.0.2210.91\msedgewebview2.exe,{fda94052-b85d-658c-1702-000000000b00},4184,WINDEV2309EVAL\User,{fda94052-34f2-658d-3f00-000000000b00},7044,2948,Microsoft Edge WebView2,wpad,-,1460,,-,2023-12-28T10:25:29.5131827Z,C:\Users\User\AppData\Local\Temp\__PSScriptPolicyTest_l54ruwmy.1wd.ps1,Dns query (rule: DnsQuery),1,1124,NT AUTHORITY\LOCAL SERVICE,S-1-5-18,2023-12-27 23:54:21.075,5,"<Event xmlns=""http://schemas.microsoft.com/win/2004/08/events/event"">
  <System>
    <Provider Name=""Microsoft-Windows-Sysmon"" Guid=""{5770385f-c22a-43e0-bf4c-06f5698ffbd9}""/>
    <EventID>1</EventID>
    <Version>5</Version>
    <Level>4</Level>
    <Task>1</Task>
    <Opcode>0</Opcode>
    <Keywords>0x8000000000000000</Keywords>
    <TimeCreated SystemTime=""2023-12-28T10:25:43.4850934Z""/>
    <EventRecordID>9481</EventRecordID>
    <Correlation/>
    <Execution ProcessID=""7044"" ThreadID=""6672""/>
    <Channel>Microsoft-Windows-Sysmon/Operational</Channel>
    <Computer>WinDev2309Eval</Computer>
    <Security UserID=""S-1-5-18""/>
  </System>
  <EventData>
    <Data Name=""RuleName"">-</Data>
    <Data Name=""UtcTime"">2023-12-28 10:25:43.484</Data>
    <Data Name=""ProcessGuid"">{fda94052-4d27-658d-7f02-000000000b00}</Data>
    <Data Name=""ProcessId"">4804</Data>
    <Data Name=""Image"">C:\Windows\System32\cmd.exe</Data>
    <Data Name=""FileVersion"">10.0.22621.1635 (WinBuild.160101.0800)</Data>
    <Data Name=""Description"">Windows Command Processor</Data>
    <Data Name=""Product"">Microsoft&#174; Windows&#174; Operating System</Data>
    <Data Name=""Company"">Microsoft Corporation</Data>
    <Data Name=""OriginalFileName"">Cmd.Exe</Data>
    <Data Name=""CommandLine"">""C:\Windows\system32\cmd.exe"" /c ""C:\Users\User\AppData\Local\Temp\psexec.exe  -accepteula  \\WINDEV2309EVAL cmd.exe  /c echo "" --access-token</Data>
    <Data Name=""CurrentDirectory"">C:\Users\User\AppData\Local\Temp\</Data>
    <Data Name=""User"">WINDEV2309EVAL\User</Data>
    <Data Name=""LogonGuid"">{fda94052-3502-658d-b367-080000000000}</Data>
    <Data Name=""LogonId"">0x867b3</Data>
    <Data Name=""TerminalSessionId"">1</Data>
    <Data Name=""IntegrityLevel"">Medium</Data>
    <Data Name=""Hashes"">MD5=5A6BE4D2519515241D0C133A26CF62C0,SHA256=423E0E810A69AACEBA0E5670E58AFF898CF0EBFFAB99CCB46EBB3464C3D2FACB,IMPHASH=D73E39DAB3C8B57AA408073D01254964</Data>
    <Data Name=""ParentProcessGuid"">{fda94052-4d25-658d-7602-000000000b00}</Data>
    <Data Name=""ParentProcessId"">10308</Data>
    <Data Name=""ParentImage"">C:\Windows\System32\WindowsPowerShell\v1.0\powershell.exe</Data>
    <Data Name=""ParentCommandLine"">""powershell.exe"" &amp; {cmd.exe /c \""""wmic 	csproduct 	get UUID\"""" 
cmd.exe /c \""""fsutil behavior 	set SymlinkEvaluation R2L:1\"""" 
cmd.exe /c \""""fsutil behavior set 	SymlinkEvaluation R2R:1\""""
reg    add    HKEY_LOCAL_MACHINE\SYSTEM\CurrentControlSet\Services\LanmanServer\Parameters    /v MaxMpxCt /d 65535 /t REG_DWORD /f      
copy \""""C:\AtomicRedTeam\atomics\..\ExternalPayloads\PsExec.exe\"""" $env:temp
cmd.exe /c \""""$env:temp\psexec.exe  -accepteula  \\$ENV:COMPUTERNAME cmd.exe  /c echo \""""--access-token\""""\""""}</Data>
    <Data Name=""ParentUser"">WINDEV2309EVAL\User</Data>
  </EventData>
  <RenderingInfo Culture=""en-US"">
    <Message>Process Create:&#13;
RuleName: -&#13;
UtcTime: 2023-12-28 10:25:43.484&#13;
ProcessGuid: {fda94052-4d27-658d-7f02-000000000b00}&#13;
ProcessId: 4804&#13;
Image: C:\Windows\System32\cmd.exe&#13;
FileVersion: 10.0.22621.1635 (WinBuild.160101.0800)&#13;
Description: Windows Command Processor&#13;
Product: Microsoft&#174; Windows&#174; Operating System&#13;
Company: Microsoft Corporation&#13;
OriginalFileName: Cmd.Exe&#13;
CommandLine: ""C:\Windows\system32\cmd.exe"" /c ""C:\Users\User\AppData\Local\Temp\psexec.exe  -accepteula  \\WINDEV2309EVAL cmd.exe  /c echo "" --access-token&#13;
CurrentDirectory: C:\Users\User\AppData\Local\Temp\&#13;
User: WINDEV2309EVAL\User&#13;
LogonGuid: {fda94052-3502-658d-b367-080000000000}&#13;
LogonId: 0x867B3&#13;
TerminalSessionId: 1&#13;
IntegrityLevel: Medium&#13;
Hashes: MD5=5A6BE4D2519515241D0C133A26CF62C0,SHA256=423E0E810A69AACEBA0E5670E58AFF898CF0EBFFAB99CCB46EBB3464C3D2FACB,IMPHASH=D73E39DAB3C8B57AA408073D01254964&#13;
ParentProcessGuid: {fda94052-4d25-658d-7602-000000000b00}&#13;
ParentProcessId: 10308&#13;
ParentImage: C:\Windows\System32\WindowsPowerShell\v1.0\powershell.exe&#13;
ParentCommandLine: ""powershell.exe"" &amp; {cmd.exe /c \""""wmic 	<Event xmlns=""http://schemas.microsoft.com/win/2004/08/events/event""><System><Provider Name=""Microsoft-Windows-Sysmon"" Guid=""{5770385f-c22a-43e0-bf4c-06f5698ffbd9}""/><EventID>1</EventID><Version>5</Version><Level>4</Level><Task>1</Task><Opcode>0</Opcode><Keywords>0x8000000000000000</Keywords><TimeCreated SystemTime=""2023-12-28T10:25:42.8868050Z""/><EventRecordID>9480</EventRecordID><Correlation/><Execution ProcessID=""7044"" ThreadID=""6672""/><Channel>Microsoft-Windows-Sysmon/Operational</Channel><Computer>WinDev2309Eval</Computer><Security UserID=""S-1-5-18""/></System><EventData><Data Name=""RuleName"">-</Data><Data Name=""UtcTime"">2023-12-28 10:25:42.884</Data><Data Name=""ProcessGuid"">{fda94052-4d26-658d-7e02-000000000b00}</Data><Data Name=""ProcessId"">11176</Data><Data Name=""Image"">C:\Windows\System32\reg.exe</Data><Data Name=""FileVersion"">10.0.22621.1 (WinBuild.160101.0800)</Data><Data Name=""Description"">Registry Console Tool</Data><Data Name=""Product"">Microsoft&#174; Windows&#174; Operating System</Data><Data Name=""Company"">Microsoft Corporation</Data><Data Name=""OriginalFileName"">reg.exe</Data><Data Name=""CommandLine"">""C:\Windows\system32\reg.exe"" add HKEY_LOCAL_MACHINE\SYSTEM\CurrentControlSet\Services\LanmanServer\Parameters /v MaxMpxCt /d 65535 /t REG_DWORD /f</Data><Data Name=""CurrentDirectory"">C:\Users\User\AppData\Local\Temp\</Data><Data Name=""User"">WINDEV2309EVAL\User</Data><Data Name=""LogonGuid"">{fda94052-3502-658d-b367-080000000000}</Data><Data Name=""LogonId"">0x867b3</Data><Data Name=""TerminalSessionId"">1</Data><Data Name=""IntegrityLevel"">Medium</Data><Data Name=""Hashes"">MD5=CDB58D0BCABE76AFC60428F364834463,SHA256=411AE446FE37B30C0727888C7FA5E88994A46DAFD41AA5B3B06C9E884549AFDE,IMPHASH=1085BD82B37A225F6D356012D2E69C3D</Data><Data Name=""ParentProcessGuid"">{fda94052-4d25-658d-7602-000000000b00}</Data><Data Name=""ParentProcessId"">10308</Data><Data Name=""ParentImage"">C:\Windows\System32\WindowsPowerShell\v1.0\powershell.exe</Data><Data Name=""ParentCommandLine"">""powershell.exe"" &amp; {cmd.exe /c \""""wmic 	csproduct 	get UUID\"""" 
cmd.exe /c \""""fsutil behavior 	set SymlinkEvaluation R2L:1\"""" 
cmd.exe /c \""""fsutil behavior set 	SymlinkEvaluation R2R:1\""""
reg    add    HKEY_LOCAL_MACHINE\SYSTEM\CurrentControlSet\Services\LanmanServer\Parameters    /v MaxMpxCt /d 65535 /t REG_DWORD /f      
copy \""""C:\AtomicRedTeam\atomics\..\ExternalPayloads\PsExec.exe\"""" $env:temp
cmd.exe /c \""""$env:temp\psexec.exe  -accepteula  \\$ENV:COMPUTERNAME cmd.exe  /c echo \""""--access-token\""""\""""}</Data><Data Name=""ParentUser"">WINDEV2309EVAL\User</Data></EventData><RenderingInfo Culture=""en-US""><Message>Process Create:&#13;
RuleName: -&#13;
UtcTime: 2023-12-28 10:25:42.884&#13;
ProcessGuid: {fda94052-4d26-658d-7e02-000000000b00}&#13;
ProcessId: 11176&#13;
Image: C:\Windows\System32\reg.exe&#13;
FileVersion: 10.0.22621.1 (WinBuild.160101.0800)&#13;
Description: Registry Console Tool&#13;
Product: Microsoft&#174; Windows&#174; Operating System&#13;
Company: Microsoft Corporation&#13;
OriginalFileName: reg.exe&#13;
CommandLine: ""C:\Windows\system32\reg.exe"" add HKEY_LOCAL_MACHINE\SYSTEM\CurrentControlSet\Services\LanmanServer\Parameters /v MaxMpxCt /d 65535 /t REG_DWORD /f&#13;
CurrentDirectory: C:\Users\User\AppData\Local\Temp\&#13;
User: WINDEV2309EVAL\User&#13;
LogonGuid: {fda94052-3502-658d-b367-080000000000}&#13;
LogonId: 0x867B3&#13;
TerminalSessionId: 1&#13;
IntegrityLevel: Medium&#13;
Hashes: MD5=CDB58D0BCABE76AFC60428F364834463,SHA256=411AE446FE37B30C0727888C7FA5E88994A46DAFD41AA5B3B06C9E884549AFDE,IMPHASH=1085BD82B37A225F6D356012D2E69C3D&#13;
ParentProcessGuid: {fda94052-4d25-658d-7602-000000000b00}&#13;
ParentProcessId: 10308&#13;
ParentImage: C:\Windows\System32\WindowsPowerShell\v1.0\powershell.exe&#13;
ParentCommandLine: ""powershell.exe"" &amp; {cmd.exe /c \""""wmic 	<Event xmlns=""http://schemas.microsoft.com/win/2004/08/events/event""><System><Provider Name=""Microsoft-Windows-Sysmon"" Guid=""{5770385f-c22a-43e0-bf4c-06f5698ffbd9}""/><EventID>1</EventID><Version>5</Version><Level>4</Level><Task>1</Task><Opcode>0</Opcode><Keywords>0x8000000000000000</Keywords><TimeCreated SystemTime=""2023-12-28T10:25:42.8690564Z""/><EventRecordID>9479</EventRecordID><Correlation/><Execution ProcessID=""7044"" ThreadID=""6672""/><Channel>Microsoft-Windows-Sysmon/Operational</Channel><Computer>WinDev2309Eval</Computer><Security UserID=""S-1-5-18""/></System><EventData><Data Name=""RuleName"">-</Data><Data Name=""UtcTime"">2023-12-28 10:25:42.868</Data><Data Name=""ProcessGuid"">{fda94052-4d26-658d-7d02-000000000b00}</Data><Data Name=""ProcessId"">3252</Data><Data Name=""Image"">C:\Windows\System32\fsutil.exe</Data><Data Name=""FileVersion"">10.0.22621.1 (WinBuild.160101.0800)</Data><Data Name=""Description"">fsutil.exe</Data><Data Name=""Product"">Microsoft&#174; Windows&#174; Operating System</Data><Data Name=""Company"">Microsoft Corporation</Data><Data Name=""OriginalFileName"">fsutil.exe</Data><Data Name=""CommandLine"">fsutil  behavior set 	SymlinkEvaluation R2R:1</Data><Data Name=""CurrentDirectory"">C:\Users\User\AppData\Local\Temp\</Data><Data Name=""User"">WINDEV2309EVAL\User</Data><Data Name=""LogonGuid"">{fda94052-3502-658d-b367-080000000000}</Data><Data Name=""LogonId"">0x867b3</Data><Data Name=""TerminalSessionId"">1</Data><Data Name=""IntegrityLevel"">Medium</Data><Data Name=""Hashes"">MD5=34B55A9D07C3FB7114EB81A3AC6C62EA,SHA256=641A55B1E9860516580FF061CB177A817AB1E364953FCF235078758C234E2BEC,IMPHASH=23E6D8EB567BEB19184BDE04965DBFFA</Data><Data Name=""ParentProcessGuid"">{fda94052-4d26-658d-7c02-000000000b00}</Data><Data Name=""ParentProcessId"">11188</Data><Data Name=""ParentImage"">C:\Windows\System32\cmd.exe</Data><Data Name=""ParentCommandLine"">""C:\Windows\system32\cmd.exe"" /c ""fsutil behavior set 	SymlinkEvaluation R2R:1""</Data><Data Name=""ParentUser"">WINDEV2309EVAL\User</Data></EventData><RenderingInfo Culture=""en-US""><Message>Process Create:&#13;
RuleName: -&#13;
UtcTime: 2023-12-28 10:25:42.868&#13;
ProcessGuid: {fda94052-4d26-658d-7d02-000000000b00}&#13;
ProcessId: 3252&#13;
Image: C:\Windows\System32\fsutil.exe&#13;
FileVersion: 10.0.22621.1 (WinBuild.160101.0800)&#13;
Description: fsutil.exe&#13;
Product: Microsoft&#174; Windows&#174; Operating System&#13;
Company: Microsoft Corporation&#13;
OriginalFileName: fsutil.exe&#13;
CommandLine: fsutil  behavior set 	<Event xmlns=""http://schemas.microsoft.com/win/2004/08/events/event""><System><Provider Name=""Microsoft-Windows-Sysmon"" Guid=""{5770385f-c22a-43e0-bf4c-06f5698ffbd9}""/><EventID>1</EventID><Version>5</Version><Level>4</Level><Task>1</Task><Opcode>0</Opcode><Keywords>0x8000000000000000</Keywords><TimeCreated SystemTime=""2023-12-28T10:25:42.8596321Z""/><EventRecordID>9478</EventRecordID><Correlation/><Execution ProcessID=""7044"" ThreadID=""6672""/><Channel>Microsoft-Windows-Sysmon/Operational</Channel><Computer>WinDev2309Eval</Computer><Security UserID=""S-1-5-18""/></System><EventData><Data Name=""RuleName"">-</Data><Data Name=""UtcTime"">2023-12-28 10:25:42.858</Data><Data Name=""ProcessGuid"">{fda94052-4d26-658d-7c02-000000000b00}</Data><Data Name=""ProcessId"">11188</Data><Data Name=""Image"">C:\Windows\System32\cmd.exe</Data><Data Name=""FileVersion"">10.0.22621.1635 (WinBuild.160101.0800)</Data><Data Name=""Description"">Windows Command Processor</Data><Data Name=""Product"">Microsoft&#174; Windows&#174; Operating System</Data><Data Name=""Company"">Microsoft Corporation</Data><Data Name=""OriginalFileName"">Cmd.Exe</Data><Data Name=""CommandLine"">""C:\Windows\system32\cmd.exe"" /c ""fsutil behavior set 	SymlinkEvaluation R2R:1""</Data><Data Name=""CurrentDirectory"">C:\Users\User\AppData\Local\Temp\</Data><Data Name=""User"">WINDEV2309EVAL\User</Data><Data Name=""LogonGuid"">{fda94052-3502-658d-b367-080000000000}</Data><Data Name=""LogonId"">0x867b3</Data><Data Name=""TerminalSessionId"">1</Data><Data Name=""IntegrityLevel"">Medium</Data><Data Name=""Hashes"">MD5=5A6BE4D2519515241D0C133A26CF62C0,SHA256=423E0E810A69AACEBA0E5670E58AFF898CF0EBFFAB99CCB46EBB3464C3D2FACB,IMPHASH=D73E39DAB3C8B57AA408073D01254964</Data><Data Name=""ParentProcessGuid"">{fda94052-4d25-658d-7602-000000000b00}</Data><Data Name=""ParentProcessId"">10308</Data><Data Name=""ParentImage"">C:\Windows\System32\WindowsPowerShell\v1.0\powershell.exe</Data><Data Name=""ParentCommandLine"">""powershell.exe"" &amp; {cmd.exe /c \""""wmic 	csproduct 	get UUID\"""" 
cmd.exe /c \""""fsutil behavior 	set SymlinkEvaluation R2L:1\"""" 
cmd.exe /c \""""fsutil behavior set 	SymlinkEvaluation R2R:1\""""
reg    add    HKEY_LOCAL_MACHINE\SYSTEM\CurrentControlSet\Services\LanmanServer\Parameters    /v MaxMpxCt /d 65535 /t REG_DWORD /f      
copy \""""C:\AtomicRedTeam\atomics\..\ExternalPayloads\PsExec.exe\"""" $env:temp
cmd.exe /c \""""$env:temp\psexec.exe  -accepteula  \\$ENV:COMPUTERNAME cmd.exe  /c echo \""""--access-token\""""\""""}</Data><Data Name=""ParentUser"">WINDEV2309EVAL\User</Data></EventData><RenderingInfo Culture=""en-US""><Message>Process Create:&#13;
RuleName: -&#13;
UtcTime: 2023-12-28 10:25:42.858&#13;
ProcessGuid: {fda94052-4d26-658d-7c02-000000000b00}&#13;
ProcessId: 11188&#13;
Image: C:\Windows\System32\cmd.exe&#13;
FileVersion: 10.0.22621.1635 (WinBuild.160101.0800)&#13;
Description: Windows Command Processor&#13;
Product: Microsoft&#174; Windows&#174; Operating System&#13;
Company: Microsoft Corporation&#13;
OriginalFileName: Cmd.Exe&#13;
CommandLine: ""C:\Windows\system32\cmd.exe"" /c ""fsutil behavior set 	<Event xmlns=""http://schemas.microsoft.com/win/2004/08/events/event""><System><Provider Name=""Microsoft-Windows-Sysmon"" Guid=""{5770385f-c22a-43e0-bf4c-06f5698ffbd9}""/><EventID>1</EventID><Version>5</Version><Level>4</Level><Task>1</Task><Opcode>0</Opcode><Keywords>0x8000000000000000</Keywords><TimeCreated SystemTime=""2023-12-28T10:25:42.8445145Z""/><EventRecordID>9477</EventRecordID><Correlation/><Execution ProcessID=""7044"" ThreadID=""6672""/><Channel>Microsoft-Windows-Sysmon/Operational</Channel><Computer>WinDev2309Eval</Computer><Security UserID=""S-1-5-18""/></System><EventData><Data Name=""RuleName"">-</Data><Data Name=""UtcTime"">2023-12-28 10:25:42.840</Data><Data Name=""ProcessGuid"">{fda94052-4d26-658d-7b02-000000000b00}</Data><Data Name=""ProcessId"">7444</Data><Data Name=""Image"">C:\Windows\System32\fsutil.exe</Data><Data Name=""FileVersion"">10.0.22621.1 (WinBuild.160101.0800)</Data><Data Name=""Description"">fsutil.exe</Data><Data Name=""Product"">Microsoft&#174; Windows&#174; Operating System</Data><Data Name=""Company"">Microsoft Corporation</Data><Data Name=""OriginalFileName"">fsutil.exe</Data><Data Name=""CommandLine"">fsutil  behavior 	set SymlinkEvaluation R2L:1</Data><Data Name=""CurrentDirectory"">C:\Users\User\AppData\Local\Temp\</Data><Data Name=""User"">WINDEV2309EVAL\User</Data><Data Name=""LogonGuid"">{fda94052-3502-658d-b367-080000000000}</Data><Data Name=""LogonId"">0x867b3</Data><Data Name=""TerminalSessionId"">1</Data><Data Name=""IntegrityLevel"">Medium</Data><Data Name=""Hashes"">MD5=34B55A9D07C3FB7114EB81A3AC6C62EA,SHA256=641A55B1E9860516580FF061CB177A817AB1E364953FCF235078758C234E2BEC,IMPHASH=23E6D8EB567BEB19184BDE04965DBFFA</Data><Data Name=""ParentProcessGuid"">{fda94052-4d26-658d-7a02-000000000b00}</Data><Data Name=""ParentProcessId"">3836</Data><Data Name=""ParentImage"">C:\Windows\System32\cmd.exe</Data><Data Name=""ParentCommandLine"">""C:\Windows\system32\cmd.exe"" /c ""fsutil behavior 	set SymlinkEvaluation R2L:1""</Data><Data Name=""ParentUser"">WINDEV2309EVAL\User</Data></EventData><RenderingInfo Culture=""en-US""><Message>Process Create:&#13;
RuleName: -&#13;
UtcTime: 2023-12-28 10:25:42.840&#13;
ProcessGuid: {fda94052-4d26-658d-7b02-000000000b00}&#13;
ProcessId: 7444&#13;
Image: C:\Windows\System32\fsutil.exe&#13;
FileVersion: 10.0.22621.1 (WinBuild.160101.0800)&#13;
Description: fsutil.exe&#13;
Product: Microsoft&#174; Windows&#174; Operating System&#13;
Company: Microsoft Corporation&#13;
OriginalFileName: fsutil.exe&#13;
CommandLine: fsutil  behavior 	<Event xmlns=""http://schemas.microsoft.com/win/2004/08/events/event""><System><Provider Name=""Microsoft-Windows-Sysmon"" Guid=""{5770385f-c22a-43e0-bf4c-06f5698ffbd9}""/><EventID>1</EventID><Version>5</Version><Level>4</Level><Task>1</Task><Opcode>0</Opcode><Keywords>0x8000000000000000</Keywords><TimeCreated SystemTime=""2023-12-28T10:25:42.8271152Z""/><EventRecordID>9476</EventRecordID><Correlation/><Execution ProcessID=""7044"" ThreadID=""6672""/><Channel>Microsoft-Windows-Sysmon/Operational</Channel><Computer>WinDev2309Eval</Computer><Security UserID=""S-1-5-18""/></System><EventData><Data Name=""RuleName"">-</Data><Data Name=""UtcTime"">2023-12-28 10:25:42.826</Data><Data Name=""ProcessGuid"">{fda94052-4d26-658d-7a02-000000000b00}</Data><Data Name=""ProcessId"">3836</Data><Data Name=""Image"">C:\Windows\System32\cmd.exe</Data><Data Name=""FileVersion"">10.0.22621.1635 (WinBuild.160101.0800)</Data><Data Name=""Description"">Windows Command Processor</Data><Data Name=""Product"">Microsoft&#174; Windows&#174; Operating System</Data><Data Name=""Company"">Microsoft Corporation</Data><Data Name=""OriginalFileName"">Cmd.Exe</Data><Data Name=""CommandLine"">""C:\Windows\system32\cmd.exe"" /c ""fsutil behavior 	set SymlinkEvaluation R2L:1""</Data><Data Name=""CurrentDirectory"">C:\Users\User\AppData\Local\Temp\</Data><Data Name=""User"">WINDEV2309EVAL\User</Data><Data Name=""LogonGuid"">{fda94052-3502-658d-b367-080000000000}</Data><Data Name=""LogonId"">0x867b3</Data><Data Name=""TerminalSessionId"">1</Data><Data Name=""IntegrityLevel"">Medium</Data><Data Name=""Hashes"">MD5=5A6BE4D2519515241D0C133A26CF62C0,SHA256=423E0E810A69AACEBA0E5670E58AFF898CF0EBFFAB99CCB46EBB3464C3D2FACB,IMPHASH=D73E39DAB3C8B57AA408073D01254964</Data><Data Name=""ParentProcessGuid"">{fda94052-4d25-658d-7602-000000000b00}</Data><Data Name=""ParentProcessId"">10308</Data><Data Name=""ParentImage"">C:\Windows\System32\WindowsPowerShell\v1.0\powershell.exe</Data><Data Name=""ParentCommandLine"">""powershell.exe"" &amp; {cmd.exe /c \""""wmic 	csproduct 	get UUID\"""" 
cmd.exe /c \""""fsutil behavior 	set SymlinkEvaluation R2L:1\"""" 
cmd.exe /c \""""fsutil behavior set 	SymlinkEvaluation R2R:1\""""
reg    add    HKEY_LOCAL_MACHINE\SYSTEM\CurrentControlSet\Services\LanmanServer\Parameters    /v MaxMpxCt /d 65535 /t REG_DWORD /f      
copy \""""C:\AtomicRedTeam\atomics\..\ExternalPayloads\PsExec.exe\"""" $env:temp
cmd.exe /c \""""$env:temp\psexec.exe  -accepteula  \\$ENV:COMPUTERNAME cmd.exe  /c echo \""""--access-token\""""\""""}</Data><Data Name=""ParentUser"">WINDEV2309EVAL\User</Data></EventData><RenderingInfo Culture=""en-US""><Message>Process Create:&#13;
RuleName: -&#13;
UtcTime: 2023-12-28 10:25:42.826&#13;
ProcessGuid: {fda94052-4d26-658d-7a02-000000000b00}&#13;
ProcessId: 3836&#13;
Image: C:\Windows\System32\cmd.exe&#13;
FileVersion: 10.0.22621.1635 (WinBuild.160101.0800)&#13;
Description: Windows Command Processor&#13;
Product: Microsoft&#174; Windows&#174; Operating System&#13;
Company: Microsoft Corporation&#13;
OriginalFileName: Cmd.Exe&#13;
CommandLine: ""C:\Windows\system32\cmd.exe"" /c ""fsutil behavior 	<Event xmlns=""http://schemas.microsoft.com/win/2004/08/events/event""><System><Provider Name=""Microsoft-Windows-Sysmon"" Guid=""{5770385f-c22a-43e0-bf4c-06f5698ffbd9}""/><EventID>1</EventID><Version>5</Version><Level>4</Level><Task>1</Task><Opcode>0</Opcode><Keywords>0x8000000000000000</Keywords><TimeCreated SystemTime=""2023-12-28T10:25:42.6930785Z""/><EventRecordID>9475</EventRecordID><Correlation/><Execution ProcessID=""7044"" ThreadID=""6672""/><Channel>Microsoft-Windows-Sysmon/Operational</Channel><Computer>WinDev2309Eval</Computer><Security UserID=""S-1-5-18""/></System><EventData><Data Name=""RuleName"">-</Data><Data Name=""UtcTime"">2023-12-28 10:25:42.689</Data><Data Name=""ProcessGuid"">{fda94052-4d26-658d-7902-000000000b00}</Data><Data Name=""ProcessId"">4128</Data><Data Name=""Image"">C:\Windows\System32\wbem\WMIC.exe</Data><Data Name=""FileVersion"">10.0.22621.2215 (WinBuild.160101.0800)</Data><Data Name=""Description"">WMI Commandline Utility</Data><Data Name=""Product"">Microsoft&#174; Windows&#174; Operating System</Data><Data Name=""Company"">Microsoft Corporation</Data><Data Name=""OriginalFileName"">wmic.exe</Data><Data Name=""CommandLine"">wmic  	csproduct 	get UUID</Data><Data Name=""CurrentDirectory"">C:\Users\User\AppData\Local\Temp\</Data><Data Name=""User"">WINDEV2309EVAL\User</Data><Data Name=""LogonGuid"">{fda94052-3502-658d-b367-080000000000}</Data><Data Name=""LogonId"">0x867b3</Data><Data Name=""TerminalSessionId"">1</Data><Data Name=""IntegrityLevel"">Medium</Data><Data Name=""Hashes"">MD5=E4CF847182D343390B2CFEF403FDC4B4,SHA256=AD00BAC8EF95A836700EB8FCAC345AD8DA6601A45FA83416041896233269700F,IMPHASH=43C6BE584D77B658A53A9A5C606724DD</Data><Data Name=""ParentProcessGuid"">{fda94052-4d26-658d-7802-000000000b00}</Data><Data Name=""ParentProcessId"">5340</Data><Data Name=""ParentImage"">C:\Windows\System32\cmd.exe</Data><Data Name=""ParentCommandLine"">""C:\Windows\system32\cmd.exe"" /c ""wmic 	csproduct 	get UUID""</Data><Data Name=""ParentUser"">WINDEV2309EVAL\User</Data></EventData><RenderingInfo Culture=""en-US""><Message>Process Create:&#13;
RuleName: -&#13;
UtcTime: 2023-12-28 10:25:42.689&#13;
ProcessGuid: {fda94052-4d26-658d-7902-000000000b00}&#13;
ProcessId: 4128&#13;
Image: C:\Windows\System32\wbem\WMIC.exe&#13;
FileVersion: 10.0.22621.2215 (WinBuild.160101.0800)&#13;
Description: WMI Commandline Utility&#13;
Product: Microsoft&#174; Windows&#174; Operating System&#13;
Company: Microsoft Corporation&#13;
OriginalFileName: wmic.exe&#13;
CommandLine: wmic  	<Event xmlns=""http://schemas.microsoft.com/win/2004/08/events/event""><System><Provider Name=""Microsoft-Windows-Sysmon"" Guid=""{5770385f-c22a-43e0-bf4c-06f5698ffbd9}""/><EventID>1</EventID><Version>5</Version><Level>4</Level><Task>1</Task><Opcode>0</Opcode><Keywords>0x8000000000000000</Keywords><TimeCreated SystemTime=""2023-12-28T10:25:42.6726316Z""/><EventRecordID>9474</EventRecordID><Correlation/><Execution ProcessID=""7044"" ThreadID=""6672""/><Channel>Microsoft-Windows-Sysmon/Operational</Channel><Computer>WinDev2309Eval</Computer><Security UserID=""S-1-5-18""/></System><EventData><Data Name=""RuleName"">-</Data><Data Name=""UtcTime"">2023-12-28 10:25:42.671</Data><Data Name=""ProcessGuid"">{fda94052-4d26-658d-7802-000000000b00}</Data><Data Name=""ProcessId"">5340</Data><Data Name=""Image"">C:\Windows\System32\cmd.exe</Data><Data Name=""FileVersion"">10.0.22621.1635 (WinBuild.160101.0800)</Data><Data Name=""Description"">Windows Command Processor</Data><Data Name=""Product"">Microsoft&#174; Windows&#174; Operating System</Data><Data Name=""Company"">Microsoft Corporation</Data><Data Name=""OriginalFileName"">Cmd.Exe</Data><Data Name=""CommandLine"">""C:\Windows\system32\cmd.exe"" /c ""wmic 	csproduct 	get UUID""</Data><Data Name=""CurrentDirectory"">C:\Users\User\AppData\Local\Temp\</Data><Data Name=""User"">WINDEV2309EVAL\User</Data><Data Name=""LogonGuid"">{fda94052-3502-658d-b367-080000000000}</Data><Data Name=""LogonId"">0x867b3</Data><Data Name=""TerminalSessionId"">1</Data><Data Name=""IntegrityLevel"">Medium</Data><Data Name=""Hashes"">MD5=5A6BE4D2519515241D0C133A26CF62C0,SHA256=423E0E810A69AACEBA0E5670E58AFF898CF0EBFFAB99CCB46EBB3464C3D2FACB,IMPHASH=D73E39DAB3C8B57AA408073D01254964</Data><Data Name=""ParentProcessGuid"">{fda94052-4d25-658d-7602-000000000b00}</Data><Data Name=""ParentProcessId"">10308</Data><Data Name=""ParentImage"">C:\Windows\System32\WindowsPowerShell\v1.0\powershell.exe</Data><Data Name=""ParentCommandLine"">""powershell.exe"" &amp; {cmd.exe /c \""""wmic 	csproduct 	get UUID\"""" 
cmd.exe /c \""""fsutil behavior 	set SymlinkEvaluation R2L:1\"""" 
cmd.exe /c \""""fsutil behavior set 	SymlinkEvaluation R2R:1\""""
reg    add    HKEY_LOCAL_MACHINE\SYSTEM\CurrentControlSet\Services\LanmanServer\Parameters    /v MaxMpxCt /d 65535 /t REG_DWORD /f      
copy \""""C:\AtomicRedTeam\atomics\..\ExternalPayloads\PsExec.exe\"""" $env:temp
cmd.exe /c \""""$env:temp\psexec.exe  -accepteula  \\$ENV:COMPUTERNAME cmd.exe  /c echo \""""--access-token\""""\""""}</Data><Data Name=""ParentUser"">WINDEV2309EVAL\User</Data></EventData><RenderingInfo Culture=""en-US""><Message>Process Create:&#13;
RuleName: -&#13;
UtcTime: 2023-12-28 10:25:42.671&#13;
ProcessGuid: {fda94052-4d26-658d-7802-000000000b00}&#13;
ProcessId: 5340&#13;
Image: C:\Windows\System32\cmd.exe&#13;
FileVersion: 10.0.22621.1635 (WinBuild.160101.0800)&#13;
Description: Windows Command Processor&#13;
Product: Microsoft&#174; Windows&#174; Operating System&#13;
Company: Microsoft Corporation&#13;
OriginalFileName: Cmd.Exe&#13;
CommandLine: ""C:\Windows\system32\cmd.exe"" /c ""wmic 	<Event xmlns=""http://schemas.microsoft.com/win/2004/08/events/event""><System><Provider Name=""Microsoft-Windows-Sysmon"" Guid=""{5770385f-c22a-43e0-bf4c-06f5698ffbd9}""/><EventID>11</EventID><Version>2</Version><Level>4</Level><Task>11</Task><Opcode>0</Opcode><Keywords>0x8000000000000000</Keywords><TimeCreated SystemTime=""2023-12-28T10:25:41.8110414Z""/><EventRecordID>9473</EventRecordID><Correlation/><Execution ProcessID=""7044"" ThreadID=""6672""/><Channel>Microsoft-Windows-Sysmon/Operational</Channel><Computer>WinDev2309Eval</Computer><Security UserID=""S-1-5-18""/></System><EventData><Data Name=""RuleName"">-</Data><Data Name=""UtcTime"">2023-12-28 10:25:41.807</Data><Data Name=""ProcessGuid"">{fda94052-4d25-658d-7602-000000000b00}</Data><Data Name=""ProcessId"">10308</Data><Data Name=""Image"">C:\Windows\System32\WindowsPowerShell\v1.0\powershell.exe</Data><Data Name=""TargetFilename"">C:\Users\User\AppData\Local\Temp\__PSScriptPolicyTest_l54ruwmy.1wd.ps1</Data><Data Name=""CreationUtcTime"">2023-12-28 10:25:41.807</Data><Data Name=""User"">WINDEV2309EVAL\User</Data></EventData><RenderingInfo Culture=""en-US""><Message>File created:&#13;
RuleName: -&#13;
UtcTime: 2023-12-28 10:25:41.807&#13;
ProcessGuid: {fda94052-4d25-658d-7602-000000000b00}&#13;
ProcessId: 10308&#13;
Image: C:\Windows\System32\WindowsPowerShell\v1.0\powershell.exe&#13;
TargetFilename: C:\Users\User\AppData\Local\Temp\__PSScriptPolicyTest_l54ruwmy.1wd.ps1&#13;
CreationUtcTime: 2023-12-28 10:25:41.807&#13;
User: WINDEV2309EVAL\User</Message><Level>Information</Level><Task>File created (rule: FileCreate)</Task><Opcode>Info</Opcode></RenderingInfo></Event><Event xmlns=""http://schemas.microsoft.com/win/2004/08/events/event""><System><Provider Name=""Microsoft-Windows-Sysmon"" Guid=""{5770385f-c22a-43e0-bf4c-06f5698ffbd9}""/><EventID>1</EventID><Version>5</Version><Level>4</Level><Task>1</Task><Opcode>0</Opcode><Keywords>0x8000000000000000</Keywords><TimeCreated SystemTime=""2023-12-28T10:25:41.6568989Z""/><EventRecordID>9472</EventRecordID><Correlation/><Execution ProcessID=""7044"" ThreadID=""6672""/><Channel>Microsoft-Windows-Sysmon/Operational</Channel><Computer>WinDev2309Eval</Computer><Security UserID=""S-1-5-18""/></System><EventData><Data Name=""RuleName"">-</Data><Data Name=""UtcTime"">2023-12-28 10:25:41.655</Data><Data Name=""ProcessGuid"">{fda94052-4d25-658d-7602-000000000b00}</Data><Data Name=""ProcessId"">10308</Data><Data Name=""Image"">C:\Windows\System32\WindowsPowerShell\v1.0\powershell.exe</Data><Data Name=""FileVersion"">10.0.22621.2215 (WinBuild.160101.0800)</Data><Data Name=""Description"">Windows PowerShell</Data><Data Name=""Product"">Microsoft&#174; Windows&#174; Operating System</Data><Data Name=""Company"">Microsoft Corporation</Data><Data Name=""OriginalFileName"">PowerShell.EXE</Data><Data Name=""CommandLine"">""powershell.exe"" &amp; {cmd.exe /c \""""wmic 	csproduct 	get UUID\"""" 
cmd.exe /c \""""fsutil behavior 	set SymlinkEvaluation R2L:1\"""" 
cmd.exe /c \""""fsutil behavior set 	SymlinkEvaluation R2R:1\""""
reg    add    HKEY_LOCAL_MACHINE\SYSTEM\CurrentControlSet\Services\LanmanServer\Parameters    /v MaxMpxCt /d 65535 /t REG_DWORD /f      
copy \""""C:\AtomicRedTeam\atomics\..\ExternalPayloads\PsExec.exe\"""" $env:temp
cmd.exe /c \""""$env:temp\psexec.exe  -accepteula  \\$ENV:COMPUTERNAME cmd.exe  /c echo \""""--access-token\""""\""""}</Data><Data Name=""CurrentDirectory"">C:\Users\User\AppData\Local\Temp\</Data><Data Name=""User"">WINDEV2309EVAL\User</Data><Data Name=""LogonGuid"">{fda94052-3502-658d-b367-080000000000}</Data><Data Name=""LogonId"">0x867b3</Data><Data Name=""TerminalSessionId"">1</Data><Data Name=""IntegrityLevel"">Medium</Data><Data Name=""Hashes"">MD5=824B9F337E68DD8C117595071AC11E23,SHA256=17083405E7DECB3DDEF837C2FA599293A4E8133736969DFD5CE92EF15608A587,IMPHASH=51B0FFFA02CA6C1B85189E2E6C139F36</Data><Data Name=""ParentProcessGuid"">{fda94052-b87a-658c-2702-000000000b00}</Data><Data Name=""ParentProcessId"">5076</Data><Data Name=""ParentImage"">C:\Windows\System32\WindowsPowerShell\v1.0\powershell.exe</Data><Data Name=""ParentCommandLine"">""C:\Windows\System32\WindowsPowerShell\v1.0\powershell.exe"" -exec bypass</Data><Data Name=""ParentUser"">WINDEV2309EVAL\User</Data></EventData><RenderingInfo Culture=""en-US""><Message>Process Create:&#13;
RuleName: -&#13;
UtcTime: 2023-12-28 10:25:41.655&#13;
ProcessGuid: {fda94052-4d25-658d-7602-000000000b00}&#13;
ProcessId: 10308&#13;
Image: C:\Windows\System32\WindowsPowerShell\v1.0\powershell.exe&#13;
FileVersion: 10.0.22621.2215 (WinBuild.160101.0800)&#13;
Description: Windows PowerShell&#13;
Product: Microsoft&#174; Windows&#174; Operating System&#13;
Company: Microsoft Corporation&#13;
OriginalFileName: PowerShell.EXE&#13;
CommandLine: ""powershell.exe"" &amp; {cmd.exe /c \""""wmic 	<Event xmlns=""http://schemas.microsoft.com/win/2004/08/events/event""><System><Provider Name=""Microsoft-Windows-Sysmon"" Guid=""{5770385f-c22a-43e0-bf4c-06f5698ffbd9}""/><EventID>1</EventID><Version>5</Version><Level>4</Level><Task>1</Task><Opcode>0</Opcode><Keywords>0x8000000000000000</Keywords><TimeCreated SystemTime=""2023-12-28T10:25:41.4140717Z""/><EventRecordID>9471</EventRecordID><Correlation/><Execution ProcessID=""7044"" ThreadID=""6672""/><Channel>Microsoft-Windows-Sysmon/Operational</Channel><Computer>WinDev2309Eval</Computer><Security UserID=""S-1-5-18""/></System><EventData><Data Name=""RuleName"">-</Data><Data Name=""UtcTime"">2023-12-28 10:25:41.412</Data><Data Name=""ProcessGuid"">{fda94052-4d25-658d-7402-000000000b00}</Data><Data Name=""ProcessId"">9400</Data><Data Name=""Image"">C:\Windows\System32\cmd.exe</Data><Data Name=""FileVersion"">10.0.22621.1635 (WinBuild.160101.0800)</Data><Data Name=""Description"">Windows Command Processor</Data><Data Name=""Product"">Microsoft&#174; Windows&#174; Operating System</Data><Data Name=""Company"">Microsoft Corporation</Data><Data Name=""OriginalFileName"">Cmd.Exe</Data><Data Name=""CommandLine"">""cmd.exe"" /c ""C:\AtomicRedTeam\atomics\..\ExternalPayloads\PsExec.exe"" \\localhost -u DOMAIN\Administrator -p P@ssw0rd1 -accepteula ""C:\Windows\System32\calc.exe""</Data><Data Name=""CurrentDirectory"">C:\Users\User\AppData\Local\Temp\</Data><Data Name=""User"">WINDEV2309EVAL\User</Data><Data Name=""LogonGuid"">{fda94052-3502-658d-b367-080000000000}</Data><Data Name=""LogonId"">0x867b3</Data><Data Name=""TerminalSessionId"">1</Data><Data Name=""IntegrityLevel"">Medium</Data><Data Name=""Hashes"">MD5=5A6BE4D2519515241D0C133A26CF62C0,SHA256=423E0E810A69AACEBA0E5670E58AFF898CF0EBFFAB99CCB46EBB3464C3D2FACB,IMPHASH=D73E39DAB3C8B57AA408073D01254964</Data><Data Name=""ParentProcessGuid"">{fda94052-b87a-658c-2702-000000000b00}</Data><Data Name=""ParentProcessId"">5076</Data><Data Name=""ParentImage"">C:\Windows\System32\WindowsPowerShell\v1.0\powershell.exe</Data><Data Name=""ParentCommandLine"">""C:\Windows\System32\WindowsPowerShell\v1.0\powershell.exe"" -exec bypass</Data><Data Name=""ParentUser"">WINDEV2309EVAL\User</Data></EventData><RenderingInfo Culture=""en-US""><Message>Process Create:&#13;
RuleName: -&#13;
UtcTime: 2023-12-28 10:25:41.412&#13;
ProcessGuid: {fda94052-4d25-658d-7402-000000000b00}&#13;
ProcessId: 9400&#13;
Image: C:\Windows\System32\cmd.exe&#13;
FileVersion: 10.0.22621.1635 (WinBuild.160101.0800)&#13;
Description: Windows Command Processor&#13;
Product: Microsoft&#174; Windows&#174; Operating System&#13;
Company: Microsoft Corporation&#13;
OriginalFileName: Cmd.Exe&#13;
CommandLine: ""cmd.exe"" /c ""C:\AtomicRedTeam\atomics\..\ExternalPayloads\PsExec.exe"" \\localhost -u DOMAIN\Administrator -p P@ssw0rd1 -accepteula ""C:\Windows\System32\calc.exe""&#13;
CurrentDirectory: C:\Users\User\AppData\Local\Temp\&#13;
User: WINDEV2309EVAL\User&#13;
LogonGuid: {fda94052-3502-658d-b367-080000000000}&#13;
LogonId: 0x867B3&#13;
TerminalSessionId: 1&#13;
IntegrityLevel: Medium&#13;
Hashes: MD5=5A6BE4D2519515241D0C133A26CF62C0,SHA256=423E0E810A69AACEBA0E5670E58AFF898CF0EBFFAB99CCB46EBB3464C3D2FACB,IMPHASH=D73E39DAB3C8B57AA408073D01254964&#13;
ParentProcessGuid: {fda94052-b87a-658c-2702-000000000b00}&#13;
ParentProcessId: 5076&#13;
ParentImage: C:\Windows\System32\WindowsPowerShell\v1.0\powershell.exe&#13;
ParentCommandLine: ""C:\Windows\System32\WindowsPowerShell\v1.0\powershell.exe"" -exec bypass&#13;
ParentUser: WINDEV2309EVAL\User</Message><Level>Information</Level><Task>Process Create (rule: ProcessCreate)</Task><Opcode>Info</Opcode></RenderingInfo></Event><Event xmlns=""http://schemas.microsoft.com/win/2004/08/events/event""><System><Provider Name=""Microsoft-Windows-Sysmon"" Guid=""{5770385f-c22a-43e0-bf4c-06f5698ffbd9}""/><EventID>1</EventID><Version>5</Version><Level>4</Level><Task>1</Task><Opcode>0</Opcode><Keywords>0x8000000000000000</Keywords><TimeCreated SystemTime=""2023-12-28T10:25:40.3628089Z""/><EventRecordID>9470</EventRecordID><Correlation/><Execution ProcessID=""7044"" ThreadID=""6672""/><Channel>Microsoft-Windows-Sysmon/Operational</Channel><Computer>WinDev2309Eval</Computer><Security UserID=""S-1-5-18""/></System><EventData><Data Name=""RuleName"">-</Data><Data Name=""UtcTime"">2023-12-28 10:25:40.361</Data><Data Name=""ProcessGuid"">{fda94052-4d24-658d-7302-000000000b00}</Data><Data Name=""ProcessId"">9912</Data><Data Name=""Image"">C:\Windows\System32\sc.exe</Data><Data Name=""FileVersion"">10.0.22621.1 (WinBuild.160101.0800)</Data><Data Name=""Description"">Service Control Manager Configuration Tool</Data><Data Name=""Product"">Microsoft&#174; Windows&#174; Operating System</Data><Data Name=""Company"">Microsoft Corporation</Data><Data Name=""OriginalFileName"">sc.exe</Data><Data Name=""CommandLine"">sc.exe  delete ARTService</Data><Data Name=""CurrentDirectory"">C:\Users\User\AppData\Local\Temp\</Data><Data Name=""User"">WINDEV2309EVAL\User</Data><Data Name=""LogonGuid"">{fda94052-3502-658d-b367-080000000000}</Data><Data Name=""LogonId"">0x867b3</Data><Data Name=""TerminalSessionId"">1</Data><Data Name=""IntegrityLevel"">Medium</Data><Data Name=""Hashes"">MD5=FF2A4319FA5531F0D7B98DBBA9ABBD4A,SHA256=67CBE3A7B9C9B7A2E9FB10A33C1A9A3FD297B6F1598AEA374BD9B5D2DEE352EC,IMPHASH=42DADBD60BBC453DD1773FDC089E19B7</Data><Data Name=""ParentProcessGuid"">{fda94052-4d24-658d-6f02-000000000b00}</Data><Data Name=""ParentProcessId"">4380</Data><Data Name=""ParentImage"">C:\Windows\System32\cmd.exe</Data><Data Name=""ParentCommandLine"">""cmd.exe"" /c sc.exe create ARTService binPath= ""%COMSPEC% /c powershell.exe -nop -w hidden -command New-Item -ItemType File C:\art-marker.txt"" &amp; sc.exe start ARTService &amp; sc.exe delete ARTService</Data><Data Name=""ParentUser"">WINDEV2309EVAL\User</Data></EventData><RenderingInfo Culture=""en-US""><Message>Process Create:&#13;
RuleName: -&#13;
UtcTime: 2023-12-28 10:25:40.361&#13;
ProcessGuid: {fda94052-4d24-658d-7302-000000000b00}&#13;
ProcessId: 9912&#13;
Image: C:\Windows\System32\sc.exe&#13;
FileVersion: 10.0.22621.1 (WinBuild.160101.0800)&#13;
Description: Service Control Manager Configuration Tool&#13;
Product: Microsoft&#174; Windows&#174; Operating System&#13;
Company: Microsoft Corporation&#13;
OriginalFileName: sc.exe&#13;
CommandLine: sc.exe  delete ARTService&#13;
CurrentDirectory: C:\Users\User\AppData\Local\Temp\&#13;
User: WINDEV2309EVAL\User&#13;
LogonGuid: {fda94052-3502-658d-b367-080000000000}&#13;
LogonId: 0x867B3&#13;
TerminalSessionId: 1&#13;
IntegrityLevel: Medium&#13;
Hashes: MD5=FF2A4319FA5531F0D7B98DBBA9ABBD4A,SHA256=67CBE3A7B9C9B7A2E9FB10A33C1A9A3FD297B6F1598AEA374BD9B5D2DEE352EC,IMPHASH=42DADBD60BBC453DD1773FDC089E19B7&#13;
ParentProcessGuid: {fda94052-4d24-658d-6f02-000000000b00}&#13;
ParentProcessId: 4380&#13;
ParentImage: C:\Windows\System32\cmd.exe&#13;
ParentCommandLine: ""cmd.exe"" /c sc.exe create ARTService binPath= ""%COMSPEC% /c powershell.exe -nop -w hidden -command New-Item -ItemType File C:\art-marker.txt"" &amp; sc.exe start ARTService &amp; sc.exe delete ARTService&#13;
ParentUser: WINDEV2309EVAL\User</Message><Level>Information</Level><Task>Process Create (rule: ProcessCreate)</Task><Opcode>Info</Opcode></RenderingInfo></Event><Event xmlns=""http://schemas.microsoft.com/win/2004/08/events/event""><System><Provider Name=""Microsoft-Windows-Sysmon"" Guid=""{5770385f-c22a-43e0-bf4c-06f5698ffbd9}""/><EventID>1</EventID><Version>5</Version><Level>4</Level><Task>1</Task><Opcode>0</Opcode><Keywords>0x8000000000000000</Keywords><TimeCreated SystemTime=""2023-12-28T10:25:40.3512160Z""/><EventRecordID>9469</EventRecordID><Correlation/><Execution ProcessID=""7044"" ThreadID=""6672""/><Channel>Microsoft-Windows-Sysmon/Operational</Channel><Computer>WinDev2309Eval</Computer><Security UserID=""S-1-5-18""/></System><EventData><Data Name=""RuleName"">-</Data><Data Name=""UtcTime"">2023-12-28 10:25:40.350</Data><Data Name=""ProcessGuid"">{fda94052-4d24-658d-7202-000000000b00}</Data><Data Name=""ProcessId"">10132</Data><Data Name=""Image"">C:\Windows\System32\sc.exe</Data><Data Name=""FileVersion"">10.0.22621.1 (WinBuild.160101.0800)</Data><Data Name=""Description"">Service Control Manager Configuration Tool</Data><Data Name=""Product"">Microsoft&#174; Windows&#174; Operating System</Data><Data Name=""Company"">Microsoft Corporation</Data><Data Name=""OriginalFileName"">sc.exe</Data><Data Name=""CommandLine"">sc.exe  start ARTService </Data><Data Name=""CurrentDirectory"">C:\Users\User\AppData\Local\Temp\</Data><Data Name=""User"">WINDEV2309EVAL\User</Data><Data Name=""LogonGuid"">{fda94052-3502-658d-b367-080000000000}</Data><Data Name=""LogonId"">0x867b3</Data><Data Name=""TerminalSessionId"">1</Data><Data Name=""IntegrityLevel"">Medium</Data><Data Name=""Hashes"">MD5=FF2A4319FA5531F0D7B98DBBA9ABBD4A,SHA256=67CBE3A7B9C9B7A2E9FB10A33C1A9A3FD297B6F1598AEA374BD9B5D2DEE352EC,IMPHASH=42DADBD60BBC453DD1773FDC089E19B7</Data><Data Name=""ParentProcessGuid"">{fda94052-4d24-658d-6f02-000000000b00}</Data><Data Name=""ParentProcessId"">4380</Data><Data Name=""ParentImage"">C:\Windows\System32\cmd.exe</Data><Data Name=""ParentCommandLine"">""cmd.exe"" /c sc.exe create ARTService binPath= ""%COMSPEC% /c powershell.exe -nop -w hidden -command New-Item -ItemType File C:\art-marker.txt"" &amp; sc.exe start ARTService &amp; sc.exe delete ARTService</Data><Data Name=""ParentUser"">WINDEV2309EVAL\User</Data></EventData><RenderingInfo Culture=""en-US""><Message>Process Create:&#13;
RuleName: -&#13;
UtcTime: 2023-12-28 10:25:40.350&#13;
ProcessGuid: {fda94052-4d24-658d-7202-000000000b00}&#13;
ProcessId: 10132&#13;
Image: C:\Windows\System32\sc.exe&#13;
FileVersion: 10.0.22621.1 (WinBuild.160101.0800)&#13;
Description: Service Control Manager Configuration Tool&#13;
Product: Microsoft&#174; Windows&#174; Operating System&#13;
Company: Microsoft Corporation&#13;
OriginalFileName: sc.exe&#13;
CommandLine: sc.exe  start ARTService &#13;
CurrentDirectory: C:\Users\User\AppData\Local\Temp\&#13;
User: WINDEV2309EVAL\User&#13;
LogonGuid: {fda94052-3502-658d-b367-080000000000}&#13;
LogonId: 0x867B3&#13;
TerminalSessionId: 1&#13;
IntegrityLevel: Medium&#13;
Hashes: MD5=FF2A4319FA5531F0D7B98DBBA9ABBD4A,SHA256=67CBE3A7B9C9B7A2E9FB10A33C1A9A3FD297B6F1598AEA374BD9B5D2DEE352EC,IMPHASH=42DADBD60BBC453DD1773FDC089E19B7&#13;
ParentProcessGuid: {fda94052-4d24-658d-6f02-000000000b00}&#13;
ParentProcessId: 4380&#13;
ParentImage: C:\Windows\System32\cmd.exe&#13;
ParentCommandLine: ""cmd.exe"" /c sc.exe create ARTService binPath= ""%COMSPEC% /c powershell.exe -nop -w hidden -command New-Item -ItemType File C:\art-marker.txt"" &amp; sc.exe start ARTService &amp; sc.exe delete ARTService&#13;
ParentUser: WINDEV2309EVAL\User</Message><Level>Information</Level><Task>Process Create (rule: ProcessCreate)</Task><Opcode>Info</Opcode></RenderingInfo></Event><Event xmlns=""http://schemas.microsoft.com/win/2004/08/events/event""><System><Provider Name=""Microsoft-Windows-Sysmon"" Guid=""{5770385f-c22a-43e0-bf4c-06f5698ffbd9}""/><EventID>1</EventID><Version>5</Version><Level>4</Level><Task>1</Task><Opcode>0</Opcode><Keywords>0x8000000000000000</Keywords><TimeCreated SystemTime=""2023-12-28T10:25:40.3396028Z""/><EventRecordID>9468</EventRecordID><Correlation/><Execution ProcessID=""7044"" ThreadID=""6672""/><Channel>Microsoft-Windows-Sysmon/Operational</Channel><Computer>WinDev2309Eval</Computer><Security UserID=""S-1-5-18""/></System><EventData><Data Name=""RuleName"">-</Data><Data Name=""UtcTime"">2023-12-28 10:25:40.338</Data><Data Name=""ProcessGuid"">{fda94052-4d24-658d-7102-000000000b00}</Data><Data Name=""ProcessId"">11224</Data><Data Name=""Image"">C:\Windows\System32\sc.exe</Data><Data Name=""FileVersion"">10.0.22621.1 (WinBuild.160101.0800)</Data><Data Name=""Description"">Service Control Manager Configuration Tool</Data><Data Name=""Product"">Microsoft&#174; Windows&#174; Operating System</Data><Data Name=""Company"">Microsoft Corporation</Data><Data Name=""OriginalFileName"">sc.exe</Data><Data Name=""CommandLine"">sc.exe  create ARTService binPath= ""C:\Windows\system32\cmd.exe /c powershell.exe -nop -w hidden -command New-Item -ItemType File C:\art-marker.txt"" </Data><Data Name=""CurrentDirectory"">C:\Users\User\AppData\Local\Temp\</Data><Data Name=""User"">WINDEV2309EVAL\User</Data><Data Name=""LogonGuid"">{fda94052-3502-658d-b367-080000000000}</Data><Data Name=""LogonId"">0x867b3</Data><Data Name=""TerminalSessionId"">1</Data><Data Name=""IntegrityLevel"">Medium</Data><Data Name=""Hashes"">MD5=FF2A4319FA5531F0D7B98DBBA9ABBD4A,SHA256=67CBE3A7B9C9B7A2E9FB10A33C1A9A3FD297B6F1598AEA374BD9B5D2DEE352EC,IMPHASH=42DADBD60BBC453DD1773FDC089E19B7</Data><Data Name=""ParentProcessGuid"">{fda94052-4d24-658d-6f02-000000000b00}</Data><Data Name=""ParentProcessId"">4380</Data><Data Name=""ParentImage"">C:\Windows\System32\cmd.exe</Data><Data Name=""ParentCommandLine"">""cmd.exe"" /c sc.exe create ARTService binPath= ""%COMSPEC% /c powershell.exe -nop -w hidden -command New-Item -ItemType File C:\art-marker.txt"" &amp; sc.exe start ARTService &amp; sc.exe delete ARTService</Data><Data Name=""ParentUser"">WINDEV2309EVAL\User</Data></EventData><RenderingInfo Culture=""en-US""><Message>Process Create:&#13;
RuleName: -&#13;
UtcTime: 2023-12-28 10:25:40.338&#13;
ProcessGuid: {fda94052-4d24-658d-7102-000000000b00}&#13;
ProcessId: 11224&#13;
Image: C:\Windows\System32\sc.exe&#13;
FileVersion: 10.0.22621.1 (WinBuild.160101.0800)&#13;
Description: Service Control Manager Configuration Tool&#13;
Product: Microsoft&#174; Windows&#174; Operating System&#13;
Company: Microsoft Corporation&#13;
OriginalFileName: sc.exe&#13;
CommandLine: sc.exe  create ARTService binPath= ""C:\Windows\system32\cmd.exe /c powershell.exe -nop -w hidden -command New-Item -ItemType File C:\art-marker.txt"" &#13;
CurrentDirectory: C:\Users\User\AppData\Local\Temp\&#13;
User: WINDEV2309EVAL\User&#13;
LogonGuid: {fda94052-3502-658d-b367-080000000000}&#13;
LogonId: 0x867B3&#13;
TerminalSessionId: 1&#13;
IntegrityLevel: Medium&#13;
Hashes: MD5=FF2A4319FA5531F0D7B98DBBA9ABBD4A,SHA256=67CBE3A7B9C9B7A2E9FB10A33C1A9A3FD297B6F1598AEA374BD9B5D2DEE352EC,IMPHASH=42DADBD60BBC453DD1773FDC089E19B7&#13;
ParentProcessGuid: {fda94052-4d24-658d-6f02-000000000b00}&#13;
ParentProcessId: 4380&#13;
ParentImage: C:\Windows\System32\cmd.exe&#13;
ParentCommandLine: ""cmd.exe"" /c sc.exe create ARTService binPath= ""%COMSPEC% /c powershell.exe -nop -w hidden -command New-Item -ItemType File C:\art-marker.txt"" &amp; sc.exe start ARTService &amp; sc.exe delete ARTService&#13;
ParentUser: WINDEV2309EVAL\User</Message><Level>Information</Level><Task>Process Create (rule: ProcessCreate)</Task><Opcode>Info</Opcode></RenderingInfo></Event>