Microsoft-Windows-Sysmon/Operational,"""powershell.exe"" & {Write-Host \""""Creating system environment variables\"""" -ForegroundColor Cyan
New-ItemProperty -Path 'HKLM:\SYSTEM\CurrentControlSet\Control\Session Manager\Environment' -Name \""""COR_ENABLE_PROFILING\"""" -PropertyType String -Value \""""1\"""" -Force | Out-Null
New-ItemProperty -Path 'HKLM:\SYSTEM\CurrentControlSet\Control\Session Manager\Environment' -Name \""""COR_PROFILER\"""" -PropertyType String -Value \""""{09108e71-974c-4010-89cb-acf471ae9e2c}\"""" -Force | Out-Null
New-ItemProperty -Path 'HKLM:\SYSTEM\CurrentControlSet\Control\Session Manager\Environment' -Name \""""COR_PROFILER_PATH\"""" -PropertyType String -Value \""""C:\AtomicRedTeam\atomics\T1574.012\bin\T1574.012x64.dll\"""" -Force | Out-Null}",Microsoft Corporation,WinDev2309Eval,,C:\Users\User\AppData\Local\Temp\,Windows PowerShell,,,,,,,1,9466,,10.0.22621.2215 (WinBuild.160101.0800),"MD5=824B9F337E68DD8C117595071AC11E23,SHA256=17083405E7DECB3DDEF837C2FA599293A4E8133736969DFD5CE92EF15608A587,IMPHASH=51B0FFFA02CA6C1B85189E2E6C139F36",C:\Windows\System32\WindowsPowerShell\v1.0\powershell.exe,,Medium,0x8000000000000000,Information,{fda94052-3502-658d-b367-080000000000},0x867b3,"Process Create:

RuleName: -

UtcTime: 2023-12-28 10:47:28.424

ProcessGuid: {fda94052-5240-658d-7002-000000000b00}

ProcessId: 8460

Image: C:\Windows\System32\WindowsPowerShell\v1.0\powershell.exe

FileVersion: 10.0.22621.2215 (WinBuild.160101.0800)

Description: Windows PowerShell

Product: Microsoft® Windows® Operating System

Company: Microsoft Corporation

OriginalFileName: PowerShell.EXE

CommandLine: ""powershell.exe"" & {Write-Host \""""Creating system environment variables\"""" -ForegroundColor Cyan
New-ItemProperty -Path 'HKLM:\SYSTEM\CurrentControlSet\Control\Session Manager\Environment' -Name \""""COR_ENABLE_PROFILING\"""" -PropertyType String -Value \""""1\"""" -Force | Out-Null
New-ItemProperty -Path 'HKLM:\SYSTEM\CurrentControlSet\Control\Session Manager\Environment' -Name \""""COR_PROFILER\"""" -PropertyType String -Value \""""{09108e71-974c-4010-89cb-acf471ae9e2c}\"""" -Force | Out-Null
New-ItemProperty -Path 'HKLM:\SYSTEM\CurrentControlSet\Control\Session Manager\Environment' -Name \""""COR_PROFILER_PATH\"""" -PropertyType String -Value \""""C:\AtomicRedTeam\atomics\T1574.012\bin\T1574.012x64.dll\"""" -Force | Out-Null}

CurrentDirectory: C:\Users\User\AppData\Local\Temp\

User: WINDEV2309EVAL\User

LogonGuid: {fda94052-3502-658d-b367-080000000000}

LogonId: 0x867B3

TerminalSessionId: 1

IntegrityLevel: Medium

Hashes: MD5=824B9F337E68DD8C117595071AC11E23,SHA256=17083405E7DECB3DDEF837C2FA599293A4E8133736969DFD5CE92EF15608A587,IMPHASH=51B0FFFA02CA6C1B85189E2E6C139F36

ParentProcessGuid: {fda94052-b87a-658c-2702-000000000b00}

ParentProcessId: 5076

ParentImage: C:\Windows\System32\WindowsPowerShell\v1.0\powershell.exe

ParentCommandLine: ""C:\Windows\System32\WindowsPowerShell\v1.0\powershell.exe"" -exec bypass

ParentUser: WINDEV2309EVAL\User",Info,PowerShell.EXE,"""C:\Windows\System32\WindowsPowerShell\v1.0\powershell.exe"" -exec bypass",C:\Windows\System32\WindowsPowerShell\v1.0\powershell.exe,{fda94052-b87a-658c-2702-000000000b00},5076,WINDEV2309EVAL\User,{fda94052-5240-658d-7002-000000000b00},7044,8460,Microsoft® Windows® Operating System,,,,,"
      ",-,,,,,,2023-12-28T10:47:28.4253976Z,,,Process Create (rule: ProcessCreate),1,6672,WINDEV2309EVAL\User,S-1-5-18,2023-12-28 10:47:28.424,5,"<Event xmlns=""http://schemas.microsoft.com/win/2004/08/events/event"">
    <System>
      <Provider Name=""Microsoft-Windows-Sysmon"" Guid=""{5770385f-c22a-43e0-bf4c-06f5698ffbd9}""/>
      <EventID>1</EventID>
      <Version>5</Version>
      <Level>4</Level>
      <Task>1</Task>
      <Opcode>0</Opcode>
      <Keywords>0x8000000000000000</Keywords>
      <TimeCreated SystemTime=""2023-12-28T10:47:28.4253976Z""/>
      <EventRecordID>9466</EventRecordID>
      <Correlation/>
      <Execution ProcessID=""7044"" ThreadID=""6672""/>
      <Channel>Microsoft-Windows-Sysmon/Operational</Channel>
      <Computer>WinDev2309Eval</Computer>
      <Security UserID=""S-1-5-18""/>
    </System>
    <EventData>
      <Data Name=""RuleName"">-</Data>
      <Data Name=""UtcTime"">2023-12-28 10:47:28.424</Data>
      <Data Name=""ProcessGuid"">{fda94052-5240-658d-7002-000000000b00}</Data>
      <Data Name=""ProcessId"">8460</Data>
      <Data Name=""Image"">C:\Windows\System32\WindowsPowerShell\v1.0\powershell.exe</Data>
      <Data Name=""FileVersion"">10.0.22621.2215 (WinBuild.160101.0800)</Data>
      <Data Name=""Description"">Windows PowerShell</Data>
      <Data Name=""Product"">Microsoft&#174; Windows&#174; Operating System</Data>
      <Data Name=""Company"">Microsoft Corporation</Data>
      <Data Name=""OriginalFileName"">PowerShell.EXE</Data>
      <Data Name=""CommandLine"">""powershell.exe"" &amp; {Write-Host \""""Creating system environment variables\"""" -ForegroundColor Cyan
New-ItemProperty -Path 'HKLM:\SYSTEM\CurrentControlSet\Control\Session Manager\Environment' -Name \""""COR_ENABLE_PROFILING\"""" -PropertyType String -Value \""""1\"""" -Force | Out-Null
New-ItemProperty -Path 'HKLM:\SYSTEM\CurrentControlSet\Control\Session Manager\Environment' -Name \""""COR_PROFILER\"""" -PropertyType String -Value \""""{09108e71-974c-4010-89cb-acf471ae9e2c}\"""" -Force | Out-Null
New-ItemProperty -Path 'HKLM:\SYSTEM\CurrentControlSet\Control\Session Manager\Environment' -Name \""""COR_PROFILER_PATH\"""" -PropertyType String -Value \""""C:\AtomicRedTeam\atomics\T1574.012\bin\T1574.012x64.dll\"""" -Force | Out-Null}</Data>
      <Data Name=""CurrentDirectory"">C:\Users\User\AppData\Local\Temp\</Data>
      <Data Name=""User"">WINDEV2309EVAL\User</Data>
      <Data Name=""LogonGuid"">{fda94052-3502-658d-b367-080000000000}</Data>
      <Data Name=""LogonId"">0x867b3</Data>
      <Data Name=""TerminalSessionId"">1</Data>
      <Data Name=""IntegrityLevel"">Medium</Data>
      <Data Name=""Hashes"">MD5=824B9F337E68DD8C117595071AC11E23,SHA256=17083405E7DECB3DDEF837C2FA599293A4E8133736969DFD5CE92EF15608A587,IMPHASH=51B0FFFA02CA6C1B85189E2E6C139F36</Data>
      <Data Name=""ParentProcessGuid"">{fda94052-b87a-658c-2702-000000000b00}</Data>
      <Data Name=""ParentProcessId"">5076</Data>
      <Data Name=""ParentImage"">C:\Windows\System32\WindowsPowerShell\v1.0\powershell.exe</Data>
      <Data Name=""ParentCommandLine"">""C:\Windows\System32\WindowsPowerShell\v1.0\powershell.exe"" -exec bypass</Data>
      <Data Name=""ParentUser"">WINDEV2309EVAL\User</Data>
    </EventData>
    <RenderingInfo Culture=""en-US"">
      <Message>Process Create:

RuleName: -

UtcTime: 2023-12-28 10:47:28.424

ProcessGuid: {fda94052-5240-658d-7002-000000000b00}

ProcessId: 8460

Image: C:\Windows\System32\WindowsPowerShell\v1.0\powershell.exe

FileVersion: 10.0.22621.2215 (WinBuild.160101.0800)

Description: Windows PowerShell

Product: Microsoft&#174; Windows&#174; Operating System

Company: Microsoft Corporation

OriginalFileName: PowerShell.EXE

CommandLine: ""powershell.exe"" &amp; {Write-Host \""""Creating system environment variables\"""" -ForegroundColor Cyan
New-ItemProperty -Path 'HKLM:\SYSTEM\CurrentControlSet\Control\Session Manager\Environment' -Name \""""COR_ENABLE_PROFILING\"""" -PropertyType String -Value \""""1\"""" -Force | Out-Null
New-ItemProperty -Path 'HKLM:\SYSTEM\CurrentControlSet\Control\Session Manager\Environment' -Name \""""COR_PROFILER\"""" -PropertyType String -Value \""""{09108e71-974c-4010-89cb-acf471ae9e2c}\"""" -Force | Out-Null
New-ItemProperty -Path 'HKLM:\SYSTEM\CurrentControlSet\Control\Session Manager\Environment' -Name \""""COR_PROFILER_PATH\"""" -PropertyType String -Value \""""C:\AtomicRedTeam\atomics\T1574.012\bin\T1574.012x64.dll\"""" -Force | Out-Null}

CurrentDirectory: C:\Users\User\AppData\Local\Temp\

User: WINDEV2309EVAL\User

LogonGuid: {fda94052-3502-658d-b367-080000000000}

LogonId: 0x867B3

TerminalSessionId: 1

IntegrityLevel: Medium

Hashes: MD5=824B9F337E68DD8C117595071AC11E23,SHA256=17083405E7DECB3DDEF837C2FA599293A4E8133736969DFD5CE92EF15608A587,IMPHASH=51B0FFFA02CA6C1B85189E2E6C139F36

ParentProcessGuid: {fda94052-b87a-658c-2702-000000000b00}

ParentProcessId: 5076

ParentImage: C:\Windows\System32\WindowsPowerShell\v1.0\powershell.exe

ParentCommandLine: ""C:\Windows\System32\WindowsPowerShell\v1.0\powershell.exe"" -exec bypass

ParentUser: WINDEV2309EVAL\User</Message>
      <Level>Information</Level>
      <Task>Process Create (rule: ProcessCreate)</Task>
      <Opcode>Info</Opcode>
    </RenderingInfo>
  </Event>
  
"
Microsoft-Windows-Sysmon/Operational,,,WinDev2309Eval,2023-12-28 10:47:27.492,,,,,,,,,11,9465,,,,C:\Windows\system32\WerFault.exe,,,0x8000000000000000,Information,,,"File created:

RuleName: -

UtcTime: 2023-12-28 10:47:27.492

ProcessGuid: {fda94052-523f-658d-6f02-000000000b00}

ProcessId: 9772

Image: C:\Windows\system32\WerFault.exe

TargetFilename: C:\ProgramData\Microsoft\Windows\WER\Temp\WER.b4885b6c-fa3a-40c6-ba8b-44b7ded1ec71.tmp.dmp

CreationUtcTime: 2023-12-28 10:47:27.492

User: WINDEV2309EVAL\User",Info,,,,,,,{fda94052-523f-658d-6f02-000000000b00},7044,9772,,,,,,"
      ",-,,,,,,2023-12-28T10:47:27.5026750Z,C:\ProgramData\Microsoft\Windows\WER\Temp\WER.b4885b6c-fa3a-40c6-ba8b-44b7ded1ec71.tmp.dmp,,File created (rule: FileCreate),,6672,WINDEV2309EVAL\User,S-1-5-18,2023-12-28 10:47:27.492,2,"<Event xmlns=""http://schemas.microsoft.com/win/2004/08/events/event"">
    <System>
      <Provider Name=""Microsoft-Windows-Sysmon"" Guid=""{5770385f-c22a-43e0-bf4c-06f5698ffbd9}""/>
      <EventID>11</EventID>
      <Version>2</Version>
      <Level>4</Level>
      <Task>11</Task>
      <Opcode>0</Opcode>
      <Keywords>0x8000000000000000</Keywords>
      <TimeCreated SystemTime=""2023-12-28T10:47:27.5026750Z""/>
      <EventRecordID>9465</EventRecordID>
      <Correlation/>
      <Execution ProcessID=""7044"" ThreadID=""6672""/>
      <Channel>Microsoft-Windows-Sysmon/Operational</Channel>
      <Computer>WinDev2309Eval</Computer>
      <Security UserID=""S-1-5-18""/>
    </System>
    <EventData>
      <Data Name=""RuleName"">-</Data>
      <Data Name=""UtcTime"">2023-12-28 10:47:27.492</Data>
      <Data Name=""ProcessGuid"">{fda94052-523f-658d-6f02-000000000b00}</Data>
      <Data Name=""ProcessId"">9772</Data>
      <Data Name=""Image"">C:\Windows\system32\WerFault.exe</Data>
      <Data Name=""TargetFilename"">C:\ProgramData\Microsoft\Windows\WER\Temp\WER.b4885b6c-fa3a-40c6-ba8b-44b7ded1ec71.tmp.dmp</Data>
      <Data Name=""CreationUtcTime"">2023-12-28 10:47:27.492</Data>
      <Data Name=""User"">WINDEV2309EVAL\User</Data>
    </EventData>
    <RenderingInfo Culture=""en-US"">
      <Message>File created:

RuleName: -

UtcTime: 2023-12-28 10:47:27.492

ProcessGuid: {fda94052-523f-658d-6f02-000000000b00}

ProcessId: 9772

Image: C:\Windows\system32\WerFault.exe

TargetFilename: C:\ProgramData\Microsoft\Windows\WER\Temp\WER.b4885b6c-fa3a-40c6-ba8b-44b7ded1ec71.tmp.dmp

CreationUtcTime: 2023-12-28 10:47:27.492

User: WINDEV2309EVAL\User</Message>
      <Level>Information</Level>
      <Task>File created (rule: FileCreate)</Task>
      <Opcode>Info</Opcode>
    </RenderingInfo>
  </Event>
  
"
Microsoft-Windows-Sysmon/Operational,,,WinDev2309Eval,,,,,,,,,10.0.22621.1635,13,9464,SetValue,,,C:\Windows\system32\WerFault.exe,,,0x8000000000000000,Information,,,"Registry value set:

RuleName: InvDB-Ver

EventType: SetValue

UtcTime: 2023-12-28 10:47:27.225

ProcessGuid: {fda94052-523f-658d-6f02-000000000b00}

ProcessId: 9772

Image: C:\Windows\system32\WerFault.exe

TargetObject: \REGISTRY\A\{08d89634-9c6b-0ec0-e030-44e7987a6dbb}\Root\InventoryApplicationFile\mmc.exe|8471611706ce450b\BinProductVersion

Details: 10.0.22621.1635

User: WINDEV2309EVAL\User",Info,,,,,,,{fda94052-523f-658d-6f02-000000000b00},7044,9772,,,,,,"
      ",InvDB-Ver,,,,,,2023-12-28T10:47:27.2360556Z,,\REGISTRY\A\{08d89634-9c6b-0ec0-e030-44e7987a6dbb}\Root\InventoryApplicationFile\mmc.exe|8471611706ce450b\BinProductVersion,Registry value set (rule: RegistryEvent),,6672,WINDEV2309EVAL\User,S-1-5-18,2023-12-28 10:47:27.225,2,"<Event xmlns=""http://schemas.microsoft.com/win/2004/08/events/event"">
    <System>
      <Provider Name=""Microsoft-Windows-Sysmon"" Guid=""{5770385f-c22a-43e0-bf4c-06f5698ffbd9}""/>
      <EventID>13</EventID>
      <Version>2</Version>
      <Level>4</Level>
      <Task>13</Task>
      <Opcode>0</Opcode>
      <Keywords>0x8000000000000000</Keywords>
      <TimeCreated SystemTime=""2023-12-28T10:47:27.2360556Z""/>
      <EventRecordID>9464</EventRecordID>
      <Correlation/>
      <Execution ProcessID=""7044"" ThreadID=""6672""/>
      <Channel>Microsoft-Windows-Sysmon/Operational</Channel>
      <Computer>WinDev2309Eval</Computer>
      <Security UserID=""S-1-5-18""/>
    </System>
    <EventData>
      <Data Name=""RuleName"">InvDB-Ver</Data>
      <Data Name=""EventType"">SetValue</Data>
      <Data Name=""UtcTime"">2023-12-28 10:47:27.225</Data>
      <Data Name=""ProcessGuid"">{fda94052-523f-658d-6f02-000000000b00}</Data>
      <Data Name=""ProcessId"">9772</Data>
      <Data Name=""Image"">C:\Windows\system32\WerFault.exe</Data>
      <Data Name=""TargetObject"">\REGISTRY\A\{08d89634-9c6b-0ec0-e030-44e7987a6dbb}\Root\InventoryApplicationFile\mmc.exe|8471611706ce450b\BinProductVersion</Data>
      <Data Name=""Details"">10.0.22621.1635</Data>
      <Data Name=""User"">WINDEV2309EVAL\User</Data>
    </EventData>
    <RenderingInfo Culture=""en-US"">
      <Message>Registry value set:

RuleName: InvDB-Ver

EventType: SetValue

UtcTime: 2023-12-28 10:47:27.225

ProcessGuid: {fda94052-523f-658d-6f02-000000000b00}

ProcessId: 9772

Image: C:\Windows\system32\WerFault.exe

TargetObject: \REGISTRY\A\{08d89634-9c6b-0ec0-e030-44e7987a6dbb}\Root\InventoryApplicationFile\mmc.exe|8471611706ce450b\BinProductVersion

Details: 10.0.22621.1635

User: WINDEV2309EVAL\User</Message>
      <Level>Information</Level>
      <Task>Registry value set (rule: RegistryEvent)</Task>
      <Opcode>Info</Opcode>
    </RenderingInfo>
  </Event>
  
"
Microsoft-Windows-Sysmon/Operational,,,WinDev2309Eval,,,,,,,,,10/16/2096 13:55:03,13,9463,SetValue,,,C:\Windows\system32\WerFault.exe,,,0x8000000000000000,Information,,,"Registry value set:

RuleName: InvDB-CompileTimeClaim

EventType: SetValue

UtcTime: 2023-12-28 10:47:27.225

ProcessGuid: {fda94052-523f-658d-6f02-000000000b00}

ProcessId: 9772

Image: C:\Windows\system32\WerFault.exe

TargetObject: \REGISTRY\A\{08d89634-9c6b-0ec0-e030-44e7987a6dbb}\Root\InventoryApplicationFile\mmc.exe|8471611706ce450b\LinkDate

Details: 10/16/2096 13:55:03

User: WINDEV2309EVAL\User",Info,,,,,,,{fda94052-523f-658d-6f02-000000000b00},7044,9772,,,,,,"
      ",InvDB-CompileTimeClaim,,,,,,2023-12-28T10:47:27.2359949Z,,\REGISTRY\A\{08d89634-9c6b-0ec0-e030-44e7987a6dbb}\Root\InventoryApplicationFile\mmc.exe|8471611706ce450b\LinkDate,Registry value set (rule: RegistryEvent),,6672,WINDEV2309EVAL\User,S-1-5-18,2023-12-28 10:47:27.225,2,"<Event xmlns=""http://schemas.microsoft.com/win/2004/08/events/event"">
    <System>
      <Provider Name=""Microsoft-Windows-Sysmon"" Guid=""{5770385f-c22a-43e0-bf4c-06f5698ffbd9}""/>
      <EventID>13</EventID>
      <Version>2</Version>
      <Level>4</Level>
      <Task>13</Task>
      <Opcode>0</Opcode>
      <Keywords>0x8000000000000000</Keywords>
      <TimeCreated SystemTime=""2023-12-28T10:47:27.2359949Z""/>
      <EventRecordID>9463</EventRecordID>
      <Correlation/>
      <Execution ProcessID=""7044"" ThreadID=""6672""/>
      <Channel>Microsoft-Windows-Sysmon/Operational</Channel>
      <Computer>WinDev2309Eval</Computer>
      <Security UserID=""S-1-5-18""/>
    </System>
    <EventData>
      <Data Name=""RuleName"">InvDB-CompileTimeClaim</Data>
      <Data Name=""EventType"">SetValue</Data>
      <Data Name=""UtcTime"">2023-12-28 10:47:27.225</Data>
      <Data Name=""ProcessGuid"">{fda94052-523f-658d-6f02-000000000b00}</Data>
      <Data Name=""ProcessId"">9772</Data>
      <Data Name=""Image"">C:\Windows\system32\WerFault.exe</Data>
      <Data Name=""TargetObject"">\REGISTRY\A\{08d89634-9c6b-0ec0-e030-44e7987a6dbb}\Root\InventoryApplicationFile\mmc.exe|8471611706ce450b\LinkDate</Data>
      <Data Name=""Details"">10/16/2096 13:55:03</Data>
      <Data Name=""User"">WINDEV2309EVAL\User</Data>
    </EventData>
    <RenderingInfo Culture=""en-US"">
      <Message>Registry value set:

RuleName: InvDB-CompileTimeClaim

EventType: SetValue

UtcTime: 2023-12-28 10:47:27.225

ProcessGuid: {fda94052-523f-658d-6f02-000000000b00}

ProcessId: 9772

Image: C:\Windows\system32\WerFault.exe

TargetObject: \REGISTRY\A\{08d89634-9c6b-0ec0-e030-44e7987a6dbb}\Root\InventoryApplicationFile\mmc.exe|8471611706ce450b\LinkDate

Details: 10/16/2096 13:55:03

User: WINDEV2309EVAL\User</Message>
      <Level>Information</Level>
      <Task>Registry value set (rule: RegistryEvent)</Task>
      <Opcode>Info</Opcode>
    </RenderingInfo>
  </Event>
  
"
Microsoft-Windows-Sysmon/Operational,,,WinDev2309Eval,,,,,,,,,microsoft corporation,13,9462,SetValue,,,C:\Windows\system32\WerFault.exe,,,0x8000000000000000,Information,,,"Registry value set:

RuleName: InvDB-Pub

EventType: SetValue

UtcTime: 2023-12-28 10:47:27.225

ProcessGuid: {fda94052-523f-658d-6f02-000000000b00}

ProcessId: 9772

Image: C:\Windows\system32\WerFault.exe

TargetObject: \REGISTRY\A\{08d89634-9c6b-0ec0-e030-44e7987a6dbb}\Root\InventoryApplicationFile\mmc.exe|8471611706ce450b\Publisher

Details: microsoft corporation

User: WINDEV2309EVAL\User",Info,,,,,,,{fda94052-523f-658d-6f02-000000000b00},7044,9772,,,,,,"
      ",InvDB-Pub,,,,,,2023-12-28T10:47:27.2355628Z,,\REGISTRY\A\{08d89634-9c6b-0ec0-e030-44e7987a6dbb}\Root\InventoryApplicationFile\mmc.exe|8471611706ce450b\Publisher,Registry value set (rule: RegistryEvent),,6672,WINDEV2309EVAL\User,S-1-5-18,2023-12-28 10:47:27.225,2,"<Event xmlns=""http://schemas.microsoft.com/win/2004/08/events/event"">
    <System>
      <Provider Name=""Microsoft-Windows-Sysmon"" Guid=""{5770385f-c22a-43e0-bf4c-06f5698ffbd9}""/>
      <EventID>13</EventID>
      <Version>2</Version>
      <Level>4</Level>
      <Task>13</Task>
      <Opcode>0</Opcode>
      <Keywords>0x8000000000000000</Keywords>
      <TimeCreated SystemTime=""2023-12-28T10:47:27.2355628Z""/>
      <EventRecordID>9462</EventRecordID>
      <Correlation/>
      <Execution ProcessID=""7044"" ThreadID=""6672""/>
      <Channel>Microsoft-Windows-Sysmon/Operational</Channel>
      <Computer>WinDev2309Eval</Computer>
      <Security UserID=""S-1-5-18""/>
    </System>
    <EventData>
      <Data Name=""RuleName"">InvDB-Pub</Data>
      <Data Name=""EventType"">SetValue</Data>
      <Data Name=""UtcTime"">2023-12-28 10:47:27.225</Data>
      <Data Name=""ProcessGuid"">{fda94052-523f-658d-6f02-000000000b00}</Data>
      <Data Name=""ProcessId"">9772</Data>
      <Data Name=""Image"">C:\Windows\system32\WerFault.exe</Data>
      <Data Name=""TargetObject"">\REGISTRY\A\{08d89634-9c6b-0ec0-e030-44e7987a6dbb}\Root\InventoryApplicationFile\mmc.exe|8471611706ce450b\Publisher</Data>
      <Data Name=""Details"">microsoft corporation</Data>
      <Data Name=""User"">WINDEV2309EVAL\User</Data>
    </EventData>
    <RenderingInfo Culture=""en-US"">
      <Message>Registry value set:

RuleName: InvDB-Pub

EventType: SetValue

UtcTime: 2023-12-28 10:47:27.225

ProcessGuid: {fda94052-523f-658d-6f02-000000000b00}

ProcessId: 9772

Image: C:\Windows\system32\WerFault.exe

TargetObject: \REGISTRY\A\{08d89634-9c6b-0ec0-e030-44e7987a6dbb}\Root\InventoryApplicationFile\mmc.exe|8471611706ce450b\Publisher

Details: microsoft corporation

User: WINDEV2309EVAL\User</Message>
      <Level>Information</Level>
      <Task>Registry value set (rule: RegistryEvent)</Task>
      <Opcode>Info</Opcode>
    </RenderingInfo>
  </Event>
  
"
Microsoft-Windows-Sysmon/Operational,,,WinDev2309Eval,,,,,,,,,c:\windows\system32\mmc.exe,13,9461,SetValue,,,C:\Windows\system32\WerFault.exe,,,0x8000000000000000,Information,,,"Registry value set:

RuleName: InvDB-Path

EventType: SetValue

UtcTime: 2023-12-28 10:47:27.225

ProcessGuid: {fda94052-523f-658d-6f02-000000000b00}

ProcessId: 9772

Image: C:\Windows\system32\WerFault.exe

TargetObject: \REGISTRY\A\{08d89634-9c6b-0ec0-e030-44e7987a6dbb}\Root\InventoryApplicationFile\mmc.exe|8471611706ce450b\LowerCaseLongPath

Details: c:\windows\system32\mmc.exe

User: WINDEV2309EVAL\User",Info,,,,,,,{fda94052-523f-658d-6f02-000000000b00},7044,9772,,,,,,"
      ",InvDB-Path,,,,,,2023-12-28T10:47:27.2353924Z,,\REGISTRY\A\{08d89634-9c6b-0ec0-e030-44e7987a6dbb}\Root\InventoryApplicationFile\mmc.exe|8471611706ce450b\LowerCaseLongPath,Registry value set (rule: RegistryEvent),,6672,WINDEV2309EVAL\User,S-1-5-18,2023-12-28 10:47:27.225,2,"<Event xmlns=""http://schemas.microsoft.com/win/2004/08/events/event"">
    <System>
      <Provider Name=""Microsoft-Windows-Sysmon"" Guid=""{5770385f-c22a-43e0-bf4c-06f5698ffbd9}""/>
      <EventID>13</EventID>
      <Version>2</Version>
      <Level>4</Level>
      <Task>13</Task>
      <Opcode>0</Opcode>
      <Keywords>0x8000000000000000</Keywords>
      <TimeCreated SystemTime=""2023-12-28T10:47:27.2353924Z""/>
      <EventRecordID>9461</EventRecordID>
      <Correlation/>
      <Execution ProcessID=""7044"" ThreadID=""6672""/>
      <Channel>Microsoft-Windows-Sysmon/Operational</Channel>
      <Computer>WinDev2309Eval</Computer>
      <Security UserID=""S-1-5-18""/>
    </System>
    <EventData>
      <Data Name=""RuleName"">InvDB-Path</Data>
      <Data Name=""EventType"">SetValue</Data>
      <Data Name=""UtcTime"">2023-12-28 10:47:27.225</Data>
      <Data Name=""ProcessGuid"">{fda94052-523f-658d-6f02-000000000b00}</Data>
      <Data Name=""ProcessId"">9772</Data>
      <Data Name=""Image"">C:\Windows\system32\WerFault.exe</Data>
      <Data Name=""TargetObject"">\REGISTRY\A\{08d89634-9c6b-0ec0-e030-44e7987a6dbb}\Root\InventoryApplicationFile\mmc.exe|8471611706ce450b\LowerCaseLongPath</Data>
      <Data Name=""Details"">c:\windows\system32\mmc.exe</Data>
      <Data Name=""User"">WINDEV2309EVAL\User</Data>
    </EventData>
    <RenderingInfo Culture=""en-US"">
      <Message>Registry value set:

RuleName: InvDB-Path

EventType: SetValue

UtcTime: 2023-12-28 10:47:27.225

ProcessGuid: {fda94052-523f-658d-6f02-000000000b00}

ProcessId: 9772

Image: C:\Windows\system32\WerFault.exe

TargetObject: \REGISTRY\A\{08d89634-9c6b-0ec0-e030-44e7987a6dbb}\Root\InventoryApplicationFile\mmc.exe|8471611706ce450b\LowerCaseLongPath

Details: c:\windows\system32\mmc.exe

User: WINDEV2309EVAL\User</Message>
      <Level>Information</Level>
      <Task>Registry value set (rule: RegistryEvent)</Task>
      <Opcode>Info</Opcode>
    </RenderingInfo>
  </Event>
  
"
Microsoft-Windows-Sysmon/Operational,C:\Windows\system32\WerFault.exe -u -p 6884 -s 1416,Microsoft Corporation,WinDev2309Eval,,C:\Windows\system32\,Windows Problem Reporting,,,,,,,1,9460,,10.0.22621.2215 (WinBuild.160101.0800),"MD5=332468462B6E9E04FDEEB0AF4D668864,SHA256=DCCFF5CC569944B43A4EA22AE0BF390218CB30703392CFA458B6E2B665C519BE,IMPHASH=A4336B3CD2AA3ADCBF1468F4A959D93F",C:\Windows\System32\WerFault.exe,,High,0x8000000000000000,Information,{fda94052-3502-658d-7367-080000000000},0x86773,"Process Create:

RuleName: -

UtcTime: 2023-12-28 10:47:27.187

ProcessGuid: {fda94052-523f-658d-6f02-000000000b00}

ProcessId: 9772

Image: C:\Windows\System32\WerFault.exe

FileVersion: 10.0.22621.2215 (WinBuild.160101.0800)

Description: Windows Problem Reporting

Product: Microsoft® Windows® Operating System

Company: Microsoft Corporation

OriginalFileName: WerFault.exe

CommandLine: C:\Windows\system32\WerFault.exe -u -p 6884 -s 1416

CurrentDirectory: C:\Windows\system32\

User: WINDEV2309EVAL\User

LogonGuid: {fda94052-3502-658d-7367-080000000000}

LogonId: 0x86773

TerminalSessionId: 1

IntegrityLevel: High

Hashes: MD5=332468462B6E9E04FDEEB0AF4D668864,SHA256=DCCFF5CC569944B43A4EA22AE0BF390218CB30703392CFA458B6E2B665C519BE,IMPHASH=A4336B3CD2AA3ADCBF1468F4A959D93F

ParentProcessGuid: {fda94052-523e-658d-6b02-000000000b00}

ParentProcessId: 6884

ParentImage: C:\Windows\System32\mmc.exe

ParentCommandLine: ""C:\Windows\system32\mmc.exe"" EVENTVWR.MSC 

ParentUser: WINDEV2309EVAL\User",Info,WerFault.exe,"""C:\Windows\system32\mmc.exe"" EVENTVWR.MSC ",C:\Windows\System32\mmc.exe,{fda94052-523e-658d-6b02-000000000b00},6884,WINDEV2309EVAL\User,{fda94052-523f-658d-6f02-000000000b00},7044,9772,Microsoft® Windows® Operating System,,,,,"
      ",-,,,,,,2023-12-28T10:47:27.1882334Z,,,Process Create (rule: ProcessCreate),1,6672,WINDEV2309EVAL\User,S-1-5-18,2023-12-28 10:47:27.187,5,"<Event xmlns=""http://schemas.microsoft.com/win/2004/08/events/event"">
    <System>
      <Provider Name=""Microsoft-Windows-Sysmon"" Guid=""{5770385f-c22a-43e0-bf4c-06f5698ffbd9}""/>
      <EventID>1</EventID>
      <Version>5</Version>
      <Level>4</Level>
      <Task>1</Task>
      <Opcode>0</Opcode>
      <Keywords>0x8000000000000000</Keywords>
      <TimeCreated SystemTime=""2023-12-28T10:47:27.1882334Z""/>
      <EventRecordID>9460</EventRecordID>
      <Correlation/>
      <Execution ProcessID=""7044"" ThreadID=""6672""/>
      <Channel>Microsoft-Windows-Sysmon/Operational</Channel>
      <Computer>WinDev2309Eval</Computer>
      <Security UserID=""S-1-5-18""/>
    </System>
    <EventData>
      <Data Name=""RuleName"">-</Data>
      <Data Name=""UtcTime"">2023-12-28 10:47:27.187</Data>
      <Data Name=""ProcessGuid"">{fda94052-523f-658d-6f02-000000000b00}</Data>
      <Data Name=""ProcessId"">9772</Data>
      <Data Name=""Image"">C:\Windows\System32\WerFault.exe</Data>
      <Data Name=""FileVersion"">10.0.22621.2215 (WinBuild.160101.0800)</Data>
      <Data Name=""Description"">Windows Problem Reporting</Data>
      <Data Name=""Product"">Microsoft&#174; Windows&#174; Operating System</Data>
      <Data Name=""Company"">Microsoft Corporation</Data>
      <Data Name=""OriginalFileName"">WerFault.exe</Data>
      <Data Name=""CommandLine"">C:\Windows\system32\WerFault.exe -u -p 6884 -s 1416</Data>
      <Data Name=""CurrentDirectory"">C:\Windows\system32\</Data>
      <Data Name=""User"">WINDEV2309EVAL\User</Data>
      <Data Name=""LogonGuid"">{fda94052-3502-658d-7367-080000000000}</Data>
      <Data Name=""LogonId"">0x86773</Data>
      <Data Name=""TerminalSessionId"">1</Data>
      <Data Name=""IntegrityLevel"">High</Data>
      <Data Name=""Hashes"">MD5=332468462B6E9E04FDEEB0AF4D668864,SHA256=DCCFF5CC569944B43A4EA22AE0BF390218CB30703392CFA458B6E2B665C519BE,IMPHASH=A4336B3CD2AA3ADCBF1468F4A959D93F</Data>
      <Data Name=""ParentProcessGuid"">{fda94052-523e-658d-6b02-000000000b00}</Data>
      <Data Name=""ParentProcessId"">6884</Data>
      <Data Name=""ParentImage"">C:\Windows\System32\mmc.exe</Data>
      <Data Name=""ParentCommandLine"">""C:\Windows\system32\mmc.exe"" EVENTVWR.MSC </Data>
      <Data Name=""ParentUser"">WINDEV2309EVAL\User</Data>
    </EventData>
    <RenderingInfo Culture=""en-US"">
      <Message>Process Create:

RuleName: -

UtcTime: 2023-12-28 10:47:27.187

ProcessGuid: {fda94052-523f-658d-6f02-000000000b00}

ProcessId: 9772

Image: C:\Windows\System32\WerFault.exe

FileVersion: 10.0.22621.2215 (WinBuild.160101.0800)

Description: Windows Problem Reporting

Product: Microsoft&#174; Windows&#174; Operating System

Company: Microsoft Corporation

OriginalFileName: WerFault.exe

CommandLine: C:\Windows\system32\WerFault.exe -u -p 6884 -s 1416

CurrentDirectory: C:\Windows\system32\

User: WINDEV2309EVAL\User

LogonGuid: {fda94052-3502-658d-7367-080000000000}

LogonId: 0x86773

TerminalSessionId: 1

IntegrityLevel: High

Hashes: MD5=332468462B6E9E04FDEEB0AF4D668864,SHA256=DCCFF5CC569944B43A4EA22AE0BF390218CB30703392CFA458B6E2B665C519BE,IMPHASH=A4336B3CD2AA3ADCBF1468F4A959D93F

ParentProcessGuid: {fda94052-523e-658d-6b02-000000000b00}

ParentProcessId: 6884

ParentImage: C:\Windows\System32\mmc.exe

ParentCommandLine: ""C:\Windows\system32\mmc.exe"" EVENTVWR.MSC 

ParentUser: WINDEV2309EVAL\User</Message>
      <Level>Information</Level>
      <Task>Process Create (rule: ProcessCreate)</Task>
      <Opcode>Info</Opcode>
    </RenderingInfo>
  </Event>
  
"
Microsoft-Windows-Sysmon/Operational,C:\Windows\system32\WerFault.exe -pss -s 396 -p 6884 -ip 6884,Microsoft Corporation,WinDev2309Eval,,C:\Windows\system32\,Windows Problem Reporting,,,,,,,1,9459,,10.0.22621.2215 (WinBuild.160101.0800),"MD5=332468462B6E9E04FDEEB0AF4D668864,SHA256=DCCFF5CC569944B43A4EA22AE0BF390218CB30703392CFA458B6E2B665C519BE,IMPHASH=A4336B3CD2AA3ADCBF1468F4A959D93F",C:\Windows\System32\WerFault.exe,,System,0x8000000000000000,Information,{fda94052-34eb-658d-e703-000000000000},0x3e7,"Process Create:

RuleName: -

UtcTime: 2023-12-28 10:47:27.061

ProcessGuid: {fda94052-523f-658d-6d02-000000000b00}

ProcessId: 3880

Image: C:\Windows\System32\WerFault.exe

FileVersion: 10.0.22621.2215 (WinBuild.160101.0800)

Description: Windows Problem Reporting

Product: Microsoft® Windows® Operating System

Company: Microsoft Corporation

OriginalFileName: WerFault.exe

CommandLine: C:\Windows\system32\WerFault.exe -pss -s 396 -p 6884 -ip 6884

CurrentDirectory: C:\Windows\system32\

User: NT AUTHORITY\SYSTEM

LogonGuid: {fda94052-34eb-658d-e703-000000000000}

LogonId: 0x3E7

TerminalSessionId: 0

IntegrityLevel: System

Hashes: MD5=332468462B6E9E04FDEEB0AF4D668864,SHA256=DCCFF5CC569944B43A4EA22AE0BF390218CB30703392CFA458B6E2B665C519BE,IMPHASH=A4336B3CD2AA3ADCBF1468F4A959D93F

ParentProcessGuid: {fda94052-523f-658d-6c02-000000000b00}

ParentProcessId: 10852

ParentImage: C:\Windows\System32\svchost.exe

ParentCommandLine: C:\Windows\System32\svchost.exe -k WerSvcGroup

ParentUser: NT AUTHORITY\SYSTEM",Info,WerFault.exe,C:\Windows\System32\svchost.exe -k WerSvcGroup,C:\Windows\System32\svchost.exe,{fda94052-523f-658d-6c02-000000000b00},10852,NT AUTHORITY\SYSTEM,{fda94052-523f-658d-6d02-000000000b00},7044,3880,Microsoft® Windows® Operating System,,,,,"
      ",-,,,,,,2023-12-28T10:47:27.0684795Z,,,Process Create (rule: ProcessCreate),0,6672,NT AUTHORITY\SYSTEM,S-1-5-18,2023-12-28 10:47:27.061,5,"<Event xmlns=""http://schemas.microsoft.com/win/2004/08/events/event"">
    <System>
      <Provider Name=""Microsoft-Windows-Sysmon"" Guid=""{5770385f-c22a-43e0-bf4c-06f5698ffbd9}""/>
      <EventID>1</EventID>
      <Version>5</Version>
      <Level>4</Level>
      <Task>1</Task>
      <Opcode>0</Opcode>
      <Keywords>0x8000000000000000</Keywords>
      <TimeCreated SystemTime=""2023-12-28T10:47:27.0684795Z""/>
      <EventRecordID>9459</EventRecordID>
      <Correlation/>
      <Execution ProcessID=""7044"" ThreadID=""6672""/>
      <Channel>Microsoft-Windows-Sysmon/Operational</Channel>
      <Computer>WinDev2309Eval</Computer>
      <Security UserID=""S-1-5-18""/>
    </System>
    <EventData>
      <Data Name=""RuleName"">-</Data>
      <Data Name=""UtcTime"">2023-12-28 10:47:27.061</Data>
      <Data Name=""ProcessGuid"">{fda94052-523f-658d-6d02-000000000b00}</Data>
      <Data Name=""ProcessId"">3880</Data>
      <Data Name=""Image"">C:\Windows\System32\WerFault.exe</Data>
      <Data Name=""FileVersion"">10.0.22621.2215 (WinBuild.160101.0800)</Data>
      <Data Name=""Description"">Windows Problem Reporting</Data>
      <Data Name=""Product"">Microsoft&#174; Windows&#174; Operating System</Data>
      <Data Name=""Company"">Microsoft Corporation</Data>
      <Data Name=""OriginalFileName"">WerFault.exe</Data>
      <Data Name=""CommandLine"">C:\Windows\system32\WerFault.exe -pss -s 396 -p 6884 -ip 6884</Data>
      <Data Name=""CurrentDirectory"">C:\Windows\system32\</Data>
      <Data Name=""User"">NT AUTHORITY\SYSTEM</Data>
      <Data Name=""LogonGuid"">{fda94052-34eb-658d-e703-000000000000}</Data>
      <Data Name=""LogonId"">0x3e7</Data>
      <Data Name=""TerminalSessionId"">0</Data>
      <Data Name=""IntegrityLevel"">System</Data>
      <Data Name=""Hashes"">MD5=332468462B6E9E04FDEEB0AF4D668864,SHA256=DCCFF5CC569944B43A4EA22AE0BF390218CB30703392CFA458B6E2B665C519BE,IMPHASH=A4336B3CD2AA3ADCBF1468F4A959D93F</Data>
      <Data Name=""ParentProcessGuid"">{fda94052-523f-658d-6c02-000000000b00}</Data>
      <Data Name=""ParentProcessId"">10852</Data>
      <Data Name=""ParentImage"">C:\Windows\System32\svchost.exe</Data>
      <Data Name=""ParentCommandLine"">C:\Windows\System32\svchost.exe -k WerSvcGroup</Data>
      <Data Name=""ParentUser"">NT AUTHORITY\SYSTEM</Data>
    </EventData>
    <RenderingInfo Culture=""en-US"">
      <Message>Process Create:

RuleName: -

UtcTime: 2023-12-28 10:47:27.061

ProcessGuid: {fda94052-523f-658d-6d02-000000000b00}

ProcessId: 3880

Image: C:\Windows\System32\WerFault.exe

FileVersion: 10.0.22621.2215 (WinBuild.160101.0800)

Description: Windows Problem Reporting

Product: Microsoft&#174; Windows&#174; Operating System

Company: Microsoft Corporation

OriginalFileName: WerFault.exe

CommandLine: C:\Windows\system32\WerFault.exe -pss -s 396 -p 6884 -ip 6884

CurrentDirectory: C:\Windows\system32\

User: NT AUTHORITY\SYSTEM

LogonGuid: {fda94052-34eb-658d-e703-000000000000}

LogonId: 0x3E7

TerminalSessionId: 0

IntegrityLevel: System

Hashes: MD5=332468462B6E9E04FDEEB0AF4D668864,SHA256=DCCFF5CC569944B43A4EA22AE0BF390218CB30703392CFA458B6E2B665C519BE,IMPHASH=A4336B3CD2AA3ADCBF1468F4A959D93F

ParentProcessGuid: {fda94052-523f-658d-6c02-000000000b00}

ParentProcessId: 10852

ParentImage: C:\Windows\System32\svchost.exe

ParentCommandLine: C:\Windows\System32\svchost.exe -k WerSvcGroup

ParentUser: NT AUTHORITY\SYSTEM</Message>
      <Level>Information</Level>
      <Task>Process Create (rule: ProcessCreate)</Task>
      <Opcode>Info</Opcode>
    </RenderingInfo>
  </Event>
  
"
Microsoft-Windows-Sysmon/Operational,"""C:\Windows\system32\mmc.exe"" EVENTVWR.MSC ",Microsoft Corporation,WinDev2309Eval,,C:\Windows\system32\,Microsoft Management Console,,,,,,,1,9458,,10.0.22621.1635 (WinBuild.160101.0800),"MD5=A9B316AC836E5DD52B3400360FB6BE11,SHA256=B51FA04E1AB151527E5A82F145CD4C5E07E0DD4D9F3D105359BA5137D0DCF43B,IMPHASH=C4E2592E8FD90F2329C47BE117CF9C56",C:\Windows\System32\mmc.exe,,High,0x8000000000000000,Information,{fda94052-3502-658d-7367-080000000000},0x86773,"Process Create:

RuleName: -

UtcTime: 2023-12-28 10:47:26.724

ProcessGuid: {fda94052-523e-658d-6b02-000000000b00}

ProcessId: 6884

Image: C:\Windows\System32\mmc.exe

FileVersion: 10.0.22621.1635 (WinBuild.160101.0800)

Description: Microsoft Management Console

Product: Microsoft® Windows® Operating System

Company: Microsoft Corporation

OriginalFileName: mmc.exe

CommandLine: ""C:\Windows\system32\mmc.exe"" EVENTVWR.MSC 

CurrentDirectory: C:\Windows\system32\

User: WINDEV2309EVAL\User

LogonGuid: {fda94052-3502-658d-7367-080000000000}

LogonId: 0x86773

TerminalSessionId: 1

IntegrityLevel: High

Hashes: MD5=A9B316AC836E5DD52B3400360FB6BE11,SHA256=B51FA04E1AB151527E5A82F145CD4C5E07E0DD4D9F3D105359BA5137D0DCF43B,IMPHASH=C4E2592E8FD90F2329C47BE117CF9C56

ParentProcessGuid: {fda94052-523c-658d-6702-000000000b00}

ParentProcessId: 9652

ParentImage: C:\Windows\System32\WindowsPowerShell\v1.0\powershell.exe

ParentCommandLine: ""powershell.exe"" & {Write-Host \""""Creating registry keys in HKCU:Software\Classes\CLSID\{09108e71-974c-4010-89cb-acf471ae9e2c}\"""" -ForegroundColor Cyan
New-Item -Path \""""HKCU:\Software\Classes\CLSID\{09108e71-974c-4010-89cb-acf471ae9e2c}\InprocServer32\"""" -Value \""""C:\AtomicRedTeam\atomics\T1574.012\bin\T1574.012x64.dll\"""" -Force | Out-Null
New-ItemProperty -Path HKCU:\Environment -Name \""""COR_ENABLE_PROFILING\"""" -PropertyType String -Value \""""1\"""" -Force | Out-Null
New-ItemProperty -Path HKCU:\Environment -Name \""""COR_PROFILER\"""" -PropertyType String -Value \""""{09108e71-974c-4010-89cb-acf471ae9e2c}\"""" -Force | Out-Null
New-ItemProperty -Path HKCU:\Environment -Name \""""COR_PROFILER_PATH\"""" -PropertyType String -Value \""""C:\AtomicRedTeam\atomics\T1574.012\bin\T1574.012x64.dll\"""" -Force | Out-Null
Write-Host \""""executing eventvwr.msc\"""" -ForegroundColor Cyan
START MMC.EXE EVENTVWR.MSC}

ParentUser: WINDEV2309EVAL\User",Info,mmc.exe,"""powershell.exe"" & {Write-Host \""""Creating registry keys in HKCU:Software\Classes\CLSID\{09108e71-974c-4010-89cb-acf471ae9e2c}\"""" -ForegroundColor Cyan
New-Item -Path \""""HKCU:\Software\Classes\CLSID\{09108e71-974c-4010-89cb-acf471ae9e2c}\InprocServer32\"""" -Value \""""C:\AtomicRedTeam\atomics\T1574.012\bin\T1574.012x64.dll\"""" -Force | Out-Null
New-ItemProperty -Path HKCU:\Environment -Name \""""COR_ENABLE_PROFILING\"""" -PropertyType String -Value \""""1\"""" -Force | Out-Null
New-ItemProperty -Path HKCU:\Environment -Name \""""COR_PROFILER\"""" -PropertyType String -Value \""""{09108e71-974c-4010-89cb-acf471ae9e2c}\"""" -Force | Out-Null
New-ItemProperty -Path HKCU:\Environment -Name \""""COR_PROFILER_PATH\"""" -PropertyType String -Value \""""C:\AtomicRedTeam\atomics\T1574.012\bin\T1574.012x64.dll\"""" -Force | Out-Null
Write-Host \""""executing eventvwr.msc\"""" -ForegroundColor Cyan
START MMC.EXE EVENTVWR.MSC}",C:\Windows\System32\WindowsPowerShell\v1.0\powershell.exe,{fda94052-523c-658d-6702-000000000b00},9652,WINDEV2309EVAL\User,{fda94052-523e-658d-6b02-000000000b00},7044,6884,Microsoft® Windows® Operating System,,,,,"
      ",-,,,,,,2023-12-28T10:47:26.7256833Z,,,Process Create (rule: ProcessCreate),1,6672,WINDEV2309EVAL\User,S-1-5-18,2023-12-28 10:47:26.724,5,"<Event xmlns=""http://schemas.microsoft.com/win/2004/08/events/event"">
    <System>
      <Provider Name=""Microsoft-Windows-Sysmon"" Guid=""{5770385f-c22a-43e0-bf4c-06f5698ffbd9}""/>
      <EventID>1</EventID>
      <Version>5</Version>
      <Level>4</Level>
      <Task>1</Task>
      <Opcode>0</Opcode>
      <Keywords>0x8000000000000000</Keywords>
      <TimeCreated SystemTime=""2023-12-28T10:47:26.7256833Z""/>
      <EventRecordID>9458</EventRecordID>
      <Correlation/>
      <Execution ProcessID=""7044"" ThreadID=""6672""/>
      <Channel>Microsoft-Windows-Sysmon/Operational</Channel>
      <Computer>WinDev2309Eval</Computer>
      <Security UserID=""S-1-5-18""/>
    </System>
    <EventData>
      <Data Name=""RuleName"">-</Data>
      <Data Name=""UtcTime"">2023-12-28 10:47:26.724</Data>
      <Data Name=""ProcessGuid"">{fda94052-523e-658d-6b02-000000000b00}</Data>
      <Data Name=""ProcessId"">6884</Data>
      <Data Name=""Image"">C:\Windows\System32\mmc.exe</Data>
      <Data Name=""FileVersion"">10.0.22621.1635 (WinBuild.160101.0800)</Data>
      <Data Name=""Description"">Microsoft Management Console</Data>
      <Data Name=""Product"">Microsoft&#174; Windows&#174; Operating System</Data>
      <Data Name=""Company"">Microsoft Corporation</Data>
      <Data Name=""OriginalFileName"">mmc.exe</Data>
      <Data Name=""CommandLine"">""C:\Windows\system32\mmc.exe"" EVENTVWR.MSC </Data>
      <Data Name=""CurrentDirectory"">C:\Windows\system32\</Data>
      <Data Name=""User"">WINDEV2309EVAL\User</Data>
      <Data Name=""LogonGuid"">{fda94052-3502-658d-7367-080000000000}</Data>
      <Data Name=""LogonId"">0x86773</Data>
      <Data Name=""TerminalSessionId"">1</Data>
      <Data Name=""IntegrityLevel"">High</Data>
      <Data Name=""Hashes"">MD5=A9B316AC836E5DD52B3400360FB6BE11,SHA256=B51FA04E1AB151527E5A82F145CD4C5E07E0DD4D9F3D105359BA5137D0DCF43B,IMPHASH=C4E2592E8FD90F2329C47BE117CF9C56</Data>
      <Data Name=""ParentProcessGuid"">{fda94052-523c-658d-6702-000000000b00}</Data>
      <Data Name=""ParentProcessId"">9652</Data>
      <Data Name=""ParentImage"">C:\Windows\System32\WindowsPowerShell\v1.0\powershell.exe</Data>
      <Data Name=""ParentCommandLine"">""powershell.exe"" &amp; {Write-Host \""""Creating registry keys in HKCU:Software\Classes\CLSID\{09108e71-974c-4010-89cb-acf471ae9e2c}\"""" -ForegroundColor Cyan
New-Item -Path \""""HKCU:\Software\Classes\CLSID\{09108e71-974c-4010-89cb-acf471ae9e2c}\InprocServer32\"""" -Value \""""C:\AtomicRedTeam\atomics\T1574.012\bin\T1574.012x64.dll\"""" -Force | Out-Null
New-ItemProperty -Path HKCU:\Environment -Name \""""COR_ENABLE_PROFILING\"""" -PropertyType String -Value \""""1\"""" -Force | Out-Null
New-ItemProperty -Path HKCU:\Environment -Name \""""COR_PROFILER\"""" -PropertyType String -Value \""""{09108e71-974c-4010-89cb-acf471ae9e2c}\"""" -Force | Out-Null
New-ItemProperty -Path HKCU:\Environment -Name \""""COR_PROFILER_PATH\"""" -PropertyType String -Value \""""C:\AtomicRedTeam\atomics\T1574.012\bin\T1574.012x64.dll\"""" -Force | Out-Null
Write-Host \""""executing eventvwr.msc\"""" -ForegroundColor Cyan
START MMC.EXE EVENTVWR.MSC}</Data>
      <Data Name=""ParentUser"">WINDEV2309EVAL\User</Data>
    </EventData>
    <RenderingInfo Culture=""en-US"">
      <Message>Process Create:

RuleName: -

UtcTime: 2023-12-28 10:47:26.724

ProcessGuid: {fda94052-523e-658d-6b02-000000000b00}

ProcessId: 6884

Image: C:\Windows\System32\mmc.exe

FileVersion: 10.0.22621.1635 (WinBuild.160101.0800)

Description: Microsoft Management Console

Product: Microsoft&#174; Windows&#174; Operating System

Company: Microsoft Corporation

OriginalFileName: mmc.exe

CommandLine: ""C:\Windows\system32\mmc.exe"" EVENTVWR.MSC 

CurrentDirectory: C:\Windows\system32\

User: WINDEV2309EVAL\User

LogonGuid: {fda94052-3502-658d-7367-080000000000}

LogonId: 0x86773

TerminalSessionId: 1

IntegrityLevel: High

Hashes: MD5=A9B316AC836E5DD52B3400360FB6BE11,SHA256=B51FA04E1AB151527E5A82F145CD4C5E07E0DD4D9F3D105359BA5137D0DCF43B,IMPHASH=C4E2592E8FD90F2329C47BE117CF9C56

ParentProcessGuid: {fda94052-523c-658d-6702-000000000b00}

ParentProcessId: 9652

ParentImage: C:\Windows\System32\WindowsPowerShell\v1.0\powershell.exe

ParentCommandLine: ""powershell.exe"" &amp; {Write-Host \""""Creating registry keys in HKCU:Software\Classes\CLSID\{09108e71-974c-4010-89cb-acf471ae9e2c}\"""" -ForegroundColor Cyan
New-Item -Path \""""HKCU:\Software\Classes\CLSID\{09108e71-974c-4010-89cb-acf471ae9e2c}\InprocServer32\"""" -Value \""""C:\AtomicRedTeam\atomics\T1574.012\bin\T1574.012x64.dll\"""" -Force | Out-Null
New-ItemProperty -Path HKCU:\Environment -Name \""""COR_ENABLE_PROFILING\"""" -PropertyType String -Value \""""1\"""" -Force | Out-Null
New-ItemProperty -Path HKCU:\Environment -Name \""""COR_PROFILER\"""" -PropertyType String -Value \""""{09108e71-974c-4010-89cb-acf471ae9e2c}\"""" -Force | Out-Null
New-ItemProperty -Path HKCU:\Environment -Name \""""COR_PROFILER_PATH\"""" -PropertyType String -Value \""""C:\AtomicRedTeam\atomics\T1574.012\bin\T1574.012x64.dll\"""" -Force | Out-Null
Write-Host \""""executing eventvwr.msc\"""" -ForegroundColor Cyan
START MMC.EXE EVENTVWR.MSC}

ParentUser: WINDEV2309EVAL\User</Message>
      <Level>Information</Level>
      <Task>Process Create (rule: ProcessCreate)</Task>
      <Opcode>Info</Opcode>
    </RenderingInfo>
  </Event>
  
"
Microsoft-Windows-Sysmon/Operational,consent.exe 7068 378 0000024951025300,Microsoft Corporation,WinDev2309Eval,,C:\Windows\system32\,Consent UI for administrative applications,,,,,,,1,9457,,10.0.22621.2070 (WinBuild.160101.0800),"MD5=04236290F783C1B3A4D8B417BF6244A0,SHA256=DEDEC4ACEC0895F5A7622ADCB29C359F8855723653FE906C279565A01B7F2AC6,IMPHASH=5D0C875DBD930A73D5A983016E384930",C:\Windows\System32\consent.exe,,System,0x8000000000000000,Information,{fda94052-34eb-658d-e703-000000000000},0x3e7,"Process Create:

RuleName: -

UtcTime: 2023-12-28 10:47:26.611

ProcessGuid: {fda94052-523e-658d-6a02-000000000b00}

ProcessId: 8788

Image: C:\Windows\System32\consent.exe

FileVersion: 10.0.22621.2070 (WinBuild.160101.0800)

Description: Consent UI for administrative applications

Product: Microsoft® Windows® Operating System

Company: Microsoft Corporation

OriginalFileName: consent.exe

CommandLine: consent.exe 7068 378 0000024951025300

CurrentDirectory: C:\Windows\system32\

User: NT AUTHORITY\SYSTEM

LogonGuid: {fda94052-34eb-658d-e703-000000000000}

LogonId: 0x3E7

TerminalSessionId: 1

IntegrityLevel: System

Hashes: MD5=04236290F783C1B3A4D8B417BF6244A0,SHA256=DEDEC4ACEC0895F5A7622ADCB29C359F8855723653FE906C279565A01B7F2AC6,IMPHASH=5D0C875DBD930A73D5A983016E384930

ParentProcessGuid: {fda94052-b676-658c-ae00-000000000b00}

ParentProcessId: 7068

ParentImage: C:\Windows\System32\svchost.exe

ParentCommandLine: C:\Windows\system32\svchost.exe -k netsvcs -p -s Appinfo

ParentUser: NT AUTHORITY\SYSTEM",Info,consent.exe,C:\Windows\system32\svchost.exe -k netsvcs -p -s Appinfo,C:\Windows\System32\svchost.exe,{fda94052-b676-658c-ae00-000000000b00},7068,NT AUTHORITY\SYSTEM,{fda94052-523e-658d-6a02-000000000b00},7044,8788,Microsoft® Windows® Operating System,,,,,"
      ",-,,,,,,2023-12-28T10:47:26.6122786Z,,,Process Create (rule: ProcessCreate),1,6672,NT AUTHORITY\SYSTEM,S-1-5-18,2023-12-28 10:47:26.611,5,"<Event xmlns=""http://schemas.microsoft.com/win/2004/08/events/event"">
    <System>
      <Provider Name=""Microsoft-Windows-Sysmon"" Guid=""{5770385f-c22a-43e0-bf4c-06f5698ffbd9}""/>
      <EventID>1</EventID>
      <Version>5</Version>
      <Level>4</Level>
      <Task>1</Task>
      <Opcode>0</Opcode>
      <Keywords>0x8000000000000000</Keywords>
      <TimeCreated SystemTime=""2023-12-28T10:47:26.6122786Z""/>
      <EventRecordID>9457</EventRecordID>
      <Correlation/>
      <Execution ProcessID=""7044"" ThreadID=""6672""/>
      <Channel>Microsoft-Windows-Sysmon/Operational</Channel>
      <Computer>WinDev2309Eval</Computer>
      <Security UserID=""S-1-5-18""/>
    </System>
    <EventData>
      <Data Name=""RuleName"">-</Data>
      <Data Name=""UtcTime"">2023-12-28 10:47:26.611</Data>
      <Data Name=""ProcessGuid"">{fda94052-523e-658d-6a02-000000000b00}</Data>
      <Data Name=""ProcessId"">8788</Data>
      <Data Name=""Image"">C:\Windows\System32\consent.exe</Data>
      <Data Name=""FileVersion"">10.0.22621.2070 (WinBuild.160101.0800)</Data>
      <Data Name=""Description"">Consent UI for administrative applications</Data>
      <Data Name=""Product"">Microsoft&#174; Windows&#174; Operating System</Data>
      <Data Name=""Company"">Microsoft Corporation</Data>
      <Data Name=""OriginalFileName"">consent.exe</Data>
      <Data Name=""CommandLine"">consent.exe 7068 378 0000024951025300</Data>
      <Data Name=""CurrentDirectory"">C:\Windows\system32\</Data>
      <Data Name=""User"">NT AUTHORITY\SYSTEM</Data>
      <Data Name=""LogonGuid"">{fda94052-34eb-658d-e703-000000000000}</Data>
      <Data Name=""LogonId"">0x3e7</Data>
      <Data Name=""TerminalSessionId"">1</Data>
      <Data Name=""IntegrityLevel"">System</Data>
      <Data Name=""Hashes"">MD5=04236290F783C1B3A4D8B417BF6244A0,SHA256=DEDEC4ACEC0895F5A7622ADCB29C359F8855723653FE906C279565A01B7F2AC6,IMPHASH=5D0C875DBD930A73D5A983016E384930</Data>
      <Data Name=""ParentProcessGuid"">{fda94052-b676-658c-ae00-000000000b00}</Data>
      <Data Name=""ParentProcessId"">7068</Data>
      <Data Name=""ParentImage"">C:\Windows\System32\svchost.exe</Data>
      <Data Name=""ParentCommandLine"">C:\Windows\system32\svchost.exe -k netsvcs -p -s Appinfo</Data>
      <Data Name=""ParentUser"">NT AUTHORITY\SYSTEM</Data>
    </EventData>
    <RenderingInfo Culture=""en-US"">
      <Message>Process Create:

RuleName: -

UtcTime: 2023-12-28 10:47:26.611

ProcessGuid: {fda94052-523e-658d-6a02-000000000b00}

ProcessId: 8788

Image: C:\Windows\System32\consent.exe

FileVersion: 10.0.22621.2070 (WinBuild.160101.0800)

Description: Consent UI for administrative applications

Product: Microsoft&#174; Windows&#174; Operating System

Company: Microsoft Corporation

OriginalFileName: consent.exe

CommandLine: consent.exe 7068 378 0000024951025300

CurrentDirectory: C:\Windows\system32\

User: NT AUTHORITY\SYSTEM

LogonGuid: {fda94052-34eb-658d-e703-000000000000}

LogonId: 0x3E7

TerminalSessionId: 1

IntegrityLevel: System

Hashes: MD5=04236290F783C1B3A4D8B417BF6244A0,SHA256=DEDEC4ACEC0895F5A7622ADCB29C359F8855723653FE906C279565A01B7F2AC6,IMPHASH=5D0C875DBD930A73D5A983016E384930

ParentProcessGuid: {fda94052-b676-658c-ae00-000000000b00}

ParentProcessId: 7068

ParentImage: C:\Windows\System32\svchost.exe

ParentCommandLine: C:\Windows\system32\svchost.exe -k netsvcs -p -s Appinfo

ParentUser: NT AUTHORITY\SYSTEM</Message>
      <Level>Information</Level>
      <Task>Process Create (rule: ProcessCreate)</Task>
      <Opcode>Info</Opcode>
    </RenderingInfo>
  </Event>
  
"
