Channel,CommandLine,Company,Computer,CreationUtcTime,CurrentDirectory,Description,EventID,EventRecordID,FileVersion,Hashes,Image,IntegrityLevel,Keywords,Level,LogonGuid,LogonId,Message,Opcode,OriginalFileName,ParentCommandLine,ParentImage,ParentProcessGuid,ParentProcessId,ParentUser,ProcessGuid,ProcessID,ProcessId,Product,QueryName,QueryResults,QueryStatus,RenderingInfo,RuleName,SystemTime,TargetFilename,Task,TerminalSessionId,ThreadID,User,UserID,UtcTime,Version,raw
Microsoft-Windows-Sysmon/Operational,"""C:\Windows\system32\appidcertstorecheck.exe""",Microsoft Corporation,WinDev2309Eval,,C:\Windows\system32\,AppID Certificate Store Verification Task,1,9479,10.0.22621.2215 (WinBuild.160101.0800),"MD5=570AE15349CB318BCC7B424DAD8CD311,SHA256=57AB41C169FE75E29A8722728830C62650DB657E14FFA9B35CBDFF4DD2C66A62,IMPHASH=7168353EDBE3AB24A184BB681FD55AE6",C:\Windows\System32\appidcertstorecheck.exe,System,0x8000000000000000,Information,{fda94052-34ec-658d-e503-000000000000},0x3e5,"Process Create:

RuleName: -

UtcTime: 2023-12-28 10:42:54.660

ProcessGuid: {fda94052-512e-658d-8102-000000000b00}

ProcessId: 912

Image: C:\Windows\System32\appidcertstorecheck.exe

FileVersion: 10.0.22621.2215 (WinBuild.160101.0800)

Description: AppID Certificate Store Verification Task

Product: Microsoft® Windows® Operating System

Company: Microsoft Corporation

OriginalFileName: AppIDCertstoreCheck.exe

CommandLine: ""C:\Windows\system32\appidcertstorecheck.exe""

CurrentDirectory: C:\Windows\system32\

User: NT AUTHORITY\LOCAL SERVICE

LogonGuid: {fda94052-34ec-658d-e503-000000000000}

LogonId: 0x3E5

TerminalSessionId: 0

IntegrityLevel: System

Hashes: MD5=570AE15349CB318BCC7B424DAD8CD311,SHA256=57AB41C169FE75E29A8722728830C62650DB657E14FFA9B35CBDFF4DD2C66A62,IMPHASH=7168353EDBE3AB24A184BB681FD55AE6

ParentProcessGuid: {00000000-0000-0000-0000-000000000000}

ParentProcessId: 1900

ParentImage: -

ParentCommandLine: -

ParentUser: -",Info,AppIDCertstoreCheck.exe,-,-,{00000000-0000-0000-0000-000000000000},1900,-,{fda94052-512e-658d-8102-000000000b00},7044,912,Microsoft® Windows® Operating System,,,,"
      ",-,2023-12-28T10:42:54.6639219Z,,Process Create (rule: ProcessCreate),0,6672,NT AUTHORITY\LOCAL SERVICE,S-1-5-18,2023-12-28 10:42:54.660,5,"<Event xmlns=""http://schemas.microsoft.com/win/2004/08/events/event"">
    <System>
      <Provider Name=""Microsoft-Windows-Sysmon"" Guid=""{5770385f-c22a-43e0-bf4c-06f5698ffbd9}""/>
      <EventID>1</EventID>
      <Version>5</Version>
      <Level>4</Level>
      <Task>1</Task>
      <Opcode>0</Opcode>
      <Keywords>0x8000000000000000</Keywords>
      <TimeCreated SystemTime=""2023-12-28T10:42:54.6639219Z""/>
      <EventRecordID>9479</EventRecordID>
      <Correlation/>
      <Execution ProcessID=""7044"" ThreadID=""6672""/>
      <Channel>Microsoft-Windows-Sysmon/Operational</Channel>
      <Computer>WinDev2309Eval</Computer>
      <Security UserID=""S-1-5-18""/>
    </System>
    <EventData>
      <Data Name=""RuleName"">-</Data>
      <Data Name=""UtcTime"">2023-12-28 10:42:54.660</Data>
      <Data Name=""ProcessGuid"">{fda94052-512e-658d-8102-000000000b00}</Data>
      <Data Name=""ProcessId"">912</Data>
      <Data Name=""Image"">C:\Windows\System32\appidcertstorecheck.exe</Data>
      <Data Name=""FileVersion"">10.0.22621.2215 (WinBuild.160101.0800)</Data>
      <Data Name=""Description"">AppID Certificate Store Verification Task</Data>
      <Data Name=""Product"">Microsoft&#174; Windows&#174; Operating System</Data>
      <Data Name=""Company"">Microsoft Corporation</Data>
      <Data Name=""OriginalFileName"">AppIDCertstoreCheck.exe</Data>
      <Data Name=""CommandLine"">""C:\Windows\system32\appidcertstorecheck.exe""</Data>
      <Data Name=""CurrentDirectory"">C:\Windows\system32\</Data>
      <Data Name=""User"">NT AUTHORITY\LOCAL SERVICE</Data>
      <Data Name=""LogonGuid"">{fda94052-34ec-658d-e503-000000000000}</Data>
      <Data Name=""LogonId"">0x3e5</Data>
      <Data Name=""TerminalSessionId"">0</Data>
      <Data Name=""IntegrityLevel"">System</Data>
      <Data Name=""Hashes"">MD5=570AE15349CB318BCC7B424DAD8CD311,SHA256=57AB41C169FE75E29A8722728830C62650DB657E14FFA9B35CBDFF4DD2C66A62,IMPHASH=7168353EDBE3AB24A184BB681FD55AE6</Data>
      <Data Name=""ParentProcessGuid"">{00000000-0000-0000-0000-000000000000}</Data>
      <Data Name=""ParentProcessId"">1900</Data>
      <Data Name=""ParentImage"">-</Data>
      <Data Name=""ParentCommandLine"">-</Data>
      <Data Name=""ParentUser"">-</Data>
    </EventData>
    <RenderingInfo Culture=""en-US"">
      <Message>Process Create:

RuleName: -

UtcTime: 2023-12-28 10:42:54.660

ProcessGuid: {fda94052-512e-658d-8102-000000000b00}

ProcessId: 912

Image: C:\Windows\System32\appidcertstorecheck.exe

FileVersion: 10.0.22621.2215 (WinBuild.160101.0800)

Description: AppID Certificate Store Verification Task

Product: Microsoft&#174; Windows&#174; Operating System

Company: Microsoft Corporation

OriginalFileName: AppIDCertstoreCheck.exe

CommandLine: ""C:\Windows\system32\appidcertstorecheck.exe""

CurrentDirectory: C:\Windows\system32\

User: NT AUTHORITY\LOCAL SERVICE

LogonGuid: {fda94052-34ec-658d-e503-000000000000}

LogonId: 0x3E5

TerminalSessionId: 0

IntegrityLevel: System

Hashes: MD5=570AE15349CB318BCC7B424DAD8CD311,SHA256=57AB41C169FE75E29A8722728830C62650DB657E14FFA9B35CBDFF4DD2C66A62,IMPHASH=7168353EDBE3AB24A184BB681FD55AE6

ParentProcessGuid: {00000000-0000-0000-0000-000000000000}

ParentProcessId: 1900

ParentImage: -

ParentCommandLine: -

ParentUser: -</Message>
      <Level>Information</Level>
      <Task>Process Create (rule: ProcessCreate)</Task>
      <Opcode>Info</Opcode>
    </RenderingInfo>
  </Event>
  
"
Microsoft-Windows-Sysmon/Operational,"""C:\Program Files (x86)\Microsoft\Edge\Application\msedge.exe"" --type=utility --utility-sub-type=data_decoder.mojom.DataDecoderService --lang=en-US --service-sandbox-type=service --mojo-platform-channel-handle=7004 --field-trial-handle=2012,i,14121881332492415831,1209340753367914572,262144 --variations-seed-version /prefetch:8",Microsoft Corporation,WinDev2309Eval,,C:\Program Files (x86)\Microsoft\Edge\Application\120.0.2210.91\,Microsoft Edge,1,9478,120.0.2210.91,"MD5=F6E7A024CC79AC12294D0DA6072C5073,SHA256=628792B5B5A4D71B8D66B1A1C6B775B84E3A5E64C0C05B8D7138164FBAD5C21A,IMPHASH=EA4CA1F8E3B3D9373D39C13FD1348A63",C:\Program Files (x86)\Microsoft\Edge\Application\msedge.exe,Low,0x8000000000000000,Information,{fda94052-3502-658d-b367-080000000000},0x867b3,"Process Create:

RuleName: -

UtcTime: 2023-12-28 10:42:50.281

ProcessGuid: {fda94052-512a-658d-8002-000000000b00}

ProcessId: 11092

Image: C:\Program Files (x86)\Microsoft\Edge\Application\msedge.exe

FileVersion: 120.0.2210.91

Description: Microsoft Edge

Product: Microsoft Edge

Company: Microsoft Corporation

OriginalFileName: msedge.exe

CommandLine: ""C:\Program Files (x86)\Microsoft\Edge\Application\msedge.exe"" --type=utility --utility-sub-type=data_decoder.mojom.DataDecoderService --lang=en-US --service-sandbox-type=service --mojo-platform-channel-handle=7004 --field-trial-handle=2012,i,14121881332492415831,1209340753367914572,262144 --variations-seed-version /prefetch:8

CurrentDirectory: C:\Program Files (x86)\Microsoft\Edge\Application\120.0.2210.91\

User: WINDEV2309EVAL\User

LogonGuid: {fda94052-3502-658d-b367-080000000000}

LogonId: 0x867B3

TerminalSessionId: 1

IntegrityLevel: Low

Hashes: MD5=F6E7A024CC79AC12294D0DA6072C5073,SHA256=628792B5B5A4D71B8D66B1A1C6B775B84E3A5E64C0C05B8D7138164FBAD5C21A,IMPHASH=EA4CA1F8E3B3D9373D39C13FD1348A63

ParentProcessGuid: {fda94052-b84e-658c-0402-000000000b00}

ParentProcessId: 8488

ParentImage: C:\Program Files (x86)\Microsoft\Edge\Application\msedge.exe

ParentCommandLine: ""C:\Program Files (x86)\Microsoft\Edge\Application\msedge.exe"" --no-startup-window /prefetch:5

ParentUser: WINDEV2309EVAL\User",Info,msedge.exe,"""C:\Program Files (x86)\Microsoft\Edge\Application\msedge.exe"" --no-startup-window /prefetch:5",C:\Program Files (x86)\Microsoft\Edge\Application\msedge.exe,{fda94052-b84e-658c-0402-000000000b00},8488,WINDEV2309EVAL\User,{fda94052-512a-658d-8002-000000000b00},7044,11092,Microsoft Edge,,,,"
      ",-,2023-12-28T10:42:50.2859435Z,,Process Create (rule: ProcessCreate),1,6672,WINDEV2309EVAL\User,S-1-5-18,2023-12-28 10:42:50.281,5,"<Event xmlns=""http://schemas.microsoft.com/win/2004/08/events/event"">
    <System>
      <Provider Name=""Microsoft-Windows-Sysmon"" Guid=""{5770385f-c22a-43e0-bf4c-06f5698ffbd9}""/>
      <EventID>1</EventID>
      <Version>5</Version>
      <Level>4</Level>
      <Task>1</Task>
      <Opcode>0</Opcode>
      <Keywords>0x8000000000000000</Keywords>
      <TimeCreated SystemTime=""2023-12-28T10:42:50.2859435Z""/>
      <EventRecordID>9478</EventRecordID>
      <Correlation/>
      <Execution ProcessID=""7044"" ThreadID=""6672""/>
      <Channel>Microsoft-Windows-Sysmon/Operational</Channel>
      <Computer>WinDev2309Eval</Computer>
      <Security UserID=""S-1-5-18""/>
    </System>
    <EventData>
      <Data Name=""RuleName"">-</Data>
      <Data Name=""UtcTime"">2023-12-28 10:42:50.281</Data>
      <Data Name=""ProcessGuid"">{fda94052-512a-658d-8002-000000000b00}</Data>
      <Data Name=""ProcessId"">11092</Data>
      <Data Name=""Image"">C:\Program Files (x86)\Microsoft\Edge\Application\msedge.exe</Data>
      <Data Name=""FileVersion"">120.0.2210.91</Data>
      <Data Name=""Description"">Microsoft Edge</Data>
      <Data Name=""Product"">Microsoft Edge</Data>
      <Data Name=""Company"">Microsoft Corporation</Data>
      <Data Name=""OriginalFileName"">msedge.exe</Data>
      <Data Name=""CommandLine"">""C:\Program Files (x86)\Microsoft\Edge\Application\msedge.exe"" --type=utility --utility-sub-type=data_decoder.mojom.DataDecoderService --lang=en-US --service-sandbox-type=service --mojo-platform-channel-handle=7004 --field-trial-handle=2012,i,14121881332492415831,1209340753367914572,262144 --variations-seed-version /prefetch:8</Data>
      <Data Name=""CurrentDirectory"">C:\Program Files (x86)\Microsoft\Edge\Application\120.0.2210.91\</Data>
      <Data Name=""User"">WINDEV2309EVAL\User</Data>
      <Data Name=""LogonGuid"">{fda94052-3502-658d-b367-080000000000}</Data>
      <Data Name=""LogonId"">0x867b3</Data>
      <Data Name=""TerminalSessionId"">1</Data>
      <Data Name=""IntegrityLevel"">Low</Data>
      <Data Name=""Hashes"">MD5=F6E7A024CC79AC12294D0DA6072C5073,SHA256=628792B5B5A4D71B8D66B1A1C6B775B84E3A5E64C0C05B8D7138164FBAD5C21A,IMPHASH=EA4CA1F8E3B3D9373D39C13FD1348A63</Data>
      <Data Name=""ParentProcessGuid"">{fda94052-b84e-658c-0402-000000000b00}</Data>
      <Data Name=""ParentProcessId"">8488</Data>
      <Data Name=""ParentImage"">C:\Program Files (x86)\Microsoft\Edge\Application\msedge.exe</Data>
      <Data Name=""ParentCommandLine"">""C:\Program Files (x86)\Microsoft\Edge\Application\msedge.exe"" --no-startup-window /prefetch:5</Data>
      <Data Name=""ParentUser"">WINDEV2309EVAL\User</Data>
    </EventData>
    <RenderingInfo Culture=""en-US"">
      <Message>Process Create:

RuleName: -

UtcTime: 2023-12-28 10:42:50.281

ProcessGuid: {fda94052-512a-658d-8002-000000000b00}

ProcessId: 11092

Image: C:\Program Files (x86)\Microsoft\Edge\Application\msedge.exe

FileVersion: 120.0.2210.91

Description: Microsoft Edge

Product: Microsoft Edge

Company: Microsoft Corporation

OriginalFileName: msedge.exe

CommandLine: ""C:\Program Files (x86)\Microsoft\Edge\Application\msedge.exe"" --type=utility --utility-sub-type=data_decoder.mojom.DataDecoderService --lang=en-US --service-sandbox-type=service --mojo-platform-channel-handle=7004 --field-trial-handle=2012,i,14121881332492415831,1209340753367914572,262144 --variations-seed-version /prefetch:8

CurrentDirectory: C:\Program Files (x86)\Microsoft\Edge\Application\120.0.2210.91\

User: WINDEV2309EVAL\User

LogonGuid: {fda94052-3502-658d-b367-080000000000}

LogonId: 0x867B3

TerminalSessionId: 1

IntegrityLevel: Low

Hashes: MD5=F6E7A024CC79AC12294D0DA6072C5073,SHA256=628792B5B5A4D71B8D66B1A1C6B775B84E3A5E64C0C05B8D7138164FBAD5C21A,IMPHASH=EA4CA1F8E3B3D9373D39C13FD1348A63

ParentProcessGuid: {fda94052-b84e-658c-0402-000000000b00}

ParentProcessId: 8488

ParentImage: C:\Program Files (x86)\Microsoft\Edge\Application\msedge.exe

ParentCommandLine: ""C:\Program Files (x86)\Microsoft\Edge\Application\msedge.exe"" --no-startup-window /prefetch:5

ParentUser: WINDEV2309EVAL\User</Message>
      <Level>Information</Level>
      <Task>Process Create (rule: ProcessCreate)</Task>
      <Opcode>Info</Opcode>
    </RenderingInfo>
  </Event>
  
"
Microsoft-Windows-Sysmon/Operational,"""C:\Program Files (x86)\Microsoft\Edge\Application\msedge.exe"" --type=utility --utility-sub-type=data_decoder.mojom.DataDecoderService --lang=en-US --service-sandbox-type=service --mojo-platform-channel-handle=4300 --field-trial-handle=2012,i,14121881332492415831,1209340753367914572,262144 --variations-seed-version /prefetch:8",Microsoft Corporation,WinDev2309Eval,,C:\Program Files (x86)\Microsoft\Edge\Application\120.0.2210.91\,Microsoft Edge,1,9477,120.0.2210.91,"MD5=F6E7A024CC79AC12294D0DA6072C5073,SHA256=628792B5B5A4D71B8D66B1A1C6B775B84E3A5E64C0C05B8D7138164FBAD5C21A,IMPHASH=EA4CA1F8E3B3D9373D39C13FD1348A63",C:\Program Files (x86)\Microsoft\Edge\Application\msedge.exe,Low,0x8000000000000000,Information,{fda94052-3502-658d-b367-080000000000},0x867b3,"Process Create:

RuleName: -

UtcTime: 2023-12-28 10:42:50.275

ProcessGuid: {fda94052-512a-658d-7f02-000000000b00}

ProcessId: 10652

Image: C:\Program Files (x86)\Microsoft\Edge\Application\msedge.exe

FileVersion: 120.0.2210.91

Description: Microsoft Edge

Product: Microsoft Edge

Company: Microsoft Corporation

OriginalFileName: msedge.exe

CommandLine: ""C:\Program Files (x86)\Microsoft\Edge\Application\msedge.exe"" --type=utility --utility-sub-type=data_decoder.mojom.DataDecoderService --lang=en-US --service-sandbox-type=service --mojo-platform-channel-handle=4300 --field-trial-handle=2012,i,14121881332492415831,1209340753367914572,262144 --variations-seed-version /prefetch:8

CurrentDirectory: C:\Program Files (x86)\Microsoft\Edge\Application\120.0.2210.91\

User: WINDEV2309EVAL\User

LogonGuid: {fda94052-3502-658d-b367-080000000000}

LogonId: 0x867B3

TerminalSessionId: 1

IntegrityLevel: Low

Hashes: MD5=F6E7A024CC79AC12294D0DA6072C5073,SHA256=628792B5B5A4D71B8D66B1A1C6B775B84E3A5E64C0C05B8D7138164FBAD5C21A,IMPHASH=EA4CA1F8E3B3D9373D39C13FD1348A63

ParentProcessGuid: {fda94052-b84e-658c-0402-000000000b00}

ParentProcessId: 8488

ParentImage: C:\Program Files (x86)\Microsoft\Edge\Application\msedge.exe

ParentCommandLine: ""C:\Program Files (x86)\Microsoft\Edge\Application\msedge.exe"" --no-startup-window /prefetch:5

ParentUser: WINDEV2309EVAL\User",Info,msedge.exe,"""C:\Program Files (x86)\Microsoft\Edge\Application\msedge.exe"" --no-startup-window /prefetch:5",C:\Program Files (x86)\Microsoft\Edge\Application\msedge.exe,{fda94052-b84e-658c-0402-000000000b00},8488,WINDEV2309EVAL\User,{fda94052-512a-658d-7f02-000000000b00},7044,10652,Microsoft Edge,,,,"
      ",-,2023-12-28T10:42:50.2834858Z,,Process Create (rule: ProcessCreate),1,6672,WINDEV2309EVAL\User,S-1-5-18,2023-12-28 10:42:50.275,5,"<Event xmlns=""http://schemas.microsoft.com/win/2004/08/events/event"">
    <System>
      <Provider Name=""Microsoft-Windows-Sysmon"" Guid=""{5770385f-c22a-43e0-bf4c-06f5698ffbd9}""/>
      <EventID>1</EventID>
      <Version>5</Version>
      <Level>4</Level>
      <Task>1</Task>
      <Opcode>0</Opcode>
      <Keywords>0x8000000000000000</Keywords>
      <TimeCreated SystemTime=""2023-12-28T10:42:50.2834858Z""/>
      <EventRecordID>9477</EventRecordID>
      <Correlation/>
      <Execution ProcessID=""7044"" ThreadID=""6672""/>
      <Channel>Microsoft-Windows-Sysmon/Operational</Channel>
      <Computer>WinDev2309Eval</Computer>
      <Security UserID=""S-1-5-18""/>
    </System>
    <EventData>
      <Data Name=""RuleName"">-</Data>
      <Data Name=""UtcTime"">2023-12-28 10:42:50.275</Data>
      <Data Name=""ProcessGuid"">{fda94052-512a-658d-7f02-000000000b00}</Data>
      <Data Name=""ProcessId"">10652</Data>
      <Data Name=""Image"">C:\Program Files (x86)\Microsoft\Edge\Application\msedge.exe</Data>
      <Data Name=""FileVersion"">120.0.2210.91</Data>
      <Data Name=""Description"">Microsoft Edge</Data>
      <Data Name=""Product"">Microsoft Edge</Data>
      <Data Name=""Company"">Microsoft Corporation</Data>
      <Data Name=""OriginalFileName"">msedge.exe</Data>
      <Data Name=""CommandLine"">""C:\Program Files (x86)\Microsoft\Edge\Application\msedge.exe"" --type=utility --utility-sub-type=data_decoder.mojom.DataDecoderService --lang=en-US --service-sandbox-type=service --mojo-platform-channel-handle=4300 --field-trial-handle=2012,i,14121881332492415831,1209340753367914572,262144 --variations-seed-version /prefetch:8</Data>
      <Data Name=""CurrentDirectory"">C:\Program Files (x86)\Microsoft\Edge\Application\120.0.2210.91\</Data>
      <Data Name=""User"">WINDEV2309EVAL\User</Data>
      <Data Name=""LogonGuid"">{fda94052-3502-658d-b367-080000000000}</Data>
      <Data Name=""LogonId"">0x867b3</Data>
      <Data Name=""TerminalSessionId"">1</Data>
      <Data Name=""IntegrityLevel"">Low</Data>
      <Data Name=""Hashes"">MD5=F6E7A024CC79AC12294D0DA6072C5073,SHA256=628792B5B5A4D71B8D66B1A1C6B775B84E3A5E64C0C05B8D7138164FBAD5C21A,IMPHASH=EA4CA1F8E3B3D9373D39C13FD1348A63</Data>
      <Data Name=""ParentProcessGuid"">{fda94052-b84e-658c-0402-000000000b00}</Data>
      <Data Name=""ParentProcessId"">8488</Data>
      <Data Name=""ParentImage"">C:\Program Files (x86)\Microsoft\Edge\Application\msedge.exe</Data>
      <Data Name=""ParentCommandLine"">""C:\Program Files (x86)\Microsoft\Edge\Application\msedge.exe"" --no-startup-window /prefetch:5</Data>
      <Data Name=""ParentUser"">WINDEV2309EVAL\User</Data>
    </EventData>
    <RenderingInfo Culture=""en-US"">
      <Message>Process Create:

RuleName: -

UtcTime: 2023-12-28 10:42:50.275

ProcessGuid: {fda94052-512a-658d-7f02-000000000b00}

ProcessId: 10652

Image: C:\Program Files (x86)\Microsoft\Edge\Application\msedge.exe

FileVersion: 120.0.2210.91

Description: Microsoft Edge

Product: Microsoft Edge

Company: Microsoft Corporation

OriginalFileName: msedge.exe

CommandLine: ""C:\Program Files (x86)\Microsoft\Edge\Application\msedge.exe"" --type=utility --utility-sub-type=data_decoder.mojom.DataDecoderService --lang=en-US --service-sandbox-type=service --mojo-platform-channel-handle=4300 --field-trial-handle=2012,i,14121881332492415831,1209340753367914572,262144 --variations-seed-version /prefetch:8

CurrentDirectory: C:\Program Files (x86)\Microsoft\Edge\Application\120.0.2210.91\

User: WINDEV2309EVAL\User

LogonGuid: {fda94052-3502-658d-b367-080000000000}

LogonId: 0x867B3

TerminalSessionId: 1

IntegrityLevel: Low

Hashes: MD5=F6E7A024CC79AC12294D0DA6072C5073,SHA256=628792B5B5A4D71B8D66B1A1C6B775B84E3A5E64C0C05B8D7138164FBAD5C21A,IMPHASH=EA4CA1F8E3B3D9373D39C13FD1348A63

ParentProcessGuid: {fda94052-b84e-658c-0402-000000000b00}

ParentProcessId: 8488

ParentImage: C:\Program Files (x86)\Microsoft\Edge\Application\msedge.exe

ParentCommandLine: ""C:\Program Files (x86)\Microsoft\Edge\Application\msedge.exe"" --no-startup-window /prefetch:5

ParentUser: WINDEV2309EVAL\User</Message>
      <Level>Information</Level>
      <Task>Process Create (rule: ProcessCreate)</Task>
      <Opcode>Info</Opcode>
    </RenderingInfo>
  </Event>
  
"
Microsoft-Windows-Sysmon/Operational,"""C:\Program Files (x86)\Microsoft\Edge\Application\msedge.exe"" --type=utility --utility-sub-type=data_decoder.mojom.DataDecoderService --lang=en-US --service-sandbox-type=service --mojo-platform-channel-handle=3760 --field-trial-handle=2012,i,14121881332492415831,1209340753367914572,262144 --variations-seed-version /prefetch:8",Microsoft Corporation,WinDev2309Eval,,C:\Program Files (x86)\Microsoft\Edge\Application\120.0.2210.91\,Microsoft Edge,1,9476,120.0.2210.91,"MD5=F6E7A024CC79AC12294D0DA6072C5073,SHA256=628792B5B5A4D71B8D66B1A1C6B775B84E3A5E64C0C05B8D7138164FBAD5C21A,IMPHASH=EA4CA1F8E3B3D9373D39C13FD1348A63",C:\Program Files (x86)\Microsoft\Edge\Application\msedge.exe,Low,0x8000000000000000,Information,{fda94052-3502-658d-b367-080000000000},0x867b3,"Process Create:

RuleName: -

UtcTime: 2023-12-28 10:42:50.270

ProcessGuid: {fda94052-512a-658d-7e02-000000000b00}

ProcessId: 1828

Image: C:\Program Files (x86)\Microsoft\Edge\Application\msedge.exe

FileVersion: 120.0.2210.91

Description: Microsoft Edge

Product: Microsoft Edge

Company: Microsoft Corporation

OriginalFileName: msedge.exe

CommandLine: ""C:\Program Files (x86)\Microsoft\Edge\Application\msedge.exe"" --type=utility --utility-sub-type=data_decoder.mojom.DataDecoderService --lang=en-US --service-sandbox-type=service --mojo-platform-channel-handle=3760 --field-trial-handle=2012,i,14121881332492415831,1209340753367914572,262144 --variations-seed-version /prefetch:8

CurrentDirectory: C:\Program Files (x86)\Microsoft\Edge\Application\120.0.2210.91\

User: WINDEV2309EVAL\User

LogonGuid: {fda94052-3502-658d-b367-080000000000}

LogonId: 0x867B3

TerminalSessionId: 1

IntegrityLevel: Low

Hashes: MD5=F6E7A024CC79AC12294D0DA6072C5073,SHA256=628792B5B5A4D71B8D66B1A1C6B775B84E3A5E64C0C05B8D7138164FBAD5C21A,IMPHASH=EA4CA1F8E3B3D9373D39C13FD1348A63

ParentProcessGuid: {fda94052-b84e-658c-0402-000000000b00}

ParentProcessId: 8488

ParentImage: C:\Program Files (x86)\Microsoft\Edge\Application\msedge.exe

ParentCommandLine: ""C:\Program Files (x86)\Microsoft\Edge\Application\msedge.exe"" --no-startup-window /prefetch:5

ParentUser: WINDEV2309EVAL\User",Info,msedge.exe,"""C:\Program Files (x86)\Microsoft\Edge\Application\msedge.exe"" --no-startup-window /prefetch:5",C:\Program Files (x86)\Microsoft\Edge\Application\msedge.exe,{fda94052-b84e-658c-0402-000000000b00},8488,WINDEV2309EVAL\User,{fda94052-512a-658d-7e02-000000000b00},7044,1828,Microsoft Edge,,,,"
      ",-,2023-12-28T10:42:50.2712882Z,,Process Create (rule: ProcessCreate),1,6672,WINDEV2309EVAL\User,S-1-5-18,2023-12-28 10:42:50.270,5,"<Event xmlns=""http://schemas.microsoft.com/win/2004/08/events/event"">
    <System>
      <Provider Name=""Microsoft-Windows-Sysmon"" Guid=""{5770385f-c22a-43e0-bf4c-06f5698ffbd9}""/>
      <EventID>1</EventID>
      <Version>5</Version>
      <Level>4</Level>
      <Task>1</Task>
      <Opcode>0</Opcode>
      <Keywords>0x8000000000000000</Keywords>
      <TimeCreated SystemTime=""2023-12-28T10:42:50.2712882Z""/>
      <EventRecordID>9476</EventRecordID>
      <Correlation/>
      <Execution ProcessID=""7044"" ThreadID=""6672""/>
      <Channel>Microsoft-Windows-Sysmon/Operational</Channel>
      <Computer>WinDev2309Eval</Computer>
      <Security UserID=""S-1-5-18""/>
    </System>
    <EventData>
      <Data Name=""RuleName"">-</Data>
      <Data Name=""UtcTime"">2023-12-28 10:42:50.270</Data>
      <Data Name=""ProcessGuid"">{fda94052-512a-658d-7e02-000000000b00}</Data>
      <Data Name=""ProcessId"">1828</Data>
      <Data Name=""Image"">C:\Program Files (x86)\Microsoft\Edge\Application\msedge.exe</Data>
      <Data Name=""FileVersion"">120.0.2210.91</Data>
      <Data Name=""Description"">Microsoft Edge</Data>
      <Data Name=""Product"">Microsoft Edge</Data>
      <Data Name=""Company"">Microsoft Corporation</Data>
      <Data Name=""OriginalFileName"">msedge.exe</Data>
      <Data Name=""CommandLine"">""C:\Program Files (x86)\Microsoft\Edge\Application\msedge.exe"" --type=utility --utility-sub-type=data_decoder.mojom.DataDecoderService --lang=en-US --service-sandbox-type=service --mojo-platform-channel-handle=3760 --field-trial-handle=2012,i,14121881332492415831,1209340753367914572,262144 --variations-seed-version /prefetch:8</Data>
      <Data Name=""CurrentDirectory"">C:\Program Files (x86)\Microsoft\Edge\Application\120.0.2210.91\</Data>
      <Data Name=""User"">WINDEV2309EVAL\User</Data>
      <Data Name=""LogonGuid"">{fda94052-3502-658d-b367-080000000000}</Data>
      <Data Name=""LogonId"">0x867b3</Data>
      <Data Name=""TerminalSessionId"">1</Data>
      <Data Name=""IntegrityLevel"">Low</Data>
      <Data Name=""Hashes"">MD5=F6E7A024CC79AC12294D0DA6072C5073,SHA256=628792B5B5A4D71B8D66B1A1C6B775B84E3A5E64C0C05B8D7138164FBAD5C21A,IMPHASH=EA4CA1F8E3B3D9373D39C13FD1348A63</Data>
      <Data Name=""ParentProcessGuid"">{fda94052-b84e-658c-0402-000000000b00}</Data>
      <Data Name=""ParentProcessId"">8488</Data>
      <Data Name=""ParentImage"">C:\Program Files (x86)\Microsoft\Edge\Application\msedge.exe</Data>
      <Data Name=""ParentCommandLine"">""C:\Program Files (x86)\Microsoft\Edge\Application\msedge.exe"" --no-startup-window /prefetch:5</Data>
      <Data Name=""ParentUser"">WINDEV2309EVAL\User</Data>
    </EventData>
    <RenderingInfo Culture=""en-US"">
      <Message>Process Create:

RuleName: -

UtcTime: 2023-12-28 10:42:50.270

ProcessGuid: {fda94052-512a-658d-7e02-000000000b00}

ProcessId: 1828

Image: C:\Program Files (x86)\Microsoft\Edge\Application\msedge.exe

FileVersion: 120.0.2210.91

Description: Microsoft Edge

Product: Microsoft Edge

Company: Microsoft Corporation

OriginalFileName: msedge.exe

CommandLine: ""C:\Program Files (x86)\Microsoft\Edge\Application\msedge.exe"" --type=utility --utility-sub-type=data_decoder.mojom.DataDecoderService --lang=en-US --service-sandbox-type=service --mojo-platform-channel-handle=3760 --field-trial-handle=2012,i,14121881332492415831,1209340753367914572,262144 --variations-seed-version /prefetch:8

CurrentDirectory: C:\Program Files (x86)\Microsoft\Edge\Application\120.0.2210.91\

User: WINDEV2309EVAL\User

LogonGuid: {fda94052-3502-658d-b367-080000000000}

LogonId: 0x867B3

TerminalSessionId: 1

IntegrityLevel: Low

Hashes: MD5=F6E7A024CC79AC12294D0DA6072C5073,SHA256=628792B5B5A4D71B8D66B1A1C6B775B84E3A5E64C0C05B8D7138164FBAD5C21A,IMPHASH=EA4CA1F8E3B3D9373D39C13FD1348A63

ParentProcessGuid: {fda94052-b84e-658c-0402-000000000b00}

ParentProcessId: 8488

ParentImage: C:\Program Files (x86)\Microsoft\Edge\Application\msedge.exe

ParentCommandLine: ""C:\Program Files (x86)\Microsoft\Edge\Application\msedge.exe"" --no-startup-window /prefetch:5

ParentUser: WINDEV2309EVAL\User</Message>
      <Level>Information</Level>
      <Task>Process Create (rule: ProcessCreate)</Task>
      <Opcode>Info</Opcode>
    </RenderingInfo>
  </Event>
  
"
Microsoft-Windows-Sysmon/Operational,"""C:\Program Files (x86)\Microsoft\Edge\Application\msedge.exe"" --type=utility --utility-sub-type=data_decoder.mojom.DataDecoderService --lang=en-US --service-sandbox-type=service --mojo-platform-channel-handle=4320 --field-trial-handle=2012,i,14121881332492415831,1209340753367914572,262144 --variations-seed-version /prefetch:8",Microsoft Corporation,WinDev2309Eval,,C:\Program Files (x86)\Microsoft\Edge\Application\120.0.2210.91\,Microsoft Edge,1,9475,120.0.2210.91,"MD5=F6E7A024CC79AC12294D0DA6072C5073,SHA256=628792B5B5A4D71B8D66B1A1C6B775B84E3A5E64C0C05B8D7138164FBAD5C21A,IMPHASH=EA4CA1F8E3B3D9373D39C13FD1348A63",C:\Program Files (x86)\Microsoft\Edge\Application\msedge.exe,Low,0x8000000000000000,Information,{fda94052-3502-658d-b367-080000000000},0x867b3,"Process Create:

RuleName: -

UtcTime: 2023-12-28 10:42:50.261

ProcessGuid: {fda94052-512a-658d-7d02-000000000b00}

ProcessId: 3252

Image: C:\Program Files (x86)\Microsoft\Edge\Application\msedge.exe

FileVersion: 120.0.2210.91

Description: Microsoft Edge

Product: Microsoft Edge

Company: Microsoft Corporation

OriginalFileName: msedge.exe

CommandLine: ""C:\Program Files (x86)\Microsoft\Edge\Application\msedge.exe"" --type=utility --utility-sub-type=data_decoder.mojom.DataDecoderService --lang=en-US --service-sandbox-type=service --mojo-platform-channel-handle=4320 --field-trial-handle=2012,i,14121881332492415831,1209340753367914572,262144 --variations-seed-version /prefetch:8

CurrentDirectory: C:\Program Files (x86)\Microsoft\Edge\Application\120.0.2210.91\

User: WINDEV2309EVAL\User

LogonGuid: {fda94052-3502-658d-b367-080000000000}

LogonId: 0x867B3

TerminalSessionId: 1

IntegrityLevel: Low

Hashes: MD5=F6E7A024CC79AC12294D0DA6072C5073,SHA256=628792B5B5A4D71B8D66B1A1C6B775B84E3A5E64C0C05B8D7138164FBAD5C21A,IMPHASH=EA4CA1F8E3B3D9373D39C13FD1348A63

ParentProcessGuid: {fda94052-b84e-658c-0402-000000000b00}

ParentProcessId: 8488

ParentImage: C:\Program Files (x86)\Microsoft\Edge\Application\msedge.exe

ParentCommandLine: ""C:\Program Files (x86)\Microsoft\Edge\Application\msedge.exe"" --no-startup-window /prefetch:5

ParentUser: WINDEV2309EVAL\User",Info,msedge.exe,"""C:\Program Files (x86)\Microsoft\Edge\Application\msedge.exe"" --no-startup-window /prefetch:5",C:\Program Files (x86)\Microsoft\Edge\Application\msedge.exe,{fda94052-b84e-658c-0402-000000000b00},8488,WINDEV2309EVAL\User,{fda94052-512a-658d-7d02-000000000b00},7044,3252,Microsoft Edge,,,,"
      ",-,2023-12-28T10:42:50.2624087Z,,Process Create (rule: ProcessCreate),1,6672,WINDEV2309EVAL\User,S-1-5-18,2023-12-28 10:42:50.261,5,"<Event xmlns=""http://schemas.microsoft.com/win/2004/08/events/event"">
    <System>
      <Provider Name=""Microsoft-Windows-Sysmon"" Guid=""{5770385f-c22a-43e0-bf4c-06f5698ffbd9}""/>
      <EventID>1</EventID>
      <Version>5</Version>
      <Level>4</Level>
      <Task>1</Task>
      <Opcode>0</Opcode>
      <Keywords>0x8000000000000000</Keywords>
      <TimeCreated SystemTime=""2023-12-28T10:42:50.2624087Z""/>
      <EventRecordID>9475</EventRecordID>
      <Correlation/>
      <Execution ProcessID=""7044"" ThreadID=""6672""/>
      <Channel>Microsoft-Windows-Sysmon/Operational</Channel>
      <Computer>WinDev2309Eval</Computer>
      <Security UserID=""S-1-5-18""/>
    </System>
    <EventData>
      <Data Name=""RuleName"">-</Data>
      <Data Name=""UtcTime"">2023-12-28 10:42:50.261</Data>
      <Data Name=""ProcessGuid"">{fda94052-512a-658d-7d02-000000000b00}</Data>
      <Data Name=""ProcessId"">3252</Data>
      <Data Name=""Image"">C:\Program Files (x86)\Microsoft\Edge\Application\msedge.exe</Data>
      <Data Name=""FileVersion"">120.0.2210.91</Data>
      <Data Name=""Description"">Microsoft Edge</Data>
      <Data Name=""Product"">Microsoft Edge</Data>
      <Data Name=""Company"">Microsoft Corporation</Data>
      <Data Name=""OriginalFileName"">msedge.exe</Data>
      <Data Name=""CommandLine"">""C:\Program Files (x86)\Microsoft\Edge\Application\msedge.exe"" --type=utility --utility-sub-type=data_decoder.mojom.DataDecoderService --lang=en-US --service-sandbox-type=service --mojo-platform-channel-handle=4320 --field-trial-handle=2012,i,14121881332492415831,1209340753367914572,262144 --variations-seed-version /prefetch:8</Data>
      <Data Name=""CurrentDirectory"">C:\Program Files (x86)\Microsoft\Edge\Application\120.0.2210.91\</Data>
      <Data Name=""User"">WINDEV2309EVAL\User</Data>
      <Data Name=""LogonGuid"">{fda94052-3502-658d-b367-080000000000}</Data>
      <Data Name=""LogonId"">0x867b3</Data>
      <Data Name=""TerminalSessionId"">1</Data>
      <Data Name=""IntegrityLevel"">Low</Data>
      <Data Name=""Hashes"">MD5=F6E7A024CC79AC12294D0DA6072C5073,SHA256=628792B5B5A4D71B8D66B1A1C6B775B84E3A5E64C0C05B8D7138164FBAD5C21A,IMPHASH=EA4CA1F8E3B3D9373D39C13FD1348A63</Data>
      <Data Name=""ParentProcessGuid"">{fda94052-b84e-658c-0402-000000000b00}</Data>
      <Data Name=""ParentProcessId"">8488</Data>
      <Data Name=""ParentImage"">C:\Program Files (x86)\Microsoft\Edge\Application\msedge.exe</Data>
      <Data Name=""ParentCommandLine"">""C:\Program Files (x86)\Microsoft\Edge\Application\msedge.exe"" --no-startup-window /prefetch:5</Data>
      <Data Name=""ParentUser"">WINDEV2309EVAL\User</Data>
    </EventData>
    <RenderingInfo Culture=""en-US"">
      <Message>Process Create:

RuleName: -

UtcTime: 2023-12-28 10:42:50.261

ProcessGuid: {fda94052-512a-658d-7d02-000000000b00}

ProcessId: 3252

Image: C:\Program Files (x86)\Microsoft\Edge\Application\msedge.exe

FileVersion: 120.0.2210.91

Description: Microsoft Edge

Product: Microsoft Edge

Company: Microsoft Corporation

OriginalFileName: msedge.exe

CommandLine: ""C:\Program Files (x86)\Microsoft\Edge\Application\msedge.exe"" --type=utility --utility-sub-type=data_decoder.mojom.DataDecoderService --lang=en-US --service-sandbox-type=service --mojo-platform-channel-handle=4320 --field-trial-handle=2012,i,14121881332492415831,1209340753367914572,262144 --variations-seed-version /prefetch:8

CurrentDirectory: C:\Program Files (x86)\Microsoft\Edge\Application\120.0.2210.91\

User: WINDEV2309EVAL\User

LogonGuid: {fda94052-3502-658d-b367-080000000000}

LogonId: 0x867B3

TerminalSessionId: 1

IntegrityLevel: Low

Hashes: MD5=F6E7A024CC79AC12294D0DA6072C5073,SHA256=628792B5B5A4D71B8D66B1A1C6B775B84E3A5E64C0C05B8D7138164FBAD5C21A,IMPHASH=EA4CA1F8E3B3D9373D39C13FD1348A63

ParentProcessGuid: {fda94052-b84e-658c-0402-000000000b00}

ParentProcessId: 8488

ParentImage: C:\Program Files (x86)\Microsoft\Edge\Application\msedge.exe

ParentCommandLine: ""C:\Program Files (x86)\Microsoft\Edge\Application\msedge.exe"" --no-startup-window /prefetch:5

ParentUser: WINDEV2309EVAL\User</Message>
      <Level>Information</Level>
      <Task>Process Create (rule: ProcessCreate)</Task>
      <Opcode>Info</Opcode>
    </RenderingInfo>
  </Event>
  
"
Microsoft-Windows-Sysmon/Operational,"""C:\Program Files (x86)\Microsoft\Edge\Application\msedge.exe"" --type=utility --utility-sub-type=unzip.mojom.Unzipper --lang=en-US --service-sandbox-type=service --mojo-platform-channel-handle=2884 --field-trial-handle=2012,i,14121881332492415831,1209340753367914572,262144 --variations-seed-version /prefetch:8",Microsoft Corporation,WinDev2309Eval,,C:\Program Files (x86)\Microsoft\Edge\Application\120.0.2210.91\,Microsoft Edge,1,9474,120.0.2210.91,"MD5=F6E7A024CC79AC12294D0DA6072C5073,SHA256=628792B5B5A4D71B8D66B1A1C6B775B84E3A5E64C0C05B8D7138164FBAD5C21A,IMPHASH=EA4CA1F8E3B3D9373D39C13FD1348A63",C:\Program Files (x86)\Microsoft\Edge\Application\msedge.exe,Low,0x8000000000000000,Information,{fda94052-3502-658d-b367-080000000000},0x867b3,"Process Create:

RuleName: -

UtcTime: 2023-12-28 10:42:49.494

ProcessGuid: {fda94052-5129-658d-7c02-000000000b00}

ProcessId: 7708

Image: C:\Program Files (x86)\Microsoft\Edge\Application\msedge.exe

FileVersion: 120.0.2210.91

Description: Microsoft Edge

Product: Microsoft Edge

Company: Microsoft Corporation

OriginalFileName: msedge.exe

CommandLine: ""C:\Program Files (x86)\Microsoft\Edge\Application\msedge.exe"" --type=utility --utility-sub-type=unzip.mojom.Unzipper --lang=en-US --service-sandbox-type=service --mojo-platform-channel-handle=2884 --field-trial-handle=2012,i,14121881332492415831,1209340753367914572,262144 --variations-seed-version /prefetch:8

CurrentDirectory: C:\Program Files (x86)\Microsoft\Edge\Application\120.0.2210.91\

User: WINDEV2309EVAL\User

LogonGuid: {fda94052-3502-658d-b367-080000000000}

LogonId: 0x867B3

TerminalSessionId: 1

IntegrityLevel: Low

Hashes: MD5=F6E7A024CC79AC12294D0DA6072C5073,SHA256=628792B5B5A4D71B8D66B1A1C6B775B84E3A5E64C0C05B8D7138164FBAD5C21A,IMPHASH=EA4CA1F8E3B3D9373D39C13FD1348A63

ParentProcessGuid: {fda94052-b84e-658c-0402-000000000b00}

ParentProcessId: 8488

ParentImage: C:\Program Files (x86)\Microsoft\Edge\Application\msedge.exe

ParentCommandLine: ""C:\Program Files (x86)\Microsoft\Edge\Application\msedge.exe"" --no-startup-window /prefetch:5

ParentUser: WINDEV2309EVAL\User",Info,msedge.exe,"""C:\Program Files (x86)\Microsoft\Edge\Application\msedge.exe"" --no-startup-window /prefetch:5",C:\Program Files (x86)\Microsoft\Edge\Application\msedge.exe,{fda94052-b84e-658c-0402-000000000b00},8488,WINDEV2309EVAL\User,{fda94052-5129-658d-7c02-000000000b00},7044,7708,Microsoft Edge,,,,"
      ",-,2023-12-28T10:42:49.4955977Z,,Process Create (rule: ProcessCreate),1,6672,WINDEV2309EVAL\User,S-1-5-18,2023-12-28 10:42:49.494,5,"<Event xmlns=""http://schemas.microsoft.com/win/2004/08/events/event"">
    <System>
      <Provider Name=""Microsoft-Windows-Sysmon"" Guid=""{5770385f-c22a-43e0-bf4c-06f5698ffbd9}""/>
      <EventID>1</EventID>
      <Version>5</Version>
      <Level>4</Level>
      <Task>1</Task>
      <Opcode>0</Opcode>
      <Keywords>0x8000000000000000</Keywords>
      <TimeCreated SystemTime=""2023-12-28T10:42:49.4955977Z""/>
      <EventRecordID>9474</EventRecordID>
      <Correlation/>
      <Execution ProcessID=""7044"" ThreadID=""6672""/>
      <Channel>Microsoft-Windows-Sysmon/Operational</Channel>
      <Computer>WinDev2309Eval</Computer>
      <Security UserID=""S-1-5-18""/>
    </System>
    <EventData>
      <Data Name=""RuleName"">-</Data>
      <Data Name=""UtcTime"">2023-12-28 10:42:49.494</Data>
      <Data Name=""ProcessGuid"">{fda94052-5129-658d-7c02-000000000b00}</Data>
      <Data Name=""ProcessId"">7708</Data>
      <Data Name=""Image"">C:\Program Files (x86)\Microsoft\Edge\Application\msedge.exe</Data>
      <Data Name=""FileVersion"">120.0.2210.91</Data>
      <Data Name=""Description"">Microsoft Edge</Data>
      <Data Name=""Product"">Microsoft Edge</Data>
      <Data Name=""Company"">Microsoft Corporation</Data>
      <Data Name=""OriginalFileName"">msedge.exe</Data>
      <Data Name=""CommandLine"">""C:\Program Files (x86)\Microsoft\Edge\Application\msedge.exe"" --type=utility --utility-sub-type=unzip.mojom.Unzipper --lang=en-US --service-sandbox-type=service --mojo-platform-channel-handle=2884 --field-trial-handle=2012,i,14121881332492415831,1209340753367914572,262144 --variations-seed-version /prefetch:8</Data>
      <Data Name=""CurrentDirectory"">C:\Program Files (x86)\Microsoft\Edge\Application\120.0.2210.91\</Data>
      <Data Name=""User"">WINDEV2309EVAL\User</Data>
      <Data Name=""LogonGuid"">{fda94052-3502-658d-b367-080000000000}</Data>
      <Data Name=""LogonId"">0x867b3</Data>
      <Data Name=""TerminalSessionId"">1</Data>
      <Data Name=""IntegrityLevel"">Low</Data>
      <Data Name=""Hashes"">MD5=F6E7A024CC79AC12294D0DA6072C5073,SHA256=628792B5B5A4D71B8D66B1A1C6B775B84E3A5E64C0C05B8D7138164FBAD5C21A,IMPHASH=EA4CA1F8E3B3D9373D39C13FD1348A63</Data>
      <Data Name=""ParentProcessGuid"">{fda94052-b84e-658c-0402-000000000b00}</Data>
      <Data Name=""ParentProcessId"">8488</Data>
      <Data Name=""ParentImage"">C:\Program Files (x86)\Microsoft\Edge\Application\msedge.exe</Data>
      <Data Name=""ParentCommandLine"">""C:\Program Files (x86)\Microsoft\Edge\Application\msedge.exe"" --no-startup-window /prefetch:5</Data>
      <Data Name=""ParentUser"">WINDEV2309EVAL\User</Data>
    </EventData>
    <RenderingInfo Culture=""en-US"">
      <Message>Process Create:

RuleName: -

UtcTime: 2023-12-28 10:42:49.494

ProcessGuid: {fda94052-5129-658d-7c02-000000000b00}

ProcessId: 7708

Image: C:\Program Files (x86)\Microsoft\Edge\Application\msedge.exe

FileVersion: 120.0.2210.91

Description: Microsoft Edge

Product: Microsoft Edge

Company: Microsoft Corporation

OriginalFileName: msedge.exe

CommandLine: ""C:\Program Files (x86)\Microsoft\Edge\Application\msedge.exe"" --type=utility --utility-sub-type=unzip.mojom.Unzipper --lang=en-US --service-sandbox-type=service --mojo-platform-channel-handle=2884 --field-trial-handle=2012,i,14121881332492415831,1209340753367914572,262144 --variations-seed-version /prefetch:8

CurrentDirectory: C:\Program Files (x86)\Microsoft\Edge\Application\120.0.2210.91\

User: WINDEV2309EVAL\User

LogonGuid: {fda94052-3502-658d-b367-080000000000}

LogonId: 0x867B3

TerminalSessionId: 1

IntegrityLevel: Low

Hashes: MD5=F6E7A024CC79AC12294D0DA6072C5073,SHA256=628792B5B5A4D71B8D66B1A1C6B775B84E3A5E64C0C05B8D7138164FBAD5C21A,IMPHASH=EA4CA1F8E3B3D9373D39C13FD1348A63

ParentProcessGuid: {fda94052-b84e-658c-0402-000000000b00}

ParentProcessId: 8488

ParentImage: C:\Program Files (x86)\Microsoft\Edge\Application\msedge.exe

ParentCommandLine: ""C:\Program Files (x86)\Microsoft\Edge\Application\msedge.exe"" --no-startup-window /prefetch:5

ParentUser: WINDEV2309EVAL\User</Message>
      <Level>Information</Level>
      <Task>Process Create (rule: ProcessCreate)</Task>
      <Opcode>Info</Opcode>
    </RenderingInfo>
  </Event>
  
"
Microsoft-Windows-Sysmon/Operational,,,WinDev2309Eval,,,,5,9473,,,C:\Users\User\AppData\Local\Microsoft\OneDrive\OneDriveStandaloneUpdater.exe,,0x8000000000000000,Information,,,"Process terminated:

RuleName: -

UtcTime: 2023-12-28 10:42:49.364

ProcessGuid: {fda94052-50e7-658d-5402-000000000b00}

ProcessId: 556

Image: C:\Users\User\AppData\Local\Microsoft\OneDrive\OneDriveStandaloneUpdater.exe

User: WINDEV2309EVAL\User",Info,,,,,,,{fda94052-50e7-658d-5402-000000000b00},7044,556,,,,,"
      ",-,2023-12-28T10:42:49.3762187Z,,Process terminated (rule: ProcessTerminate),,6672,WINDEV2309EVAL\User,S-1-5-18,2023-12-28 10:42:49.364,3,"<Event xmlns=""http://schemas.microsoft.com/win/2004/08/events/event"">
    <System>
      <Provider Name=""Microsoft-Windows-Sysmon"" Guid=""{5770385f-c22a-43e0-bf4c-06f5698ffbd9}""/>
      <EventID>5</EventID>
      <Version>3</Version>
      <Level>4</Level>
      <Task>5</Task>
      <Opcode>0</Opcode>
      <Keywords>0x8000000000000000</Keywords>
      <TimeCreated SystemTime=""2023-12-28T10:42:49.3762187Z""/>
      <EventRecordID>9473</EventRecordID>
      <Correlation/>
      <Execution ProcessID=""7044"" ThreadID=""6672""/>
      <Channel>Microsoft-Windows-Sysmon/Operational</Channel>
      <Computer>WinDev2309Eval</Computer>
      <Security UserID=""S-1-5-18""/>
    </System>
    <EventData>
      <Data Name=""RuleName"">-</Data>
      <Data Name=""UtcTime"">2023-12-28 10:42:49.364</Data>
      <Data Name=""ProcessGuid"">{fda94052-50e7-658d-5402-000000000b00}</Data>
      <Data Name=""ProcessId"">556</Data>
      <Data Name=""Image"">C:\Users\User\AppData\Local\Microsoft\OneDrive\OneDriveStandaloneUpdater.exe</Data>
      <Data Name=""User"">WINDEV2309EVAL\User</Data>
    </EventData>
    <RenderingInfo Culture=""en-US"">
      <Message>Process terminated:

RuleName: -

UtcTime: 2023-12-28 10:42:49.364

ProcessGuid: {fda94052-50e7-658d-5402-000000000b00}

ProcessId: 556

Image: C:\Users\User\AppData\Local\Microsoft\OneDrive\OneDriveStandaloneUpdater.exe

User: WINDEV2309EVAL\User</Message>
      <Level>Information</Level>
      <Task>Process terminated (rule: ProcessTerminate)</Task>
      <Opcode>Info</Opcode>
    </RenderingInfo>
  </Event>
  
"
Microsoft-Windows-Sysmon/Operational,taskhostw.exe,Microsoft Corporation,WinDev2309Eval,,C:\Windows\system32\,Host Process for Windows Tasks,1,9472,10.0.22621.1635 (WinBuild.160101.0800),"MD5=4887A65FD4F6598AF4986CBC1C0E5488,SHA256=82472A84BCBB4009ADD338200F8E853FE4C5EAFE2E2C3A2D711B85BF29B72D54,IMPHASH=1C4E2D9936E4D9F2490B08AAB4D24260",C:\Windows\System32\taskhostw.exe,System,0x8000000000000000,Information,{fda94052-34eb-658d-e703-000000000000},0x3e7,"Process Create:

RuleName: -

UtcTime: 2023-12-28 10:42:45.349

ProcessGuid: {fda94052-5125-658d-7802-000000000b00}

ProcessId: 7092

Image: C:\Windows\System32\taskhostw.exe

FileVersion: 10.0.22621.1635 (WinBuild.160101.0800)

Description: Host Process for Windows Tasks

Product: Microsoft® Windows® Operating System

Company: Microsoft Corporation

OriginalFileName: taskhostw.exe

CommandLine: taskhostw.exe

CurrentDirectory: C:\Windows\system32\

User: NT AUTHORITY\SYSTEM

LogonGuid: {fda94052-34eb-658d-e703-000000000000}

LogonId: 0x3E7

TerminalSessionId: 0

IntegrityLevel: System

Hashes: MD5=4887A65FD4F6598AF4986CBC1C0E5488,SHA256=82472A84BCBB4009ADD338200F8E853FE4C5EAFE2E2C3A2D711B85BF29B72D54,IMPHASH=1C4E2D9936E4D9F2490B08AAB4D24260

ParentProcessGuid: {00000000-0000-0000-0000-000000000000}

ParentProcessId: 1900

ParentImage: -

ParentCommandLine: -

ParentUser: -",Info,taskhostw.exe,-,-,{00000000-0000-0000-0000-000000000000},1900,-,{fda94052-5125-658d-7802-000000000b00},7044,7092,Microsoft® Windows® Operating System,,,,"
      ",-,2023-12-28T10:42:45.3516670Z,,Process Create (rule: ProcessCreate),0,6672,NT AUTHORITY\SYSTEM,S-1-5-18,2023-12-28 10:42:45.349,5,"<Event xmlns=""http://schemas.microsoft.com/win/2004/08/events/event"">
    <System>
      <Provider Name=""Microsoft-Windows-Sysmon"" Guid=""{5770385f-c22a-43e0-bf4c-06f5698ffbd9}""/>
      <EventID>1</EventID>
      <Version>5</Version>
      <Level>4</Level>
      <Task>1</Task>
      <Opcode>0</Opcode>
      <Keywords>0x8000000000000000</Keywords>
      <TimeCreated SystemTime=""2023-12-28T10:42:45.3516670Z""/>
      <EventRecordID>9472</EventRecordID>
      <Correlation/>
      <Execution ProcessID=""7044"" ThreadID=""6672""/>
      <Channel>Microsoft-Windows-Sysmon/Operational</Channel>
      <Computer>WinDev2309Eval</Computer>
      <Security UserID=""S-1-5-18""/>
    </System>
    <EventData>
      <Data Name=""RuleName"">-</Data>
      <Data Name=""UtcTime"">2023-12-28 10:42:45.349</Data>
      <Data Name=""ProcessGuid"">{fda94052-5125-658d-7802-000000000b00}</Data>
      <Data Name=""ProcessId"">7092</Data>
      <Data Name=""Image"">C:\Windows\System32\taskhostw.exe</Data>
      <Data Name=""FileVersion"">10.0.22621.1635 (WinBuild.160101.0800)</Data>
      <Data Name=""Description"">Host Process for Windows Tasks</Data>
      <Data Name=""Product"">Microsoft&#174; Windows&#174; Operating System</Data>
      <Data Name=""Company"">Microsoft Corporation</Data>
      <Data Name=""OriginalFileName"">taskhostw.exe</Data>
      <Data Name=""CommandLine"">taskhostw.exe</Data>
      <Data Name=""CurrentDirectory"">C:\Windows\system32\</Data>
      <Data Name=""User"">NT AUTHORITY\SYSTEM</Data>
      <Data Name=""LogonGuid"">{fda94052-34eb-658d-e703-000000000000}</Data>
      <Data Name=""LogonId"">0x3e7</Data>
      <Data Name=""TerminalSessionId"">0</Data>
      <Data Name=""IntegrityLevel"">System</Data>
      <Data Name=""Hashes"">MD5=4887A65FD4F6598AF4986CBC1C0E5488,SHA256=82472A84BCBB4009ADD338200F8E853FE4C5EAFE2E2C3A2D711B85BF29B72D54,IMPHASH=1C4E2D9936E4D9F2490B08AAB4D24260</Data>
      <Data Name=""ParentProcessGuid"">{00000000-0000-0000-0000-000000000000}</Data>
      <Data Name=""ParentProcessId"">1900</Data>
      <Data Name=""ParentImage"">-</Data>
      <Data Name=""ParentCommandLine"">-</Data>
      <Data Name=""ParentUser"">-</Data>
    </EventData>
    <RenderingInfo Culture=""en-US"">
      <Message>Process Create:

RuleName: -

UtcTime: 2023-12-28 10:42:45.349

ProcessGuid: {fda94052-5125-658d-7802-000000000b00}

ProcessId: 7092

Image: C:\Windows\System32\taskhostw.exe

FileVersion: 10.0.22621.1635 (WinBuild.160101.0800)

Description: Host Process for Windows Tasks

Product: Microsoft&#174; Windows&#174; Operating System

Company: Microsoft Corporation

OriginalFileName: taskhostw.exe

CommandLine: taskhostw.exe

CurrentDirectory: C:\Windows\system32\

User: NT AUTHORITY\SYSTEM

LogonGuid: {fda94052-34eb-658d-e703-000000000000}

LogonId: 0x3E7

TerminalSessionId: 0

IntegrityLevel: System

Hashes: MD5=4887A65FD4F6598AF4986CBC1C0E5488,SHA256=82472A84BCBB4009ADD338200F8E853FE4C5EAFE2E2C3A2D711B85BF29B72D54,IMPHASH=1C4E2D9936E4D9F2490B08AAB4D24260

ParentProcessGuid: {00000000-0000-0000-0000-000000000000}

ParentProcessId: 1900

ParentImage: -

ParentCommandLine: -

ParentUser: -</Message>
      <Level>Information</Level>
      <Task>Process Create (rule: ProcessCreate)</Task>
      <Opcode>Info</Opcode>
    </RenderingInfo>
  </Event>
  
"
