Microsoft-Windows-Sysmon/Operational,,,WinDev2309Eval,,,,,,,,,,22,9448,,,,C:\Program Files (x86)\Microsoft\EdgeWebView\Application\120.0.2210.91\msedgewebview2.exe,,,0x8000000000000000,Information,,,"Dns query:

RuleName: -

UtcTime: 2023-12-27 23:54:08.110

ProcessGuid: {fda94052-b85d-658c-1a02-000000000b00}

ProcessId: 9268

QueryName: img-s-msn-com.akamaized.net

QueryStatus: 0

QueryResults: type: 5 a1834.dscg2.akamai.net;::ffff:96.17.178.193;::ffff:96.17.178.183;

Image: C:\Program Files (x86)\Microsoft\EdgeWebView\Application\120.0.2210.91\msedgewebview2.exe

User: WINDEV2309EVAL\User",Info,,,,,,,{fda94052-b85d-658c-1a02-000000000b00},7044,9268,,,img-s-msn-com.akamaized.net,type: 5 a1834.dscg2.akamai.net;::ffff:96.17.178.193;::ffff:96.17.178.183;,0,"
      ",-,,,,,,2023-12-28T10:47:19.6631466Z,,,Dns query (rule: DnsQuery),,1124,WINDEV2309EVAL\User,S-1-5-18,2023-12-27 23:54:08.110,5,"<Event xmlns=""http://schemas.microsoft.com/win/2004/08/events/event"">
    <System>
      <Provider Name=""Microsoft-Windows-Sysmon"" Guid=""{5770385f-c22a-43e0-bf4c-06f5698ffbd9}""/>
      <EventID>22</EventID>
      <Version>5</Version>
      <Level>4</Level>
      <Task>22</Task>
      <Opcode>0</Opcode>
      <Keywords>0x8000000000000000</Keywords>
      <TimeCreated SystemTime=""2023-12-28T10:47:19.6631466Z""/>
      <EventRecordID>9448</EventRecordID>
      <Correlation/>
      <Execution ProcessID=""7044"" ThreadID=""1124""/>
      <Channel>Microsoft-Windows-Sysmon/Operational</Channel>
      <Computer>WinDev2309Eval</Computer>
      <Security UserID=""S-1-5-18""/>
    </System>
    <EventData>
      <Data Name=""RuleName"">-</Data>
      <Data Name=""UtcTime"">2023-12-27 23:54:08.110</Data>
      <Data Name=""ProcessGuid"">{fda94052-b85d-658c-1a02-000000000b00}</Data>
      <Data Name=""ProcessId"">9268</Data>
      <Data Name=""QueryName"">img-s-msn-com.akamaized.net</Data>
      <Data Name=""QueryStatus"">0</Data>
      <Data Name=""QueryResults"">type: 5 a1834.dscg2.akamai.net;::ffff:96.17.178.193;::ffff:96.17.178.183;</Data>
      <Data Name=""Image"">C:\Program Files (x86)\Microsoft\EdgeWebView\Application\120.0.2210.91\msedgewebview2.exe</Data>
      <Data Name=""User"">WINDEV2309EVAL\User</Data>
    </EventData>
    <RenderingInfo Culture=""en-US"">
      <Message>Dns query:

RuleName: -

UtcTime: 2023-12-27 23:54:08.110

ProcessGuid: {fda94052-b85d-658c-1a02-000000000b00}

ProcessId: 9268

QueryName: img-s-msn-com.akamaized.net

QueryStatus: 0

QueryResults: type: 5 a1834.dscg2.akamai.net;::ffff:96.17.178.193;::ffff:96.17.178.183;

Image: C:\Program Files (x86)\Microsoft\EdgeWebView\Application\120.0.2210.91\msedgewebview2.exe

User: WINDEV2309EVAL\User</Message>
      <Level>Information</Level>
      <Task>Dns query (rule: DnsQuery)</Task>
      <Opcode>Info</Opcode>
    </RenderingInfo>
  </Event>
  
"
Microsoft-Windows-Sysmon/Operational,,,WinDev2309Eval,,,,,,,,,,22,9447,,,,C:\Windows\system32\backgroundTaskHost.exe,,,0x8000000000000000,Information,,,"Dns query:

RuleName: -

UtcTime: 2023-12-27 23:54:07.549

ProcessGuid: {fda94052-522f-658d-5102-000000000b00}

ProcessId: 5384

QueryName: da.xboxservices.com

QueryStatus: 0

QueryResults: type: 5 xbet-afd-prod-hkc2bwaka7a8gfeq.z01.azurefd.net;type: 5 star-azurefd-prod.trafficmanager.net;type: 5 shed.dual-low.part-0034.t-0009.t-msedge.net;type: 5 part-0034.t-0009.t-msedge.net;::ffff:13.107.246.62;::ffff:13.107.213.62;

Image: C:\Windows\system32\backgroundTaskHost.exe

User: WINDEV2309EVAL\User",Info,,,,,,,{fda94052-522f-658d-5102-000000000b00},7044,5384,,,da.xboxservices.com,type: 5 xbet-afd-prod-hkc2bwaka7a8gfeq.z01.azurefd.net;type: 5 star-azurefd-prod.trafficmanager.net;type: 5 shed.dual-low.part-0034.t-0009.t-msedge.net;type: 5 part-0034.t-0009.t-msedge.net;::ffff:13.107.246.62;::ffff:13.107.213.62;,0,"
      ",-,,,,,,2023-12-28T10:47:18.6554698Z,,,Dns query (rule: DnsQuery),,1124,WINDEV2309EVAL\User,S-1-5-18,2023-12-27 23:54:07.549,5,"<Event xmlns=""http://schemas.microsoft.com/win/2004/08/events/event"">
    <System>
      <Provider Name=""Microsoft-Windows-Sysmon"" Guid=""{5770385f-c22a-43e0-bf4c-06f5698ffbd9}""/>
      <EventID>22</EventID>
      <Version>5</Version>
      <Level>4</Level>
      <Task>22</Task>
      <Opcode>0</Opcode>
      <Keywords>0x8000000000000000</Keywords>
      <TimeCreated SystemTime=""2023-12-28T10:47:18.6554698Z""/>
      <EventRecordID>9447</EventRecordID>
      <Correlation/>
      <Execution ProcessID=""7044"" ThreadID=""1124""/>
      <Channel>Microsoft-Windows-Sysmon/Operational</Channel>
      <Computer>WinDev2309Eval</Computer>
      <Security UserID=""S-1-5-18""/>
    </System>
    <EventData>
      <Data Name=""RuleName"">-</Data>
      <Data Name=""UtcTime"">2023-12-27 23:54:07.549</Data>
      <Data Name=""ProcessGuid"">{fda94052-522f-658d-5102-000000000b00}</Data>
      <Data Name=""ProcessId"">5384</Data>
      <Data Name=""QueryName"">da.xboxservices.com</Data>
      <Data Name=""QueryStatus"">0</Data>
      <Data Name=""QueryResults"">type: 5 xbet-afd-prod-hkc2bwaka7a8gfeq.z01.azurefd.net;type: 5 star-azurefd-prod.trafficmanager.net;type: 5 shed.dual-low.part-0034.t-0009.t-msedge.net;type: 5 part-0034.t-0009.t-msedge.net;::ffff:13.107.246.62;::ffff:13.107.213.62;</Data>
      <Data Name=""Image"">C:\Windows\system32\backgroundTaskHost.exe</Data>
      <Data Name=""User"">WINDEV2309EVAL\User</Data>
    </EventData>
    <RenderingInfo Culture=""en-US"">
      <Message>Dns query:

RuleName: -

UtcTime: 2023-12-27 23:54:07.549

ProcessGuid: {fda94052-522f-658d-5102-000000000b00}

ProcessId: 5384

QueryName: da.xboxservices.com

QueryStatus: 0

QueryResults: type: 5 xbet-afd-prod-hkc2bwaka7a8gfeq.z01.azurefd.net;type: 5 star-azurefd-prod.trafficmanager.net;type: 5 shed.dual-low.part-0034.t-0009.t-msedge.net;type: 5 part-0034.t-0009.t-msedge.net;::ffff:13.107.246.62;::ffff:13.107.213.62;

Image: C:\Windows\system32\backgroundTaskHost.exe

User: WINDEV2309EVAL\User</Message>
      <Level>Information</Level>
      <Task>Dns query (rule: DnsQuery)</Task>
      <Opcode>Info</Opcode>
    </RenderingInfo>
  </Event>
  
"
Microsoft-Windows-Sysmon/Operational,,,WinDev2309Eval,,,,-,52.113.194.132,false,443,https,,3,9446,,,,C:\Users\User\AppData\Local\Microsoft\OneDrive\OneDriveStandaloneUpdater.exe,true,,0x8000000000000000,Information,,,"Network connection detected:

RuleName: Usermode

UtcTime: 2023-12-27 23:54:05.269

ProcessGuid: {fda94052-5230-658d-5602-000000000b00}

ProcessId: 8244

Image: C:\Users\User\AppData\Local\Microsoft\OneDrive\OneDriveStandaloneUpdater.exe

User: WINDEV2309EVAL\User

Protocol: tcp

Initiated: true

SourceIsIpv6: false

SourceIp: 192.168.126.164

SourceHostname: WinDev2309Eval.localdomain

SourcePort: 59316

SourcePortName: -

DestinationIsIpv6: false

DestinationIp: 52.113.194.132

DestinationHostname: -

DestinationPort: 443

DestinationPortName: https",Info,,,,,,,{fda94052-5230-658d-5602-000000000b00},7044,8244,,tcp,,,,"
      ",Usermode,WinDev2309Eval.localdomain,192.168.126.164,false,59316,-,2023-12-28T10:47:16.9325931Z,,,Network connection detected (rule: NetworkConnect),,5204,WINDEV2309EVAL\User,S-1-5-18,2023-12-27 23:54:05.269,5,"<Event xmlns=""http://schemas.microsoft.com/win/2004/08/events/event"">
    <System>
      <Provider Name=""Microsoft-Windows-Sysmon"" Guid=""{5770385f-c22a-43e0-bf4c-06f5698ffbd9}""/>
      <EventID>3</EventID>
      <Version>5</Version>
      <Level>4</Level>
      <Task>3</Task>
      <Opcode>0</Opcode>
      <Keywords>0x8000000000000000</Keywords>
      <TimeCreated SystemTime=""2023-12-28T10:47:16.9325931Z""/>
      <EventRecordID>9446</EventRecordID>
      <Correlation/>
      <Execution ProcessID=""7044"" ThreadID=""5204""/>
      <Channel>Microsoft-Windows-Sysmon/Operational</Channel>
      <Computer>WinDev2309Eval</Computer>
      <Security UserID=""S-1-5-18""/>
    </System>
    <EventData>
      <Data Name=""RuleName"">Usermode</Data>
      <Data Name=""UtcTime"">2023-12-27 23:54:05.269</Data>
      <Data Name=""ProcessGuid"">{fda94052-5230-658d-5602-000000000b00}</Data>
      <Data Name=""ProcessId"">8244</Data>
      <Data Name=""Image"">C:\Users\User\AppData\Local\Microsoft\OneDrive\OneDriveStandaloneUpdater.exe</Data>
      <Data Name=""User"">WINDEV2309EVAL\User</Data>
      <Data Name=""Protocol"">tcp</Data>
      <Data Name=""Initiated"">true</Data>
      <Data Name=""SourceIsIpv6"">false</Data>
      <Data Name=""SourceIp"">192.168.126.164</Data>
      <Data Name=""SourceHostname"">WinDev2309Eval.localdomain</Data>
      <Data Name=""SourcePort"">59316</Data>
      <Data Name=""SourcePortName"">-</Data>
      <Data Name=""DestinationIsIpv6"">false</Data>
      <Data Name=""DestinationIp"">52.113.194.132</Data>
      <Data Name=""DestinationHostname"">-</Data>
      <Data Name=""DestinationPort"">443</Data>
      <Data Name=""DestinationPortName"">https</Data>
    </EventData>
    <RenderingInfo Culture=""en-US"">
      <Message>Network connection detected:

RuleName: Usermode

UtcTime: 2023-12-27 23:54:05.269

ProcessGuid: {fda94052-5230-658d-5602-000000000b00}

ProcessId: 8244

Image: C:\Users\User\AppData\Local\Microsoft\OneDrive\OneDriveStandaloneUpdater.exe

User: WINDEV2309EVAL\User

Protocol: tcp

Initiated: true

SourceIsIpv6: false

SourceIp: 192.168.126.164

SourceHostname: WinDev2309Eval.localdomain

SourcePort: 59316

SourcePortName: -

DestinationIsIpv6: false

DestinationIp: 52.113.194.132

DestinationHostname: -

DestinationPort: 443

DestinationPortName: https</Message>
      <Level>Information</Level>
      <Task>Network connection detected (rule: NetworkConnect)</Task>
      <Opcode>Info</Opcode>
    </RenderingInfo>
  </Event>
  
"
Microsoft-Windows-Sysmon/Operational,,,WinDev2309Eval,,,,,,,,,23.246.1127.2,13,9445,SetValue,,,C:\Windows\System32\svchost.exe,,,0x8000000000000000,Information,,,"Registry value set:

RuleName: InvDB-Ver

EventType: SetValue

UtcTime: 2023-12-28 10:47:16.552

ProcessGuid: {fda94052-34f3-658d-4e00-000000000b00}

ProcessId: 3628

Image: C:\Windows\System32\svchost.exe

TargetObject: \REGISTRY\A\{08d89634-9c6b-0ec0-e030-44e7987a6dbb}\Root\InventoryApplicationFile\onedrivestandalo|811858e92ded901e\BinProductVersion

Details: 23.246.1127.2

User: NT AUTHORITY\SYSTEM",Info,,,,,,,{fda94052-34f3-658d-4e00-000000000b00},7044,3628,,,,,,"
      ",InvDB-Ver,,,,,,2023-12-28T10:47:16.5540032Z,,\REGISTRY\A\{08d89634-9c6b-0ec0-e030-44e7987a6dbb}\Root\InventoryApplicationFile\onedrivestandalo|811858e92ded901e\BinProductVersion,Registry value set (rule: RegistryEvent),,6672,NT AUTHORITY\SYSTEM,S-1-5-18,2023-12-28 10:47:16.552,2,"<Event xmlns=""http://schemas.microsoft.com/win/2004/08/events/event"">
    <System>
      <Provider Name=""Microsoft-Windows-Sysmon"" Guid=""{5770385f-c22a-43e0-bf4c-06f5698ffbd9}""/>
      <EventID>13</EventID>
      <Version>2</Version>
      <Level>4</Level>
      <Task>13</Task>
      <Opcode>0</Opcode>
      <Keywords>0x8000000000000000</Keywords>
      <TimeCreated SystemTime=""2023-12-28T10:47:16.5540032Z""/>
      <EventRecordID>9445</EventRecordID>
      <Correlation/>
      <Execution ProcessID=""7044"" ThreadID=""6672""/>
      <Channel>Microsoft-Windows-Sysmon/Operational</Channel>
      <Computer>WinDev2309Eval</Computer>
      <Security UserID=""S-1-5-18""/>
    </System>
    <EventData>
      <Data Name=""RuleName"">InvDB-Ver</Data>
      <Data Name=""EventType"">SetValue</Data>
      <Data Name=""UtcTime"">2023-12-28 10:47:16.552</Data>
      <Data Name=""ProcessGuid"">{fda94052-34f3-658d-4e00-000000000b00}</Data>
      <Data Name=""ProcessId"">3628</Data>
      <Data Name=""Image"">C:\Windows\System32\svchost.exe</Data>
      <Data Name=""TargetObject"">\REGISTRY\A\{08d89634-9c6b-0ec0-e030-44e7987a6dbb}\Root\InventoryApplicationFile\onedrivestandalo|811858e92ded901e\BinProductVersion</Data>
      <Data Name=""Details"">23.246.1127.2</Data>
      <Data Name=""User"">NT AUTHORITY\SYSTEM</Data>
    </EventData>
    <RenderingInfo Culture=""en-US"">
      <Message>Registry value set:

RuleName: InvDB-Ver

EventType: SetValue

UtcTime: 2023-12-28 10:47:16.552

ProcessGuid: {fda94052-34f3-658d-4e00-000000000b00}

ProcessId: 3628

Image: C:\Windows\System32\svchost.exe

TargetObject: \REGISTRY\A\{08d89634-9c6b-0ec0-e030-44e7987a6dbb}\Root\InventoryApplicationFile\onedrivestandalo|811858e92ded901e\BinProductVersion

Details: 23.246.1127.2

User: NT AUTHORITY\SYSTEM</Message>
      <Level>Information</Level>
      <Task>Registry value set (rule: RegistryEvent)</Task>
      <Opcode>Info</Opcode>
    </RenderingInfo>
  </Event>
  
"
Microsoft-Windows-Sysmon/Operational,,,WinDev2309Eval,,,,,,,,,05/06/2046 18:31:29,13,9444,SetValue,,,C:\Windows\System32\svchost.exe,,,0x8000000000000000,Information,,,"Registry value set:

RuleName: InvDB-CompileTimeClaim

EventType: SetValue

UtcTime: 2023-12-28 10:47:16.552

ProcessGuid: {fda94052-34f3-658d-4e00-000000000b00}

ProcessId: 3628

Image: C:\Windows\System32\svchost.exe

TargetObject: \REGISTRY\A\{08d89634-9c6b-0ec0-e030-44e7987a6dbb}\Root\InventoryApplicationFile\onedrivestandalo|811858e92ded901e\LinkDate

Details: 05/06/2046 18:31:29

User: NT AUTHORITY\SYSTEM",Info,,,,,,,{fda94052-34f3-658d-4e00-000000000b00},7044,3628,,,,,,"
      ",InvDB-CompileTimeClaim,,,,,,2023-12-28T10:47:16.5539402Z,,\REGISTRY\A\{08d89634-9c6b-0ec0-e030-44e7987a6dbb}\Root\InventoryApplicationFile\onedrivestandalo|811858e92ded901e\LinkDate,Registry value set (rule: RegistryEvent),,6672,NT AUTHORITY\SYSTEM,S-1-5-18,2023-12-28 10:47:16.552,2,"<Event xmlns=""http://schemas.microsoft.com/win/2004/08/events/event"">
    <System>
      <Provider Name=""Microsoft-Windows-Sysmon"" Guid=""{5770385f-c22a-43e0-bf4c-06f5698ffbd9}""/>
      <EventID>13</EventID>
      <Version>2</Version>
      <Level>4</Level>
      <Task>13</Task>
      <Opcode>0</Opcode>
      <Keywords>0x8000000000000000</Keywords>
      <TimeCreated SystemTime=""2023-12-28T10:47:16.5539402Z""/>
      <EventRecordID>9444</EventRecordID>
      <Correlation/>
      <Execution ProcessID=""7044"" ThreadID=""6672""/>
      <Channel>Microsoft-Windows-Sysmon/Operational</Channel>
      <Computer>WinDev2309Eval</Computer>
      <Security UserID=""S-1-5-18""/>
    </System>
    <EventData>
      <Data Name=""RuleName"">InvDB-CompileTimeClaim</Data>
      <Data Name=""EventType"">SetValue</Data>
      <Data Name=""UtcTime"">2023-12-28 10:47:16.552</Data>
      <Data Name=""ProcessGuid"">{fda94052-34f3-658d-4e00-000000000b00}</Data>
      <Data Name=""ProcessId"">3628</Data>
      <Data Name=""Image"">C:\Windows\System32\svchost.exe</Data>
      <Data Name=""TargetObject"">\REGISTRY\A\{08d89634-9c6b-0ec0-e030-44e7987a6dbb}\Root\InventoryApplicationFile\onedrivestandalo|811858e92ded901e\LinkDate</Data>
      <Data Name=""Details"">05/06/2046 18:31:29</Data>
      <Data Name=""User"">NT AUTHORITY\SYSTEM</Data>
    </EventData>
    <RenderingInfo Culture=""en-US"">
      <Message>Registry value set:

RuleName: InvDB-CompileTimeClaim

EventType: SetValue

UtcTime: 2023-12-28 10:47:16.552

ProcessGuid: {fda94052-34f3-658d-4e00-000000000b00}

ProcessId: 3628

Image: C:\Windows\System32\svchost.exe

TargetObject: \REGISTRY\A\{08d89634-9c6b-0ec0-e030-44e7987a6dbb}\Root\InventoryApplicationFile\onedrivestandalo|811858e92ded901e\LinkDate

Details: 05/06/2046 18:31:29

User: NT AUTHORITY\SYSTEM</Message>
      <Level>Information</Level>
      <Task>Registry value set (rule: RegistryEvent)</Task>
      <Opcode>Info</Opcode>
    </RenderingInfo>
  </Event>
  
"
Microsoft-Windows-Sysmon/Operational,,,WinDev2309Eval,,,,,,,,,microsoft corporation,13,9443,SetValue,,,C:\Windows\System32\svchost.exe,,,0x8000000000000000,Information,,,"Registry value set:

RuleName: InvDB-Pub

EventType: SetValue

UtcTime: 2023-12-28 10:47:16.552

ProcessGuid: {fda94052-34f3-658d-4e00-000000000b00}

ProcessId: 3628

Image: C:\Windows\System32\svchost.exe

TargetObject: \REGISTRY\A\{08d89634-9c6b-0ec0-e030-44e7987a6dbb}\Root\InventoryApplicationFile\onedrivestandalo|811858e92ded901e\Publisher

Details: microsoft corporation

User: NT AUTHORITY\SYSTEM",Info,,,,,,,{fda94052-34f3-658d-4e00-000000000b00},7044,3628,,,,,,"
      ",InvDB-Pub,,,,,,2023-12-28T10:47:16.5534946Z,,\REGISTRY\A\{08d89634-9c6b-0ec0-e030-44e7987a6dbb}\Root\InventoryApplicationFile\onedrivestandalo|811858e92ded901e\Publisher,Registry value set (rule: RegistryEvent),,6672,NT AUTHORITY\SYSTEM,S-1-5-18,2023-12-28 10:47:16.552,2,"<Event xmlns=""http://schemas.microsoft.com/win/2004/08/events/event"">
    <System>
      <Provider Name=""Microsoft-Windows-Sysmon"" Guid=""{5770385f-c22a-43e0-bf4c-06f5698ffbd9}""/>
      <EventID>13</EventID>
      <Version>2</Version>
      <Level>4</Level>
      <Task>13</Task>
      <Opcode>0</Opcode>
      <Keywords>0x8000000000000000</Keywords>
      <TimeCreated SystemTime=""2023-12-28T10:47:16.5534946Z""/>
      <EventRecordID>9443</EventRecordID>
      <Correlation/>
      <Execution ProcessID=""7044"" ThreadID=""6672""/>
      <Channel>Microsoft-Windows-Sysmon/Operational</Channel>
      <Computer>WinDev2309Eval</Computer>
      <Security UserID=""S-1-5-18""/>
    </System>
    <EventData>
      <Data Name=""RuleName"">InvDB-Pub</Data>
      <Data Name=""EventType"">SetValue</Data>
      <Data Name=""UtcTime"">2023-12-28 10:47:16.552</Data>
      <Data Name=""ProcessGuid"">{fda94052-34f3-658d-4e00-000000000b00}</Data>
      <Data Name=""ProcessId"">3628</Data>
      <Data Name=""Image"">C:\Windows\System32\svchost.exe</Data>
      <Data Name=""TargetObject"">\REGISTRY\A\{08d89634-9c6b-0ec0-e030-44e7987a6dbb}\Root\InventoryApplicationFile\onedrivestandalo|811858e92ded901e\Publisher</Data>
      <Data Name=""Details"">microsoft corporation</Data>
      <Data Name=""User"">NT AUTHORITY\SYSTEM</Data>
    </EventData>
    <RenderingInfo Culture=""en-US"">
      <Message>Registry value set:

RuleName: InvDB-Pub

EventType: SetValue

UtcTime: 2023-12-28 10:47:16.552

ProcessGuid: {fda94052-34f3-658d-4e00-000000000b00}

ProcessId: 3628

Image: C:\Windows\System32\svchost.exe

TargetObject: \REGISTRY\A\{08d89634-9c6b-0ec0-e030-44e7987a6dbb}\Root\InventoryApplicationFile\onedrivestandalo|811858e92ded901e\Publisher

Details: microsoft corporation

User: NT AUTHORITY\SYSTEM</Message>
      <Level>Information</Level>
      <Task>Registry value set (rule: RegistryEvent)</Task>
      <Opcode>Info</Opcode>
    </RenderingInfo>
  </Event>
  
"
Microsoft-Windows-Sysmon/Operational,,,WinDev2309Eval,,,,,,,,,c:\users\user\appdata\local\microsoft\onedrive\onedrivestandaloneupdater.exe,13,9442,SetValue,,,C:\Windows\System32\svchost.exe,,,0x8000000000000000,Information,,,"Registry value set:

RuleName: InvDB-Path

EventType: SetValue

UtcTime: 2023-12-28 10:47:16.552

ProcessGuid: {fda94052-34f3-658d-4e00-000000000b00}

ProcessId: 3628

Image: C:\Windows\System32\svchost.exe

TargetObject: \REGISTRY\A\{08d89634-9c6b-0ec0-e030-44e7987a6dbb}\Root\InventoryApplicationFile\onedrivestandalo|811858e92ded901e\LowerCaseLongPath

Details: c:\users\user\appdata\local\microsoft\onedrive\onedrivestandaloneupdater.exe

User: NT AUTHORITY\SYSTEM",Info,,,,,,,{fda94052-34f3-658d-4e00-000000000b00},7044,3628,,,,,,"
      ",InvDB-Path,,,,,,2023-12-28T10:47:16.5531948Z,,\REGISTRY\A\{08d89634-9c6b-0ec0-e030-44e7987a6dbb}\Root\InventoryApplicationFile\onedrivestandalo|811858e92ded901e\LowerCaseLongPath,Registry value set (rule: RegistryEvent),,6672,NT AUTHORITY\SYSTEM,S-1-5-18,2023-12-28 10:47:16.552,2,"<Event xmlns=""http://schemas.microsoft.com/win/2004/08/events/event"">
    <System>
      <Provider Name=""Microsoft-Windows-Sysmon"" Guid=""{5770385f-c22a-43e0-bf4c-06f5698ffbd9}""/>
      <EventID>13</EventID>
      <Version>2</Version>
      <Level>4</Level>
      <Task>13</Task>
      <Opcode>0</Opcode>
      <Keywords>0x8000000000000000</Keywords>
      <TimeCreated SystemTime=""2023-12-28T10:47:16.5531948Z""/>
      <EventRecordID>9442</EventRecordID>
      <Correlation/>
      <Execution ProcessID=""7044"" ThreadID=""6672""/>
      <Channel>Microsoft-Windows-Sysmon/Operational</Channel>
      <Computer>WinDev2309Eval</Computer>
      <Security UserID=""S-1-5-18""/>
    </System>
    <EventData>
      <Data Name=""RuleName"">InvDB-Path</Data>
      <Data Name=""EventType"">SetValue</Data>
      <Data Name=""UtcTime"">2023-12-28 10:47:16.552</Data>
      <Data Name=""ProcessGuid"">{fda94052-34f3-658d-4e00-000000000b00}</Data>
      <Data Name=""ProcessId"">3628</Data>
      <Data Name=""Image"">C:\Windows\System32\svchost.exe</Data>
      <Data Name=""TargetObject"">\REGISTRY\A\{08d89634-9c6b-0ec0-e030-44e7987a6dbb}\Root\InventoryApplicationFile\onedrivestandalo|811858e92ded901e\LowerCaseLongPath</Data>
      <Data Name=""Details"">c:\users\user\appdata\local\microsoft\onedrive\onedrivestandaloneupdater.exe</Data>
      <Data Name=""User"">NT AUTHORITY\SYSTEM</Data>
    </EventData>
    <RenderingInfo Culture=""en-US"">
      <Message>Registry value set:

RuleName: InvDB-Path

EventType: SetValue

UtcTime: 2023-12-28 10:47:16.552

ProcessGuid: {fda94052-34f3-658d-4e00-000000000b00}

ProcessId: 3628

Image: C:\Windows\System32\svchost.exe

TargetObject: \REGISTRY\A\{08d89634-9c6b-0ec0-e030-44e7987a6dbb}\Root\InventoryApplicationFile\onedrivestandalo|811858e92ded901e\LowerCaseLongPath

Details: c:\users\user\appdata\local\microsoft\onedrive\onedrivestandaloneupdater.exe

User: NT AUTHORITY\SYSTEM</Message>
      <Level>Information</Level>
      <Task>Registry value set (rule: RegistryEvent)</Task>
      <Opcode>Info</Opcode>
    </RenderingInfo>
  </Event>
  
"
Microsoft-Windows-Sysmon/Operational,,,WinDev2309Eval,,,,,,,,,,22,9441,,,,C:\Windows\system32\svchost.exe,,,0x8000000000000000,Information,,,"Dns query:

RuleName: -

UtcTime: 2023-12-27 23:54:04.100

ProcessGuid: {fda94052-34f2-658d-2a00-000000000b00}

ProcessId: 1928

QueryName: WinDev2309Eval

QueryStatus: 1460

QueryResults: -

Image: C:\Windows\system32\svchost.exe

User: NT AUTHORITY\NETWORK SERVICE",Info,,,,,,,{fda94052-34f2-658d-2a00-000000000b00},7044,1928,,,WinDev2309Eval,-,1460,"
      ",-,,,,,,2023-12-28T10:47:15.6377555Z,,,Dns query (rule: DnsQuery),,1124,NT AUTHORITY\NETWORK SERVICE,S-1-5-18,2023-12-27 23:54:04.100,5,"<Event xmlns=""http://schemas.microsoft.com/win/2004/08/events/event"">
    <System>
      <Provider Name=""Microsoft-Windows-Sysmon"" Guid=""{5770385f-c22a-43e0-bf4c-06f5698ffbd9}""/>
      <EventID>22</EventID>
      <Version>5</Version>
      <Level>4</Level>
      <Task>22</Task>
      <Opcode>0</Opcode>
      <Keywords>0x8000000000000000</Keywords>
      <TimeCreated SystemTime=""2023-12-28T10:47:15.6377555Z""/>
      <EventRecordID>9441</EventRecordID>
      <Correlation/>
      <Execution ProcessID=""7044"" ThreadID=""1124""/>
      <Channel>Microsoft-Windows-Sysmon/Operational</Channel>
      <Computer>WinDev2309Eval</Computer>
      <Security UserID=""S-1-5-18""/>
    </System>
    <EventData>
      <Data Name=""RuleName"">-</Data>
      <Data Name=""UtcTime"">2023-12-27 23:54:04.100</Data>
      <Data Name=""ProcessGuid"">{fda94052-34f2-658d-2a00-000000000b00}</Data>
      <Data Name=""ProcessId"">1928</Data>
      <Data Name=""QueryName"">WinDev2309Eval</Data>
      <Data Name=""QueryStatus"">1460</Data>
      <Data Name=""QueryResults"">-</Data>
      <Data Name=""Image"">C:\Windows\system32\svchost.exe</Data>
      <Data Name=""User"">NT AUTHORITY\NETWORK SERVICE</Data>
    </EventData>
    <RenderingInfo Culture=""en-US"">
      <Message>Dns query:

RuleName: -

UtcTime: 2023-12-27 23:54:04.100

ProcessGuid: {fda94052-34f2-658d-2a00-000000000b00}

ProcessId: 1928

QueryName: WinDev2309Eval

QueryStatus: 1460

QueryResults: -

Image: C:\Windows\system32\svchost.exe

User: NT AUTHORITY\NETWORK SERVICE</Message>
      <Level>Information</Level>
      <Task>Dns query (rule: DnsQuery)</Task>
      <Opcode>Info</Opcode>
    </RenderingInfo>
  </Event>
  
"
Microsoft-Windows-Sysmon/Operational,"""C:\Windows\system32\wermgr.exe"" -upload",Microsoft Corporation,WinDev2309Eval,,C:\Windows\system32\,Windows Problem Reporting,,,,,,,1,9440,,10.0.22621.2215 (WinBuild.160101.0800),"MD5=F2DA58AFB09045F572AAA1A5338743B5,SHA256=91EACF7C2638F9DC68D477B84F7300B1DD98CAF875826A878F998607CD655D38,IMPHASH=71CE23EF1BB6F40F7E9FB4A599D8BEFE",C:\Windows\System32\wermgr.exe,,System,0x8000000000000000,Information,{fda94052-34eb-658d-e703-000000000000},0x3e7,"Process Create:

RuleName: -

UtcTime: 2023-12-28 10:47:14.883

ProcessGuid: {fda94052-5232-658d-5e02-000000000b00}

ProcessId: 11176

Image: C:\Windows\System32\wermgr.exe

FileVersion: 10.0.22621.2215 (WinBuild.160101.0800)

Description: Windows Problem Reporting

Product: Microsoft® Windows® Operating System

Company: Microsoft Corporation

OriginalFileName: WerMgr

CommandLine: ""C:\Windows\system32\wermgr.exe"" -upload

CurrentDirectory: C:\Windows\system32\

User: NT AUTHORITY\SYSTEM

LogonGuid: {fda94052-34eb-658d-e703-000000000000}

LogonId: 0x3E7

TerminalSessionId: 0

IntegrityLevel: System

Hashes: MD5=F2DA58AFB09045F572AAA1A5338743B5,SHA256=91EACF7C2638F9DC68D477B84F7300B1DD98CAF875826A878F998607CD655D38,IMPHASH=71CE23EF1BB6F40F7E9FB4A599D8BEFE

ParentProcessGuid: {00000000-0000-0000-0000-000000000000}

ParentProcessId: 1900

ParentImage: -

ParentCommandLine: -

ParentUser: -",Info,WerMgr,-,-,{00000000-0000-0000-0000-000000000000},1900,-,{fda94052-5232-658d-5e02-000000000b00},7044,11176,Microsoft® Windows® Operating System,,,,,"
      ",-,,,,,,2023-12-28T10:47:14.8860007Z,,,Process Create (rule: ProcessCreate),0,6672,NT AUTHORITY\SYSTEM,S-1-5-18,2023-12-28 10:47:14.883,5,"<Event xmlns=""http://schemas.microsoft.com/win/2004/08/events/event"">
    <System>
      <Provider Name=""Microsoft-Windows-Sysmon"" Guid=""{5770385f-c22a-43e0-bf4c-06f5698ffbd9}""/>
      <EventID>1</EventID>
      <Version>5</Version>
      <Level>4</Level>
      <Task>1</Task>
      <Opcode>0</Opcode>
      <Keywords>0x8000000000000000</Keywords>
      <TimeCreated SystemTime=""2023-12-28T10:47:14.8860007Z""/>
      <EventRecordID>9440</EventRecordID>
      <Correlation/>
      <Execution ProcessID=""7044"" ThreadID=""6672""/>
      <Channel>Microsoft-Windows-Sysmon/Operational</Channel>
      <Computer>WinDev2309Eval</Computer>
      <Security UserID=""S-1-5-18""/>
    </System>
    <EventData>
      <Data Name=""RuleName"">-</Data>
      <Data Name=""UtcTime"">2023-12-28 10:47:14.883</Data>
      <Data Name=""ProcessGuid"">{fda94052-5232-658d-5e02-000000000b00}</Data>
      <Data Name=""ProcessId"">11176</Data>
      <Data Name=""Image"">C:\Windows\System32\wermgr.exe</Data>
      <Data Name=""FileVersion"">10.0.22621.2215 (WinBuild.160101.0800)</Data>
      <Data Name=""Description"">Windows Problem Reporting</Data>
      <Data Name=""Product"">Microsoft&#174; Windows&#174; Operating System</Data>
      <Data Name=""Company"">Microsoft Corporation</Data>
      <Data Name=""OriginalFileName"">WerMgr</Data>
      <Data Name=""CommandLine"">""C:\Windows\system32\wermgr.exe"" -upload</Data>
      <Data Name=""CurrentDirectory"">C:\Windows\system32\</Data>
      <Data Name=""User"">NT AUTHORITY\SYSTEM</Data>
      <Data Name=""LogonGuid"">{fda94052-34eb-658d-e703-000000000000}</Data>
      <Data Name=""LogonId"">0x3e7</Data>
      <Data Name=""TerminalSessionId"">0</Data>
      <Data Name=""IntegrityLevel"">System</Data>
      <Data Name=""Hashes"">MD5=F2DA58AFB09045F572AAA1A5338743B5,SHA256=91EACF7C2638F9DC68D477B84F7300B1DD98CAF875826A878F998607CD655D38,IMPHASH=71CE23EF1BB6F40F7E9FB4A599D8BEFE</Data>
      <Data Name=""ParentProcessGuid"">{00000000-0000-0000-0000-000000000000}</Data>
      <Data Name=""ParentProcessId"">1900</Data>
      <Data Name=""ParentImage"">-</Data>
      <Data Name=""ParentCommandLine"">-</Data>
      <Data Name=""ParentUser"">-</Data>
    </EventData>
    <RenderingInfo Culture=""en-US"">
      <Message>Process Create:

RuleName: -

UtcTime: 2023-12-28 10:47:14.883

ProcessGuid: {fda94052-5232-658d-5e02-000000000b00}

ProcessId: 11176

Image: C:\Windows\System32\wermgr.exe

FileVersion: 10.0.22621.2215 (WinBuild.160101.0800)

Description: Windows Problem Reporting

Product: Microsoft&#174; Windows&#174; Operating System

Company: Microsoft Corporation

OriginalFileName: WerMgr

CommandLine: ""C:\Windows\system32\wermgr.exe"" -upload

CurrentDirectory: C:\Windows\system32\

User: NT AUTHORITY\SYSTEM

LogonGuid: {fda94052-34eb-658d-e703-000000000000}

LogonId: 0x3E7

TerminalSessionId: 0

IntegrityLevel: System

Hashes: MD5=F2DA58AFB09045F572AAA1A5338743B5,SHA256=91EACF7C2638F9DC68D477B84F7300B1DD98CAF875826A878F998607CD655D38,IMPHASH=71CE23EF1BB6F40F7E9FB4A599D8BEFE

ParentProcessGuid: {00000000-0000-0000-0000-000000000000}

ParentProcessId: 1900

ParentImage: -

ParentCommandLine: -

ParentUser: -</Message>
      <Level>Information</Level>
      <Task>Process Create (rule: ProcessCreate)</Task>
      <Opcode>Info</Opcode>
    </RenderingInfo>
  </Event>

"
