Channel,CommandLine,Company,Computer,CurrentDirectory,Description,EventID,EventRecordID,FileVersion,Hashes,Image,IntegrityLevel,Keywords,Level,LogonGuid,LogonId,Message,Opcode,OriginalFileName,ParentCommandLine,ParentImage,ParentProcessGuid,ParentProcessId,ParentUser,ProcessGuid,ProcessID,ProcessId,Product,RenderingInfo,RuleName,SystemTime,Task,TerminalSessionId,ThreadID,User,UserID,UtcTime,Version,raw
Microsoft-Windows-Sysmon/Operational,\\?\C:\Windows\System32\SecurityHealth\1.0.2306.10002-0\SecurityHealthHost.exe {08728914-3F57-4D52-9E31-49DAECA5A80A} -Embedding,Microsoft Corporation,WinDev2309Eval,C:\Windows\system32\,Windows Security Health Host,1,9507,10.0.25873.1001 (WinBuild.160101.0800),"MD5=193DC58240D8AC4EC1618FFAE14CAE71,SHA256=8D771C8A91614B85416B3EB328460E80183B38F2DC35C7A26578206AF145F419,IMPHASH=FBC9E5DE00516A75FFF7C4A11857FB1D",C:\Windows\System32\SecurityHealth\1.0.2306.10002-0\SecurityHealthHost.exe,Medium,0x8000000000000000,Information,{fda94052-3502-658d-b367-080000000000},0x867b3,"Process Create:

RuleName: -

UtcTime: 2023-12-28 10:49:15.104

ProcessGuid: {fda94052-52ab-658d-7a02-000000000b00}

ProcessId: 9248

Image: C:\Windows\System32\SecurityHealth\1.0.2306.10002-0\SecurityHealthHost.exe

FileVersion: 10.0.25873.1001 (WinBuild.160101.0800)

Description: Windows Security Health Host

Product: Microsoft® Windows® Operating System

Company: Microsoft Corporation

OriginalFileName: SecurityHealthHost.exe

CommandLine: \\?\C:\Windows\System32\SecurityHealth\1.0.2306.10002-0\SecurityHealthHost.exe {08728914-3F57-4D52-9E31-49DAECA5A80A} -Embedding

CurrentDirectory: C:\Windows\system32\

User: WINDEV2309EVAL\User

LogonGuid: {fda94052-3502-658d-b367-080000000000}

LogonId: 0x867B3

TerminalSessionId: 1

IntegrityLevel: Medium

Hashes: MD5=193DC58240D8AC4EC1618FFAE14CAE71,SHA256=8D771C8A91614B85416B3EB328460E80183B38F2DC35C7A26578206AF145F419,IMPHASH=FBC9E5DE00516A75FFF7C4A11857FB1D

ParentProcessGuid: {00000000-0000-0000-0000-000000000000}

ParentProcessId: 932

ParentImage: -

ParentCommandLine: -

ParentUser: -",Info,SecurityHealthHost.exe,-,-,{00000000-0000-0000-0000-000000000000},932,-,{fda94052-52ab-658d-7a02-000000000b00},7044,9248,Microsoft® Windows® Operating System,"
      ",-,2023-12-28T10:49:15.1056226Z,Process Create (rule: ProcessCreate),1,6672,WINDEV2309EVAL\User,S-1-5-18,2023-12-28 10:49:15.104,5,"<Event xmlns=""http://schemas.microsoft.com/win/2004/08/events/event"">
    <System>
      <Provider Name=""Microsoft-Windows-Sysmon"" Guid=""{5770385f-c22a-43e0-bf4c-06f5698ffbd9}""/>
      <EventID>1</EventID>
      <Version>5</Version>
      <Level>4</Level>
      <Task>1</Task>
      <Opcode>0</Opcode>
      <Keywords>0x8000000000000000</Keywords>
      <TimeCreated SystemTime=""2023-12-28T10:49:15.1056226Z""/>
      <EventRecordID>9507</EventRecordID>
      <Correlation/>
      <Execution ProcessID=""7044"" ThreadID=""6672""/>
      <Channel>Microsoft-Windows-Sysmon/Operational</Channel>
      <Computer>WinDev2309Eval</Computer>
      <Security UserID=""S-1-5-18""/>
    </System>
    <EventData>
      <Data Name=""RuleName"">-</Data>
      <Data Name=""UtcTime"">2023-12-28 10:49:15.104</Data>
      <Data Name=""ProcessGuid"">{fda94052-52ab-658d-7a02-000000000b00}</Data>
      <Data Name=""ProcessId"">9248</Data>
      <Data Name=""Image"">C:\Windows\System32\SecurityHealth\1.0.2306.10002-0\SecurityHealthHost.exe</Data>
      <Data Name=""FileVersion"">10.0.25873.1001 (WinBuild.160101.0800)</Data>
      <Data Name=""Description"">Windows Security Health Host</Data>
      <Data Name=""Product"">Microsoft&#174; Windows&#174; Operating System</Data>
      <Data Name=""Company"">Microsoft Corporation</Data>
      <Data Name=""OriginalFileName"">SecurityHealthHost.exe</Data>
      <Data Name=""CommandLine"">\\?\C:\Windows\System32\SecurityHealth\1.0.2306.10002-0\SecurityHealthHost.exe {08728914-3F57-4D52-9E31-49DAECA5A80A} -Embedding</Data>
      <Data Name=""CurrentDirectory"">C:\Windows\system32\</Data>
      <Data Name=""User"">WINDEV2309EVAL\User</Data>
      <Data Name=""LogonGuid"">{fda94052-3502-658d-b367-080000000000}</Data>
      <Data Name=""LogonId"">0x867b3</Data>
      <Data Name=""TerminalSessionId"">1</Data>
      <Data Name=""IntegrityLevel"">Medium</Data>
      <Data Name=""Hashes"">MD5=193DC58240D8AC4EC1618FFAE14CAE71,SHA256=8D771C8A91614B85416B3EB328460E80183B38F2DC35C7A26578206AF145F419,IMPHASH=FBC9E5DE00516A75FFF7C4A11857FB1D</Data>
      <Data Name=""ParentProcessGuid"">{00000000-0000-0000-0000-000000000000}</Data>
      <Data Name=""ParentProcessId"">932</Data>
      <Data Name=""ParentImage"">-</Data>
      <Data Name=""ParentCommandLine"">-</Data>
      <Data Name=""ParentUser"">-</Data>
    </EventData>
    <RenderingInfo Culture=""en-US"">
      <Message>Process Create:

RuleName: -

UtcTime: 2023-12-28 10:49:15.104

ProcessGuid: {fda94052-52ab-658d-7a02-000000000b00}

ProcessId: 9248

Image: C:\Windows\System32\SecurityHealth\1.0.2306.10002-0\SecurityHealthHost.exe

FileVersion: 10.0.25873.1001 (WinBuild.160101.0800)

Description: Windows Security Health Host

Product: Microsoft&#174; Windows&#174; Operating System

Company: Microsoft Corporation

OriginalFileName: SecurityHealthHost.exe

CommandLine: \\?\C:\Windows\System32\SecurityHealth\1.0.2306.10002-0\SecurityHealthHost.exe {08728914-3F57-4D52-9E31-49DAECA5A80A} -Embedding

CurrentDirectory: C:\Windows\system32\

User: WINDEV2309EVAL\User

LogonGuid: {fda94052-3502-658d-b367-080000000000}

LogonId: 0x867B3

TerminalSessionId: 1

IntegrityLevel: Medium

Hashes: MD5=193DC58240D8AC4EC1618FFAE14CAE71,SHA256=8D771C8A91614B85416B3EB328460E80183B38F2DC35C7A26578206AF145F419,IMPHASH=FBC9E5DE00516A75FFF7C4A11857FB1D

ParentProcessGuid: {00000000-0000-0000-0000-000000000000}

ParentProcessId: 932

ParentImage: -

ParentCommandLine: -

ParentUser: -</Message>
      <Level>Information</Level>
      <Task>Process Create (rule: ProcessCreate)</Task>
      <Opcode>Info</Opcode>
    </RenderingInfo>
  </Event>
  
"
Microsoft-Windows-Sysmon/Operational,taskhostw.exe -RegisterDevice -ProtectionStateChanged -FreeNetworkOnly,Microsoft Corporation,WinDev2309Eval,C:\Windows\system32\,Host Process for Windows Tasks,1,9506,10.0.22621.1635 (WinBuild.160101.0800),"MD5=4887A65FD4F6598AF4986CBC1C0E5488,SHA256=82472A84BCBB4009ADD338200F8E853FE4C5EAFE2E2C3A2D711B85BF29B72D54,IMPHASH=1C4E2D9936E4D9F2490B08AAB4D24260",C:\Windows\System32\taskhostw.exe,System,0x8000000000000000,Information,{fda94052-34eb-658d-e703-000000000000},0x3e7,"Process Create:

RuleName: -

UtcTime: 2023-12-28 10:49:15.080

ProcessGuid: {fda94052-52ab-658d-7902-000000000b00}

ProcessId: 6376

Image: C:\Windows\System32\taskhostw.exe

FileVersion: 10.0.22621.1635 (WinBuild.160101.0800)

Description: Host Process for Windows Tasks

Product: Microsoft® Windows® Operating System

Company: Microsoft Corporation

OriginalFileName: taskhostw.exe

CommandLine: taskhostw.exe -RegisterDevice -ProtectionStateChanged -FreeNetworkOnly

CurrentDirectory: C:\Windows\system32\

User: NT AUTHORITY\SYSTEM

LogonGuid: {fda94052-34eb-658d-e703-000000000000}

LogonId: 0x3E7

TerminalSessionId: 0

IntegrityLevel: System

Hashes: MD5=4887A65FD4F6598AF4986CBC1C0E5488,SHA256=82472A84BCBB4009ADD338200F8E853FE4C5EAFE2E2C3A2D711B85BF29B72D54,IMPHASH=1C4E2D9936E4D9F2490B08AAB4D24260

ParentProcessGuid: {00000000-0000-0000-0000-000000000000}

ParentProcessId: 1900

ParentImage: -

ParentCommandLine: -

ParentUser: -",Info,taskhostw.exe,-,-,{00000000-0000-0000-0000-000000000000},1900,-,{fda94052-52ab-658d-7902-000000000b00},7044,6376,Microsoft® Windows® Operating System,"
      ",-,2023-12-28T10:49:15.0822315Z,Process Create (rule: ProcessCreate),0,6672,NT AUTHORITY\SYSTEM,S-1-5-18,2023-12-28 10:49:15.080,5,"<Event xmlns=""http://schemas.microsoft.com/win/2004/08/events/event"">
    <System>
      <Provider Name=""Microsoft-Windows-Sysmon"" Guid=""{5770385f-c22a-43e0-bf4c-06f5698ffbd9}""/>
      <EventID>1</EventID>
      <Version>5</Version>
      <Level>4</Level>
      <Task>1</Task>
      <Opcode>0</Opcode>
      <Keywords>0x8000000000000000</Keywords>
      <TimeCreated SystemTime=""2023-12-28T10:49:15.0822315Z""/>
      <EventRecordID>9506</EventRecordID>
      <Correlation/>
      <Execution ProcessID=""7044"" ThreadID=""6672""/>
      <Channel>Microsoft-Windows-Sysmon/Operational</Channel>
      <Computer>WinDev2309Eval</Computer>
      <Security UserID=""S-1-5-18""/>
    </System>
    <EventData>
      <Data Name=""RuleName"">-</Data>
      <Data Name=""UtcTime"">2023-12-28 10:49:15.080</Data>
      <Data Name=""ProcessGuid"">{fda94052-52ab-658d-7902-000000000b00}</Data>
      <Data Name=""ProcessId"">6376</Data>
      <Data Name=""Image"">C:\Windows\System32\taskhostw.exe</Data>
      <Data Name=""FileVersion"">10.0.22621.1635 (WinBuild.160101.0800)</Data>
      <Data Name=""Description"">Host Process for Windows Tasks</Data>
      <Data Name=""Product"">Microsoft&#174; Windows&#174; Operating System</Data>
      <Data Name=""Company"">Microsoft Corporation</Data>
      <Data Name=""OriginalFileName"">taskhostw.exe</Data>
      <Data Name=""CommandLine"">taskhostw.exe -RegisterDevice -ProtectionStateChanged -FreeNetworkOnly</Data>
      <Data Name=""CurrentDirectory"">C:\Windows\system32\</Data>
      <Data Name=""User"">NT AUTHORITY\SYSTEM</Data>
      <Data Name=""LogonGuid"">{fda94052-34eb-658d-e703-000000000000}</Data>
      <Data Name=""LogonId"">0x3e7</Data>
      <Data Name=""TerminalSessionId"">0</Data>
      <Data Name=""IntegrityLevel"">System</Data>
      <Data Name=""Hashes"">MD5=4887A65FD4F6598AF4986CBC1C0E5488,SHA256=82472A84BCBB4009ADD338200F8E853FE4C5EAFE2E2C3A2D711B85BF29B72D54,IMPHASH=1C4E2D9936E4D9F2490B08AAB4D24260</Data>
      <Data Name=""ParentProcessGuid"">{00000000-0000-0000-0000-000000000000}</Data>
      <Data Name=""ParentProcessId"">1900</Data>
      <Data Name=""ParentImage"">-</Data>
      <Data Name=""ParentCommandLine"">-</Data>
      <Data Name=""ParentUser"">-</Data>
    </EventData>
    <RenderingInfo Culture=""en-US"">
      <Message>Process Create:

RuleName: -

UtcTime: 2023-12-28 10:49:15.080

ProcessGuid: {fda94052-52ab-658d-7902-000000000b00}

ProcessId: 6376

Image: C:\Windows\System32\taskhostw.exe

FileVersion: 10.0.22621.1635 (WinBuild.160101.0800)

Description: Host Process for Windows Tasks

Product: Microsoft&#174; Windows&#174; Operating System

Company: Microsoft Corporation

OriginalFileName: taskhostw.exe

CommandLine: taskhostw.exe -RegisterDevice -ProtectionStateChanged -FreeNetworkOnly

CurrentDirectory: C:\Windows\system32\

User: NT AUTHORITY\SYSTEM

LogonGuid: {fda94052-34eb-658d-e703-000000000000}

LogonId: 0x3E7

TerminalSessionId: 0

IntegrityLevel: System

Hashes: MD5=4887A65FD4F6598AF4986CBC1C0E5488,SHA256=82472A84BCBB4009ADD338200F8E853FE4C5EAFE2E2C3A2D711B85BF29B72D54,IMPHASH=1C4E2D9936E4D9F2490B08AAB4D24260

ParentProcessGuid: {00000000-0000-0000-0000-000000000000}

ParentProcessId: 1900

ParentImage: -

ParentCommandLine: -

ParentUser: -</Message>
      <Level>Information</Level>
      <Task>Process Create (rule: ProcessCreate)</Task>
      <Opcode>Info</Opcode>
    </RenderingInfo>
  </Event>
  
"
Microsoft-Windows-Sysmon/Operational,taskhostw.exe,Microsoft Corporation,WinDev2309Eval,C:\Windows\system32\,Host Process for Windows Tasks,1,9505,10.0.22621.1635 (WinBuild.160101.0800),"MD5=4887A65FD4F6598AF4986CBC1C0E5488,SHA256=82472A84BCBB4009ADD338200F8E853FE4C5EAFE2E2C3A2D711B85BF29B72D54,IMPHASH=1C4E2D9936E4D9F2490B08AAB4D24260",C:\Windows\System32\taskhostw.exe,System,0x8000000000000000,Information,{fda94052-34eb-658d-e703-000000000000},0x3e7,"Process Create:

RuleName: -

UtcTime: 2023-12-28 10:49:12.121

ProcessGuid: {fda94052-52a8-658d-7702-000000000b00}

ProcessId: 7232

Image: C:\Windows\System32\taskhostw.exe

FileVersion: 10.0.22621.1635 (WinBuild.160101.0800)

Description: Host Process for Windows Tasks

Product: Microsoft® Windows® Operating System

Company: Microsoft Corporation

OriginalFileName: taskhostw.exe

CommandLine: taskhostw.exe

CurrentDirectory: C:\Windows\system32\

User: NT AUTHORITY\SYSTEM

LogonGuid: {fda94052-34eb-658d-e703-000000000000}

LogonId: 0x3E7

TerminalSessionId: 0

IntegrityLevel: System

Hashes: MD5=4887A65FD4F6598AF4986CBC1C0E5488,SHA256=82472A84BCBB4009ADD338200F8E853FE4C5EAFE2E2C3A2D711B85BF29B72D54,IMPHASH=1C4E2D9936E4D9F2490B08AAB4D24260

ParentProcessGuid: {00000000-0000-0000-0000-000000000000}

ParentProcessId: 1900

ParentImage: -

ParentCommandLine: -

ParentUser: -",Info,taskhostw.exe,-,-,{00000000-0000-0000-0000-000000000000},1900,-,{fda94052-52a8-658d-7702-000000000b00},7044,7232,Microsoft® Windows® Operating System,"
      ",-,2023-12-28T10:49:12.1231330Z,Process Create (rule: ProcessCreate),0,6672,NT AUTHORITY\SYSTEM,S-1-5-18,2023-12-28 10:49:12.121,5,"<Event xmlns=""http://schemas.microsoft.com/win/2004/08/events/event"">
    <System>
      <Provider Name=""Microsoft-Windows-Sysmon"" Guid=""{5770385f-c22a-43e0-bf4c-06f5698ffbd9}""/>
      <EventID>1</EventID>
      <Version>5</Version>
      <Level>4</Level>
      <Task>1</Task>
      <Opcode>0</Opcode>
      <Keywords>0x8000000000000000</Keywords>
      <TimeCreated SystemTime=""2023-12-28T10:49:12.1231330Z""/>
      <EventRecordID>9505</EventRecordID>
      <Correlation/>
      <Execution ProcessID=""7044"" ThreadID=""6672""/>
      <Channel>Microsoft-Windows-Sysmon/Operational</Channel>
      <Computer>WinDev2309Eval</Computer>
      <Security UserID=""S-1-5-18""/>
    </System>
    <EventData>
      <Data Name=""RuleName"">-</Data>
      <Data Name=""UtcTime"">2023-12-28 10:49:12.121</Data>
      <Data Name=""ProcessGuid"">{fda94052-52a8-658d-7702-000000000b00}</Data>
      <Data Name=""ProcessId"">7232</Data>
      <Data Name=""Image"">C:\Windows\System32\taskhostw.exe</Data>
      <Data Name=""FileVersion"">10.0.22621.1635 (WinBuild.160101.0800)</Data>
      <Data Name=""Description"">Host Process for Windows Tasks</Data>
      <Data Name=""Product"">Microsoft&#174; Windows&#174; Operating System</Data>
      <Data Name=""Company"">Microsoft Corporation</Data>
      <Data Name=""OriginalFileName"">taskhostw.exe</Data>
      <Data Name=""CommandLine"">taskhostw.exe</Data>
      <Data Name=""CurrentDirectory"">C:\Windows\system32\</Data>
      <Data Name=""User"">NT AUTHORITY\SYSTEM</Data>
      <Data Name=""LogonGuid"">{fda94052-34eb-658d-e703-000000000000}</Data>
      <Data Name=""LogonId"">0x3e7</Data>
      <Data Name=""TerminalSessionId"">0</Data>
      <Data Name=""IntegrityLevel"">System</Data>
      <Data Name=""Hashes"">MD5=4887A65FD4F6598AF4986CBC1C0E5488,SHA256=82472A84BCBB4009ADD338200F8E853FE4C5EAFE2E2C3A2D711B85BF29B72D54,IMPHASH=1C4E2D9936E4D9F2490B08AAB4D24260</Data>
      <Data Name=""ParentProcessGuid"">{00000000-0000-0000-0000-000000000000}</Data>
      <Data Name=""ParentProcessId"">1900</Data>
      <Data Name=""ParentImage"">-</Data>
      <Data Name=""ParentCommandLine"">-</Data>
      <Data Name=""ParentUser"">-</Data>
    </EventData>
    <RenderingInfo Culture=""en-US"">
      <Message>Process Create:

RuleName: -

UtcTime: 2023-12-28 10:49:12.121

ProcessGuid: {fda94052-52a8-658d-7702-000000000b00}

ProcessId: 7232

Image: C:\Windows\System32\taskhostw.exe

FileVersion: 10.0.22621.1635 (WinBuild.160101.0800)

Description: Host Process for Windows Tasks

Product: Microsoft&#174; Windows&#174; Operating System

Company: Microsoft Corporation

OriginalFileName: taskhostw.exe

CommandLine: taskhostw.exe

CurrentDirectory: C:\Windows\system32\

User: NT AUTHORITY\SYSTEM

LogonGuid: {fda94052-34eb-658d-e703-000000000000}

LogonId: 0x3E7

TerminalSessionId: 0

IntegrityLevel: System

Hashes: MD5=4887A65FD4F6598AF4986CBC1C0E5488,SHA256=82472A84BCBB4009ADD338200F8E853FE4C5EAFE2E2C3A2D711B85BF29B72D54,IMPHASH=1C4E2D9936E4D9F2490B08AAB4D24260

ParentProcessGuid: {00000000-0000-0000-0000-000000000000}

ParentProcessId: 1900

ParentImage: -

ParentCommandLine: -

ParentUser: -</Message>
      <Level>Information</Level>
      <Task>Process Create (rule: ProcessCreate)</Task>
      <Opcode>Info</Opcode>
    </RenderingInfo>
  </Event>
  
"
Microsoft-Windows-Sysmon/Operational,taskhostw.exe,Microsoft Corporation,WinDev2309Eval,C:\Windows\system32\,Host Process for Windows Tasks,1,9504,10.0.22621.1635 (WinBuild.160101.0800),"MD5=4887A65FD4F6598AF4986CBC1C0E5488,SHA256=82472A84BCBB4009ADD338200F8E853FE4C5EAFE2E2C3A2D711B85BF29B72D54,IMPHASH=1C4E2D9936E4D9F2490B08AAB4D24260",C:\Windows\System32\taskhostw.exe,System,0x8000000000000000,Information,{fda94052-34eb-658d-e703-000000000000},0x3e7,"Process Create:

RuleName: -

UtcTime: 2023-12-28 10:49:11.034

ProcessGuid: {fda94052-52a7-658d-7602-000000000b00}

ProcessId: 804

Image: C:\Windows\System32\taskhostw.exe

FileVersion: 10.0.22621.1635 (WinBuild.160101.0800)

Description: Host Process for Windows Tasks

Product: Microsoft® Windows® Operating System

Company: Microsoft Corporation

OriginalFileName: taskhostw.exe

CommandLine: taskhostw.exe

CurrentDirectory: C:\Windows\system32\

User: NT AUTHORITY\SYSTEM

LogonGuid: {fda94052-34eb-658d-e703-000000000000}

LogonId: 0x3E7

TerminalSessionId: 0

IntegrityLevel: System

Hashes: MD5=4887A65FD4F6598AF4986CBC1C0E5488,SHA256=82472A84BCBB4009ADD338200F8E853FE4C5EAFE2E2C3A2D711B85BF29B72D54,IMPHASH=1C4E2D9936E4D9F2490B08AAB4D24260

ParentProcessGuid: {00000000-0000-0000-0000-000000000000}

ParentProcessId: 1900

ParentImage: -

ParentCommandLine: -

ParentUser: -",Info,taskhostw.exe,-,-,{00000000-0000-0000-0000-000000000000},1900,-,{fda94052-52a7-658d-7602-000000000b00},7044,804,Microsoft® Windows® Operating System,"
      ",-,2023-12-28T10:49:11.0364194Z,Process Create (rule: ProcessCreate),0,6672,NT AUTHORITY\SYSTEM,S-1-5-18,2023-12-28 10:49:11.034,5,"<Event xmlns=""http://schemas.microsoft.com/win/2004/08/events/event"">
    <System>
      <Provider Name=""Microsoft-Windows-Sysmon"" Guid=""{5770385f-c22a-43e0-bf4c-06f5698ffbd9}""/>
      <EventID>1</EventID>
      <Version>5</Version>
      <Level>4</Level>
      <Task>1</Task>
      <Opcode>0</Opcode>
      <Keywords>0x8000000000000000</Keywords>
      <TimeCreated SystemTime=""2023-12-28T10:49:11.0364194Z""/>
      <EventRecordID>9504</EventRecordID>
      <Correlation/>
      <Execution ProcessID=""7044"" ThreadID=""6672""/>
      <Channel>Microsoft-Windows-Sysmon/Operational</Channel>
      <Computer>WinDev2309Eval</Computer>
      <Security UserID=""S-1-5-18""/>
    </System>
    <EventData>
      <Data Name=""RuleName"">-</Data>
      <Data Name=""UtcTime"">2023-12-28 10:49:11.034</Data>
      <Data Name=""ProcessGuid"">{fda94052-52a7-658d-7602-000000000b00}</Data>
      <Data Name=""ProcessId"">804</Data>
      <Data Name=""Image"">C:\Windows\System32\taskhostw.exe</Data>
      <Data Name=""FileVersion"">10.0.22621.1635 (WinBuild.160101.0800)</Data>
      <Data Name=""Description"">Host Process for Windows Tasks</Data>
      <Data Name=""Product"">Microsoft&#174; Windows&#174; Operating System</Data>
      <Data Name=""Company"">Microsoft Corporation</Data>
      <Data Name=""OriginalFileName"">taskhostw.exe</Data>
      <Data Name=""CommandLine"">taskhostw.exe</Data>
      <Data Name=""CurrentDirectory"">C:\Windows\system32\</Data>
      <Data Name=""User"">NT AUTHORITY\SYSTEM</Data>
      <Data Name=""LogonGuid"">{fda94052-34eb-658d-e703-000000000000}</Data>
      <Data Name=""LogonId"">0x3e7</Data>
      <Data Name=""TerminalSessionId"">0</Data>
      <Data Name=""IntegrityLevel"">System</Data>
      <Data Name=""Hashes"">MD5=4887A65FD4F6598AF4986CBC1C0E5488,SHA256=82472A84BCBB4009ADD338200F8E853FE4C5EAFE2E2C3A2D711B85BF29B72D54,IMPHASH=1C4E2D9936E4D9F2490B08AAB4D24260</Data>
      <Data Name=""ParentProcessGuid"">{00000000-0000-0000-0000-000000000000}</Data>
      <Data Name=""ParentProcessId"">1900</Data>
      <Data Name=""ParentImage"">-</Data>
      <Data Name=""ParentCommandLine"">-</Data>
      <Data Name=""ParentUser"">-</Data>
    </EventData>
    <RenderingInfo Culture=""en-US"">
      <Message>Process Create:

RuleName: -

UtcTime: 2023-12-28 10:49:11.034

ProcessGuid: {fda94052-52a7-658d-7602-000000000b00}

ProcessId: 804

Image: C:\Windows\System32\taskhostw.exe

FileVersion: 10.0.22621.1635 (WinBuild.160101.0800)

Description: Host Process for Windows Tasks

Product: Microsoft&#174; Windows&#174; Operating System

Company: Microsoft Corporation

OriginalFileName: taskhostw.exe

CommandLine: taskhostw.exe

CurrentDirectory: C:\Windows\system32\

User: NT AUTHORITY\SYSTEM

LogonGuid: {fda94052-34eb-658d-e703-000000000000}

LogonId: 0x3E7

TerminalSessionId: 0

IntegrityLevel: System

Hashes: MD5=4887A65FD4F6598AF4986CBC1C0E5488,SHA256=82472A84BCBB4009ADD338200F8E853FE4C5EAFE2E2C3A2D711B85BF29B72D54,IMPHASH=1C4E2D9936E4D9F2490B08AAB4D24260

ParentProcessGuid: {00000000-0000-0000-0000-000000000000}

ParentProcessId: 1900

ParentImage: -

ParentCommandLine: -

ParentUser: -</Message>
      <Level>Information</Level>
      <Task>Process Create (rule: ProcessCreate)</Task>
      <Opcode>Info</Opcode>
    </RenderingInfo>
  </Event>
  
"
Microsoft-Windows-Sysmon/Operational,"""C:\Windows\system32\whoami.exe""",Microsoft Corporation,WinDev2309Eval,C:\Users\User\,whoami - displays logged on user information,1,9503,10.0.22621.1 (WinBuild.160101.0800),"MD5=E0F37DB23E4F3163159A815610DF8CF2,SHA256=574BC2A2995FE2B1F732CCD39F2D99460ACE980AF29EFDF1EB0D3E888BE7D6F0,IMPHASH=62935820E434AF643547B7F5F5BD0292",C:\Windows\System32\whoami.exe,Medium,0x8000000000000000,Information,{fda94052-3502-658d-b367-080000000000},0x867b3,"Process Create:

RuleName: -

UtcTime: 2023-12-28 10:49:10.100

ProcessGuid: {fda94052-52a6-658d-7502-000000000b00}

ProcessId: 7240

Image: C:\Windows\System32\whoami.exe

FileVersion: 10.0.22621.1 (WinBuild.160101.0800)

Description: whoami - displays logged on user information

Product: Microsoft® Windows® Operating System

Company: Microsoft Corporation

OriginalFileName: whoami.exe

CommandLine: ""C:\Windows\system32\whoami.exe""

CurrentDirectory: C:\Users\User\

User: WINDEV2309EVAL\User

LogonGuid: {fda94052-3502-658d-b367-080000000000}

LogonId: 0x867B3

TerminalSessionId: 1

IntegrityLevel: Medium

Hashes: MD5=E0F37DB23E4F3163159A815610DF8CF2,SHA256=574BC2A2995FE2B1F732CCD39F2D99460ACE980AF29EFDF1EB0D3E888BE7D6F0,IMPHASH=62935820E434AF643547B7F5F5BD0292

ParentProcessGuid: {fda94052-b87a-658c-2702-000000000b00}

ParentProcessId: 5076

ParentImage: C:\Windows\System32\WindowsPowerShell\v1.0\powershell.exe

ParentCommandLine: ""C:\Windows\System32\WindowsPowerShell\v1.0\powershell.exe"" -exec bypass

ParentUser: WINDEV2309EVAL\User",Info,whoami.exe,"""C:\Windows\System32\WindowsPowerShell\v1.0\powershell.exe"" -exec bypass",C:\Windows\System32\WindowsPowerShell\v1.0\powershell.exe,{fda94052-b87a-658c-2702-000000000b00},5076,WINDEV2309EVAL\User,{fda94052-52a6-658d-7502-000000000b00},7044,7240,Microsoft® Windows® Operating System,"
      ",-,2023-12-28T10:49:10.1014925Z,Process Create (rule: ProcessCreate),1,6672,WINDEV2309EVAL\User,S-1-5-18,2023-12-28 10:49:10.100,5,"<Event xmlns=""http://schemas.microsoft.com/win/2004/08/events/event"">
    <System>
      <Provider Name=""Microsoft-Windows-Sysmon"" Guid=""{5770385f-c22a-43e0-bf4c-06f5698ffbd9}""/>
      <EventID>1</EventID>
      <Version>5</Version>
      <Level>4</Level>
      <Task>1</Task>
      <Opcode>0</Opcode>
      <Keywords>0x8000000000000000</Keywords>
      <TimeCreated SystemTime=""2023-12-28T10:49:10.1014925Z""/>
      <EventRecordID>9503</EventRecordID>
      <Correlation/>
      <Execution ProcessID=""7044"" ThreadID=""6672""/>
      <Channel>Microsoft-Windows-Sysmon/Operational</Channel>
      <Computer>WinDev2309Eval</Computer>
      <Security UserID=""S-1-5-18""/>
    </System>
    <EventData>
      <Data Name=""RuleName"">-</Data>
      <Data Name=""UtcTime"">2023-12-28 10:49:10.100</Data>
      <Data Name=""ProcessGuid"">{fda94052-52a6-658d-7502-000000000b00}</Data>
      <Data Name=""ProcessId"">7240</Data>
      <Data Name=""Image"">C:\Windows\System32\whoami.exe</Data>
      <Data Name=""FileVersion"">10.0.22621.1 (WinBuild.160101.0800)</Data>
      <Data Name=""Description"">whoami - displays logged on user information</Data>
      <Data Name=""Product"">Microsoft&#174; Windows&#174; Operating System</Data>
      <Data Name=""Company"">Microsoft Corporation</Data>
      <Data Name=""OriginalFileName"">whoami.exe</Data>
      <Data Name=""CommandLine"">""C:\Windows\system32\whoami.exe""</Data>
      <Data Name=""CurrentDirectory"">C:\Users\User\</Data>
      <Data Name=""User"">WINDEV2309EVAL\User</Data>
      <Data Name=""LogonGuid"">{fda94052-3502-658d-b367-080000000000}</Data>
      <Data Name=""LogonId"">0x867b3</Data>
      <Data Name=""TerminalSessionId"">1</Data>
      <Data Name=""IntegrityLevel"">Medium</Data>
      <Data Name=""Hashes"">MD5=E0F37DB23E4F3163159A815610DF8CF2,SHA256=574BC2A2995FE2B1F732CCD39F2D99460ACE980AF29EFDF1EB0D3E888BE7D6F0,IMPHASH=62935820E434AF643547B7F5F5BD0292</Data>
      <Data Name=""ParentProcessGuid"">{fda94052-b87a-658c-2702-000000000b00}</Data>
      <Data Name=""ParentProcessId"">5076</Data>
      <Data Name=""ParentImage"">C:\Windows\System32\WindowsPowerShell\v1.0\powershell.exe</Data>
      <Data Name=""ParentCommandLine"">""C:\Windows\System32\WindowsPowerShell\v1.0\powershell.exe"" -exec bypass</Data>
      <Data Name=""ParentUser"">WINDEV2309EVAL\User</Data>
    </EventData>
    <RenderingInfo Culture=""en-US"">
      <Message>Process Create:

RuleName: -

UtcTime: 2023-12-28 10:49:10.100

ProcessGuid: {fda94052-52a6-658d-7502-000000000b00}

ProcessId: 7240

Image: C:\Windows\System32\whoami.exe

FileVersion: 10.0.22621.1 (WinBuild.160101.0800)

Description: whoami - displays logged on user information

Product: Microsoft&#174; Windows&#174; Operating System

Company: Microsoft Corporation

OriginalFileName: whoami.exe

CommandLine: ""C:\Windows\system32\whoami.exe""

CurrentDirectory: C:\Users\User\

User: WINDEV2309EVAL\User

LogonGuid: {fda94052-3502-658d-b367-080000000000}

LogonId: 0x867B3

TerminalSessionId: 1

IntegrityLevel: Medium

Hashes: MD5=E0F37DB23E4F3163159A815610DF8CF2,SHA256=574BC2A2995FE2B1F732CCD39F2D99460ACE980AF29EFDF1EB0D3E888BE7D6F0,IMPHASH=62935820E434AF643547B7F5F5BD0292

ParentProcessGuid: {fda94052-b87a-658c-2702-000000000b00}

ParentProcessId: 5076

ParentImage: C:\Windows\System32\WindowsPowerShell\v1.0\powershell.exe

ParentCommandLine: ""C:\Windows\System32\WindowsPowerShell\v1.0\powershell.exe"" -exec bypass

ParentUser: WINDEV2309EVAL\User</Message>
      <Level>Information</Level>
      <Task>Process Create (rule: ProcessCreate)</Task>
      <Opcode>Info</Opcode>
    </RenderingInfo>
  </Event>
  
"
Microsoft-Windows-Sysmon/Operational,"""C:\Windows\system32\HOSTNAME.EXE""",Microsoft Corporation,WinDev2309Eval,C:\Users\User\,Hostname APP,1,9502,10.0.22621.2215 (WinBuild.160101.0800),"MD5=26D86E5BDA0ECA6C6C86541A141A3598,SHA256=D35B9869DA6A1894CB3F3D3E4808EADFF9ADF9B27677194D3F896FCBCDDFFACC,IMPHASH=23013EDF627646AB5226D15AC880BAD8",C:\Windows\System32\HOSTNAME.EXE,Medium,0x8000000000000000,Information,{fda94052-3502-658d-b367-080000000000},0x867b3,"Process Create:

RuleName: -

UtcTime: 2023-12-28 10:49:10.081

ProcessGuid: {fda94052-52a6-658d-7402-000000000b00}

ProcessId: 2680

Image: C:\Windows\System32\HOSTNAME.EXE

FileVersion: 10.0.22621.2215 (WinBuild.160101.0800)

Description: Hostname APP

Product: Microsoft® Windows® Operating System

Company: Microsoft Corporation

OriginalFileName: hostname.exe

CommandLine: ""C:\Windows\system32\HOSTNAME.EXE""

CurrentDirectory: C:\Users\User\

User: WINDEV2309EVAL\User

LogonGuid: {fda94052-3502-658d-b367-080000000000}

LogonId: 0x867B3

TerminalSessionId: 1

IntegrityLevel: Medium

Hashes: MD5=26D86E5BDA0ECA6C6C86541A141A3598,SHA256=D35B9869DA6A1894CB3F3D3E4808EADFF9ADF9B27677194D3F896FCBCDDFFACC,IMPHASH=23013EDF627646AB5226D15AC880BAD8

ParentProcessGuid: {fda94052-b87a-658c-2702-000000000b00}

ParentProcessId: 5076

ParentImage: C:\Windows\System32\WindowsPowerShell\v1.0\powershell.exe

ParentCommandLine: ""C:\Windows\System32\WindowsPowerShell\v1.0\powershell.exe"" -exec bypass

ParentUser: WINDEV2309EVAL\User",Info,hostname.exe,"""C:\Windows\System32\WindowsPowerShell\v1.0\powershell.exe"" -exec bypass",C:\Windows\System32\WindowsPowerShell\v1.0\powershell.exe,{fda94052-b87a-658c-2702-000000000b00},5076,WINDEV2309EVAL\User,{fda94052-52a6-658d-7402-000000000b00},7044,2680,Microsoft® Windows® Operating System,"
      ",-,2023-12-28T10:49:10.0822095Z,Process Create (rule: ProcessCreate),1,6672,WINDEV2309EVAL\User,S-1-5-18,2023-12-28 10:49:10.081,5,"<Event xmlns=""http://schemas.microsoft.com/win/2004/08/events/event"">
    <System>
      <Provider Name=""Microsoft-Windows-Sysmon"" Guid=""{5770385f-c22a-43e0-bf4c-06f5698ffbd9}""/>
      <EventID>1</EventID>
      <Version>5</Version>
      <Level>4</Level>
      <Task>1</Task>
      <Opcode>0</Opcode>
      <Keywords>0x8000000000000000</Keywords>
      <TimeCreated SystemTime=""2023-12-28T10:49:10.0822095Z""/>
      <EventRecordID>9502</EventRecordID>
      <Correlation/>
      <Execution ProcessID=""7044"" ThreadID=""6672""/>
      <Channel>Microsoft-Windows-Sysmon/Operational</Channel>
      <Computer>WinDev2309Eval</Computer>
      <Security UserID=""S-1-5-18""/>
    </System>
    <EventData>
      <Data Name=""RuleName"">-</Data>
      <Data Name=""UtcTime"">2023-12-28 10:49:10.081</Data>
      <Data Name=""ProcessGuid"">{fda94052-52a6-658d-7402-000000000b00}</Data>
      <Data Name=""ProcessId"">2680</Data>
      <Data Name=""Image"">C:\Windows\System32\HOSTNAME.EXE</Data>
      <Data Name=""FileVersion"">10.0.22621.2215 (WinBuild.160101.0800)</Data>
      <Data Name=""Description"">Hostname APP</Data>
      <Data Name=""Product"">Microsoft&#174; Windows&#174; Operating System</Data>
      <Data Name=""Company"">Microsoft Corporation</Data>
      <Data Name=""OriginalFileName"">hostname.exe</Data>
      <Data Name=""CommandLine"">""C:\Windows\system32\HOSTNAME.EXE""</Data>
      <Data Name=""CurrentDirectory"">C:\Users\User\</Data>
      <Data Name=""User"">WINDEV2309EVAL\User</Data>
      <Data Name=""LogonGuid"">{fda94052-3502-658d-b367-080000000000}</Data>
      <Data Name=""LogonId"">0x867b3</Data>
      <Data Name=""TerminalSessionId"">1</Data>
      <Data Name=""IntegrityLevel"">Medium</Data>
      <Data Name=""Hashes"">MD5=26D86E5BDA0ECA6C6C86541A141A3598,SHA256=D35B9869DA6A1894CB3F3D3E4808EADFF9ADF9B27677194D3F896FCBCDDFFACC,IMPHASH=23013EDF627646AB5226D15AC880BAD8</Data>
      <Data Name=""ParentProcessGuid"">{fda94052-b87a-658c-2702-000000000b00}</Data>
      <Data Name=""ParentProcessId"">5076</Data>
      <Data Name=""ParentImage"">C:\Windows\System32\WindowsPowerShell\v1.0\powershell.exe</Data>
      <Data Name=""ParentCommandLine"">""C:\Windows\System32\WindowsPowerShell\v1.0\powershell.exe"" -exec bypass</Data>
      <Data Name=""ParentUser"">WINDEV2309EVAL\User</Data>
    </EventData>
    <RenderingInfo Culture=""en-US"">
      <Message>Process Create:

RuleName: -

UtcTime: 2023-12-28 10:49:10.081

ProcessGuid: {fda94052-52a6-658d-7402-000000000b00}

ProcessId: 2680

Image: C:\Windows\System32\HOSTNAME.EXE

FileVersion: 10.0.22621.2215 (WinBuild.160101.0800)

Description: Hostname APP

Product: Microsoft&#174; Windows&#174; Operating System

Company: Microsoft Corporation

OriginalFileName: hostname.exe

CommandLine: ""C:\Windows\system32\HOSTNAME.EXE""

CurrentDirectory: C:\Users\User\

User: WINDEV2309EVAL\User

LogonGuid: {fda94052-3502-658d-b367-080000000000}

LogonId: 0x867B3

TerminalSessionId: 1

IntegrityLevel: Medium

Hashes: MD5=26D86E5BDA0ECA6C6C86541A141A3598,SHA256=D35B9869DA6A1894CB3F3D3E4808EADFF9ADF9B27677194D3F896FCBCDDFFACC,IMPHASH=23013EDF627646AB5226D15AC880BAD8

ParentProcessGuid: {fda94052-b87a-658c-2702-000000000b00}

ParentProcessId: 5076

ParentImage: C:\Windows\System32\WindowsPowerShell\v1.0\powershell.exe

ParentCommandLine: ""C:\Windows\System32\WindowsPowerShell\v1.0\powershell.exe"" -exec bypass

ParentUser: WINDEV2309EVAL\User</Message>
      <Level>Information</Level>
      <Task>Process Create (rule: ProcessCreate)</Task>
      <Opcode>Info</Opcode>
    </RenderingInfo>
  </Event>

"
