Microsoft-Windows-Sysmon/Operational,,,WinDev2309Eval,2023-12-02 04:13:16.000,,,,,,,,,11,9471,,,,C:\Windows\system32\svchost.exe,,,0x8000000000000000,Information,,,"File created:

RuleName: DLL

UtcTime: 2023-12-28 10:51:40.124

ProcessGuid: {fda94052-34fa-658d-8a00-000000000b00}

ProcessId: 5868

Image: C:\Windows\system32\svchost.exe

TargetFilename: C:\Windows\SoftwareDistribution\Download\7bd97cc524ebd8114e77ca1991fbf2f3\Metadata\UpdateDeploy.dll

CreationUtcTime: 2023-12-02 04:13:16.000

User: NT AUTHORITY\SYSTEM",Info,,,,,,,{fda94052-34fa-658d-8a00-000000000b00},7044,5868,,,,,,"
      ",DLL,,,,,,2023-12-28T10:51:40.1344360Z,C:\Windows\SoftwareDistribution\Download\7bd97cc524ebd8114e77ca1991fbf2f3\Metadata\UpdateDeploy.dll,,File created (rule: FileCreate),,6672,NT AUTHORITY\SYSTEM,S-1-5-18,2023-12-28 10:51:40.124,2,"<Event xmlns=""http://schemas.microsoft.com/win/2004/08/events/event"">
    <System>
      <Provider Name=""Microsoft-Windows-Sysmon"" Guid=""{5770385f-c22a-43e0-bf4c-06f5698ffbd9}""/>
      <EventID>11</EventID>
      <Version>2</Version>
      <Level>4</Level>
      <Task>11</Task>
      <Opcode>0</Opcode>
      <Keywords>0x8000000000000000</Keywords>
      <TimeCreated SystemTime=""2023-12-28T10:51:40.1344360Z""/>
      <EventRecordID>9471</EventRecordID>
      <Correlation/>
      <Execution ProcessID=""7044"" ThreadID=""6672""/>
      <Channel>Microsoft-Windows-Sysmon/Operational</Channel>
      <Computer>WinDev2309Eval</Computer>
      <Security UserID=""S-1-5-18""/>
    </System>
    <EventData>
      <Data Name=""RuleName"">DLL</Data>
      <Data Name=""UtcTime"">2023-12-28 10:51:40.124</Data>
      <Data Name=""ProcessGuid"">{fda94052-34fa-658d-8a00-000000000b00}</Data>
      <Data Name=""ProcessId"">5868</Data>
      <Data Name=""Image"">C:\Windows\system32\svchost.exe</Data>
      <Data Name=""TargetFilename"">C:\Windows\SoftwareDistribution\Download\7bd97cc524ebd8114e77ca1991fbf2f3\Metadata\UpdateDeploy.dll</Data>
      <Data Name=""CreationUtcTime"">2023-12-02 04:13:16.000</Data>
      <Data Name=""User"">NT AUTHORITY\SYSTEM</Data>
    </EventData>
    <RenderingInfo Culture=""en-US"">
      <Message>File created:

RuleName: DLL

UtcTime: 2023-12-28 10:51:40.124

ProcessGuid: {fda94052-34fa-658d-8a00-000000000b00}

ProcessId: 5868

Image: C:\Windows\system32\svchost.exe

TargetFilename: C:\Windows\SoftwareDistribution\Download\7bd97cc524ebd8114e77ca1991fbf2f3\Metadata\UpdateDeploy.dll

CreationUtcTime: 2023-12-02 04:13:16.000

User: NT AUTHORITY\SYSTEM</Message>
      <Level>Information</Level>
      <Task>File created (rule: FileCreate)</Task>
      <Opcode>Info</Opcode>
    </RenderingInfo>
  </Event>
  
"
Microsoft-Windows-Sysmon/Operational,,,WinDev2309Eval,2023-12-02 09:56:52.000,,,,,,,,,11,9470,,,,C:\Windows\system32\svchost.exe,,,0x8000000000000000,Information,,,"File created:

RuleName: DLL

UtcTime: 2023-12-28 10:51:40.124

ProcessGuid: {fda94052-34fa-658d-8a00-000000000b00}

ProcessId: 5868

Image: C:\Windows\system32\svchost.exe

TargetFilename: C:\Windows\SoftwareDistribution\Download\7bd97cc524ebd8114e77ca1991fbf2f3\Metadata\WinREAgent.dll

CreationUtcTime: 2023-12-02 09:56:52.000

User: NT AUTHORITY\SYSTEM",Info,,,,,,,{fda94052-34fa-658d-8a00-000000000b00},7044,5868,,,,,,"
      ",DLL,,,,,,2023-12-28T10:51:40.1284256Z,C:\Windows\SoftwareDistribution\Download\7bd97cc524ebd8114e77ca1991fbf2f3\Metadata\WinREAgent.dll,,File created (rule: FileCreate),,6672,NT AUTHORITY\SYSTEM,S-1-5-18,2023-12-28 10:51:40.124,2,"<Event xmlns=""http://schemas.microsoft.com/win/2004/08/events/event"">
    <System>
      <Provider Name=""Microsoft-Windows-Sysmon"" Guid=""{5770385f-c22a-43e0-bf4c-06f5698ffbd9}""/>
      <EventID>11</EventID>
      <Version>2</Version>
      <Level>4</Level>
      <Task>11</Task>
      <Opcode>0</Opcode>
      <Keywords>0x8000000000000000</Keywords>
      <TimeCreated SystemTime=""2023-12-28T10:51:40.1284256Z""/>
      <EventRecordID>9470</EventRecordID>
      <Correlation/>
      <Execution ProcessID=""7044"" ThreadID=""6672""/>
      <Channel>Microsoft-Windows-Sysmon/Operational</Channel>
      <Computer>WinDev2309Eval</Computer>
      <Security UserID=""S-1-5-18""/>
    </System>
    <EventData>
      <Data Name=""RuleName"">DLL</Data>
      <Data Name=""UtcTime"">2023-12-28 10:51:40.124</Data>
      <Data Name=""ProcessGuid"">{fda94052-34fa-658d-8a00-000000000b00}</Data>
      <Data Name=""ProcessId"">5868</Data>
      <Data Name=""Image"">C:\Windows\system32\svchost.exe</Data>
      <Data Name=""TargetFilename"">C:\Windows\SoftwareDistribution\Download\7bd97cc524ebd8114e77ca1991fbf2f3\Metadata\WinREAgent.dll</Data>
      <Data Name=""CreationUtcTime"">2023-12-02 09:56:52.000</Data>
      <Data Name=""User"">NT AUTHORITY\SYSTEM</Data>
    </EventData>
    <RenderingInfo Culture=""en-US"">
      <Message>File created:

RuleName: DLL

UtcTime: 2023-12-28 10:51:40.124

ProcessGuid: {fda94052-34fa-658d-8a00-000000000b00}

ProcessId: 5868

Image: C:\Windows\system32\svchost.exe

TargetFilename: C:\Windows\SoftwareDistribution\Download\7bd97cc524ebd8114e77ca1991fbf2f3\Metadata\WinREAgent.dll

CreationUtcTime: 2023-12-02 09:56:52.000

User: NT AUTHORITY\SYSTEM</Message>
      <Level>Information</Level>
      <Task>File created (rule: FileCreate)</Task>
      <Opcode>Info</Opcode>
    </RenderingInfo>
  </Event>
  
"
Microsoft-Windows-Sysmon/Operational,,,WinDev2309Eval,2023-12-02 04:14:20.000,,,,,,,,,11,9469,,,,C:\Windows\system32\svchost.exe,,,0x8000000000000000,Information,,,"File created:

RuleName: DLL

UtcTime: 2023-12-28 10:51:40.124

ProcessGuid: {fda94052-34fa-658d-8a00-000000000b00}

ProcessId: 5868

Image: C:\Windows\system32\svchost.exe

TargetFilename: C:\Windows\SoftwareDistribution\Download\7bd97cc524ebd8114e77ca1991fbf2f3\Metadata\ReserveManager.dll

CreationUtcTime: 2023-12-02 04:14:20.000

User: NT AUTHORITY\SYSTEM",Info,,,,,,,{fda94052-34fa-658d-8a00-000000000b00},7044,5868,,,,,,"
      ",DLL,,,,,,2023-12-28T10:51:40.1250338Z,C:\Windows\SoftwareDistribution\Download\7bd97cc524ebd8114e77ca1991fbf2f3\Metadata\ReserveManager.dll,,File created (rule: FileCreate),,6672,NT AUTHORITY\SYSTEM,S-1-5-18,2023-12-28 10:51:40.124,2,"<Event xmlns=""http://schemas.microsoft.com/win/2004/08/events/event"">
    <System>
      <Provider Name=""Microsoft-Windows-Sysmon"" Guid=""{5770385f-c22a-43e0-bf4c-06f5698ffbd9}""/>
      <EventID>11</EventID>
      <Version>2</Version>
      <Level>4</Level>
      <Task>11</Task>
      <Opcode>0</Opcode>
      <Keywords>0x8000000000000000</Keywords>
      <TimeCreated SystemTime=""2023-12-28T10:51:40.1250338Z""/>
      <EventRecordID>9469</EventRecordID>
      <Correlation/>
      <Execution ProcessID=""7044"" ThreadID=""6672""/>
      <Channel>Microsoft-Windows-Sysmon/Operational</Channel>
      <Computer>WinDev2309Eval</Computer>
      <Security UserID=""S-1-5-18""/>
    </System>
    <EventData>
      <Data Name=""RuleName"">DLL</Data>
      <Data Name=""UtcTime"">2023-12-28 10:51:40.124</Data>
      <Data Name=""ProcessGuid"">{fda94052-34fa-658d-8a00-000000000b00}</Data>
      <Data Name=""ProcessId"">5868</Data>
      <Data Name=""Image"">C:\Windows\system32\svchost.exe</Data>
      <Data Name=""TargetFilename"">C:\Windows\SoftwareDistribution\Download\7bd97cc524ebd8114e77ca1991fbf2f3\Metadata\ReserveManager.dll</Data>
      <Data Name=""CreationUtcTime"">2023-12-02 04:14:20.000</Data>
      <Data Name=""User"">NT AUTHORITY\SYSTEM</Data>
    </EventData>
    <RenderingInfo Culture=""en-US"">
      <Message>File created:

RuleName: DLL

UtcTime: 2023-12-28 10:51:40.124

ProcessGuid: {fda94052-34fa-658d-8a00-000000000b00}

ProcessId: 5868

Image: C:\Windows\system32\svchost.exe

TargetFilename: C:\Windows\SoftwareDistribution\Download\7bd97cc524ebd8114e77ca1991fbf2f3\Metadata\ReserveManager.dll

CreationUtcTime: 2023-12-02 04:14:20.000

User: NT AUTHORITY\SYSTEM</Message>
      <Level>Information</Level>
      <Task>File created (rule: FileCreate)</Task>
      <Opcode>Info</Opcode>
    </RenderingInfo>
  </Event>
  
"
Microsoft-Windows-Sysmon/Operational,,,WinDev2309Eval,2023-12-02 04:14:10.000,,,,,,,,,11,9468,,,,C:\Windows\system32\svchost.exe,,,0x8000000000000000,Information,,,"File created:

RuleName: DLL

UtcTime: 2023-12-28 10:51:40.093

ProcessGuid: {fda94052-34fa-658d-8a00-000000000b00}

ProcessId: 5868

Image: C:\Windows\system32\svchost.exe

TargetFilename: C:\Windows\SoftwareDistribution\Download\7bd97cc524ebd8114e77ca1991fbf2f3\Metadata\TurboStack.dll

CreationUtcTime: 2023-12-02 04:14:10.000

User: NT AUTHORITY\SYSTEM",Info,,,,,,,{fda94052-34fa-658d-8a00-000000000b00},7044,5868,,,,,,"
      ",DLL,,,,,,2023-12-28T10:51:40.1084357Z,C:\Windows\SoftwareDistribution\Download\7bd97cc524ebd8114e77ca1991fbf2f3\Metadata\TurboStack.dll,,File created (rule: FileCreate),,6672,NT AUTHORITY\SYSTEM,S-1-5-18,2023-12-28 10:51:40.093,2,"<Event xmlns=""http://schemas.microsoft.com/win/2004/08/events/event"">
    <System>
      <Provider Name=""Microsoft-Windows-Sysmon"" Guid=""{5770385f-c22a-43e0-bf4c-06f5698ffbd9}""/>
      <EventID>11</EventID>
      <Version>2</Version>
      <Level>4</Level>
      <Task>11</Task>
      <Opcode>0</Opcode>
      <Keywords>0x8000000000000000</Keywords>
      <TimeCreated SystemTime=""2023-12-28T10:51:40.1084357Z""/>
      <EventRecordID>9468</EventRecordID>
      <Correlation/>
      <Execution ProcessID=""7044"" ThreadID=""6672""/>
      <Channel>Microsoft-Windows-Sysmon/Operational</Channel>
      <Computer>WinDev2309Eval</Computer>
      <Security UserID=""S-1-5-18""/>
    </System>
    <EventData>
      <Data Name=""RuleName"">DLL</Data>
      <Data Name=""UtcTime"">2023-12-28 10:51:40.093</Data>
      <Data Name=""ProcessGuid"">{fda94052-34fa-658d-8a00-000000000b00}</Data>
      <Data Name=""ProcessId"">5868</Data>
      <Data Name=""Image"">C:\Windows\system32\svchost.exe</Data>
      <Data Name=""TargetFilename"">C:\Windows\SoftwareDistribution\Download\7bd97cc524ebd8114e77ca1991fbf2f3\Metadata\TurboStack.dll</Data>
      <Data Name=""CreationUtcTime"">2023-12-02 04:14:10.000</Data>
      <Data Name=""User"">NT AUTHORITY\SYSTEM</Data>
    </EventData>
    <RenderingInfo Culture=""en-US"">
      <Message>File created:

RuleName: DLL

UtcTime: 2023-12-28 10:51:40.093

ProcessGuid: {fda94052-34fa-658d-8a00-000000000b00}

ProcessId: 5868

Image: C:\Windows\system32\svchost.exe

TargetFilename: C:\Windows\SoftwareDistribution\Download\7bd97cc524ebd8114e77ca1991fbf2f3\Metadata\TurboStack.dll

CreationUtcTime: 2023-12-02 04:14:10.000

User: NT AUTHORITY\SYSTEM</Message>
      <Level>Information</Level>
      <Task>File created (rule: FileCreate)</Task>
      <Opcode>Info</Opcode>
    </RenderingInfo>
  </Event>
  
"
Microsoft-Windows-Sysmon/Operational,,,WinDev2309Eval,2023-12-02 04:14:28.000,,,,,,,,,11,9467,,,,C:\Windows\system32\svchost.exe,,,0x8000000000000000,Information,,,"File created:

RuleName: DLL

UtcTime: 2023-12-28 10:51:40.061

ProcessGuid: {fda94052-34fa-658d-8a00-000000000b00}

ProcessId: 5868

Image: C:\Windows\system32\svchost.exe

TargetFilename: C:\Windows\SoftwareDistribution\Download\7bd97cc524ebd8114e77ca1991fbf2f3\Metadata\wcp.dll

CreationUtcTime: 2023-12-02 04:14:28.000

User: NT AUTHORITY\SYSTEM",Info,,,,,,,{fda94052-34fa-658d-8a00-000000000b00},7044,5868,,,,,,"
      ",DLL,,,,,,2023-12-28T10:51:40.0716808Z,C:\Windows\SoftwareDistribution\Download\7bd97cc524ebd8114e77ca1991fbf2f3\Metadata\wcp.dll,,File created (rule: FileCreate),,6672,NT AUTHORITY\SYSTEM,S-1-5-18,2023-12-28 10:51:40.061,2,"<Event xmlns=""http://schemas.microsoft.com/win/2004/08/events/event"">
    <System>
      <Provider Name=""Microsoft-Windows-Sysmon"" Guid=""{5770385f-c22a-43e0-bf4c-06f5698ffbd9}""/>
      <EventID>11</EventID>
      <Version>2</Version>
      <Level>4</Level>
      <Task>11</Task>
      <Opcode>0</Opcode>
      <Keywords>0x8000000000000000</Keywords>
      <TimeCreated SystemTime=""2023-12-28T10:51:40.0716808Z""/>
      <EventRecordID>9467</EventRecordID>
      <Correlation/>
      <Execution ProcessID=""7044"" ThreadID=""6672""/>
      <Channel>Microsoft-Windows-Sysmon/Operational</Channel>
      <Computer>WinDev2309Eval</Computer>
      <Security UserID=""S-1-5-18""/>
    </System>
    <EventData>
      <Data Name=""RuleName"">DLL</Data>
      <Data Name=""UtcTime"">2023-12-28 10:51:40.061</Data>
      <Data Name=""ProcessGuid"">{fda94052-34fa-658d-8a00-000000000b00}</Data>
      <Data Name=""ProcessId"">5868</Data>
      <Data Name=""Image"">C:\Windows\system32\svchost.exe</Data>
      <Data Name=""TargetFilename"">C:\Windows\SoftwareDistribution\Download\7bd97cc524ebd8114e77ca1991fbf2f3\Metadata\wcp.dll</Data>
      <Data Name=""CreationUtcTime"">2023-12-02 04:14:28.000</Data>
      <Data Name=""User"">NT AUTHORITY\SYSTEM</Data>
    </EventData>
    <RenderingInfo Culture=""en-US"">
      <Message>File created:

RuleName: DLL

UtcTime: 2023-12-28 10:51:40.061

ProcessGuid: {fda94052-34fa-658d-8a00-000000000b00}

ProcessId: 5868

Image: C:\Windows\system32\svchost.exe

TargetFilename: C:\Windows\SoftwareDistribution\Download\7bd97cc524ebd8114e77ca1991fbf2f3\Metadata\wcp.dll

CreationUtcTime: 2023-12-02 04:14:28.000

User: NT AUTHORITY\SYSTEM</Message>
      <Level>Information</Level>
      <Task>File created (rule: FileCreate)</Task>
      <Opcode>Info</Opcode>
    </RenderingInfo>
  </Event>
  
"
Microsoft-Windows-Sysmon/Operational,,,WinDev2309Eval,2023-12-02 04:21:42.000,,,,,,,,,11,9466,,,,C:\Windows\system32\svchost.exe,,,0x8000000000000000,Information,,,"File created:

RuleName: DLL

UtcTime: 2023-12-28 10:51:40.061

ProcessGuid: {fda94052-34fa-658d-8a00-000000000b00}

ProcessId: 5868

Image: C:\Windows\system32\svchost.exe

TargetFilename: C:\Windows\SoftwareDistribution\Download\7bd97cc524ebd8114e77ca1991fbf2f3\Metadata\UAOneSettings.dll

CreationUtcTime: 2023-12-02 04:21:42.000

User: NT AUTHORITY\SYSTEM",Info,,,,,,,{fda94052-34fa-658d-8a00-000000000b00},7044,5868,,,,,,"
      ",DLL,,,,,,2023-12-28T10:51:40.0688341Z,C:\Windows\SoftwareDistribution\Download\7bd97cc524ebd8114e77ca1991fbf2f3\Metadata\UAOneSettings.dll,,File created (rule: FileCreate),,6672,NT AUTHORITY\SYSTEM,S-1-5-18,2023-12-28 10:51:40.061,2,"<Event xmlns=""http://schemas.microsoft.com/win/2004/08/events/event"">
    <System>
      <Provider Name=""Microsoft-Windows-Sysmon"" Guid=""{5770385f-c22a-43e0-bf4c-06f5698ffbd9}""/>
      <EventID>11</EventID>
      <Version>2</Version>
      <Level>4</Level>
      <Task>11</Task>
      <Opcode>0</Opcode>
      <Keywords>0x8000000000000000</Keywords>
      <TimeCreated SystemTime=""2023-12-28T10:51:40.0688341Z""/>
      <EventRecordID>9466</EventRecordID>
      <Correlation/>
      <Execution ProcessID=""7044"" ThreadID=""6672""/>
      <Channel>Microsoft-Windows-Sysmon/Operational</Channel>
      <Computer>WinDev2309Eval</Computer>
      <Security UserID=""S-1-5-18""/>
    </System>
    <EventData>
      <Data Name=""RuleName"">DLL</Data>
      <Data Name=""UtcTime"">2023-12-28 10:51:40.061</Data>
      <Data Name=""ProcessGuid"">{fda94052-34fa-658d-8a00-000000000b00}</Data>
      <Data Name=""ProcessId"">5868</Data>
      <Data Name=""Image"">C:\Windows\system32\svchost.exe</Data>
      <Data Name=""TargetFilename"">C:\Windows\SoftwareDistribution\Download\7bd97cc524ebd8114e77ca1991fbf2f3\Metadata\UAOneSettings.dll</Data>
      <Data Name=""CreationUtcTime"">2023-12-02 04:21:42.000</Data>
      <Data Name=""User"">NT AUTHORITY\SYSTEM</Data>
    </EventData>
    <RenderingInfo Culture=""en-US"">
      <Message>File created:

RuleName: DLL

UtcTime: 2023-12-28 10:51:40.061

ProcessGuid: {fda94052-34fa-658d-8a00-000000000b00}

ProcessId: 5868

Image: C:\Windows\system32\svchost.exe

TargetFilename: C:\Windows\SoftwareDistribution\Download\7bd97cc524ebd8114e77ca1991fbf2f3\Metadata\UAOneSettings.dll

CreationUtcTime: 2023-12-02 04:21:42.000

User: NT AUTHORITY\SYSTEM</Message>
      <Level>Information</Level>
      <Task>File created (rule: FileCreate)</Task>
      <Opcode>Info</Opcode>
    </RenderingInfo>
  </Event>
  
"
Microsoft-Windows-Sysmon/Operational,,,WinDev2309Eval,2023-12-02 10:04:50.000,,,,,,,,,11,9465,,,,C:\Windows\system32\svchost.exe,,,0x8000000000000000,Information,,,"File created:

RuleName: DLL

UtcTime: 2023-12-28 10:51:40.061

ProcessGuid: {fda94052-34fa-658d-8a00-000000000b00}

ProcessId: 5868

Image: C:\Windows\system32\svchost.exe

TargetFilename: C:\Windows\SoftwareDistribution\Download\7bd97cc524ebd8114e77ca1991fbf2f3\Metadata\Mitigation.dll

CreationUtcTime: 2023-12-02 10:04:50.000

User: NT AUTHORITY\SYSTEM",Info,,,,,,,{fda94052-34fa-658d-8a00-000000000b00},7044,5868,,,,,,"
      ",DLL,,,,,,2023-12-28T10:51:40.0647024Z,C:\Windows\SoftwareDistribution\Download\7bd97cc524ebd8114e77ca1991fbf2f3\Metadata\Mitigation.dll,,File created (rule: FileCreate),,6672,NT AUTHORITY\SYSTEM,S-1-5-18,2023-12-28 10:51:40.061,2,"<Event xmlns=""http://schemas.microsoft.com/win/2004/08/events/event"">
    <System>
      <Provider Name=""Microsoft-Windows-Sysmon"" Guid=""{5770385f-c22a-43e0-bf4c-06f5698ffbd9}""/>
      <EventID>11</EventID>
      <Version>2</Version>
      <Level>4</Level>
      <Task>11</Task>
      <Opcode>0</Opcode>
      <Keywords>0x8000000000000000</Keywords>
      <TimeCreated SystemTime=""2023-12-28T10:51:40.0647024Z""/>
      <EventRecordID>9465</EventRecordID>
      <Correlation/>
      <Execution ProcessID=""7044"" ThreadID=""6672""/>
      <Channel>Microsoft-Windows-Sysmon/Operational</Channel>
      <Computer>WinDev2309Eval</Computer>
      <Security UserID=""S-1-5-18""/>
    </System>
    <EventData>
      <Data Name=""RuleName"">DLL</Data>
      <Data Name=""UtcTime"">2023-12-28 10:51:40.061</Data>
      <Data Name=""ProcessGuid"">{fda94052-34fa-658d-8a00-000000000b00}</Data>
      <Data Name=""ProcessId"">5868</Data>
      <Data Name=""Image"">C:\Windows\system32\svchost.exe</Data>
      <Data Name=""TargetFilename"">C:\Windows\SoftwareDistribution\Download\7bd97cc524ebd8114e77ca1991fbf2f3\Metadata\Mitigation.dll</Data>
      <Data Name=""CreationUtcTime"">2023-12-02 10:04:50.000</Data>
      <Data Name=""User"">NT AUTHORITY\SYSTEM</Data>
    </EventData>
    <RenderingInfo Culture=""en-US"">
      <Message>File created:

RuleName: DLL

UtcTime: 2023-12-28 10:51:40.061

ProcessGuid: {fda94052-34fa-658d-8a00-000000000b00}

ProcessId: 5868

Image: C:\Windows\system32\svchost.exe

TargetFilename: C:\Windows\SoftwareDistribution\Download\7bd97cc524ebd8114e77ca1991fbf2f3\Metadata\Mitigation.dll

CreationUtcTime: 2023-12-02 10:04:50.000

User: NT AUTHORITY\SYSTEM</Message>
      <Level>Information</Level>
      <Task>File created (rule: FileCreate)</Task>
      <Opcode>Info</Opcode>
    </RenderingInfo>
  </Event>
  
"
Microsoft-Windows-Sysmon/Operational,,,WinDev2309Eval,2023-12-02 04:13:54.000,,,,,,,,,11,9464,,,,C:\Windows\system32\svchost.exe,,,0x8000000000000000,Information,,,"File created:

RuleName: DLL

UtcTime: 2023-12-28 10:51:40.045

ProcessGuid: {fda94052-34fa-658d-8a00-000000000b00}

ProcessId: 5868

Image: C:\Windows\system32\svchost.exe

TargetFilename: C:\Windows\SoftwareDistribution\Download\7bd97cc524ebd8114e77ca1991fbf2f3\Metadata\dpx.dll

CreationUtcTime: 2023-12-02 04:13:54.000

User: NT AUTHORITY\SYSTEM",Info,,,,,,,{fda94052-34fa-658d-8a00-000000000b00},7044,5868,,,,,,"
      ",DLL,,,,,,2023-12-28T10:51:40.0568516Z,C:\Windows\SoftwareDistribution\Download\7bd97cc524ebd8114e77ca1991fbf2f3\Metadata\dpx.dll,,File created (rule: FileCreate),,6672,NT AUTHORITY\SYSTEM,S-1-5-18,2023-12-28 10:51:40.045,2,"<Event xmlns=""http://schemas.microsoft.com/win/2004/08/events/event"">
    <System>
      <Provider Name=""Microsoft-Windows-Sysmon"" Guid=""{5770385f-c22a-43e0-bf4c-06f5698ffbd9}""/>
      <EventID>11</EventID>
      <Version>2</Version>
      <Level>4</Level>
      <Task>11</Task>
      <Opcode>0</Opcode>
      <Keywords>0x8000000000000000</Keywords>
      <TimeCreated SystemTime=""2023-12-28T10:51:40.0568516Z""/>
      <EventRecordID>9464</EventRecordID>
      <Correlation/>
      <Execution ProcessID=""7044"" ThreadID=""6672""/>
      <Channel>Microsoft-Windows-Sysmon/Operational</Channel>
      <Computer>WinDev2309Eval</Computer>
      <Security UserID=""S-1-5-18""/>
    </System>
    <EventData>
      <Data Name=""RuleName"">DLL</Data>
      <Data Name=""UtcTime"">2023-12-28 10:51:40.045</Data>
      <Data Name=""ProcessGuid"">{fda94052-34fa-658d-8a00-000000000b00}</Data>
      <Data Name=""ProcessId"">5868</Data>
      <Data Name=""Image"">C:\Windows\system32\svchost.exe</Data>
      <Data Name=""TargetFilename"">C:\Windows\SoftwareDistribution\Download\7bd97cc524ebd8114e77ca1991fbf2f3\Metadata\dpx.dll</Data>
      <Data Name=""CreationUtcTime"">2023-12-02 04:13:54.000</Data>
      <Data Name=""User"">NT AUTHORITY\SYSTEM</Data>
    </EventData>
    <RenderingInfo Culture=""en-US"">
      <Message>File created:

RuleName: DLL

UtcTime: 2023-12-28 10:51:40.045

ProcessGuid: {fda94052-34fa-658d-8a00-000000000b00}

ProcessId: 5868

Image: C:\Windows\system32\svchost.exe

TargetFilename: C:\Windows\SoftwareDistribution\Download\7bd97cc524ebd8114e77ca1991fbf2f3\Metadata\dpx.dll

CreationUtcTime: 2023-12-02 04:13:54.000

User: NT AUTHORITY\SYSTEM</Message>
      <Level>Information</Level>
      <Task>File created (rule: FileCreate)</Task>
      <Opcode>Info</Opcode>
    </RenderingInfo>
  </Event>
  
"
Microsoft-Windows-Sysmon/Operational,,,WinDev2309Eval,2023-12-02 04:13:52.000,,,,,,,,,11,9463,,,,C:\Windows\system32\svchost.exe,,,0x8000000000000000,Information,,,"File created:

RuleName: DLL

UtcTime: 2023-12-28 10:51:40.014

ProcessGuid: {fda94052-34fa-658d-8a00-000000000b00}

ProcessId: 5868

Image: C:\Windows\system32\svchost.exe

TargetFilename: C:\Windows\SoftwareDistribution\Download\7bd97cc524ebd8114e77ca1991fbf2f3\Metadata\UpdateAgent.dll

CreationUtcTime: 2023-12-02 04:13:52.000

User: NT AUTHORITY\SYSTEM",Info,,,,,,,{fda94052-34fa-658d-8a00-000000000b00},7044,5868,,,,,,"
      ",DLL,,,,,,2023-12-28T10:51:40.0245278Z,C:\Windows\SoftwareDistribution\Download\7bd97cc524ebd8114e77ca1991fbf2f3\Metadata\UpdateAgent.dll,,File created (rule: FileCreate),,6672,NT AUTHORITY\SYSTEM,S-1-5-18,2023-12-28 10:51:40.014,2,"<Event xmlns=""http://schemas.microsoft.com/win/2004/08/events/event"">
    <System>
      <Provider Name=""Microsoft-Windows-Sysmon"" Guid=""{5770385f-c22a-43e0-bf4c-06f5698ffbd9}""/>
      <EventID>11</EventID>
      <Version>2</Version>
      <Level>4</Level>
      <Task>11</Task>
      <Opcode>0</Opcode>
      <Keywords>0x8000000000000000</Keywords>
      <TimeCreated SystemTime=""2023-12-28T10:51:40.0245278Z""/>
      <EventRecordID>9463</EventRecordID>
      <Correlation/>
      <Execution ProcessID=""7044"" ThreadID=""6672""/>
      <Channel>Microsoft-Windows-Sysmon/Operational</Channel>
      <Computer>WinDev2309Eval</Computer>
      <Security UserID=""S-1-5-18""/>
    </System>
    <EventData>
      <Data Name=""RuleName"">DLL</Data>
      <Data Name=""UtcTime"">2023-12-28 10:51:40.014</Data>
      <Data Name=""ProcessGuid"">{fda94052-34fa-658d-8a00-000000000b00}</Data>
      <Data Name=""ProcessId"">5868</Data>
      <Data Name=""Image"">C:\Windows\system32\svchost.exe</Data>
      <Data Name=""TargetFilename"">C:\Windows\SoftwareDistribution\Download\7bd97cc524ebd8114e77ca1991fbf2f3\Metadata\UpdateAgent.dll</Data>
      <Data Name=""CreationUtcTime"">2023-12-02 04:13:52.000</Data>
      <Data Name=""User"">NT AUTHORITY\SYSTEM</Data>
    </EventData>
    <RenderingInfo Culture=""en-US"">
      <Message>File created:

RuleName: DLL

UtcTime: 2023-12-28 10:51:40.014

ProcessGuid: {fda94052-34fa-658d-8a00-000000000b00}

ProcessId: 5868

Image: C:\Windows\system32\svchost.exe

TargetFilename: C:\Windows\SoftwareDistribution\Download\7bd97cc524ebd8114e77ca1991fbf2f3\Metadata\UpdateAgent.dll

CreationUtcTime: 2023-12-02 04:13:52.000

User: NT AUTHORITY\SYSTEM</Message>
      <Level>Information</Level>
      <Task>File created (rule: FileCreate)</Task>
      <Opcode>Info</Opcode>
    </RenderingInfo>
  </Event>
  
"
Microsoft-Windows-Sysmon/Operational,,,WinDev2309Eval,2023-12-28 10:51:39.730,,,,,,,,,11,9462,,,,C:\Windows\system32\svchost.exe,,,0x8000000000000000,Information,,,"File created:

RuleName: DLL

UtcTime: 2023-12-28 10:51:39.730

ProcessGuid: {fda94052-34fa-658d-8a00-000000000b00}

ProcessId: 5868

Image: C:\Windows\system32\svchost.exe

TargetFilename: C:\Windows\SystemTemp\{8BC7DADD-7BBB-49A8-8430-D31EFD5F1207}\ssshim.dll

CreationUtcTime: 2023-12-28 10:51:39.730

User: NT AUTHORITY\SYSTEM",Info,,,,,,,{fda94052-34fa-658d-8a00-000000000b00},7044,5868,,,,,,"
      ",DLL,,,,,,2023-12-28T10:51:39.7316867Z,C:\Windows\SystemTemp\{8BC7DADD-7BBB-49A8-8430-D31EFD5F1207}\ssshim.dll,,File created (rule: FileCreate),,6672,NT AUTHORITY\SYSTEM,S-1-5-18,2023-12-28 10:51:39.730,2,"<Event xmlns=""http://schemas.microsoft.com/win/2004/08/events/event"">
    <System>
      <Provider Name=""Microsoft-Windows-Sysmon"" Guid=""{5770385f-c22a-43e0-bf4c-06f5698ffbd9}""/>
      <EventID>11</EventID>
      <Version>2</Version>
      <Level>4</Level>
      <Task>11</Task>
      <Opcode>0</Opcode>
      <Keywords>0x8000000000000000</Keywords>
      <TimeCreated SystemTime=""2023-12-28T10:51:39.7316867Z""/>
      <EventRecordID>9462</EventRecordID>
      <Correlation/>
      <Execution ProcessID=""7044"" ThreadID=""6672""/>
      <Channel>Microsoft-Windows-Sysmon/Operational</Channel>
      <Computer>WinDev2309Eval</Computer>
      <Security UserID=""S-1-5-18""/>
    </System>
    <EventData>
      <Data Name=""RuleName"">DLL</Data>
      <Data Name=""UtcTime"">2023-12-28 10:51:39.730</Data>
      <Data Name=""ProcessGuid"">{fda94052-34fa-658d-8a00-000000000b00}</Data>
      <Data Name=""ProcessId"">5868</Data>
      <Data Name=""Image"">C:\Windows\system32\svchost.exe</Data>
      <Data Name=""TargetFilename"">C:\Windows\SystemTemp\{8BC7DADD-7BBB-49A8-8430-D31EFD5F1207}\ssshim.dll</Data>
      <Data Name=""CreationUtcTime"">2023-12-28 10:51:39.730</Data>
      <Data Name=""User"">NT AUTHORITY\SYSTEM</Data>
    </EventData>
    <RenderingInfo Culture=""en-US"">
      <Message>File created:

RuleName: DLL

UtcTime: 2023-12-28 10:51:39.730

ProcessGuid: {fda94052-34fa-658d-8a00-000000000b00}

ProcessId: 5868

Image: C:\Windows\system32\svchost.exe

TargetFilename: C:\Windows\SystemTemp\{8BC7DADD-7BBB-49A8-8430-D31EFD5F1207}\ssshim.dll

CreationUtcTime: 2023-12-28 10:51:39.730

User: NT AUTHORITY\SYSTEM</Message>
      <Level>Information</Level>
      <Task>File created (rule: FileCreate)</Task>
      <Opcode>Info</Opcode>
    </RenderingInfo>
  </Event>
  
"
Microsoft-Windows-Sysmon/Operational,,,WinDev2309Eval,,,,,,,,,,22,9461,,,,C:\Windows\system32\svchost.exe,,,0x8000000000000000,Information,,,"Dns query:

RuleName: -

UtcTime: 2023-12-27 23:54:25.266

ProcessGuid: {fda94052-34f2-658d-3f00-000000000b00}

ProcessId: 2948

QueryName: wpad

QueryStatus: 1460

QueryResults: -

Image: C:\Windows\system32\svchost.exe

User: NT AUTHORITY\LOCAL SERVICE",Info,,,,,,,{fda94052-34f2-658d-3f00-000000000b00},7044,2948,,,wpad,-,1460,"
      ",-,,,,,,2023-12-28T10:51:39.4255091Z,,,Dns query (rule: DnsQuery),,1124,NT AUTHORITY\LOCAL SERVICE,S-1-5-18,2023-12-27 23:54:25.266,5,"<Event xmlns=""http://schemas.microsoft.com/win/2004/08/events/event"">
    <System>
      <Provider Name=""Microsoft-Windows-Sysmon"" Guid=""{5770385f-c22a-43e0-bf4c-06f5698ffbd9}""/>
      <EventID>22</EventID>
      <Version>5</Version>
      <Level>4</Level>
      <Task>22</Task>
      <Opcode>0</Opcode>
      <Keywords>0x8000000000000000</Keywords>
      <TimeCreated SystemTime=""2023-12-28T10:51:39.4255091Z""/>
      <EventRecordID>9461</EventRecordID>
      <Correlation/>
      <Execution ProcessID=""7044"" ThreadID=""1124""/>
      <Channel>Microsoft-Windows-Sysmon/Operational</Channel>
      <Computer>WinDev2309Eval</Computer>
      <Security UserID=""S-1-5-18""/>
    </System>
    <EventData>
      <Data Name=""RuleName"">-</Data>
      <Data Name=""UtcTime"">2023-12-27 23:54:25.266</Data>
      <Data Name=""ProcessGuid"">{fda94052-34f2-658d-3f00-000000000b00}</Data>
      <Data Name=""ProcessId"">2948</Data>
      <Data Name=""QueryName"">wpad</Data>
      <Data Name=""QueryStatus"">1460</Data>
      <Data Name=""QueryResults"">-</Data>
      <Data Name=""Image"">C:\Windows\system32\svchost.exe</Data>
      <Data Name=""User"">NT AUTHORITY\LOCAL SERVICE</Data>
    </EventData>
    <RenderingInfo Culture=""en-US"">
      <Message>Dns query:

RuleName: -

UtcTime: 2023-12-27 23:54:25.266

ProcessGuid: {fda94052-34f2-658d-3f00-000000000b00}

ProcessId: 2948

QueryName: wpad

QueryStatus: 1460

QueryResults: -

Image: C:\Windows\system32\svchost.exe

User: NT AUTHORITY\LOCAL SERVICE</Message>
      <Level>Information</Level>
      <Task>Dns query (rule: DnsQuery)</Task>
      <Opcode>Info</Opcode>
    </RenderingInfo>
  </Event>
  
"
Microsoft-Windows-Sysmon/Operational,"""C:\Program Files (x86)\Microsoft\EdgeUpdate\MicrosoftEdgeUpdate.exe"" /ping PD94bWwgdmVyc2lvbj0iMS4wIiBlbmNvZGluZz0iVVRGLTgiPz48cmVxdWVzdCBwcm90b2NvbD0iMy4wIiB1cGRhdGVyPSJPbWFoYSIgdXBkYXRlcnZlcnNpb249IjEuMy4xODEuNSIgc2hlbGxfdmVyc2lvbj0iMS4zLjE1NS44NSIgaXNtYWNoaW5lPSIxIiBzZXNzaW9uaWQ9IntGNEVDRDczOS01QjcxLTRENzctODFCRC1BRkY1MjIyNEMzQTN9IiB1c2VyaWQ9Ins5RDcyOUUxMS02MDJBLTRCNzktOTg2NS0xOEY2QzA4MUZFNjl9IiBpbnN0YWxsc291cmNlPSJzY2hlZHVsZXIiIHJlcXVlc3RpZD0iezU2QzhEOUE4LURGRDctNDg5NC1BOTdELTk2RDg4MUU0MjE1Qn0iIGRlZHVwPSJjciIgZG9tYWluam9pbmVkPSIwIj48aHcgbG9naWNhbF9jcHVzPSI0IiBwaHlzbWVtb3J5PSI4IiBkaXNrX3R5cGU9IjIiIHNzZT0iMSIgc3NlMj0iMSIgc3NlMz0iMSIgc3NzZTM9IjEiIHNzZTQxPSIxIiBzc2U0Mj0iMSIgYXZ4PSIxIi8-PG9zIHBsYXRmb3JtPSJ3aW4iIHZlcnNpb249IjEwLjAuMjI2MjEuMjI4MyIgc3A9IiIgYXJjaD0ieDY0IiBwcm9kdWN0X3R5cGU9IjcyIiBvc19yZWdpb25fbmFtZT0iVVMiIG9zX3JlZ2lvbl9uYXRpb249IjI0NCIgb3NfcmVnaW9uX2RtYT0iMCIgaXNfd2lwPSIwIiBpc19pbl9sb2NrZG93bl9tb2RlPSIwIi8-PG9lbSBwcm9kdWN0X21hbnVmYWN0dXJlcj0iVk13YXJlLCBJbmMuIiBwcm9kdWN0X25hbWU9IlZNd2FyZTcsMSIvPjxleHAgZXRhZz0iJnF1b3Q7cjQ1MnQxK2syVGdxL0hYemp2Rk5CUmhvcEJXUjlzYmpYeHFlVURIOXVYMD0mcXVvdDsiLz48YXBwIGFwcGlkPSJ7RjNDNEZFMDAtRUZENS00MDNCLTk1NjktMzk4QTIwRjFCQTRBfSIgdmVyc2lvbj0iMS4zLjE4MS41IiBuZXh0dmVyc2lvbj0iIiBsYW5nPSIiIGJyYW5kPSJJTkJYIiBjbGllbnQ9IiIgaW5zdGFsbGFnZT0iOTkiIGNvaG9ydD0icnJmQDAuMTIiPjx1cGRhdGVjaGVjay8-PHBpbmcgcj0iMSIgcmQ9IjYyMDQiIHBpbmdfZnJlc2huZXNzPSJ7NDhBRDk3MTMtMzFGQy00MDFBLThFREUtRUY0MzRDMEUyODE3fSIvPjwvYXBwPjxhcHAgYXBwaWQ9Ins1NkVCMThGOC1CMDA4LTRDQkQtQjZEMi04Qzk3RkU3RTkwNjJ9IiB2ZXJzaW9uPSIxMjAuMC4yMjEwLjkxIiBuZXh0dmVyc2lvbj0iIiBsYW5nPSIiIGJyYW5kPSJJTkJYIiBjbGllbnQ9IiIgZXhwZXJpbWVudHM9ImNvbnNlbnQ9ZmFsc2UiIGNvaG9ydD0icnJmQDAuMDEiIG9vYmVfaW5zdGFsbF90aW1lPSIxODQ0Njc0NDA3MzcwOTU1MTYwNiIgdXBkYXRlX2NvdW50PSIzIiBpc19waW5uZWRfc3lzdGVtPSJ0cnVlIiBsYXN0X2xhdW5jaF9jb3VudD0iMSIgbGFzdF9sYXVuY2hfdGltZT0iMTMzNDgxOTQ2NDA1MTA2NTEwIiBmaXJzdF9mcmVfc2Vlbl90aW1lPSIxMzM0ODE5NDI3MDAxNjgwOTAiIGZpcnN0X2ZyZV9zZWVuX3ZlcnNpb249IjExNy4wLjIwNDUuMzUiPjx1cGRhdGVjaGVjay8-PHBpbmcgYWN0aXZlPSIxIiBhPSIxIiByPSIxIiBhZD0iNjIwNCIgcmQ9IjYyMDQiIHBpbmdfZnJlc2huZXNzPSJ7N0QwREI3OTgtMUM1My00MUJDLUEwM0YtN0JBMTk4MjcyNTQ0fSIvPjwvYXBwPjxhcHAgYXBwaWQ9IntGMzAxNzIyNi1GRTJBLTQyOTUtOEJERi0wMEMzQTlBN0U0QzV9IiB2ZXJzaW9uPSIxMjAuMC4yMjEwLjkxIiBuZXh0dmVyc2lvbj0iIiBsYW5nPSIiIGJyYW5kPSJJTkJYIiBjbGllbnQ9IiIgZXhwZXJpbWVudHM9ImNvbnNlbnQ9ZmFsc2UiIGNvaG9ydD0icnJmQDAuNzQiIHVwZGF0ZV9jb3VudD0iMiIgbGFzdF9sYXVuY2hfY291bnQ9IjEiIGxhc3RfbGF1bmNoX3RpbWU9IjEzMzQ4MTk0NDI0NDg1MDgzMCI-PHVwZGF0ZWNoZWNrLz48cGluZyBhY3RpdmU9IjAiIHI9IjEiIHJkPSI2MjA0IiBwaW5nX2ZyZXNobmVzcz0ie0M2MEIzQkFBLTZFN0EtNDVBRS1BNzFDLTE5MjJDNzJFNzNFQX0iLz48L2FwcD48L3JlcXVlc3Q-",Microsoft Corporation,WinDev2309Eval,,C:\Program Files (x86)\Microsoft\EdgeUpdate\1.3.181.5\,Microsoft Edge Update,,,,,,,1,9460,,1.3.155.85,"MD5=A4FC8EC5BC41C41918B0C1541E4E4BE6,SHA256=54545F352215A9C0F370A01980AADCD5749A93589931662D89A974D7BD60F476,IMPHASH=E00D60405A249A05D3B09AA7FE924B17",C:\Program Files (x86)\Microsoft\EdgeUpdate\MicrosoftEdgeUpdate.exe,,System,0x8000000000000000,Information,{fda94052-34eb-658d-e703-000000000000},0x3e7,"Process Create:

RuleName: -

UtcTime: 2023-12-28 10:51:38.924

ProcessGuid: {fda94052-533a-658d-6e02-000000000b00}

ProcessId: 3616

Image: C:\Program Files (x86)\Microsoft\EdgeUpdate\MicrosoftEdgeUpdate.exe

FileVersion: 1.3.155.85

Description: Microsoft Edge Update

Product: Microsoft Edge Update

Company: Microsoft Corporation

OriginalFileName: msedgeupdate.dll

CommandLine: ""C:\Program Files (x86)\Microsoft\EdgeUpdate\MicrosoftEdgeUpdate.exe"" /ping PD94bWwgdmVyc2lvbj0iMS4wIiBlbmNvZGluZz0iVVRGLTgiPz48cmVxdWVzdCBwcm90b2NvbD0iMy4wIiB1cGRhdGVyPSJPbWFoYSIgdXBkYXRlcnZlcnNpb249IjEuMy4xODEuNSIgc2hlbGxfdmVyc2lvbj0iMS4zLjE1NS44NSIgaXNtYWNoaW5lPSIxIiBzZXNzaW9uaWQ9IntGNEVDRDczOS01QjcxLTRENzctODFCRC1BRkY1MjIyNEMzQTN9IiB1c2VyaWQ9Ins5RDcyOUUxMS02MDJBLTRCNzktOTg2NS0xOEY2QzA4MUZFNjl9IiBpbnN0YWxsc291cmNlPSJzY2hlZHVsZXIiIHJlcXVlc3RpZD0iezU2QzhEOUE4LURGRDctNDg5NC1BOTdELTk2RDg4MUU0MjE1Qn0iIGRlZHVwPSJjciIgZG9tYWluam9pbmVkPSIwIj48aHcgbG9naWNhbF9jcHVzPSI0IiBwaHlzbWVtb3J5PSI4IiBkaXNrX3R5cGU9IjIiIHNzZT0iMSIgc3NlMj0iMSIgc3NlMz0iMSIgc3NzZTM9IjEiIHNzZTQxPSIxIiBzc2U0Mj0iMSIgYXZ4PSIxIi8-PG9zIHBsYXRmb3JtPSJ3aW4iIHZlcnNpb249IjEwLjAuMjI2MjEuMjI4MyIgc3A9IiIgYXJjaD0ieDY0IiBwcm9kdWN0X3R5cGU9IjcyIiBvc19yZWdpb25fbmFtZT0iVVMiIG9zX3JlZ2lvbl9uYXRpb249IjI0NCIgb3NfcmVnaW9uX2RtYT0iMCIgaXNfd2lwPSIwIiBpc19pbl9sb2NrZG93bl9tb2RlPSIwIi8-PG9lbSBwcm9kdWN0X21hbnVmYWN0dXJlcj0iVk13YXJlLCBJbmMuIiBwcm9kdWN0X25hbWU9IlZNd2FyZTcsMSIvPjxleHAgZXRhZz0iJnF1b3Q7cjQ1MnQxK2syVGdxL0hYemp2Rk5CUmhvcEJXUjlzYmpYeHFlVURIOXVYMD0mcXVvdDsiLz48YXBwIGFwcGlkPSJ7RjNDNEZFMDAtRUZENS00MDNCLTk1NjktMzk4QTIwRjFCQTRBfSIgdmVyc2lvbj0iMS4zLjE4MS41IiBuZXh0dmVyc2lvbj0iIiBsYW5nPSIiIGJyYW5kPSJJTkJYIiBjbGllbnQ9IiIgaW5zdGFsbGFnZT0iOTkiIGNvaG9ydD0icnJmQDAuMTIiPjx1cGRhdGVjaGVjay8-PHBpbmcgcj0iMSIgcmQ9IjYyMDQiIHBpbmdfZnJlc2huZXNzPSJ7NDhBRDk3MTMtMzFGQy00MDFBLThFREUtRUY0MzRDMEUyODE3fSIvPjwvYXBwPjxhcHAgYXBwaWQ9Ins1NkVCMThGOC1CMDA4LTRDQkQtQjZEMi04Qzk3RkU3RTkwNjJ9IiB2ZXJzaW9uPSIxMjAuMC4yMjEwLjkxIiBuZXh0dmVyc2lvbj0iIiBsYW5nPSIiIGJyYW5kPSJJTkJYIiBjbGllbnQ9IiIgZXhwZXJpbWVudHM9ImNvbnNlbnQ9ZmFsc2UiIGNvaG9ydD0icnJmQDAuMDEiIG9vYmVfaW5zdGFsbF90aW1lPSIxODQ0Njc0NDA3MzcwOTU1MTYwNiIgdXBkYXRlX2NvdW50PSIzIiBpc19waW5uZWRfc3lzdGVtPSJ0cnVlIiBsYXN0X2xhdW5jaF9jb3VudD0iMSIgbGFzdF9sYXVuY2hfdGltZT0iMTMzNDgxOTQ2NDA1MTA2NTEwIiBmaXJzdF9mcmVfc2Vlbl90aW1lPSIxMzM0ODE5NDI3MDAxNjgwOTAiIGZpcnN0X2ZyZV9zZWVuX3ZlcnNpb249IjExNy4wLjIwNDUuMzUiPjx1cGRhdGVjaGVjay8-PHBpbmcgYWN0aXZlPSIxIiBhPSIxIiByPSIxIiBhZD0iNjIwNCIgcmQ9IjYyMDQiIHBpbmdfZnJlc2huZXNzPSJ7N0QwREI3OTgtMUM1My00MUJDLUEwM0YtN0JBMTk4MjcyNTQ0fSIvPjwvYXBwPjxhcHAgYXBwaWQ9IntGMzAxNzIyNi1GRTJBLTQyOTUtOEJERi0wMEMzQTlBN0U0QzV9IiB2ZXJzaW9uPSIxMjAuMC4yMjEwLjkxIiBuZXh0dmVyc2lvbj0iIiBsYW5nPSIiIGJyYW5kPSJJTkJYIiBjbGllbnQ9IiIgZXhwZXJpbWVudHM9ImNvbnNlbnQ9ZmFsc2UiIGNvaG9ydD0icnJmQDAuNzQiIHVwZGF0ZV9jb3VudD0iMiIgbGFzdF9sYXVuY2hfY291bnQ9IjEiIGxhc3RfbGF1bmNoX3RpbWU9IjEzMzQ4MTk0NDI0NDg1MDgzMCI-PHVwZGF0ZWNoZWNrLz48cGluZyBhY3RpdmU9IjAiIHI9IjEiIHJkPSI2MjA0IiBwaW5nX2ZyZXNobmVzcz0ie0M2MEIzQkFBLTZFN0EtNDVBRS1BNzFDLTE5MjJDNzJFNzNFQX0iLz48L2FwcD48L3JlcXVlc3Q-

CurrentDirectory: C:\Program Files (x86)\Microsoft\EdgeUpdate\1.3.181.5\

User: NT AUTHORITY\SYSTEM

LogonGuid: {fda94052-34eb-658d-e703-000000000000}

LogonId: 0x3E7

TerminalSessionId: 0

IntegrityLevel: System

Hashes: MD5=A4FC8EC5BC41C41918B0C1541E4E4BE6,SHA256=54545F352215A9C0F370A01980AADCD5749A93589931662D89A974D7BD60F476,IMPHASH=E00D60405A249A05D3B09AA7FE924B17

ParentProcessGuid: {fda94052-5339-658d-6d02-000000000b00}

ParentProcessId: 7412

ParentImage: C:\Program Files (x86)\Microsoft\EdgeUpdate\MicrosoftEdgeUpdate.exe

ParentCommandLine: ""C:\Program Files (x86)\Microsoft\EdgeUpdate\MicrosoftEdgeUpdate.exe"" /svc

ParentUser: NT AUTHORITY\SYSTEM",Info,msedgeupdate.dll,"""C:\Program Files (x86)\Microsoft\EdgeUpdate\MicrosoftEdgeUpdate.exe"" /svc",C:\Program Files (x86)\Microsoft\EdgeUpdate\MicrosoftEdgeUpdate.exe,{fda94052-5339-658d-6d02-000000000b00},7412,NT AUTHORITY\SYSTEM,{fda94052-533a-658d-6e02-000000000b00},7044,3616,Microsoft Edge Update,,,,,"
      ",-,,,,,,2023-12-28T10:51:38.9257058Z,,,Process Create (rule: ProcessCreate),0,6672,NT AUTHORITY\SYSTEM,S-1-5-18,2023-12-28 10:51:38.924,5,"<Event xmlns=""http://schemas.microsoft.com/win/2004/08/events/event"">
    <System>
      <Provider Name=""Microsoft-Windows-Sysmon"" Guid=""{5770385f-c22a-43e0-bf4c-06f5698ffbd9}""/>
      <EventID>1</EventID>
      <Version>5</Version>
      <Level>4</Level>
      <Task>1</Task>
      <Opcode>0</Opcode>
      <Keywords>0x8000000000000000</Keywords>
      <TimeCreated SystemTime=""2023-12-28T10:51:38.9257058Z""/>
      <EventRecordID>9460</EventRecordID>
      <Correlation/>
      <Execution ProcessID=""7044"" ThreadID=""6672""/>
      <Channel>Microsoft-Windows-Sysmon/Operational</Channel>
      <Computer>WinDev2309Eval</Computer>
      <Security UserID=""S-1-5-18""/>
    </System>
    <EventData>
      <Data Name=""RuleName"">-</Data>
      <Data Name=""UtcTime"">2023-12-28 10:51:38.924</Data>
      <Data Name=""ProcessGuid"">{fda94052-533a-658d-6e02-000000000b00}</Data>
      <Data Name=""ProcessId"">3616</Data>
      <Data Name=""Image"">C:\Program Files (x86)\Microsoft\EdgeUpdate\MicrosoftEdgeUpdate.exe</Data>
      <Data Name=""FileVersion"">1.3.155.85</Data>
      <Data Name=""Description"">Microsoft Edge Update</Data>
      <Data Name=""Product"">Microsoft Edge Update</Data>
      <Data Name=""Company"">Microsoft Corporation</Data>
      <Data Name=""OriginalFileName"">msedgeupdate.dll</Data>
      <Data Name=""CommandLine"">""C:\Program Files (x86)\Microsoft\EdgeUpdate\MicrosoftEdgeUpdate.exe"" /ping PD94bWwgdmVyc2lvbj0iMS4wIiBlbmNvZGluZz0iVVRGLTgiPz48cmVxdWVzdCBwcm90b2NvbD0iMy4wIiB1cGRhdGVyPSJPbWFoYSIgdXBkYXRlcnZlcnNpb249IjEuMy4xODEuNSIgc2hlbGxfdmVyc2lvbj0iMS4zLjE1NS44NSIgaXNtYWNoaW5lPSIxIiBzZXNzaW9uaWQ9IntGNEVDRDczOS01QjcxLTRENzctODFCRC1BRkY1MjIyNEMzQTN9IiB1c2VyaWQ9Ins5RDcyOUUxMS02MDJBLTRCNzktOTg2NS0xOEY2QzA4MUZFNjl9IiBpbnN0YWxsc291cmNlPSJzY2hlZHVsZXIiIHJlcXVlc3RpZD0iezU2QzhEOUE4LURGRDctNDg5NC1BOTdELTk2RDg4MUU0MjE1Qn0iIGRlZHVwPSJjciIgZG9tYWluam9pbmVkPSIwIj48aHcgbG9naWNhbF9jcHVzPSI0IiBwaHlzbWVtb3J5PSI4IiBkaXNrX3R5cGU9IjIiIHNzZT0iMSIgc3NlMj0iMSIgc3NlMz0iMSIgc3NzZTM9IjEiIHNzZTQxPSIxIiBzc2U0Mj0iMSIgYXZ4PSIxIi8-PG9zIHBsYXRmb3JtPSJ3aW4iIHZlcnNpb249IjEwLjAuMjI2MjEuMjI4MyIgc3A9IiIgYXJjaD0ieDY0IiBwcm9kdWN0X3R5cGU9IjcyIiBvc19yZWdpb25fbmFtZT0iVVMiIG9zX3JlZ2lvbl9uYXRpb249IjI0NCIgb3NfcmVnaW9uX2RtYT0iMCIgaXNfd2lwPSIwIiBpc19pbl9sb2NrZG93bl9tb2RlPSIwIi8-PG9lbSBwcm9kdWN0X21hbnVmYWN0dXJlcj0iVk13YXJlLCBJbmMuIiBwcm9kdWN0X25hbWU9IlZNd2FyZTcsMSIvPjxleHAgZXRhZz0iJnF1b3Q7cjQ1MnQxK2syVGdxL0hYemp2Rk5CUmhvcEJXUjlzYmpYeHFlVURIOXVYMD0mcXVvdDsiLz48YXBwIGFwcGlkPSJ7RjNDNEZFMDAtRUZENS00MDNCLTk1NjktMzk4QTIwRjFCQTRBfSIgdmVyc2lvbj0iMS4zLjE4MS41IiBuZXh0dmVyc2lvbj0iIiBsYW5nPSIiIGJyYW5kPSJJTkJYIiBjbGllbnQ9IiIgaW5zdGFsbGFnZT0iOTkiIGNvaG9ydD0icnJmQDAuMTIiPjx1cGRhdGVjaGVjay8-PHBpbmcgcj0iMSIgcmQ9IjYyMDQiIHBpbmdfZnJlc2huZXNzPSJ7NDhBRDk3MTMtMzFGQy00MDFBLThFREUtRUY0MzRDMEUyODE3fSIvPjwvYXBwPjxhcHAgYXBwaWQ9Ins1NkVCMThGOC1CMDA4LTRDQkQtQjZEMi04Qzk3RkU3RTkwNjJ9IiB2ZXJzaW9uPSIxMjAuMC4yMjEwLjkxIiBuZXh0dmVyc2lvbj0iIiBsYW5nPSIiIGJyYW5kPSJJTkJYIiBjbGllbnQ9IiIgZXhwZXJpbWVudHM9ImNvbnNlbnQ9ZmFsc2UiIGNvaG9ydD0icnJmQDAuMDEiIG9vYmVfaW5zdGFsbF90aW1lPSIxODQ0Njc0NDA3MzcwOTU1MTYwNiIgdXBkYXRlX2NvdW50PSIzIiBpc19waW5uZWRfc3lzdGVtPSJ0cnVlIiBsYXN0X2xhdW5jaF9jb3VudD0iMSIgbGFzdF9sYXVuY2hfdGltZT0iMTMzNDgxOTQ2NDA1MTA2NTEwIiBmaXJzdF9mcmVfc2Vlbl90aW1lPSIxMzM0ODE5NDI3MDAxNjgwOTAiIGZpcnN0X2ZyZV9zZWVuX3ZlcnNpb249IjExNy4wLjIwNDUuMzUiPjx1cGRhdGVjaGVjay8-PHBpbmcgYWN0aXZlPSIxIiBhPSIxIiByPSIxIiBhZD0iNjIwNCIgcmQ9IjYyMDQiIHBpbmdfZnJlc2huZXNzPSJ7N0QwREI3OTgtMUM1My00MUJDLUEwM0YtN0JBMTk4MjcyNTQ0fSIvPjwvYXBwPjxhcHAgYXBwaWQ9IntGMzAxNzIyNi1GRTJBLTQyOTUtOEJERi0wMEMzQTlBN0U0QzV9IiB2ZXJzaW9uPSIxMjAuMC4yMjEwLjkxIiBuZXh0dmVyc2lvbj0iIiBsYW5nPSIiIGJyYW5kPSJJTkJYIiBjbGllbnQ9IiIgZXhwZXJpbWVudHM9ImNvbnNlbnQ9ZmFsc2UiIGNvaG9ydD0icnJmQDAuNzQiIHVwZGF0ZV9jb3VudD0iMiIgbGFzdF9sYXVuY2hfY291bnQ9IjEiIGxhc3RfbGF1bmNoX3RpbWU9IjEzMzQ4MTk0NDI0NDg1MDgzMCI-PHVwZGF0ZWNoZWNrLz48cGluZyBhY3RpdmU9IjAiIHI9IjEiIHJkPSI2MjA0IiBwaW5nX2ZyZXNobmVzcz0ie0M2MEIzQkFBLTZFN0EtNDVBRS1BNzFDLTE5MjJDNzJFNzNFQX0iLz48L2FwcD48L3JlcXVlc3Q-</Data>
      <Data Name=""CurrentDirectory"">C:\Program Files (x86)\Microsoft\EdgeUpdate\1.3.181.5\</Data>
      <Data Name=""User"">NT AUTHORITY\SYSTEM</Data>
      <Data Name=""LogonGuid"">{fda94052-34eb-658d-e703-000000000000}</Data>
      <Data Name=""LogonId"">0x3e7</Data>
      <Data Name=""TerminalSessionId"">0</Data>
      <Data Name=""IntegrityLevel"">System</Data>
      <Data Name=""Hashes"">MD5=A4FC8EC5BC41C41918B0C1541E4E4BE6,SHA256=54545F352215A9C0F370A01980AADCD5749A93589931662D89A974D7BD60F476,IMPHASH=E00D60405A249A05D3B09AA7FE924B17</Data>
      <Data Name=""ParentProcessGuid"">{fda94052-5339-658d-6d02-000000000b00}</Data>
      <Data Name=""ParentProcessId"">7412</Data>
      <Data Name=""ParentImage"">C:\Program Files (x86)\Microsoft\EdgeUpdate\MicrosoftEdgeUpdate.exe</Data>
      <Data Name=""ParentCommandLine"">""C:\Program Files (x86)\Microsoft\EdgeUpdate\MicrosoftEdgeUpdate.exe"" /svc</Data>
      <Data Name=""ParentUser"">NT AUTHORITY\SYSTEM</Data>
    </EventData>
    <RenderingInfo Culture=""en-US"">
      <Message>Process Create:

RuleName: -

UtcTime: 2023-12-28 10:51:38.924

ProcessGuid: {fda94052-533a-658d-6e02-000000000b00}

ProcessId: 3616

Image: C:\Program Files (x86)\Microsoft\EdgeUpdate\MicrosoftEdgeUpdate.exe

FileVersion: 1.3.155.85

Description: Microsoft Edge Update

Product: Microsoft Edge Update

Company: Microsoft Corporation

OriginalFileName: msedgeupdate.dll

CommandLine: ""C:\Program Files (x86)\Microsoft\EdgeUpdate\MicrosoftEdgeUpdate.exe"" /ping PD94bWwgdmVyc2lvbj0iMS4wIiBlbmNvZGluZz0iVVRGLTgiPz48cmVxdWVzdCBwcm90b2NvbD0iMy4wIiB1cGRhdGVyPSJPbWFoYSIgdXBkYXRlcnZlcnNpb249IjEuMy4xODEuNSIgc2hlbGxfdmVyc2lvbj0iMS4zLjE1NS44NSIgaXNtYWNoaW5lPSIxIiBzZXNzaW9uaWQ9IntGNEVDRDczOS01QjcxLTRENzctODFCRC1BRkY1MjIyNEMzQTN9IiB1c2VyaWQ9Ins5RDcyOUUxMS02MDJBLTRCNzktOTg2NS0xOEY2QzA4MUZFNjl9IiBpbnN0YWxsc291cmNlPSJzY2hlZHVsZXIiIHJlcXVlc3RpZD0iezU2QzhEOUE4LURGRDctNDg5NC1BOTdELTk2RDg4MUU0MjE1Qn0iIGRlZHVwPSJjciIgZG9tYWluam9pbmVkPSIwIj48aHcgbG9naWNhbF9jcHVzPSI0IiBwaHlzbWVtb3J5PSI4IiBkaXNrX3R5cGU9IjIiIHNzZT0iMSIgc3NlMj0iMSIgc3NlMz0iMSIgc3NzZTM9IjEiIHNzZTQxPSIxIiBzc2U0Mj0iMSIgYXZ4PSIxIi8-PG9zIHBsYXRmb3JtPSJ3aW4iIHZlcnNpb249IjEwLjAuMjI2MjEuMjI4MyIgc3A9IiIgYXJjaD0ieDY0IiBwcm9kdWN0X3R5cGU9IjcyIiBvc19yZWdpb25fbmFtZT0iVVMiIG9zX3JlZ2lvbl9uYXRpb249IjI0NCIgb3NfcmVnaW9uX2RtYT0iMCIgaXNfd2lwPSIwIiBpc19pbl9sb2NrZG93bl9tb2RlPSIwIi8-PG9lbSBwcm9kdWN0X21hbnVmYWN0dXJlcj0iVk13YXJlLCBJbmMuIiBwcm9kdWN0X25hbWU9IlZNd2FyZTcsMSIvPjxleHAgZXRhZz0iJnF1b3Q7cjQ1MnQxK2syVGdxL0hYemp2Rk5CUmhvcEJXUjlzYmpYeHFlVURIOXVYMD0mcXVvdDsiLz48YXBwIGFwcGlkPSJ7RjNDNEZFMDAtRUZENS00MDNCLTk1NjktMzk4QTIwRjFCQTRBfSIgdmVyc2lvbj0iMS4zLjE4MS41IiBuZXh0dmVyc2lvbj0iIiBsYW5nPSIiIGJyYW5kPSJJTkJYIiBjbGllbnQ9IiIgaW5zdGFsbGFnZT0iOTkiIGNvaG9ydD0icnJmQDAuMTIiPjx1cGRhdGVjaGVjay8-PHBpbmcgcj0iMSIgcmQ9IjYyMDQiIHBpbmdfZnJlc2huZXNzPSJ7NDhBRDk3MTMtMzFGQy00MDFBLThFREUtRUY0MzRDMEUyODE3fSIvPjwvYXBwPjxhcHAgYXBwaWQ9Ins1NkVCMThGOC1CMDA4LTRDQkQtQjZEMi04Qzk3RkU3RTkwNjJ9IiB2ZXJzaW9uPSIxMjAuMC4yMjEwLjkxIiBuZXh0dmVyc2lvbj0iIiBsYW5nPSIiIGJyYW5kPSJJTkJYIiBjbGllbnQ9IiIgZXhwZXJpbWVudHM9ImNvbnNlbnQ9ZmFsc2UiIGNvaG9ydD0icnJmQDAuMDEiIG9vYmVfaW5zdGFsbF90aW1lPSIxODQ0Njc0NDA3MzcwOTU1MTYwNiIgdXBkYXRlX2NvdW50PSIzIiBpc19waW5uZWRfc3lzdGVtPSJ0cnVlIiBsYXN0X2xhdW5jaF9jb3VudD0iMSIgbGFzdF9sYXVuY2hfdGltZT0iMTMzNDgxOTQ2NDA1MTA2NTEwIiBmaXJzdF9mcmVfc2Vlbl90aW1lPSIxMzM0ODE5NDI3MDAxNjgwOTAiIGZpcnN0X2ZyZV9zZWVuX3ZlcnNpb249IjExNy4wLjIwNDUuMzUiPjx1cGRhdGVjaGVjay8-PHBpbmcgYWN0aXZlPSIxIiBhPSIxIiByPSIxIiBhZD0iNjIwNCIgcmQ9IjYyMDQiIHBpbmdfZnJlc2huZXNzPSJ7N0QwREI3OTgtMUM1My00MUJDLUEwM0YtN0JBMTk4MjcyNTQ0fSIvPjwvYXBwPjxhcHAgYXBwaWQ9IntGMzAxNzIyNi1GRTJBLTQyOTUtOEJERi0wMEMzQTlBN0U0QzV9IiB2ZXJzaW9uPSIxMjAuMC4yMjEwLjkxIiBuZXh0dmVyc2lvbj0iIiBsYW5nPSIiIGJyYW5kPSJJTkJYIiBjbGllbnQ9IiIgZXhwZXJpbWVudHM9ImNvbnNlbnQ9ZmFsc2UiIGNvaG9ydD0icnJmQDAuNzQiIHVwZGF0ZV9jb3VudD0iMiIgbGFzdF9sYXVuY2hfY291bnQ9IjEiIGxhc3RfbGF1bmNoX3RpbWU9IjEzMzQ4MTk0NDI0NDg1MDgzMCI-PHVwZGF0ZWNoZWNrLz48cGluZyBhY3RpdmU9IjAiIHI9IjEiIHJkPSI2MjA0IiBwaW5nX2ZyZXNobmVzcz0ie0M2MEIzQkFBLTZFN0EtNDVBRS1BNzFDLTE5MjJDNzJFNzNFQX0iLz48L2FwcD48L3JlcXVlc3Q-

CurrentDirectory: C:\Program Files (x86)\Microsoft\EdgeUpdate\1.3.181.5\

User: NT AUTHORITY\SYSTEM

LogonGuid: {fda94052-34eb-658d-e703-000000000000}

LogonId: 0x3E7

TerminalSessionId: 0

IntegrityLevel: System

Hashes: MD5=A4FC8EC5BC41C41918B0C1541E4E4BE6,SHA256=54545F352215A9C0F370A01980AADCD5749A93589931662D89A974D7BD60F476,IMPHASH=E00D60405A249A05D3B09AA7FE924B17

ParentProcessGuid: {fda94052-5339-658d-6d02-000000000b00}

ParentProcessId: 7412

ParentImage: C:\Program Files (x86)\Microsoft\EdgeUpdate\MicrosoftEdgeUpdate.exe

ParentCommandLine: ""C:\Program Files (x86)\Microsoft\EdgeUpdate\MicrosoftEdgeUpdate.exe"" /svc

ParentUser: NT AUTHORITY\SYSTEM</Message>
      <Level>Information</Level>
      <Task>Process Create (rule: ProcessCreate)</Task>
      <Opcode>Info</Opcode>
    </RenderingInfo>
  </Event>
  
"
