Microsoft-Windows-Sysmon/Operational,,,WinDev2309Eval,,,,-,52.113.194.132,false,443,https,,3,9448,,,,C:\Users\User\AppData\Local\Microsoft\OneDrive\OneDriveStandaloneUpdater.exe,true,,0x8000000000000000,Information,,,"Network connection detected:

RuleName: Usermode

UtcTime: 2023-12-27 23:54:06.580

ProcessGuid: {fda94052-54bb-658d-5702-000000000b00}

ProcessId: 660

Image: C:\Users\User\AppData\Local\Microsoft\OneDrive\OneDriveStandaloneUpdater.exe

User: WINDEV2309EVAL\User

Protocol: tcp

Initiated: true

SourceIsIpv6: false

SourceIp: 192.168.126.164

SourceHostname: WinDev2309Eval.localdomain

SourcePort: 59332

SourcePortName: -

DestinationIsIpv6: false

DestinationIp: 52.113.194.132

DestinationHostname: -

DestinationPort: 443

DestinationPortName: https",Info,,,,,,,{fda94052-54bb-658d-5702-000000000b00},7044,660,,tcp,,,,"
      ",Usermode,WinDev2309Eval.localdomain,192.168.126.164,false,59332,-,2023-12-28T10:58:10.6247586Z,,,Network connection detected (rule: NetworkConnect),,5204,WINDEV2309EVAL\User,S-1-5-18,2023-12-27 23:54:06.580,5,"<Event xmlns=""http://schemas.microsoft.com/win/2004/08/events/event"">
    <System>
      <Provider Name=""Microsoft-Windows-Sysmon"" Guid=""{5770385f-c22a-43e0-bf4c-06f5698ffbd9}""/>
      <EventID>3</EventID>
      <Version>5</Version>
      <Level>4</Level>
      <Task>3</Task>
      <Opcode>0</Opcode>
      <Keywords>0x8000000000000000</Keywords>
      <TimeCreated SystemTime=""2023-12-28T10:58:10.6247586Z""/>
      <EventRecordID>9448</EventRecordID>
      <Correlation/>
      <Execution ProcessID=""7044"" ThreadID=""5204""/>
      <Channel>Microsoft-Windows-Sysmon/Operational</Channel>
      <Computer>WinDev2309Eval</Computer>
      <Security UserID=""S-1-5-18""/>
    </System>
    <EventData>
      <Data Name=""RuleName"">Usermode</Data>
      <Data Name=""UtcTime"">2023-12-27 23:54:06.580</Data>
      <Data Name=""ProcessGuid"">{fda94052-54bb-658d-5702-000000000b00}</Data>
      <Data Name=""ProcessId"">660</Data>
      <Data Name=""Image"">C:\Users\User\AppData\Local\Microsoft\OneDrive\OneDriveStandaloneUpdater.exe</Data>
      <Data Name=""User"">WINDEV2309EVAL\User</Data>
      <Data Name=""Protocol"">tcp</Data>
      <Data Name=""Initiated"">true</Data>
      <Data Name=""SourceIsIpv6"">false</Data>
      <Data Name=""SourceIp"">192.168.126.164</Data>
      <Data Name=""SourceHostname"">WinDev2309Eval.localdomain</Data>
      <Data Name=""SourcePort"">59332</Data>
      <Data Name=""SourcePortName"">-</Data>
      <Data Name=""DestinationIsIpv6"">false</Data>
      <Data Name=""DestinationIp"">52.113.194.132</Data>
      <Data Name=""DestinationHostname"">-</Data>
      <Data Name=""DestinationPort"">443</Data>
      <Data Name=""DestinationPortName"">https</Data>
    </EventData>
    <RenderingInfo Culture=""en-US"">
      <Message>Network connection detected:

RuleName: Usermode

UtcTime: 2023-12-27 23:54:06.580

ProcessGuid: {fda94052-54bb-658d-5702-000000000b00}

ProcessId: 660

Image: C:\Users\User\AppData\Local\Microsoft\OneDrive\OneDriveStandaloneUpdater.exe

User: WINDEV2309EVAL\User

Protocol: tcp

Initiated: true

SourceIsIpv6: false

SourceIp: 192.168.126.164

SourceHostname: WinDev2309Eval.localdomain

SourcePort: 59332

SourcePortName: -

DestinationIsIpv6: false

DestinationIp: 52.113.194.132

DestinationHostname: -

DestinationPort: 443

DestinationPortName: https</Message>
      <Level>Information</Level>
      <Task>Network connection detected (rule: NetworkConnect)</Task>
      <Opcode>Info</Opcode>
    </RenderingInfo>
  </Event>
  
"
Microsoft-Windows-Sysmon/Operational,,,WinDev2309Eval,,,,,,,,,,22,9447,,,,C:\Windows\system32\backgroundTaskHost.exe,,,0x8000000000000000,Information,,,"Dns query:

RuleName: -

UtcTime: 2023-12-27 23:54:06.762

ProcessGuid: {fda94052-54ba-658d-5202-000000000b00}

ProcessId: 2836

QueryName: da.xboxservices.com

QueryStatus: 0

QueryResults: type: 5 xbet-afd-prod-hkc2bwaka7a8gfeq.z01.azurefd.net;type: 5 star-azurefd-prod.trafficmanager.net;type: 5 shed.dual-low.part-0034.t-0009.t-msedge.net;type: 5 part-0034.t-0009.t-msedge.net;::ffff:13.107.246.62;::ffff:13.107.213.62;

Image: C:\Windows\system32\backgroundTaskHost.exe

User: WINDEV2309EVAL\User",Info,,,,,,,{fda94052-54ba-658d-5202-000000000b00},7044,2836,,,da.xboxservices.com,type: 5 xbet-afd-prod-hkc2bwaka7a8gfeq.z01.azurefd.net;type: 5 star-azurefd-prod.trafficmanager.net;type: 5 shed.dual-low.part-0034.t-0009.t-msedge.net;type: 5 part-0034.t-0009.t-msedge.net;::ffff:13.107.246.62;::ffff:13.107.213.62;,0,"
      ",-,,,,,,2023-12-28T10:58:09.5959266Z,,,Dns query (rule: DnsQuery),,1124,WINDEV2309EVAL\User,S-1-5-18,2023-12-27 23:54:06.762,5,"<Event xmlns=""http://schemas.microsoft.com/win/2004/08/events/event"">
    <System>
      <Provider Name=""Microsoft-Windows-Sysmon"" Guid=""{5770385f-c22a-43e0-bf4c-06f5698ffbd9}""/>
      <EventID>22</EventID>
      <Version>5</Version>
      <Level>4</Level>
      <Task>22</Task>
      <Opcode>0</Opcode>
      <Keywords>0x8000000000000000</Keywords>
      <TimeCreated SystemTime=""2023-12-28T10:58:09.5959266Z""/>
      <EventRecordID>9447</EventRecordID>
      <Correlation/>
      <Execution ProcessID=""7044"" ThreadID=""1124""/>
      <Channel>Microsoft-Windows-Sysmon/Operational</Channel>
      <Computer>WinDev2309Eval</Computer>
      <Security UserID=""S-1-5-18""/>
    </System>
    <EventData>
      <Data Name=""RuleName"">-</Data>
      <Data Name=""UtcTime"">2023-12-27 23:54:06.762</Data>
      <Data Name=""ProcessGuid"">{fda94052-54ba-658d-5202-000000000b00}</Data>
      <Data Name=""ProcessId"">2836</Data>
      <Data Name=""QueryName"">da.xboxservices.com</Data>
      <Data Name=""QueryStatus"">0</Data>
      <Data Name=""QueryResults"">type: 5 xbet-afd-prod-hkc2bwaka7a8gfeq.z01.azurefd.net;type: 5 star-azurefd-prod.trafficmanager.net;type: 5 shed.dual-low.part-0034.t-0009.t-msedge.net;type: 5 part-0034.t-0009.t-msedge.net;::ffff:13.107.246.62;::ffff:13.107.213.62;</Data>
      <Data Name=""Image"">C:\Windows\system32\backgroundTaskHost.exe</Data>
      <Data Name=""User"">WINDEV2309EVAL\User</Data>
    </EventData>
    <RenderingInfo Culture=""en-US"">
      <Message>Dns query:

RuleName: -

UtcTime: 2023-12-27 23:54:06.762

ProcessGuid: {fda94052-54ba-658d-5202-000000000b00}

ProcessId: 2836

QueryName: da.xboxservices.com

QueryStatus: 0

QueryResults: type: 5 xbet-afd-prod-hkc2bwaka7a8gfeq.z01.azurefd.net;type: 5 star-azurefd-prod.trafficmanager.net;type: 5 shed.dual-low.part-0034.t-0009.t-msedge.net;type: 5 part-0034.t-0009.t-msedge.net;::ffff:13.107.246.62;::ffff:13.107.213.62;

Image: C:\Windows\system32\backgroundTaskHost.exe

User: WINDEV2309EVAL\User</Message>
      <Level>Information</Level>
      <Task>Dns query (rule: DnsQuery)</Task>
      <Opcode>Info</Opcode>
    </RenderingInfo>
  </Event>
  
"
Microsoft-Windows-Sysmon/Operational,,,WinDev2309Eval,,,,,,,,,23.246.1127.2,13,9446,SetValue,,,C:\Windows\System32\svchost.exe,,,0x8000000000000000,Information,,,"Registry value set:

RuleName: InvDB-Ver

EventType: SetValue

UtcTime: 2023-12-28 10:58:09.452

ProcessGuid: {fda94052-34f3-658d-4e00-000000000b00}

ProcessId: 3628

Image: C:\Windows\System32\svchost.exe

TargetObject: \REGISTRY\A\{08d89634-9c6b-0ec0-e030-44e7987a6dbb}\Root\InventoryApplicationFile\onedrivestandalo|811858e92ded901e\BinProductVersion

Details: 23.246.1127.2

User: NT AUTHORITY\SYSTEM",Info,,,,,,,{fda94052-34f3-658d-4e00-000000000b00},7044,3628,,,,,,"
      ",InvDB-Ver,,,,,,2023-12-28T10:58:09.4601155Z,,\REGISTRY\A\{08d89634-9c6b-0ec0-e030-44e7987a6dbb}\Root\InventoryApplicationFile\onedrivestandalo|811858e92ded901e\BinProductVersion,Registry value set (rule: RegistryEvent),,6672,NT AUTHORITY\SYSTEM,S-1-5-18,2023-12-28 10:58:09.452,2,"<Event xmlns=""http://schemas.microsoft.com/win/2004/08/events/event"">
    <System>
      <Provider Name=""Microsoft-Windows-Sysmon"" Guid=""{5770385f-c22a-43e0-bf4c-06f5698ffbd9}""/>
      <EventID>13</EventID>
      <Version>2</Version>
      <Level>4</Level>
      <Task>13</Task>
      <Opcode>0</Opcode>
      <Keywords>0x8000000000000000</Keywords>
      <TimeCreated SystemTime=""2023-12-28T10:58:09.4601155Z""/>
      <EventRecordID>9446</EventRecordID>
      <Correlation/>
      <Execution ProcessID=""7044"" ThreadID=""6672""/>
      <Channel>Microsoft-Windows-Sysmon/Operational</Channel>
      <Computer>WinDev2309Eval</Computer>
      <Security UserID=""S-1-5-18""/>
    </System>
    <EventData>
      <Data Name=""RuleName"">InvDB-Ver</Data>
      <Data Name=""EventType"">SetValue</Data>
      <Data Name=""UtcTime"">2023-12-28 10:58:09.452</Data>
      <Data Name=""ProcessGuid"">{fda94052-34f3-658d-4e00-000000000b00}</Data>
      <Data Name=""ProcessId"">3628</Data>
      <Data Name=""Image"">C:\Windows\System32\svchost.exe</Data>
      <Data Name=""TargetObject"">\REGISTRY\A\{08d89634-9c6b-0ec0-e030-44e7987a6dbb}\Root\InventoryApplicationFile\onedrivestandalo|811858e92ded901e\BinProductVersion</Data>
      <Data Name=""Details"">23.246.1127.2</Data>
      <Data Name=""User"">NT AUTHORITY\SYSTEM</Data>
    </EventData>
    <RenderingInfo Culture=""en-US"">
      <Message>Registry value set:

RuleName: InvDB-Ver

EventType: SetValue

UtcTime: 2023-12-28 10:58:09.452

ProcessGuid: {fda94052-34f3-658d-4e00-000000000b00}

ProcessId: 3628

Image: C:\Windows\System32\svchost.exe

TargetObject: \REGISTRY\A\{08d89634-9c6b-0ec0-e030-44e7987a6dbb}\Root\InventoryApplicationFile\onedrivestandalo|811858e92ded901e\BinProductVersion

Details: 23.246.1127.2

User: NT AUTHORITY\SYSTEM</Message>
      <Level>Information</Level>
      <Task>Registry value set (rule: RegistryEvent)</Task>
      <Opcode>Info</Opcode>
    </RenderingInfo>
  </Event>
  
"
Microsoft-Windows-Sysmon/Operational,,,WinDev2309Eval,,,,,,,,,05/06/2046 18:31:29,13,9445,SetValue,,,C:\Windows\System32\svchost.exe,,,0x8000000000000000,Information,,,"Registry value set:

RuleName: InvDB-CompileTimeClaim

EventType: SetValue

UtcTime: 2023-12-28 10:58:09.452

ProcessGuid: {fda94052-34f3-658d-4e00-000000000b00}

ProcessId: 3628

Image: C:\Windows\System32\svchost.exe

TargetObject: \REGISTRY\A\{08d89634-9c6b-0ec0-e030-44e7987a6dbb}\Root\InventoryApplicationFile\onedrivestandalo|811858e92ded901e\LinkDate

Details: 05/06/2046 18:31:29

User: NT AUTHORITY\SYSTEM",Info,,,,,,,{fda94052-34f3-658d-4e00-000000000b00},7044,3628,,,,,,"
      ",InvDB-CompileTimeClaim,,,,,,2023-12-28T10:58:09.4600548Z,,\REGISTRY\A\{08d89634-9c6b-0ec0-e030-44e7987a6dbb}\Root\InventoryApplicationFile\onedrivestandalo|811858e92ded901e\LinkDate,Registry value set (rule: RegistryEvent),,6672,NT AUTHORITY\SYSTEM,S-1-5-18,2023-12-28 10:58:09.452,2,"<Event xmlns=""http://schemas.microsoft.com/win/2004/08/events/event"">
    <System>
      <Provider Name=""Microsoft-Windows-Sysmon"" Guid=""{5770385f-c22a-43e0-bf4c-06f5698ffbd9}""/>
      <EventID>13</EventID>
      <Version>2</Version>
      <Level>4</Level>
      <Task>13</Task>
      <Opcode>0</Opcode>
      <Keywords>0x8000000000000000</Keywords>
      <TimeCreated SystemTime=""2023-12-28T10:58:09.4600548Z""/>
      <EventRecordID>9445</EventRecordID>
      <Correlation/>
      <Execution ProcessID=""7044"" ThreadID=""6672""/>
      <Channel>Microsoft-Windows-Sysmon/Operational</Channel>
      <Computer>WinDev2309Eval</Computer>
      <Security UserID=""S-1-5-18""/>
    </System>
    <EventData>
      <Data Name=""RuleName"">InvDB-CompileTimeClaim</Data>
      <Data Name=""EventType"">SetValue</Data>
      <Data Name=""UtcTime"">2023-12-28 10:58:09.452</Data>
      <Data Name=""ProcessGuid"">{fda94052-34f3-658d-4e00-000000000b00}</Data>
      <Data Name=""ProcessId"">3628</Data>
      <Data Name=""Image"">C:\Windows\System32\svchost.exe</Data>
      <Data Name=""TargetObject"">\REGISTRY\A\{08d89634-9c6b-0ec0-e030-44e7987a6dbb}\Root\InventoryApplicationFile\onedrivestandalo|811858e92ded901e\LinkDate</Data>
      <Data Name=""Details"">05/06/2046 18:31:29</Data>
      <Data Name=""User"">NT AUTHORITY\SYSTEM</Data>
    </EventData>
    <RenderingInfo Culture=""en-US"">
      <Message>Registry value set:

RuleName: InvDB-CompileTimeClaim

EventType: SetValue

UtcTime: 2023-12-28 10:58:09.452

ProcessGuid: {fda94052-34f3-658d-4e00-000000000b00}

ProcessId: 3628

Image: C:\Windows\System32\svchost.exe

TargetObject: \REGISTRY\A\{08d89634-9c6b-0ec0-e030-44e7987a6dbb}\Root\InventoryApplicationFile\onedrivestandalo|811858e92ded901e\LinkDate

Details: 05/06/2046 18:31:29

User: NT AUTHORITY\SYSTEM</Message>
      <Level>Information</Level>
      <Task>Registry value set (rule: RegistryEvent)</Task>
      <Opcode>Info</Opcode>
    </RenderingInfo>
  </Event>
  
"
Microsoft-Windows-Sysmon/Operational,,,WinDev2309Eval,,,,,,,,,microsoft corporation,13,9444,SetValue,,,C:\Windows\System32\svchost.exe,,,0x8000000000000000,Information,,,"Registry value set:

RuleName: InvDB-Pub

EventType: SetValue

UtcTime: 2023-12-28 10:58:09.452

ProcessGuid: {fda94052-34f3-658d-4e00-000000000b00}

ProcessId: 3628

Image: C:\Windows\System32\svchost.exe

TargetObject: \REGISTRY\A\{08d89634-9c6b-0ec0-e030-44e7987a6dbb}\Root\InventoryApplicationFile\onedrivestandalo|811858e92ded901e\Publisher

Details: microsoft corporation

User: NT AUTHORITY\SYSTEM",Info,,,,,,,{fda94052-34f3-658d-4e00-000000000b00},7044,3628,,,,,,"
      ",InvDB-Pub,,,,,,2023-12-28T10:58:09.4596993Z,,\REGISTRY\A\{08d89634-9c6b-0ec0-e030-44e7987a6dbb}\Root\InventoryApplicationFile\onedrivestandalo|811858e92ded901e\Publisher,Registry value set (rule: RegistryEvent),,6672,NT AUTHORITY\SYSTEM,S-1-5-18,2023-12-28 10:58:09.452,2,"<Event xmlns=""http://schemas.microsoft.com/win/2004/08/events/event"">
    <System>
      <Provider Name=""Microsoft-Windows-Sysmon"" Guid=""{5770385f-c22a-43e0-bf4c-06f5698ffbd9}""/>
      <EventID>13</EventID>
      <Version>2</Version>
      <Level>4</Level>
      <Task>13</Task>
      <Opcode>0</Opcode>
      <Keywords>0x8000000000000000</Keywords>
      <TimeCreated SystemTime=""2023-12-28T10:58:09.4596993Z""/>
      <EventRecordID>9444</EventRecordID>
      <Correlation/>
      <Execution ProcessID=""7044"" ThreadID=""6672""/>
      <Channel>Microsoft-Windows-Sysmon/Operational</Channel>
      <Computer>WinDev2309Eval</Computer>
      <Security UserID=""S-1-5-18""/>
    </System>
    <EventData>
      <Data Name=""RuleName"">InvDB-Pub</Data>
      <Data Name=""EventType"">SetValue</Data>
      <Data Name=""UtcTime"">2023-12-28 10:58:09.452</Data>
      <Data Name=""ProcessGuid"">{fda94052-34f3-658d-4e00-000000000b00}</Data>
      <Data Name=""ProcessId"">3628</Data>
      <Data Name=""Image"">C:\Windows\System32\svchost.exe</Data>
      <Data Name=""TargetObject"">\REGISTRY\A\{08d89634-9c6b-0ec0-e030-44e7987a6dbb}\Root\InventoryApplicationFile\onedrivestandalo|811858e92ded901e\Publisher</Data>
      <Data Name=""Details"">microsoft corporation</Data>
      <Data Name=""User"">NT AUTHORITY\SYSTEM</Data>
    </EventData>
    <RenderingInfo Culture=""en-US"">
      <Message>Registry value set:

RuleName: InvDB-Pub

EventType: SetValue

UtcTime: 2023-12-28 10:58:09.452

ProcessGuid: {fda94052-34f3-658d-4e00-000000000b00}

ProcessId: 3628

Image: C:\Windows\System32\svchost.exe

TargetObject: \REGISTRY\A\{08d89634-9c6b-0ec0-e030-44e7987a6dbb}\Root\InventoryApplicationFile\onedrivestandalo|811858e92ded901e\Publisher

Details: microsoft corporation

User: NT AUTHORITY\SYSTEM</Message>
      <Level>Information</Level>
      <Task>Registry value set (rule: RegistryEvent)</Task>
      <Opcode>Info</Opcode>
    </RenderingInfo>
  </Event>
  
"
Microsoft-Windows-Sysmon/Operational,,,WinDev2309Eval,,,,,,,,,c:\users\user\appdata\local\microsoft\onedrive\onedrivestandaloneupdater.exe,13,9443,SetValue,,,C:\Windows\System32\svchost.exe,,,0x8000000000000000,Information,,,"Registry value set:

RuleName: InvDB-Path

EventType: SetValue

UtcTime: 2023-12-28 10:58:09.452

ProcessGuid: {fda94052-34f3-658d-4e00-000000000b00}

ProcessId: 3628

Image: C:\Windows\System32\svchost.exe

TargetObject: \REGISTRY\A\{08d89634-9c6b-0ec0-e030-44e7987a6dbb}\Root\InventoryApplicationFile\onedrivestandalo|811858e92ded901e\LowerCaseLongPath

Details: c:\users\user\appdata\local\microsoft\onedrive\onedrivestandaloneupdater.exe

User: NT AUTHORITY\SYSTEM",Info,,,,,,,{fda94052-34f3-658d-4e00-000000000b00},7044,3628,,,,,,"
      ",InvDB-Path,,,,,,2023-12-28T10:58:09.4594828Z,,\REGISTRY\A\{08d89634-9c6b-0ec0-e030-44e7987a6dbb}\Root\InventoryApplicationFile\onedrivestandalo|811858e92ded901e\LowerCaseLongPath,Registry value set (rule: RegistryEvent),,6672,NT AUTHORITY\SYSTEM,S-1-5-18,2023-12-28 10:58:09.452,2,"<Event xmlns=""http://schemas.microsoft.com/win/2004/08/events/event"">
    <System>
      <Provider Name=""Microsoft-Windows-Sysmon"" Guid=""{5770385f-c22a-43e0-bf4c-06f5698ffbd9}""/>
      <EventID>13</EventID>
      <Version>2</Version>
      <Level>4</Level>
      <Task>13</Task>
      <Opcode>0</Opcode>
      <Keywords>0x8000000000000000</Keywords>
      <TimeCreated SystemTime=""2023-12-28T10:58:09.4594828Z""/>
      <EventRecordID>9443</EventRecordID>
      <Correlation/>
      <Execution ProcessID=""7044"" ThreadID=""6672""/>
      <Channel>Microsoft-Windows-Sysmon/Operational</Channel>
      <Computer>WinDev2309Eval</Computer>
      <Security UserID=""S-1-5-18""/>
    </System>
    <EventData>
      <Data Name=""RuleName"">InvDB-Path</Data>
      <Data Name=""EventType"">SetValue</Data>
      <Data Name=""UtcTime"">2023-12-28 10:58:09.452</Data>
      <Data Name=""ProcessGuid"">{fda94052-34f3-658d-4e00-000000000b00}</Data>
      <Data Name=""ProcessId"">3628</Data>
      <Data Name=""Image"">C:\Windows\System32\svchost.exe</Data>
      <Data Name=""TargetObject"">\REGISTRY\A\{08d89634-9c6b-0ec0-e030-44e7987a6dbb}\Root\InventoryApplicationFile\onedrivestandalo|811858e92ded901e\LowerCaseLongPath</Data>
      <Data Name=""Details"">c:\users\user\appdata\local\microsoft\onedrive\onedrivestandaloneupdater.exe</Data>
      <Data Name=""User"">NT AUTHORITY\SYSTEM</Data>
    </EventData>
    <RenderingInfo Culture=""en-US"">
      <Message>Registry value set:

RuleName: InvDB-Path

EventType: SetValue

UtcTime: 2023-12-28 10:58:09.452

ProcessGuid: {fda94052-34f3-658d-4e00-000000000b00}

ProcessId: 3628

Image: C:\Windows\System32\svchost.exe

TargetObject: \REGISTRY\A\{08d89634-9c6b-0ec0-e030-44e7987a6dbb}\Root\InventoryApplicationFile\onedrivestandalo|811858e92ded901e\LowerCaseLongPath

Details: c:\users\user\appdata\local\microsoft\onedrive\onedrivestandaloneupdater.exe

User: NT AUTHORITY\SYSTEM</Message>
      <Level>Information</Level>
      <Task>Registry value set (rule: RegistryEvent)</Task>
      <Opcode>Info</Opcode>
    </RenderingInfo>
  </Event>

"
