Microsoft-Windows-Sysmon/Operational,,,WinDev2309Eval,,,,-,52.113.194.132,false,443,https,,3,9474,,,,"
                C:\Users\User\AppData\Local\Microsoft\OneDrive\OneDriveStandaloneUpdater.exe",true,,0x8000000000000000,Information,,,"Network connection detected:

RuleName: Usermode

UtcTime:
                2023-12-27 23:54:25.615

ProcessGuid:
                {fda94052-5558-658d-5702-000000000b00}

ProcessId: 4884

Image:
                C:\Users\User\AppData\Local\Microsoft\OneDrive\OneDriveStandaloneUpdater.exe

User:
                WINDEV2309EVAL\User

Protocol: tcp

Initiated:
                true

SourceIsIpv6: false

SourceIp:
                192.168.126.164

SourceHostname:
                WinDev2309Eval.localdomain

SourcePort: 59357

SourcePortName:
                -

DestinationIsIpv6: false

DestinationIp:
                52.113.194.132

DestinationHostname: -

DestinationPort:
                443

DestinationPortName: https",Info,,,,,,,{fda94052-5558-658d-5702-000000000b00},7044,4884,,tcp,,,,"
      
            
      ",Usermode,WinDev2309Eval.localdomain,192.168.126.164,false,59357,-,2023-12-28T11:01:05.4568117Z,,,Network connection detected (rule: NetworkConnect),,5204,WINDEV2309EVAL\User,S-1-5-18,2023-12-27 23:54:25.615,5,"<Event xmlns=""http://schemas.microsoft.com/win/2004/08/events/event"">
    
        
    <System>
      
            
      <Provider Name=""Microsoft-Windows-Sysmon"" Guid=""{5770385f-c22a-43e0-bf4c-06f5698ffbd9}""/>
      
            
      <EventID>3</EventID>
      
            
      <Version>5</Version>
      
            
      <Level>4</Level>
      
            
      <Task>3</Task>
      
            
      <Opcode>0</Opcode>
      
            
      <Keywords>0x8000000000000000</Keywords>
      
            
      <TimeCreated SystemTime=""2023-12-28T11:01:05.4568117Z""/>
      
            
      <EventRecordID>9474</EventRecordID>
      
            
      <Correlation/>
      
            
      <Execution ProcessID=""7044"" ThreadID=""5204""/>
      
            
      <Channel>Microsoft-Windows-Sysmon/Operational</Channel>
      
            
      <Computer>WinDev2309Eval</Computer>
      
            
      <Security UserID=""S-1-5-18""/>
      
        
    </System>
    
        
    <EventData>
      
            
      <Data Name=""RuleName"">Usermode</Data>
      
            
      <Data Name=""UtcTime"">2023-12-27 23:54:25.615</Data>
      
            
      <Data Name=""ProcessGuid"">{fda94052-5558-658d-5702-000000000b00}</Data>
      
            
      <Data Name=""ProcessId"">4884</Data>
      
            
      <Data Name=""Image"">
                C:\Users\User\AppData\Local\Microsoft\OneDrive\OneDriveStandaloneUpdater.exe</Data>
      
            
      <Data Name=""User"">WINDEV2309EVAL\User</Data>
      
            
      <Data Name=""Protocol"">tcp</Data>
      
            
      <Data Name=""Initiated"">true</Data>
      
            
      <Data Name=""SourceIsIpv6"">false</Data>
      
            
      <Data Name=""SourceIp"">192.168.126.164</Data>
      
            
      <Data Name=""SourceHostname"">WinDev2309Eval.localdomain</Data>
      
            
      <Data Name=""SourcePort"">59357</Data>
      
            
      <Data Name=""SourcePortName"">-</Data>
      
            
      <Data Name=""DestinationIsIpv6"">false</Data>
      
            
      <Data Name=""DestinationIp"">52.113.194.132</Data>
      
            
      <Data Name=""DestinationHostname"">-</Data>
      
            
      <Data Name=""DestinationPort"">443</Data>
      
            
      <Data Name=""DestinationPortName"">https</Data>
      
        
    </EventData>
    
        
    <RenderingInfo Culture=""en-US"">
      
            
      <Message>Network connection detected:

RuleName: Usermode

UtcTime:
                2023-12-27 23:54:25.615

ProcessGuid:
                {fda94052-5558-658d-5702-000000000b00}

ProcessId: 4884

Image:
                C:\Users\User\AppData\Local\Microsoft\OneDrive\OneDriveStandaloneUpdater.exe

User:
                WINDEV2309EVAL\User

Protocol: tcp

Initiated:
                true

SourceIsIpv6: false

SourceIp:
                192.168.126.164

SourceHostname:
                WinDev2309Eval.localdomain

SourcePort: 59357

SourcePortName:
                -

DestinationIsIpv6: false

DestinationIp:
                52.113.194.132

DestinationHostname: -

DestinationPort:
                443

DestinationPortName: https</Message>
      
            
      <Level>Information</Level>
      
            
      <Task>Network connection detected (rule: NetworkConnect)</Task>
      
            
      <Opcode>Info</Opcode>
      
        
    </RenderingInfo>
    
    
  </Event>
  
    
  
"
Microsoft-Windows-Sysmon/Operational,,,WinDev2309Eval,,,,,,,,,23.246.1127.2,13,9473,SetValue,,,C:\Windows\System32\svchost.exe,,,0x8000000000000000,Information,,,"Registry value set:

RuleName: InvDB-Ver

EventType:
                SetValue

UtcTime: 2023-12-28 11:01:05.219

ProcessGuid:
                {fda94052-34f3-658d-4e00-000000000b00}

ProcessId: 3628

Image:
                C:\Windows\System32\svchost.exe

TargetObject:
                \REGISTRY\A\{08d89634-9c6b-0ec0-e030-44e7987a6dbb}\Root\InventoryApplicationFile\onedrivestandalo|811858e92ded901e\BinProductVersion

Details:
                23.246.1127.2

User: NT AUTHORITY\SYSTEM",Info,,,,,,,{fda94052-34f3-658d-4e00-000000000b00},7044,3628,,,,,,"
      
            
      ",InvDB-Ver,,,,,,2023-12-28T11:01:05.2322936Z,,"
                \REGISTRY\A\{08d89634-9c6b-0ec0-e030-44e7987a6dbb}\Root\InventoryApplicationFile\onedrivestandalo|811858e92ded901e\BinProductVersion",Registry value set (rule: RegistryEvent),,6672,NT AUTHORITY\SYSTEM,S-1-5-18,2023-12-28 11:01:05.219,2,"<Event xmlns=""http://schemas.microsoft.com/win/2004/08/events/event"">
    
        
    <System>
      
            
      <Provider Name=""Microsoft-Windows-Sysmon"" Guid=""{5770385f-c22a-43e0-bf4c-06f5698ffbd9}""/>
      
            
      <EventID>13</EventID>
      
            
      <Version>2</Version>
      
            
      <Level>4</Level>
      
            
      <Task>13</Task>
      
            
      <Opcode>0</Opcode>
      
            
      <Keywords>0x8000000000000000</Keywords>
      
            
      <TimeCreated SystemTime=""2023-12-28T11:01:05.2322936Z""/>
      
            
      <EventRecordID>9473</EventRecordID>
      
            
      <Correlation/>
      
            
      <Execution ProcessID=""7044"" ThreadID=""6672""/>
      
            
      <Channel>Microsoft-Windows-Sysmon/Operational</Channel>
      
            
      <Computer>WinDev2309Eval</Computer>
      
            
      <Security UserID=""S-1-5-18""/>
      
        
    </System>
    
        
    <EventData>
      
            
      <Data Name=""RuleName"">InvDB-Ver</Data>
      
            
      <Data Name=""EventType"">SetValue</Data>
      
            
      <Data Name=""UtcTime"">2023-12-28 11:01:05.219</Data>
      
            
      <Data Name=""ProcessGuid"">{fda94052-34f3-658d-4e00-000000000b00}</Data>
      
            
      <Data Name=""ProcessId"">3628</Data>
      
            
      <Data Name=""Image"">C:\Windows\System32\svchost.exe</Data>
      
            
      <Data Name=""TargetObject"">
                \REGISTRY\A\{08d89634-9c6b-0ec0-e030-44e7987a6dbb}\Root\InventoryApplicationFile\onedrivestandalo|811858e92ded901e\BinProductVersion</Data>
      
            
      <Data Name=""Details"">23.246.1127.2</Data>
      
            
      <Data Name=""User"">NT AUTHORITY\SYSTEM</Data>
      
        
    </EventData>
    
        
    <RenderingInfo Culture=""en-US"">
      
            
      <Message>Registry value set:

RuleName: InvDB-Ver

EventType:
                SetValue

UtcTime: 2023-12-28 11:01:05.219

ProcessGuid:
                {fda94052-34f3-658d-4e00-000000000b00}

ProcessId: 3628

Image:
                C:\Windows\System32\svchost.exe

TargetObject:
                \REGISTRY\A\{08d89634-9c6b-0ec0-e030-44e7987a6dbb}\Root\InventoryApplicationFile\onedrivestandalo|811858e92ded901e\BinProductVersion

Details:
                23.246.1127.2

User: NT AUTHORITY\SYSTEM</Message>
      
            
      <Level>Information</Level>
      
            
      <Task>Registry value set (rule: RegistryEvent)</Task>
      
            
      <Opcode>Info</Opcode>
      
        
    </RenderingInfo>
    
    
  </Event>
  
    
  
"
Microsoft-Windows-Sysmon/Operational,,,WinDev2309Eval,,,,,,,,,05/06/2046 18:31:29,13,9472,SetValue,,,C:\Windows\System32\svchost.exe,,,0x8000000000000000,Information,,,"Registry value set:

RuleName:
                InvDB-CompileTimeClaim

EventType: SetValue

UtcTime: 2023-12-28
                11:01:05.219

ProcessGuid:
                {fda94052-34f3-658d-4e00-000000000b00}

ProcessId: 3628

Image:
                C:\Windows\System32\svchost.exe

TargetObject:
                \REGISTRY\A\{08d89634-9c6b-0ec0-e030-44e7987a6dbb}\Root\InventoryApplicationFile\onedrivestandalo|811858e92ded901e\LinkDate

Details:
                05/06/2046 18:31:29

User: NT AUTHORITY\SYSTEM",Info,,,,,,,{fda94052-34f3-658d-4e00-000000000b00},7044,3628,,,,,,"
      
            
      ",InvDB-CompileTimeClaim,,,,,,2023-12-28T11:01:05.2322337Z,,"
                \REGISTRY\A\{08d89634-9c6b-0ec0-e030-44e7987a6dbb}\Root\InventoryApplicationFile\onedrivestandalo|811858e92ded901e\LinkDate",Registry value set (rule: RegistryEvent),,6672,NT AUTHORITY\SYSTEM,S-1-5-18,2023-12-28 11:01:05.219,2,"<Event xmlns=""http://schemas.microsoft.com/win/2004/08/events/event"">
    
        
    <System>
      
            
      <Provider Name=""Microsoft-Windows-Sysmon"" Guid=""{5770385f-c22a-43e0-bf4c-06f5698ffbd9}""/>
      
            
      <EventID>13</EventID>
      
            
      <Version>2</Version>
      
            
      <Level>4</Level>
      
            
      <Task>13</Task>
      
            
      <Opcode>0</Opcode>
      
            
      <Keywords>0x8000000000000000</Keywords>
      
            
      <TimeCreated SystemTime=""2023-12-28T11:01:05.2322337Z""/>
      
            
      <EventRecordID>9472</EventRecordID>
      
            
      <Correlation/>
      
            
      <Execution ProcessID=""7044"" ThreadID=""6672""/>
      
            
      <Channel>Microsoft-Windows-Sysmon/Operational</Channel>
      
            
      <Computer>WinDev2309Eval</Computer>
      
            
      <Security UserID=""S-1-5-18""/>
      
        
    </System>
    
        
    <EventData>
      
            
      <Data Name=""RuleName"">InvDB-CompileTimeClaim</Data>
      
            
      <Data Name=""EventType"">SetValue</Data>
      
            
      <Data Name=""UtcTime"">2023-12-28 11:01:05.219</Data>
      
            
      <Data Name=""ProcessGuid"">{fda94052-34f3-658d-4e00-000000000b00}</Data>
      
            
      <Data Name=""ProcessId"">3628</Data>
      
            
      <Data Name=""Image"">C:\Windows\System32\svchost.exe</Data>
      
            
      <Data Name=""TargetObject"">
                \REGISTRY\A\{08d89634-9c6b-0ec0-e030-44e7987a6dbb}\Root\InventoryApplicationFile\onedrivestandalo|811858e92ded901e\LinkDate</Data>
      
            
      <Data Name=""Details"">05/06/2046 18:31:29</Data>
      
            
      <Data Name=""User"">NT AUTHORITY\SYSTEM</Data>
      
        
    </EventData>
    
        
    <RenderingInfo Culture=""en-US"">
      
            
      <Message>Registry value set:

RuleName:
                InvDB-CompileTimeClaim

EventType: SetValue

UtcTime: 2023-12-28
                11:01:05.219

ProcessGuid:
                {fda94052-34f3-658d-4e00-000000000b00}

ProcessId: 3628

Image:
                C:\Windows\System32\svchost.exe

TargetObject:
                \REGISTRY\A\{08d89634-9c6b-0ec0-e030-44e7987a6dbb}\Root\InventoryApplicationFile\onedrivestandalo|811858e92ded901e\LinkDate

Details:
                05/06/2046 18:31:29

User: NT AUTHORITY\SYSTEM</Message>
      
            
      <Level>Information</Level>
      
            
      <Task>Registry value set (rule: RegistryEvent)</Task>
      
            
      <Opcode>Info</Opcode>
      
        
    </RenderingInfo>
    
    
  </Event>
  
    
  
"
Microsoft-Windows-Sysmon/Operational,,,WinDev2309Eval,,,,,,,,,microsoft corporation,13,9471,SetValue,,,C:\Windows\System32\svchost.exe,,,0x8000000000000000,Information,,,"Registry value set:

RuleName: InvDB-Pub

EventType:
                SetValue

UtcTime: 2023-12-28 11:01:05.219

ProcessGuid:
                {fda94052-34f3-658d-4e00-000000000b00}

ProcessId: 3628

Image:
                C:\Windows\System32\svchost.exe

TargetObject:
                \REGISTRY\A\{08d89634-9c6b-0ec0-e030-44e7987a6dbb}\Root\InventoryApplicationFile\onedrivestandalo|811858e92ded901e\Publisher

Details:
                microsoft corporation

User: NT AUTHORITY\SYSTEM",Info,,,,,,,{fda94052-34f3-658d-4e00-000000000b00},7044,3628,,,,,,"
      
            
      ",InvDB-Pub,,,,,,2023-12-28T11:01:05.2318943Z,,"
                \REGISTRY\A\{08d89634-9c6b-0ec0-e030-44e7987a6dbb}\Root\InventoryApplicationFile\onedrivestandalo|811858e92ded901e\Publisher",Registry value set (rule: RegistryEvent),,6672,NT AUTHORITY\SYSTEM,S-1-5-18,2023-12-28 11:01:05.219,2,"<Event xmlns=""http://schemas.microsoft.com/win/2004/08/events/event"">
    
        
    <System>
      
            
      <Provider Name=""Microsoft-Windows-Sysmon"" Guid=""{5770385f-c22a-43e0-bf4c-06f5698ffbd9}""/>
      
            
      <EventID>13</EventID>
      
            
      <Version>2</Version>
      
            
      <Level>4</Level>
      
            
      <Task>13</Task>
      
            
      <Opcode>0</Opcode>
      
            
      <Keywords>0x8000000000000000</Keywords>
      
            
      <TimeCreated SystemTime=""2023-12-28T11:01:05.2318943Z""/>
      
            
      <EventRecordID>9471</EventRecordID>
      
            
      <Correlation/>
      
            
      <Execution ProcessID=""7044"" ThreadID=""6672""/>
      
            
      <Channel>Microsoft-Windows-Sysmon/Operational</Channel>
      
            
      <Computer>WinDev2309Eval</Computer>
      
            
      <Security UserID=""S-1-5-18""/>
      
        
    </System>
    
        
    <EventData>
      
            
      <Data Name=""RuleName"">InvDB-Pub</Data>
      
            
      <Data Name=""EventType"">SetValue</Data>
      
            
      <Data Name=""UtcTime"">2023-12-28 11:01:05.219</Data>
      
            
      <Data Name=""ProcessGuid"">{fda94052-34f3-658d-4e00-000000000b00}</Data>
      
            
      <Data Name=""ProcessId"">3628</Data>
      
            
      <Data Name=""Image"">C:\Windows\System32\svchost.exe</Data>
      
            
      <Data Name=""TargetObject"">
                \REGISTRY\A\{08d89634-9c6b-0ec0-e030-44e7987a6dbb}\Root\InventoryApplicationFile\onedrivestandalo|811858e92ded901e\Publisher</Data>
      
            
      <Data Name=""Details"">microsoft corporation</Data>
      
            
      <Data Name=""User"">NT AUTHORITY\SYSTEM</Data>
      
        
    </EventData>
    
        
    <RenderingInfo Culture=""en-US"">
      
            
      <Message>Registry value set:

RuleName: InvDB-Pub

EventType:
                SetValue

UtcTime: 2023-12-28 11:01:05.219

ProcessGuid:
                {fda94052-34f3-658d-4e00-000000000b00}

ProcessId: 3628

Image:
                C:\Windows\System32\svchost.exe

TargetObject:
                \REGISTRY\A\{08d89634-9c6b-0ec0-e030-44e7987a6dbb}\Root\InventoryApplicationFile\onedrivestandalo|811858e92ded901e\Publisher

Details:
                microsoft corporation

User: NT AUTHORITY\SYSTEM</Message>
      
            
      <Level>Information</Level>
      
            
      <Task>Registry value set (rule: RegistryEvent)</Task>
      
            
      <Opcode>Info</Opcode>
      
        
    </RenderingInfo>
    
    
  </Event>
  
    
  
"
Microsoft-Windows-Sysmon/Operational,,,WinDev2309Eval,,,,,,,,,"
                c:\users\user\appdata\local\microsoft\onedrive\onedrivestandaloneupdater.exe",13,9470,SetValue,,,C:\Windows\System32\svchost.exe,,,0x8000000000000000,Information,,,"Registry value set:

RuleName: InvDB-Path

EventType:
                SetValue

UtcTime: 2023-12-28 11:01:05.219

ProcessGuid:
                {fda94052-34f3-658d-4e00-000000000b00}

ProcessId: 3628

Image:
                C:\Windows\System32\svchost.exe

TargetObject:
                \REGISTRY\A\{08d89634-9c6b-0ec0-e030-44e7987a6dbb}\Root\InventoryApplicationFile\onedrivestandalo|811858e92ded901e\LowerCaseLongPath

Details:
                c:\users\user\appdata\local\microsoft\onedrive\onedrivestandaloneupdater.exe

User:
                NT AUTHORITY\SYSTEM",Info,,,,,,,{fda94052-34f3-658d-4e00-000000000b00},7044,3628,,,,,,"
      
            
      ",InvDB-Path,,,,,,2023-12-28T11:01:05.2316811Z,,"
                \REGISTRY\A\{08d89634-9c6b-0ec0-e030-44e7987a6dbb}\Root\InventoryApplicationFile\onedrivestandalo|811858e92ded901e\LowerCaseLongPath",Registry value set (rule: RegistryEvent),,6672,NT AUTHORITY\SYSTEM,S-1-5-18,2023-12-28 11:01:05.219,2,"<Event xmlns=""http://schemas.microsoft.com/win/2004/08/events/event"">
    
        
    <System>
      
            
      <Provider Name=""Microsoft-Windows-Sysmon"" Guid=""{5770385f-c22a-43e0-bf4c-06f5698ffbd9}""/>
      
            
      <EventID>13</EventID>
      
            
      <Version>2</Version>
      
            
      <Level>4</Level>
      
            
      <Task>13</Task>
      
            
      <Opcode>0</Opcode>
      
            
      <Keywords>0x8000000000000000</Keywords>
      
            
      <TimeCreated SystemTime=""2023-12-28T11:01:05.2316811Z""/>
      
            
      <EventRecordID>9470</EventRecordID>
      
            
      <Correlation/>
      
            
      <Execution ProcessID=""7044"" ThreadID=""6672""/>
      
            
      <Channel>Microsoft-Windows-Sysmon/Operational</Channel>
      
            
      <Computer>WinDev2309Eval</Computer>
      
            
      <Security UserID=""S-1-5-18""/>
      
        
    </System>
    
        
    <EventData>
      
            
      <Data Name=""RuleName"">InvDB-Path</Data>
      
            
      <Data Name=""EventType"">SetValue</Data>
      
            
      <Data Name=""UtcTime"">2023-12-28 11:01:05.219</Data>
      
            
      <Data Name=""ProcessGuid"">{fda94052-34f3-658d-4e00-000000000b00}</Data>
      
            
      <Data Name=""ProcessId"">3628</Data>
      
            
      <Data Name=""Image"">C:\Windows\System32\svchost.exe</Data>
      
            
      <Data Name=""TargetObject"">
                \REGISTRY\A\{08d89634-9c6b-0ec0-e030-44e7987a6dbb}\Root\InventoryApplicationFile\onedrivestandalo|811858e92ded901e\LowerCaseLongPath</Data>
      
            
      <Data Name=""Details"">
                c:\users\user\appdata\local\microsoft\onedrive\onedrivestandaloneupdater.exe</Data>
      
            
      <Data Name=""User"">NT AUTHORITY\SYSTEM</Data>
      
        
    </EventData>
    
        
    <RenderingInfo Culture=""en-US"">
      
            
      <Message>Registry value set:

RuleName: InvDB-Path

EventType:
                SetValue

UtcTime: 2023-12-28 11:01:05.219

ProcessGuid:
                {fda94052-34f3-658d-4e00-000000000b00}

ProcessId: 3628

Image:
                C:\Windows\System32\svchost.exe

TargetObject:
                \REGISTRY\A\{08d89634-9c6b-0ec0-e030-44e7987a6dbb}\Root\InventoryApplicationFile\onedrivestandalo|811858e92ded901e\LowerCaseLongPath

Details:
                c:\users\user\appdata\local\microsoft\onedrive\onedrivestandaloneupdater.exe

User:
                NT AUTHORITY\SYSTEM</Message>
      
            
      <Level>Information</Level>
      
            
      <Task>Registry value set (rule: RegistryEvent)</Task>
      
            
      <Opcode>Info</Opcode>
      
        
    </RenderingInfo>
    
    
  </Event>
  
    
  
"
Microsoft-Windows-Sysmon/Operational,,,WinDev2309Eval,,,,,,,,,,22,9469,,,,C:\Windows\System32\svchost.exe,,,0x8000000000000000,Information,,,"Dns query:

RuleName: -

UtcTime: 2023-12-27
                23:54:24.654

ProcessGuid:
                {fda94052-b67b-658c-c400-000000000b00}

ProcessId: 7620

QueryName:
                oneclient.sfx.ms

QueryStatus: 0

QueryResults: type: 5
                oneclient.sfx.ms.edgekey.net;type: 5
                e9659.dspg.akamaiedge.net;::ffff:23.37.1.84;

Image:
                C:\Windows\System32\svchost.exe

User: NT AUTHORITY\SYSTEM",Info,,,,,,,{fda94052-b67b-658c-c400-000000000b00},7044,7620,,,oneclient.sfx.ms,"type: 5 oneclient.sfx.ms.edgekey.net;type: 5
                e9659.dspg.akamaiedge.net;::ffff:23.37.1.84;",0,"
      
            
      ",-,,,,,,2023-12-28T11:01:04.6528158Z,,,Dns query (rule: DnsQuery),,1124,NT AUTHORITY\SYSTEM,S-1-5-18,2023-12-27 23:54:24.654,5,"<Event xmlns=""http://schemas.microsoft.com/win/2004/08/events/event"">
    
        
    <System>
      
            
      <Provider Name=""Microsoft-Windows-Sysmon"" Guid=""{5770385f-c22a-43e0-bf4c-06f5698ffbd9}""/>
      
            
      <EventID>22</EventID>
      
            
      <Version>5</Version>
      
            
      <Level>4</Level>
      
            
      <Task>22</Task>
      
            
      <Opcode>0</Opcode>
      
            
      <Keywords>0x8000000000000000</Keywords>
      
            
      <TimeCreated SystemTime=""2023-12-28T11:01:04.6528158Z""/>
      
            
      <EventRecordID>9469</EventRecordID>
      
            
      <Correlation/>
      
            
      <Execution ProcessID=""7044"" ThreadID=""1124""/>
      
            
      <Channel>Microsoft-Windows-Sysmon/Operational</Channel>
      
            
      <Computer>WinDev2309Eval</Computer>
      
            
      <Security UserID=""S-1-5-18""/>
      
        
    </System>
    
        
    <EventData>
      
            
      <Data Name=""RuleName"">-</Data>
      
            
      <Data Name=""UtcTime"">2023-12-27 23:54:24.654</Data>
      
            
      <Data Name=""ProcessGuid"">{fda94052-b67b-658c-c400-000000000b00}</Data>
      
            
      <Data Name=""ProcessId"">7620</Data>
      
            
      <Data Name=""QueryName"">oneclient.sfx.ms</Data>
      
            
      <Data Name=""QueryStatus"">0</Data>
      
            
      <Data Name=""QueryResults"">type: 5 oneclient.sfx.ms.edgekey.net;type: 5
                e9659.dspg.akamaiedge.net;::ffff:23.37.1.84;</Data>
      
            
      <Data Name=""Image"">C:\Windows\System32\svchost.exe</Data>
      
            
      <Data Name=""User"">NT AUTHORITY\SYSTEM</Data>
      
        
    </EventData>
    
        
    <RenderingInfo Culture=""en-US"">
      
            
      <Message>Dns query:

RuleName: -

UtcTime: 2023-12-27
                23:54:24.654

ProcessGuid:
                {fda94052-b67b-658c-c400-000000000b00}

ProcessId: 7620

QueryName:
                oneclient.sfx.ms

QueryStatus: 0

QueryResults: type: 5
                oneclient.sfx.ms.edgekey.net;type: 5
                e9659.dspg.akamaiedge.net;::ffff:23.37.1.84;

Image:
                C:\Windows\System32\svchost.exe

User: NT AUTHORITY\SYSTEM</Message>
      
            
      <Level>Information</Level>
      
            
      <Task>Dns query (rule: DnsQuery)</Task>
      
            
      <Opcode>Info</Opcode>
      
        
    </RenderingInfo>
    
    
  </Event>
  
    
  
"
Microsoft-Windows-Sysmon/Operational,,,WinDev2309Eval,,,,,,,,,,22,9468,,,,C:\Windows\system32\svchost.exe,,,0x8000000000000000,Information,,,"Dns query:

RuleName: -

UtcTime: 2023-12-27
                23:54:22.851

ProcessGuid:
                {fda94052-34f2-658d-3f00-000000000b00}

ProcessId: 2948

QueryName:
                wpad

QueryStatus: 1460

QueryResults: -

Image:
                C:\Windows\system32\svchost.exe

User: NT AUTHORITY\LOCAL SERVICE",Info,,,,,,,{fda94052-34f2-658d-3f00-000000000b00},7044,2948,,,wpad,-,1460,"
      
            
      ",-,,,,,,2023-12-28T11:01:04.6519473Z,,,Dns query (rule: DnsQuery),,1124,NT AUTHORITY\LOCAL SERVICE,S-1-5-18,2023-12-27 23:54:22.851,5,"<Event xmlns=""http://schemas.microsoft.com/win/2004/08/events/event"">
    
        
    <System>
      
            
      <Provider Name=""Microsoft-Windows-Sysmon"" Guid=""{5770385f-c22a-43e0-bf4c-06f5698ffbd9}""/>
      
            
      <EventID>22</EventID>
      
            
      <Version>5</Version>
      
            
      <Level>4</Level>
      
            
      <Task>22</Task>
      
            
      <Opcode>0</Opcode>
      
            
      <Keywords>0x8000000000000000</Keywords>
      
            
      <TimeCreated SystemTime=""2023-12-28T11:01:04.6519473Z""/>
      
            
      <EventRecordID>9468</EventRecordID>
      
            
      <Correlation/>
      
            
      <Execution ProcessID=""7044"" ThreadID=""1124""/>
      
            
      <Channel>Microsoft-Windows-Sysmon/Operational</Channel>
      
            
      <Computer>WinDev2309Eval</Computer>
      
            
      <Security UserID=""S-1-5-18""/>
      
        
    </System>
    
        
    <EventData>
      
            
      <Data Name=""RuleName"">-</Data>
      
            
      <Data Name=""UtcTime"">2023-12-27 23:54:22.851</Data>
      
            
      <Data Name=""ProcessGuid"">{fda94052-34f2-658d-3f00-000000000b00}</Data>
      
            
      <Data Name=""ProcessId"">2948</Data>
      
            
      <Data Name=""QueryName"">wpad</Data>
      
            
      <Data Name=""QueryStatus"">1460</Data>
      
            
      <Data Name=""QueryResults"">-</Data>
      
            
      <Data Name=""Image"">C:\Windows\system32\svchost.exe</Data>
      
            
      <Data Name=""User"">NT AUTHORITY\LOCAL SERVICE</Data>
      
        
    </EventData>
    
        
    <RenderingInfo Culture=""en-US"">
      
            
      <Message>Dns query:

RuleName: -

UtcTime: 2023-12-27
                23:54:22.851

ProcessGuid:
                {fda94052-34f2-658d-3f00-000000000b00}

ProcessId: 2948

QueryName:
                wpad

QueryStatus: 1460

QueryResults: -

Image:
                C:\Windows\system32\svchost.exe

User: NT AUTHORITY\LOCAL SERVICE</Message>
      
            
      <Level>Information</Level>
      
            
      <Task>Dns query (rule: DnsQuery)</Task>
      
            
      <Opcode>Info</Opcode>
      
        
    </RenderingInfo>
    
    
  </Event>
  
    
  
"
Microsoft-Windows-Sysmon/Operational,,,WinDev2309Eval,,,,,,,,,,22,9467,,,,C:\Windows\system32\svchost.exe,,,0x8000000000000000,Information,,,"Dns query:

RuleName: -

UtcTime: 2023-12-27
                23:54:21.072

ProcessGuid:
                {fda94052-34f2-658d-3f00-000000000b00}

ProcessId: 2948

QueryName:
                wpad

QueryStatus: 1460

QueryResults: -

Image:
                C:\Windows\system32\svchost.exe

User: NT AUTHORITY\LOCAL SERVICE",Info,,,,,,,{fda94052-34f2-658d-3f00-000000000b00},7044,2948,,,wpad,-,1460,"
      
            
      ",-,,,,,,2023-12-28T11:01:01.0911304Z,,,Dns query (rule: DnsQuery),,1124,NT AUTHORITY\LOCAL SERVICE,S-1-5-18,2023-12-27 23:54:21.072,5,"<Event xmlns=""http://schemas.microsoft.com/win/2004/08/events/event"">
    
        
    <System>
      
            
      <Provider Name=""Microsoft-Windows-Sysmon"" Guid=""{5770385f-c22a-43e0-bf4c-06f5698ffbd9}""/>
      
            
      <EventID>22</EventID>
      
            
      <Version>5</Version>
      
            
      <Level>4</Level>
      
            
      <Task>22</Task>
      
            
      <Opcode>0</Opcode>
      
            
      <Keywords>0x8000000000000000</Keywords>
      
            
      <TimeCreated SystemTime=""2023-12-28T11:01:01.0911304Z""/>
      
            
      <EventRecordID>9467</EventRecordID>
      
            
      <Correlation/>
      
            
      <Execution ProcessID=""7044"" ThreadID=""1124""/>
      
            
      <Channel>Microsoft-Windows-Sysmon/Operational</Channel>
      
            
      <Computer>WinDev2309Eval</Computer>
      
            
      <Security UserID=""S-1-5-18""/>
      
        
    </System>
    
        
    <EventData>
      
            
      <Data Name=""RuleName"">-</Data>
      
            
      <Data Name=""UtcTime"">2023-12-27 23:54:21.072</Data>
      
            
      <Data Name=""ProcessGuid"">{fda94052-34f2-658d-3f00-000000000b00}</Data>
      
            
      <Data Name=""ProcessId"">2948</Data>
      
            
      <Data Name=""QueryName"">wpad</Data>
      
            
      <Data Name=""QueryStatus"">1460</Data>
      
            
      <Data Name=""QueryResults"">-</Data>
      
            
      <Data Name=""Image"">C:\Windows\system32\svchost.exe</Data>
      
            
      <Data Name=""User"">NT AUTHORITY\LOCAL SERVICE</Data>
      
        
    </EventData>
    
        
    <RenderingInfo Culture=""en-US"">
      
            
      <Message>Dns query:

RuleName: -

UtcTime: 2023-12-27
                23:54:21.072

ProcessGuid:
                {fda94052-34f2-658d-3f00-000000000b00}

ProcessId: 2948

QueryName:
                wpad

QueryStatus: 1460

QueryResults: -

Image:
                C:\Windows\system32\svchost.exe

User: NT AUTHORITY\LOCAL SERVICE</Message>
      
            
      <Level>Information</Level>
      
            
      <Task>Dns query (rule: DnsQuery)</Task>
      
            
      <Opcode>Info</Opcode>
      
        
    </RenderingInfo>
    
    
  </Event>
  
    
  
"
Microsoft-Windows-Sysmon/Operational,,,WinDev2309Eval,,,,cdn-185-199-111-133.github.com,185.199.111.133,false,443,https,,3,9466,,,,C:\Windows\System32\WindowsPowerShell\v1.0\powershell.exe,true,,0x8000000000000000,Information,,,"Network connection detected:

RuleName: -

UtcTime: 2023-12-27
                23:54:18.092

ProcessGuid:
                {fda94052-5566-658d-6d02-000000000b00}

ProcessId: 10852

Image:
                C:\Windows\System32\WindowsPowerShell\v1.0\powershell.exe

User:
                WINDEV2309EVAL\User

Protocol: tcp

Initiated:
                true

SourceIsIpv6: false

SourceIp:
                192.168.126.164

SourceHostname:
                WinDev2309Eval.localdomain

SourcePort: 59355

SourcePortName:
                -

DestinationIsIpv6: false

DestinationIp:
                185.199.111.133

DestinationHostname:
                cdn-185-199-111-133.github.com

DestinationPort:
                443

DestinationPortName: https",Info,,,,,,,{fda94052-5566-658d-6d02-000000000b00},7044,10852,,tcp,,,,"
      
            
      ",-,WinDev2309Eval.localdomain,192.168.126.164,false,59355,-,2023-12-28T11:00:58.0864983Z,,,Network connection detected (rule: NetworkConnect),,5204,WINDEV2309EVAL\User,S-1-5-18,2023-12-27 23:54:18.092,5,"<Event xmlns=""http://schemas.microsoft.com/win/2004/08/events/event"">
    
        
    <System>
      
            
      <Provider Name=""Microsoft-Windows-Sysmon"" Guid=""{5770385f-c22a-43e0-bf4c-06f5698ffbd9}""/>
      
            
      <EventID>3</EventID>
      
            
      <Version>5</Version>
      
            
      <Level>4</Level>
      
            
      <Task>3</Task>
      
            
      <Opcode>0</Opcode>
      
            
      <Keywords>0x8000000000000000</Keywords>
      
            
      <TimeCreated SystemTime=""2023-12-28T11:00:58.0864983Z""/>
      
            
      <EventRecordID>9466</EventRecordID>
      
            
      <Correlation/>
      
            
      <Execution ProcessID=""7044"" ThreadID=""5204""/>
      
            
      <Channel>Microsoft-Windows-Sysmon/Operational</Channel>
      
            
      <Computer>WinDev2309Eval</Computer>
      
            
      <Security UserID=""S-1-5-18""/>
      
        
    </System>
    
        
    <EventData>
      
            
      <Data Name=""RuleName"">-</Data>
      
            
      <Data Name=""UtcTime"">2023-12-27 23:54:18.092</Data>
      
            
      <Data Name=""ProcessGuid"">{fda94052-5566-658d-6d02-000000000b00}</Data>
      
            
      <Data Name=""ProcessId"">10852</Data>
      
            
      <Data Name=""Image"">C:\Windows\System32\WindowsPowerShell\v1.0\powershell.exe</Data>
      
            
      <Data Name=""User"">WINDEV2309EVAL\User</Data>
      
            
      <Data Name=""Protocol"">tcp</Data>
      
            
      <Data Name=""Initiated"">true</Data>
      
            
      <Data Name=""SourceIsIpv6"">false</Data>
      
            
      <Data Name=""SourceIp"">192.168.126.164</Data>
      
            
      <Data Name=""SourceHostname"">WinDev2309Eval.localdomain</Data>
      
            
      <Data Name=""SourcePort"">59355</Data>
      
            
      <Data Name=""SourcePortName"">-</Data>
      
            
      <Data Name=""DestinationIsIpv6"">false</Data>
      
            
      <Data Name=""DestinationIp"">185.199.111.133</Data>
      
            
      <Data Name=""DestinationHostname"">cdn-185-199-111-133.github.com</Data>
      
            
      <Data Name=""DestinationPort"">443</Data>
      
            
      <Data Name=""DestinationPortName"">https</Data>
      
        
    </EventData>
    
        
    <RenderingInfo Culture=""en-US"">
      
            
      <Message>Network connection detected:

RuleName: -

UtcTime: 2023-12-27
                23:54:18.092

ProcessGuid:
                {fda94052-5566-658d-6d02-000000000b00}

ProcessId: 10852

Image:
                C:\Windows\System32\WindowsPowerShell\v1.0\powershell.exe

User:
                WINDEV2309EVAL\User

Protocol: tcp

Initiated:
                true

SourceIsIpv6: false

SourceIp:
                192.168.126.164

SourceHostname:
                WinDev2309Eval.localdomain

SourcePort: 59355

SourcePortName:
                -

DestinationIsIpv6: false

DestinationIp:
                185.199.111.133

DestinationHostname:
                cdn-185-199-111-133.github.com

DestinationPort:
                443

DestinationPortName: https</Message>
      
            
      <Level>Information</Level>
      
            
      <Task>Network connection detected (rule: NetworkConnect)</Task>
      
            
      <Opcode>Info</Opcode>
      
        
    </RenderingInfo>
    
    
  </Event>
  
    
  
"
Microsoft-Windows-Sysmon/Operational,,,WinDev2309Eval,,,,,,,,,,22,9465,,,,C:\Windows\System32\WindowsPowerShell\v1.0\powershell.exe,,,0x8000000000000000,Information,,,"Dns query:

RuleName: -

UtcTime: 2023-12-27
                23:54:18.060

ProcessGuid:
                {fda94052-5566-658d-6d02-000000000b00}

ProcessId: 10852

QueryName:
                raw.githubusercontent.com

QueryStatus: 0

QueryResults:
                ::ffff:185.199.111.133;::ffff:185.199.108.133;::ffff:185.199.110.133;::ffff:185.199.109.133;

Image:
                C:\Windows\System32\WindowsPowerShell\v1.0\powershell.exe

User:
                WINDEV2309EVAL\User",Info,,,,,,,{fda94052-5566-658d-6d02-000000000b00},7044,10852,,,raw.githubusercontent.com,"
                ::ffff:185.199.111.133;::ffff:185.199.108.133;::ffff:185.199.110.133;::ffff:185.199.109.133;",0,"
      
            
      ",-,,,,,,2023-12-28T11:00:58.0564828Z,,,Dns query (rule: DnsQuery),,1124,WINDEV2309EVAL\User,S-1-5-18,2023-12-27 23:54:18.060,5,"<Event xmlns=""http://schemas.microsoft.com/win/2004/08/events/event"">
    
        
    <System>
      
            
      <Provider Name=""Microsoft-Windows-Sysmon"" Guid=""{5770385f-c22a-43e0-bf4c-06f5698ffbd9}""/>
      
            
      <EventID>22</EventID>
      
            
      <Version>5</Version>
      
            
      <Level>4</Level>
      
            
      <Task>22</Task>
      
            
      <Opcode>0</Opcode>
      
            
      <Keywords>0x8000000000000000</Keywords>
      
            
      <TimeCreated SystemTime=""2023-12-28T11:00:58.0564828Z""/>
      
            
      <EventRecordID>9465</EventRecordID>
      
            
      <Correlation/>
      
            
      <Execution ProcessID=""7044"" ThreadID=""1124""/>
      
            
      <Channel>Microsoft-Windows-Sysmon/Operational</Channel>
      
            
      <Computer>WinDev2309Eval</Computer>
      
            
      <Security UserID=""S-1-5-18""/>
      
        
    </System>
    
        
    <EventData>
      
            
      <Data Name=""RuleName"">-</Data>
      
            
      <Data Name=""UtcTime"">2023-12-27 23:54:18.060</Data>
      
            
      <Data Name=""ProcessGuid"">{fda94052-5566-658d-6d02-000000000b00}</Data>
      
            
      <Data Name=""ProcessId"">10852</Data>
      
            
      <Data Name=""QueryName"">raw.githubusercontent.com</Data>
      
            
      <Data Name=""QueryStatus"">0</Data>
      
            
      <Data Name=""QueryResults"">
                ::ffff:185.199.111.133;::ffff:185.199.108.133;::ffff:185.199.110.133;::ffff:185.199.109.133;</Data>
      
            
      <Data Name=""Image"">C:\Windows\System32\WindowsPowerShell\v1.0\powershell.exe</Data>
      
            
      <Data Name=""User"">WINDEV2309EVAL\User</Data>
      
        
    </EventData>
    
        
    <RenderingInfo Culture=""en-US"">
      
            
      <Message>Dns query:

RuleName: -

UtcTime: 2023-12-27
                23:54:18.060

ProcessGuid:
                {fda94052-5566-658d-6d02-000000000b00}

ProcessId: 10852

QueryName:
                raw.githubusercontent.com

QueryStatus: 0

QueryResults:
                ::ffff:185.199.111.133;::ffff:185.199.108.133;::ffff:185.199.110.133;::ffff:185.199.109.133;

Image:
                C:\Windows\System32\WindowsPowerShell\v1.0\powershell.exe

User:
                WINDEV2309EVAL\User</Message>
      
            
      <Level>Information</Level>
      
            
      <Task>Dns query (rule: DnsQuery)</Task>
      
            
      <Opcode>Info</Opcode>
      
        
    </RenderingInfo>
    
    
  </Event>
  
    
  
"
