Channel,CommandLine,Company,Computer,CreationUtcTime,CurrentDirectory,Description,DestinationHostname,DestinationIp,DestinationIsIpv6,DestinationPort,DestinationPortName,Details,EventID,EventRecordID,EventType,FileVersion,Hashes,Image,Initiated,IntegrityLevel,Keywords,Level,LogonGuid,LogonId,Message,Opcode,OriginalFileName,ParentCommandLine,ParentImage,ParentProcessGuid,ParentProcessId,ParentUser,ProcessGuid,ProcessID,ProcessId,Product,Protocol,QueryName,QueryResults,QueryStatus,RenderingInfo,RuleName,SourceHostname,SourceIp,SourceIsIpv6,SourcePort,SourcePortName,SystemTime,TargetFilename,TargetObject,Task,TerminalSessionId,ThreadID,User,UserID,UtcTime,Version,raw
Microsoft-Windows-Sysmon/Operational,,,WinDev2309Eval,,,,,,,,,,5,9511,,,,"
                C:\Users\User\AppData\Local\Microsoft\OneDrive\OneDriveStandaloneUpdater.exe",,,0x8000000000000000,Information,,,"Process terminated:

RuleName: -

UtcTime: 2023-12-28
                11:02:04.611

ProcessGuid:
                {fda94052-5558-658d-5702-000000000b00}

ProcessId: 4884

Image:
                C:\Users\User\AppData\Local\Microsoft\OneDrive\OneDriveStandaloneUpdater.exe

User:
                WINDEV2309EVAL\User",Info,,,,,,,{fda94052-5558-658d-5702-000000000b00},7044,4884,,,,,,"
      
            
      ",-,,,,,,2023-12-28T11:02:04.6130829Z,,,Process terminated (rule: ProcessTerminate),,6672,WINDEV2309EVAL\User,S-1-5-18,2023-12-28 11:02:04.611,3,"<Event xmlns=""http://schemas.microsoft.com/win/2004/08/events/event"">
    
        
    <System>
      
            
      <Provider Name=""Microsoft-Windows-Sysmon"" Guid=""{5770385f-c22a-43e0-bf4c-06f5698ffbd9}""/>
      
            
      <EventID>5</EventID>
      
            
      <Version>3</Version>
      
            
      <Level>4</Level>
      
            
      <Task>5</Task>
      
            
      <Opcode>0</Opcode>
      
            
      <Keywords>0x8000000000000000</Keywords>
      
            
      <TimeCreated SystemTime=""2023-12-28T11:02:04.6130829Z""/>
      
            
      <EventRecordID>9511</EventRecordID>
      
            
      <Correlation/>
      
            
      <Execution ProcessID=""7044"" ThreadID=""6672""/>
      
            
      <Channel>Microsoft-Windows-Sysmon/Operational</Channel>
      
            
      <Computer>WinDev2309Eval</Computer>
      
            
      <Security UserID=""S-1-5-18""/>
      
        
    </System>
    
        
    <EventData>
      
            
      <Data Name=""RuleName"">-</Data>
      
            
      <Data Name=""UtcTime"">2023-12-28 11:02:04.611</Data>
      
            
      <Data Name=""ProcessGuid"">{fda94052-5558-658d-5702-000000000b00}</Data>
      
            
      <Data Name=""ProcessId"">4884</Data>
      
            
      <Data Name=""Image"">
                C:\Users\User\AppData\Local\Microsoft\OneDrive\OneDriveStandaloneUpdater.exe</Data>
      
            
      <Data Name=""User"">WINDEV2309EVAL\User</Data>
      
        
    </EventData>
    
        
    <RenderingInfo Culture=""en-US"">
      
            
      <Message>Process terminated:

RuleName: -

UtcTime: 2023-12-28
                11:02:04.611

ProcessGuid:
                {fda94052-5558-658d-5702-000000000b00}

ProcessId: 4884

Image:
                C:\Users\User\AppData\Local\Microsoft\OneDrive\OneDriveStandaloneUpdater.exe

User:
                WINDEV2309EVAL\User</Message>
      
            
      <Level>Information</Level>
      
            
      <Task>Process terminated (rule: ProcessTerminate)</Task>
      
            
      <Opcode>Info</Opcode>
      
        
    </RenderingInfo>
    
    
  </Event>
  
    
  
"
Microsoft-Windows-Sysmon/Operational,"""C:\Program Files (x86)\Microsoft\Edge\Application\msedge.exe""
                --type=utility --utility-sub-type=unzip.mojom.Unzipper --lang=en-US
                --service-sandbox-type=service --mojo-platform-channel-handle=6608
                --field-trial-handle=2012,i,14121881332492415831,1209340753367914572,262144
                --variations-seed-version /prefetch:8",Microsoft Corporation,WinDev2309Eval,,"C:\Program Files
                (x86)\Microsoft\Edge\Application\120.0.2210.91\",Microsoft Edge,,,,,,,1,9510,,120.0.2210.91,"
                MD5=F6E7A024CC79AC12294D0DA6072C5073,SHA256=628792B5B5A4D71B8D66B1A1C6B775B84E3A5E64C0C05B8D7138164FBAD5C21A,IMPHASH=EA4CA1F8E3B3D9373D39C13FD1348A63",C:\Program Files (x86)\Microsoft\Edge\Application\msedge.exe,,Low,0x8000000000000000,Information,{fda94052-3502-658d-b367-080000000000},0x867b3,"Process Create:

RuleName: -

UtcTime: 2023-12-28
                11:01:59.607

ProcessGuid:
                {fda94052-55a7-658d-8202-000000000b00}

ProcessId: 11136

Image:
                C:\Program Files (x86)\Microsoft\Edge\Application\msedge.exe

FileVersion:
                120.0.2210.91

Description: Microsoft Edge

Product: Microsoft
                Edge

Company: Microsoft Corporation

OriginalFileName:
                msedge.exe

CommandLine: ""C:\Program Files
                (x86)\Microsoft\Edge\Application\msedge.exe"" --type=utility
                --utility-sub-type=unzip.mojom.Unzipper --lang=en-US --service-sandbox-type=service
                --mojo-platform-channel-handle=6608
                --field-trial-handle=2012,i,14121881332492415831,1209340753367914572,262144
                --variations-seed-version /prefetch:8

CurrentDirectory: C:\Program Files
                (x86)\Microsoft\Edge\Application\120.0.2210.91\

User:
                WINDEV2309EVAL\User

LogonGuid:
                {fda94052-3502-658d-b367-080000000000}

LogonId:
                0x867B3

TerminalSessionId: 1

IntegrityLevel: Low

Hashes:
                MD5=F6E7A024CC79AC12294D0DA6072C5073,SHA256=628792B5B5A4D71B8D66B1A1C6B775B84E3A5E64C0C05B8D7138164FBAD5C21A,IMPHASH=EA4CA1F8E3B3D9373D39C13FD1348A63

ParentProcessGuid:
                {fda94052-b84e-658c-0402-000000000b00}

ParentProcessId:
                8488

ParentImage: C:\Program Files
                (x86)\Microsoft\Edge\Application\msedge.exe

ParentCommandLine: ""C:\Program
                Files (x86)\Microsoft\Edge\Application\msedge.exe"" --no-startup-window
                /prefetch:5

ParentUser: WINDEV2309EVAL\User",Info,msedge.exe,"""C:\Program Files
                (x86)\Microsoft\Edge\Application\msedge.exe"" --no-startup-window /prefetch:5",C:\Program Files (x86)\Microsoft\Edge\Application\msedge.exe,{fda94052-b84e-658c-0402-000000000b00},8488,WINDEV2309EVAL\User,{fda94052-55a7-658d-8202-000000000b00},7044,11136,Microsoft Edge,,,,,"
      
            
      ",-,,,,,,2023-12-28T11:01:59.6096141Z,,,Process Create (rule: ProcessCreate),1,6672,WINDEV2309EVAL\User,S-1-5-18,2023-12-28 11:01:59.607,5,"<Event xmlns=""http://schemas.microsoft.com/win/2004/08/events/event"">
    
        
    <System>
      
            
      <Provider Name=""Microsoft-Windows-Sysmon"" Guid=""{5770385f-c22a-43e0-bf4c-06f5698ffbd9}""/>
      
            
      <EventID>1</EventID>
      
            
      <Version>5</Version>
      
            
      <Level>4</Level>
      
            
      <Task>1</Task>
      
            
      <Opcode>0</Opcode>
      
            
      <Keywords>0x8000000000000000</Keywords>
      
            
      <TimeCreated SystemTime=""2023-12-28T11:01:59.6096141Z""/>
      
            
      <EventRecordID>9510</EventRecordID>
      
            
      <Correlation/>
      
            
      <Execution ProcessID=""7044"" ThreadID=""6672""/>
      
            
      <Channel>Microsoft-Windows-Sysmon/Operational</Channel>
      
            
      <Computer>WinDev2309Eval</Computer>
      
            
      <Security UserID=""S-1-5-18""/>
      
        
    </System>
    
        
    <EventData>
      
            
      <Data Name=""RuleName"">-</Data>
      
            
      <Data Name=""UtcTime"">2023-12-28 11:01:59.607</Data>
      
            
      <Data Name=""ProcessGuid"">{fda94052-55a7-658d-8202-000000000b00}</Data>
      
            
      <Data Name=""ProcessId"">11136</Data>
      
            
      <Data Name=""Image"">C:\Program Files (x86)\Microsoft\Edge\Application\msedge.exe</Data>
      
            
      <Data Name=""FileVersion"">120.0.2210.91</Data>
      
            
      <Data Name=""Description"">Microsoft Edge</Data>
      
            
      <Data Name=""Product"">Microsoft Edge</Data>
      
            
      <Data Name=""Company"">Microsoft Corporation</Data>
      
            
      <Data Name=""OriginalFileName"">msedge.exe</Data>
      
            
      <Data Name=""CommandLine"">""C:\Program Files (x86)\Microsoft\Edge\Application\msedge.exe""
                --type=utility --utility-sub-type=unzip.mojom.Unzipper --lang=en-US
                --service-sandbox-type=service --mojo-platform-channel-handle=6608
                --field-trial-handle=2012,i,14121881332492415831,1209340753367914572,262144
                --variations-seed-version /prefetch:8</Data>
      
            
      <Data Name=""CurrentDirectory"">C:\Program Files
                (x86)\Microsoft\Edge\Application\120.0.2210.91\</Data>
      
            
      <Data Name=""User"">WINDEV2309EVAL\User</Data>
      
            
      <Data Name=""LogonGuid"">{fda94052-3502-658d-b367-080000000000}</Data>
      
            
      <Data Name=""LogonId"">0x867b3</Data>
      
            
      <Data Name=""TerminalSessionId"">1</Data>
      
            
      <Data Name=""IntegrityLevel"">Low</Data>
      
            
      <Data Name=""Hashes"">
                MD5=F6E7A024CC79AC12294D0DA6072C5073,SHA256=628792B5B5A4D71B8D66B1A1C6B775B84E3A5E64C0C05B8D7138164FBAD5C21A,IMPHASH=EA4CA1F8E3B3D9373D39C13FD1348A63</Data>
      
            
      <Data Name=""ParentProcessGuid"">{fda94052-b84e-658c-0402-000000000b00}</Data>
      
            
      <Data Name=""ParentProcessId"">8488</Data>
      
            
      <Data Name=""ParentImage"">C:\Program Files (x86)\Microsoft\Edge\Application\msedge.exe</Data>
      
            
      <Data Name=""ParentCommandLine"">""C:\Program Files
                (x86)\Microsoft\Edge\Application\msedge.exe"" --no-startup-window /prefetch:5</Data>
      
            
      <Data Name=""ParentUser"">WINDEV2309EVAL\User</Data>
      
        
    </EventData>
    
        
    <RenderingInfo Culture=""en-US"">
      
            
      <Message>Process Create:

RuleName: -

UtcTime: 2023-12-28
                11:01:59.607

ProcessGuid:
                {fda94052-55a7-658d-8202-000000000b00}

ProcessId: 11136

Image:
                C:\Program Files (x86)\Microsoft\Edge\Application\msedge.exe

FileVersion:
                120.0.2210.91

Description: Microsoft Edge

Product: Microsoft
                Edge

Company: Microsoft Corporation

OriginalFileName:
                msedge.exe

CommandLine: ""C:\Program Files
                (x86)\Microsoft\Edge\Application\msedge.exe"" --type=utility
                --utility-sub-type=unzip.mojom.Unzipper --lang=en-US --service-sandbox-type=service
                --mojo-platform-channel-handle=6608
                --field-trial-handle=2012,i,14121881332492415831,1209340753367914572,262144
                --variations-seed-version /prefetch:8

CurrentDirectory: C:\Program Files
                (x86)\Microsoft\Edge\Application\120.0.2210.91\

User:
                WINDEV2309EVAL\User

LogonGuid:
                {fda94052-3502-658d-b367-080000000000}

LogonId:
                0x867B3

TerminalSessionId: 1

IntegrityLevel: Low

Hashes:
                MD5=F6E7A024CC79AC12294D0DA6072C5073,SHA256=628792B5B5A4D71B8D66B1A1C6B775B84E3A5E64C0C05B8D7138164FBAD5C21A,IMPHASH=EA4CA1F8E3B3D9373D39C13FD1348A63

ParentProcessGuid:
                {fda94052-b84e-658c-0402-000000000b00}

ParentProcessId:
                8488

ParentImage: C:\Program Files
                (x86)\Microsoft\Edge\Application\msedge.exe

ParentCommandLine: ""C:\Program
                Files (x86)\Microsoft\Edge\Application\msedge.exe"" --no-startup-window
                /prefetch:5

ParentUser: WINDEV2309EVAL\User</Message>
      
            
      <Level>Information</Level>
      
            
      <Task>Process Create (rule: ProcessCreate)</Task>
      
            
      <Opcode>Info</Opcode>
      
        
    </RenderingInfo>
    
    
  </Event>
  
    
  
"
Microsoft-Windows-Sysmon/Operational,"""C:\Program Files (x86)\Microsoft\Edge\Application\msedge.exe""
                --type=utility --utility-sub-type=unzip.mojom.Unzipper --lang=en-US
                --service-sandbox-type=service --mojo-platform-channel-handle=6780
                --field-trial-handle=2012,i,14121881332492415831,1209340753367914572,262144
                --variations-seed-version /prefetch:8",Microsoft Corporation,WinDev2309Eval,,"C:\Program Files
                (x86)\Microsoft\Edge\Application\120.0.2210.91\",Microsoft Edge,,,,,,,1,9509,,120.0.2210.91,"
                MD5=F6E7A024CC79AC12294D0DA6072C5073,SHA256=628792B5B5A4D71B8D66B1A1C6B775B84E3A5E64C0C05B8D7138164FBAD5C21A,IMPHASH=EA4CA1F8E3B3D9373D39C13FD1348A63",C:\Program Files (x86)\Microsoft\Edge\Application\msedge.exe,,Low,0x8000000000000000,Information,{fda94052-3502-658d-b367-080000000000},0x867b3,"Process Create:

RuleName: -

UtcTime: 2023-12-28
                11:01:55.442

ProcessGuid:
                {fda94052-55a3-658d-7f02-000000000b00}

ProcessId: 1772

Image:
                C:\Program Files (x86)\Microsoft\Edge\Application\msedge.exe

FileVersion:
                120.0.2210.91

Description: Microsoft Edge

Product: Microsoft
                Edge

Company: Microsoft Corporation

OriginalFileName:
                msedge.exe

CommandLine: ""C:\Program Files
                (x86)\Microsoft\Edge\Application\msedge.exe"" --type=utility
                --utility-sub-type=unzip.mojom.Unzipper --lang=en-US --service-sandbox-type=service
                --mojo-platform-channel-handle=6780
                --field-trial-handle=2012,i,14121881332492415831,1209340753367914572,262144
                --variations-seed-version /prefetch:8

CurrentDirectory: C:\Program Files
                (x86)\Microsoft\Edge\Application\120.0.2210.91\

User:
                WINDEV2309EVAL\User

LogonGuid:
                {fda94052-3502-658d-b367-080000000000}

LogonId:
                0x867B3

TerminalSessionId: 1

IntegrityLevel: Low

Hashes:
                MD5=F6E7A024CC79AC12294D0DA6072C5073,SHA256=628792B5B5A4D71B8D66B1A1C6B775B84E3A5E64C0C05B8D7138164FBAD5C21A,IMPHASH=EA4CA1F8E3B3D9373D39C13FD1348A63

ParentProcessGuid:
                {fda94052-b84e-658c-0402-000000000b00}

ParentProcessId:
                8488

ParentImage: C:\Program Files
                (x86)\Microsoft\Edge\Application\msedge.exe

ParentCommandLine: ""C:\Program
                Files (x86)\Microsoft\Edge\Application\msedge.exe"" --no-startup-window
                /prefetch:5

ParentUser: WINDEV2309EVAL\User",Info,msedge.exe,"""C:\Program Files
                (x86)\Microsoft\Edge\Application\msedge.exe"" --no-startup-window /prefetch:5",C:\Program Files (x86)\Microsoft\Edge\Application\msedge.exe,{fda94052-b84e-658c-0402-000000000b00},8488,WINDEV2309EVAL\User,{fda94052-55a3-658d-7f02-000000000b00},7044,1772,Microsoft Edge,,,,,"
      
            
      ",-,,,,,,2023-12-28T11:01:55.4432237Z,,,Process Create (rule: ProcessCreate),1,6672,WINDEV2309EVAL\User,S-1-5-18,2023-12-28 11:01:55.442,5,"<Event xmlns=""http://schemas.microsoft.com/win/2004/08/events/event"">
    
        
    <System>
      
            
      <Provider Name=""Microsoft-Windows-Sysmon"" Guid=""{5770385f-c22a-43e0-bf4c-06f5698ffbd9}""/>
      
            
      <EventID>1</EventID>
      
            
      <Version>5</Version>
      
            
      <Level>4</Level>
      
            
      <Task>1</Task>
      
            
      <Opcode>0</Opcode>
      
            
      <Keywords>0x8000000000000000</Keywords>
      
            
      <TimeCreated SystemTime=""2023-12-28T11:01:55.4432237Z""/>
      
            
      <EventRecordID>9509</EventRecordID>
      
            
      <Correlation/>
      
            
      <Execution ProcessID=""7044"" ThreadID=""6672""/>
      
            
      <Channel>Microsoft-Windows-Sysmon/Operational</Channel>
      
            
      <Computer>WinDev2309Eval</Computer>
      
            
      <Security UserID=""S-1-5-18""/>
      
        
    </System>
    
        
    <EventData>
      
            
      <Data Name=""RuleName"">-</Data>
      
            
      <Data Name=""UtcTime"">2023-12-28 11:01:55.442</Data>
      
            
      <Data Name=""ProcessGuid"">{fda94052-55a3-658d-7f02-000000000b00}</Data>
      
            
      <Data Name=""ProcessId"">1772</Data>
      
            
      <Data Name=""Image"">C:\Program Files (x86)\Microsoft\Edge\Application\msedge.exe</Data>
      
            
      <Data Name=""FileVersion"">120.0.2210.91</Data>
      
            
      <Data Name=""Description"">Microsoft Edge</Data>
      
            
      <Data Name=""Product"">Microsoft Edge</Data>
      
            
      <Data Name=""Company"">Microsoft Corporation</Data>
      
            
      <Data Name=""OriginalFileName"">msedge.exe</Data>
      
            
      <Data Name=""CommandLine"">""C:\Program Files (x86)\Microsoft\Edge\Application\msedge.exe""
                --type=utility --utility-sub-type=unzip.mojom.Unzipper --lang=en-US
                --service-sandbox-type=service --mojo-platform-channel-handle=6780
                --field-trial-handle=2012,i,14121881332492415831,1209340753367914572,262144
                --variations-seed-version /prefetch:8</Data>
      
            
      <Data Name=""CurrentDirectory"">C:\Program Files
                (x86)\Microsoft\Edge\Application\120.0.2210.91\</Data>
      
            
      <Data Name=""User"">WINDEV2309EVAL\User</Data>
      
            
      <Data Name=""LogonGuid"">{fda94052-3502-658d-b367-080000000000}</Data>
      
            
      <Data Name=""LogonId"">0x867b3</Data>
      
            
      <Data Name=""TerminalSessionId"">1</Data>
      
            
      <Data Name=""IntegrityLevel"">Low</Data>
      
            
      <Data Name=""Hashes"">
                MD5=F6E7A024CC79AC12294D0DA6072C5073,SHA256=628792B5B5A4D71B8D66B1A1C6B775B84E3A5E64C0C05B8D7138164FBAD5C21A,IMPHASH=EA4CA1F8E3B3D9373D39C13FD1348A63</Data>
      
            
      <Data Name=""ParentProcessGuid"">{fda94052-b84e-658c-0402-000000000b00}</Data>
      
            
      <Data Name=""ParentProcessId"">8488</Data>
      
            
      <Data Name=""ParentImage"">C:\Program Files (x86)\Microsoft\Edge\Application\msedge.exe</Data>
      
            
      <Data Name=""ParentCommandLine"">""C:\Program Files
                (x86)\Microsoft\Edge\Application\msedge.exe"" --no-startup-window /prefetch:5</Data>
      
            
      <Data Name=""ParentUser"">WINDEV2309EVAL\User</Data>
      
        
    </EventData>
    
        
    <RenderingInfo Culture=""en-US"">
      
            
      <Message>Process Create:

RuleName: -

UtcTime: 2023-12-28
                11:01:55.442

ProcessGuid:
                {fda94052-55a3-658d-7f02-000000000b00}

ProcessId: 1772

Image:
                C:\Program Files (x86)\Microsoft\Edge\Application\msedge.exe

FileVersion:
                120.0.2210.91

Description: Microsoft Edge

Product: Microsoft
                Edge

Company: Microsoft Corporation

OriginalFileName:
                msedge.exe

CommandLine: ""C:\Program Files
                (x86)\Microsoft\Edge\Application\msedge.exe"" --type=utility
                --utility-sub-type=unzip.mojom.Unzipper --lang=en-US --service-sandbox-type=service
                --mojo-platform-channel-handle=6780
                --field-trial-handle=2012,i,14121881332492415831,1209340753367914572,262144
                --variations-seed-version /prefetch:8

CurrentDirectory: C:\Program Files
                (x86)\Microsoft\Edge\Application\120.0.2210.91\

User:
                WINDEV2309EVAL\User

LogonGuid:
                {fda94052-3502-658d-b367-080000000000}

LogonId:
                0x867B3

TerminalSessionId: 1

IntegrityLevel: Low

Hashes:
                MD5=F6E7A024CC79AC12294D0DA6072C5073,SHA256=628792B5B5A4D71B8D66B1A1C6B775B84E3A5E64C0C05B8D7138164FBAD5C21A,IMPHASH=EA4CA1F8E3B3D9373D39C13FD1348A63

ParentProcessGuid:
                {fda94052-b84e-658c-0402-000000000b00}

ParentProcessId:
                8488

ParentImage: C:\Program Files
                (x86)\Microsoft\Edge\Application\msedge.exe

ParentCommandLine: ""C:\Program
                Files (x86)\Microsoft\Edge\Application\msedge.exe"" --no-startup-window
                /prefetch:5

ParentUser: WINDEV2309EVAL\User</Message>
      
            
      <Level>Information</Level>
      
            
      <Task>Process Create (rule: ProcessCreate)</Task>
      
            
      <Opcode>Info</Opcode>
      
        
    </RenderingInfo>
    
    
  </Event>
  
    
  
"
Microsoft-Windows-Sysmon/Operational,"""C:\Windows\system32\appidcertstorecheck.exe""",Microsoft Corporation,WinDev2309Eval,,C:\Windows\system32\,AppID Certificate Store Verification Task,,,,,,,1,9508,,10.0.22621.2215 (WinBuild.160101.0800),"
                MD5=570AE15349CB318BCC7B424DAD8CD311,SHA256=57AB41C169FE75E29A8722728830C62650DB657E14FFA9B35CBDFF4DD2C66A62,IMPHASH=7168353EDBE3AB24A184BB681FD55AE6",C:\Windows\System32\appidcertstorecheck.exe,,System,0x8000000000000000,Information,{fda94052-34ec-658d-e503-000000000000},0x3e5,"Process Create:

RuleName: -

UtcTime: 2023-12-28
                11:01:51.546

ProcessGuid:
                {fda94052-559f-658d-7c02-000000000b00}

ProcessId: 5380

Image:
                C:\Windows\System32\appidcertstorecheck.exe

FileVersion: 10.0.22621.2215
                (WinBuild.160101.0800)

Description: AppID Certificate Store Verification
                Task

Product: Microsoft® Windows® Operating System

Company:
                Microsoft Corporation

OriginalFileName:
                AppIDCertstoreCheck.exe

CommandLine:
                ""C:\Windows\system32\appidcertstorecheck.exe""

CurrentDirectory:
                C:\Windows\system32\

User: NT AUTHORITY\LOCAL SERVICE

LogonGuid:
                {fda94052-34ec-658d-e503-000000000000}

LogonId:
                0x3E5

TerminalSessionId: 0

IntegrityLevel: System

Hashes:
                MD5=570AE15349CB318BCC7B424DAD8CD311,SHA256=57AB41C169FE75E29A8722728830C62650DB657E14FFA9B35CBDFF4DD2C66A62,IMPHASH=7168353EDBE3AB24A184BB681FD55AE6

ParentProcessGuid:
                {00000000-0000-0000-0000-000000000000}

ParentProcessId:
                1900

ParentImage: -

ParentCommandLine: -

ParentUser: -",Info,AppIDCertstoreCheck.exe,-,-,{00000000-0000-0000-0000-000000000000},1900,-,{fda94052-559f-658d-7c02-000000000b00},7044,5380,Microsoft® Windows® Operating System,,,,,"
      
            
      ",-,,,,,,2023-12-28T11:01:51.5489075Z,,,Process Create (rule: ProcessCreate),0,6672,NT AUTHORITY\LOCAL SERVICE,S-1-5-18,2023-12-28 11:01:51.546,5,"<Event xmlns=""http://schemas.microsoft.com/win/2004/08/events/event"">
    
        
    <System>
      
            
      <Provider Name=""Microsoft-Windows-Sysmon"" Guid=""{5770385f-c22a-43e0-bf4c-06f5698ffbd9}""/>
      
            
      <EventID>1</EventID>
      
            
      <Version>5</Version>
      
            
      <Level>4</Level>
      
            
      <Task>1</Task>
      
            
      <Opcode>0</Opcode>
      
            
      <Keywords>0x8000000000000000</Keywords>
      
            
      <TimeCreated SystemTime=""2023-12-28T11:01:51.5489075Z""/>
      
            
      <EventRecordID>9508</EventRecordID>
      
            
      <Correlation/>
      
            
      <Execution ProcessID=""7044"" ThreadID=""6672""/>
      
            
      <Channel>Microsoft-Windows-Sysmon/Operational</Channel>
      
            
      <Computer>WinDev2309Eval</Computer>
      
            
      <Security UserID=""S-1-5-18""/>
      
        
    </System>
    
        
    <EventData>
      
            
      <Data Name=""RuleName"">-</Data>
      
            
      <Data Name=""UtcTime"">2023-12-28 11:01:51.546</Data>
      
            
      <Data Name=""ProcessGuid"">{fda94052-559f-658d-7c02-000000000b00}</Data>
      
            
      <Data Name=""ProcessId"">5380</Data>
      
            
      <Data Name=""Image"">C:\Windows\System32\appidcertstorecheck.exe</Data>
      
            
      <Data Name=""FileVersion"">10.0.22621.2215 (WinBuild.160101.0800)</Data>
      
            
      <Data Name=""Description"">AppID Certificate Store Verification Task</Data>
      
            
      <Data Name=""Product"">Microsoft&#174; Windows&#174; Operating System</Data>
      
            
      <Data Name=""Company"">Microsoft Corporation</Data>
      
            
      <Data Name=""OriginalFileName"">AppIDCertstoreCheck.exe</Data>
      
            
      <Data Name=""CommandLine"">""C:\Windows\system32\appidcertstorecheck.exe""</Data>
      
            
      <Data Name=""CurrentDirectory"">C:\Windows\system32\</Data>
      
            
      <Data Name=""User"">NT AUTHORITY\LOCAL SERVICE</Data>
      
            
      <Data Name=""LogonGuid"">{fda94052-34ec-658d-e503-000000000000}</Data>
      
            
      <Data Name=""LogonId"">0x3e5</Data>
      
            
      <Data Name=""TerminalSessionId"">0</Data>
      
            
      <Data Name=""IntegrityLevel"">System</Data>
      
            
      <Data Name=""Hashes"">
                MD5=570AE15349CB318BCC7B424DAD8CD311,SHA256=57AB41C169FE75E29A8722728830C62650DB657E14FFA9B35CBDFF4DD2C66A62,IMPHASH=7168353EDBE3AB24A184BB681FD55AE6</Data>
      
            
      <Data Name=""ParentProcessGuid"">{00000000-0000-0000-0000-000000000000}</Data>
      
            
      <Data Name=""ParentProcessId"">1900</Data>
      
            
      <Data Name=""ParentImage"">-</Data>
      
            
      <Data Name=""ParentCommandLine"">-</Data>
      
            
      <Data Name=""ParentUser"">-</Data>
      
        
    </EventData>
    
        
    <RenderingInfo Culture=""en-US"">
      
            
      <Message>Process Create:

RuleName: -

UtcTime: 2023-12-28
                11:01:51.546

ProcessGuid:
                {fda94052-559f-658d-7c02-000000000b00}

ProcessId: 5380

Image:
                C:\Windows\System32\appidcertstorecheck.exe

FileVersion: 10.0.22621.2215
                (WinBuild.160101.0800)

Description: AppID Certificate Store Verification
                Task

Product: Microsoft&#174; Windows&#174; Operating System

Company:
                Microsoft Corporation

OriginalFileName:
                AppIDCertstoreCheck.exe

CommandLine:
                ""C:\Windows\system32\appidcertstorecheck.exe""

CurrentDirectory:
                C:\Windows\system32\

User: NT AUTHORITY\LOCAL SERVICE

LogonGuid:
                {fda94052-34ec-658d-e503-000000000000}

LogonId:
                0x3E5

TerminalSessionId: 0

IntegrityLevel: System

Hashes:
                MD5=570AE15349CB318BCC7B424DAD8CD311,SHA256=57AB41C169FE75E29A8722728830C62650DB657E14FFA9B35CBDFF4DD2C66A62,IMPHASH=7168353EDBE3AB24A184BB681FD55AE6

ParentProcessGuid:
                {00000000-0000-0000-0000-000000000000}

ParentProcessId:
                1900

ParentImage: -

ParentCommandLine: -

ParentUser: -</Message>
      
            
      <Level>Information</Level>
      
            
      <Task>Process Create (rule: ProcessCreate)</Task>
      
            
      <Opcode>Info</Opcode>
      
        
    </RenderingInfo>
    
    
  </Event>
  
    
  
"
Microsoft-Windows-Sysmon/Operational,"""C:\Program Files (x86)\Microsoft\Edge\Application\msedge.exe""
                --type=utility --utility-sub-type=unzip.mojom.Unzipper --lang=en-US
                --service-sandbox-type=service --mojo-platform-channel-handle=3880
                --field-trial-handle=2012,i,14121881332492415831,1209340753367914572,262144
                --variations-seed-version /prefetch:8",Microsoft Corporation,WinDev2309Eval,,"C:\Program Files
                (x86)\Microsoft\Edge\Application\120.0.2210.91\",Microsoft Edge,,,,,,,1,9507,,120.0.2210.91,"
                MD5=F6E7A024CC79AC12294D0DA6072C5073,SHA256=628792B5B5A4D71B8D66B1A1C6B775B84E3A5E64C0C05B8D7138164FBAD5C21A,IMPHASH=EA4CA1F8E3B3D9373D39C13FD1348A63",C:\Program Files (x86)\Microsoft\Edge\Application\msedge.exe,,Low,0x8000000000000000,Information,{fda94052-3502-658d-b367-080000000000},0x867b3,"Process Create:

RuleName: -

UtcTime: 2023-12-28
                11:01:51.259

ProcessGuid:
                {fda94052-559f-658d-7b02-000000000b00}

ProcessId: 4384

Image:
                C:\Program Files (x86)\Microsoft\Edge\Application\msedge.exe

FileVersion:
                120.0.2210.91

Description: Microsoft Edge

Product: Microsoft
                Edge

Company: Microsoft Corporation

OriginalFileName:
                msedge.exe

CommandLine: ""C:\Program Files
                (x86)\Microsoft\Edge\Application\msedge.exe"" --type=utility
                --utility-sub-type=unzip.mojom.Unzipper --lang=en-US --service-sandbox-type=service
                --mojo-platform-channel-handle=3880
                --field-trial-handle=2012,i,14121881332492415831,1209340753367914572,262144
                --variations-seed-version /prefetch:8

CurrentDirectory: C:\Program Files
                (x86)\Microsoft\Edge\Application\120.0.2210.91\

User:
                WINDEV2309EVAL\User

LogonGuid:
                {fda94052-3502-658d-b367-080000000000}

LogonId:
                0x867B3

TerminalSessionId: 1

IntegrityLevel: Low

Hashes:
                MD5=F6E7A024CC79AC12294D0DA6072C5073,SHA256=628792B5B5A4D71B8D66B1A1C6B775B84E3A5E64C0C05B8D7138164FBAD5C21A,IMPHASH=EA4CA1F8E3B3D9373D39C13FD1348A63

ParentProcessGuid:
                {fda94052-b84e-658c-0402-000000000b00}

ParentProcessId:
                8488

ParentImage: C:\Program Files
                (x86)\Microsoft\Edge\Application\msedge.exe

ParentCommandLine: ""C:\Program
                Files (x86)\Microsoft\Edge\Application\msedge.exe"" --no-startup-window
                /prefetch:5

ParentUser: WINDEV2309EVAL\User",Info,msedge.exe,"""C:\Program Files
                (x86)\Microsoft\Edge\Application\msedge.exe"" --no-startup-window /prefetch:5",C:\Program Files (x86)\Microsoft\Edge\Application\msedge.exe,{fda94052-b84e-658c-0402-000000000b00},8488,WINDEV2309EVAL\User,{fda94052-559f-658d-7b02-000000000b00},7044,4384,Microsoft Edge,,,,,"
      
            
      ",-,,,,,,2023-12-28T11:01:51.2647173Z,,,Process Create (rule: ProcessCreate),1,6672,WINDEV2309EVAL\User,S-1-5-18,2023-12-28 11:01:51.259,5,"<Event xmlns=""http://schemas.microsoft.com/win/2004/08/events/event"">
    
        
    <System>
      
            
      <Provider Name=""Microsoft-Windows-Sysmon"" Guid=""{5770385f-c22a-43e0-bf4c-06f5698ffbd9}""/>
      
            
      <EventID>1</EventID>
      
            
      <Version>5</Version>
      
            
      <Level>4</Level>
      
            
      <Task>1</Task>
      
            
      <Opcode>0</Opcode>
      
            
      <Keywords>0x8000000000000000</Keywords>
      
            
      <TimeCreated SystemTime=""2023-12-28T11:01:51.2647173Z""/>
      
            
      <EventRecordID>9507</EventRecordID>
      
            
      <Correlation/>
      
            
      <Execution ProcessID=""7044"" ThreadID=""6672""/>
      
            
      <Channel>Microsoft-Windows-Sysmon/Operational</Channel>
      
            
      <Computer>WinDev2309Eval</Computer>
      
            
      <Security UserID=""S-1-5-18""/>
      
        
    </System>
    
        
    <EventData>
      
            
      <Data Name=""RuleName"">-</Data>
      
            
      <Data Name=""UtcTime"">2023-12-28 11:01:51.259</Data>
      
            
      <Data Name=""ProcessGuid"">{fda94052-559f-658d-7b02-000000000b00}</Data>
      
            
      <Data Name=""ProcessId"">4384</Data>
      
            
      <Data Name=""Image"">C:\Program Files (x86)\Microsoft\Edge\Application\msedge.exe</Data>
      
            
      <Data Name=""FileVersion"">120.0.2210.91</Data>
      
            
      <Data Name=""Description"">Microsoft Edge</Data>
      
            
      <Data Name=""Product"">Microsoft Edge</Data>
      
            
      <Data Name=""Company"">Microsoft Corporation</Data>
      
            
      <Data Name=""OriginalFileName"">msedge.exe</Data>
      
            
      <Data Name=""CommandLine"">""C:\Program Files (x86)\Microsoft\Edge\Application\msedge.exe""
                --type=utility --utility-sub-type=unzip.mojom.Unzipper --lang=en-US
                --service-sandbox-type=service --mojo-platform-channel-handle=3880
                --field-trial-handle=2012,i,14121881332492415831,1209340753367914572,262144
                --variations-seed-version /prefetch:8</Data>
      
            
      <Data Name=""CurrentDirectory"">C:\Program Files
                (x86)\Microsoft\Edge\Application\120.0.2210.91\</Data>
      
            
      <Data Name=""User"">WINDEV2309EVAL\User</Data>
      
            
      <Data Name=""LogonGuid"">{fda94052-3502-658d-b367-080000000000}</Data>
      
            
      <Data Name=""LogonId"">0x867b3</Data>
      
            
      <Data Name=""TerminalSessionId"">1</Data>
      
            
      <Data Name=""IntegrityLevel"">Low</Data>
      
            
      <Data Name=""Hashes"">
                MD5=F6E7A024CC79AC12294D0DA6072C5073,SHA256=628792B5B5A4D71B8D66B1A1C6B775B84E3A5E64C0C05B8D7138164FBAD5C21A,IMPHASH=EA4CA1F8E3B3D9373D39C13FD1348A63</Data>
      
            
      <Data Name=""ParentProcessGuid"">{fda94052-b84e-658c-0402-000000000b00}</Data>
      
            
      <Data Name=""ParentProcessId"">8488</Data>
      
            
      <Data Name=""ParentImage"">C:\Program Files (x86)\Microsoft\Edge\Application\msedge.exe</Data>
      
            
      <Data Name=""ParentCommandLine"">""C:\Program Files
                (x86)\Microsoft\Edge\Application\msedge.exe"" --no-startup-window /prefetch:5</Data>
      
            
      <Data Name=""ParentUser"">WINDEV2309EVAL\User</Data>
      
        
    </EventData>
    
        
    <RenderingInfo Culture=""en-US"">
      
            
      <Message>Process Create:

RuleName: -

UtcTime: 2023-12-28
                11:01:51.259

ProcessGuid:
                {fda94052-559f-658d-7b02-000000000b00}

ProcessId: 4384

Image:
                C:\Program Files (x86)\Microsoft\Edge\Application\msedge.exe

FileVersion:
                120.0.2210.91

Description: Microsoft Edge

Product: Microsoft
                Edge

Company: Microsoft Corporation

OriginalFileName:
                msedge.exe

CommandLine: ""C:\Program Files
                (x86)\Microsoft\Edge\Application\msedge.exe"" --type=utility
                --utility-sub-type=unzip.mojom.Unzipper --lang=en-US --service-sandbox-type=service
                --mojo-platform-channel-handle=3880
                --field-trial-handle=2012,i,14121881332492415831,1209340753367914572,262144
                --variations-seed-version /prefetch:8

CurrentDirectory: C:\Program Files
                (x86)\Microsoft\Edge\Application\120.0.2210.91\

User:
                WINDEV2309EVAL\User

LogonGuid:
                {fda94052-3502-658d-b367-080000000000}

LogonId:
                0x867B3

TerminalSessionId: 1

IntegrityLevel: Low

Hashes:
                MD5=F6E7A024CC79AC12294D0DA6072C5073,SHA256=628792B5B5A4D71B8D66B1A1C6B775B84E3A5E64C0C05B8D7138164FBAD5C21A,IMPHASH=EA4CA1F8E3B3D9373D39C13FD1348A63

ParentProcessGuid:
                {fda94052-b84e-658c-0402-000000000b00}

ParentProcessId:
                8488

ParentImage: C:\Program Files
                (x86)\Microsoft\Edge\Application\msedge.exe

ParentCommandLine: ""C:\Program
                Files (x86)\Microsoft\Edge\Application\msedge.exe"" --no-startup-window
                /prefetch:5

ParentUser: WINDEV2309EVAL\User</Message>
      
            
      <Level>Information</Level>
      
            
      <Task>Process Create (rule: ProcessCreate)</Task>
      
            
      <Opcode>Info</Opcode>
      
        
    </RenderingInfo>
    
    
  </Event>
  
    
  
"
Microsoft-Windows-Sysmon/Operational,"\\?\C:\Windows\System32\SecurityHealth\1.0.2306.10002-0\SecurityHealthHost.exe
                {08728914-3F57-4D52-9E31-49DAECA5A80A} -Embedding",Microsoft Corporation,WinDev2309Eval,,C:\Windows\system32\,Windows Security Health Host,,,,,,,1,9506,,10.0.25873.1001 (WinBuild.160101.0800),"
                MD5=193DC58240D8AC4EC1618FFAE14CAE71,SHA256=8D771C8A91614B85416B3EB328460E80183B38F2DC35C7A26578206AF145F419,IMPHASH=FBC9E5DE00516A75FFF7C4A11857FB1D","
                C:\Windows\System32\SecurityHealth\1.0.2306.10002-0\SecurityHealthHost.exe",,Medium,0x8000000000000000,Information,{fda94052-3502-658d-b367-080000000000},0x867b3,"Process Create:

RuleName: -

UtcTime: 2023-12-28
                11:01:27.583

ProcessGuid:
                {fda94052-5587-658d-7a02-000000000b00}

ProcessId: 1068

Image:
                C:\Windows\System32\SecurityHealth\1.0.2306.10002-0\SecurityHealthHost.exe

FileVersion:
                10.0.25873.1001 (WinBuild.160101.0800)

Description: Windows Security Health
                Host

Product: Microsoft® Windows® Operating System

Company:
                Microsoft Corporation

OriginalFileName:
                SecurityHealthHost.exe

CommandLine:
                \\?\C:\Windows\System32\SecurityHealth\1.0.2306.10002-0\SecurityHealthHost.exe
                {08728914-3F57-4D52-9E31-49DAECA5A80A} -Embedding

CurrentDirectory:
                C:\Windows\system32\

User: WINDEV2309EVAL\User

LogonGuid:
                {fda94052-3502-658d-b367-080000000000}

LogonId:
                0x867B3

TerminalSessionId: 1

IntegrityLevel:
                Medium

Hashes:
                MD5=193DC58240D8AC4EC1618FFAE14CAE71,SHA256=8D771C8A91614B85416B3EB328460E80183B38F2DC35C7A26578206AF145F419,IMPHASH=FBC9E5DE00516A75FFF7C4A11857FB1D

ParentProcessGuid:
                {00000000-0000-0000-0000-000000000000}

ParentProcessId:
                932

ParentImage: -

ParentCommandLine: -

ParentUser: -",Info,SecurityHealthHost.exe,-,-,{00000000-0000-0000-0000-000000000000},932,-,{fda94052-5587-658d-7a02-000000000b00},7044,1068,Microsoft® Windows® Operating System,,,,,"
      
            
      ",-,,,,,,2023-12-28T11:01:27.5845515Z,,,Process Create (rule: ProcessCreate),1,6672,WINDEV2309EVAL\User,S-1-5-18,2023-12-28 11:01:27.583,5,"<Event xmlns=""http://schemas.microsoft.com/win/2004/08/events/event"">
    
        
    <System>
      
            
      <Provider Name=""Microsoft-Windows-Sysmon"" Guid=""{5770385f-c22a-43e0-bf4c-06f5698ffbd9}""/>
      
            
      <EventID>1</EventID>
      
            
      <Version>5</Version>
      
            
      <Level>4</Level>
      
            
      <Task>1</Task>
      
            
      <Opcode>0</Opcode>
      
            
      <Keywords>0x8000000000000000</Keywords>
      
            
      <TimeCreated SystemTime=""2023-12-28T11:01:27.5845515Z""/>
      
            
      <EventRecordID>9506</EventRecordID>
      
            
      <Correlation/>
      
            
      <Execution ProcessID=""7044"" ThreadID=""6672""/>
      
            
      <Channel>Microsoft-Windows-Sysmon/Operational</Channel>
      
            
      <Computer>WinDev2309Eval</Computer>
      
            
      <Security UserID=""S-1-5-18""/>
      
        
    </System>
    
        
    <EventData>
      
            
      <Data Name=""RuleName"">-</Data>
      
            
      <Data Name=""UtcTime"">2023-12-28 11:01:27.583</Data>
      
            
      <Data Name=""ProcessGuid"">{fda94052-5587-658d-7a02-000000000b00}</Data>
      
            
      <Data Name=""ProcessId"">1068</Data>
      
            
      <Data Name=""Image"">
                C:\Windows\System32\SecurityHealth\1.0.2306.10002-0\SecurityHealthHost.exe</Data>
      
            
      <Data Name=""FileVersion"">10.0.25873.1001 (WinBuild.160101.0800)</Data>
      
            
      <Data Name=""Description"">Windows Security Health Host</Data>
      
            
      <Data Name=""Product"">Microsoft&#174; Windows&#174; Operating System</Data>
      
            
      <Data Name=""Company"">Microsoft Corporation</Data>
      
            
      <Data Name=""OriginalFileName"">SecurityHealthHost.exe</Data>
      
            
      <Data Name=""CommandLine"">\\?\C:\Windows\System32\SecurityHealth\1.0.2306.10002-0\SecurityHealthHost.exe
                {08728914-3F57-4D52-9E31-49DAECA5A80A} -Embedding</Data>
      
            
      <Data Name=""CurrentDirectory"">C:\Windows\system32\</Data>
      
            
      <Data Name=""User"">WINDEV2309EVAL\User</Data>
      
            
      <Data Name=""LogonGuid"">{fda94052-3502-658d-b367-080000000000}</Data>
      
            
      <Data Name=""LogonId"">0x867b3</Data>
      
            
      <Data Name=""TerminalSessionId"">1</Data>
      
            
      <Data Name=""IntegrityLevel"">Medium</Data>
      
            
      <Data Name=""Hashes"">
                MD5=193DC58240D8AC4EC1618FFAE14CAE71,SHA256=8D771C8A91614B85416B3EB328460E80183B38F2DC35C7A26578206AF145F419,IMPHASH=FBC9E5DE00516A75FFF7C4A11857FB1D</Data>
      
            
      <Data Name=""ParentProcessGuid"">{00000000-0000-0000-0000-000000000000}</Data>
      
            
      <Data Name=""ParentProcessId"">932</Data>
      
            
      <Data Name=""ParentImage"">-</Data>
      
            
      <Data Name=""ParentCommandLine"">-</Data>
      
            
      <Data Name=""ParentUser"">-</Data>
      
        
    </EventData>
    
        
    <RenderingInfo Culture=""en-US"">
      
            
      <Message>Process Create:

RuleName: -

UtcTime: 2023-12-28
                11:01:27.583

ProcessGuid:
                {fda94052-5587-658d-7a02-000000000b00}

ProcessId: 1068

Image:
                C:\Windows\System32\SecurityHealth\1.0.2306.10002-0\SecurityHealthHost.exe

FileVersion:
                10.0.25873.1001 (WinBuild.160101.0800)

Description: Windows Security Health
                Host

Product: Microsoft&#174; Windows&#174; Operating System

Company:
                Microsoft Corporation

OriginalFileName:
                SecurityHealthHost.exe

CommandLine:
                \\?\C:\Windows\System32\SecurityHealth\1.0.2306.10002-0\SecurityHealthHost.exe
                {08728914-3F57-4D52-9E31-49DAECA5A80A} -Embedding

CurrentDirectory:
                C:\Windows\system32\

User: WINDEV2309EVAL\User

LogonGuid:
                {fda94052-3502-658d-b367-080000000000}

LogonId:
                0x867B3

TerminalSessionId: 1

IntegrityLevel:
                Medium

Hashes:
                MD5=193DC58240D8AC4EC1618FFAE14CAE71,SHA256=8D771C8A91614B85416B3EB328460E80183B38F2DC35C7A26578206AF145F419,IMPHASH=FBC9E5DE00516A75FFF7C4A11857FB1D

ParentProcessGuid:
                {00000000-0000-0000-0000-000000000000}

ParentProcessId:
                932

ParentImage: -

ParentCommandLine: -

ParentUser: -</Message>
      
            
      <Level>Information</Level>
      
            
      <Task>Process Create (rule: ProcessCreate)</Task>
      
            
      <Opcode>Info</Opcode>
      
        
    </RenderingInfo>
    
    
  </Event>
  
    
  
"
