Microsoft-Windows-Sysmon/Operational,,,WinDev2309Eval,2023-12-02 10:04:50.000,,,,,,,,,11,9494,,,,C:\Windows\system32\svchost.exe,,,0x8000000000000000,Information,,,"File created:

RuleName: DLL

UtcTime: 2023-12-28
                11:01:17.964

ProcessGuid:
                {fda94052-34fa-658d-8a00-000000000b00}

ProcessId: 5868

Image:
                C:\Windows\system32\svchost.exe

TargetFilename:
                C:\Windows\SoftwareDistribution\Download\7bd97cc524ebd8114e77ca1991fbf2f3\Metadata\Mitigation.dll

CreationUtcTime:
                2023-12-02 10:04:50.000

User: NT AUTHORITY\SYSTEM",Info,,,,,,,{fda94052-34fa-658d-8a00-000000000b00},7044,5868,,,,,,"
      
            
      ",DLL,,,,,,2023-12-28T11:01:17.9652278Z,"
                C:\Windows\SoftwareDistribution\Download\7bd97cc524ebd8114e77ca1991fbf2f3\Metadata\Mitigation.dll",,File created (rule: FileCreate),,6672,NT AUTHORITY\SYSTEM,S-1-5-18,2023-12-28 11:01:17.964,2,"<Event xmlns=""http://schemas.microsoft.com/win/2004/08/events/event"">
    
        
    <System>
      
            
      <Provider Name=""Microsoft-Windows-Sysmon"" Guid=""{5770385f-c22a-43e0-bf4c-06f5698ffbd9}""/>
      
            
      <EventID>11</EventID>
      
            
      <Version>2</Version>
      
            
      <Level>4</Level>
      
            
      <Task>11</Task>
      
            
      <Opcode>0</Opcode>
      
            
      <Keywords>0x8000000000000000</Keywords>
      
            
      <TimeCreated SystemTime=""2023-12-28T11:01:17.9652278Z""/>
      
            
      <EventRecordID>9494</EventRecordID>
      
            
      <Correlation/>
      
            
      <Execution ProcessID=""7044"" ThreadID=""6672""/>
      
            
      <Channel>Microsoft-Windows-Sysmon/Operational</Channel>
      
            
      <Computer>WinDev2309Eval</Computer>
      
            
      <Security UserID=""S-1-5-18""/>
      
        
    </System>
    
        
    <EventData>
      
            
      <Data Name=""RuleName"">DLL</Data>
      
            
      <Data Name=""UtcTime"">2023-12-28 11:01:17.964</Data>
      
            
      <Data Name=""ProcessGuid"">{fda94052-34fa-658d-8a00-000000000b00}</Data>
      
            
      <Data Name=""ProcessId"">5868</Data>
      
            
      <Data Name=""Image"">C:\Windows\system32\svchost.exe</Data>
      
            
      <Data Name=""TargetFilename"">
                C:\Windows\SoftwareDistribution\Download\7bd97cc524ebd8114e77ca1991fbf2f3\Metadata\Mitigation.dll</Data>
      
            
      <Data Name=""CreationUtcTime"">2023-12-02 10:04:50.000</Data>
      
            
      <Data Name=""User"">NT AUTHORITY\SYSTEM</Data>
      
        
    </EventData>
    
        
    <RenderingInfo Culture=""en-US"">
      
            
      <Message>File created:

RuleName: DLL

UtcTime: 2023-12-28
                11:01:17.964

ProcessGuid:
                {fda94052-34fa-658d-8a00-000000000b00}

ProcessId: 5868

Image:
                C:\Windows\system32\svchost.exe

TargetFilename:
                C:\Windows\SoftwareDistribution\Download\7bd97cc524ebd8114e77ca1991fbf2f3\Metadata\Mitigation.dll

CreationUtcTime:
                2023-12-02 10:04:50.000

User: NT AUTHORITY\SYSTEM</Message>
      
            
      <Level>Information</Level>
      
            
      <Task>File created (rule: FileCreate)</Task>
      
            
      <Opcode>Info</Opcode>
      
        
    </RenderingInfo>
    
    
  </Event>
  
    
  
"
Microsoft-Windows-Sysmon/Operational,,,WinDev2309Eval,2023-12-02 04:13:54.000,,,,,,,,,11,9493,,,,C:\Windows\system32\svchost.exe,,,0x8000000000000000,Information,,,"File created:

RuleName: DLL

UtcTime: 2023-12-28
                11:01:17.949

ProcessGuid:
                {fda94052-34fa-658d-8a00-000000000b00}

ProcessId: 5868

Image:
                C:\Windows\system32\svchost.exe

TargetFilename:
                C:\Windows\SoftwareDistribution\Download\7bd97cc524ebd8114e77ca1991fbf2f3\Metadata\dpx.dll

CreationUtcTime:
                2023-12-02 04:13:54.000

User: NT AUTHORITY\SYSTEM",Info,,,,,,,{fda94052-34fa-658d-8a00-000000000b00},7044,5868,,,,,,"
      
            
      ",DLL,,,,,,2023-12-28T11:01:17.9584647Z,"
                C:\Windows\SoftwareDistribution\Download\7bd97cc524ebd8114e77ca1991fbf2f3\Metadata\dpx.dll",,File created (rule: FileCreate),,6672,NT AUTHORITY\SYSTEM,S-1-5-18,2023-12-28 11:01:17.949,2,"<Event xmlns=""http://schemas.microsoft.com/win/2004/08/events/event"">
    
        
    <System>
      
            
      <Provider Name=""Microsoft-Windows-Sysmon"" Guid=""{5770385f-c22a-43e0-bf4c-06f5698ffbd9}""/>
      
            
      <EventID>11</EventID>
      
            
      <Version>2</Version>
      
            
      <Level>4</Level>
      
            
      <Task>11</Task>
      
            
      <Opcode>0</Opcode>
      
            
      <Keywords>0x8000000000000000</Keywords>
      
            
      <TimeCreated SystemTime=""2023-12-28T11:01:17.9584647Z""/>
      
            
      <EventRecordID>9493</EventRecordID>
      
            
      <Correlation/>
      
            
      <Execution ProcessID=""7044"" ThreadID=""6672""/>
      
            
      <Channel>Microsoft-Windows-Sysmon/Operational</Channel>
      
            
      <Computer>WinDev2309Eval</Computer>
      
            
      <Security UserID=""S-1-5-18""/>
      
        
    </System>
    
        
    <EventData>
      
            
      <Data Name=""RuleName"">DLL</Data>
      
            
      <Data Name=""UtcTime"">2023-12-28 11:01:17.949</Data>
      
            
      <Data Name=""ProcessGuid"">{fda94052-34fa-658d-8a00-000000000b00}</Data>
      
            
      <Data Name=""ProcessId"">5868</Data>
      
            
      <Data Name=""Image"">C:\Windows\system32\svchost.exe</Data>
      
            
      <Data Name=""TargetFilename"">
                C:\Windows\SoftwareDistribution\Download\7bd97cc524ebd8114e77ca1991fbf2f3\Metadata\dpx.dll</Data>
      
            
      <Data Name=""CreationUtcTime"">2023-12-02 04:13:54.000</Data>
      
            
      <Data Name=""User"">NT AUTHORITY\SYSTEM</Data>
      
        
    </EventData>
    
        
    <RenderingInfo Culture=""en-US"">
      
            
      <Message>File created:

RuleName: DLL

UtcTime: 2023-12-28
                11:01:17.949

ProcessGuid:
                {fda94052-34fa-658d-8a00-000000000b00}

ProcessId: 5868

Image:
                C:\Windows\system32\svchost.exe

TargetFilename:
                C:\Windows\SoftwareDistribution\Download\7bd97cc524ebd8114e77ca1991fbf2f3\Metadata\dpx.dll

CreationUtcTime:
                2023-12-02 04:13:54.000

User: NT AUTHORITY\SYSTEM</Message>
      
            
      <Level>Information</Level>
      
            
      <Task>File created (rule: FileCreate)</Task>
      
            
      <Opcode>Info</Opcode>
      
        
    </RenderingInfo>
    
    
  </Event>
  
    
  
"
Microsoft-Windows-Sysmon/Operational,,,WinDev2309Eval,2023-12-02 04:13:52.000,,,,,,,,,11,9492,,,,C:\Windows\system32\svchost.exe,,,0x8000000000000000,Information,,,"File created:

RuleName: DLL

UtcTime: 2023-12-28
                11:01:17.933

ProcessGuid:
                {fda94052-34fa-658d-8a00-000000000b00}

ProcessId: 5868

Image:
                C:\Windows\system32\svchost.exe

TargetFilename:
                C:\Windows\SoftwareDistribution\Download\7bd97cc524ebd8114e77ca1991fbf2f3\Metadata\UpdateAgent.dll

CreationUtcTime:
                2023-12-02 04:13:52.000

User: NT AUTHORITY\SYSTEM",Info,,,,,,,{fda94052-34fa-658d-8a00-000000000b00},7044,5868,,,,,,"
      
            
      ",DLL,,,,,,2023-12-28T11:01:17.9337207Z,"
                C:\Windows\SoftwareDistribution\Download\7bd97cc524ebd8114e77ca1991fbf2f3\Metadata\UpdateAgent.dll",,File created (rule: FileCreate),,6672,NT AUTHORITY\SYSTEM,S-1-5-18,2023-12-28 11:01:17.933,2,"<Event xmlns=""http://schemas.microsoft.com/win/2004/08/events/event"">
    
        
    <System>
      
            
      <Provider Name=""Microsoft-Windows-Sysmon"" Guid=""{5770385f-c22a-43e0-bf4c-06f5698ffbd9}""/>
      
            
      <EventID>11</EventID>
      
            
      <Version>2</Version>
      
            
      <Level>4</Level>
      
            
      <Task>11</Task>
      
            
      <Opcode>0</Opcode>
      
            
      <Keywords>0x8000000000000000</Keywords>
      
            
      <TimeCreated SystemTime=""2023-12-28T11:01:17.9337207Z""/>
      
            
      <EventRecordID>9492</EventRecordID>
      
            
      <Correlation/>
      
            
      <Execution ProcessID=""7044"" ThreadID=""6672""/>
      
            
      <Channel>Microsoft-Windows-Sysmon/Operational</Channel>
      
            
      <Computer>WinDev2309Eval</Computer>
      
            
      <Security UserID=""S-1-5-18""/>
      
        
    </System>
    
        
    <EventData>
      
            
      <Data Name=""RuleName"">DLL</Data>
      
            
      <Data Name=""UtcTime"">2023-12-28 11:01:17.933</Data>
      
            
      <Data Name=""ProcessGuid"">{fda94052-34fa-658d-8a00-000000000b00}</Data>
      
            
      <Data Name=""ProcessId"">5868</Data>
      
            
      <Data Name=""Image"">C:\Windows\system32\svchost.exe</Data>
      
            
      <Data Name=""TargetFilename"">
                C:\Windows\SoftwareDistribution\Download\7bd97cc524ebd8114e77ca1991fbf2f3\Metadata\UpdateAgent.dll</Data>
      
            
      <Data Name=""CreationUtcTime"">2023-12-02 04:13:52.000</Data>
      
            
      <Data Name=""User"">NT AUTHORITY\SYSTEM</Data>
      
        
    </EventData>
    
        
    <RenderingInfo Culture=""en-US"">
      
            
      <Message>File created:

RuleName: DLL

UtcTime: 2023-12-28
                11:01:17.933

ProcessGuid:
                {fda94052-34fa-658d-8a00-000000000b00}

ProcessId: 5868

Image:
                C:\Windows\system32\svchost.exe

TargetFilename:
                C:\Windows\SoftwareDistribution\Download\7bd97cc524ebd8114e77ca1991fbf2f3\Metadata\UpdateAgent.dll

CreationUtcTime:
                2023-12-02 04:13:52.000

User: NT AUTHORITY\SYSTEM</Message>
      
            
      <Level>Information</Level>
      
            
      <Task>File created (rule: FileCreate)</Task>
      
            
      <Opcode>Info</Opcode>
      
        
    </RenderingInfo>
    
    
  </Event>
  
    
  
"
Microsoft-Windows-Sysmon/Operational,,,WinDev2309Eval,2023-12-28 11:01:17.728,,,,,,,,,11,9491,,,,C:\Windows\system32\svchost.exe,,,0x8000000000000000,Information,,,"File created:

RuleName: DLL

UtcTime: 2023-12-28
                11:01:17.728

ProcessGuid:
                {fda94052-34fa-658d-8a00-000000000b00}

ProcessId: 5868

Image:
                C:\Windows\system32\svchost.exe

TargetFilename:
                C:\Windows\SystemTemp\{CF1C3FB2-DD8D-4614-9576-ED927435A111}\ssshim.dll

CreationUtcTime:
                2023-12-28 11:01:17.728

User: NT AUTHORITY\SYSTEM",Info,,,,,,,{fda94052-34fa-658d-8a00-000000000b00},7044,5868,,,,,,"
      
            
      ",DLL,,,,,,2023-12-28T11:01:17.7410351Z,"
                C:\Windows\SystemTemp\{CF1C3FB2-DD8D-4614-9576-ED927435A111}\ssshim.dll",,File created (rule: FileCreate),,6672,NT AUTHORITY\SYSTEM,S-1-5-18,2023-12-28 11:01:17.728,2,"<Event xmlns=""http://schemas.microsoft.com/win/2004/08/events/event"">
    
        
    <System>
      
            
      <Provider Name=""Microsoft-Windows-Sysmon"" Guid=""{5770385f-c22a-43e0-bf4c-06f5698ffbd9}""/>
      
            
      <EventID>11</EventID>
      
            
      <Version>2</Version>
      
            
      <Level>4</Level>
      
            
      <Task>11</Task>
      
            
      <Opcode>0</Opcode>
      
            
      <Keywords>0x8000000000000000</Keywords>
      
            
      <TimeCreated SystemTime=""2023-12-28T11:01:17.7410351Z""/>
      
            
      <EventRecordID>9491</EventRecordID>
      
            
      <Correlation/>
      
            
      <Execution ProcessID=""7044"" ThreadID=""6672""/>
      
            
      <Channel>Microsoft-Windows-Sysmon/Operational</Channel>
      
            
      <Computer>WinDev2309Eval</Computer>
      
            
      <Security UserID=""S-1-5-18""/>
      
        
    </System>
    
        
    <EventData>
      
            
      <Data Name=""RuleName"">DLL</Data>
      
            
      <Data Name=""UtcTime"">2023-12-28 11:01:17.728</Data>
      
            
      <Data Name=""ProcessGuid"">{fda94052-34fa-658d-8a00-000000000b00}</Data>
      
            
      <Data Name=""ProcessId"">5868</Data>
      
            
      <Data Name=""Image"">C:\Windows\system32\svchost.exe</Data>
      
            
      <Data Name=""TargetFilename"">
                C:\Windows\SystemTemp\{CF1C3FB2-DD8D-4614-9576-ED927435A111}\ssshim.dll</Data>
      
            
      <Data Name=""CreationUtcTime"">2023-12-28 11:01:17.728</Data>
      
            
      <Data Name=""User"">NT AUTHORITY\SYSTEM</Data>
      
        
    </EventData>
    
        
    <RenderingInfo Culture=""en-US"">
      
            
      <Message>File created:

RuleName: DLL

UtcTime: 2023-12-28
                11:01:17.728

ProcessGuid:
                {fda94052-34fa-658d-8a00-000000000b00}

ProcessId: 5868

Image:
                C:\Windows\system32\svchost.exe

TargetFilename:
                C:\Windows\SystemTemp\{CF1C3FB2-DD8D-4614-9576-ED927435A111}\ssshim.dll

CreationUtcTime:
                2023-12-28 11:01:17.728

User: NT AUTHORITY\SYSTEM</Message>
      
            
      <Level>Information</Level>
      
            
      <Task>File created (rule: FileCreate)</Task>
      
            
      <Opcode>Info</Opcode>
      
        
    </RenderingInfo>
    
    
  </Event>
  
    
  
"
Microsoft-Windows-Sysmon/Operational,,,WinDev2309Eval,2023-12-28 11:01:17.647,,,,,,,,,11,9490,,,,C:\Windows\uus\packages\preview\AMD64\MoUsoCoreWorker.exe,,,0x8000000000000000,Information,,,"File created:

RuleName: DLL

UtcTime: 2023-12-28
                11:01:17.647

ProcessGuid:
                {fda94052-34fa-658d-8900-000000000b00}

ProcessId: 5812

Image:
                C:\Windows\uus\packages\preview\AMD64\MoUsoCoreWorker.exe

TargetFilename:
                C:\Windows\SystemTemp\{8D931EBD-90FF-47E9-B7E1-CBF18D33B771}\ssshim.dll

CreationUtcTime:
                2023-12-28 11:01:17.647

User: NT AUTHORITY\SYSTEM",Info,,,,,,,{fda94052-34fa-658d-8900-000000000b00},7044,5812,,,,,,"
      
            
      ",DLL,,,,,,2023-12-28T11:01:17.6601595Z,"
                C:\Windows\SystemTemp\{8D931EBD-90FF-47E9-B7E1-CBF18D33B771}\ssshim.dll",,File created (rule: FileCreate),,6672,NT AUTHORITY\SYSTEM,S-1-5-18,2023-12-28 11:01:17.647,2,"<Event xmlns=""http://schemas.microsoft.com/win/2004/08/events/event"">
    
        
    <System>
      
            
      <Provider Name=""Microsoft-Windows-Sysmon"" Guid=""{5770385f-c22a-43e0-bf4c-06f5698ffbd9}""/>
      
            
      <EventID>11</EventID>
      
            
      <Version>2</Version>
      
            
      <Level>4</Level>
      
            
      <Task>11</Task>
      
            
      <Opcode>0</Opcode>
      
            
      <Keywords>0x8000000000000000</Keywords>
      
            
      <TimeCreated SystemTime=""2023-12-28T11:01:17.6601595Z""/>
      
            
      <EventRecordID>9490</EventRecordID>
      
            
      <Correlation/>
      
            
      <Execution ProcessID=""7044"" ThreadID=""6672""/>
      
            
      <Channel>Microsoft-Windows-Sysmon/Operational</Channel>
      
            
      <Computer>WinDev2309Eval</Computer>
      
            
      <Security UserID=""S-1-5-18""/>
      
        
    </System>
    
        
    <EventData>
      
            
      <Data Name=""RuleName"">DLL</Data>
      
            
      <Data Name=""UtcTime"">2023-12-28 11:01:17.647</Data>
      
            
      <Data Name=""ProcessGuid"">{fda94052-34fa-658d-8900-000000000b00}</Data>
      
            
      <Data Name=""ProcessId"">5812</Data>
      
            
      <Data Name=""Image"">C:\Windows\uus\packages\preview\AMD64\MoUsoCoreWorker.exe</Data>
      
            
      <Data Name=""TargetFilename"">
                C:\Windows\SystemTemp\{8D931EBD-90FF-47E9-B7E1-CBF18D33B771}\ssshim.dll</Data>
      
            
      <Data Name=""CreationUtcTime"">2023-12-28 11:01:17.647</Data>
      
            
      <Data Name=""User"">NT AUTHORITY\SYSTEM</Data>
      
        
    </EventData>
    
        
    <RenderingInfo Culture=""en-US"">
      
            
      <Message>File created:

RuleName: DLL

UtcTime: 2023-12-28
                11:01:17.647

ProcessGuid:
                {fda94052-34fa-658d-8900-000000000b00}

ProcessId: 5812

Image:
                C:\Windows\uus\packages\preview\AMD64\MoUsoCoreWorker.exe

TargetFilename:
                C:\Windows\SystemTemp\{8D931EBD-90FF-47E9-B7E1-CBF18D33B771}\ssshim.dll

CreationUtcTime:
                2023-12-28 11:01:17.647

User: NT AUTHORITY\SYSTEM</Message>
      
            
      <Level>Information</Level>
      
            
      <Task>File created (rule: FileCreate)</Task>
      
            
      <Opcode>Info</Opcode>
      
        
    </RenderingInfo>
    
    
  </Event>
  
    
  
"
Microsoft-Windows-Sysmon/Operational,,,WinDev2309Eval,2023-12-28 11:01:16.548,,,,,,,,,11,9489,,,,C:\Windows\system32\svchost.exe,,,0x8000000000000000,Information,,,"File created:

RuleName: DLL

UtcTime: 2023-12-28
                11:01:16.548

ProcessGuid:
                {fda94052-34fa-658d-8a00-000000000b00}

ProcessId: 5868

Image:
                C:\Windows\system32\svchost.exe

TargetFilename:
                C:\Windows\SystemTemp\{FF98F0D5-FCBD-4A4A-8F8D-8ACD6680DD5D}\ssshim.dll

CreationUtcTime:
                2023-12-28 11:01:16.548

User: NT AUTHORITY\SYSTEM",Info,,,,,,,{fda94052-34fa-658d-8a00-000000000b00},7044,5868,,,,,,"
      
            
      ",DLL,,,,,,2023-12-28T11:01:16.5538499Z,"
                C:\Windows\SystemTemp\{FF98F0D5-FCBD-4A4A-8F8D-8ACD6680DD5D}\ssshim.dll",,File created (rule: FileCreate),,6672,NT AUTHORITY\SYSTEM,S-1-5-18,2023-12-28 11:01:16.548,2,"<Event xmlns=""http://schemas.microsoft.com/win/2004/08/events/event"">
    
        
    <System>
      
            
      <Provider Name=""Microsoft-Windows-Sysmon"" Guid=""{5770385f-c22a-43e0-bf4c-06f5698ffbd9}""/>
      
            
      <EventID>11</EventID>
      
            
      <Version>2</Version>
      
            
      <Level>4</Level>
      
            
      <Task>11</Task>
      
            
      <Opcode>0</Opcode>
      
            
      <Keywords>0x8000000000000000</Keywords>
      
            
      <TimeCreated SystemTime=""2023-12-28T11:01:16.5538499Z""/>
      
            
      <EventRecordID>9489</EventRecordID>
      
            
      <Correlation/>
      
            
      <Execution ProcessID=""7044"" ThreadID=""6672""/>
      
            
      <Channel>Microsoft-Windows-Sysmon/Operational</Channel>
      
            
      <Computer>WinDev2309Eval</Computer>
      
            
      <Security UserID=""S-1-5-18""/>
      
        
    </System>
    
        
    <EventData>
      
            
      <Data Name=""RuleName"">DLL</Data>
      
            
      <Data Name=""UtcTime"">2023-12-28 11:01:16.548</Data>
      
            
      <Data Name=""ProcessGuid"">{fda94052-34fa-658d-8a00-000000000b00}</Data>
      
            
      <Data Name=""ProcessId"">5868</Data>
      
            
      <Data Name=""Image"">C:\Windows\system32\svchost.exe</Data>
      
            
      <Data Name=""TargetFilename"">
                C:\Windows\SystemTemp\{FF98F0D5-FCBD-4A4A-8F8D-8ACD6680DD5D}\ssshim.dll</Data>
      
            
      <Data Name=""CreationUtcTime"">2023-12-28 11:01:16.548</Data>
      
            
      <Data Name=""User"">NT AUTHORITY\SYSTEM</Data>
      
        
    </EventData>
    
        
    <RenderingInfo Culture=""en-US"">
      
            
      <Message>File created:

RuleName: DLL

UtcTime: 2023-12-28
                11:01:16.548

ProcessGuid:
                {fda94052-34fa-658d-8a00-000000000b00}

ProcessId: 5868

Image:
                C:\Windows\system32\svchost.exe

TargetFilename:
                C:\Windows\SystemTemp\{FF98F0D5-FCBD-4A4A-8F8D-8ACD6680DD5D}\ssshim.dll

CreationUtcTime:
                2023-12-28 11:01:16.548

User: NT AUTHORITY\SYSTEM</Message>
      
            
      <Level>Information</Level>
      
            
      <Task>File created (rule: FileCreate)</Task>
      
            
      <Opcode>Info</Opcode>
      
        
    </RenderingInfo>
    
    
  </Event>
  
    
  
"
Microsoft-Windows-Sysmon/Operational,"
                ""C:\Program Files
                (x86)\Microsoft\EdgeUpdate\MicrosoftEdgeUpdate.exe"" /ping
                PD94bWwgdmVyc2lvbj0iMS4wIiBlbmNvZGluZz0iVVRGLTgiPz48cmVxdWVzdCBwcm90b2NvbD0iMy4wIiB1cGRhdGVyPSJPbWFoYSIgdXBkYXRlcnZlcnNpb249IjEuMy4xODEuNSIgc2hlbGxfdmVyc2lvbj0iMS4zLjE1NS44NSIgaXNtYWNoaW5lPSIxIiBzZXNzaW9uaWQ9Ins4MDE2MEI2Ny1DRTI1LTRDMjktOEM5Qy1DMkVFM0ZBNTRDNjB9IiB1c2VyaWQ9Ins5RDcyOUUxMS02MDJBLTRCNzktOTg2NS0xOEY2QzA4MUZFNjl9IiBpbnN0YWxsc291cmNlPSJzY2hlZHVsZXIiIHJlcXVlc3RpZD0ie0MxRDI3NTlFLTIzNDMtNEE1Mi1BMzExLUIwRThCRjNGODI0Q30iIGRlZHVwPSJjciIgZG9tYWluam9pbmVkPSIwIj48aHcgbG9naWNhbF9jcHVzPSI0IiBwaHlzbWVtb3J5PSI4IiBkaXNrX3R5cGU9IjIiIHNzZT0iMSIgc3NlMj0iMSIgc3NlMz0iMSIgc3NzZTM9IjEiIHNzZTQxPSIxIiBzc2U0Mj0iMSIgYXZ4PSIxIi8-PG9zIHBsYXRmb3JtPSJ3aW4iIHZlcnNpb249IjEwLjAuMjI2MjEuMjI4MyIgc3A9IiIgYXJjaD0ieDY0IiBwcm9kdWN0X3R5cGU9IjcyIiBvc19yZWdpb25fbmFtZT0iVVMiIG9zX3JlZ2lvbl9uYXRpb249IjI0NCIgb3NfcmVnaW9uX2RtYT0iMCIgaXNfd2lwPSIwIiBpc19pbl9sb2NrZG93bl9tb2RlPSIwIi8-PG9lbSBwcm9kdWN0X21hbnVmYWN0dXJlcj0iVk13YXJlLCBJbmMuIiBwcm9kdWN0X25hbWU9IlZNd2FyZTcsMSIvPjxleHAgZXRhZz0iJnF1b3Q7cjQ1MnQxK2syVGdxL0hYemp2Rk5CUmhvcEJXUjlzYmpYeHFlVURIOXVYMD0mcXVvdDsiLz48YXBwIGFwcGlkPSJ7RjNDNEZFMDAtRUZENS00MDNCLTk1NjktMzk4QTIwRjFCQTRBfSIgdmVyc2lvbj0iMS4zLjE4MS41IiBuZXh0dmVyc2lvbj0iIiBsYW5nPSIiIGJyYW5kPSJJTkJYIiBjbGllbnQ9IiIgaW5zdGFsbGFnZT0iOTkiIGNvaG9ydD0icnJmQDAuMTIiPjx1cGRhdGVjaGVjay8-PHBpbmcgcj0iMSIgcmQ9IjYyMDQiIHBpbmdfZnJlc2huZXNzPSJ7NDhBRDk3MTMtMzFGQy00MDFBLThFREUtRUY0MzRDMEUyODE3fSIvPjwvYXBwPjxhcHAgYXBwaWQ9Ins1NkVCMThGOC1CMDA4LTRDQkQtQjZEMi04Qzk3RkU3RTkwNjJ9IiB2ZXJzaW9uPSIxMjAuMC4yMjEwLjkxIiBuZXh0dmVyc2lvbj0iIiBsYW5nPSIiIGJyYW5kPSJJTkJYIiBjbGllbnQ9IiIgZXhwZXJpbWVudHM9ImNvbnNlbnQ9ZmFsc2UiIGNvaG9ydD0icnJmQDAuMjQiIG9vYmVfaW5zdGFsbF90aW1lPSIxODQ0Njc0NDA3MzcwOTU1MTYwNiIgdXBkYXRlX2NvdW50PSIzIiBpc19waW5uZWRfc3lzdGVtPSJ0cnVlIiBsYXN0X2xhdW5jaF9jb3VudD0iMSIgbGFzdF9sYXVuY2hfdGltZT0iMTMzNDgxOTQ2NDA1MTA2NTEwIiBmaXJzdF9mcmVfc2Vlbl90aW1lPSIxMzM0ODE5NDI3MDAxNjgwOTAiIGZpcnN0X2ZyZV9zZWVuX3ZlcnNpb249IjExNy4wLjIwNDUuMzUiPjx1cGRhdGVjaGVjay8-PHBpbmcgYWN0aXZlPSIxIiBhPSIxIiByPSIxIiBhZD0iNjIwNCIgcmQ9IjYyMDQiIHBpbmdfZnJlc2huZXNzPSJ7N0QwREI3OTgtMUM1My00MUJDLUEwM0YtN0JBMTk4MjcyNTQ0fSIvPjwvYXBwPjxhcHAgYXBwaWQ9IntGMzAxNzIyNi1GRTJBLTQyOTUtOEJERi0wMEMzQTlBN0U0QzV9IiB2ZXJzaW9uPSIxMjAuMC4yMjEwLjkxIiBuZXh0dmVyc2lvbj0iIiBsYW5nPSIiIGJyYW5kPSJJTkJYIiBjbGllbnQ9IiIgZXhwZXJpbWVudHM9ImNvbnNlbnQ9ZmFsc2UiIGNvaG9ydD0icnJmQDAuNjQiIHVwZGF0ZV9jb3VudD0iMiIgbGFzdF9sYXVuY2hfY291bnQ9IjEiIGxhc3RfbGF1bmNoX3RpbWU9IjEzMzQ4MTk0NDI0NDg1MDgzMCI-PHVwZGF0ZWNoZWNrLz48cGluZyBhY3RpdmU9IjAiIHI9IjEiIHJkPSI2MjA0IiBwaW5nX2ZyZXNobmVzcz0ie0M2MEIzQkFBLTZFN0EtNDVBRS1BNzFDLTE5MjJDNzJFNzNFQX0iLz48L2FwcD48L3JlcXVlc3Q-",Microsoft Corporation,WinDev2309Eval,,C:\Program Files (x86)\Microsoft\EdgeUpdate\1.3.181.5\,Microsoft Edge Update,,,,,,,1,9488,,1.3.155.85,"
                MD5=A4FC8EC5BC41C41918B0C1541E4E4BE6,SHA256=54545F352215A9C0F370A01980AADCD5749A93589931662D89A974D7BD60F476,IMPHASH=E00D60405A249A05D3B09AA7FE924B17",C:\Program Files (x86)\Microsoft\EdgeUpdate\MicrosoftEdgeUpdate.exe,,System,0x8000000000000000,Information,{fda94052-34eb-658d-e703-000000000000},0x3e7,"Process Create:

RuleName: -

UtcTime: 2023-12-28
                11:01:15.810

ProcessGuid:
                {fda94052-557b-658d-7402-000000000b00}

ProcessId: 2220

Image:
                C:\Program Files
                (x86)\Microsoft\EdgeUpdate\MicrosoftEdgeUpdate.exe

FileVersion:
                1.3.155.85

Description: Microsoft Edge Update

Product: Microsoft
                Edge Update

Company: Microsoft Corporation

OriginalFileName:
                msedgeupdate.dll

CommandLine: ""C:\Program Files
                (x86)\Microsoft\EdgeUpdate\MicrosoftEdgeUpdate.exe"" /ping
                PD94bWwgdmVyc2lvbj0iMS4wIiBlbmNvZGluZz0iVVRGLTgiPz48cmVxdWVzdCBwcm90b2NvbD0iMy4wIiB1cGRhdGVyPSJPbWFoYSIgdXBkYXRlcnZlcnNpb249IjEuMy4xODEuNSIgc2hlbGxfdmVyc2lvbj0iMS4zLjE1NS44NSIgaXNtYWNoaW5lPSIxIiBzZXNzaW9uaWQ9Ins4MDE2MEI2Ny1DRTI1LTRDMjktOEM5Qy1DMkVFM0ZBNTRDNjB9IiB1c2VyaWQ9Ins5RDcyOUUxMS02MDJBLTRCNzktOTg2NS0xOEY2QzA4MUZFNjl9IiBpbnN0YWxsc291cmNlPSJzY2hlZHVsZXIiIHJlcXVlc3RpZD0ie0MxRDI3NTlFLTIzNDMtNEE1Mi1BMzExLUIwRThCRjNGODI0Q30iIGRlZHVwPSJjciIgZG9tYWluam9pbmVkPSIwIj48aHcgbG9naWNhbF9jcHVzPSI0IiBwaHlzbWVtb3J5PSI4IiBkaXNrX3R5cGU9IjIiIHNzZT0iMSIgc3NlMj0iMSIgc3NlMz0iMSIgc3NzZTM9IjEiIHNzZTQxPSIxIiBzc2U0Mj0iMSIgYXZ4PSIxIi8-PG9zIHBsYXRmb3JtPSJ3aW4iIHZlcnNpb249IjEwLjAuMjI2MjEuMjI4MyIgc3A9IiIgYXJjaD0ieDY0IiBwcm9kdWN0X3R5cGU9IjcyIiBvc19yZWdpb25fbmFtZT0iVVMiIG9zX3JlZ2lvbl9uYXRpb249IjI0NCIgb3NfcmVnaW9uX2RtYT0iMCIgaXNfd2lwPSIwIiBpc19pbl9sb2NrZG93bl9tb2RlPSIwIi8-PG9lbSBwcm9kdWN0X21hbnVmYWN0dXJlcj0iVk13YXJlLCBJbmMuIiBwcm9kdWN0X25hbWU9IlZNd2FyZTcsMSIvPjxleHAgZXRhZz0iJnF1b3Q7cjQ1MnQxK2syVGdxL0hYemp2Rk5CUmhvcEJXUjlzYmpYeHFlVURIOXVYMD0mcXVvdDsiLz48YXBwIGFwcGlkPSJ7RjNDNEZFMDAtRUZENS00MDNCLTk1NjktMzk4QTIwRjFCQTRBfSIgdmVyc2lvbj0iMS4zLjE4MS41IiBuZXh0dmVyc2lvbj0iIiBsYW5nPSIiIGJyYW5kPSJJTkJYIiBjbGllbnQ9IiIgaW5zdGFsbGFnZT0iOTkiIGNvaG9ydD0icnJmQDAuMTIiPjx1cGRhdGVjaGVjay8-PHBpbmcgcj0iMSIgcmQ9IjYyMDQiIHBpbmdfZnJlc2huZXNzPSJ7NDhBRDk3MTMtMzFGQy00MDFBLThFREUtRUY0MzRDMEUyODE3fSIvPjwvYXBwPjxhcHAgYXBwaWQ9Ins1NkVCMThGOC1CMDA4LTRDQkQtQjZEMi04Qzk3RkU3RTkwNjJ9IiB2ZXJzaW9uPSIxMjAuMC4yMjEwLjkxIiBuZXh0dmVyc2lvbj0iIiBsYW5nPSIiIGJyYW5kPSJJTkJYIiBjbGllbnQ9IiIgZXhwZXJpbWVudHM9ImNvbnNlbnQ9ZmFsc2UiIGNvaG9ydD0icnJmQDAuMjQiIG9vYmVfaW5zdGFsbF90aW1lPSIxODQ0Njc0NDA3MzcwOTU1MTYwNiIgdXBkYXRlX2NvdW50PSIzIiBpc19waW5uZWRfc3lzdGVtPSJ0cnVlIiBsYXN0X2xhdW5jaF9jb3VudD0iMSIgbGFzdF9sYXVuY2hfdGltZT0iMTMzNDgxOTQ2NDA1MTA2NTEwIiBmaXJzdF9mcmVfc2Vlbl90aW1lPSIxMzM0ODE5NDI3MDAxNjgwOTAiIGZpcnN0X2ZyZV9zZWVuX3ZlcnNpb249IjExNy4wLjIwNDUuMzUiPjx1cGRhdGVjaGVjay8-PHBpbmcgYWN0aXZlPSIxIiBhPSIxIiByPSIxIiBhZD0iNjIwNCIgcmQ9IjYyMDQiIHBpbmdfZnJlc2huZXNzPSJ7N0QwREI3OTgtMUM1My00MUJDLUEwM0YtN0JBMTk4MjcyNTQ0fSIvPjwvYXBwPjxhcHAgYXBwaWQ9IntGMzAxNzIyNi1GRTJBLTQyOTUtOEJERi0wMEMzQTlBN0U0QzV9IiB2ZXJzaW9uPSIxMjAuMC4yMjEwLjkxIiBuZXh0dmVyc2lvbj0iIiBsYW5nPSIiIGJyYW5kPSJJTkJYIiBjbGllbnQ9IiIgZXhwZXJpbWVudHM9ImNvbnNlbnQ9ZmFsc2UiIGNvaG9ydD0icnJmQDAuNjQiIHVwZGF0ZV9jb3VudD0iMiIgbGFzdF9sYXVuY2hfY291bnQ9IjEiIGxhc3RfbGF1bmNoX3RpbWU9IjEzMzQ4MTk0NDI0NDg1MDgzMCI-PHVwZGF0ZWNoZWNrLz48cGluZyBhY3RpdmU9IjAiIHI9IjEiIHJkPSI2MjA0IiBwaW5nX2ZyZXNobmVzcz0ie0M2MEIzQkFBLTZFN0EtNDVBRS1BNzFDLTE5MjJDNzJFNzNFQX0iLz48L2FwcD48L3JlcXVlc3Q-

CurrentDirectory:
                C:\Program Files (x86)\Microsoft\EdgeUpdate\1.3.181.5\

User: NT
                AUTHORITY\SYSTEM

LogonGuid:
                {fda94052-34eb-658d-e703-000000000000}

LogonId:
                0x3E7

TerminalSessionId: 0

IntegrityLevel: System

Hashes:
                MD5=A4FC8EC5BC41C41918B0C1541E4E4BE6,SHA256=54545F352215A9C0F370A01980AADCD5749A93589931662D89A974D7BD60F476,IMPHASH=E00D60405A249A05D3B09AA7FE924B17

ParentProcessGuid:
                {fda94052-557a-658d-7302-000000000b00}

ParentProcessId:
                10456

ParentImage: C:\Program Files
                (x86)\Microsoft\EdgeUpdate\MicrosoftEdgeUpdate.exe

ParentCommandLine:
                ""C:\Program Files (x86)\Microsoft\EdgeUpdate\MicrosoftEdgeUpdate.exe""
                /svc

ParentUser: NT AUTHORITY\SYSTEM",Info,msedgeupdate.dll,"""C:\Program Files
                (x86)\Microsoft\EdgeUpdate\MicrosoftEdgeUpdate.exe"" /svc","C:\Program Files
                (x86)\Microsoft\EdgeUpdate\MicrosoftEdgeUpdate.exe",{fda94052-557a-658d-7302-000000000b00},10456,NT AUTHORITY\SYSTEM,{fda94052-557b-658d-7402-000000000b00},7044,2220,Microsoft Edge Update,,,,,"
      
            
      ",-,,,,,,2023-12-28T11:01:15.8117411Z,,,Process Create (rule: ProcessCreate),0,6672,NT AUTHORITY\SYSTEM,S-1-5-18,2023-12-28 11:01:15.810,5,"<Event xmlns=""http://schemas.microsoft.com/win/2004/08/events/event"">
    
        
    <System>
      
            
      <Provider Name=""Microsoft-Windows-Sysmon"" Guid=""{5770385f-c22a-43e0-bf4c-06f5698ffbd9}""/>
      
            
      <EventID>1</EventID>
      
            
      <Version>5</Version>
      
            
      <Level>4</Level>
      
            
      <Task>1</Task>
      
            
      <Opcode>0</Opcode>
      
            
      <Keywords>0x8000000000000000</Keywords>
      
            
      <TimeCreated SystemTime=""2023-12-28T11:01:15.8117411Z""/>
      
            
      <EventRecordID>9488</EventRecordID>
      
            
      <Correlation/>
      
            
      <Execution ProcessID=""7044"" ThreadID=""6672""/>
      
            
      <Channel>Microsoft-Windows-Sysmon/Operational</Channel>
      
            
      <Computer>WinDev2309Eval</Computer>
      
            
      <Security UserID=""S-1-5-18""/>
      
        
    </System>
    
        
    <EventData>
      
            
      <Data Name=""RuleName"">-</Data>
      
            
      <Data Name=""UtcTime"">2023-12-28 11:01:15.810</Data>
      
            
      <Data Name=""ProcessGuid"">{fda94052-557b-658d-7402-000000000b00}</Data>
      
            
      <Data Name=""ProcessId"">2220</Data>
      
            
      <Data Name=""Image"">C:\Program Files (x86)\Microsoft\EdgeUpdate\MicrosoftEdgeUpdate.exe</Data>
      
            
      <Data Name=""FileVersion"">1.3.155.85</Data>
      
            
      <Data Name=""Description"">Microsoft Edge Update</Data>
      
            
      <Data Name=""Product"">Microsoft Edge Update</Data>
      
            
      <Data Name=""Company"">Microsoft Corporation</Data>
      
            
      <Data Name=""OriginalFileName"">msedgeupdate.dll</Data>
      
            
      <Data Name=""CommandLine"">
                ""C:\Program Files
                (x86)\Microsoft\EdgeUpdate\MicrosoftEdgeUpdate.exe"" /ping
                PD94bWwgdmVyc2lvbj0iMS4wIiBlbmNvZGluZz0iVVRGLTgiPz48cmVxdWVzdCBwcm90b2NvbD0iMy4wIiB1cGRhdGVyPSJPbWFoYSIgdXBkYXRlcnZlcnNpb249IjEuMy4xODEuNSIgc2hlbGxfdmVyc2lvbj0iMS4zLjE1NS44NSIgaXNtYWNoaW5lPSIxIiBzZXNzaW9uaWQ9Ins4MDE2MEI2Ny1DRTI1LTRDMjktOEM5Qy1DMkVFM0ZBNTRDNjB9IiB1c2VyaWQ9Ins5RDcyOUUxMS02MDJBLTRCNzktOTg2NS0xOEY2QzA4MUZFNjl9IiBpbnN0YWxsc291cmNlPSJzY2hlZHVsZXIiIHJlcXVlc3RpZD0ie0MxRDI3NTlFLTIzNDMtNEE1Mi1BMzExLUIwRThCRjNGODI0Q30iIGRlZHVwPSJjciIgZG9tYWluam9pbmVkPSIwIj48aHcgbG9naWNhbF9jcHVzPSI0IiBwaHlzbWVtb3J5PSI4IiBkaXNrX3R5cGU9IjIiIHNzZT0iMSIgc3NlMj0iMSIgc3NlMz0iMSIgc3NzZTM9IjEiIHNzZTQxPSIxIiBzc2U0Mj0iMSIgYXZ4PSIxIi8-PG9zIHBsYXRmb3JtPSJ3aW4iIHZlcnNpb249IjEwLjAuMjI2MjEuMjI4MyIgc3A9IiIgYXJjaD0ieDY0IiBwcm9kdWN0X3R5cGU9IjcyIiBvc19yZWdpb25fbmFtZT0iVVMiIG9zX3JlZ2lvbl9uYXRpb249IjI0NCIgb3NfcmVnaW9uX2RtYT0iMCIgaXNfd2lwPSIwIiBpc19pbl9sb2NrZG93bl9tb2RlPSIwIi8-PG9lbSBwcm9kdWN0X21hbnVmYWN0dXJlcj0iVk13YXJlLCBJbmMuIiBwcm9kdWN0X25hbWU9IlZNd2FyZTcsMSIvPjxleHAgZXRhZz0iJnF1b3Q7cjQ1MnQxK2syVGdxL0hYemp2Rk5CUmhvcEJXUjlzYmpYeHFlVURIOXVYMD0mcXVvdDsiLz48YXBwIGFwcGlkPSJ7RjNDNEZFMDAtRUZENS00MDNCLTk1NjktMzk4QTIwRjFCQTRBfSIgdmVyc2lvbj0iMS4zLjE4MS41IiBuZXh0dmVyc2lvbj0iIiBsYW5nPSIiIGJyYW5kPSJJTkJYIiBjbGllbnQ9IiIgaW5zdGFsbGFnZT0iOTkiIGNvaG9ydD0icnJmQDAuMTIiPjx1cGRhdGVjaGVjay8-PHBpbmcgcj0iMSIgcmQ9IjYyMDQiIHBpbmdfZnJlc2huZXNzPSJ7NDhBRDk3MTMtMzFGQy00MDFBLThFREUtRUY0MzRDMEUyODE3fSIvPjwvYXBwPjxhcHAgYXBwaWQ9Ins1NkVCMThGOC1CMDA4LTRDQkQtQjZEMi04Qzk3RkU3RTkwNjJ9IiB2ZXJzaW9uPSIxMjAuMC4yMjEwLjkxIiBuZXh0dmVyc2lvbj0iIiBsYW5nPSIiIGJyYW5kPSJJTkJYIiBjbGllbnQ9IiIgZXhwZXJpbWVudHM9ImNvbnNlbnQ9ZmFsc2UiIGNvaG9ydD0icnJmQDAuMjQiIG9vYmVfaW5zdGFsbF90aW1lPSIxODQ0Njc0NDA3MzcwOTU1MTYwNiIgdXBkYXRlX2NvdW50PSIzIiBpc19waW5uZWRfc3lzdGVtPSJ0cnVlIiBsYXN0X2xhdW5jaF9jb3VudD0iMSIgbGFzdF9sYXVuY2hfdGltZT0iMTMzNDgxOTQ2NDA1MTA2NTEwIiBmaXJzdF9mcmVfc2Vlbl90aW1lPSIxMzM0ODE5NDI3MDAxNjgwOTAiIGZpcnN0X2ZyZV9zZWVuX3ZlcnNpb249IjExNy4wLjIwNDUuMzUiPjx1cGRhdGVjaGVjay8-PHBpbmcgYWN0aXZlPSIxIiBhPSIxIiByPSIxIiBhZD0iNjIwNCIgcmQ9IjYyMDQiIHBpbmdfZnJlc2huZXNzPSJ7N0QwREI3OTgtMUM1My00MUJDLUEwM0YtN0JBMTk4MjcyNTQ0fSIvPjwvYXBwPjxhcHAgYXBwaWQ9IntGMzAxNzIyNi1GRTJBLTQyOTUtOEJERi0wMEMzQTlBN0U0QzV9IiB2ZXJzaW9uPSIxMjAuMC4yMjEwLjkxIiBuZXh0dmVyc2lvbj0iIiBsYW5nPSIiIGJyYW5kPSJJTkJYIiBjbGllbnQ9IiIgZXhwZXJpbWVudHM9ImNvbnNlbnQ9ZmFsc2UiIGNvaG9ydD0icnJmQDAuNjQiIHVwZGF0ZV9jb3VudD0iMiIgbGFzdF9sYXVuY2hfY291bnQ9IjEiIGxhc3RfbGF1bmNoX3RpbWU9IjEzMzQ4MTk0NDI0NDg1MDgzMCI-PHVwZGF0ZWNoZWNrLz48cGluZyBhY3RpdmU9IjAiIHI9IjEiIHJkPSI2MjA0IiBwaW5nX2ZyZXNobmVzcz0ie0M2MEIzQkFBLTZFN0EtNDVBRS1BNzFDLTE5MjJDNzJFNzNFQX0iLz48L2FwcD48L3JlcXVlc3Q-</Data>
      
            
      <Data Name=""CurrentDirectory"">C:\Program Files (x86)\Microsoft\EdgeUpdate\1.3.181.5\</Data>
      
            
      <Data Name=""User"">NT AUTHORITY\SYSTEM</Data>
      
            
      <Data Name=""LogonGuid"">{fda94052-34eb-658d-e703-000000000000}</Data>
      
            
      <Data Name=""LogonId"">0x3e7</Data>
      
            
      <Data Name=""TerminalSessionId"">0</Data>
      
            
      <Data Name=""IntegrityLevel"">System</Data>
      
            
      <Data Name=""Hashes"">
                MD5=A4FC8EC5BC41C41918B0C1541E4E4BE6,SHA256=54545F352215A9C0F370A01980AADCD5749A93589931662D89A974D7BD60F476,IMPHASH=E00D60405A249A05D3B09AA7FE924B17</Data>
      
            
      <Data Name=""ParentProcessGuid"">{fda94052-557a-658d-7302-000000000b00}</Data>
      
            
      <Data Name=""ParentProcessId"">10456</Data>
      
            
      <Data Name=""ParentImage"">C:\Program Files
                (x86)\Microsoft\EdgeUpdate\MicrosoftEdgeUpdate.exe</Data>
      
            
      <Data Name=""ParentCommandLine"">""C:\Program Files
                (x86)\Microsoft\EdgeUpdate\MicrosoftEdgeUpdate.exe"" /svc</Data>
      
            
      <Data Name=""ParentUser"">NT AUTHORITY\SYSTEM</Data>
      
        
    </EventData>
    
        
    <RenderingInfo Culture=""en-US"">
      
            
      <Message>Process Create:

RuleName: -

UtcTime: 2023-12-28
                11:01:15.810

ProcessGuid:
                {fda94052-557b-658d-7402-000000000b00}

ProcessId: 2220

Image:
                C:\Program Files
                (x86)\Microsoft\EdgeUpdate\MicrosoftEdgeUpdate.exe

FileVersion:
                1.3.155.85

Description: Microsoft Edge Update

Product: Microsoft
                Edge Update

Company: Microsoft Corporation

OriginalFileName:
                msedgeupdate.dll

CommandLine: ""C:\Program Files
                (x86)\Microsoft\EdgeUpdate\MicrosoftEdgeUpdate.exe"" /ping
                PD94bWwgdmVyc2lvbj0iMS4wIiBlbmNvZGluZz0iVVRGLTgiPz48cmVxdWVzdCBwcm90b2NvbD0iMy4wIiB1cGRhdGVyPSJPbWFoYSIgdXBkYXRlcnZlcnNpb249IjEuMy4xODEuNSIgc2hlbGxfdmVyc2lvbj0iMS4zLjE1NS44NSIgaXNtYWNoaW5lPSIxIiBzZXNzaW9uaWQ9Ins4MDE2MEI2Ny1DRTI1LTRDMjktOEM5Qy1DMkVFM0ZBNTRDNjB9IiB1c2VyaWQ9Ins5RDcyOUUxMS02MDJBLTRCNzktOTg2NS0xOEY2QzA4MUZFNjl9IiBpbnN0YWxsc291cmNlPSJzY2hlZHVsZXIiIHJlcXVlc3RpZD0ie0MxRDI3NTlFLTIzNDMtNEE1Mi1BMzExLUIwRThCRjNGODI0Q30iIGRlZHVwPSJjciIgZG9tYWluam9pbmVkPSIwIj48aHcgbG9naWNhbF9jcHVzPSI0IiBwaHlzbWVtb3J5PSI4IiBkaXNrX3R5cGU9IjIiIHNzZT0iMSIgc3NlMj0iMSIgc3NlMz0iMSIgc3NzZTM9IjEiIHNzZTQxPSIxIiBzc2U0Mj0iMSIgYXZ4PSIxIi8-PG9zIHBsYXRmb3JtPSJ3aW4iIHZlcnNpb249IjEwLjAuMjI2MjEuMjI4MyIgc3A9IiIgYXJjaD0ieDY0IiBwcm9kdWN0X3R5cGU9IjcyIiBvc19yZWdpb25fbmFtZT0iVVMiIG9zX3JlZ2lvbl9uYXRpb249IjI0NCIgb3NfcmVnaW9uX2RtYT0iMCIgaXNfd2lwPSIwIiBpc19pbl9sb2NrZG93bl9tb2RlPSIwIi8-PG9lbSBwcm9kdWN0X21hbnVmYWN0dXJlcj0iVk13YXJlLCBJbmMuIiBwcm9kdWN0X25hbWU9IlZNd2FyZTcsMSIvPjxleHAgZXRhZz0iJnF1b3Q7cjQ1MnQxK2syVGdxL0hYemp2Rk5CUmhvcEJXUjlzYmpYeHFlVURIOXVYMD0mcXVvdDsiLz48YXBwIGFwcGlkPSJ7RjNDNEZFMDAtRUZENS00MDNCLTk1NjktMzk4QTIwRjFCQTRBfSIgdmVyc2lvbj0iMS4zLjE4MS41IiBuZXh0dmVyc2lvbj0iIiBsYW5nPSIiIGJyYW5kPSJJTkJYIiBjbGllbnQ9IiIgaW5zdGFsbGFnZT0iOTkiIGNvaG9ydD0icnJmQDAuMTIiPjx1cGRhdGVjaGVjay8-PHBpbmcgcj0iMSIgcmQ9IjYyMDQiIHBpbmdfZnJlc2huZXNzPSJ7NDhBRDk3MTMtMzFGQy00MDFBLThFREUtRUY0MzRDMEUyODE3fSIvPjwvYXBwPjxhcHAgYXBwaWQ9Ins1NkVCMThGOC1CMDA4LTRDQkQtQjZEMi04Qzk3RkU3RTkwNjJ9IiB2ZXJzaW9uPSIxMjAuMC4yMjEwLjkxIiBuZXh0dmVyc2lvbj0iIiBsYW5nPSIiIGJyYW5kPSJJTkJYIiBjbGllbnQ9IiIgZXhwZXJpbWVudHM9ImNvbnNlbnQ9ZmFsc2UiIGNvaG9ydD0icnJmQDAuMjQiIG9vYmVfaW5zdGFsbF90aW1lPSIxODQ0Njc0NDA3MzcwOTU1MTYwNiIgdXBkYXRlX2NvdW50PSIzIiBpc19waW5uZWRfc3lzdGVtPSJ0cnVlIiBsYXN0X2xhdW5jaF9jb3VudD0iMSIgbGFzdF9sYXVuY2hfdGltZT0iMTMzNDgxOTQ2NDA1MTA2NTEwIiBmaXJzdF9mcmVfc2Vlbl90aW1lPSIxMzM0ODE5NDI3MDAxNjgwOTAiIGZpcnN0X2ZyZV9zZWVuX3ZlcnNpb249IjExNy4wLjIwNDUuMzUiPjx1cGRhdGVjaGVjay8-PHBpbmcgYWN0aXZlPSIxIiBhPSIxIiByPSIxIiBhZD0iNjIwNCIgcmQ9IjYyMDQiIHBpbmdfZnJlc2huZXNzPSJ7N0QwREI3OTgtMUM1My00MUJDLUEwM0YtN0JBMTk4MjcyNTQ0fSIvPjwvYXBwPjxhcHAgYXBwaWQ9IntGMzAxNzIyNi1GRTJBLTQyOTUtOEJERi0wMEMzQTlBN0U0QzV9IiB2ZXJzaW9uPSIxMjAuMC4yMjEwLjkxIiBuZXh0dmVyc2lvbj0iIiBsYW5nPSIiIGJyYW5kPSJJTkJYIiBjbGllbnQ9IiIgZXhwZXJpbWVudHM9ImNvbnNlbnQ9ZmFsc2UiIGNvaG9ydD0icnJmQDAuNjQiIHVwZGF0ZV9jb3VudD0iMiIgbGFzdF9sYXVuY2hfY291bnQ9IjEiIGxhc3RfbGF1bmNoX3RpbWU9IjEzMzQ4MTk0NDI0NDg1MDgzMCI-PHVwZGF0ZWNoZWNrLz48cGluZyBhY3RpdmU9IjAiIHI9IjEiIHJkPSI2MjA0IiBwaW5nX2ZyZXNobmVzcz0ie0M2MEIzQkFBLTZFN0EtNDVBRS1BNzFDLTE5MjJDNzJFNzNFQX0iLz48L2FwcD48L3JlcXVlc3Q-

CurrentDirectory:
                C:\Program Files (x86)\Microsoft\EdgeUpdate\1.3.181.5\

User: NT
                AUTHORITY\SYSTEM

LogonGuid:
                {fda94052-34eb-658d-e703-000000000000}

LogonId:
                0x3E7

TerminalSessionId: 0

IntegrityLevel: System

Hashes:
                MD5=A4FC8EC5BC41C41918B0C1541E4E4BE6,SHA256=54545F352215A9C0F370A01980AADCD5749A93589931662D89A974D7BD60F476,IMPHASH=E00D60405A249A05D3B09AA7FE924B17

ParentProcessGuid:
                {fda94052-557a-658d-7302-000000000b00}

ParentProcessId:
                10456

ParentImage: C:\Program Files
                (x86)\Microsoft\EdgeUpdate\MicrosoftEdgeUpdate.exe

ParentCommandLine:
                ""C:\Program Files (x86)\Microsoft\EdgeUpdate\MicrosoftEdgeUpdate.exe""
                /svc

ParentUser: NT AUTHORITY\SYSTEM</Message>
      
            
      <Level>Information</Level>
      
            
      <Task>Process Create (rule: ProcessCreate)</Task>
      
            
      <Opcode>Info</Opcode>
      
        
    </RenderingInfo>
    
    
  </Event>
  
    
  
"
Microsoft-Windows-Sysmon/Operational,"""C:\Program Files
                (x86)\Microsoft\EdgeUpdate\MicrosoftEdgeUpdate.exe"" /svc",Microsoft Corporation,WinDev2309Eval,,C:\Windows\system32\,Microsoft Edge Update,,,,,,,1,9487,,1.3.155.85,"
                MD5=A4FC8EC5BC41C41918B0C1541E4E4BE6,SHA256=54545F352215A9C0F370A01980AADCD5749A93589931662D89A974D7BD60F476,IMPHASH=E00D60405A249A05D3B09AA7FE924B17",C:\Program Files (x86)\Microsoft\EdgeUpdate\MicrosoftEdgeUpdate.exe,,System,0x8000000000000000,Information,{fda94052-34eb-658d-e703-000000000000},0x3e7,"Process Create:

RuleName: -

UtcTime: 2023-12-28
                11:01:14.247

ProcessGuid:
                {fda94052-557a-658d-7302-000000000b00}

ProcessId: 10456

Image:
                C:\Program Files
                (x86)\Microsoft\EdgeUpdate\MicrosoftEdgeUpdate.exe

FileVersion:
                1.3.155.85

Description: Microsoft Edge Update

Product: Microsoft
                Edge Update

Company: Microsoft Corporation

OriginalFileName:
                msedgeupdate.dll

CommandLine: ""C:\Program Files
                (x86)\Microsoft\EdgeUpdate\MicrosoftEdgeUpdate.exe"" /svc

CurrentDirectory:
                C:\Windows\system32\

User: NT AUTHORITY\SYSTEM

LogonGuid:
                {fda94052-34eb-658d-e703-000000000000}

LogonId:
                0x3E7

TerminalSessionId: 0

IntegrityLevel: System

Hashes:
                MD5=A4FC8EC5BC41C41918B0C1541E4E4BE6,SHA256=54545F352215A9C0F370A01980AADCD5749A93589931662D89A974D7BD60F476,IMPHASH=E00D60405A249A05D3B09AA7FE924B17

ParentProcessGuid:
                {fda94052-34eb-658d-0b00-000000000b00}

ParentProcessId:
                788

ParentImage:
                C:\Windows\System32\services.exe

ParentCommandLine:
                C:\Windows\system32\services.exe

ParentUser: NT AUTHORITY\SYSTEM",Info,msedgeupdate.dll,C:\Windows\system32\services.exe,C:\Windows\System32\services.exe,{fda94052-34eb-658d-0b00-000000000b00},788,NT AUTHORITY\SYSTEM,{fda94052-557a-658d-7302-000000000b00},7044,10456,Microsoft Edge Update,,,,,"
      
            
      ",-,,,,,,2023-12-28T11:01:14.2480065Z,,,Process Create (rule: ProcessCreate),0,6672,NT AUTHORITY\SYSTEM,S-1-5-18,2023-12-28 11:01:14.247,5,"<Event xmlns=""http://schemas.microsoft.com/win/2004/08/events/event"">
    
        
    <System>
      
            
      <Provider Name=""Microsoft-Windows-Sysmon"" Guid=""{5770385f-c22a-43e0-bf4c-06f5698ffbd9}""/>
      
            
      <EventID>1</EventID>
      
            
      <Version>5</Version>
      
            
      <Level>4</Level>
      
            
      <Task>1</Task>
      
            
      <Opcode>0</Opcode>
      
            
      <Keywords>0x8000000000000000</Keywords>
      
            
      <TimeCreated SystemTime=""2023-12-28T11:01:14.2480065Z""/>
      
            
      <EventRecordID>9487</EventRecordID>
      
            
      <Correlation/>
      
            
      <Execution ProcessID=""7044"" ThreadID=""6672""/>
      
            
      <Channel>Microsoft-Windows-Sysmon/Operational</Channel>
      
            
      <Computer>WinDev2309Eval</Computer>
      
            
      <Security UserID=""S-1-5-18""/>
      
        
    </System>
    
        
    <EventData>
      
            
      <Data Name=""RuleName"">-</Data>
      
            
      <Data Name=""UtcTime"">2023-12-28 11:01:14.247</Data>
      
            
      <Data Name=""ProcessGuid"">{fda94052-557a-658d-7302-000000000b00}</Data>
      
            
      <Data Name=""ProcessId"">10456</Data>
      
            
      <Data Name=""Image"">C:\Program Files (x86)\Microsoft\EdgeUpdate\MicrosoftEdgeUpdate.exe</Data>
      
            
      <Data Name=""FileVersion"">1.3.155.85</Data>
      
            
      <Data Name=""Description"">Microsoft Edge Update</Data>
      
            
      <Data Name=""Product"">Microsoft Edge Update</Data>
      
            
      <Data Name=""Company"">Microsoft Corporation</Data>
      
            
      <Data Name=""OriginalFileName"">msedgeupdate.dll</Data>
      
            
      <Data Name=""CommandLine"">""C:\Program Files
                (x86)\Microsoft\EdgeUpdate\MicrosoftEdgeUpdate.exe"" /svc</Data>
      
            
      <Data Name=""CurrentDirectory"">C:\Windows\system32\</Data>
      
            
      <Data Name=""User"">NT AUTHORITY\SYSTEM</Data>
      
            
      <Data Name=""LogonGuid"">{fda94052-34eb-658d-e703-000000000000}</Data>
      
            
      <Data Name=""LogonId"">0x3e7</Data>
      
            
      <Data Name=""TerminalSessionId"">0</Data>
      
            
      <Data Name=""IntegrityLevel"">System</Data>
      
            
      <Data Name=""Hashes"">
                MD5=A4FC8EC5BC41C41918B0C1541E4E4BE6,SHA256=54545F352215A9C0F370A01980AADCD5749A93589931662D89A974D7BD60F476,IMPHASH=E00D60405A249A05D3B09AA7FE924B17</Data>
      
            
      <Data Name=""ParentProcessGuid"">{fda94052-34eb-658d-0b00-000000000b00}</Data>
      
            
      <Data Name=""ParentProcessId"">788</Data>
      
            
      <Data Name=""ParentImage"">C:\Windows\System32\services.exe</Data>
      
            
      <Data Name=""ParentCommandLine"">C:\Windows\system32\services.exe</Data>
      
            
      <Data Name=""ParentUser"">NT AUTHORITY\SYSTEM</Data>
      
        
    </EventData>
    
        
    <RenderingInfo Culture=""en-US"">
      
            
      <Message>Process Create:

RuleName: -

UtcTime: 2023-12-28
                11:01:14.247

ProcessGuid:
                {fda94052-557a-658d-7302-000000000b00}

ProcessId: 10456

Image:
                C:\Program Files
                (x86)\Microsoft\EdgeUpdate\MicrosoftEdgeUpdate.exe

FileVersion:
                1.3.155.85

Description: Microsoft Edge Update

Product: Microsoft
                Edge Update

Company: Microsoft Corporation

OriginalFileName:
                msedgeupdate.dll

CommandLine: ""C:\Program Files
                (x86)\Microsoft\EdgeUpdate\MicrosoftEdgeUpdate.exe"" /svc

CurrentDirectory:
                C:\Windows\system32\

User: NT AUTHORITY\SYSTEM

LogonGuid:
                {fda94052-34eb-658d-e703-000000000000}

LogonId:
                0x3E7

TerminalSessionId: 0

IntegrityLevel: System

Hashes:
                MD5=A4FC8EC5BC41C41918B0C1541E4E4BE6,SHA256=54545F352215A9C0F370A01980AADCD5749A93589931662D89A974D7BD60F476,IMPHASH=E00D60405A249A05D3B09AA7FE924B17

ParentProcessGuid:
                {fda94052-34eb-658d-0b00-000000000b00}

ParentProcessId:
                788

ParentImage:
                C:\Windows\System32\services.exe

ParentCommandLine:
                C:\Windows\system32\services.exe

ParentUser: NT AUTHORITY\SYSTEM</Message>
      
            
      <Level>Information</Level>
      
            
      <Task>Process Create (rule: ProcessCreate)</Task>
      
            
      <Opcode>Info</Opcode>
      
        
    </RenderingInfo>
    
    
  </Event>
  
    
  
"
Microsoft-Windows-Sysmon/Operational,,,WinDev2309Eval,2023-12-02 04:35:48.000,,,,,,,,,11,9486,,,,C:\Windows\system32\svchost.exe,,,0x8000000000000000,Information,,,"File created:

RuleName: DLL

UtcTime: 2023-12-28
                11:01:10.422

ProcessGuid:
                {fda94052-34fa-658d-8a00-000000000b00}

ProcessId: 5868

Image:
                C:\Windows\system32\svchost.exe

TargetFilename:
                C:\Windows\SoftwareDistribution\Download\7bd97cc524ebd8114e77ca1991fbf2f3\Metadata\AppxDeviceInventory.dll

CreationUtcTime:
                2023-12-02 04:35:48.000

User: NT AUTHORITY\SYSTEM",Info,,,,,,,{fda94052-34fa-658d-8a00-000000000b00},7044,5868,,,,,,"
      
            
      ",DLL,,,,,,2023-12-28T11:01:10.4387723Z,"
                C:\Windows\SoftwareDistribution\Download\7bd97cc524ebd8114e77ca1991fbf2f3\Metadata\AppxDeviceInventory.dll",,File created (rule: FileCreate),,6672,NT AUTHORITY\SYSTEM,S-1-5-18,2023-12-28 11:01:10.422,2,"<Event xmlns=""http://schemas.microsoft.com/win/2004/08/events/event"">
    
        
    <System>
      
            
      <Provider Name=""Microsoft-Windows-Sysmon"" Guid=""{5770385f-c22a-43e0-bf4c-06f5698ffbd9}""/>
      
            
      <EventID>11</EventID>
      
            
      <Version>2</Version>
      
            
      <Level>4</Level>
      
            
      <Task>11</Task>
      
            
      <Opcode>0</Opcode>
      
            
      <Keywords>0x8000000000000000</Keywords>
      
            
      <TimeCreated SystemTime=""2023-12-28T11:01:10.4387723Z""/>
      
            
      <EventRecordID>9486</EventRecordID>
      
            
      <Correlation/>
      
            
      <Execution ProcessID=""7044"" ThreadID=""6672""/>
      
            
      <Channel>Microsoft-Windows-Sysmon/Operational</Channel>
      
            
      <Computer>WinDev2309Eval</Computer>
      
            
      <Security UserID=""S-1-5-18""/>
      
        
    </System>
    
        
    <EventData>
      
            
      <Data Name=""RuleName"">DLL</Data>
      
            
      <Data Name=""UtcTime"">2023-12-28 11:01:10.422</Data>
      
            
      <Data Name=""ProcessGuid"">{fda94052-34fa-658d-8a00-000000000b00}</Data>
      
            
      <Data Name=""ProcessId"">5868</Data>
      
            
      <Data Name=""Image"">C:\Windows\system32\svchost.exe</Data>
      
            
      <Data Name=""TargetFilename"">
                C:\Windows\SoftwareDistribution\Download\7bd97cc524ebd8114e77ca1991fbf2f3\Metadata\AppxDeviceInventory.dll</Data>
      
            
      <Data Name=""CreationUtcTime"">2023-12-02 04:35:48.000</Data>
      
            
      <Data Name=""User"">NT AUTHORITY\SYSTEM</Data>
      
        
    </EventData>
    
        
    <RenderingInfo Culture=""en-US"">
      
            
      <Message>File created:

RuleName: DLL

UtcTime: 2023-12-28
                11:01:10.422

ProcessGuid:
                {fda94052-34fa-658d-8a00-000000000b00}

ProcessId: 5868

Image:
                C:\Windows\system32\svchost.exe

TargetFilename:
                C:\Windows\SoftwareDistribution\Download\7bd97cc524ebd8114e77ca1991fbf2f3\Metadata\AppxDeviceInventory.dll

CreationUtcTime:
                2023-12-02 04:35:48.000

User: NT AUTHORITY\SYSTEM</Message>
      
            
      <Level>Information</Level>
      
            
      <Task>File created (rule: FileCreate)</Task>
      
            
      <Opcode>Info</Opcode>
      
        
    </RenderingInfo>
    
    
  </Event>
  
    
  
"
