Microsoft-Windows-Sysmon/Operational,,,WinDev2309Eval,2023-12-02 04:14:28.000,,,11,9498,,,C:\Windows\system32\svchost.exe,,0x8000000000000000,Information,,,"File created:

RuleName: DLL

UtcTime: 2023-12-28
                11:04:15.319

ProcessGuid:
                {fda94052-34fa-658d-8a00-000000000b00}

ProcessId: 5868

Image:
                C:\Windows\system32\svchost.exe

TargetFilename:
                C:\Windows\SoftwareDistribution\Download\7bd97cc524ebd8114e77ca1991fbf2f3\Metadata\wcp.dll

CreationUtcTime:
                2023-12-02 04:14:28.000

User: NT AUTHORITY\SYSTEM",Info,,,,,,,{fda94052-34fa-658d-8a00-000000000b00},7044,5868,,,,,"
      
            
      ",DLL,2023-12-28T11:04:15.3276837Z,"
                C:\Windows\SoftwareDistribution\Download\7bd97cc524ebd8114e77ca1991fbf2f3\Metadata\wcp.dll",File created (rule: FileCreate),,6672,NT AUTHORITY\SYSTEM,S-1-5-18,2023-12-28 11:04:15.319,2,"<Event xmlns=""http://schemas.microsoft.com/win/2004/08/events/event"">
    
        
    <System>
      
            
      <Provider Name=""Microsoft-Windows-Sysmon"" Guid=""{5770385f-c22a-43e0-bf4c-06f5698ffbd9}""/>
      
            
      <EventID>11</EventID>
      
            
      <Version>2</Version>
      
            
      <Level>4</Level>
      
            
      <Task>11</Task>
      
            
      <Opcode>0</Opcode>
      
            
      <Keywords>0x8000000000000000</Keywords>
      
            
      <TimeCreated SystemTime=""2023-12-28T11:04:15.3276837Z""/>
      
            
      <EventRecordID>9498</EventRecordID>
      
            
      <Correlation/>
      
            
      <Execution ProcessID=""7044"" ThreadID=""6672""/>
      
            
      <Channel>Microsoft-Windows-Sysmon/Operational</Channel>
      
            
      <Computer>WinDev2309Eval</Computer>
      
            
      <Security UserID=""S-1-5-18""/>
      
        
    </System>
    
        
    <EventData>
      
            
      <Data Name=""RuleName"">DLL</Data>
      
            
      <Data Name=""UtcTime"">2023-12-28 11:04:15.319</Data>
      
            
      <Data Name=""ProcessGuid"">{fda94052-34fa-658d-8a00-000000000b00}</Data>
      
            
      <Data Name=""ProcessId"">5868</Data>
      
            
      <Data Name=""Image"">C:\Windows\system32\svchost.exe</Data>
      
            
      <Data Name=""TargetFilename"">
                C:\Windows\SoftwareDistribution\Download\7bd97cc524ebd8114e77ca1991fbf2f3\Metadata\wcp.dll</Data>
      
            
      <Data Name=""CreationUtcTime"">2023-12-02 04:14:28.000</Data>
      
            
      <Data Name=""User"">NT AUTHORITY\SYSTEM</Data>
      
        
    </EventData>
    
        
    <RenderingInfo Culture=""en-US"">
      
            
      <Message>File created:

RuleName: DLL

UtcTime: 2023-12-28
                11:04:15.319

ProcessGuid:
                {fda94052-34fa-658d-8a00-000000000b00}

ProcessId: 5868

Image:
                C:\Windows\system32\svchost.exe

TargetFilename:
                C:\Windows\SoftwareDistribution\Download\7bd97cc524ebd8114e77ca1991fbf2f3\Metadata\wcp.dll

CreationUtcTime:
                2023-12-02 04:14:28.000

User: NT AUTHORITY\SYSTEM</Message>
      
            
      <Level>Information</Level>
      
            
      <Task>File created (rule: FileCreate)</Task>
      
            
      <Opcode>Info</Opcode>
      
        
    </RenderingInfo>
    
    
  </Event>
  
    
  
"
Microsoft-Windows-Sysmon/Operational,,,WinDev2309Eval,2023-12-02 04:21:42.000,,,11,9497,,,C:\Windows\system32\svchost.exe,,0x8000000000000000,Information,,,"File created:

RuleName: DLL

UtcTime: 2023-12-28
                11:04:15.319

ProcessGuid:
                {fda94052-34fa-658d-8a00-000000000b00}

ProcessId: 5868

Image:
                C:\Windows\system32\svchost.exe

TargetFilename:
                C:\Windows\SoftwareDistribution\Download\7bd97cc524ebd8114e77ca1991fbf2f3\Metadata\UAOneSettings.dll

CreationUtcTime:
                2023-12-02 04:21:42.000

User: NT AUTHORITY\SYSTEM",Info,,,,,,,{fda94052-34fa-658d-8a00-000000000b00},7044,5868,,,,,"
      
            
      ",DLL,2023-12-28T11:04:15.3254905Z,"
                C:\Windows\SoftwareDistribution\Download\7bd97cc524ebd8114e77ca1991fbf2f3\Metadata\UAOneSettings.dll",File created (rule: FileCreate),,6672,NT AUTHORITY\SYSTEM,S-1-5-18,2023-12-28 11:04:15.319,2,"<Event xmlns=""http://schemas.microsoft.com/win/2004/08/events/event"">
    
        
    <System>
      
            
      <Provider Name=""Microsoft-Windows-Sysmon"" Guid=""{5770385f-c22a-43e0-bf4c-06f5698ffbd9}""/>
      
            
      <EventID>11</EventID>
      
            
      <Version>2</Version>
      
            
      <Level>4</Level>
      
            
      <Task>11</Task>
      
            
      <Opcode>0</Opcode>
      
            
      <Keywords>0x8000000000000000</Keywords>
      
            
      <TimeCreated SystemTime=""2023-12-28T11:04:15.3254905Z""/>
      
            
      <EventRecordID>9497</EventRecordID>
      
            
      <Correlation/>
      
            
      <Execution ProcessID=""7044"" ThreadID=""6672""/>
      
            
      <Channel>Microsoft-Windows-Sysmon/Operational</Channel>
      
            
      <Computer>WinDev2309Eval</Computer>
      
            
      <Security UserID=""S-1-5-18""/>
      
        
    </System>
    
        
    <EventData>
      
            
      <Data Name=""RuleName"">DLL</Data>
      
            
      <Data Name=""UtcTime"">2023-12-28 11:04:15.319</Data>
      
            
      <Data Name=""ProcessGuid"">{fda94052-34fa-658d-8a00-000000000b00}</Data>
      
            
      <Data Name=""ProcessId"">5868</Data>
      
            
      <Data Name=""Image"">C:\Windows\system32\svchost.exe</Data>
      
            
      <Data Name=""TargetFilename"">
                C:\Windows\SoftwareDistribution\Download\7bd97cc524ebd8114e77ca1991fbf2f3\Metadata\UAOneSettings.dll</Data>
      
            
      <Data Name=""CreationUtcTime"">2023-12-02 04:21:42.000</Data>
      
            
      <Data Name=""User"">NT AUTHORITY\SYSTEM</Data>
      
        
    </EventData>
    
        
    <RenderingInfo Culture=""en-US"">
      
            
      <Message>File created:

RuleName: DLL

UtcTime: 2023-12-28
                11:04:15.319

ProcessGuid:
                {fda94052-34fa-658d-8a00-000000000b00}

ProcessId: 5868

Image:
                C:\Windows\system32\svchost.exe

TargetFilename:
                C:\Windows\SoftwareDistribution\Download\7bd97cc524ebd8114e77ca1991fbf2f3\Metadata\UAOneSettings.dll

CreationUtcTime:
                2023-12-02 04:21:42.000

User: NT AUTHORITY\SYSTEM</Message>
      
            
      <Level>Information</Level>
      
            
      <Task>File created (rule: FileCreate)</Task>
      
            
      <Opcode>Info</Opcode>
      
        
    </RenderingInfo>
    
    
  </Event>
  
    
  
"
Microsoft-Windows-Sysmon/Operational,,,WinDev2309Eval,2023-12-02 10:04:50.000,,,11,9496,,,C:\Windows\system32\svchost.exe,,0x8000000000000000,Information,,,"File created:

RuleName: DLL

UtcTime: 2023-12-28
                11:04:15.319

ProcessGuid:
                {fda94052-34fa-658d-8a00-000000000b00}

ProcessId: 5868

Image:
                C:\Windows\system32\svchost.exe

TargetFilename:
                C:\Windows\SoftwareDistribution\Download\7bd97cc524ebd8114e77ca1991fbf2f3\Metadata\Mitigation.dll

CreationUtcTime:
                2023-12-02 10:04:50.000

User: NT AUTHORITY\SYSTEM",Info,,,,,,,{fda94052-34fa-658d-8a00-000000000b00},7044,5868,,,,,"
      
            
      ",DLL,2023-12-28T11:04:15.3213402Z,"
                C:\Windows\SoftwareDistribution\Download\7bd97cc524ebd8114e77ca1991fbf2f3\Metadata\Mitigation.dll",File created (rule: FileCreate),,6672,NT AUTHORITY\SYSTEM,S-1-5-18,2023-12-28 11:04:15.319,2,"<Event xmlns=""http://schemas.microsoft.com/win/2004/08/events/event"">
    
        
    <System>
      
            
      <Provider Name=""Microsoft-Windows-Sysmon"" Guid=""{5770385f-c22a-43e0-bf4c-06f5698ffbd9}""/>
      
            
      <EventID>11</EventID>
      
            
      <Version>2</Version>
      
            
      <Level>4</Level>
      
            
      <Task>11</Task>
      
            
      <Opcode>0</Opcode>
      
            
      <Keywords>0x8000000000000000</Keywords>
      
            
      <TimeCreated SystemTime=""2023-12-28T11:04:15.3213402Z""/>
      
            
      <EventRecordID>9496</EventRecordID>
      
            
      <Correlation/>
      
            
      <Execution ProcessID=""7044"" ThreadID=""6672""/>
      
            
      <Channel>Microsoft-Windows-Sysmon/Operational</Channel>
      
            
      <Computer>WinDev2309Eval</Computer>
      
            
      <Security UserID=""S-1-5-18""/>
      
        
    </System>
    
        
    <EventData>
      
            
      <Data Name=""RuleName"">DLL</Data>
      
            
      <Data Name=""UtcTime"">2023-12-28 11:04:15.319</Data>
      
            
      <Data Name=""ProcessGuid"">{fda94052-34fa-658d-8a00-000000000b00}</Data>
      
            
      <Data Name=""ProcessId"">5868</Data>
      
            
      <Data Name=""Image"">C:\Windows\system32\svchost.exe</Data>
      
            
      <Data Name=""TargetFilename"">
                C:\Windows\SoftwareDistribution\Download\7bd97cc524ebd8114e77ca1991fbf2f3\Metadata\Mitigation.dll</Data>
      
            
      <Data Name=""CreationUtcTime"">2023-12-02 10:04:50.000</Data>
      
            
      <Data Name=""User"">NT AUTHORITY\SYSTEM</Data>
      
        
    </EventData>
    
        
    <RenderingInfo Culture=""en-US"">
      
            
      <Message>File created:

RuleName: DLL

UtcTime: 2023-12-28
                11:04:15.319

ProcessGuid:
                {fda94052-34fa-658d-8a00-000000000b00}

ProcessId: 5868

Image:
                C:\Windows\system32\svchost.exe

TargetFilename:
                C:\Windows\SoftwareDistribution\Download\7bd97cc524ebd8114e77ca1991fbf2f3\Metadata\Mitigation.dll

CreationUtcTime:
                2023-12-02 10:04:50.000

User: NT AUTHORITY\SYSTEM</Message>
      
            
      <Level>Information</Level>
      
            
      <Task>File created (rule: FileCreate)</Task>
      
            
      <Opcode>Info</Opcode>
      
        
    </RenderingInfo>
    
    
  </Event>
  
    
  
"
Microsoft-Windows-Sysmon/Operational,,,WinDev2309Eval,2023-12-02 04:13:54.000,,,11,9495,,,C:\Windows\system32\svchost.exe,,0x8000000000000000,Information,,,"File created:

RuleName: DLL

UtcTime: 2023-12-28
                11:04:15.303

ProcessGuid:
                {fda94052-34fa-658d-8a00-000000000b00}

ProcessId: 5868

Image:
                C:\Windows\system32\svchost.exe

TargetFilename:
                C:\Windows\SoftwareDistribution\Download\7bd97cc524ebd8114e77ca1991fbf2f3\Metadata\dpx.dll

CreationUtcTime:
                2023-12-02 04:13:54.000

User: NT AUTHORITY\SYSTEM",Info,,,,,,,{fda94052-34fa-658d-8a00-000000000b00},7044,5868,,,,,"
      
            
      ",DLL,2023-12-28T11:04:15.3140509Z,"
                C:\Windows\SoftwareDistribution\Download\7bd97cc524ebd8114e77ca1991fbf2f3\Metadata\dpx.dll",File created (rule: FileCreate),,6672,NT AUTHORITY\SYSTEM,S-1-5-18,2023-12-28 11:04:15.303,2,"<Event xmlns=""http://schemas.microsoft.com/win/2004/08/events/event"">
    
        
    <System>
      
            
      <Provider Name=""Microsoft-Windows-Sysmon"" Guid=""{5770385f-c22a-43e0-bf4c-06f5698ffbd9}""/>
      
            
      <EventID>11</EventID>
      
            
      <Version>2</Version>
      
            
      <Level>4</Level>
      
            
      <Task>11</Task>
      
            
      <Opcode>0</Opcode>
      
            
      <Keywords>0x8000000000000000</Keywords>
      
            
      <TimeCreated SystemTime=""2023-12-28T11:04:15.3140509Z""/>
      
            
      <EventRecordID>9495</EventRecordID>
      
            
      <Correlation/>
      
            
      <Execution ProcessID=""7044"" ThreadID=""6672""/>
      
            
      <Channel>Microsoft-Windows-Sysmon/Operational</Channel>
      
            
      <Computer>WinDev2309Eval</Computer>
      
            
      <Security UserID=""S-1-5-18""/>
      
        
    </System>
    
        
    <EventData>
      
            
      <Data Name=""RuleName"">DLL</Data>
      
            
      <Data Name=""UtcTime"">2023-12-28 11:04:15.303</Data>
      
            
      <Data Name=""ProcessGuid"">{fda94052-34fa-658d-8a00-000000000b00}</Data>
      
            
      <Data Name=""ProcessId"">5868</Data>
      
            
      <Data Name=""Image"">C:\Windows\system32\svchost.exe</Data>
      
            
      <Data Name=""TargetFilename"">
                C:\Windows\SoftwareDistribution\Download\7bd97cc524ebd8114e77ca1991fbf2f3\Metadata\dpx.dll</Data>
      
            
      <Data Name=""CreationUtcTime"">2023-12-02 04:13:54.000</Data>
      
            
      <Data Name=""User"">NT AUTHORITY\SYSTEM</Data>
      
        
    </EventData>
    
        
    <RenderingInfo Culture=""en-US"">
      
            
      <Message>File created:

RuleName: DLL

UtcTime: 2023-12-28
                11:04:15.303

ProcessGuid:
                {fda94052-34fa-658d-8a00-000000000b00}

ProcessId: 5868

Image:
                C:\Windows\system32\svchost.exe

TargetFilename:
                C:\Windows\SoftwareDistribution\Download\7bd97cc524ebd8114e77ca1991fbf2f3\Metadata\dpx.dll

CreationUtcTime:
                2023-12-02 04:13:54.000

User: NT AUTHORITY\SYSTEM</Message>
      
            
      <Level>Information</Level>
      
            
      <Task>File created (rule: FileCreate)</Task>
      
            
      <Opcode>Info</Opcode>
      
        
    </RenderingInfo>
    
    
  </Event>
  
    
  
"
Microsoft-Windows-Sysmon/Operational,,,WinDev2309Eval,2023-12-02 04:13:52.000,,,11,9494,,,C:\Windows\system32\svchost.exe,,0x8000000000000000,Information,,,"File created:

RuleName: DLL

UtcTime: 2023-12-28
                11:04:15.287

ProcessGuid:
                {fda94052-34fa-658d-8a00-000000000b00}

ProcessId: 5868

Image:
                C:\Windows\system32\svchost.exe

TargetFilename:
                C:\Windows\SoftwareDistribution\Download\7bd97cc524ebd8114e77ca1991fbf2f3\Metadata\UpdateAgent.dll

CreationUtcTime:
                2023-12-02 04:13:52.000

User: NT AUTHORITY\SYSTEM",Info,,,,,,,{fda94052-34fa-658d-8a00-000000000b00},7044,5868,,,,,"
      
            
      ",DLL,2023-12-28T11:04:15.2892643Z,"
                C:\Windows\SoftwareDistribution\Download\7bd97cc524ebd8114e77ca1991fbf2f3\Metadata\UpdateAgent.dll",File created (rule: FileCreate),,6672,NT AUTHORITY\SYSTEM,S-1-5-18,2023-12-28 11:04:15.287,2,"<Event xmlns=""http://schemas.microsoft.com/win/2004/08/events/event"">
    
        
    <System>
      
            
      <Provider Name=""Microsoft-Windows-Sysmon"" Guid=""{5770385f-c22a-43e0-bf4c-06f5698ffbd9}""/>
      
            
      <EventID>11</EventID>
      
            
      <Version>2</Version>
      
            
      <Level>4</Level>
      
            
      <Task>11</Task>
      
            
      <Opcode>0</Opcode>
      
            
      <Keywords>0x8000000000000000</Keywords>
      
            
      <TimeCreated SystemTime=""2023-12-28T11:04:15.2892643Z""/>
      
            
      <EventRecordID>9494</EventRecordID>
      
            
      <Correlation/>
      
            
      <Execution ProcessID=""7044"" ThreadID=""6672""/>
      
            
      <Channel>Microsoft-Windows-Sysmon/Operational</Channel>
      
            
      <Computer>WinDev2309Eval</Computer>
      
            
      <Security UserID=""S-1-5-18""/>
      
        
    </System>
    
        
    <EventData>
      
            
      <Data Name=""RuleName"">DLL</Data>
      
            
      <Data Name=""UtcTime"">2023-12-28 11:04:15.287</Data>
      
            
      <Data Name=""ProcessGuid"">{fda94052-34fa-658d-8a00-000000000b00}</Data>
      
            
      <Data Name=""ProcessId"">5868</Data>
      
            
      <Data Name=""Image"">C:\Windows\system32\svchost.exe</Data>
      
            
      <Data Name=""TargetFilename"">
                C:\Windows\SoftwareDistribution\Download\7bd97cc524ebd8114e77ca1991fbf2f3\Metadata\UpdateAgent.dll</Data>
      
            
      <Data Name=""CreationUtcTime"">2023-12-02 04:13:52.000</Data>
      
            
      <Data Name=""User"">NT AUTHORITY\SYSTEM</Data>
      
        
    </EventData>
    
        
    <RenderingInfo Culture=""en-US"">
      
            
      <Message>File created:

RuleName: DLL

UtcTime: 2023-12-28
                11:04:15.287

ProcessGuid:
                {fda94052-34fa-658d-8a00-000000000b00}

ProcessId: 5868

Image:
                C:\Windows\system32\svchost.exe

TargetFilename:
                C:\Windows\SoftwareDistribution\Download\7bd97cc524ebd8114e77ca1991fbf2f3\Metadata\UpdateAgent.dll

CreationUtcTime:
                2023-12-02 04:13:52.000

User: NT AUTHORITY\SYSTEM</Message>
      
            
      <Level>Information</Level>
      
            
      <Task>File created (rule: FileCreate)</Task>
      
            
      <Opcode>Info</Opcode>
      
        
    </RenderingInfo>
    
    
  </Event>
  
    
  
"
Microsoft-Windows-Sysmon/Operational,,,WinDev2309Eval,2023-12-28 11:04:15.078,,,11,9493,,,C:\Windows\system32\svchost.exe,,0x8000000000000000,Information,,,"File created:

RuleName: DLL

UtcTime: 2023-12-28
                11:04:15.078

ProcessGuid:
                {fda94052-34fa-658d-8a00-000000000b00}

ProcessId: 5868

Image:
                C:\Windows\system32\svchost.exe

TargetFilename:
                C:\Windows\SystemTemp\{FDFC1A1B-9727-42A7-884C-E915E3E50FDA}\ssshim.dll

CreationUtcTime:
                2023-12-28 11:04:15.078

User: NT AUTHORITY\SYSTEM",Info,,,,,,,{fda94052-34fa-658d-8a00-000000000b00},7044,5868,,,,,"
      
            
      ",DLL,2023-12-28T11:04:15.0847958Z,"
                C:\Windows\SystemTemp\{FDFC1A1B-9727-42A7-884C-E915E3E50FDA}\ssshim.dll",File created (rule: FileCreate),,6672,NT AUTHORITY\SYSTEM,S-1-5-18,2023-12-28 11:04:15.078,2,"<Event xmlns=""http://schemas.microsoft.com/win/2004/08/events/event"">
    
        
    <System>
      
            
      <Provider Name=""Microsoft-Windows-Sysmon"" Guid=""{5770385f-c22a-43e0-bf4c-06f5698ffbd9}""/>
      
            
      <EventID>11</EventID>
      
            
      <Version>2</Version>
      
            
      <Level>4</Level>
      
            
      <Task>11</Task>
      
            
      <Opcode>0</Opcode>
      
            
      <Keywords>0x8000000000000000</Keywords>
      
            
      <TimeCreated SystemTime=""2023-12-28T11:04:15.0847958Z""/>
      
            
      <EventRecordID>9493</EventRecordID>
      
            
      <Correlation/>
      
            
      <Execution ProcessID=""7044"" ThreadID=""6672""/>
      
            
      <Channel>Microsoft-Windows-Sysmon/Operational</Channel>
      
            
      <Computer>WinDev2309Eval</Computer>
      
            
      <Security UserID=""S-1-5-18""/>
      
        
    </System>
    
        
    <EventData>
      
            
      <Data Name=""RuleName"">DLL</Data>
      
            
      <Data Name=""UtcTime"">2023-12-28 11:04:15.078</Data>
      
            
      <Data Name=""ProcessGuid"">{fda94052-34fa-658d-8a00-000000000b00}</Data>
      
            
      <Data Name=""ProcessId"">5868</Data>
      
            
      <Data Name=""Image"">C:\Windows\system32\svchost.exe</Data>
      
            
      <Data Name=""TargetFilename"">
                C:\Windows\SystemTemp\{FDFC1A1B-9727-42A7-884C-E915E3E50FDA}\ssshim.dll</Data>
      
            
      <Data Name=""CreationUtcTime"">2023-12-28 11:04:15.078</Data>
      
            
      <Data Name=""User"">NT AUTHORITY\SYSTEM</Data>
      
        
    </EventData>
    
        
    <RenderingInfo Culture=""en-US"">
      
            
      <Message>File created:

RuleName: DLL

UtcTime: 2023-12-28
                11:04:15.078

ProcessGuid:
                {fda94052-34fa-658d-8a00-000000000b00}

ProcessId: 5868

Image:
                C:\Windows\system32\svchost.exe

TargetFilename:
                C:\Windows\SystemTemp\{FDFC1A1B-9727-42A7-884C-E915E3E50FDA}\ssshim.dll

CreationUtcTime:
                2023-12-28 11:04:15.078

User: NT AUTHORITY\SYSTEM</Message>
      
            
      <Level>Information</Level>
      
            
      <Task>File created (rule: FileCreate)</Task>
      
            
      <Opcode>Info</Opcode>
      
        
    </RenderingInfo>
    
    
  </Event>
  
    
  
"
Microsoft-Windows-Sysmon/Operational,,,WinDev2309Eval,2023-12-28 11:04:14.996,,,11,9492,,,C:\Windows\uus\packages\preview\AMD64\MoUsoCoreWorker.exe,,0x8000000000000000,Information,,,"File created:

RuleName: DLL

UtcTime: 2023-12-28
                11:04:14.996

ProcessGuid:
                {fda94052-34fa-658d-8900-000000000b00}

ProcessId: 5812

Image:
                C:\Windows\uus\packages\preview\AMD64\MoUsoCoreWorker.exe

TargetFilename:
                C:\Windows\SystemTemp\{BE5A941A-76F0-4860-8F26-102E776D35AD}\ssshim.dll

CreationUtcTime:
                2023-12-28 11:04:14.996

User: NT AUTHORITY\SYSTEM",Info,,,,,,,{fda94052-34fa-658d-8900-000000000b00},7044,5812,,,,,"
      
            
      ",DLL,2023-12-28T11:04:15.0009685Z,"
                C:\Windows\SystemTemp\{BE5A941A-76F0-4860-8F26-102E776D35AD}\ssshim.dll",File created (rule: FileCreate),,6672,NT AUTHORITY\SYSTEM,S-1-5-18,2023-12-28 11:04:14.996,2,"<Event xmlns=""http://schemas.microsoft.com/win/2004/08/events/event"">
    
        
    <System>
      
            
      <Provider Name=""Microsoft-Windows-Sysmon"" Guid=""{5770385f-c22a-43e0-bf4c-06f5698ffbd9}""/>
      
            
      <EventID>11</EventID>
      
            
      <Version>2</Version>
      
            
      <Level>4</Level>
      
            
      <Task>11</Task>
      
            
      <Opcode>0</Opcode>
      
            
      <Keywords>0x8000000000000000</Keywords>
      
            
      <TimeCreated SystemTime=""2023-12-28T11:04:15.0009685Z""/>
      
            
      <EventRecordID>9492</EventRecordID>
      
            
      <Correlation/>
      
            
      <Execution ProcessID=""7044"" ThreadID=""6672""/>
      
            
      <Channel>Microsoft-Windows-Sysmon/Operational</Channel>
      
            
      <Computer>WinDev2309Eval</Computer>
      
            
      <Security UserID=""S-1-5-18""/>
      
        
    </System>
    
        
    <EventData>
      
            
      <Data Name=""RuleName"">DLL</Data>
      
            
      <Data Name=""UtcTime"">2023-12-28 11:04:14.996</Data>
      
            
      <Data Name=""ProcessGuid"">{fda94052-34fa-658d-8900-000000000b00}</Data>
      
            
      <Data Name=""ProcessId"">5812</Data>
      
            
      <Data Name=""Image"">C:\Windows\uus\packages\preview\AMD64\MoUsoCoreWorker.exe</Data>
      
            
      <Data Name=""TargetFilename"">
                C:\Windows\SystemTemp\{BE5A941A-76F0-4860-8F26-102E776D35AD}\ssshim.dll</Data>
      
            
      <Data Name=""CreationUtcTime"">2023-12-28 11:04:14.996</Data>
      
            
      <Data Name=""User"">NT AUTHORITY\SYSTEM</Data>
      
        
    </EventData>
    
        
    <RenderingInfo Culture=""en-US"">
      
            
      <Message>File created:

RuleName: DLL

UtcTime: 2023-12-28
                11:04:14.996

ProcessGuid:
                {fda94052-34fa-658d-8900-000000000b00}

ProcessId: 5812

Image:
                C:\Windows\uus\packages\preview\AMD64\MoUsoCoreWorker.exe

TargetFilename:
                C:\Windows\SystemTemp\{BE5A941A-76F0-4860-8F26-102E776D35AD}\ssshim.dll

CreationUtcTime:
                2023-12-28 11:04:14.996

User: NT AUTHORITY\SYSTEM</Message>
      
            
      <Level>Information</Level>
      
            
      <Task>File created (rule: FileCreate)</Task>
      
            
      <Opcode>Info</Opcode>
      
        
    </RenderingInfo>
    
    
  </Event>
  
    
  
"
Microsoft-Windows-Sysmon/Operational,"""C:\Program Files
                (x86)\Microsoft\EdgeUpdate\MicrosoftEdgeUpdate.exe"" /svc",Microsoft Corporation,WinDev2309Eval,,C:\Windows\system32\,Microsoft Edge Update,1,9491,1.3.155.85,"
                MD5=A4FC8EC5BC41C41918B0C1541E4E4BE6,SHA256=54545F352215A9C0F370A01980AADCD5749A93589931662D89A974D7BD60F476,IMPHASH=E00D60405A249A05D3B09AA7FE924B17",C:\Program Files (x86)\Microsoft\EdgeUpdate\MicrosoftEdgeUpdate.exe,System,0x8000000000000000,Information,{fda94052-34eb-658d-e703-000000000000},0x3e7,"Process Create:

RuleName: -

UtcTime: 2023-12-28
                11:04:14.478

ProcessGuid:
                {fda94052-562e-658d-7302-000000000b00}

ProcessId: 9856

Image:
                C:\Program Files
                (x86)\Microsoft\EdgeUpdate\MicrosoftEdgeUpdate.exe

FileVersion:
                1.3.155.85

Description: Microsoft Edge Update

Product: Microsoft
                Edge Update

Company: Microsoft Corporation

OriginalFileName:
                msedgeupdate.dll

CommandLine: ""C:\Program Files
                (x86)\Microsoft\EdgeUpdate\MicrosoftEdgeUpdate.exe"" /svc

CurrentDirectory:
                C:\Windows\system32\

User: NT AUTHORITY\SYSTEM

LogonGuid:
                {fda94052-34eb-658d-e703-000000000000}

LogonId:
                0x3E7

TerminalSessionId: 0

IntegrityLevel: System

Hashes:
                MD5=A4FC8EC5BC41C41918B0C1541E4E4BE6,SHA256=54545F352215A9C0F370A01980AADCD5749A93589931662D89A974D7BD60F476,IMPHASH=E00D60405A249A05D3B09AA7FE924B17

ParentProcessGuid:
                {fda94052-34eb-658d-0b00-000000000b00}

ParentProcessId:
                788

ParentImage:
                C:\Windows\System32\services.exe

ParentCommandLine:
                C:\Windows\system32\services.exe

ParentUser: NT AUTHORITY\SYSTEM",Info,msedgeupdate.dll,C:\Windows\system32\services.exe,C:\Windows\System32\services.exe,{fda94052-34eb-658d-0b00-000000000b00},788,NT AUTHORITY\SYSTEM,{fda94052-562e-658d-7302-000000000b00},7044,9856,Microsoft Edge Update,,,,"
      
            
      ",-,2023-12-28T11:04:14.4799491Z,,Process Create (rule: ProcessCreate),0,6672,NT AUTHORITY\SYSTEM,S-1-5-18,2023-12-28 11:04:14.478,5,"<Event xmlns=""http://schemas.microsoft.com/win/2004/08/events/event"">
    
        
    <System>
      
            
      <Provider Name=""Microsoft-Windows-Sysmon"" Guid=""{5770385f-c22a-43e0-bf4c-06f5698ffbd9}""/>
      
            
      <EventID>1</EventID>
      
            
      <Version>5</Version>
      
            
      <Level>4</Level>
      
            
      <Task>1</Task>
      
            
      <Opcode>0</Opcode>
      
            
      <Keywords>0x8000000000000000</Keywords>
      
            
      <TimeCreated SystemTime=""2023-12-28T11:04:14.4799491Z""/>
      
            
      <EventRecordID>9491</EventRecordID>
      
            
      <Correlation/>
      
            
      <Execution ProcessID=""7044"" ThreadID=""6672""/>
      
            
      <Channel>Microsoft-Windows-Sysmon/Operational</Channel>
      
            
      <Computer>WinDev2309Eval</Computer>
      
            
      <Security UserID=""S-1-5-18""/>
      
        
    </System>
    
        
    <EventData>
      
            
      <Data Name=""RuleName"">-</Data>
      
            
      <Data Name=""UtcTime"">2023-12-28 11:04:14.478</Data>
      
            
      <Data Name=""ProcessGuid"">{fda94052-562e-658d-7302-000000000b00}</Data>
      
            
      <Data Name=""ProcessId"">9856</Data>
      
            
      <Data Name=""Image"">C:\Program Files (x86)\Microsoft\EdgeUpdate\MicrosoftEdgeUpdate.exe</Data>
      
            
      <Data Name=""FileVersion"">1.3.155.85</Data>
      
            
      <Data Name=""Description"">Microsoft Edge Update</Data>
      
            
      <Data Name=""Product"">Microsoft Edge Update</Data>
      
            
      <Data Name=""Company"">Microsoft Corporation</Data>
      
            
      <Data Name=""OriginalFileName"">msedgeupdate.dll</Data>
      
            
      <Data Name=""CommandLine"">""C:\Program Files
                (x86)\Microsoft\EdgeUpdate\MicrosoftEdgeUpdate.exe"" /svc</Data>
      
            
      <Data Name=""CurrentDirectory"">C:\Windows\system32\</Data>
      
            
      <Data Name=""User"">NT AUTHORITY\SYSTEM</Data>
      
            
      <Data Name=""LogonGuid"">{fda94052-34eb-658d-e703-000000000000}</Data>
      
            
      <Data Name=""LogonId"">0x3e7</Data>
      
            
      <Data Name=""TerminalSessionId"">0</Data>
      
            
      <Data Name=""IntegrityLevel"">System</Data>
      
            
      <Data Name=""Hashes"">
                MD5=A4FC8EC5BC41C41918B0C1541E4E4BE6,SHA256=54545F352215A9C0F370A01980AADCD5749A93589931662D89A974D7BD60F476,IMPHASH=E00D60405A249A05D3B09AA7FE924B17</Data>
      
            
      <Data Name=""ParentProcessGuid"">{fda94052-34eb-658d-0b00-000000000b00}</Data>
      
            
      <Data Name=""ParentProcessId"">788</Data>
      
            
      <Data Name=""ParentImage"">C:\Windows\System32\services.exe</Data>
      
            
      <Data Name=""ParentCommandLine"">C:\Windows\system32\services.exe</Data>
      
            
      <Data Name=""ParentUser"">NT AUTHORITY\SYSTEM</Data>
      
        
    </EventData>
    
        
    <RenderingInfo Culture=""en-US"">
      
            
      <Message>Process Create:

RuleName: -

UtcTime: 2023-12-28
                11:04:14.478

ProcessGuid:
                {fda94052-562e-658d-7302-000000000b00}

ProcessId: 9856

Image:
                C:\Program Files
                (x86)\Microsoft\EdgeUpdate\MicrosoftEdgeUpdate.exe

FileVersion:
                1.3.155.85

Description: Microsoft Edge Update

Product: Microsoft
                Edge Update

Company: Microsoft Corporation

OriginalFileName:
                msedgeupdate.dll

CommandLine: ""C:\Program Files
                (x86)\Microsoft\EdgeUpdate\MicrosoftEdgeUpdate.exe"" /svc

CurrentDirectory:
                C:\Windows\system32\

User: NT AUTHORITY\SYSTEM

LogonGuid:
                {fda94052-34eb-658d-e703-000000000000}

LogonId:
                0x3E7

TerminalSessionId: 0

IntegrityLevel: System

Hashes:
                MD5=A4FC8EC5BC41C41918B0C1541E4E4BE6,SHA256=54545F352215A9C0F370A01980AADCD5749A93589931662D89A974D7BD60F476,IMPHASH=E00D60405A249A05D3B09AA7FE924B17

ParentProcessGuid:
                {fda94052-34eb-658d-0b00-000000000b00}

ParentProcessId:
                788

ParentImage:
                C:\Windows\System32\services.exe

ParentCommandLine:
                C:\Windows\system32\services.exe

ParentUser: NT AUTHORITY\SYSTEM</Message>
      
            
      <Level>Information</Level>
      
            
      <Task>Process Create (rule: ProcessCreate)</Task>
      
            
      <Opcode>Info</Opcode>
      
        
    </RenderingInfo>
    
    
  </Event>
  
    
  
"
Microsoft-Windows-Sysmon/Operational,,,WinDev2309Eval,2023-12-28 11:04:13.915,,,11,9490,,,C:\Windows\system32\svchost.exe,,0x8000000000000000,Information,,,"File created:

RuleName: DLL

UtcTime: 2023-12-28
                11:04:13.915

ProcessGuid:
                {fda94052-34fa-658d-8a00-000000000b00}

ProcessId: 5868

Image:
                C:\Windows\system32\svchost.exe

TargetFilename:
                C:\Windows\SystemTemp\{C05F185C-9E62-466A-89CF-AC51EEE2B5FF}\ssshim.dll

CreationUtcTime:
                2023-12-28 11:04:13.915

User: NT AUTHORITY\SYSTEM",Info,,,,,,,{fda94052-34fa-658d-8a00-000000000b00},7044,5868,,,,,"
      
            
      ",DLL,2023-12-28T11:04:13.9161811Z,"
                C:\Windows\SystemTemp\{C05F185C-9E62-466A-89CF-AC51EEE2B5FF}\ssshim.dll",File created (rule: FileCreate),,6672,NT AUTHORITY\SYSTEM,S-1-5-18,2023-12-28 11:04:13.915,2,"<Event xmlns=""http://schemas.microsoft.com/win/2004/08/events/event"">
    
        
    <System>
      
            
      <Provider Name=""Microsoft-Windows-Sysmon"" Guid=""{5770385f-c22a-43e0-bf4c-06f5698ffbd9}""/>
      
            
      <EventID>11</EventID>
      
            
      <Version>2</Version>
      
            
      <Level>4</Level>
      
            
      <Task>11</Task>
      
            
      <Opcode>0</Opcode>
      
            
      <Keywords>0x8000000000000000</Keywords>
      
            
      <TimeCreated SystemTime=""2023-12-28T11:04:13.9161811Z""/>
      
            
      <EventRecordID>9490</EventRecordID>
      
            
      <Correlation/>
      
            
      <Execution ProcessID=""7044"" ThreadID=""6672""/>
      
            
      <Channel>Microsoft-Windows-Sysmon/Operational</Channel>
      
            
      <Computer>WinDev2309Eval</Computer>
      
            
      <Security UserID=""S-1-5-18""/>
      
        
    </System>
    
        
    <EventData>
      
            
      <Data Name=""RuleName"">DLL</Data>
      
            
      <Data Name=""UtcTime"">2023-12-28 11:04:13.915</Data>
      
            
      <Data Name=""ProcessGuid"">{fda94052-34fa-658d-8a00-000000000b00}</Data>
      
            
      <Data Name=""ProcessId"">5868</Data>
      
            
      <Data Name=""Image"">C:\Windows\system32\svchost.exe</Data>
      
            
      <Data Name=""TargetFilename"">
                C:\Windows\SystemTemp\{C05F185C-9E62-466A-89CF-AC51EEE2B5FF}\ssshim.dll</Data>
      
            
      <Data Name=""CreationUtcTime"">2023-12-28 11:04:13.915</Data>
      
            
      <Data Name=""User"">NT AUTHORITY\SYSTEM</Data>
      
        
    </EventData>
    
        
    <RenderingInfo Culture=""en-US"">
      
            
      <Message>File created:

RuleName: DLL

UtcTime: 2023-12-28
                11:04:13.915

ProcessGuid:
                {fda94052-34fa-658d-8a00-000000000b00}

ProcessId: 5868

Image:
                C:\Windows\system32\svchost.exe

TargetFilename:
                C:\Windows\SystemTemp\{C05F185C-9E62-466A-89CF-AC51EEE2B5FF}\ssshim.dll

CreationUtcTime:
                2023-12-28 11:04:13.915

User: NT AUTHORITY\SYSTEM</Message>
      
            
      <Level>Information</Level>
      
            
      <Task>File created (rule: FileCreate)</Task>
      
            
      <Opcode>Info</Opcode>
      
        
    </RenderingInfo>
    
    
  </Event>
  
    
  
"
Microsoft-Windows-Sysmon/Operational,"""C:\Windows\system32\whoami.exe""",Microsoft Corporation,WinDev2309Eval,,C:\Users\User\,whoami - displays logged on user information,1,9489,10.0.22621.1 (WinBuild.160101.0800),"
                MD5=E0F37DB23E4F3163159A815610DF8CF2,SHA256=574BC2A2995FE2B1F732CCD39F2D99460ACE980AF29EFDF1EB0D3E888BE7D6F0,IMPHASH=62935820E434AF643547B7F5F5BD0292",C:\Windows\System32\whoami.exe,Medium,0x8000000000000000,Information,{fda94052-3502-658d-b367-080000000000},0x867b3,"Process Create:

RuleName: -

UtcTime: 2023-12-28
                11:04:10.793

ProcessGuid:
                {fda94052-562a-658d-7202-000000000b00}

ProcessId: 4620

Image:
                C:\Windows\System32\whoami.exe

FileVersion: 10.0.22621.1
                (WinBuild.160101.0800)

Description: whoami - displays logged on user
                information

Product: Microsoft® Windows® Operating System

Company:
                Microsoft Corporation

OriginalFileName: whoami.exe

CommandLine:
                ""C:\Windows\system32\whoami.exe""

CurrentDirectory:
                C:\Users\User\

User: WINDEV2309EVAL\User

LogonGuid:
                {fda94052-3502-658d-b367-080000000000}

LogonId:
                0x867B3

TerminalSessionId: 1

IntegrityLevel:
                Medium

Hashes:
                MD5=E0F37DB23E4F3163159A815610DF8CF2,SHA256=574BC2A2995FE2B1F732CCD39F2D99460ACE980AF29EFDF1EB0D3E888BE7D6F0,IMPHASH=62935820E434AF643547B7F5F5BD0292

ParentProcessGuid:
                {fda94052-b87a-658c-2702-000000000b00}

ParentProcessId:
                5076

ParentImage:
                C:\Windows\System32\WindowsPowerShell\v1.0\powershell.exe

ParentCommandLine:
                ""C:\Windows\System32\WindowsPowerShell\v1.0\powershell.exe"" -exec
                bypass

ParentUser: WINDEV2309EVAL\User",Info,whoami.exe,"""C:\Windows\System32\WindowsPowerShell\v1.0\powershell.exe""
                -exec bypass",C:\Windows\System32\WindowsPowerShell\v1.0\powershell.exe,{fda94052-b87a-658c-2702-000000000b00},5076,WINDEV2309EVAL\User,{fda94052-562a-658d-7202-000000000b00},7044,4620,Microsoft® Windows® Operating System,,,,"
      
            
      ",-,2023-12-28T11:04:10.7946585Z,,Process Create (rule: ProcessCreate),1,6672,WINDEV2309EVAL\User,S-1-5-18,2023-12-28 11:04:10.793,5,"<Event xmlns=""http://schemas.microsoft.com/win/2004/08/events/event"">
    
        
    <System>
      
            
      <Provider Name=""Microsoft-Windows-Sysmon"" Guid=""{5770385f-c22a-43e0-bf4c-06f5698ffbd9}""/>
      
            
      <EventID>1</EventID>
      
            
      <Version>5</Version>
      
            
      <Level>4</Level>
      
            
      <Task>1</Task>
      
            
      <Opcode>0</Opcode>
      
            
      <Keywords>0x8000000000000000</Keywords>
      
            
      <TimeCreated SystemTime=""2023-12-28T11:04:10.7946585Z""/>
      
            
      <EventRecordID>9489</EventRecordID>
      
            
      <Correlation/>
      
            
      <Execution ProcessID=""7044"" ThreadID=""6672""/>
      
            
      <Channel>Microsoft-Windows-Sysmon/Operational</Channel>
      
            
      <Computer>WinDev2309Eval</Computer>
      
            
      <Security UserID=""S-1-5-18""/>
      
        
    </System>
    
        
    <EventData>
      
            
      <Data Name=""RuleName"">-</Data>
      
            
      <Data Name=""UtcTime"">2023-12-28 11:04:10.793</Data>
      
            
      <Data Name=""ProcessGuid"">{fda94052-562a-658d-7202-000000000b00}</Data>
      
            
      <Data Name=""ProcessId"">4620</Data>
      
            
      <Data Name=""Image"">C:\Windows\System32\whoami.exe</Data>
      
            
      <Data Name=""FileVersion"">10.0.22621.1 (WinBuild.160101.0800)</Data>
      
            
      <Data Name=""Description"">whoami - displays logged on user information</Data>
      
            
      <Data Name=""Product"">Microsoft&#174; Windows&#174; Operating System</Data>
      
            
      <Data Name=""Company"">Microsoft Corporation</Data>
      
            
      <Data Name=""OriginalFileName"">whoami.exe</Data>
      
            
      <Data Name=""CommandLine"">""C:\Windows\system32\whoami.exe""</Data>
      
            
      <Data Name=""CurrentDirectory"">C:\Users\User\</Data>
      
            
      <Data Name=""User"">WINDEV2309EVAL\User</Data>
      
            
      <Data Name=""LogonGuid"">{fda94052-3502-658d-b367-080000000000}</Data>
      
            
      <Data Name=""LogonId"">0x867b3</Data>
      
            
      <Data Name=""TerminalSessionId"">1</Data>
      
            
      <Data Name=""IntegrityLevel"">Medium</Data>
      
            
      <Data Name=""Hashes"">
                MD5=E0F37DB23E4F3163159A815610DF8CF2,SHA256=574BC2A2995FE2B1F732CCD39F2D99460ACE980AF29EFDF1EB0D3E888BE7D6F0,IMPHASH=62935820E434AF643547B7F5F5BD0292</Data>
      
            
      <Data Name=""ParentProcessGuid"">{fda94052-b87a-658c-2702-000000000b00}</Data>
      
            
      <Data Name=""ParentProcessId"">5076</Data>
      
            
      <Data Name=""ParentImage"">C:\Windows\System32\WindowsPowerShell\v1.0\powershell.exe</Data>
      
            
      <Data Name=""ParentCommandLine"">""C:\Windows\System32\WindowsPowerShell\v1.0\powershell.exe""
                -exec bypass</Data>
      
            
      <Data Name=""ParentUser"">WINDEV2309EVAL\User</Data>
      
        
    </EventData>
    
        
    <RenderingInfo Culture=""en-US"">
      
            
      <Message>Process Create:

RuleName: -

UtcTime: 2023-12-28
                11:04:10.793

ProcessGuid:
                {fda94052-562a-658d-7202-000000000b00}

ProcessId: 4620

Image:
                C:\Windows\System32\whoami.exe

FileVersion: 10.0.22621.1
                (WinBuild.160101.0800)

Description: whoami - displays logged on user
                information

Product: Microsoft&#174; Windows&#174; Operating System

Company:
                Microsoft Corporation

OriginalFileName: whoami.exe

CommandLine:
                ""C:\Windows\system32\whoami.exe""

CurrentDirectory:
                C:\Users\User\

User: WINDEV2309EVAL\User

LogonGuid:
                {fda94052-3502-658d-b367-080000000000}

LogonId:
                0x867B3

TerminalSessionId: 1

IntegrityLevel:
                Medium

Hashes:
                MD5=E0F37DB23E4F3163159A815610DF8CF2,SHA256=574BC2A2995FE2B1F732CCD39F2D99460ACE980AF29EFDF1EB0D3E888BE7D6F0,IMPHASH=62935820E434AF643547B7F5F5BD0292

ParentProcessGuid:
                {fda94052-b87a-658c-2702-000000000b00}

ParentProcessId:
                5076

ParentImage:
                C:\Windows\System32\WindowsPowerShell\v1.0\powershell.exe

ParentCommandLine:
                ""C:\Windows\System32\WindowsPowerShell\v1.0\powershell.exe"" -exec
                bypass

ParentUser: WINDEV2309EVAL\User</Message>
      
            
      <Level>Information</Level>
      
            
      <Task>Process Create (rule: ProcessCreate)</Task>
      
            
      <Opcode>Info</Opcode>
      
        
    </RenderingInfo>
    
    
  </Event>
  
    
  
"
Microsoft-Windows-Sysmon/Operational,"""C:\Windows\system32\HOSTNAME.EXE""",Microsoft Corporation,WinDev2309Eval,,C:\Users\User\,Hostname APP,1,9488,10.0.22621.2215 (WinBuild.160101.0800),"
                MD5=26D86E5BDA0ECA6C6C86541A141A3598,SHA256=D35B9869DA6A1894CB3F3D3E4808EADFF9ADF9B27677194D3F896FCBCDDFFACC,IMPHASH=23013EDF627646AB5226D15AC880BAD8",C:\Windows\System32\HOSTNAME.EXE,Medium,0x8000000000000000,Information,{fda94052-3502-658d-b367-080000000000},0x867b3,"Process Create:

RuleName: -

UtcTime: 2023-12-28
                11:04:10.768

ProcessGuid:
                {fda94052-562a-658d-7102-000000000b00}

ProcessId: 6080

Image:
                C:\Windows\System32\HOSTNAME.EXE

FileVersion: 10.0.22621.2215
                (WinBuild.160101.0800)

Description: Hostname APP

Product:
                Microsoft® Windows® Operating System

Company: Microsoft
                Corporation

OriginalFileName: hostname.exe

CommandLine:
                ""C:\Windows\system32\HOSTNAME.EXE""

CurrentDirectory:
                C:\Users\User\

User: WINDEV2309EVAL\User

LogonGuid:
                {fda94052-3502-658d-b367-080000000000}

LogonId:
                0x867B3

TerminalSessionId: 1

IntegrityLevel:
                Medium

Hashes:
                MD5=26D86E5BDA0ECA6C6C86541A141A3598,SHA256=D35B9869DA6A1894CB3F3D3E4808EADFF9ADF9B27677194D3F896FCBCDDFFACC,IMPHASH=23013EDF627646AB5226D15AC880BAD8

ParentProcessGuid:
                {fda94052-b87a-658c-2702-000000000b00}

ParentProcessId:
                5076

ParentImage:
                C:\Windows\System32\WindowsPowerShell\v1.0\powershell.exe

ParentCommandLine:
                ""C:\Windows\System32\WindowsPowerShell\v1.0\powershell.exe"" -exec
                bypass

ParentUser: WINDEV2309EVAL\User",Info,hostname.exe,"""C:\Windows\System32\WindowsPowerShell\v1.0\powershell.exe""
                -exec bypass",C:\Windows\System32\WindowsPowerShell\v1.0\powershell.exe,{fda94052-b87a-658c-2702-000000000b00},5076,WINDEV2309EVAL\User,{fda94052-562a-658d-7102-000000000b00},7044,6080,Microsoft® Windows® Operating System,,,,"
      
            
      ",-,2023-12-28T11:04:10.7703021Z,,Process Create (rule: ProcessCreate),1,6672,WINDEV2309EVAL\User,S-1-5-18,2023-12-28 11:04:10.768,5,"<Event xmlns=""http://schemas.microsoft.com/win/2004/08/events/event"">
    
        
    <System>
      
            
      <Provider Name=""Microsoft-Windows-Sysmon"" Guid=""{5770385f-c22a-43e0-bf4c-06f5698ffbd9}""/>
      
            
      <EventID>1</EventID>
      
            
      <Version>5</Version>
      
            
      <Level>4</Level>
      
            
      <Task>1</Task>
      
            
      <Opcode>0</Opcode>
      
            
      <Keywords>0x8000000000000000</Keywords>
      
            
      <TimeCreated SystemTime=""2023-12-28T11:04:10.7703021Z""/>
      
            
      <EventRecordID>9488</EventRecordID>
      
            
      <Correlation/>
      
            
      <Execution ProcessID=""7044"" ThreadID=""6672""/>
      
            
      <Channel>Microsoft-Windows-Sysmon/Operational</Channel>
      
            
      <Computer>WinDev2309Eval</Computer>
      
            
      <Security UserID=""S-1-5-18""/>
      
        
    </System>
    
        
    <EventData>
      
            
      <Data Name=""RuleName"">-</Data>
      
            
      <Data Name=""UtcTime"">2023-12-28 11:04:10.768</Data>
      
            
      <Data Name=""ProcessGuid"">{fda94052-562a-658d-7102-000000000b00}</Data>
      
            
      <Data Name=""ProcessId"">6080</Data>
      
            
      <Data Name=""Image"">C:\Windows\System32\HOSTNAME.EXE</Data>
      
            
      <Data Name=""FileVersion"">10.0.22621.2215 (WinBuild.160101.0800)</Data>
      
            
      <Data Name=""Description"">Hostname APP</Data>
      
            
      <Data Name=""Product"">Microsoft&#174; Windows&#174; Operating System</Data>
      
            
      <Data Name=""Company"">Microsoft Corporation</Data>
      
            
      <Data Name=""OriginalFileName"">hostname.exe</Data>
      
            
      <Data Name=""CommandLine"">""C:\Windows\system32\HOSTNAME.EXE""</Data>
      
            
      <Data Name=""CurrentDirectory"">C:\Users\User\</Data>
      
            
      <Data Name=""User"">WINDEV2309EVAL\User</Data>
      
            
      <Data Name=""LogonGuid"">{fda94052-3502-658d-b367-080000000000}</Data>
      
            
      <Data Name=""LogonId"">0x867b3</Data>
      
            
      <Data Name=""TerminalSessionId"">1</Data>
      
            
      <Data Name=""IntegrityLevel"">Medium</Data>
      
            
      <Data Name=""Hashes"">
                MD5=26D86E5BDA0ECA6C6C86541A141A3598,SHA256=D35B9869DA6A1894CB3F3D3E4808EADFF9ADF9B27677194D3F896FCBCDDFFACC,IMPHASH=23013EDF627646AB5226D15AC880BAD8</Data>
      
            
      <Data Name=""ParentProcessGuid"">{fda94052-b87a-658c-2702-000000000b00}</Data>
      
            
      <Data Name=""ParentProcessId"">5076</Data>
      
            
      <Data Name=""ParentImage"">C:\Windows\System32\WindowsPowerShell\v1.0\powershell.exe</Data>
      
            
      <Data Name=""ParentCommandLine"">""C:\Windows\System32\WindowsPowerShell\v1.0\powershell.exe""
                -exec bypass</Data>
      
            
      <Data Name=""ParentUser"">WINDEV2309EVAL\User</Data>
      
        
    </EventData>
    
        
    <RenderingInfo Culture=""en-US"">
      
            
      <Message>Process Create:

RuleName: -

UtcTime: 2023-12-28
                11:04:10.768

ProcessGuid:
                {fda94052-562a-658d-7102-000000000b00}

ProcessId: 6080

Image:
                C:\Windows\System32\HOSTNAME.EXE

FileVersion: 10.0.22621.2215
                (WinBuild.160101.0800)

Description: Hostname APP

Product:
                Microsoft&#174; Windows&#174; Operating System

Company: Microsoft
                Corporation

OriginalFileName: hostname.exe

CommandLine:
                ""C:\Windows\system32\HOSTNAME.EXE""

CurrentDirectory:
                C:\Users\User\

User: WINDEV2309EVAL\User

LogonGuid:
                {fda94052-3502-658d-b367-080000000000}

LogonId:
                0x867B3

TerminalSessionId: 1

IntegrityLevel:
                Medium

Hashes:
                MD5=26D86E5BDA0ECA6C6C86541A141A3598,SHA256=D35B9869DA6A1894CB3F3D3E4808EADFF9ADF9B27677194D3F896FCBCDDFFACC,IMPHASH=23013EDF627646AB5226D15AC880BAD8

ParentProcessGuid:
                {fda94052-b87a-658c-2702-000000000b00}

ParentProcessId:
                5076

ParentImage:
                C:\Windows\System32\WindowsPowerShell\v1.0\powershell.exe

ParentCommandLine:
                ""C:\Windows\System32\WindowsPowerShell\v1.0\powershell.exe"" -exec
                bypass

ParentUser: WINDEV2309EVAL\User</Message>
      
            
      <Level>Information</Level>
      
            
      <Task>Process Create (rule: ProcessCreate)</Task>
      
            
      <Opcode>Info</Opcode>
      
        
    </RenderingInfo>
    
    
  </Event>
  
    
  
"
