Microsoft-Windows-Sysmon/Operational,,,WinDev2309Eval,2023-12-02 04:14:28.000,,,11,9487,,,C:\Windows\system32\svchost.exe,,0x8000000000000000,Information,,,"File created:

RuleName: DLL

UtcTime: 2023-12-28
                11:05:27.674

ProcessGuid:
                {fda94052-34fa-658d-8a00-000000000b00}

ProcessId: 5868

Image:
                C:\Windows\system32\svchost.exe

TargetFilename:
                C:\Windows\SoftwareDistribution\Download\7bd97cc524ebd8114e77ca1991fbf2f3\Metadata\wcp.dll

CreationUtcTime:
                2023-12-02 04:14:28.000

User: NT AUTHORITY\SYSTEM",Info,,,,,,,{fda94052-34fa-658d-8a00-000000000b00},7044,5868,,,,,"
      
            
      ",DLL,2023-12-28T11:05:27.6742504Z,"
                C:\Windows\SoftwareDistribution\Download\7bd97cc524ebd8114e77ca1991fbf2f3\Metadata\wcp.dll",File created (rule: FileCreate),,6672,NT AUTHORITY\SYSTEM,S-1-5-18,2023-12-28 11:05:27.674,2,"<Event xmlns=""http://schemas.microsoft.com/win/2004/08/events/event"">
    
        
    <System>
      
            
      <Provider Name=""Microsoft-Windows-Sysmon"" Guid=""{5770385f-c22a-43e0-bf4c-06f5698ffbd9}""/>
      
            
      <EventID>11</EventID>
      
            
      <Version>2</Version>
      
            
      <Level>4</Level>
      
            
      <Task>11</Task>
      
            
      <Opcode>0</Opcode>
      
            
      <Keywords>0x8000000000000000</Keywords>
      
            
      <TimeCreated SystemTime=""2023-12-28T11:05:27.6742504Z""/>
      
            
      <EventRecordID>9487</EventRecordID>
      
            
      <Correlation/>
      
            
      <Execution ProcessID=""7044"" ThreadID=""6672""/>
      
            
      <Channel>Microsoft-Windows-Sysmon/Operational</Channel>
      
            
      <Computer>WinDev2309Eval</Computer>
      
            
      <Security UserID=""S-1-5-18""/>
      
        
    </System>
    
        
    <EventData>
      
            
      <Data Name=""RuleName"">DLL</Data>
      
            
      <Data Name=""UtcTime"">2023-12-28 11:05:27.674</Data>
      
            
      <Data Name=""ProcessGuid"">{fda94052-34fa-658d-8a00-000000000b00}</Data>
      
            
      <Data Name=""ProcessId"">5868</Data>
      
            
      <Data Name=""Image"">C:\Windows\system32\svchost.exe</Data>
      
            
      <Data Name=""TargetFilename"">
                C:\Windows\SoftwareDistribution\Download\7bd97cc524ebd8114e77ca1991fbf2f3\Metadata\wcp.dll</Data>
      
            
      <Data Name=""CreationUtcTime"">2023-12-02 04:14:28.000</Data>
      
            
      <Data Name=""User"">NT AUTHORITY\SYSTEM</Data>
      
        
    </EventData>
    
        
    <RenderingInfo Culture=""en-US"">
      
            
      <Message>File created:

RuleName: DLL

UtcTime: 2023-12-28
                11:05:27.674

ProcessGuid:
                {fda94052-34fa-658d-8a00-000000000b00}

ProcessId: 5868

Image:
                C:\Windows\system32\svchost.exe

TargetFilename:
                C:\Windows\SoftwareDistribution\Download\7bd97cc524ebd8114e77ca1991fbf2f3\Metadata\wcp.dll

CreationUtcTime:
                2023-12-02 04:14:28.000

User: NT AUTHORITY\SYSTEM</Message>
      
            
      <Level>Information</Level>
      
            
      <Task>File created (rule: FileCreate)</Task>
      
            
      <Opcode>Info</Opcode>
      
        
    </RenderingInfo>
    
    
  </Event>
  
    
  
"
Microsoft-Windows-Sysmon/Operational,,,WinDev2309Eval,2023-12-02 04:21:42.000,,,11,9486,,,C:\Windows\system32\svchost.exe,,0x8000000000000000,Information,,,"File created:

RuleName: DLL

UtcTime: 2023-12-28
                11:05:27.668

ProcessGuid:
                {fda94052-34fa-658d-8a00-000000000b00}

ProcessId: 5868

Image:
                C:\Windows\system32\svchost.exe

TargetFilename:
                C:\Windows\SoftwareDistribution\Download\7bd97cc524ebd8114e77ca1991fbf2f3\Metadata\UAOneSettings.dll

CreationUtcTime:
                2023-12-02 04:21:42.000

User: NT AUTHORITY\SYSTEM",Info,,,,,,,{fda94052-34fa-658d-8a00-000000000b00},7044,5868,,,,,"
      
            
      ",DLL,2023-12-28T11:05:27.6693164Z,"
                C:\Windows\SoftwareDistribution\Download\7bd97cc524ebd8114e77ca1991fbf2f3\Metadata\UAOneSettings.dll",File created (rule: FileCreate),,6672,NT AUTHORITY\SYSTEM,S-1-5-18,2023-12-28 11:05:27.668,2,"<Event xmlns=""http://schemas.microsoft.com/win/2004/08/events/event"">
    
        
    <System>
      
            
      <Provider Name=""Microsoft-Windows-Sysmon"" Guid=""{5770385f-c22a-43e0-bf4c-06f5698ffbd9}""/>
      
            
      <EventID>11</EventID>
      
            
      <Version>2</Version>
      
            
      <Level>4</Level>
      
            
      <Task>11</Task>
      
            
      <Opcode>0</Opcode>
      
            
      <Keywords>0x8000000000000000</Keywords>
      
            
      <TimeCreated SystemTime=""2023-12-28T11:05:27.6693164Z""/>
      
            
      <EventRecordID>9486</EventRecordID>
      
            
      <Correlation/>
      
            
      <Execution ProcessID=""7044"" ThreadID=""6672""/>
      
            
      <Channel>Microsoft-Windows-Sysmon/Operational</Channel>
      
            
      <Computer>WinDev2309Eval</Computer>
      
            
      <Security UserID=""S-1-5-18""/>
      
        
    </System>
    
        
    <EventData>
      
            
      <Data Name=""RuleName"">DLL</Data>
      
            
      <Data Name=""UtcTime"">2023-12-28 11:05:27.668</Data>
      
            
      <Data Name=""ProcessGuid"">{fda94052-34fa-658d-8a00-000000000b00}</Data>
      
            
      <Data Name=""ProcessId"">5868</Data>
      
            
      <Data Name=""Image"">C:\Windows\system32\svchost.exe</Data>
      
            
      <Data Name=""TargetFilename"">
                C:\Windows\SoftwareDistribution\Download\7bd97cc524ebd8114e77ca1991fbf2f3\Metadata\UAOneSettings.dll</Data>
      
            
      <Data Name=""CreationUtcTime"">2023-12-02 04:21:42.000</Data>
      
            
      <Data Name=""User"">NT AUTHORITY\SYSTEM</Data>
      
        
    </EventData>
    
        
    <RenderingInfo Culture=""en-US"">
      
            
      <Message>File created:

RuleName: DLL

UtcTime: 2023-12-28
                11:05:27.668

ProcessGuid:
                {fda94052-34fa-658d-8a00-000000000b00}

ProcessId: 5868

Image:
                C:\Windows\system32\svchost.exe

TargetFilename:
                C:\Windows\SoftwareDistribution\Download\7bd97cc524ebd8114e77ca1991fbf2f3\Metadata\UAOneSettings.dll

CreationUtcTime:
                2023-12-02 04:21:42.000

User: NT AUTHORITY\SYSTEM</Message>
      
            
      <Level>Information</Level>
      
            
      <Task>File created (rule: FileCreate)</Task>
      
            
      <Opcode>Info</Opcode>
      
        
    </RenderingInfo>
    
    
  </Event>
  
    
  
"
Microsoft-Windows-Sysmon/Operational,,,WinDev2309Eval,2023-12-02 10:04:50.000,,,11,9485,,,C:\Windows\system32\svchost.exe,,0x8000000000000000,Information,,,"File created:

RuleName: DLL

UtcTime: 2023-12-28
                11:05:27.662

ProcessGuid:
                {fda94052-34fa-658d-8a00-000000000b00}

ProcessId: 5868

Image:
                C:\Windows\system32\svchost.exe

TargetFilename:
                C:\Windows\SoftwareDistribution\Download\7bd97cc524ebd8114e77ca1991fbf2f3\Metadata\Mitigation.dll

CreationUtcTime:
                2023-12-02 10:04:50.000

User: NT AUTHORITY\SYSTEM",Info,,,,,,,{fda94052-34fa-658d-8a00-000000000b00},7044,5868,,,,,"
      
            
      ",DLL,2023-12-28T11:05:27.6649166Z,"
                C:\Windows\SoftwareDistribution\Download\7bd97cc524ebd8114e77ca1991fbf2f3\Metadata\Mitigation.dll",File created (rule: FileCreate),,6672,NT AUTHORITY\SYSTEM,S-1-5-18,2023-12-28 11:05:27.662,2,"<Event xmlns=""http://schemas.microsoft.com/win/2004/08/events/event"">
    
        
    <System>
      
            
      <Provider Name=""Microsoft-Windows-Sysmon"" Guid=""{5770385f-c22a-43e0-bf4c-06f5698ffbd9}""/>
      
            
      <EventID>11</EventID>
      
            
      <Version>2</Version>
      
            
      <Level>4</Level>
      
            
      <Task>11</Task>
      
            
      <Opcode>0</Opcode>
      
            
      <Keywords>0x8000000000000000</Keywords>
      
            
      <TimeCreated SystemTime=""2023-12-28T11:05:27.6649166Z""/>
      
            
      <EventRecordID>9485</EventRecordID>
      
            
      <Correlation/>
      
            
      <Execution ProcessID=""7044"" ThreadID=""6672""/>
      
            
      <Channel>Microsoft-Windows-Sysmon/Operational</Channel>
      
            
      <Computer>WinDev2309Eval</Computer>
      
            
      <Security UserID=""S-1-5-18""/>
      
        
    </System>
    
        
    <EventData>
      
            
      <Data Name=""RuleName"">DLL</Data>
      
            
      <Data Name=""UtcTime"">2023-12-28 11:05:27.662</Data>
      
            
      <Data Name=""ProcessGuid"">{fda94052-34fa-658d-8a00-000000000b00}</Data>
      
            
      <Data Name=""ProcessId"">5868</Data>
      
            
      <Data Name=""Image"">C:\Windows\system32\svchost.exe</Data>
      
            
      <Data Name=""TargetFilename"">
                C:\Windows\SoftwareDistribution\Download\7bd97cc524ebd8114e77ca1991fbf2f3\Metadata\Mitigation.dll</Data>
      
            
      <Data Name=""CreationUtcTime"">2023-12-02 10:04:50.000</Data>
      
            
      <Data Name=""User"">NT AUTHORITY\SYSTEM</Data>
      
        
    </EventData>
    
        
    <RenderingInfo Culture=""en-US"">
      
            
      <Message>File created:

RuleName: DLL

UtcTime: 2023-12-28
                11:05:27.662

ProcessGuid:
                {fda94052-34fa-658d-8a00-000000000b00}

ProcessId: 5868

Image:
                C:\Windows\system32\svchost.exe

TargetFilename:
                C:\Windows\SoftwareDistribution\Download\7bd97cc524ebd8114e77ca1991fbf2f3\Metadata\Mitigation.dll

CreationUtcTime:
                2023-12-02 10:04:50.000

User: NT AUTHORITY\SYSTEM</Message>
      
            
      <Level>Information</Level>
      
            
      <Task>File created (rule: FileCreate)</Task>
      
            
      <Opcode>Info</Opcode>
      
        
    </RenderingInfo>
    
    
  </Event>
  
    
  
"
Microsoft-Windows-Sysmon/Operational,,,WinDev2309Eval,2023-12-02 04:13:54.000,,,11,9484,,,C:\Windows\system32\svchost.exe,,0x8000000000000000,Information,,,"File created:

RuleName: DLL

UtcTime: 2023-12-28
                11:05:27.656

ProcessGuid:
                {fda94052-34fa-658d-8a00-000000000b00}

ProcessId: 5868

Image:
                C:\Windows\system32\svchost.exe

TargetFilename:
                C:\Windows\SoftwareDistribution\Download\7bd97cc524ebd8114e77ca1991fbf2f3\Metadata\dpx.dll

CreationUtcTime:
                2023-12-02 04:13:54.000

User: NT AUTHORITY\SYSTEM",Info,,,,,,,{fda94052-34fa-658d-8a00-000000000b00},7044,5868,,,,,"
      
            
      ",DLL,2023-12-28T11:05:27.6581197Z,"
                C:\Windows\SoftwareDistribution\Download\7bd97cc524ebd8114e77ca1991fbf2f3\Metadata\dpx.dll",File created (rule: FileCreate),,6672,NT AUTHORITY\SYSTEM,S-1-5-18,2023-12-28 11:05:27.656,2,"<Event xmlns=""http://schemas.microsoft.com/win/2004/08/events/event"">
    
        
    <System>
      
            
      <Provider Name=""Microsoft-Windows-Sysmon"" Guid=""{5770385f-c22a-43e0-bf4c-06f5698ffbd9}""/>
      
            
      <EventID>11</EventID>
      
            
      <Version>2</Version>
      
            
      <Level>4</Level>
      
            
      <Task>11</Task>
      
            
      <Opcode>0</Opcode>
      
            
      <Keywords>0x8000000000000000</Keywords>
      
            
      <TimeCreated SystemTime=""2023-12-28T11:05:27.6581197Z""/>
      
            
      <EventRecordID>9484</EventRecordID>
      
            
      <Correlation/>
      
            
      <Execution ProcessID=""7044"" ThreadID=""6672""/>
      
            
      <Channel>Microsoft-Windows-Sysmon/Operational</Channel>
      
            
      <Computer>WinDev2309Eval</Computer>
      
            
      <Security UserID=""S-1-5-18""/>
      
        
    </System>
    
        
    <EventData>
      
            
      <Data Name=""RuleName"">DLL</Data>
      
            
      <Data Name=""UtcTime"">2023-12-28 11:05:27.656</Data>
      
            
      <Data Name=""ProcessGuid"">{fda94052-34fa-658d-8a00-000000000b00}</Data>
      
            
      <Data Name=""ProcessId"">5868</Data>
      
            
      <Data Name=""Image"">C:\Windows\system32\svchost.exe</Data>
      
            
      <Data Name=""TargetFilename"">
                C:\Windows\SoftwareDistribution\Download\7bd97cc524ebd8114e77ca1991fbf2f3\Metadata\dpx.dll</Data>
      
            
      <Data Name=""CreationUtcTime"">2023-12-02 04:13:54.000</Data>
      
            
      <Data Name=""User"">NT AUTHORITY\SYSTEM</Data>
      
        
    </EventData>
    
        
    <RenderingInfo Culture=""en-US"">
      
            
      <Message>File created:

RuleName: DLL

UtcTime: 2023-12-28
                11:05:27.656

ProcessGuid:
                {fda94052-34fa-658d-8a00-000000000b00}

ProcessId: 5868

Image:
                C:\Windows\system32\svchost.exe

TargetFilename:
                C:\Windows\SoftwareDistribution\Download\7bd97cc524ebd8114e77ca1991fbf2f3\Metadata\dpx.dll

CreationUtcTime:
                2023-12-02 04:13:54.000

User: NT AUTHORITY\SYSTEM</Message>
      
            
      <Level>Information</Level>
      
            
      <Task>File created (rule: FileCreate)</Task>
      
            
      <Opcode>Info</Opcode>
      
        
    </RenderingInfo>
    
    
  </Event>
  
    
  
"
Microsoft-Windows-Sysmon/Operational,,,WinDev2309Eval,2023-12-02 04:13:52.000,,,11,9483,,,C:\Windows\system32\svchost.exe,,0x8000000000000000,Information,,,"File created:

RuleName: DLL

UtcTime: 2023-12-28
                11:05:27.627

ProcessGuid:
                {fda94052-34fa-658d-8a00-000000000b00}

ProcessId: 5868

Image:
                C:\Windows\system32\svchost.exe

TargetFilename:
                C:\Windows\SoftwareDistribution\Download\7bd97cc524ebd8114e77ca1991fbf2f3\Metadata\UpdateAgent.dll

CreationUtcTime:
                2023-12-02 04:13:52.000

User: NT AUTHORITY\SYSTEM",Info,,,,,,,{fda94052-34fa-658d-8a00-000000000b00},7044,5868,,,,,"
      
            
      ",DLL,2023-12-28T11:05:27.6289626Z,"
                C:\Windows\SoftwareDistribution\Download\7bd97cc524ebd8114e77ca1991fbf2f3\Metadata\UpdateAgent.dll",File created (rule: FileCreate),,6672,NT AUTHORITY\SYSTEM,S-1-5-18,2023-12-28 11:05:27.627,2,"<Event xmlns=""http://schemas.microsoft.com/win/2004/08/events/event"">
    
        
    <System>
      
            
      <Provider Name=""Microsoft-Windows-Sysmon"" Guid=""{5770385f-c22a-43e0-bf4c-06f5698ffbd9}""/>
      
            
      <EventID>11</EventID>
      
            
      <Version>2</Version>
      
            
      <Level>4</Level>
      
            
      <Task>11</Task>
      
            
      <Opcode>0</Opcode>
      
            
      <Keywords>0x8000000000000000</Keywords>
      
            
      <TimeCreated SystemTime=""2023-12-28T11:05:27.6289626Z""/>
      
            
      <EventRecordID>9483</EventRecordID>
      
            
      <Correlation/>
      
            
      <Execution ProcessID=""7044"" ThreadID=""6672""/>
      
            
      <Channel>Microsoft-Windows-Sysmon/Operational</Channel>
      
            
      <Computer>WinDev2309Eval</Computer>
      
            
      <Security UserID=""S-1-5-18""/>
      
        
    </System>
    
        
    <EventData>
      
            
      <Data Name=""RuleName"">DLL</Data>
      
            
      <Data Name=""UtcTime"">2023-12-28 11:05:27.627</Data>
      
            
      <Data Name=""ProcessGuid"">{fda94052-34fa-658d-8a00-000000000b00}</Data>
      
            
      <Data Name=""ProcessId"">5868</Data>
      
            
      <Data Name=""Image"">C:\Windows\system32\svchost.exe</Data>
      
            
      <Data Name=""TargetFilename"">
                C:\Windows\SoftwareDistribution\Download\7bd97cc524ebd8114e77ca1991fbf2f3\Metadata\UpdateAgent.dll</Data>
      
            
      <Data Name=""CreationUtcTime"">2023-12-02 04:13:52.000</Data>
      
            
      <Data Name=""User"">NT AUTHORITY\SYSTEM</Data>
      
        
    </EventData>
    
        
    <RenderingInfo Culture=""en-US"">
      
            
      <Message>File created:

RuleName: DLL

UtcTime: 2023-12-28
                11:05:27.627

ProcessGuid:
                {fda94052-34fa-658d-8a00-000000000b00}

ProcessId: 5868

Image:
                C:\Windows\system32\svchost.exe

TargetFilename:
                C:\Windows\SoftwareDistribution\Download\7bd97cc524ebd8114e77ca1991fbf2f3\Metadata\UpdateAgent.dll

CreationUtcTime:
                2023-12-02 04:13:52.000

User: NT AUTHORITY\SYSTEM</Message>
      
            
      <Level>Information</Level>
      
            
      <Task>File created (rule: FileCreate)</Task>
      
            
      <Opcode>Info</Opcode>
      
        
    </RenderingInfo>
    
    
  </Event>
  
    
  
"
Microsoft-Windows-Sysmon/Operational,,,WinDev2309Eval,2023-12-28 11:05:27.367,,,11,9482,,,C:\Windows\system32\svchost.exe,,0x8000000000000000,Information,,,"File created:

RuleName: DLL

UtcTime: 2023-12-28
                11:05:27.367

ProcessGuid:
                {fda94052-34fa-658d-8a00-000000000b00}

ProcessId: 5868

Image:
                C:\Windows\system32\svchost.exe

TargetFilename:
                C:\Windows\SystemTemp\{C64418ED-08DF-4D62-9863-794F87476C22}\ssshim.dll

CreationUtcTime:
                2023-12-28 11:05:27.367

User: NT AUTHORITY\SYSTEM",Info,,,,,,,{fda94052-34fa-658d-8a00-000000000b00},7044,5868,,,,,"
      
            
      ",DLL,2023-12-28T11:05:27.3786272Z,"
                C:\Windows\SystemTemp\{C64418ED-08DF-4D62-9863-794F87476C22}\ssshim.dll",File created (rule: FileCreate),,6672,NT AUTHORITY\SYSTEM,S-1-5-18,2023-12-28 11:05:27.367,2,"<Event xmlns=""http://schemas.microsoft.com/win/2004/08/events/event"">
    
        
    <System>
      
            
      <Provider Name=""Microsoft-Windows-Sysmon"" Guid=""{5770385f-c22a-43e0-bf4c-06f5698ffbd9}""/>
      
            
      <EventID>11</EventID>
      
            
      <Version>2</Version>
      
            
      <Level>4</Level>
      
            
      <Task>11</Task>
      
            
      <Opcode>0</Opcode>
      
            
      <Keywords>0x8000000000000000</Keywords>
      
            
      <TimeCreated SystemTime=""2023-12-28T11:05:27.3786272Z""/>
      
            
      <EventRecordID>9482</EventRecordID>
      
            
      <Correlation/>
      
            
      <Execution ProcessID=""7044"" ThreadID=""6672""/>
      
            
      <Channel>Microsoft-Windows-Sysmon/Operational</Channel>
      
            
      <Computer>WinDev2309Eval</Computer>
      
            
      <Security UserID=""S-1-5-18""/>
      
        
    </System>
    
        
    <EventData>
      
            
      <Data Name=""RuleName"">DLL</Data>
      
            
      <Data Name=""UtcTime"">2023-12-28 11:05:27.367</Data>
      
            
      <Data Name=""ProcessGuid"">{fda94052-34fa-658d-8a00-000000000b00}</Data>
      
            
      <Data Name=""ProcessId"">5868</Data>
      
            
      <Data Name=""Image"">C:\Windows\system32\svchost.exe</Data>
      
            
      <Data Name=""TargetFilename"">
                C:\Windows\SystemTemp\{C64418ED-08DF-4D62-9863-794F87476C22}\ssshim.dll</Data>
      
            
      <Data Name=""CreationUtcTime"">2023-12-28 11:05:27.367</Data>
      
            
      <Data Name=""User"">NT AUTHORITY\SYSTEM</Data>
      
        
    </EventData>
    
        
    <RenderingInfo Culture=""en-US"">
      
            
      <Message>File created:

RuleName: DLL

UtcTime: 2023-12-28
                11:05:27.367

ProcessGuid:
                {fda94052-34fa-658d-8a00-000000000b00}

ProcessId: 5868

Image:
                C:\Windows\system32\svchost.exe

TargetFilename:
                C:\Windows\SystemTemp\{C64418ED-08DF-4D62-9863-794F87476C22}\ssshim.dll

CreationUtcTime:
                2023-12-28 11:05:27.367

User: NT AUTHORITY\SYSTEM</Message>
      
            
      <Level>Information</Level>
      
            
      <Task>File created (rule: FileCreate)</Task>
      
            
      <Opcode>Info</Opcode>
      
        
    </RenderingInfo>
    
    
  </Event>
  
    
  
"
Microsoft-Windows-Sysmon/Operational,,,WinDev2309Eval,2023-12-28 11:05:27.287,,,11,9481,,,C:\Windows\uus\packages\preview\AMD64\MoUsoCoreWorker.exe,,0x8000000000000000,Information,,,"File created:

RuleName: DLL

UtcTime: 2023-12-28
                11:05:27.287

ProcessGuid:
                {fda94052-34fa-658d-8900-000000000b00}

ProcessId: 5812

Image:
                C:\Windows\uus\packages\preview\AMD64\MoUsoCoreWorker.exe

TargetFilename:
                C:\Windows\SystemTemp\{6E41C097-7E6D-4C4D-B217-DF1B5921226A}\ssshim.dll

CreationUtcTime:
                2023-12-28 11:05:27.287

User: NT AUTHORITY\SYSTEM",Info,,,,,,,{fda94052-34fa-658d-8900-000000000b00},7044,5812,,,,,"
      
            
      ",DLL,2023-12-28T11:05:27.2985486Z,"
                C:\Windows\SystemTemp\{6E41C097-7E6D-4C4D-B217-DF1B5921226A}\ssshim.dll",File created (rule: FileCreate),,6672,NT AUTHORITY\SYSTEM,S-1-5-18,2023-12-28 11:05:27.287,2,"<Event xmlns=""http://schemas.microsoft.com/win/2004/08/events/event"">
    
        
    <System>
      
            
      <Provider Name=""Microsoft-Windows-Sysmon"" Guid=""{5770385f-c22a-43e0-bf4c-06f5698ffbd9}""/>
      
            
      <EventID>11</EventID>
      
            
      <Version>2</Version>
      
            
      <Level>4</Level>
      
            
      <Task>11</Task>
      
            
      <Opcode>0</Opcode>
      
            
      <Keywords>0x8000000000000000</Keywords>
      
            
      <TimeCreated SystemTime=""2023-12-28T11:05:27.2985486Z""/>
      
            
      <EventRecordID>9481</EventRecordID>
      
            
      <Correlation/>
      
            
      <Execution ProcessID=""7044"" ThreadID=""6672""/>
      
            
      <Channel>Microsoft-Windows-Sysmon/Operational</Channel>
      
            
      <Computer>WinDev2309Eval</Computer>
      
            
      <Security UserID=""S-1-5-18""/>
      
        
    </System>
    
        
    <EventData>
      
            
      <Data Name=""RuleName"">DLL</Data>
      
            
      <Data Name=""UtcTime"">2023-12-28 11:05:27.287</Data>
      
            
      <Data Name=""ProcessGuid"">{fda94052-34fa-658d-8900-000000000b00}</Data>
      
            
      <Data Name=""ProcessId"">5812</Data>
      
            
      <Data Name=""Image"">C:\Windows\uus\packages\preview\AMD64\MoUsoCoreWorker.exe</Data>
      
            
      <Data Name=""TargetFilename"">
                C:\Windows\SystemTemp\{6E41C097-7E6D-4C4D-B217-DF1B5921226A}\ssshim.dll</Data>
      
            
      <Data Name=""CreationUtcTime"">2023-12-28 11:05:27.287</Data>
      
            
      <Data Name=""User"">NT AUTHORITY\SYSTEM</Data>
      
        
    </EventData>
    
        
    <RenderingInfo Culture=""en-US"">
      
            
      <Message>File created:

RuleName: DLL

UtcTime: 2023-12-28
                11:05:27.287

ProcessGuid:
                {fda94052-34fa-658d-8900-000000000b00}

ProcessId: 5812

Image:
                C:\Windows\uus\packages\preview\AMD64\MoUsoCoreWorker.exe

TargetFilename:
                C:\Windows\SystemTemp\{6E41C097-7E6D-4C4D-B217-DF1B5921226A}\ssshim.dll

CreationUtcTime:
                2023-12-28 11:05:27.287

User: NT AUTHORITY\SYSTEM</Message>
      
            
      <Level>Information</Level>
      
            
      <Task>File created (rule: FileCreate)</Task>
      
            
      <Opcode>Info</Opcode>
      
        
    </RenderingInfo>
    
    
  </Event>
  


"
