Channel,CommandLine,Company,Computer,CreationUtcTime,CurrentDirectory,Description,EventID,EventRecordID,FileVersion,Hashes,Image,IntegrityLevel,Keywords,Level,LogonGuid,LogonId,Message,Opcode,OriginalFileName,ParentCommandLine,ParentImage,ParentProcessGuid,ParentProcessId,ParentUser,ProcessGuid,ProcessID,ProcessId,Product,QueryName,QueryResults,QueryStatus,RenderingInfo,RuleName,SystemTime,TargetFilename,Task,TerminalSessionId,ThreadID,User,UserID,UtcTime,Version,raw
Microsoft-Windows-Sysmon/Operational,"""C:\Program Files (x86)\Microsoft\Edge\Application\msedge.exe""
                --type=utility --utility-sub-type=unzip.mojom.Unzipper --lang=en-US
                --service-sandbox-type=service --mojo-platform-channel-handle=4600
                --field-trial-handle=2012,i,14121881332492415831,1209340753367914572,262144
                --variations-seed-version /prefetch:8",Microsoft Corporation,WinDev2309Eval,,"C:\Program Files
                (x86)\Microsoft\Edge\Application\120.0.2210.91\",Microsoft Edge,1,9504,120.0.2210.91,"
                MD5=F6E7A024CC79AC12294D0DA6072C5073,SHA256=628792B5B5A4D71B8D66B1A1C6B775B84E3A5E64C0C05B8D7138164FBAD5C21A,IMPHASH=EA4CA1F8E3B3D9373D39C13FD1348A63",C:\Program Files (x86)\Microsoft\Edge\Application\msedge.exe,Low,0x8000000000000000,Information,{fda94052-3502-658d-b367-080000000000},0x867b3,"Process Create:

RuleName: -

UtcTime: 2023-12-28
                11:06:06.065

ProcessGuid:
                {fda94052-569e-658d-7c02-000000000b00}

ProcessId: 8228

Image:
                C:\Program Files (x86)\Microsoft\Edge\Application\msedge.exe

FileVersion:
                120.0.2210.91

Description: Microsoft Edge

Product: Microsoft
                Edge

Company: Microsoft Corporation

OriginalFileName:
                msedge.exe

CommandLine: ""C:\Program Files
                (x86)\Microsoft\Edge\Application\msedge.exe"" --type=utility
                --utility-sub-type=unzip.mojom.Unzipper --lang=en-US --service-sandbox-type=service
                --mojo-platform-channel-handle=4600
                --field-trial-handle=2012,i,14121881332492415831,1209340753367914572,262144
                --variations-seed-version /prefetch:8

CurrentDirectory: C:\Program Files
                (x86)\Microsoft\Edge\Application\120.0.2210.91\

User:
                WINDEV2309EVAL\User

LogonGuid:
                {fda94052-3502-658d-b367-080000000000}

LogonId:
                0x867B3

TerminalSessionId: 1

IntegrityLevel: Low

Hashes:
                MD5=F6E7A024CC79AC12294D0DA6072C5073,SHA256=628792B5B5A4D71B8D66B1A1C6B775B84E3A5E64C0C05B8D7138164FBAD5C21A,IMPHASH=EA4CA1F8E3B3D9373D39C13FD1348A63

ParentProcessGuid:
                {fda94052-b84e-658c-0402-000000000b00}

ParentProcessId:
                8488

ParentImage: C:\Program Files
                (x86)\Microsoft\Edge\Application\msedge.exe

ParentCommandLine: ""C:\Program
                Files (x86)\Microsoft\Edge\Application\msedge.exe"" --no-startup-window
                /prefetch:5

ParentUser: WINDEV2309EVAL\User",Info,msedge.exe,"""C:\Program Files
                (x86)\Microsoft\Edge\Application\msedge.exe"" --no-startup-window /prefetch:5",C:\Program Files (x86)\Microsoft\Edge\Application\msedge.exe,{fda94052-b84e-658c-0402-000000000b00},8488,WINDEV2309EVAL\User,{fda94052-569e-658d-7c02-000000000b00},7044,8228,Microsoft Edge,,,,"
      
            
      ",-,2023-12-28T11:06:06.0665682Z,,Process Create (rule: ProcessCreate),1,6672,WINDEV2309EVAL\User,S-1-5-18,2023-12-28 11:06:06.065,5,"<Event xmlns=""http://schemas.microsoft.com/win/2004/08/events/event"">
    
        
    <System>
      
            
      <Provider Name=""Microsoft-Windows-Sysmon"" Guid=""{5770385f-c22a-43e0-bf4c-06f5698ffbd9}""/>
      
            
      <EventID>1</EventID>
      
            
      <Version>5</Version>
      
            
      <Level>4</Level>
      
            
      <Task>1</Task>
      
            
      <Opcode>0</Opcode>
      
            
      <Keywords>0x8000000000000000</Keywords>
      
            
      <TimeCreated SystemTime=""2023-12-28T11:06:06.0665682Z""/>
      
            
      <EventRecordID>9504</EventRecordID>
      
            
      <Correlation/>
      
            
      <Execution ProcessID=""7044"" ThreadID=""6672""/>
      
            
      <Channel>Microsoft-Windows-Sysmon/Operational</Channel>
      
            
      <Computer>WinDev2309Eval</Computer>
      
            
      <Security UserID=""S-1-5-18""/>
      
        
    </System>
    
        
    <EventData>
      
            
      <Data Name=""RuleName"">-</Data>
      
            
      <Data Name=""UtcTime"">2023-12-28 11:06:06.065</Data>
      
            
      <Data Name=""ProcessGuid"">{fda94052-569e-658d-7c02-000000000b00}</Data>
      
            
      <Data Name=""ProcessId"">8228</Data>
      
            
      <Data Name=""Image"">C:\Program Files (x86)\Microsoft\Edge\Application\msedge.exe</Data>
      
            
      <Data Name=""FileVersion"">120.0.2210.91</Data>
      
            
      <Data Name=""Description"">Microsoft Edge</Data>
      
            
      <Data Name=""Product"">Microsoft Edge</Data>
      
            
      <Data Name=""Company"">Microsoft Corporation</Data>
      
            
      <Data Name=""OriginalFileName"">msedge.exe</Data>
      
            
      <Data Name=""CommandLine"">""C:\Program Files (x86)\Microsoft\Edge\Application\msedge.exe""
                --type=utility --utility-sub-type=unzip.mojom.Unzipper --lang=en-US
                --service-sandbox-type=service --mojo-platform-channel-handle=4600
                --field-trial-handle=2012,i,14121881332492415831,1209340753367914572,262144
                --variations-seed-version /prefetch:8</Data>
      
            
      <Data Name=""CurrentDirectory"">C:\Program Files
                (x86)\Microsoft\Edge\Application\120.0.2210.91\</Data>
      
            
      <Data Name=""User"">WINDEV2309EVAL\User</Data>
      
            
      <Data Name=""LogonGuid"">{fda94052-3502-658d-b367-080000000000}</Data>
      
            
      <Data Name=""LogonId"">0x867b3</Data>
      
            
      <Data Name=""TerminalSessionId"">1</Data>
      
            
      <Data Name=""IntegrityLevel"">Low</Data>
      
            
      <Data Name=""Hashes"">
                MD5=F6E7A024CC79AC12294D0DA6072C5073,SHA256=628792B5B5A4D71B8D66B1A1C6B775B84E3A5E64C0C05B8D7138164FBAD5C21A,IMPHASH=EA4CA1F8E3B3D9373D39C13FD1348A63</Data>
      
            
      <Data Name=""ParentProcessGuid"">{fda94052-b84e-658c-0402-000000000b00}</Data>
      
            
      <Data Name=""ParentProcessId"">8488</Data>
      
            
      <Data Name=""ParentImage"">C:\Program Files (x86)\Microsoft\Edge\Application\msedge.exe</Data>
      
            
      <Data Name=""ParentCommandLine"">""C:\Program Files
                (x86)\Microsoft\Edge\Application\msedge.exe"" --no-startup-window /prefetch:5</Data>
      
            
      <Data Name=""ParentUser"">WINDEV2309EVAL\User</Data>
      
        
    </EventData>
    
        
    <RenderingInfo Culture=""en-US"">
      
            
      <Message>Process Create:

RuleName: -

UtcTime: 2023-12-28
                11:06:06.065

ProcessGuid:
                {fda94052-569e-658d-7c02-000000000b00}

ProcessId: 8228

Image:
                C:\Program Files (x86)\Microsoft\Edge\Application\msedge.exe

FileVersion:
                120.0.2210.91

Description: Microsoft Edge

Product: Microsoft
                Edge

Company: Microsoft Corporation

OriginalFileName:
                msedge.exe

CommandLine: ""C:\Program Files
                (x86)\Microsoft\Edge\Application\msedge.exe"" --type=utility
                --utility-sub-type=unzip.mojom.Unzipper --lang=en-US --service-sandbox-type=service
                --mojo-platform-channel-handle=4600
                --field-trial-handle=2012,i,14121881332492415831,1209340753367914572,262144
                --variations-seed-version /prefetch:8

CurrentDirectory: C:\Program Files
                (x86)\Microsoft\Edge\Application\120.0.2210.91\

User:
                WINDEV2309EVAL\User

LogonGuid:
                {fda94052-3502-658d-b367-080000000000}

LogonId:
                0x867B3

TerminalSessionId: 1

IntegrityLevel: Low

Hashes:
                MD5=F6E7A024CC79AC12294D0DA6072C5073,SHA256=628792B5B5A4D71B8D66B1A1C6B775B84E3A5E64C0C05B8D7138164FBAD5C21A,IMPHASH=EA4CA1F8E3B3D9373D39C13FD1348A63

ParentProcessGuid:
                {fda94052-b84e-658c-0402-000000000b00}

ParentProcessId:
                8488

ParentImage: C:\Program Files
                (x86)\Microsoft\Edge\Application\msedge.exe

ParentCommandLine: ""C:\Program
                Files (x86)\Microsoft\Edge\Application\msedge.exe"" --no-startup-window
                /prefetch:5

ParentUser: WINDEV2309EVAL\User</Message>
      
            
      <Level>Information</Level>
      
            
      <Task>Process Create (rule: ProcessCreate)</Task>
      
            
      <Opcode>Info</Opcode>
      
        
    </RenderingInfo>
    
    
  </Event>
  
    
  
"
Microsoft-Windows-Sysmon/Operational,,,WinDev2309Eval,,,,5,9503,,,"
                C:\Users\User\AppData\Local\Microsoft\OneDrive\OneDriveStandaloneUpdater.exe",,0x8000000000000000,Information,,,"Process terminated:

RuleName: -

UtcTime: 2023-12-28
                11:06:00.042

ProcessGuid:
                {fda94052-5656-658d-5602-000000000b00}

ProcessId: 10236

Image:
                C:\Users\User\AppData\Local\Microsoft\OneDrive\OneDriveStandaloneUpdater.exe

User:
                WINDEV2309EVAL\User",Info,,,,,,,{fda94052-5656-658d-5602-000000000b00},7044,10236,,,,,"
      
            
      ",-,2023-12-28T11:06:00.0564943Z,,Process terminated (rule: ProcessTerminate),,6672,WINDEV2309EVAL\User,S-1-5-18,2023-12-28 11:06:00.042,3,"<Event xmlns=""http://schemas.microsoft.com/win/2004/08/events/event"">
    
        
    <System>
      
            
      <Provider Name=""Microsoft-Windows-Sysmon"" Guid=""{5770385f-c22a-43e0-bf4c-06f5698ffbd9}""/>
      
            
      <EventID>5</EventID>
      
            
      <Version>3</Version>
      
            
      <Level>4</Level>
      
            
      <Task>5</Task>
      
            
      <Opcode>0</Opcode>
      
            
      <Keywords>0x8000000000000000</Keywords>
      
            
      <TimeCreated SystemTime=""2023-12-28T11:06:00.0564943Z""/>
      
            
      <EventRecordID>9503</EventRecordID>
      
            
      <Correlation/>
      
            
      <Execution ProcessID=""7044"" ThreadID=""6672""/>
      
            
      <Channel>Microsoft-Windows-Sysmon/Operational</Channel>
      
            
      <Computer>WinDev2309Eval</Computer>
      
            
      <Security UserID=""S-1-5-18""/>
      
        
    </System>
    
        
    <EventData>
      
            
      <Data Name=""RuleName"">-</Data>
      
            
      <Data Name=""UtcTime"">2023-12-28 11:06:00.042</Data>
      
            
      <Data Name=""ProcessGuid"">{fda94052-5656-658d-5602-000000000b00}</Data>
      
            
      <Data Name=""ProcessId"">10236</Data>
      
            
      <Data Name=""Image"">
                C:\Users\User\AppData\Local\Microsoft\OneDrive\OneDriveStandaloneUpdater.exe</Data>
      
            
      <Data Name=""User"">WINDEV2309EVAL\User</Data>
      
        
    </EventData>
    
        
    <RenderingInfo Culture=""en-US"">
      
            
      <Message>Process terminated:

RuleName: -

UtcTime: 2023-12-28
                11:06:00.042

ProcessGuid:
                {fda94052-5656-658d-5602-000000000b00}

ProcessId: 10236

Image:
                C:\Users\User\AppData\Local\Microsoft\OneDrive\OneDriveStandaloneUpdater.exe

User:
                WINDEV2309EVAL\User</Message>
      
            
      <Level>Information</Level>
      
            
      <Task>Process terminated (rule: ProcessTerminate)</Task>
      
            
      <Opcode>Info</Opcode>
      
        
    </RenderingInfo>
    
    
  </Event>
  
    
  
"
Microsoft-Windows-Sysmon/Operational,"\\?\C:\Windows\System32\SecurityHealth\1.0.2306.10002-0\SecurityHealthHost.exe
                {08728914-3F57-4D52-9E31-49DAECA5A80A} -Embedding",Microsoft Corporation,WinDev2309Eval,,C:\Windows\system32\,Windows Security Health Host,1,9502,10.0.25873.1001 (WinBuild.160101.0800),"
                MD5=193DC58240D8AC4EC1618FFAE14CAE71,SHA256=8D771C8A91614B85416B3EB328460E80183B38F2DC35C7A26578206AF145F419,IMPHASH=FBC9E5DE00516A75FFF7C4A11857FB1D","
                C:\Windows\System32\SecurityHealth\1.0.2306.10002-0\SecurityHealthHost.exe",Medium,0x8000000000000000,Information,{fda94052-3502-658d-b367-080000000000},0x867b3,"Process Create:

RuleName: -

UtcTime: 2023-12-28
                11:05:41.548

ProcessGuid:
                {fda94052-5685-658d-7702-000000000b00}

ProcessId: 10308

Image:
                C:\Windows\System32\SecurityHealth\1.0.2306.10002-0\SecurityHealthHost.exe

FileVersion:
                10.0.25873.1001 (WinBuild.160101.0800)

Description: Windows Security Health
                Host

Product: Microsoft® Windows® Operating System

Company:
                Microsoft Corporation

OriginalFileName:
                SecurityHealthHost.exe

CommandLine:
                \\?\C:\Windows\System32\SecurityHealth\1.0.2306.10002-0\SecurityHealthHost.exe
                {08728914-3F57-4D52-9E31-49DAECA5A80A} -Embedding

CurrentDirectory:
                C:\Windows\system32\

User: WINDEV2309EVAL\User

LogonGuid:
                {fda94052-3502-658d-b367-080000000000}

LogonId:
                0x867B3

TerminalSessionId: 1

IntegrityLevel:
                Medium

Hashes:
                MD5=193DC58240D8AC4EC1618FFAE14CAE71,SHA256=8D771C8A91614B85416B3EB328460E80183B38F2DC35C7A26578206AF145F419,IMPHASH=FBC9E5DE00516A75FFF7C4A11857FB1D

ParentProcessGuid:
                {00000000-0000-0000-0000-000000000000}

ParentProcessId:
                932

ParentImage: -

ParentCommandLine: -

ParentUser: -",Info,SecurityHealthHost.exe,-,-,{00000000-0000-0000-0000-000000000000},932,-,{fda94052-5685-658d-7702-000000000b00},7044,10308,Microsoft® Windows® Operating System,,,,"
      
            
      ",-,2023-12-28T11:05:41.5492281Z,,Process Create (rule: ProcessCreate),1,6672,WINDEV2309EVAL\User,S-1-5-18,2023-12-28 11:05:41.548,5,"<Event xmlns=""http://schemas.microsoft.com/win/2004/08/events/event"">
    
        
    <System>
      
            
      <Provider Name=""Microsoft-Windows-Sysmon"" Guid=""{5770385f-c22a-43e0-bf4c-06f5698ffbd9}""/>
      
            
      <EventID>1</EventID>
      
            
      <Version>5</Version>
      
            
      <Level>4</Level>
      
            
      <Task>1</Task>
      
            
      <Opcode>0</Opcode>
      
            
      <Keywords>0x8000000000000000</Keywords>
      
            
      <TimeCreated SystemTime=""2023-12-28T11:05:41.5492281Z""/>
      
            
      <EventRecordID>9502</EventRecordID>
      
            
      <Correlation/>
      
            
      <Execution ProcessID=""7044"" ThreadID=""6672""/>
      
            
      <Channel>Microsoft-Windows-Sysmon/Operational</Channel>
      
            
      <Computer>WinDev2309Eval</Computer>
      
            
      <Security UserID=""S-1-5-18""/>
      
        
    </System>
    
        
    <EventData>
      
            
      <Data Name=""RuleName"">-</Data>
      
            
      <Data Name=""UtcTime"">2023-12-28 11:05:41.548</Data>
      
            
      <Data Name=""ProcessGuid"">{fda94052-5685-658d-7702-000000000b00}</Data>
      
            
      <Data Name=""ProcessId"">10308</Data>
      
            
      <Data Name=""Image"">
                C:\Windows\System32\SecurityHealth\1.0.2306.10002-0\SecurityHealthHost.exe</Data>
      
            
      <Data Name=""FileVersion"">10.0.25873.1001 (WinBuild.160101.0800)</Data>
      
            
      <Data Name=""Description"">Windows Security Health Host</Data>
      
            
      <Data Name=""Product"">Microsoft&#174; Windows&#174; Operating System</Data>
      
            
      <Data Name=""Company"">Microsoft Corporation</Data>
      
            
      <Data Name=""OriginalFileName"">SecurityHealthHost.exe</Data>
      
            
      <Data Name=""CommandLine"">\\?\C:\Windows\System32\SecurityHealth\1.0.2306.10002-0\SecurityHealthHost.exe
                {08728914-3F57-4D52-9E31-49DAECA5A80A} -Embedding</Data>
      
            
      <Data Name=""CurrentDirectory"">C:\Windows\system32\</Data>
      
            
      <Data Name=""User"">WINDEV2309EVAL\User</Data>
      
            
      <Data Name=""LogonGuid"">{fda94052-3502-658d-b367-080000000000}</Data>
      
            
      <Data Name=""LogonId"">0x867b3</Data>
      
            
      <Data Name=""TerminalSessionId"">1</Data>
      
            
      <Data Name=""IntegrityLevel"">Medium</Data>
      
            
      <Data Name=""Hashes"">
                MD5=193DC58240D8AC4EC1618FFAE14CAE71,SHA256=8D771C8A91614B85416B3EB328460E80183B38F2DC35C7A26578206AF145F419,IMPHASH=FBC9E5DE00516A75FFF7C4A11857FB1D</Data>
      
            
      <Data Name=""ParentProcessGuid"">{00000000-0000-0000-0000-000000000000}</Data>
      
            
      <Data Name=""ParentProcessId"">932</Data>
      
            
      <Data Name=""ParentImage"">-</Data>
      
            
      <Data Name=""ParentCommandLine"">-</Data>
      
            
      <Data Name=""ParentUser"">-</Data>
      
        
    </EventData>
    
        
    <RenderingInfo Culture=""en-US"">
      
            
      <Message>Process Create:

RuleName: -

UtcTime: 2023-12-28
                11:05:41.548

ProcessGuid:
                {fda94052-5685-658d-7702-000000000b00}

ProcessId: 10308

Image:
                C:\Windows\System32\SecurityHealth\1.0.2306.10002-0\SecurityHealthHost.exe

FileVersion:
                10.0.25873.1001 (WinBuild.160101.0800)

Description: Windows Security Health
                Host

Product: Microsoft&#174; Windows&#174; Operating System

Company:
                Microsoft Corporation

OriginalFileName:
                SecurityHealthHost.exe

CommandLine:
                \\?\C:\Windows\System32\SecurityHealth\1.0.2306.10002-0\SecurityHealthHost.exe
                {08728914-3F57-4D52-9E31-49DAECA5A80A} -Embedding

CurrentDirectory:
                C:\Windows\system32\

User: WINDEV2309EVAL\User

LogonGuid:
                {fda94052-3502-658d-b367-080000000000}

LogonId:
                0x867B3

TerminalSessionId: 1

IntegrityLevel:
                Medium

Hashes:
                MD5=193DC58240D8AC4EC1618FFAE14CAE71,SHA256=8D771C8A91614B85416B3EB328460E80183B38F2DC35C7A26578206AF145F419,IMPHASH=FBC9E5DE00516A75FFF7C4A11857FB1D

ParentProcessGuid:
                {00000000-0000-0000-0000-000000000000}

ParentProcessId:
                932

ParentImage: -

ParentCommandLine: -

ParentUser: -</Message>
      
            
      <Level>Information</Level>
      
            
      <Task>Process Create (rule: ProcessCreate)</Task>
      
            
      <Opcode>Info</Opcode>
      
        
    </RenderingInfo>
    
    
  </Event>
  
    
  
"
Microsoft-Windows-Sysmon/Operational,"taskhostw.exe -RegisterDevice -ProtectionStateChanged
                -FreeNetworkOnly",Microsoft Corporation,WinDev2309Eval,,C:\Windows\system32\,Host Process for Windows Tasks,1,9501,10.0.22621.1635 (WinBuild.160101.0800),"
                MD5=4887A65FD4F6598AF4986CBC1C0E5488,SHA256=82472A84BCBB4009ADD338200F8E853FE4C5EAFE2E2C3A2D711B85BF29B72D54,IMPHASH=1C4E2D9936E4D9F2490B08AAB4D24260",C:\Windows\System32\taskhostw.exe,System,0x8000000000000000,Information,{fda94052-34eb-658d-e703-000000000000},0x3e7,"Process Create:

RuleName: -

UtcTime: 2023-12-28
                11:05:41.511

ProcessGuid:
                {fda94052-5685-658d-7602-000000000b00}

ProcessId: 5192

Image:
                C:\Windows\System32\taskhostw.exe

FileVersion: 10.0.22621.1635
                (WinBuild.160101.0800)

Description: Host Process for Windows
                Tasks

Product: Microsoft® Windows® Operating System

Company:
                Microsoft Corporation

OriginalFileName: taskhostw.exe

CommandLine:
                taskhostw.exe -RegisterDevice -ProtectionStateChanged
                -FreeNetworkOnly

CurrentDirectory: C:\Windows\system32\

User: NT
                AUTHORITY\SYSTEM

LogonGuid:
                {fda94052-34eb-658d-e703-000000000000}

LogonId:
                0x3E7

TerminalSessionId: 0

IntegrityLevel: System

Hashes:
                MD5=4887A65FD4F6598AF4986CBC1C0E5488,SHA256=82472A84BCBB4009ADD338200F8E853FE4C5EAFE2E2C3A2D711B85BF29B72D54,IMPHASH=1C4E2D9936E4D9F2490B08AAB4D24260

ParentProcessGuid:
                {00000000-0000-0000-0000-000000000000}

ParentProcessId:
                1900

ParentImage: -

ParentCommandLine: -

ParentUser: -",Info,taskhostw.exe,-,-,{00000000-0000-0000-0000-000000000000},1900,-,{fda94052-5685-658d-7602-000000000b00},7044,5192,Microsoft® Windows® Operating System,,,,"
      
            
      ",-,2023-12-28T11:05:41.5131998Z,,Process Create (rule: ProcessCreate),0,6672,NT AUTHORITY\SYSTEM,S-1-5-18,2023-12-28 11:05:41.511,5,"<Event xmlns=""http://schemas.microsoft.com/win/2004/08/events/event"">
    
        
    <System>
      
            
      <Provider Name=""Microsoft-Windows-Sysmon"" Guid=""{5770385f-c22a-43e0-bf4c-06f5698ffbd9}""/>
      
            
      <EventID>1</EventID>
      
            
      <Version>5</Version>
      
            
      <Level>4</Level>
      
            
      <Task>1</Task>
      
            
      <Opcode>0</Opcode>
      
            
      <Keywords>0x8000000000000000</Keywords>
      
            
      <TimeCreated SystemTime=""2023-12-28T11:05:41.5131998Z""/>
      
            
      <EventRecordID>9501</EventRecordID>
      
            
      <Correlation/>
      
            
      <Execution ProcessID=""7044"" ThreadID=""6672""/>
      
            
      <Channel>Microsoft-Windows-Sysmon/Operational</Channel>
      
            
      <Computer>WinDev2309Eval</Computer>
      
            
      <Security UserID=""S-1-5-18""/>
      
        
    </System>
    
        
    <EventData>
      
            
      <Data Name=""RuleName"">-</Data>
      
            
      <Data Name=""UtcTime"">2023-12-28 11:05:41.511</Data>
      
            
      <Data Name=""ProcessGuid"">{fda94052-5685-658d-7602-000000000b00}</Data>
      
            
      <Data Name=""ProcessId"">5192</Data>
      
            
      <Data Name=""Image"">C:\Windows\System32\taskhostw.exe</Data>
      
            
      <Data Name=""FileVersion"">10.0.22621.1635 (WinBuild.160101.0800)</Data>
      
            
      <Data Name=""Description"">Host Process for Windows Tasks</Data>
      
            
      <Data Name=""Product"">Microsoft&#174; Windows&#174; Operating System</Data>
      
            
      <Data Name=""Company"">Microsoft Corporation</Data>
      
            
      <Data Name=""OriginalFileName"">taskhostw.exe</Data>
      
            
      <Data Name=""CommandLine"">taskhostw.exe -RegisterDevice -ProtectionStateChanged
                -FreeNetworkOnly</Data>
      
            
      <Data Name=""CurrentDirectory"">C:\Windows\system32\</Data>
      
            
      <Data Name=""User"">NT AUTHORITY\SYSTEM</Data>
      
            
      <Data Name=""LogonGuid"">{fda94052-34eb-658d-e703-000000000000}</Data>
      
            
      <Data Name=""LogonId"">0x3e7</Data>
      
            
      <Data Name=""TerminalSessionId"">0</Data>
      
            
      <Data Name=""IntegrityLevel"">System</Data>
      
            
      <Data Name=""Hashes"">
                MD5=4887A65FD4F6598AF4986CBC1C0E5488,SHA256=82472A84BCBB4009ADD338200F8E853FE4C5EAFE2E2C3A2D711B85BF29B72D54,IMPHASH=1C4E2D9936E4D9F2490B08AAB4D24260</Data>
      
            
      <Data Name=""ParentProcessGuid"">{00000000-0000-0000-0000-000000000000}</Data>
      
            
      <Data Name=""ParentProcessId"">1900</Data>
      
            
      <Data Name=""ParentImage"">-</Data>
      
            
      <Data Name=""ParentCommandLine"">-</Data>
      
            
      <Data Name=""ParentUser"">-</Data>
      
        
    </EventData>
    
        
    <RenderingInfo Culture=""en-US"">
      
            
      <Message>Process Create:

RuleName: -

UtcTime: 2023-12-28
                11:05:41.511

ProcessGuid:
                {fda94052-5685-658d-7602-000000000b00}

ProcessId: 5192

Image:
                C:\Windows\System32\taskhostw.exe

FileVersion: 10.0.22621.1635
                (WinBuild.160101.0800)

Description: Host Process for Windows
                Tasks

Product: Microsoft&#174; Windows&#174; Operating System

Company:
                Microsoft Corporation

OriginalFileName: taskhostw.exe

CommandLine:
                taskhostw.exe -RegisterDevice -ProtectionStateChanged
                -FreeNetworkOnly

CurrentDirectory: C:\Windows\system32\

User: NT
                AUTHORITY\SYSTEM

LogonGuid:
                {fda94052-34eb-658d-e703-000000000000}

LogonId:
                0x3E7

TerminalSessionId: 0

IntegrityLevel: System

Hashes:
                MD5=4887A65FD4F6598AF4986CBC1C0E5488,SHA256=82472A84BCBB4009ADD338200F8E853FE4C5EAFE2E2C3A2D711B85BF29B72D54,IMPHASH=1C4E2D9936E4D9F2490B08AAB4D24260

ParentProcessGuid:
                {00000000-0000-0000-0000-000000000000}

ParentProcessId:
                1900

ParentImage: -

ParentCommandLine: -

ParentUser: -</Message>
      
            
      <Level>Information</Level>
      
            
      <Task>Process Create (rule: ProcessCreate)</Task>
      
            
      <Opcode>Info</Opcode>
      
        
    </RenderingInfo>
    
    
  </Event>
  
    
  
"
Microsoft-Windows-Sysmon/Operational,,,WinDev2309Eval,2023-12-28 11:05:41.381,,,11,9500,,,C:\Windows\System32\WindowsPowerShell\v1.0\powershell.exe,,0x8000000000000000,Information,,,"File created:

RuleName: -

UtcTime: 2023-12-28
                11:05:41.381

ProcessGuid:
                {fda94052-5685-658d-7402-000000000b00}

ProcessId: 5776

Image:
                C:\Windows\System32\WindowsPowerShell\v1.0\powershell.exe

TargetFilename:
                C:\Users\User\AppData\Local\Temp\__PSScriptPolicyTest_muna5dnw.fli.ps1

CreationUtcTime:
                2023-12-28 11:05:41.381

User: WINDEV2309EVAL\User",Info,,,,,,,{fda94052-5685-658d-7402-000000000b00},7044,5776,,,,,"
      
            
      ",-,2023-12-28T11:05:41.3840646Z,"
                C:\Users\User\AppData\Local\Temp\__PSScriptPolicyTest_muna5dnw.fli.ps1",File created (rule: FileCreate),,6672,WINDEV2309EVAL\User,S-1-5-18,2023-12-28 11:05:41.381,2,"<Event xmlns=""http://schemas.microsoft.com/win/2004/08/events/event"">
    
        
    <System>
      
            
      <Provider Name=""Microsoft-Windows-Sysmon"" Guid=""{5770385f-c22a-43e0-bf4c-06f5698ffbd9}""/>
      
            
      <EventID>11</EventID>
      
            
      <Version>2</Version>
      
            
      <Level>4</Level>
      
            
      <Task>11</Task>
      
            
      <Opcode>0</Opcode>
      
            
      <Keywords>0x8000000000000000</Keywords>
      
            
      <TimeCreated SystemTime=""2023-12-28T11:05:41.3840646Z""/>
      
            
      <EventRecordID>9500</EventRecordID>
      
            
      <Correlation/>
      
            
      <Execution ProcessID=""7044"" ThreadID=""6672""/>
      
            
      <Channel>Microsoft-Windows-Sysmon/Operational</Channel>
      
            
      <Computer>WinDev2309Eval</Computer>
      
            
      <Security UserID=""S-1-5-18""/>
      
        
    </System>
    
        
    <EventData>
      
            
      <Data Name=""RuleName"">-</Data>
      
            
      <Data Name=""UtcTime"">2023-12-28 11:05:41.381</Data>
      
            
      <Data Name=""ProcessGuid"">{fda94052-5685-658d-7402-000000000b00}</Data>
      
            
      <Data Name=""ProcessId"">5776</Data>
      
            
      <Data Name=""Image"">C:\Windows\System32\WindowsPowerShell\v1.0\powershell.exe</Data>
      
            
      <Data Name=""TargetFilename"">
                C:\Users\User\AppData\Local\Temp\__PSScriptPolicyTest_muna5dnw.fli.ps1</Data>
      
            
      <Data Name=""CreationUtcTime"">2023-12-28 11:05:41.381</Data>
      
            
      <Data Name=""User"">WINDEV2309EVAL\User</Data>
      
        
    </EventData>
    
        
    <RenderingInfo Culture=""en-US"">
      
            
      <Message>File created:

RuleName: -

UtcTime: 2023-12-28
                11:05:41.381

ProcessGuid:
                {fda94052-5685-658d-7402-000000000b00}

ProcessId: 5776

Image:
                C:\Windows\System32\WindowsPowerShell\v1.0\powershell.exe

TargetFilename:
                C:\Users\User\AppData\Local\Temp\__PSScriptPolicyTest_muna5dnw.fli.ps1

CreationUtcTime:
                2023-12-28 11:05:41.381

User: WINDEV2309EVAL\User</Message>
      
            
      <Level>Information</Level>
      
            
      <Task>File created (rule: FileCreate)</Task>
      
            
      <Opcode>Info</Opcode>
      
        
    </RenderingInfo>
    
    
  </Event>
  
    
  
"
Microsoft-Windows-Sysmon/Operational,"""powershell.exe"" &
                {$archive=\""""$env:PUBLIC\T1649\atomic_certs.zip\""""
                $exfilpath=\""""$env:PUBLIC\T1649\certs\""""
                Add-Type -assembly \""""system.io.compression.filesystem\""""
                Remove-Item $(split-path $exfilpath) -Recurse -Force -ErrorAction Ignore
                mkdir $exfilpath | Out-Null
                foreach ($cert in (gci Cert:\CurrentUser\My)) { Export-Certificate -Cert $cert
                -FilePath $exfilpath\$($cert.FriendlyName).cer}
                [io.compression.zipfile]::CreateFromDirectory($exfilpath, $archive)}",Microsoft Corporation,WinDev2309Eval,,C:\Users\User\AppData\Local\Temp\,Windows PowerShell,1,9499,10.0.22621.2215 (WinBuild.160101.0800),"
                MD5=824B9F337E68DD8C117595071AC11E23,SHA256=17083405E7DECB3DDEF837C2FA599293A4E8133736969DFD5CE92EF15608A587,IMPHASH=51B0FFFA02CA6C1B85189E2E6C139F36",C:\Windows\System32\WindowsPowerShell\v1.0\powershell.exe,Medium,0x8000000000000000,Information,{fda94052-3502-658d-b367-080000000000},0x867b3,"Process Create:

RuleName: -

UtcTime: 2023-12-28
                11:05:41.222

ProcessGuid:
                {fda94052-5685-658d-7402-000000000b00}

ProcessId: 5776

Image:
                C:\Windows\System32\WindowsPowerShell\v1.0\powershell.exe

FileVersion:
                10.0.22621.2215 (WinBuild.160101.0800)

Description: Windows
                PowerShell

Product: Microsoft® Windows® Operating System

Company:
                Microsoft Corporation

OriginalFileName:
                PowerShell.EXE

CommandLine: ""powershell.exe"" &
                {$archive=\""""$env:PUBLIC\T1649\atomic_certs.zip\""""
$exfilpath=\""""$env:PUBLIC\T1649\certs\""""
Add-Type
                -assembly \""""system.io.compression.filesystem\""""
Remove-Item $(split-path
                $exfilpath) -Recurse -Force -ErrorAction Ignore
mkdir $exfilpath |
                Out-Null
foreach ($cert in (gci Cert:\CurrentUser\My)) { Export-Certificate
                -Cert $cert -FilePath
                $exfilpath\$($cert.FriendlyName).cer}
[io.compression.zipfile]::CreateFromDirectory($exfilpath,
                $archive)}

CurrentDirectory:
                C:\Users\User\AppData\Local\Temp\

User:
                WINDEV2309EVAL\User

LogonGuid:
                {fda94052-3502-658d-b367-080000000000}

LogonId:
                0x867B3

TerminalSessionId: 1

IntegrityLevel:
                Medium

Hashes:
                MD5=824B9F337E68DD8C117595071AC11E23,SHA256=17083405E7DECB3DDEF837C2FA599293A4E8133736969DFD5CE92EF15608A587,IMPHASH=51B0FFFA02CA6C1B85189E2E6C139F36

ParentProcessGuid:
                {fda94052-b87a-658c-2702-000000000b00}

ParentProcessId:
                5076

ParentImage:
                C:\Windows\System32\WindowsPowerShell\v1.0\powershell.exe

ParentCommandLine:
                ""C:\Windows\System32\WindowsPowerShell\v1.0\powershell.exe"" -exec
                bypass

ParentUser: WINDEV2309EVAL\User",Info,PowerShell.EXE,"""C:\Windows\System32\WindowsPowerShell\v1.0\powershell.exe""
                -exec bypass",C:\Windows\System32\WindowsPowerShell\v1.0\powershell.exe,{fda94052-b87a-658c-2702-000000000b00},5076,WINDEV2309EVAL\User,{fda94052-5685-658d-7402-000000000b00},7044,5776,Microsoft® Windows® Operating System,,,,"
      
            
      ",-,2023-12-28T11:05:41.2239835Z,,Process Create (rule: ProcessCreate),1,6672,WINDEV2309EVAL\User,S-1-5-18,2023-12-28 11:05:41.222,5,"<Event xmlns=""http://schemas.microsoft.com/win/2004/08/events/event"">
    
        
    <System>
      
            
      <Provider Name=""Microsoft-Windows-Sysmon"" Guid=""{5770385f-c22a-43e0-bf4c-06f5698ffbd9}""/>
      
            
      <EventID>1</EventID>
      
            
      <Version>5</Version>
      
            
      <Level>4</Level>
      
            
      <Task>1</Task>
      
            
      <Opcode>0</Opcode>
      
            
      <Keywords>0x8000000000000000</Keywords>
      
            
      <TimeCreated SystemTime=""2023-12-28T11:05:41.2239835Z""/>
      
            
      <EventRecordID>9499</EventRecordID>
      
            
      <Correlation/>
      
            
      <Execution ProcessID=""7044"" ThreadID=""6672""/>
      
            
      <Channel>Microsoft-Windows-Sysmon/Operational</Channel>
      
            
      <Computer>WinDev2309Eval</Computer>
      
            
      <Security UserID=""S-1-5-18""/>
      
        
    </System>
    
        
    <EventData>
      
            
      <Data Name=""RuleName"">-</Data>
      
            
      <Data Name=""UtcTime"">2023-12-28 11:05:41.222</Data>
      
            
      <Data Name=""ProcessGuid"">{fda94052-5685-658d-7402-000000000b00}</Data>
      
            
      <Data Name=""ProcessId"">5776</Data>
      
            
      <Data Name=""Image"">C:\Windows\System32\WindowsPowerShell\v1.0\powershell.exe</Data>
      
            
      <Data Name=""FileVersion"">10.0.22621.2215 (WinBuild.160101.0800)</Data>
      
            
      <Data Name=""Description"">Windows PowerShell</Data>
      
            
      <Data Name=""Product"">Microsoft&#174; Windows&#174; Operating System</Data>
      
            
      <Data Name=""Company"">Microsoft Corporation</Data>
      
            
      <Data Name=""OriginalFileName"">PowerShell.EXE</Data>
      
            
      <Data Name=""CommandLine"">""powershell.exe"" &amp;
                {$archive=\""""$env:PUBLIC\T1649\atomic_certs.zip\""""
                $exfilpath=\""""$env:PUBLIC\T1649\certs\""""
                Add-Type -assembly \""""system.io.compression.filesystem\""""
                Remove-Item $(split-path $exfilpath) -Recurse -Force -ErrorAction Ignore
                mkdir $exfilpath | Out-Null
                foreach ($cert in (gci Cert:\CurrentUser\My)) { Export-Certificate -Cert $cert
                -FilePath $exfilpath\$($cert.FriendlyName).cer}
                [io.compression.zipfile]::CreateFromDirectory($exfilpath, $archive)}</Data>
      
            
      <Data Name=""CurrentDirectory"">C:\Users\User\AppData\Local\Temp\</Data>
      
            
      <Data Name=""User"">WINDEV2309EVAL\User</Data>
      
            
      <Data Name=""LogonGuid"">{fda94052-3502-658d-b367-080000000000}</Data>
      
            
      <Data Name=""LogonId"">0x867b3</Data>
      
            
      <Data Name=""TerminalSessionId"">1</Data>
      
            
      <Data Name=""IntegrityLevel"">Medium</Data>
      
            
      <Data Name=""Hashes"">
                MD5=824B9F337E68DD8C117595071AC11E23,SHA256=17083405E7DECB3DDEF837C2FA599293A4E8133736969DFD5CE92EF15608A587,IMPHASH=51B0FFFA02CA6C1B85189E2E6C139F36</Data>
      
            
      <Data Name=""ParentProcessGuid"">{fda94052-b87a-658c-2702-000000000b00}</Data>
      
            
      <Data Name=""ParentProcessId"">5076</Data>
      
            
      <Data Name=""ParentImage"">C:\Windows\System32\WindowsPowerShell\v1.0\powershell.exe</Data>
      
            
      <Data Name=""ParentCommandLine"">""C:\Windows\System32\WindowsPowerShell\v1.0\powershell.exe""
                -exec bypass</Data>
      
            
      <Data Name=""ParentUser"">WINDEV2309EVAL\User</Data>
      
        
    </EventData>
    
        
    <RenderingInfo Culture=""en-US"">
      
            
      <Message>Process Create:

RuleName: -

UtcTime: 2023-12-28
                11:05:41.222

ProcessGuid:
                {fda94052-5685-658d-7402-000000000b00}

ProcessId: 5776

Image:
                C:\Windows\System32\WindowsPowerShell\v1.0\powershell.exe

FileVersion:
                10.0.22621.2215 (WinBuild.160101.0800)

Description: Windows
                PowerShell

Product: Microsoft&#174; Windows&#174; Operating System

Company:
                Microsoft Corporation

OriginalFileName:
                PowerShell.EXE

CommandLine: ""powershell.exe"" &amp;
                {$archive=\""""$env:PUBLIC\T1649\atomic_certs.zip\""""
$exfilpath=\""""$env:PUBLIC\T1649\certs\""""
Add-Type
                -assembly \""""system.io.compression.filesystem\""""
Remove-Item $(split-path
                $exfilpath) -Recurse -Force -ErrorAction Ignore
mkdir $exfilpath |
                Out-Null
foreach ($cert in (gci Cert:\CurrentUser\My)) { Export-Certificate
                -Cert $cert -FilePath
                $exfilpath\$($cert.FriendlyName).cer}
[io.compression.zipfile]::CreateFromDirectory($exfilpath,
                $archive)}

CurrentDirectory:
                C:\Users\User\AppData\Local\Temp\

User:
                WINDEV2309EVAL\User

LogonGuid:
                {fda94052-3502-658d-b367-080000000000}

LogonId:
                0x867B3

TerminalSessionId: 1

IntegrityLevel:
                Medium

Hashes:
                MD5=824B9F337E68DD8C117595071AC11E23,SHA256=17083405E7DECB3DDEF837C2FA599293A4E8133736969DFD5CE92EF15608A587,IMPHASH=51B0FFFA02CA6C1B85189E2E6C139F36

ParentProcessGuid:
                {fda94052-b87a-658c-2702-000000000b00}

ParentProcessId:
                5076

ParentImage:
                C:\Windows\System32\WindowsPowerShell\v1.0\powershell.exe

ParentCommandLine:
                ""C:\Windows\System32\WindowsPowerShell\v1.0\powershell.exe"" -exec
                bypass

ParentUser: WINDEV2309EVAL\User</Message>
      
            
      <Level>Information</Level>
      
            
      <Task>Process Create (rule: ProcessCreate)</Task>
      
            
      <Opcode>Info</Opcode>
      
        
    </RenderingInfo>
    
    
  </Event>
  
    
  
"
Microsoft-Windows-Sysmon/Operational,"""C:\Windows\system32\whoami.exe""",Microsoft Corporation,WinDev2309Eval,,C:\Users\User\,whoami - displays logged on user information,1,9498,10.0.22621.1 (WinBuild.160101.0800),"
                MD5=E0F37DB23E4F3163159A815610DF8CF2,SHA256=574BC2A2995FE2B1F732CCD39F2D99460ACE980AF29EFDF1EB0D3E888BE7D6F0,IMPHASH=62935820E434AF643547B7F5F5BD0292",C:\Windows\System32\whoami.exe,Medium,0x8000000000000000,Information,{fda94052-3502-658d-b367-080000000000},0x867b3,"Process Create:

RuleName: -

UtcTime: 2023-12-28
                11:05:40.267

ProcessGuid:
                {fda94052-5684-658d-7302-000000000b00}

ProcessId: 7176

Image:
                C:\Windows\System32\whoami.exe

FileVersion: 10.0.22621.1
                (WinBuild.160101.0800)

Description: whoami - displays logged on user
                information

Product: Microsoft® Windows® Operating System

Company:
                Microsoft Corporation

OriginalFileName: whoami.exe

CommandLine:
                ""C:\Windows\system32\whoami.exe""

CurrentDirectory:
                C:\Users\User\

User: WINDEV2309EVAL\User

LogonGuid:
                {fda94052-3502-658d-b367-080000000000}

LogonId:
                0x867B3

TerminalSessionId: 1

IntegrityLevel:
                Medium

Hashes:
                MD5=E0F37DB23E4F3163159A815610DF8CF2,SHA256=574BC2A2995FE2B1F732CCD39F2D99460ACE980AF29EFDF1EB0D3E888BE7D6F0,IMPHASH=62935820E434AF643547B7F5F5BD0292

ParentProcessGuid:
                {fda94052-b87a-658c-2702-000000000b00}

ParentProcessId:
                5076

ParentImage:
                C:\Windows\System32\WindowsPowerShell\v1.0\powershell.exe

ParentCommandLine:
                ""C:\Windows\System32\WindowsPowerShell\v1.0\powershell.exe"" -exec
                bypass

ParentUser: WINDEV2309EVAL\User",Info,whoami.exe,"""C:\Windows\System32\WindowsPowerShell\v1.0\powershell.exe""
                -exec bypass",C:\Windows\System32\WindowsPowerShell\v1.0\powershell.exe,{fda94052-b87a-658c-2702-000000000b00},5076,WINDEV2309EVAL\User,{fda94052-5684-658d-7302-000000000b00},7044,7176,Microsoft® Windows® Operating System,,,,"
      
            
      ",-,2023-12-28T11:05:40.2702423Z,,Process Create (rule: ProcessCreate),1,6672,WINDEV2309EVAL\User,S-1-5-18,2023-12-28 11:05:40.267,5,"<Event xmlns=""http://schemas.microsoft.com/win/2004/08/events/event"">
    
        
    <System>
      
            
      <Provider Name=""Microsoft-Windows-Sysmon"" Guid=""{5770385f-c22a-43e0-bf4c-06f5698ffbd9}""/>
      
            
      <EventID>1</EventID>
      
            
      <Version>5</Version>
      
            
      <Level>4</Level>
      
            
      <Task>1</Task>
      
            
      <Opcode>0</Opcode>
      
            
      <Keywords>0x8000000000000000</Keywords>
      
            
      <TimeCreated SystemTime=""2023-12-28T11:05:40.2702423Z""/>
      
            
      <EventRecordID>9498</EventRecordID>
      
            
      <Correlation/>
      
            
      <Execution ProcessID=""7044"" ThreadID=""6672""/>
      
            
      <Channel>Microsoft-Windows-Sysmon/Operational</Channel>
      
            
      <Computer>WinDev2309Eval</Computer>
      
            
      <Security UserID=""S-1-5-18""/>
      
        
    </System>
    
        
    <EventData>
      
            
      <Data Name=""RuleName"">-</Data>
      
            
      <Data Name=""UtcTime"">2023-12-28 11:05:40.267</Data>
      
            
      <Data Name=""ProcessGuid"">{fda94052-5684-658d-7302-000000000b00}</Data>
      
            
      <Data Name=""ProcessId"">7176</Data>
      
            
      <Data Name=""Image"">C:\Windows\System32\whoami.exe</Data>
      
            
      <Data Name=""FileVersion"">10.0.22621.1 (WinBuild.160101.0800)</Data>
      
            
      <Data Name=""Description"">whoami - displays logged on user information</Data>
      
            
      <Data Name=""Product"">Microsoft&#174; Windows&#174; Operating System</Data>
      
            
      <Data Name=""Company"">Microsoft Corporation</Data>
      
            
      <Data Name=""OriginalFileName"">whoami.exe</Data>
      
            
      <Data Name=""CommandLine"">""C:\Windows\system32\whoami.exe""</Data>
      
            
      <Data Name=""CurrentDirectory"">C:\Users\User\</Data>
      
            
      <Data Name=""User"">WINDEV2309EVAL\User</Data>
      
            
      <Data Name=""LogonGuid"">{fda94052-3502-658d-b367-080000000000}</Data>
      
            
      <Data Name=""LogonId"">0x867b3</Data>
      
            
      <Data Name=""TerminalSessionId"">1</Data>
      
            
      <Data Name=""IntegrityLevel"">Medium</Data>
      
            
      <Data Name=""Hashes"">
                MD5=E0F37DB23E4F3163159A815610DF8CF2,SHA256=574BC2A2995FE2B1F732CCD39F2D99460ACE980AF29EFDF1EB0D3E888BE7D6F0,IMPHASH=62935820E434AF643547B7F5F5BD0292</Data>
      
            
      <Data Name=""ParentProcessGuid"">{fda94052-b87a-658c-2702-000000000b00}</Data>
      
            
      <Data Name=""ParentProcessId"">5076</Data>
      
            
      <Data Name=""ParentImage"">C:\Windows\System32\WindowsPowerShell\v1.0\powershell.exe</Data>
      
            
      <Data Name=""ParentCommandLine"">""C:\Windows\System32\WindowsPowerShell\v1.0\powershell.exe""
                -exec bypass</Data>
      
            
      <Data Name=""ParentUser"">WINDEV2309EVAL\User</Data>
      
        
    </EventData>
    
        
    <RenderingInfo Culture=""en-US"">
      
            
      <Message>Process Create:

RuleName: -

UtcTime: 2023-12-28
                11:05:40.267

ProcessGuid:
                {fda94052-5684-658d-7302-000000000b00}

ProcessId: 7176

Image:
                C:\Windows\System32\whoami.exe

FileVersion: 10.0.22621.1
                (WinBuild.160101.0800)

Description: whoami - displays logged on user
                information

Product: Microsoft&#174; Windows&#174; Operating System

Company:
                Microsoft Corporation

OriginalFileName: whoami.exe

CommandLine:
                ""C:\Windows\system32\whoami.exe""

CurrentDirectory:
                C:\Users\User\

User: WINDEV2309EVAL\User

LogonGuid:
                {fda94052-3502-658d-b367-080000000000}

LogonId:
                0x867B3

TerminalSessionId: 1

IntegrityLevel:
                Medium

Hashes:
                MD5=E0F37DB23E4F3163159A815610DF8CF2,SHA256=574BC2A2995FE2B1F732CCD39F2D99460ACE980AF29EFDF1EB0D3E888BE7D6F0,IMPHASH=62935820E434AF643547B7F5F5BD0292

ParentProcessGuid:
                {fda94052-b87a-658c-2702-000000000b00}

ParentProcessId:
                5076

ParentImage:
                C:\Windows\System32\WindowsPowerShell\v1.0\powershell.exe

ParentCommandLine:
                ""C:\Windows\System32\WindowsPowerShell\v1.0\powershell.exe"" -exec
                bypass

ParentUser: WINDEV2309EVAL\User</Message>
      
            
      <Level>Information</Level>
      
            
      <Task>Process Create (rule: ProcessCreate)</Task>
      
            
      <Opcode>Info</Opcode>
      
        
    </RenderingInfo>
    
    
  </Event>
  
    
  
"
